   Build using "C:/Xilinx/Vivado/2019.2/tps/win64/msys64/mingw64/bin/g++"
   Compiling apatb_pqcrystals_dilithium2_ref.cpp
   Compiling (apcc) rounding.c_pre.c.tb.c
INFO: [HLS 200-10] Running 'C:/Xilinx/Vivado/2019.2/bin/unwrapped/win64.o/apcc.exe'
INFO: [HLS 200-10] For user 'Hp' on host 'thakur' (Windows NT_amd64 version 6.2) on Thu Apr 13 22:54:22 +0530 2023
INFO: [HLS 200-10] In directory 'C:/Users/Hp/Desktop/IITG/MTech_Course_2_Sem/C_BASED_VLSI/AssignmentPhase_2_Latency/Phase2/Latency/sim/wrapc'
clang: warning: argument unused during compilation: '-fno-builtin-isinf'
clang: warning: argument unused during compilation: '-fno-builtin-isnan'
INFO: [APCC 202-3] Tmp directory is apcc_db
INFO: [APCC 202-1] APCC is done.
   Compiling (apcc) symmetric-aes.c_pre.c.tb.c
INFO: [HLS 200-10] Running 'C:/Xilinx/Vivado/2019.2/bin/unwrapped/win64.o/apcc.exe'
INFO: [HLS 200-10] For user 'Hp' on host 'thakur' (Windows NT_amd64 version 6.2) on Thu Apr 13 22:54:37 +0530 2023
INFO: [HLS 200-10] In directory 'C:/Users/Hp/Desktop/IITG/MTech_Course_2_Sem/C_BASED_VLSI/AssignmentPhase_2_Latency/Phase2/Latency/sim/wrapc'
clang: warning: argument unused during compilation: '-fno-builtin-isinf'
clang: warning: argument unused during compilation: '-fno-builtin-isnan'
INFO: [APCC 202-3] Tmp directory is apcc_db
INFO: [APCC 202-1] APCC is done.
   Compiling (apcc) aes256ctr.c_pre.c.tb.c
INFO: [HLS 200-10] Running 'C:/Xilinx/Vivado/2019.2/bin/unwrapped/win64.o/apcc.exe'
INFO: [HLS 200-10] For user 'Hp' on host 'thakur' (Windows NT_amd64 version 6.2) on Thu Apr 13 22:54:50 +0530 2023
INFO: [HLS 200-10] In directory 'C:/Users/Hp/Desktop/IITG/MTech_Course_2_Sem/C_BASED_VLSI/AssignmentPhase_2_Latency/Phase2/Latency/sim/wrapc'
clang: warning: argument unused during compilation: '-fno-builtin-isinf'
clang: warning: argument unused during compilation: '-fno-builtin-isnan'
INFO: [APCC 202-3] Tmp directory is apcc_db
INFO: [APCC 202-1] APCC is done.
   Compiling (apcc) aes.c_pre.c.tb.c
INFO: [HLS 200-10] Running 'C:/Xilinx/Vivado/2019.2/bin/unwrapped/win64.o/apcc.exe'
INFO: [HLS 200-10] For user 'Hp' on host 'thakur' (Windows NT_amd64 version 6.2) on Thu Apr 13 22:55:04 +0530 2023
INFO: [HLS 200-10] In directory 'C:/Users/Hp/Desktop/IITG/MTech_Course_2_Sem/C_BASED_VLSI/AssignmentPhase_2_Latency/Phase2/Latency/sim/wrapc'
clang: warning: argument unused during compilation: '-fno-builtin-isinf'
clang: warning: argument unused during compilation: '-fno-builtin-isnan'
INFO: [APCC 202-3] Tmp directory is apcc_db
INFO: [APCC 202-1] APCC is done.
   Compiling (apcc) packing.c_pre.c.tb.c
INFO: [HLS 200-10] Running 'C:/Xilinx/Vivado/2019.2/bin/unwrapped/win64.o/apcc.exe'
INFO: [HLS 200-10] For user 'Hp' on host 'thakur' (Windows NT_amd64 version 6.2) on Thu Apr 13 22:55:19 +0530 2023
INFO: [HLS 200-10] In directory 'C:/Users/Hp/Desktop/IITG/MTech_Course_2_Sem/C_BASED_VLSI/AssignmentPhase_2_Latency/Phase2/Latency/sim/wrapc'
clang: warning: argument unused during compilation: '-fno-builtin-isinf'
clang: warning: argument unused during compilation: '-fno-builtin-isnan'
INFO: [APCC 202-3] Tmp directory is apcc_db
INFO: [APCC 202-1] APCC is done.
   Compiling (apcc) sign.c_pre.c.tb.c
INFO: [HLS 200-10] Running 'C:/Xilinx/Vivado/2019.2/bin/unwrapped/win64.o/apcc.exe'
INFO: [HLS 200-10] For user 'Hp' on host 'thakur' (Windows NT_amd64 version 6.2) on Thu Apr 13 22:55:32 +0530 2023
INFO: [HLS 200-10] In directory 'C:/Users/Hp/Desktop/IITG/MTech_Course_2_Sem/C_BASED_VLSI/AssignmentPhase_2_Latency/Phase2/Latency/sim/wrapc'
clang: warning: argument unused during compilation: '-fno-builtin-isinf'
clang: warning: argument unused during compilation: '-fno-builtin-isnan'
INFO: [APCC 202-3] Tmp directory is apcc_db
INFO: [APCC 202-1] APCC is done.
   Compiling (apcc) poly.c_pre.c.tb.c
INFO: [HLS 200-10] Running 'C:/Xilinx/Vivado/2019.2/bin/unwrapped/win64.o/apcc.exe'
INFO: [HLS 200-10] For user 'Hp' on host 'thakur' (Windows NT_amd64 version 6.2) on Thu Apr 13 22:55:45 +0530 2023
INFO: [HLS 200-10] In directory 'C:/Users/Hp/Desktop/IITG/MTech_Course_2_Sem/C_BASED_VLSI/AssignmentPhase_2_Latency/Phase2/Latency/sim/wrapc'
clang: warning: argument unused during compilation: '-fno-builtin-isinf'
clang: warning: argument unused during compilation: '-fno-builtin-isnan'
INFO: [APCC 202-3] Tmp directory is apcc_db
INFO: [APCC 202-1] APCC is done.
   Compiling (apcc) rng.c_pre.c.tb.c
INFO: [HLS 200-10] Running 'C:/Xilinx/Vivado/2019.2/bin/unwrapped/win64.o/apcc.exe'
INFO: [HLS 200-10] For user 'Hp' on host 'thakur' (Windows NT_amd64 version 6.2) on Thu Apr 13 22:56:00 +0530 2023
INFO: [HLS 200-10] In directory 'C:/Users/Hp/Desktop/IITG/MTech_Course_2_Sem/C_BASED_VLSI/AssignmentPhase_2_Latency/Phase2/Latency/sim/wrapc'
clang: warning: argument unused during compilation: '-fno-builtin-isinf'
clang: warning: argument unused during compilation: '-fno-builtin-isnan'
INFO: [APCC 202-3] Tmp directory is apcc_db
INFO: [APCC 202-1] APCC is done.
   Compiling (apcc) reduce.c_pre.c.tb.c
INFO: [HLS 200-10] Running 'C:/Xilinx/Vivado/2019.2/bin/unwrapped/win64.o/apcc.exe'
INFO: [HLS 200-10] For user 'Hp' on host 'thakur' (Windows NT_amd64 version 6.2) on Thu Apr 13 22:56:12 +0530 2023
INFO: [HLS 200-10] In directory 'C:/Users/Hp/Desktop/IITG/MTech_Course_2_Sem/C_BASED_VLSI/AssignmentPhase_2_Latency/Phase2/Latency/sim/wrapc'
clang: warning: argument unused during compilation: '-fno-builtin-isinf'
clang: warning: argument unused during compilation: '-fno-builtin-isnan'
INFO: [APCC 202-3] Tmp directory is apcc_db
INFO: [APCC 202-1] APCC is done.
   Compiling (apcc) ntt.c_pre.c.tb.c
INFO: [HLS 200-10] Running 'C:/Xilinx/Vivado/2019.2/bin/unwrapped/win64.o/apcc.exe'
INFO: [HLS 200-10] For user 'Hp' on host 'thakur' (Windows NT_amd64 version 6.2) on Thu Apr 13 22:56:24 +0530 2023
INFO: [HLS 200-10] In directory 'C:/Users/Hp/Desktop/IITG/MTech_Course_2_Sem/C_BASED_VLSI/AssignmentPhase_2_Latency/Phase2/Latency/sim/wrapc'
clang: warning: argument unused during compilation: '-fno-builtin-isinf'
clang: warning: argument unused during compilation: '-fno-builtin-isnan'
INFO: [APCC 202-3] Tmp directory is apcc_db
INFO: [APCC 202-1] APCC is done.
   Compiling (apcc) PQCgenKAT_sign.c_pre.c.tb.c
INFO: [HLS 200-10] Running 'C:/Xilinx/Vivado/2019.2/bin/unwrapped/win64.o/apcc.exe'
INFO: [HLS 200-10] For user 'Hp' on host 'thakur' (Windows NT_amd64 version 6.2) on Thu Apr 13 22:56:36 +0530 2023
INFO: [HLS 200-10] In directory 'C:/Users/Hp/Desktop/IITG/MTech_Course_2_Sem/C_BASED_VLSI/AssignmentPhase_2_Latency/Phase2/Latency/sim/wrapc'
clang: warning: argument unused during compilation: '-fno-builtin-isinf'
clang: warning: argument unused during compilation: '-fno-builtin-isnan'
INFO: [APCC 202-3] Tmp directory is apcc_db
INFO: [APCC 202-1] APCC is done.
   Compiling (apcc) fips202.c_pre.c.tb.c
INFO: [HLS 200-10] Running 'C:/Xilinx/Vivado/2019.2/bin/unwrapped/win64.o/apcc.exe'
INFO: [HLS 200-10] For user 'Hp' on host 'thakur' (Windows NT_amd64 version 6.2) on Thu Apr 13 22:56:49 +0530 2023
INFO: [HLS 200-10] In directory 'C:/Users/Hp/Desktop/IITG/MTech_Course_2_Sem/C_BASED_VLSI/AssignmentPhase_2_Latency/Phase2/Latency/sim/wrapc'
clang: warning: argument unused during compilation: '-fno-builtin-isinf'
clang: warning: argument unused during compilation: '-fno-builtin-isnan'
INFO: [APCC 202-3] Tmp directory is apcc_db
INFO: [APCC 202-1] APCC is done.
   Compiling (apcc) polyvec.c_pre.c.tb.c
INFO: [HLS 200-10] Running 'C:/Xilinx/Vivado/2019.2/bin/unwrapped/win64.o/apcc.exe'
INFO: [HLS 200-10] For user 'Hp' on host 'thakur' (Windows NT_amd64 version 6.2) on Thu Apr 13 22:57:06 +0530 2023
INFO: [HLS 200-10] In directory 'C:/Users/Hp/Desktop/IITG/MTech_Course_2_Sem/C_BASED_VLSI/AssignmentPhase_2_Latency/Phase2/Latency/sim/wrapc'
clang: warning: argument unused during compilation: '-fno-builtin-isinf'
clang: warning: argument unused during compilation: '-fno-builtin-isnan'
INFO: [APCC 202-3] Tmp directory is apcc_db
INFO: [APCC 202-1] APCC is done.
   Compiling (apcc) symmetric-shake.c_pre.c.tb.c
INFO: [HLS 200-10] Running 'C:/Xilinx/Vivado/2019.2/bin/unwrapped/win64.o/apcc.exe'
INFO: [HLS 200-10] For user 'Hp' on host 'thakur' (Windows NT_amd64 version 6.2) on Thu Apr 13 22:57:19 +0530 2023
INFO: [HLS 200-10] In directory 'C:/Users/Hp/Desktop/IITG/MTech_Course_2_Sem/C_BASED_VLSI/AssignmentPhase_2_Latency/Phase2/Latency/sim/wrapc'
clang: warning: argument unused during compilation: '-fno-builtin-isinf'
clang: warning: argument unused during compilation: '-fno-builtin-isnan'
INFO: [APCC 202-3] Tmp directory is apcc_db
INFO: [APCC 202-1] APCC is done.
   Generating cosim.tv.exe
