

================================================================
== Vivado HLS Report for 'KeccakF1600_StatePer_1'
================================================================
* Date:           Thu Apr 13 00:00:15 2023

* Version:        2019.2 (Build 2704478 on Wed Nov 06 22:10:23 MST 2019)
* Project:        Phase2
* Solution:       Area
* Product family: artix7
* Target device:  xc7a200t-fbg676-2


================================================================
== Performance Estimates
================================================================
+ Timing: 
    * Summary: 
    +--------+----------+----------+------------+
    |  Clock |  Target  | Estimated| Uncertainty|
    +--------+----------+----------+------------+
    |ap_clk  | 10.00 ns | 6.812 ns |   1.25 ns  |
    +--------+----------+----------+------------+

+ Latency: 
    * Summary: 
    +---------+---------+----------+----------+-----+-----+---------+
    |  Latency (cycles) |  Latency (absolute) |  Interval | Pipeline|
    |   min   |   max   |    min   |    max   | min | max |   Type  |
    +---------+---------+----------+----------+-----+-----+---------+
    |       50|       50| 0.500 us | 0.500 us |   50|   50|   none  |
    +---------+---------+----------+----------+-----+-----+---------+

    + Detail: 
        * Instance: 
        N/A

        * Loop: 
        +----------+---------+---------+----------+-----------+-----------+------+----------+
        |          |  Latency (cycles) | Iteration|  Initiation Interval  | Trip |          |
        | Loop Name|   min   |   max   |  Latency |  achieved |   target  | Count| Pipelined|
        +----------+---------+---------+----------+-----------+-----------+------+----------+
        |- Loop 1  |       24|       24|         2|          -|          -|    12|    no    |
        +----------+---------+---------+----------+-----------+-----------+------+----------+



================================================================
== Utilization Estimates
================================================================
* Summary: 
+-----------------+---------+-------+--------+--------+-----+
|       Name      | BRAM_18K| DSP48E|   FF   |   LUT  | URAM|
+-----------------+---------+-------+--------+--------+-----+
|DSP              |        -|      -|       -|       -|    -|
|Expression       |        -|      -|       0|   16159|    -|
|FIFO             |        -|      -|       -|       -|    -|
|Instance         |        -|      -|       -|       -|    -|
|Memory           |        2|      -|       0|       0|    -|
|Multiplexer      |        -|      -|       -|     724|    -|
|Register         |        -|      -|    3110|       -|    -|
+-----------------+---------+-------+--------+--------+-----+
|Total            |        2|      0|    3110|   16883|    0|
+-----------------+---------+-------+--------+--------+-----+
|Available        |      730|    740|  269200|  134600|    0|
+-----------------+---------+-------+--------+--------+-----+
|Utilization (%)  |    ~0   |      0|       1|      12|    0|
+-----------------+---------+-------+--------+--------+-----+

+ Detail: 
    * Instance: 
    N/A

    * DSP48E: 
    N/A

    * Memory: 
    +------------------------+----------------------+---------+---+----+-----+------+-----+------+-------------+
    |         Memory         |        Module        | BRAM_18K| FF| LUT| URAM| Words| Bits| Banks| W*Bits*Banks|
    +------------------------+----------------------+---------+---+----+-----+------+-----+------+-------------+
    |KeccakF_RoundConstan_U  |KeccakF1600_Statebkb  |        2|  0|   0|    0|    24|   64|     1|         1536|
    +------------------------+----------------------+---------+---+----+-----+------+-----+------+-------------+
    |Total                   |                      |        2|  0|   0|    0|    24|   64|     1|         1536|
    +------------------------+----------------------+---------+---+----+-----+------+-----+------+-------------+

    * FIFO: 
    N/A

    * Expression: 
    +------------------------+----------+-------+---+-----+------------+------------+
    |      Variable Name     | Operation| DSP48E| FF| LUT | Bitwidth P0| Bitwidth P1|
    +------------------------+----------+-------+---+-----+------------+------------+
    |round_fu_777_p2         |     +    |      0|  0|   15|           2|           5|
    |and_ln157_fu_1157_p2    |    and   |      0|  0|   64|          64|          64|
    |and_ln159_fu_1181_p2    |    and   |      0|  0|   64|          64|          64|
    |and_ln160_fu_1199_p2    |    and   |      0|  0|   64|          64|          64|
    |and_ln161_fu_1217_p2    |    and   |      0|  0|   64|          64|          64|
    |and_ln162_fu_1235_p2    |    and   |      0|  0|   64|          64|          64|
    |and_ln174_fu_1393_p2    |    and   |      0|  0|   64|          64|          64|
    |and_ln175_fu_1411_p2    |    and   |      0|  0|   64|          64|          64|
    |and_ln176_fu_1429_p2    |    and   |      0|  0|   64|          64|          64|
    |and_ln177_fu_1447_p2    |    and   |      0|  0|   64|          64|          64|
    |and_ln178_fu_1465_p2    |    and   |      0|  0|   64|          64|          64|
    |and_ln190_fu_1621_p2    |    and   |      0|  0|   64|          64|          64|
    |and_ln191_fu_1639_p2    |    and   |      0|  0|   64|          64|          64|
    |and_ln192_fu_1657_p2    |    and   |      0|  0|   64|          64|          64|
    |and_ln193_fu_1675_p2    |    and   |      0|  0|   64|          64|          64|
    |and_ln194_fu_1693_p2    |    and   |      0|  0|   64|          64|          64|
    |and_ln206_fu_1851_p2    |    and   |      0|  0|   64|          64|          64|
    |and_ln207_fu_1869_p2    |    and   |      0|  0|   64|          64|          64|
    |and_ln208_fu_1887_p2    |    and   |      0|  0|   64|          64|          64|
    |and_ln209_fu_1905_p2    |    and   |      0|  0|   64|          64|          64|
    |and_ln210_fu_1923_p2    |    and   |      0|  0|   64|          64|          64|
    |and_ln222_fu_2081_p2    |    and   |      0|  0|   64|          64|          64|
    |and_ln223_fu_2099_p2    |    and   |      0|  0|   64|          64|          64|
    |and_ln224_fu_2117_p2    |    and   |      0|  0|   64|          64|          64|
    |and_ln225_fu_2135_p2    |    and   |      0|  0|   64|          64|          64|
    |and_ln226_fu_2153_p2    |    and   |      0|  0|   64|          64|          64|
    |and_ln252_fu_2539_p2    |    and   |      0|  0|   64|          64|          64|
    |and_ln254_fu_2563_p2    |    and   |      0|  0|   64|          64|          64|
    |and_ln255_fu_2581_p2    |    and   |      0|  0|   64|          64|          64|
    |and_ln256_fu_2599_p2    |    and   |      0|  0|   64|          64|          64|
    |and_ln257_fu_2617_p2    |    and   |      0|  0|   64|          64|          64|
    |and_ln269_fu_2775_p2    |    and   |      0|  0|   64|          64|          64|
    |and_ln270_fu_2793_p2    |    and   |      0|  0|   64|          64|          64|
    |and_ln271_fu_2811_p2    |    and   |      0|  0|   64|          64|          64|
    |and_ln272_fu_2829_p2    |    and   |      0|  0|   64|          64|          64|
    |and_ln273_fu_2847_p2    |    and   |      0|  0|   64|          64|          64|
    |and_ln285_fu_3003_p2    |    and   |      0|  0|   64|          64|          64|
    |and_ln286_fu_3021_p2    |    and   |      0|  0|   64|          64|          64|
    |and_ln287_fu_3039_p2    |    and   |      0|  0|   64|          64|          64|
    |and_ln288_fu_3057_p2    |    and   |      0|  0|   64|          64|          64|
    |and_ln289_fu_3075_p2    |    and   |      0|  0|   64|          64|          64|
    |and_ln301_fu_3233_p2    |    and   |      0|  0|   64|          64|          64|
    |and_ln302_fu_3251_p2    |    and   |      0|  0|   64|          64|          64|
    |and_ln303_fu_3269_p2    |    and   |      0|  0|   64|          64|          64|
    |and_ln304_fu_3287_p2    |    and   |      0|  0|   64|          64|          64|
    |and_ln305_fu_3305_p2    |    and   |      0|  0|   64|          64|          64|
    |and_ln317_fu_3463_p2    |    and   |      0|  0|   64|          64|          64|
    |and_ln318_fu_3481_p2    |    and   |      0|  0|   64|          64|          64|
    |and_ln319_fu_3499_p2    |    and   |      0|  0|   64|          64|          64|
    |and_ln320_fu_3517_p2    |    and   |      0|  0|   64|          64|          64|
    |and_ln321_fu_3535_p2    |    and   |      0|  0|   64|          64|          64|
    |icmp_ln131_fu_755_p2    |   icmp   |      0|  0|   11|           5|           5|
    |or_ln253_fu_766_p2      |    or    |      0|  0|    5|           5|           1|
    |Aba_2_fu_2551_p2        |    xor   |      0|  0|   64|          64|          64|
    |Aba_3_fu_1033_p2        |    xor   |      0|  0|   64|          64|          64|
    |Abe_1_fu_1477_p2        |    xor   |      0|  0|   64|          64|          64|
    |Abe_2_fu_2569_p2        |    xor   |      0|  0|   64|          64|          64|
    |Abi_1_fu_1935_p2        |    xor   |      0|  0|   64|          64|          64|
    |Abi_2_fu_2587_p2        |    xor   |      0|  0|   64|          64|          64|
    |Abo_1_fu_1247_p2        |    xor   |      0|  0|   64|          64|          64|
    |Abo_2_fu_2605_p2        |    xor   |      0|  0|   64|          64|          64|
    |Abu_1_fu_1705_p2        |    xor   |      0|  0|   64|          64|          64|
    |Abu_2_fu_2623_p2        |    xor   |      0|  0|   64|          64|          64|
    |Aga_1_fu_1733_p2        |    xor   |      0|  0|   64|          64|          64|
    |Aga_2_fu_2781_p2        |    xor   |      0|  0|   64|          64|          64|
    |Age_1_fu_1039_p2        |    xor   |      0|  0|   64|          64|          64|
    |Age_2_fu_2799_p2        |    xor   |      0|  0|   64|          64|          64|
    |Agi_1_fu_1503_p2        |    xor   |      0|  0|   64|          64|          64|
    |Agi_2_fu_2817_p2        |    xor   |      0|  0|   64|          64|          64|
    |Ago_1_fu_1963_p2        |    xor   |      0|  0|   64|          64|          64|
    |Ago_2_fu_2835_p2        |    xor   |      0|  0|   64|          64|          64|
    |Agu_1_fu_1275_p2        |    xor   |      0|  0|   64|          64|          64|
    |Agu_2_fu_2853_p2        |    xor   |      0|  0|   64|          64|          64|
    |Aka_1_fu_1303_p2        |    xor   |      0|  0|   64|          64|          64|
    |Aka_2_fu_3009_p2        |    xor   |      0|  0|   64|          64|          64|
    |Ake_1_fu_1761_p2        |    xor   |      0|  0|   64|          64|          64|
    |Ake_2_fu_3027_p2        |    xor   |      0|  0|   64|          64|          64|
    |Aki_1_fu_1067_p2        |    xor   |      0|  0|   64|          64|          64|
    |Aki_2_fu_3045_p2        |    xor   |      0|  0|   64|          64|          64|
    |Ako_1_fu_1531_p2        |    xor   |      0|  0|   64|          64|          64|
    |Ako_2_fu_3063_p2        |    xor   |      0|  0|   64|          64|          64|
    |Aku_1_fu_1991_p2        |    xor   |      0|  0|   64|          64|          64|
    |Aku_2_fu_3081_p2        |    xor   |      0|  0|   64|          64|          64|
    |Ama_1_fu_2019_p2        |    xor   |      0|  0|   64|          64|          64|
    |Ama_2_fu_3239_p2        |    xor   |      0|  0|   64|          64|          64|
    |Ame_1_fu_1331_p2        |    xor   |      0|  0|   64|          64|          64|
    |Ame_2_fu_3257_p2        |    xor   |      0|  0|   64|          64|          64|
    |Ami_1_fu_1789_p2        |    xor   |      0|  0|   64|          64|          64|
    |Ami_2_fu_3275_p2        |    xor   |      0|  0|   64|          64|          64|
    |Amo_1_fu_1095_p2        |    xor   |      0|  0|   64|          64|          64|
    |Amo_2_fu_3293_p2        |    xor   |      0|  0|   64|          64|          64|
    |Amu_1_fu_1559_p2        |    xor   |      0|  0|   64|          64|          64|
    |Amu_2_fu_3311_p2        |    xor   |      0|  0|   64|          64|          64|
    |Asa_1_fu_1587_p2        |    xor   |      0|  0|   64|          64|          64|
    |Asa_2_fu_3469_p2        |    xor   |      0|  0|   64|          64|          64|
    |Ase_1_fu_2047_p2        |    xor   |      0|  0|   64|          64|          64|
    |Ase_2_fu_3487_p2        |    xor   |      0|  0|   64|          64|          64|
    |Asi_1_fu_1359_p2        |    xor   |      0|  0|   64|          64|          64|
    |Asi_2_fu_3505_p2        |    xor   |      0|  0|   64|          64|          64|
    |Aso_1_fu_1817_p2        |    xor   |      0|  0|   64|          64|          64|
    |Aso_2_fu_3523_p2        |    xor   |      0|  0|   64|          64|          64|
    |Asu_1_fu_1123_p2        |    xor   |      0|  0|   64|          64|          64|
    |Asu_2_fu_3541_p2        |    xor   |      0|  0|   64|          64|          64|
    |BCa_6_fu_2183_p2        |    xor   |      0|  0|   64|          64|          64|
    |BCa_fu_801_p2           |    xor   |      0|  0|   64|          64|          64|
    |BCe_6_fu_2207_p2        |    xor   |      0|  0|   64|          64|          64|
    |BCe_fu_825_p2           |    xor   |      0|  0|   64|          64|          64|
    |BCi_6_fu_2231_p2        |    xor   |      0|  0|   64|          64|          64|
    |BCi_fu_849_p2           |    xor   |      0|  0|   64|          64|          64|
    |BCo_6_fu_2255_p2        |    xor   |      0|  0|   64|          64|          64|
    |BCo_fu_873_p2           |    xor   |      0|  0|   64|          64|          64|
    |BCu_6_fu_2279_p2        |    xor   |      0|  0|   64|          64|          64|
    |BCu_fu_897_p2           |    xor   |      0|  0|   64|          64|          64|
    |Da_1_fu_2305_p2         |    xor   |      0|  0|   64|          64|          64|
    |Da_fu_923_p2            |    xor   |      0|  0|   64|          64|          64|
    |De_1_fu_2331_p2         |    xor   |      0|  0|   64|          64|          64|
    |De_fu_949_p2            |    xor   |      0|  0|   64|          64|          64|
    |Di_1_fu_2357_p2         |    xor   |      0|  0|   64|          64|          64|
    |Di_fu_975_p2            |    xor   |      0|  0|   64|          64|          64|
    |Do_1_fu_2383_p2         |    xor   |      0|  0|   64|          64|          64|
    |Do_fu_1001_p2           |    xor   |      0|  0|   64|          64|          64|
    |Du_1_fu_2409_p2         |    xor   |      0|  0|   64|          64|          64|
    |Du_fu_1027_p2           |    xor   |      0|  0|   64|          64|          64|
    |Eba_2_fu_2415_p2        |    xor   |      0|  0|   64|          64|          64|
    |Eba_fu_1169_p2          |    xor   |      0|  0|   64|          64|          64|
    |Ebe_1_fu_2859_p2        |    xor   |      0|  0|   64|          64|          64|
    |Ebe_fu_1187_p2          |    xor   |      0|  0|   64|          64|          64|
    |Ebi_1_fu_3317_p2        |    xor   |      0|  0|   64|          64|          64|
    |Ebi_fu_1205_p2          |    xor   |      0|  0|   64|          64|          64|
    |Ebo_1_fu_2629_p2        |    xor   |      0|  0|   64|          64|          64|
    |Ebo_fu_1223_p2          |    xor   |      0|  0|   64|          64|          64|
    |Ebu_1_fu_3087_p2        |    xor   |      0|  0|   64|          64|          64|
    |Ebu_fu_1241_p2          |    xor   |      0|  0|   64|          64|          64|
    |Ega_1_fu_3115_p2        |    xor   |      0|  0|   64|          64|          64|
    |Ega_fu_1399_p2          |    xor   |      0|  0|   64|          64|          64|
    |Ege_1_fu_2421_p2        |    xor   |      0|  0|   64|          64|          64|
    |Ege_fu_1417_p2          |    xor   |      0|  0|   64|          64|          64|
    |Egi_1_fu_2885_p2        |    xor   |      0|  0|   64|          64|          64|
    |Egi_fu_1435_p2          |    xor   |      0|  0|   64|          64|          64|
    |Ego_1_fu_3345_p2        |    xor   |      0|  0|   64|          64|          64|
    |Ego_fu_1453_p2          |    xor   |      0|  0|   64|          64|          64|
    |Egu_1_fu_2657_p2        |    xor   |      0|  0|   64|          64|          64|
    |Egu_fu_1471_p2          |    xor   |      0|  0|   64|          64|          64|
    |Eka_1_fu_2685_p2        |    xor   |      0|  0|   64|          64|          64|
    |Eka_fu_1627_p2          |    xor   |      0|  0|   64|          64|          64|
    |Eke_1_fu_3143_p2        |    xor   |      0|  0|   64|          64|          64|
    |Eke_fu_1645_p2          |    xor   |      0|  0|   64|          64|          64|
    |Eki_1_fu_2449_p2        |    xor   |      0|  0|   64|          64|          64|
    |Eki_fu_1663_p2          |    xor   |      0|  0|   64|          64|          64|
    |Eko_1_fu_2913_p2        |    xor   |      0|  0|   64|          64|          64|
    |Eko_fu_1681_p2          |    xor   |      0|  0|   64|          64|          64|
    |Eku_1_fu_3373_p2        |    xor   |      0|  0|   64|          64|          64|
    |Eku_fu_1699_p2          |    xor   |      0|  0|   64|          64|          64|
    |Ema_1_fu_3401_p2        |    xor   |      0|  0|   64|          64|          64|
    |Ema_fu_1857_p2          |    xor   |      0|  0|   64|          64|          64|
    |Eme_1_fu_2713_p2        |    xor   |      0|  0|   64|          64|          64|
    |Eme_fu_1875_p2          |    xor   |      0|  0|   64|          64|          64|
    |Emi_1_fu_3171_p2        |    xor   |      0|  0|   64|          64|          64|
    |Emi_fu_1893_p2          |    xor   |      0|  0|   64|          64|          64|
    |Emo_1_fu_2477_p2        |    xor   |      0|  0|   64|          64|          64|
    |Emo_fu_1911_p2          |    xor   |      0|  0|   64|          64|          64|
    |Emu_1_fu_2941_p2        |    xor   |      0|  0|   64|          64|          64|
    |Emu_fu_1929_p2          |    xor   |      0|  0|   64|          64|          64|
    |Esa_1_fu_2969_p2        |    xor   |      0|  0|   64|          64|          64|
    |Esa_fu_2087_p2          |    xor   |      0|  0|   64|          64|          64|
    |Ese_1_fu_3429_p2        |    xor   |      0|  0|   64|          64|          64|
    |Ese_fu_2105_p2          |    xor   |      0|  0|   64|          64|          64|
    |Esi_1_fu_2741_p2        |    xor   |      0|  0|   64|          64|          64|
    |Esi_fu_2123_p2          |    xor   |      0|  0|   64|          64|          64|
    |Eso_1_fu_3199_p2        |    xor   |      0|  0|   64|          64|          64|
    |Eso_fu_2141_p2          |    xor   |      0|  0|   64|          64|          64|
    |Esu_1_fu_2505_p2        |    xor   |      0|  0|   64|          64|          64|
    |Esu_fu_2159_p2          |    xor   |      0|  0|   64|          64|          64|
    |xor_ln134_1_fu_789_p2   |    xor   |      0|  0|   64|          64|          64|
    |xor_ln134_2_fu_795_p2   |    xor   |      0|  0|   64|          64|          64|
    |xor_ln134_fu_783_p2     |    xor   |      0|  0|   64|          64|          64|
    |xor_ln135_1_fu_813_p2   |    xor   |      0|  0|   64|          64|          64|
    |xor_ln135_2_fu_819_p2   |    xor   |      0|  0|   64|          64|          64|
    |xor_ln135_fu_807_p2     |    xor   |      0|  0|   64|          64|          64|
    |xor_ln136_1_fu_837_p2   |    xor   |      0|  0|   64|          64|          64|
    |xor_ln136_2_fu_843_p2   |    xor   |      0|  0|   64|          64|          64|
    |xor_ln136_fu_831_p2     |    xor   |      0|  0|   64|          64|          64|
    |xor_ln137_1_fu_861_p2   |    xor   |      0|  0|   64|          64|          64|
    |xor_ln137_2_fu_867_p2   |    xor   |      0|  0|   64|          64|          64|
    |xor_ln137_fu_855_p2     |    xor   |      0|  0|   64|          64|          64|
    |xor_ln138_1_fu_885_p2   |    xor   |      0|  0|   64|          64|          64|
    |xor_ln138_2_fu_891_p2   |    xor   |      0|  0|   64|          64|          64|
    |xor_ln138_fu_879_p2     |    xor   |      0|  0|   64|          64|          64|
    |xor_ln157_fu_1151_p2    |    xor   |      0|  0|   64|           2|          64|
    |xor_ln158_fu_1163_p2    |    xor   |      0|  0|   64|          64|          64|
    |xor_ln159_fu_1175_p2    |    xor   |      0|  0|   64|           2|          64|
    |xor_ln160_fu_1193_p2    |    xor   |      0|  0|   64|           2|          64|
    |xor_ln161_fu_1211_p2    |    xor   |      0|  0|   64|           2|          64|
    |xor_ln162_fu_1229_p2    |    xor   |      0|  0|   64|           2|          64|
    |xor_ln174_fu_1387_p2    |    xor   |      0|  0|   64|           2|          64|
    |xor_ln175_fu_1405_p2    |    xor   |      0|  0|   64|           2|          64|
    |xor_ln176_fu_1423_p2    |    xor   |      0|  0|   64|           2|          64|
    |xor_ln177_fu_1441_p2    |    xor   |      0|  0|   64|           2|          64|
    |xor_ln178_fu_1459_p2    |    xor   |      0|  0|   64|           2|          64|
    |xor_ln190_fu_1615_p2    |    xor   |      0|  0|   64|           2|          64|
    |xor_ln191_fu_1633_p2    |    xor   |      0|  0|   64|           2|          64|
    |xor_ln192_fu_1651_p2    |    xor   |      0|  0|   64|           2|          64|
    |xor_ln193_fu_1669_p2    |    xor   |      0|  0|   64|           2|          64|
    |xor_ln194_fu_1687_p2    |    xor   |      0|  0|   64|           2|          64|
    |xor_ln206_fu_1845_p2    |    xor   |      0|  0|   64|           2|          64|
    |xor_ln207_fu_1863_p2    |    xor   |      0|  0|   64|           2|          64|
    |xor_ln208_fu_1881_p2    |    xor   |      0|  0|   64|           2|          64|
    |xor_ln209_fu_1899_p2    |    xor   |      0|  0|   64|           2|          64|
    |xor_ln210_fu_1917_p2    |    xor   |      0|  0|   64|           2|          64|
    |xor_ln222_fu_2075_p2    |    xor   |      0|  0|   64|           2|          64|
    |xor_ln223_fu_2093_p2    |    xor   |      0|  0|   64|           2|          64|
    |xor_ln224_fu_2111_p2    |    xor   |      0|  0|   64|           2|          64|
    |xor_ln225_fu_2129_p2    |    xor   |      0|  0|   64|           2|          64|
    |xor_ln226_fu_2147_p2    |    xor   |      0|  0|   64|           2|          64|
    |xor_ln229_1_fu_2171_p2  |    xor   |      0|  0|   64|          64|          64|
    |xor_ln229_2_fu_2177_p2  |    xor   |      0|  0|   64|          64|          64|
    |xor_ln229_fu_2165_p2    |    xor   |      0|  0|   64|          64|          64|
    |xor_ln230_1_fu_2195_p2  |    xor   |      0|  0|   64|          64|          64|
    |xor_ln230_2_fu_2201_p2  |    xor   |      0|  0|   64|          64|          64|
    |xor_ln230_fu_2189_p2    |    xor   |      0|  0|   64|          64|          64|
    |xor_ln231_1_fu_2219_p2  |    xor   |      0|  0|   64|          64|          64|
    |xor_ln231_2_fu_2225_p2  |    xor   |      0|  0|   64|          64|          64|
    |xor_ln231_fu_2213_p2    |    xor   |      0|  0|   64|          64|          64|
    |xor_ln232_1_fu_2243_p2  |    xor   |      0|  0|   64|          64|          64|
    |xor_ln232_2_fu_2249_p2  |    xor   |      0|  0|   64|          64|          64|
    |xor_ln232_fu_2237_p2    |    xor   |      0|  0|   64|          64|          64|
    |xor_ln233_1_fu_2267_p2  |    xor   |      0|  0|   64|          64|          64|
    |xor_ln233_2_fu_2273_p2  |    xor   |      0|  0|   64|          64|          64|
    |xor_ln233_fu_2261_p2    |    xor   |      0|  0|   64|          64|          64|
    |xor_ln252_fu_2533_p2    |    xor   |      0|  0|   64|           2|          64|
    |xor_ln253_fu_2545_p2    |    xor   |      0|  0|   64|          64|          64|
    |xor_ln254_fu_2557_p2    |    xor   |      0|  0|   64|           2|          64|
    |xor_ln255_fu_2575_p2    |    xor   |      0|  0|   64|           2|          64|
    |xor_ln256_fu_2593_p2    |    xor   |      0|  0|   64|           2|          64|
    |xor_ln257_fu_2611_p2    |    xor   |      0|  0|   64|           2|          64|
    |xor_ln269_fu_2769_p2    |    xor   |      0|  0|   64|           2|          64|
    |xor_ln270_fu_2787_p2    |    xor   |      0|  0|   64|           2|          64|
    |xor_ln271_fu_2805_p2    |    xor   |      0|  0|   64|           2|          64|
    |xor_ln272_fu_2823_p2    |    xor   |      0|  0|   64|           2|          64|
    |xor_ln273_fu_2841_p2    |    xor   |      0|  0|   64|           2|          64|
    |xor_ln285_fu_2997_p2    |    xor   |      0|  0|   64|           2|          64|
    |xor_ln286_fu_3015_p2    |    xor   |      0|  0|   64|           2|          64|
    |xor_ln287_fu_3033_p2    |    xor   |      0|  0|   64|           2|          64|
    |xor_ln288_fu_3051_p2    |    xor   |      0|  0|   64|           2|          64|
    |xor_ln289_fu_3069_p2    |    xor   |      0|  0|   64|           2|          64|
    |xor_ln301_fu_3227_p2    |    xor   |      0|  0|   64|           2|          64|
    |xor_ln302_fu_3245_p2    |    xor   |      0|  0|   64|           2|          64|
    |xor_ln303_fu_3263_p2    |    xor   |      0|  0|   64|           2|          64|
    |xor_ln304_fu_3281_p2    |    xor   |      0|  0|   64|           2|          64|
    |xor_ln305_fu_3299_p2    |    xor   |      0|  0|   64|           2|          64|
    |xor_ln317_fu_3457_p2    |    xor   |      0|  0|   64|           2|          64|
    |xor_ln318_fu_3475_p2    |    xor   |      0|  0|   64|           2|          64|
    |xor_ln319_fu_3493_p2    |    xor   |      0|  0|   64|           2|          64|
    |xor_ln320_fu_3511_p2    |    xor   |      0|  0|   64|           2|          64|
    |xor_ln321_fu_3529_p2    |    xor   |      0|  0|   64|           2|          64|
    +------------------------+----------+-------+---+-----+------------+------------+
    |Total                   |          |      0|  0|16159|       13040|       16139|
    +------------------------+----------+-------+---+-----+------------+------------+

    * Multiplexer: 
    +-----------------+-----+-----------+-----+-----------+
    |       Name      | LUT | Input Size| Bits| Total Bits|
    +-----------------+-----+-----------+-----+-----------+
    |Aba_0_reg_722    |    9|          2|   64|        128|
    |Abe_0_reg_711    |    9|          2|   64|        128|
    |Abi_0_reg_700    |    9|          2|   64|        128|
    |Abo_0_reg_689    |    9|          2|   64|        128|
    |Abu_0_reg_678    |    9|          2|   64|        128|
    |Aga_0_reg_667    |    9|          2|   64|        128|
    |Age_0_reg_656    |    9|          2|   64|        128|
    |Agi_0_reg_645    |    9|          2|   64|        128|
    |Ago_0_reg_634    |    9|          2|   64|        128|
    |Agu_0_reg_623    |    9|          2|   64|        128|
    |Aka_0_reg_612    |    9|          2|   64|        128|
    |Ake_0_reg_601    |    9|          2|   64|        128|
    |Aki_0_reg_590    |    9|          2|   64|        128|
    |Ako_0_reg_579    |    9|          2|   64|        128|
    |Aku_0_reg_568    |    9|          2|   64|        128|
    |Ama_0_reg_557    |    9|          2|   64|        128|
    |Ame_0_reg_546    |    9|          2|   64|        128|
    |Ami_0_reg_535    |    9|          2|   64|        128|
    |Amo_0_reg_524    |    9|          2|   64|        128|
    |Amu_0_reg_513    |    9|          2|   64|        128|
    |Asa_0_reg_502    |    9|          2|   64|        128|
    |Ase_0_reg_491    |    9|          2|   64|        128|
    |Asi_0_reg_480    |    9|          2|   64|        128|
    |Aso_0_reg_469    |    9|          2|   64|        128|
    |Asu_0_reg_744    |    9|          2|   64|        128|
    |ap_NS_fsm        |  133|         29|    1|         29|
    |round_0_reg_733  |    9|          2|    5|         10|
    |state_address0   |  121|         26|    5|        130|
    |state_address1   |  121|         26|    5|        130|
    |state_d0         |   56|         13|   64|        832|
    |state_d1         |   59|         14|   64|        896|
    +-----------------+-----+-----------+-----+-----------+
    |Total            |  724|        160| 1744|       5227|
    +-----------------+-----+-----------+-----+-----------+

    * Register: 
    +-----------------+----+----+-----+-----------+
    |       Name      | FF | LUT| Bits| Const Bits|
    +-----------------+----+----+-----+-----------+
    |Aba_0_reg_722    |  64|   0|   64|          0|
    |Aba_reg_3553     |  64|   0|   64|          0|
    |Abe_0_reg_711    |  64|   0|   64|          0|
    |Abe_reg_3568     |  64|   0|   64|          0|
    |Abi_0_reg_700    |  64|   0|   64|          0|
    |Abi_reg_3573     |  64|   0|   64|          0|
    |Abo_0_reg_689    |  64|   0|   64|          0|
    |Abo_reg_3590     |  64|   0|   64|          0|
    |Abu_0_reg_678    |  64|   0|   64|          0|
    |Abu_reg_3595     |  64|   0|   64|          0|
    |Aga_0_reg_667    |  64|   0|   64|          0|
    |Aga_reg_3612     |  64|   0|   64|          0|
    |Age_0_reg_656    |  64|   0|   64|          0|
    |Age_reg_3617     |  64|   0|   64|          0|
    |Agi_0_reg_645    |  64|   0|   64|          0|
    |Agi_reg_3634     |  64|   0|   64|          0|
    |Ago_0_reg_634    |  64|   0|   64|          0|
    |Ago_reg_3639     |  64|   0|   64|          0|
    |Agu_0_reg_623    |  64|   0|   64|          0|
    |Agu_reg_3656     |  64|   0|   64|          0|
    |Aka_0_reg_612    |  64|   0|   64|          0|
    |Aka_reg_3661     |  64|   0|   64|          0|
    |Ake_0_reg_601    |  64|   0|   64|          0|
    |Ake_reg_3678     |  64|   0|   64|          0|
    |Aki_0_reg_590    |  64|   0|   64|          0|
    |Aki_reg_3683     |  64|   0|   64|          0|
    |Ako_0_reg_579    |  64|   0|   64|          0|
    |Ako_reg_3700     |  64|   0|   64|          0|
    |Aku_0_reg_568    |  64|   0|   64|          0|
    |Aku_reg_3705     |  64|   0|   64|          0|
    |Ama_0_reg_557    |  64|   0|   64|          0|
    |Ama_reg_3722     |  64|   0|   64|          0|
    |Ame_0_reg_546    |  64|   0|   64|          0|
    |Ame_reg_3727     |  64|   0|   64|          0|
    |Ami_0_reg_535    |  64|   0|   64|          0|
    |Ami_reg_3744     |  64|   0|   64|          0|
    |Amo_0_reg_524    |  64|   0|   64|          0|
    |Amo_reg_3749     |  64|   0|   64|          0|
    |Amu_0_reg_513    |  64|   0|   64|          0|
    |Amu_reg_3766     |  64|   0|   64|          0|
    |Asa_0_reg_502    |  64|   0|   64|          0|
    |Asa_reg_3771     |  64|   0|   64|          0|
    |Ase_0_reg_491    |  64|   0|   64|          0|
    |Ase_reg_3788     |  64|   0|   64|          0|
    |Asi_0_reg_480    |  64|   0|   64|          0|
    |Asi_reg_3793     |  64|   0|   64|          0|
    |Aso_0_reg_469    |  64|   0|   64|          0|
    |Asu_0_reg_744    |  64|   0|   64|          0|
    |ap_CS_fsm        |  28|   0|   28|          0|
    |round_0_reg_733  |   5|   0|    5|          0|
    |round_reg_3833   |   5|   0|    5|          0|
    +-----------------+----+----+-----+-----------+
    |Total            |3110|   0| 3110|          0|
    +-----------------+----+----+-----+-----------+



================================================================
== Interface
================================================================
* Summary: 
+----------------+-----+-----+------------+------------------------+--------------+
|    RTL Ports   | Dir | Bits|  Protocol  |      Source Object     |    C Type    |
+----------------+-----+-----+------------+------------------------+--------------+
|ap_clk          |  in |    1| ap_ctrl_hs | KeccakF1600_StatePer.1 | return value |
|ap_rst          |  in |    1| ap_ctrl_hs | KeccakF1600_StatePer.1 | return value |
|ap_start        |  in |    1| ap_ctrl_hs | KeccakF1600_StatePer.1 | return value |
|ap_done         | out |    1| ap_ctrl_hs | KeccakF1600_StatePer.1 | return value |
|ap_idle         | out |    1| ap_ctrl_hs | KeccakF1600_StatePer.1 | return value |
|ap_ready        | out |    1| ap_ctrl_hs | KeccakF1600_StatePer.1 | return value |
|state_address0  | out |    5|  ap_memory |          state         |     array    |
|state_ce0       | out |    1|  ap_memory |          state         |     array    |
|state_we0       | out |    1|  ap_memory |          state         |     array    |
|state_d0        | out |   64|  ap_memory |          state         |     array    |
|state_q0        |  in |   64|  ap_memory |          state         |     array    |
|state_address1  | out |    5|  ap_memory |          state         |     array    |
|state_ce1       | out |    1|  ap_memory |          state         |     array    |
|state_we1       | out |    1|  ap_memory |          state         |     array    |
|state_d1        | out |   64|  ap_memory |          state         |     array    |
|state_q1        |  in |   64|  ap_memory |          state         |     array    |
+----------------+-----+-----+------------+------------------------+--------------+

