

================================================================
== Vivado HLS Report for 'pqcrystals_dilithium_20'
================================================================
* Date:           Thu Apr 13 00:01:50 2023

* Version:        2019.2 (Build 2704478 on Wed Nov 06 22:10:23 MST 2019)
* Project:        Phase2
* Solution:       Area
* Product family: artix7
* Target device:  xc7a200t-fbg676-2


================================================================
== Performance Estimates
================================================================
+ Timing: 
    * Summary: 
    +--------+----------+----------+------------+
    |  Clock |  Target  | Estimated| Uncertainty|
    +--------+----------+----------+------------+
    |ap_clk  | 10.00 ns | 9.122 ns |   1.25 ns  |
    +--------+----------+----------+------------+

+ Latency: 
    * Summary: 
    +---------+---------+----------+----------+-----+-----+---------+
    |  Latency (cycles) |  Latency (absolute) |  Interval | Pipeline|
    |   min   |   max   |    min   |    max   | min | max |   Type  |
    +---------+---------+----------+----------+-----+-----+---------+
    |        ?|        ?|         ?|         ?|    ?|    ?|   none  |
    +---------+---------+----------+----------+-----+-----+---------+

    + Detail: 
        * Instance: 
        +-------------------------------------+-------------------------+---------+---------+-----------+-----------+------+------+---------+
        |                                     |                         |  Latency (cycles) |   Latency (absolute)  |   Interval  | Pipeline|
        |               Instance              |          Module         |   min   |   max   |    min    |    max    |  min |  max |   Type  |
        +-------------------------------------+-------------------------+---------+---------+-----------+-----------+------+------+---------+
        |grp_pqcrystals_dilithium_13_fu_1682  |pqcrystals_dilithium_13  |        ?|        ?|          ?|          ?|     ?|     ?|   none  |
        |grp_pqcrystals_dilithium_12_fu_1695  |pqcrystals_dilithium_12  |     1158|     1158| 11.580 us | 11.580 us |  1158|  1158|   none  |
        |grp_pqcrystals_dilithium_14_fu_1706  |pqcrystals_dilithium_14  |        ?|        ?|          ?|          ?|     ?|     ?|   none  |
        |grp_shake256_fu_1715                 |shake256                 |      161|      161|  1.610 us |  1.610 us |   161|   161|   none  |
        |grp_KeccakF1600_StatePer_1_fu_1722   |KeccakF1600_StatePer_1   |       50|       50|  0.500 us |  0.500 us |    50|    50|   none  |
        |grp_pqcrystals_dilithium_1_fu_1729   |pqcrystals_dilithium_1   |     2570|     2570| 25.700 us | 25.700 us |  2570|  2570|   none  |
        |grp_pqcrystals_dilithium_7_fu_1743   |pqcrystals_dilithium_7   |        ?|        ?|          ?|          ?|     ?|     ?|   none  |
        |grp_pqcrystals_dilithium_18_fu_1750  |pqcrystals_dilithium_18  |        ?|        ?|          ?|          ?|     ?|     ?|   none  |
        |grp_pqcrystals_dilithium_16_fu_1759  |pqcrystals_dilithium_16  |        ?|        ?|          ?|          ?|     ?|     ?|   none  |
        |grp_pqcrystals_dilithium_17_fu_1766  |pqcrystals_dilithium_17  |        ?|        ?|          ?|          ?|     ?|     ?|   none  |
        |grp_pqcrystals_dilithium_3_fu_1778   |pqcrystals_dilithium_3   |     7691|     7691| 76.910 us | 76.910 us |  7691|  7691|   none  |
        |grp_pqcrystals_dilithium_15_fu_1787  |pqcrystals_dilithium_15  |     4715|     4715| 47.150 us | 47.150 us |  4715|  4715|   none  |
        |grp_pqcrystals_dilithium_5_fu_1795   |pqcrystals_dilithium_5   |     6153|     6153| 61.530 us | 61.530 us |  6153|  6153|   none  |
        |grp_load64_3_fu_1802                 |load64_3                 |        4|        4| 40.000 ns | 40.000 ns |     4|     4|   none  |
        |grp_pqcrystals_dilithium_6_fu_1809   |pqcrystals_dilithium_6   |      777|      777|  7.770 us |  7.770 us |   777|   777|   none  |
        |grp_pqcrystals_dilithium_8_fu_1816   |pqcrystals_dilithium_8   |        5|     2064| 50.000 ns | 20.640 us |     5|  2064|   none  |
        |grp_pqcrystals_dilithium_4_fu_1824   |pqcrystals_dilithium_4   |     3081|     3081| 30.810 us | 30.810 us |  3081|  3081|   none  |
        |grp_pqcrystals_dilithium_9_fu_1829   |pqcrystals_dilithium_9   |     2057|     2057| 20.570 us | 20.570 us |  2057|  2057|   none  |
        +-------------------------------------+-------------------------+---------+---------+-----------+-----------+------+------+---------+

        * Loop: 
        +-------------------+---------+---------+----------+-----------+-----------+---------+----------+
        |                   |  Latency (cycles) | Iteration|  Initiation Interval  |   Trip  |          |
        |     Loop Name     |   min   |   max   |  Latency |  achieved |   target  |  Count  | Pipelined|
        +-------------------+---------+---------+----------+-----------+-----------+---------+----------+
        |- Loop 1           |       25|       25|         1|          -|          -|       25|    no    |
        |- Loop 2           |       30|       30|         5|          -|          -|        6|    no    |
        |- memset_t         |        7|        7|         1|          -|          -|        8|    no    |
        |- Loop 4           |       66|       66|         6|          -|          -|       11|    no    |
        |- Loop 5           |        ?|        ?|       172|          -|          -|        ?|    no    |
        | + Loop 5.1        |      119|      119|         7|          -|          -|       17|    no    |
        |- Loop 6           |        0|      112|         7|          -|          -|  0 ~ 16 |    no    |
        |- Loop 7           |        8|        8|         1|          -|          -|        8|    no    |
        |- Loop 8           |        ?|        ?|         2|          -|          -|        ?|    no    |
        |- Loop 9           |       30|       30|         5|          -|          -|        6|    no    |
        |- Loop 10          |        ?|        ?|         ?|          -|          -|        4|    no    |
        | + Loop 10.1       |        ?|        ?|         ?|          -|          -|        4|    no    |
        |- Loop 11          |        ?|        ?|         ?|          -|          -|        4|    no    |
        |- Loop 12          |        ?|        ?|         ?|          -|          -|        4|    no    |
        |- Loop 13          |        ?|        ?|         ?|          -|          -|        4|    no    |
        |- Loop 14          |        ?|        ?|         ?|          -|          -|        0|    no    |
        | + Loop 14.1       |     4640|     4640|      1160|          -|          -|        4|    no    |
        | + Loop 14.2       |      511|      511|         2|          -|          -|      256|    no    |
        | + Loop 14.3       |      511|      511|         2|          -|          -|      256|    no    |
        | + Loop 14.4       |      511|      511|         2|          -|          -|      256|    no    |
        | + Loop 14.5       |      511|      511|         2|          -|          -|      256|    no    |
        | + Loop 14.6       |        ?|        ?|         ?|          -|          -|        4|    no    |
        | + Loop 14.7       |    30772|    30772|      7693|          -|          -|        4|    no    |
        | + Loop 14.8       |     5128|     5128|      1282|          -|          -|        4|    no    |
        |  ++ Loop 14.8.1   |     1280|     1280|         5|          -|          -|      256|    no    |
        | + Loop 14.9       |       25|       25|         1|          -|          -|       25|    no    |
        | + Loop 14.10      |       30|       30|         5|          -|          -|        6|    no    |
        | + Loop 14.11      |       66|       66|         6|          -|          -|       11|    no    |
        | + Loop 14.12      |      860|      860|       172|          -|          -|        5|    no    |
        |  ++ Loop 14.12.1  |      119|      119|         7|          -|          -|       17|    no    |
        | + Loop 14.13      |       20|       20|         5|          -|          -|        4|    no    |
        | + Loop 14.14      |     6152|     6152|      1538|          -|          -|        4|    no    |
        |  ++ Loop 14.14.1  |     1536|     1536|         6|          -|          -|      256|    no    |
        | + Loop 14.15      |        ?|        ?|         ?|          -|          -|        4|    no    |
        | + Loop 14.16      |     2056|     2056|       514|          -|          -|        4|    no    |
        |  ++ Loop 14.16.1  |      512|      512|         2|          -|          -|      256|    no    |
        | + Loop 14.17      |     3080|     3080|       770|          -|          -|        4|    no    |
        |  ++ Loop 14.17.1  |      768|      768|         3|          -|          -|      256|    no    |
        | + Loop 14.18      |        4|     2062|  4 ~ 515 |          -|          -|  1 ~ 4  |    no    |
        |  ++ Loop 14.18.1  |        2|      513|         2|          -|          -| 1 ~ 256 |    no    |
        | + Loop 14.19      |     2056|     2056|       514|          -|          -|        4|    no    |
        |  ++ Loop 14.19.1  |      512|      512|         2|          -|          -|      256|    no    |
        | + Loop 14.20      |     2056|     2056|       514|          -|          -|        4|    no    |
        |  ++ Loop 14.20.1  |      512|      512|         2|          -|          -|      256|    no    |
        | + Loop 14.21      |     2056|     2056|       514|          -|          -|        4|    no    |
        |  ++ Loop 14.21.1  |      512|      512|         2|          -|          -|      256|    no    |
        +-------------------+---------+---------+----------+-----------+-----------+---------+----------+



================================================================
== Utilization Estimates
================================================================
* Summary: 
+-----------------+---------+-------+--------+--------+-----+
|       Name      | BRAM_18K| DSP48E|   FF   |   LUT  | URAM|
+-----------------+---------+-------+--------+--------+-----+
|DSP              |        -|      3|       -|       -|    -|
|Expression       |        -|     10|       0|    3997|    -|
|FIFO             |        -|      -|       -|       -|    -|
|Instance         |       34|     75|   21614|   99072|    0|
|Memory           |       29|      -|       0|       0|    0|
|Multiplexer      |        -|      -|       -|    3331|    -|
|Register         |        -|      -|    2294|       -|    -|
+-----------------+---------+-------+--------+--------+-----+
|Total            |       63|     88|   23908|  106400|    0|
+-----------------+---------+-------+--------+--------+-----+
|Available        |      730|    740|  269200|  134600|    0|
+-----------------+---------+-------+--------+--------+-----+
|Utilization (%)  |        8|     11|       8|      79|    0|
+-----------------+---------+-------+--------+--------+-----+

+ Detail: 
    * Instance: 
    +-------------------------------------+-------------------------+---------+-------+------+-------+-----+
    |               Instance              |          Module         | BRAM_18K| DSP48E|  FF  |  LUT  | URAM|
    +-------------------------------------+-------------------------+---------+-------+------+-------+-----+
    |grp_KeccakF1600_StatePer_1_fu_1722   |KeccakF1600_StatePer_1   |        2|      0|  3110|  16883|    0|
    |grp_load64_3_fu_1802                 |load64_3                 |        0|      0|   131|    243|    0|
    |grp_pqcrystals_dilithium_1_fu_1729   |pqcrystals_dilithium_1   |        0|      0|   316|   2127|    0|
    |grp_pqcrystals_dilithium_12_fu_1695  |pqcrystals_dilithium_12  |        7|      0|  3404|  18613|    0|
    |grp_pqcrystals_dilithium_13_fu_1682  |pqcrystals_dilithium_13  |        7|      0|  3815|  19037|    0|
    |grp_pqcrystals_dilithium_14_fu_1706  |pqcrystals_dilithium_14  |        7|      0|  3694|  18436|    0|
    |grp_pqcrystals_dilithium_15_fu_1787  |pqcrystals_dilithium_15  |        0|      0|   225|   1021|    0|
    |grp_pqcrystals_dilithium_16_fu_1759  |pqcrystals_dilithium_16  |        1|      8|   594|    627|    0|
    |grp_pqcrystals_dilithium_17_fu_1766  |pqcrystals_dilithium_17  |        1|      8|   593|    635|    0|
    |grp_pqcrystals_dilithium_18_fu_1750  |pqcrystals_dilithium_18  |        1|     16|   713|    847|    0|
    |grp_pqcrystals_dilithium_3_fu_1778   |pqcrystals_dilithium_3   |        1|     16|   513|    694|    0|
    |grp_pqcrystals_dilithium_4_fu_1824   |pqcrystals_dilithium_4   |        0|      1|    83|    174|    0|
    |grp_pqcrystals_dilithium_5_fu_1795   |pqcrystals_dilithium_5   |        0|     10|   294|    265|    0|
    |grp_pqcrystals_dilithium_6_fu_1809   |pqcrystals_dilithium_6   |        0|      0|    61|    329|    0|
    |grp_pqcrystals_dilithium_7_fu_1743   |pqcrystals_dilithium_7   |        1|     16|   723|    898|    0|
    |grp_pqcrystals_dilithium_8_fu_1816   |pqcrystals_dilithium_8   |        0|      0|    52|    223|    0|
    |grp_pqcrystals_dilithium_9_fu_1829   |pqcrystals_dilithium_9   |        0|      0|    41|    191|    0|
    |grp_shake256_fu_1715                 |shake256                 |        6|      0|  3252|  17829|    0|
    +-------------------------------------+-------------------------+---------+-------+------+-------+-----+
    |Total                                |                         |       34|     75| 21614|  99072|    0|
    +-------------------------------------+-------------------------+---------+-------+------+-------+-----+

    * DSP48E: 
    +--------------------------+----------------------+--------------+
    |         Instance         |        Module        |  Expression  |
    +--------------------------+----------------------+--------------+
    |pqcrystals_dilithDeQ_U81  |pqcrystals_dilithDeQ  | i0 + i1 * i2 |
    |pqcrystals_dilithEe0_U82  |pqcrystals_dilithEe0  | i0 * i1 + i2 |
    |pqcrystals_dilithlbW_U83  |pqcrystals_dilithlbW  | i0 * i1 + i2 |
    +--------------------------+----------------------+--------------+

    * Memory: 
    +------------------+----------------------+---------+---+----+-----+------+-----+------+-------------+
    |      Memory      |        Module        | BRAM_18K| FF| LUT| URAM| Words| Bits| Banks| W*Bits*Banks|
    +------------------+----------------------+---------+---+----+-----+------+-----+------+-------------+
    |cp_coeffs_U       |pqcrystals_dilithkbM  |        1|  0|   0|    0|   256|   32|     1|         8192|
    |t_6_U             |pqcrystals_dilithqcK  |        1|  0|   0|    0|     8|    8|     1|           64|
    |seedbuf_U         |pqcrystals_dilithrcU  |        1|  0|   0|    0|   208|    8|     1|         1664|
    |mat_vec_coeffs_U  |pqcrystals_dilithsc4  |        6|  0|   0|    0|  4096|   23|     1|        94208|
    |s1_vec_coeffs_U   |pqcrystals_dilithtde  |        2|  0|   0|    0|  1024|   32|     1|        32768|
    |t0_vec_coeffs_U   |pqcrystals_dilithtde  |        2|  0|   0|    0|  1024|   32|     1|        32768|
    |s2_vec_coeffs_U   |pqcrystals_dilithtde  |        2|  0|   0|    0|  1024|   32|     1|        32768|
    |y_vec_coeffs_U    |pqcrystals_dilithudo  |        2|  0|   0|    0|  1024|   19|     1|        19456|
    |z_vec_coeffs_U    |pqcrystals_dilithvdy  |        2|  0|   0|    0|  1024|   32|     1|        32768|
    |w1_vec_coeffs_U   |pqcrystals_dilithvdy  |        2|  0|   0|    0|  1024|   32|     1|        32768|
    |h_vec_coeffs_U    |pqcrystals_dilithvdy  |        2|  0|   0|    0|  1024|   32|     1|        32768|
    |w0_vec_coeffs_U   |pqcrystals_dilithzec  |        2|  0|   0|    0|  1024|   32|     1|        32768|
    |state_s_U         |shake256_state_0_s    |        4|  0|   0|    0|    25|   64|     1|         1600|
    +------------------+----------------------+---------+---+----+-----+------+-----+------+-------------+
    |Total             |                      |       29|  0|   0|    0| 12785|  378|    13|       354560|
    +------------------+----------------------+---------+---+----+-----+------+-----+------+-------------+

    * FIFO: 
    N/A

    * Expression: 
    +----------------------------------+----------+-------+---+-----+------------+------------+
    |           Variable Name          | Operation| DSP48E| FF| LUT | Bitwidth P0| Bitwidth P1|
    +----------------------------------+----------+-------+---+-----+------------+------------+
    |mul_ln181_fu_3636_p2              |     *    |      4|  0|   21|          32|          32|
    |mul_ln19_fu_3654_p2               |     *    |      2|  0|   21|          24|          32|
    |t_fu_3646_p2                      |     *    |      4|  0|   21|          26|          32|
    |add_ln109_fu_3952_p2              |     +    |      0|  0|   19|          12|          12|
    |add_ln128_1_fu_2864_p2            |     +    |      0|  0|   15|           8|           1|
    |add_ln128_2_fu_2890_p2            |     +    |      0|  0|   15|           8|           1|
    |add_ln128_3_fu_2916_p2            |     +    |      0|  0|   15|           8|           1|
    |add_ln128_fu_2842_p2              |     +    |      0|  0|   15|           8|           1|
    |add_ln181_fu_3620_p2              |     +    |      0|  0|   19|          12|          12|
    |add_ln19_fu_3663_p2               |     +    |      0|  0|   71|          64|          64|
    |add_ln226_fu_3006_p2              |     +    |      0|  0|   19|          12|          12|
    |add_ln249_fu_4074_p2              |     +    |      0|  0|   19|          12|          12|
    |add_ln300_fu_3862_p2              |     +    |      0|  0|   19|          12|          12|
    |add_ln31_10_fu_1972_p2            |     +    |      0|  0|   15|           7|           6|
    |add_ln31_11_fu_1982_p2            |     +    |      0|  0|   15|           7|           6|
    |add_ln31_12_fu_1992_p2            |     +    |      0|  0|   15|           7|           6|
    |add_ln31_13_fu_3173_p2            |     +    |      0|  0|   15|           8|           7|
    |add_ln31_14_fu_3184_p2            |     +    |      0|  0|   15|           8|           7|
    |add_ln31_15_fu_3194_p2            |     +    |      0|  0|   15|           8|           7|
    |add_ln31_16_fu_3204_p2            |     +    |      0|  0|   15|           8|           7|
    |add_ln31_17_fu_3214_p2            |     +    |      0|  0|   15|           8|           7|
    |add_ln31_18_fu_3224_p2            |     +    |      0|  0|   15|           8|           7|
    |add_ln31_19_fu_3234_p2            |     +    |      0|  0|   15|           8|           7|
    |add_ln31_7_fu_1942_p2             |     +    |      0|  0|   15|           7|           6|
    |add_ln31_8_fu_1952_p2             |     +    |      0|  0|   15|           7|           6|
    |add_ln31_9_fu_1962_p2             |     +    |      0|  0|   15|           7|           6|
    |add_ln31_fu_1931_p2               |     +    |      0|  0|   15|           7|           6|
    |add_ln33_fu_3793_p2               |     +    |      0|  0|   19|          12|          12|
    |add_ln36_fu_3803_p2               |     +    |      0|  0|   39|          32|          23|
    |add_ln387_fu_2029_p2              |     +    |      0|  0|   12|           3|           1|
    |add_ln401_1_fu_2090_p2            |     +    |      0|  0|   15|           5|           3|
    |add_ln401_2_fu_3300_p2            |     +    |      0|  0|   15|           5|           3|
    |add_ln401_fu_2079_p2              |     +    |      0|  0|   19|          12|          12|
    |add_ln403_fu_2101_p2              |     +    |      0|  0|   71|          64|           8|
    |add_ln410_1_fu_2185_p2            |     +    |      0|  0|   19|          12|          12|
    |add_ln410_2_fu_2195_p2            |     +    |      0|  0|   71|          64|          64|
    |add_ln410_3_fu_3337_p2            |     +    |      0|  0|   15|           8|           7|
    |add_ln410_4_fu_3347_p2            |     +    |      0|  0|   17|          10|          10|
    |add_ln411_1_fu_3353_p2            |     +    |      0|  0|   17|          10|           8|
    |add_ln411_fu_2201_p2              |     +    |      0|  0|   71|          64|           8|
    |add_ln414_1_fu_2207_p2            |     +    |      0|  0|   71|          64|           9|
    |add_ln414_fu_3359_p2              |     +    |      0|  0|   17|          10|           9|
    |add_ln416_1_fu_2223_p2            |     +    |      0|  0|   15|           5|           1|
    |add_ln416_2_fu_3144_p2            |     +    |      0|  0|   12|           3|           1|
    |add_ln416_fu_1902_p2              |     +    |      0|  0|   12|           3|           1|
    |add_ln417_2_fu_2245_p2            |     +    |      0|  0|   19|          12|          12|
    |add_ln417_3_fu_2255_p2            |     +    |      0|  0|   71|          64|          64|
    |add_ln417_4_fu_2261_p2            |     +    |      0|  0|   15|           5|           5|
    |add_ln417_5_fu_3162_p2            |     +    |      0|  0|   15|           8|           7|
    |add_ln417_fu_1920_p2              |     +    |      0|  0|   15|           7|           6|
    |add_ln420_fu_2295_p2              |     +    |      0|  0|   16|           9|           9|
    |add_ln426_1_fu_2358_p2            |     +    |      0|  0|   21|          14|          12|
    |add_ln426_2_fu_2364_p2            |     +    |      0|  0|   14|          14|          14|
    |add_ln426_3_fu_2369_p2            |     +    |      0|  0|   14|          14|          14|
    |add_ln426_fu_2331_p2              |     +    |      0|  0|   21|          14|          14|
    |add_ln428_fu_2417_p2              |     +    |      0|  0|   17|          10|          10|
    |add_ln42_fu_3016_p2               |     +    |      0|  0|   39|           7|          32|
    |add_ln47_fu_2836_p2               |     +    |      0|  0|   23|          16|          16|
    |add_ln540_1_fu_3406_p2            |     +    |      0|  0|   12|           3|           1|
    |add_ln540_fu_2487_p2              |     +    |      0|  0|   12|           3|           1|
    |add_ln541_fu_2510_p2              |     +    |      0|  0|   15|           7|           8|
    |add_ln542_fu_2542_p2              |     +    |      0|  0|   15|           7|           8|
    |add_ln543_fu_2622_p2              |     +    |      0|  0|   15|           7|           8|
    |add_ln544_fu_2642_p2              |     +    |      0|  0|   15|           7|           8|
    |add_ln545_fu_2662_p2              |     +    |      0|  0|   15|           7|           8|
    |add_ln546_fu_2682_p2              |     +    |      0|  0|   15|           7|           8|
    |add_ln547_fu_2702_p2              |     +    |      0|  0|   15|           7|           8|
    |add_ln548_fu_2722_p2              |     +    |      0|  0|   15|           7|           8|
    |add_ln88_1_fu_4021_p2             |     +    |      0|  0|   39|          32|          32|
    |add_ln88_2_fu_3731_p2             |     +    |      0|  0|   19|          12|          12|
    |add_ln88_3_fu_4010_p2             |     +    |      0|  0|   19|          12|          12|
    |add_ln88_fu_3746_p2               |     +    |      0|  0|   39|          32|          32|
    |grp_fu_1841_p2                    |     +    |      0|  0|   71|          64|          64|
    |i_10_fu_2061_p2                   |     +    |      0|  0|   13|           4|           1|
    |i_11_fu_2167_p2                   |     +    |      0|  0|   15|           5|           1|
    |i_12_fu_2320_p2                   |     +    |      0|  0|   13|           4|           1|
    |i_13_fu_2352_p2                   |     +    |      0|  0|   39|           1|          32|
    |i_14_fu_2739_p2                   |     +    |      0|  0|   12|           3|           1|
    |i_15_fu_2778_p2                   |     +    |      0|  0|   12|           3|           1|
    |i_16_fu_2790_p2                   |     +    |      0|  0|   12|           3|           1|
    |i_17_fu_2802_p2                   |     +    |      0|  0|   12|           3|           1|
    |i_18_fu_2826_p2                   |     +    |      0|  0|   12|           3|           1|
    |i_19_fu_2948_p2                   |     +    |      0|  0|   12|           3|           1|
    |i_20_fu_2960_p2                   |     +    |      0|  0|   12|           3|           1|
    |i_21_fu_2972_p2                   |     +    |      0|  0|   12|           3|           1|
    |i_22_fu_3122_p2                   |     +    |      0|  0|   15|           5|           1|
    |i_23_fu_2996_p2                   |     +    |      0|  0|   16|           9|           1|
    |i_24_fu_3281_p2                   |     +    |      0|  0|   13|           4|           1|
    |i_25_fu_3323_p2                   |     +    |      0|  0|   15|           5|           1|
    |i_26_fu_3581_p2                   |     +    |      0|  0|   12|           3|           1|
    |i_27_fu_3685_p2                   |     +    |      0|  0|   12|           3|           1|
    |i_28_fu_3605_p2                   |     +    |      0|  0|   16|           9|           1|
    |i_29_fu_3697_p2                   |     +    |      0|  0|   12|           3|           1|
    |i_30_fu_3759_p2                   |     +    |      0|  0|   12|           3|           1|
    |i_31_fu_3721_p2                   |     +    |      0|  0|   16|           9|           1|
    |i_32_fu_3828_p2                   |     +    |      0|  0|   12|           3|           1|
    |i_33_fu_3783_p2                   |     +    |      0|  0|   16|           9|           1|
    |i_34_fu_3918_p2                   |     +    |      0|  0|   12|           3|           1|
    |i_35_fu_3852_p2                   |     +    |      0|  0|   16|           9|           1|
    |i_36_fu_3942_p2                   |     +    |      0|  0|   16|           9|           1|
    |i_37_fu_3976_p2                   |     +    |      0|  0|   12|           3|           1|
    |i_38_fu_4000_p2                   |     +    |      0|  0|   16|           9|           1|
    |i_39_fu_4034_p2                   |     +    |      0|  0|   12|           3|           1|
    |i_40_fu_4064_p2                   |     +    |      0|  0|   16|           9|           1|
    |i_fu_1880_p2                      |     +    |      0|  0|   15|           5|           1|
    |j_fu_2751_p2                      |     +    |      0|  0|   12|           3|           1|
    |nonce_fu_2808_p2                  |     +    |      0|  0|   23|           1|          16|
    |s_1_fu_4152_p2                    |     +    |      0|  0|   16|           9|           9|
    |s_fu_4089_p2                      |     +    |      0|  0|   18|          11|          11|
    |sub_ln109_fu_3963_p2              |     -    |      0|  0|   39|          32|          32|
    |sub_ln419_fu_2285_p2              |     -    |      0|  0|   71|          64|          64|
    |sub_ln48_fu_3048_p2               |     -    |      0|  0|   16|           6|           9|
    |sub_ln52_1_fu_3110_p2             |     -    |      0|  0|   39|          32|          32|
    |sub_ln52_fu_3089_p2               |     -    |      0|  0|   39|          22|          32|
    |t_10_fu_3900_p2                   |     -    |      0|  0|   39|          32|          32|
    |a1_1_fu_3076_p2                   |    and   |      0|  0|    8|           8|           8|
    |and_ln301_fu_3894_p2              |    and   |      0|  0|   32|          32|          32|
    |and_ln69_fu_4119_p2               |    and   |      0|  0|    2|           1|           1|
    |ap_block_state12_on_subcall_done  |    and   |      0|  0|    2|           1|           1|
    |icmp_ln100_1_fu_2942_p2           |   icmp   |      0|  0|    9|           3|           4|
    |icmp_ln100_fu_2772_p2             |   icmp   |      0|  0|    9|           3|           4|
    |icmp_ln107_fu_3679_p2             |   icmp   |      0|  0|    9|           3|           4|
    |icmp_ln108_fu_3936_p2             |   icmp   |      0|  0|   13|           9|          10|
    |icmp_ln114_fu_3575_p2             |   icmp   |      0|  0|    9|           3|           4|
    |icmp_ln128_1_fu_2879_p2           |   icmp   |      0|  0|   11|           8|           2|
    |icmp_ln128_2_fu_2905_p2           |   icmp   |      0|  0|   11|           8|           2|
    |icmp_ln128_3_fu_2931_p2           |   icmp   |      0|  0|   11|           8|           2|
    |icmp_ln128_fu_2853_p2             |   icmp   |      0|  0|   11|           8|           2|
    |icmp_ln158_fu_3822_p2             |   icmp   |      0|  0|    9|           3|           4|
    |icmp_ln179_fu_4052_p2             |   icmp   |      0|  0|   13|          11|           7|
    |icmp_ln180_fu_3599_p2             |   icmp   |      0|  0|   13|           9|          10|
    |icmp_ln20_fu_2733_p2              |   icmp   |      0|  0|    9|           3|           4|
    |icmp_ln21_fu_2745_p2              |   icmp   |      0|  0|    9|           3|           4|
    |icmp_ln225_fu_2990_p2             |   icmp   |      0|  0|   13|           9|          10|
    |icmp_ln234_fu_3970_p2             |   icmp   |      0|  0|    9|           3|           4|
    |icmp_ln248_fu_4058_p2             |   icmp   |      0|  0|   13|           9|          10|
    |icmp_ln252_fu_3912_p2             |   icmp   |      0|  0|    9|           3|           4|
    |icmp_ln282_1_fu_2796_p2           |   icmp   |      0|  0|    9|           3|           4|
    |icmp_ln282_fu_2784_p2             |   icmp   |      0|  0|    9|           3|           4|
    |icmp_ln28_fu_2954_p2              |   icmp   |      0|  0|    9|           3|           4|
    |icmp_ln298_fu_3846_p2             |   icmp   |      0|  0|   13|           9|          10|
    |icmp_ln303_fu_3906_p2             |   icmp   |      0|  0|   18|          32|          17|
    |icmp_ln32_fu_3777_p2              |   icmp   |      0|  0|   13|           9|          10|
    |icmp_ln362_1_fu_3116_p2           |   icmp   |      0|  0|   11|           5|           4|
    |icmp_ln362_fu_1874_p2             |   icmp   |      0|  0|   11|           5|           4|
    |icmp_ln371_fu_2966_p2             |   icmp   |      0|  0|    9|           3|           4|
    |icmp_ln387_fu_2040_p2             |   icmp   |      0|  0|    9|           3|           2|
    |icmp_ln392_fu_4028_p2             |   icmp   |      0|  0|    9|           3|           4|
    |icmp_ln399_fu_2046_p2             |   icmp   |      0|  0|   29|          64|           7|
    |icmp_ln400_1_fu_3275_p2           |   icmp   |      0|  0|    9|           4|           4|
    |icmp_ln400_fu_2055_p2             |   icmp   |      0|  0|    9|           4|           4|
    |icmp_ln408_1_fu_3311_p2           |   icmp   |      0|  0|   13|          10|           8|
    |icmp_ln408_fu_2123_p2             |   icmp   |      0|  0|   29|          64|           8|
    |icmp_ln409_1_fu_3317_p2           |   icmp   |      0|  0|   11|           5|           5|
    |icmp_ln409_fu_2161_p2             |   icmp   |      0|  0|   11|           5|           5|
    |icmp_ln416_1_fu_2218_p2           |   icmp   |      0|  0|   11|           5|           5|
    |icmp_ln416_2_fu_3138_p2           |   icmp   |      0|  0|    9|           3|           3|
    |icmp_ln416_fu_1896_p2             |   icmp   |      0|  0|    9|           3|           3|
    |icmp_ln422_fu_2304_p2             |   icmp   |      0|  0|   29|          64|          64|
    |icmp_ln423_fu_2314_p2             |   icmp   |      0|  0|   11|           4|           5|
    |icmp_ln425_fu_2347_p2             |   icmp   |      0|  0|   21|          33|          33|
    |icmp_ln46_fu_2820_p2              |   icmp   |      0|  0|    9|           3|           4|
    |icmp_ln53_fu_3753_p2              |   icmp   |      0|  0|    9|           3|           4|
    |icmp_ln540_1_fu_3400_p2           |   icmp   |      0|  0|    9|           3|           4|
    |icmp_ln540_fu_2481_p2             |   icmp   |      0|  0|    9|           3|           3|
    |icmp_ln69_1_fu_4101_p2            |   icmp   |      0|  0|   18|          32|          23|
    |icmp_ln69_2_fu_4107_p2            |   icmp   |      0|  0|   18|          32|          23|
    |icmp_ln69_3_fu_4113_p2            |   icmp   |      0|  0|   18|          32|           1|
    |icmp_ln69_fu_4095_p2              |   icmp   |      0|  0|   18|          32|          17|
    |icmp_ln85_fu_3691_p2              |   icmp   |      0|  0|    9|           3|           4|
    |icmp_ln87_1_fu_3994_p2            |   icmp   |      0|  0|   13|           9|          10|
    |icmp_ln87_fu_3715_p2              |   icmp   |      0|  0|   13|           9|          10|
    |or_ln542_1_fu_3444_p2             |    or    |      0|  0|    5|           5|           1|
    |or_ln542_fu_2532_p2               |    or    |      0|  0|    6|           6|           1|
    |or_ln543_1_fu_3515_p2             |    or    |      0|  0|    5|           5|           2|
    |or_ln543_fu_2613_p2               |    or    |      0|  0|    6|           6|           2|
    |or_ln544_1_fu_3525_p2             |    or    |      0|  0|    5|           5|           2|
    |or_ln544_fu_2633_p2               |    or    |      0|  0|    6|           6|           2|
    |or_ln545_1_fu_3535_p2             |    or    |      0|  0|    5|           5|           3|
    |or_ln545_fu_2653_p2               |    or    |      0|  0|    6|           6|           3|
    |or_ln546_1_fu_3545_p2             |    or    |      0|  0|    5|           5|           3|
    |or_ln546_fu_2673_p2               |    or    |      0|  0|    6|           6|           3|
    |or_ln547_1_fu_3555_p2             |    or    |      0|  0|    5|           5|           3|
    |or_ln547_fu_2693_p2               |    or    |      0|  0|    6|           6|           3|
    |or_ln548_1_fu_3565_p2             |    or    |      0|  0|    5|           5|           3|
    |or_ln548_fu_2713_p2               |    or    |      0|  0|    6|           6|           3|
    |or_ln69_1_fu_4131_p2              |    or    |      0|  0|    2|           1|           1|
    |or_ln69_fu_4125_p2                |    or    |      0|  0|    2|           1|           1|
    |select_ln48_fu_3068_p3            |  select  |      0|  0|    2|           1|           2|
    |select_ln52_fu_3102_p3            |  select  |      0|  0|   23|           1|          23|
    |t_9_fu_3880_p3                    |  select  |      0|  0|    2|           1|           2|
    |shl_ln450_fu_2456_p2              |    shl   |      0|  0|  182|           5|          64|
    |grp_fu_1834_p2                    |    xor   |      0|  0|   64|          64|          64|
    |xor_ln410_1_fu_3374_p2            |    xor   |      0|  0|   64|          64|          64|
    |xor_ln417_2_fu_3264_p2            |    xor   |      0|  0|   64|          64|          64|
    |xor_ln417_fu_2022_p2              |    xor   |      0|  0|   64|          64|          64|
    |xor_ln427_fu_2410_p2              |    xor   |      0|  0|   64|          64|          64|
    |xor_ln450_1_fu_3381_p2            |    xor   |      0|  0|   64|          64|           5|
    |xor_ln450_fu_2462_p2              |    xor   |      0|  0|   64|          64|          64|
    |xor_ln451_1_fu_3388_p2            |    xor   |      0|  0|   65|          64|          65|
    |xor_ln451_fu_2469_p2              |    xor   |      0|  0|   65|          64|          65|
    |xor_ln48_fu_3062_p2               |    xor   |      0|  0|    2|           1|           2|
    |xor_ln69_fu_4137_p2               |    xor   |      0|  0|    2|           1|           2|
    +----------------------------------+----------+-------+---+-----+------------+------------+
    |Total                             |          |     10|  0| 3997|        2822|        2348|
    +----------------------------------+----------+-------+---+-----+------------+------------+

    * Multiplexer: 
    +----------------------------------------------------+-----+-----------+-----+-----------+
    |                        Name                        | LUT | Input Size| Bits| Total Bits|
    +----------------------------------------------------+-----+-----------+-----+-----------+
    |ap_NS_fsm                                           |  641|        144|    1|        144|
    |ap_phi_mux_p_23_i_i65_phi_fu_1130_p4                |    9|          2|    1|          2|
    |ap_phi_mux_p_27_i_i64144_phi_fu_1118_p4             |    9|          2|    3|          6|
    |ap_phi_mux_p_2_i_i66_phi_fu_1142_p4                 |    9|          2|   64|        128|
    |cp_coeffs_address0                                  |   27|          5|    8|         40|
    |cp_coeffs_ce0                                       |   27|          5|    1|          5|
    |cp_coeffs_d0                                        |   15|          3|   32|         96|
    |cp_coeffs_we0                                       |   15|          3|    1|          3|
    |grp_load64_3_fu_1802_x_offset                       |   33|          6|   64|        384|
    |grp_pqcrystals_dilithium_17_fu_1766_a_offset        |   27|          5|    3|         15|
    |grp_pqcrystals_dilithium_17_fu_1766_a_q0            |   27|          5|   32|        160|
    |grp_pqcrystals_dilithium_4_fu_1824_v_vec_coeffs_q0  |   21|          4|   32|        128|
    |grp_pqcrystals_dilithium_5_fu_1795_v_vec_coeffs_q0  |   15|          3|   32|         96|
    |grp_pqcrystals_dilithium_7_fu_1743_v_vec_coeffs_q0  |   15|          3|   32|         96|
    |grp_pqcrystals_dilithium_7_fu_1743_v_vec_coeffs_q1  |   15|          3|   32|         96|
    |grp_pqcrystals_dilithium_8_fu_1816_bound            |   15|          3|   18|         54|
    |grp_pqcrystals_dilithium_8_fu_1816_v_vec_coeffs_q0  |   15|          3|   32|         96|
    |grp_pqcrystals_dilithium_9_fu_1829_v_vec_coeffs_q0  |   15|          3|   32|         96|
    |h_vec_coeffs_address0                               |   44|          9|   10|         90|
    |h_vec_coeffs_ce0                                    |   38|          7|    1|          7|
    |h_vec_coeffs_ce1                                    |    9|          2|    1|          2|
    |h_vec_coeffs_d0                                     |   27|          5|   32|        160|
    |h_vec_coeffs_we0                                    |   27|          5|    1|          5|
    |i_0_i11_reg_1390                                    |    9|          2|    3|          6|
    |i_0_i127_reg_1263                                   |    9|          2|    3|          6|
    |i_0_i129_reg_1310                                   |    9|          2|    3|          6|
    |i_0_i130_reg_1378                                   |    9|          2|    3|          6|
    |i_0_i33_reg_1492                                    |    9|          2|    3|          6|
    |i_0_i39_reg_1514                                    |    9|          2|    3|          6|
    |i_0_i3_reg_1239                                     |    9|          2|    3|          6|
    |i_0_i41_reg_1526                                    |    9|          2|    3|          6|
    |i_0_i49_reg_1548                                    |    9|          2|    3|          6|
    |i_0_i4_reg_1275                                     |    9|          2|    3|          6|
    |i_0_i54_reg_1592                                    |    9|          2|    3|          6|
    |i_0_i62_reg_1614                                    |    9|          2|    3|          6|
    |i_0_i6_reg_1287                                     |    9|          2|    3|          6|
    |i_0_i73_reg_1570                                    |    9|          2|    3|          6|
    |i_0_i74_reg_1636                                    |    9|          2|    3|          6|
    |i_0_i_i12_reg_1401                                  |    9|          2|    9|         18|
    |i_0_i_i15_reg_1412                                  |    9|          2|    5|         10|
    |i_0_i_i1_reg_1070                                   |    9|          2|    5|         10|
    |i_0_i_i34_reg_1503                                  |    9|          2|    9|         18|
    |i_0_i_i42_reg_1537                                  |    9|          2|    9|         18|
    |i_0_i_i50_reg_1559                                  |    9|          2|    9|         18|
    |i_0_i_i55_reg_1603                                  |    9|          2|    9|         18|
    |i_0_i_i63_reg_1625                                  |    9|          2|    9|         18|
    |i_0_i_i75_reg_1659                                  |    9|          2|    9|         18|
    |i_0_i_i_reg_1581                                    |    9|          2|    9|         18|
    |i_0_i_reg_1366                                      |    9|          2|    3|          6|
    |i_1_i_i62_reg_1103                                  |    9|          2|    4|          8|
    |i_1_i_i_reg_1434                                    |    9|          2|    4|          8|
    |i_2_i_i70_reg_1172                                  |    9|          2|    5|         10|
    |i_2_i_i_reg_1469                                    |    9|          2|    5|         10|
    |i_3_i35_reg_1481                                    |    9|          2|    3|          6|
    |i_3_i_i116_reg_1081                                 |    9|          2|    3|          6|
    |i_3_i_i34_reg_1423                                  |    9|          2|    3|          6|
    |i_3_i_i75_reg_1184                                  |    9|          2|    5|         10|
    |i_3_i_reg_1227                                      |    9|          2|    3|          6|
    |i_4_i_i77_reg_1195                                  |    9|          2|    4|          8|
    |i_5_i_i81_reg_1206                                  |    9|          2|   32|         64|
    |indvars_iv_i_i68_reg_1149                           |    9|          2|   64|        128|
    |indvars_iv_i_i_reg_1445                             |    9|          2|   10|         20|
    |j_0_i_reg_1251                                      |    9|          2|    3|          6|
    |mat_vec_coeffs_address0                             |   15|          3|   12|         36|
    |mat_vec_coeffs_ce0                                  |   15|          3|    1|          3|
    |mat_vec_coeffs_we0                                  |    9|          2|    1|          2|
    |n_reg_1647                                          |    9|          2|   11|         22|
    |nonce_assign_reg_1299                               |    9|          2|   16|         32|
    |p_27_i_i64144_reg_1114                              |    9|          2|    3|          6|
    |p_2_i_i66_reg_1139                                  |    9|          2|   64|        128|
    |p_38_rec_i_i69_reg_1160                             |    9|          2|   64|        128|
    |p_38_rec_i_i_reg_1457                               |    9|          2|   10|         20|
    |phi_ln128_1_reg_1333                                |    9|          2|    8|         16|
    |phi_ln128_2_reg_1344                                |    9|          2|    8|         16|
    |phi_ln128_3_reg_1355                                |    9|          2|    8|         16|
    |phi_ln128_reg_1322                                  |    9|          2|    8|         16|
    |phi_ln387_reg_1092                                  |    9|          2|    3|          6|
    |s1_vec_coeffs_address0                              |   21|          4|   10|         40|
    |s1_vec_coeffs_ce0                                   |   21|          4|    1|          4|
    |s1_vec_coeffs_ce1                                   |    9|          2|    1|          2|
    |s1_vec_coeffs_d0                                    |   15|          3|   32|         96|
    |s1_vec_coeffs_we0                                   |   15|          3|    1|          3|
    |s1_vec_coeffs_we1                                   |    9|          2|    1|          2|
    |s2_vec_coeffs_address0                              |   21|          4|   10|         40|
    |s2_vec_coeffs_ce0                                   |   21|          4|    1|          4|
    |s2_vec_coeffs_ce1                                   |    9|          2|    1|          2|
    |s2_vec_coeffs_d0                                    |   15|          3|   32|         96|
    |s2_vec_coeffs_we0                                   |   15|          3|    1|          3|
    |s2_vec_coeffs_we1                                   |    9|          2|    1|          2|
    |s_0_i_i_reg_1670                                    |    9|          2|    9|         18|
    |seedbuf_address0                                    |   85|         17|    8|        136|
    |seedbuf_address1                                    |   65|         16|    8|        128|
    |seedbuf_ce0                                         |   33|          6|    1|          6|
    |seedbuf_ce1                                         |   27|          5|    1|          5|
    |seedbuf_d0                                          |   38|          7|    8|         56|
    |seedbuf_d1                                          |   33|          6|    8|         48|
    |seedbuf_we0                                         |   21|          4|    1|          4|
    |seedbuf_we1                                         |   15|          3|    1|          3|
    |sig_address0                                        |   47|         10|   13|        130|
    |sig_address1                                        |   41|          8|   13|        104|
    |sig_ce0                                             |   33|          6|    1|          6|
    |sig_ce1                                             |   27|          5|    1|          5|
    |sig_d0                                              |   38|          7|    8|         56|
    |sig_d1                                              |   33|          6|    8|         48|
    |sig_we0                                             |   21|          4|    1|          4|
    |sig_we1                                             |   15|          3|    1|          3|
    |state_pos_reg_1217                                  |    9|          2|   10|         20|
    |state_s_address0                                    |  101|         21|    5|        105|
    |state_s_address1                                    |   38|          7|    5|         35|
    |state_s_ce0                                         |   15|          3|    1|          3|
    |state_s_ce1                                         |   15|          3|    1|          3|
    |state_s_d0                                          |   47|         10|   64|        640|
    |state_s_d1                                          |   21|          4|   64|        256|
    |state_s_we0                                         |   15|          3|    1|          3|
    |state_s_we1                                         |   15|          3|    1|          3|
    |t0_vec_coeffs_address0                              |   21|          4|   10|         40|
    |t0_vec_coeffs_ce0                                   |   21|          4|    1|          4|
    |t0_vec_coeffs_ce1                                   |    9|          2|    1|          2|
    |t0_vec_coeffs_d0                                    |   15|          3|   32|         96|
    |t0_vec_coeffs_we0                                   |   15|          3|    1|          3|
    |t0_vec_coeffs_we1                                   |    9|          2|    1|          2|
    |t_6_address0                                        |   38|          7|    3|         21|
    |t_6_address1                                        |   33|          6|    3|         18|
    |w0_vec_coeffs_address0                              |   47|         10|   10|        100|
    |w0_vec_coeffs_ce0                                   |   27|          5|    1|          5|
    |w0_vec_coeffs_d0                                    |   33|          6|   32|        192|
    |w0_vec_coeffs_we0                                   |   21|          4|    1|          4|
    |w1_vec_coeffs_address0                              |   44|          9|   10|         90|
    |w1_vec_coeffs_address1                              |   15|          3|   10|         30|
    |w1_vec_coeffs_ce0                                   |   38|          7|    1|          7|
    |w1_vec_coeffs_ce1                                   |   15|          3|    1|          3|
    |w1_vec_coeffs_d0                                    |   33|          6|   32|        192|
    |w1_vec_coeffs_we0                                   |   33|          6|    1|          6|
    |y_vec_coeffs_address0                               |   38|          7|   10|         70|
    |y_vec_coeffs_ce0                                    |   15|          3|    1|          3|
    |y_vec_coeffs_we0                                    |    9|          2|    1|          2|
    |z_vec_coeffs_address0                               |   62|         15|   10|        150|
    |z_vec_coeffs_ce0                                    |   33|          6|    1|          6|
    |z_vec_coeffs_ce1                                    |    9|          2|    1|          2|
    |z_vec_coeffs_d0                                     |   47|         10|   32|        320|
    |z_vec_coeffs_we0                                    |   21|          4|    1|          4|
    +----------------------------------------------------+-----+-----------+-----+-----------+
    |Total                                               | 3331|        688| 1503|       6406|
    +----------------------------------------------------+-----+-----------+-----+-----------+

    * Register: 
    +--------------------------------------------------+-----+----+-----+-----------+
    |                       Name                       |  FF | LUT| Bits| Const Bits|
    +--------------------------------------------------+-----+----+-----+-----------+
    |a1_1_reg_4792                                     |    8|   0|    8|          0|
    |add_ln128_1_reg_4678                              |    8|   0|    8|          0|
    |add_ln128_2_reg_4697                              |    8|   0|    8|          0|
    |add_ln128_3_reg_4716                              |    8|   0|    8|          0|
    |add_ln128_reg_4659                                |    8|   0|    8|          0|
    |add_ln410_2_reg_4332                              |   64|   0|   64|          0|
    |add_ln410_4_reg_4904                              |   10|   0|   10|          0|
    |add_ln411_1_reg_4909                              |   10|   0|   10|          0|
    |add_ln411_reg_4337                                |   64|   0|   64|          0|
    |add_ln414_1_reg_4342                              |   64|   0|   64|          0|
    |add_ln414_reg_4914                                |   10|   0|   10|          0|
    |add_ln416_1_reg_4355                              |    5|   0|    5|          0|
    |add_ln416_2_reg_4815                              |    3|   0|    3|          0|
    |add_ln416_reg_4200                                |    3|   0|    3|          0|
    |add_ln417_3_reg_4360                              |   64|   0|   64|          0|
    |add_ln417_4_reg_4365                              |    5|   0|    5|          0|
    |add_ln420_reg_4385                                |    6|   0|    9|          3|
    |add_ln426_reg_4413                                |   14|   0|   14|          0|
    |add_ln47_reg_4654                                 |   16|   0|   16|          0|
    |add_ln51_reg_4798                                 |   32|   0|   32|          0|
    |add_ln540_1_reg_4932                              |    3|   0|    3|          0|
    |add_ln540_reg_4535                                |    3|   0|    3|          0|
    |add_ln_reg_4601                                   |    5|   0|   10|          5|
    |ap_CS_fsm                                         |  143|   0|  143|          0|
    |cp_coeffs_load_reg_5023                           |   32|   0|   32|          0|
    |grp_KeccakF1600_StatePer_1_fu_1722_ap_start_reg   |    1|   0|    1|          0|
    |grp_load64_3_fu_1802_ap_start_reg                 |    1|   0|    1|          0|
    |grp_pqcrystals_dilithium_12_fu_1695_ap_start_reg  |    1|   0|    1|          0|
    |grp_pqcrystals_dilithium_13_fu_1682_ap_start_reg  |    1|   0|    1|          0|
    |grp_pqcrystals_dilithium_14_fu_1706_ap_start_reg  |    1|   0|    1|          0|
    |grp_pqcrystals_dilithium_15_fu_1787_ap_start_reg  |    1|   0|    1|          0|
    |grp_pqcrystals_dilithium_16_fu_1759_ap_start_reg  |    1|   0|    1|          0|
    |grp_pqcrystals_dilithium_17_fu_1766_ap_start_reg  |    1|   0|    1|          0|
    |grp_pqcrystals_dilithium_18_fu_1750_ap_start_reg  |    1|   0|    1|          0|
    |grp_pqcrystals_dilithium_1_fu_1729_ap_start_reg   |    1|   0|    1|          0|
    |grp_pqcrystals_dilithium_3_fu_1778_ap_start_reg   |    1|   0|    1|          0|
    |grp_pqcrystals_dilithium_4_fu_1824_ap_start_reg   |    1|   0|    1|          0|
    |grp_pqcrystals_dilithium_5_fu_1795_ap_start_reg   |    1|   0|    1|          0|
    |grp_pqcrystals_dilithium_6_fu_1809_ap_start_reg   |    1|   0|    1|          0|
    |grp_pqcrystals_dilithium_7_fu_1743_ap_start_reg   |    1|   0|    1|          0|
    |grp_pqcrystals_dilithium_8_fu_1816_ap_start_reg   |    1|   0|    1|          0|
    |grp_pqcrystals_dilithium_9_fu_1829_ap_start_reg   |    1|   0|    1|          0|
    |grp_shake256_fu_1715_ap_start_reg                 |    1|   0|    1|          0|
    |i_0_i11_reg_1390                                  |    3|   0|    3|          0|
    |i_0_i127_reg_1263                                 |    3|   0|    3|          0|
    |i_0_i129_reg_1310                                 |    3|   0|    3|          0|
    |i_0_i130_reg_1378                                 |    3|   0|    3|          0|
    |i_0_i33_reg_1492                                  |    3|   0|    3|          0|
    |i_0_i39_reg_1514                                  |    3|   0|    3|          0|
    |i_0_i3_reg_1239                                   |    3|   0|    3|          0|
    |i_0_i41_reg_1526                                  |    3|   0|    3|          0|
    |i_0_i49_reg_1548                                  |    3|   0|    3|          0|
    |i_0_i4_reg_1275                                   |    3|   0|    3|          0|
    |i_0_i54_reg_1592                                  |    3|   0|    3|          0|
    |i_0_i62_reg_1614                                  |    3|   0|    3|          0|
    |i_0_i6_reg_1287                                   |    3|   0|    3|          0|
    |i_0_i73_reg_1570                                  |    3|   0|    3|          0|
    |i_0_i74_reg_1636                                  |    3|   0|    3|          0|
    |i_0_i_i12_reg_1401                                |    9|   0|    9|          0|
    |i_0_i_i15_reg_1412                                |    5|   0|    5|          0|
    |i_0_i_i1_reg_1070                                 |    5|   0|    5|          0|
    |i_0_i_i34_reg_1503                                |    9|   0|    9|          0|
    |i_0_i_i42_reg_1537                                |    9|   0|    9|          0|
    |i_0_i_i50_reg_1559                                |    9|   0|    9|          0|
    |i_0_i_i55_reg_1603                                |    9|   0|    9|          0|
    |i_0_i_i63_reg_1625                                |    9|   0|    9|          0|
    |i_0_i_i75_reg_1659                                |    9|   0|    9|          0|
    |i_0_i_i_reg_1581                                  |    9|   0|    9|          0|
    |i_0_i_reg_1366                                    |    3|   0|    3|          0|
    |i_10_reg_4275                                     |    4|   0|    4|          0|
    |i_11_reg_4327                                     |    5|   0|    5|          0|
    |i_13_reg_4426                                     |   32|   0|   32|          0|
    |i_14_reg_4588                                     |    3|   0|    3|          0|
    |i_15_reg_4609                                     |    3|   0|    3|          0|
    |i_16_reg_4617                                     |    3|   0|    3|          0|
    |i_17_reg_4625                                     |    3|   0|    3|          0|
    |i_18_reg_4649                                     |    3|   0|    3|          0|
    |i_19_reg_4738                                     |    3|   0|    3|          0|
    |i_1_i_i62_reg_1103                                |    4|   0|    4|          0|
    |i_1_i_i_reg_1434                                  |    4|   0|    4|          0|
    |i_20_reg_4746                                     |    3|   0|    3|          0|
    |i_21_reg_4754                                     |    3|   0|    3|          0|
    |i_23_reg_4767                                     |    9|   0|    9|          0|
    |i_24_reg_4878                                     |    4|   0|    4|          0|
    |i_25_reg_4899                                     |    5|   0|    5|          0|
    |i_26_reg_4990                                     |    3|   0|    3|          0|
    |i_27_reg_5056                                     |    3|   0|    3|          0|
    |i_28_reg_5003                                     |    9|   0|    9|          0|
    |i_29_reg_5064                                     |    3|   0|    3|          0|
    |i_2_i_i70_reg_1172                                |    5|   0|    5|          0|
    |i_2_i_i_reg_1469                                  |    5|   0|    5|          0|
    |i_30_reg_5095                                     |    3|   0|    3|          0|
    |i_31_reg_5077                                     |    9|   0|    9|          0|
    |i_32_reg_5132                                     |    3|   0|    3|          0|
    |i_33_reg_5108                                     |    9|   0|    9|          0|
    |i_34_reg_5161                                     |    3|   0|    3|          0|
    |i_35_reg_5145                                     |    9|   0|    9|          0|
    |i_36_reg_5174                                     |    9|   0|    9|          0|
    |i_37_reg_5200                                     |    3|   0|    3|          0|
    |i_38_reg_5213                                     |    9|   0|    9|          0|
    |i_39_reg_5231                                     |    3|   0|    3|          0|
    |i_3_i35_reg_1481                                  |    3|   0|    3|          0|
    |i_3_i_i116_reg_1081                               |    3|   0|    3|          0|
    |i_3_i_i34_reg_1423                                |    3|   0|    3|          0|
    |i_3_i_i75_reg_1184                                |    5|   0|    5|          0|
    |i_3_i_reg_1227                                    |    3|   0|    3|          0|
    |i_40_reg_5247                                     |    9|   0|    9|          0|
    |i_4_i_i77_reg_1195                                |    4|   0|    4|          0|
    |i_5_i_i81_reg_1206                                |   32|   0|   32|          0|
    |icmp_ln128_1_reg_4693                             |    1|   0|    1|          0|
    |icmp_ln128_2_reg_4712                             |    1|   0|    1|          0|
    |icmp_ln128_3_reg_4731                             |    1|   0|    1|          0|
    |icmp_ln128_reg_4674                               |    1|   0|    1|          0|
    |icmp_ln158_reg_5128                               |    1|   0|    1|          0|
    |icmp_ln399_reg_4268                               |    1|   0|    1|          0|
    |icmp_ln422_reg_4396                               |    1|   0|    1|          0|
    |indvars_iv_i_i68_reg_1149                         |   64|   0|   64|          0|
    |indvars_iv_i_i_reg_1445                           |   10|   0|   10|          0|
    |j_0_i_reg_1251                                    |    3|   0|    3|          0|
    |j_reg_4596                                        |    3|   0|    3|          0|
    |mul_ln181_reg_5033                                |   64|   0|   64|          0|
    |mul_ln19_reg_5048                                 |   55|   0|   55|          0|
    |n_reg_1647                                        |   11|   0|   11|          0|
    |nonce_assign_reg_1299                             |   16|   0|   16|          0|
    |nonce_reg_4636                                    |   16|   0|   16|          0|
    |p_23_i_i65_reg_1126                               |    1|   0|    5|          4|
    |p_27_i_i64144_reg_1114                            |    3|   0|    7|          4|
    |p_2_i_i66_reg_1139                                |   64|   0|   64|          0|
    |p_38_rec_i_i69_reg_1160                           |   64|   0|   64|          0|
    |p_38_rec_i_i_reg_1457                             |   10|   0|   10|          0|
    |phi_ln128_1_reg_1333                              |    8|   0|    8|          0|
    |phi_ln128_2_reg_1344                              |    8|   0|    8|          0|
    |phi_ln128_3_reg_1355                              |    8|   0|    8|          0|
    |phi_ln128_reg_1322                                |    8|   0|    8|          0|
    |phi_ln387_reg_1092                                |    3|   0|    3|          0|
    |reg_1846                                          |    8|   0|    8|          0|
    |reg_1850                                          |    8|   0|    8|          0|
    |reg_1854                                          |    8|   0|    8|          0|
    |reg_1858                                          |    8|   0|    8|          0|
    |reg_1862                                          |    8|   0|    8|          0|
    |reg_1866                                          |    8|   0|    8|          0|
    |reg_1870                                          |   64|   0|   64|          0|
    |s1_vec_coeffs_load_reg_5028                       |   32|   0|   32|          0|
    |s_0_i_i_reg_1670                                  |    9|   0|    9|          0|
    |shl_ln47_reg_4641                                 |   14|   0|   16|          2|
    |shl_ln4_reg_4545                                  |    3|   0|    6|          3|
    |shl_ln541_1_reg_4947                              |    2|   0|    5|          3|
    |state_pos_reg_1217                                |   10|   0|   10|          0|
    |state_s_addr_11_reg_4840                          |    3|   0|    5|          2|
    |state_s_addr_12_reg_4888                          |    5|   0|    5|          0|
    |state_s_addr_14_reg_4924                          |    5|   0|    5|          0|
    |state_s_addr_1_reg_4225                           |    3|   0|    5|          2|
    |state_s_addr_2_reg_4285                           |    5|   0|    5|          0|
    |state_s_addr_3_reg_4400                           |    5|   0|    5|          0|
    |state_s_addr_4_reg_4347                           |    5|   0|    5|          0|
    |state_s_addr_5_reg_4446                           |    5|   0|    5|          0|
    |state_s_addr_6_reg_4521                           |    5|   0|    5|          0|
    |sub_ln419_reg_4375                                |   64|   0|   64|          0|
    |t_6_load_1_reg_4461                               |    8|   0|    8|          0|
    |t_6_load_2_reg_4476                               |    8|   0|    8|          0|
    |t_6_load_3_reg_4481                               |    8|   0|    8|          0|
    |t_6_load_4_reg_4496                               |    8|   0|    8|          0|
    |t_6_load_5_reg_4501                               |    8|   0|    8|          0|
    |t_6_load_reg_4456                                 |    8|   0|    8|          0|
    |t_reg_5043                                        |   32|   0|   32|          0|
    |tmp_10_reg_5189                                   |    1|   0|    1|          0|
    |tmp_11_reg_5193                                   |    1|   0|    1|          0|
    |tmp_12_reg_4721                                   |    8|   0|   64|         56|
    |tmp_3_reg_4318                                    |    5|   0|    5|          0|
    |tmp_7_reg_4683                                    |    8|   0|   64|         56|
    |tmp_8_reg_4702                                    |    8|   0|   64|         56|
    |trunc_ln10_reg_5123                               |    9|   0|    9|          0|
    |trunc_ln18_reg_5038                               |   32|   0|   32|          0|
    |trunc_ln2_reg_4555                                |    8|   0|    8|          0|
    |trunc_ln3_reg_4560                                |    8|   0|    8|          0|
    |trunc_ln408_reg_4308                              |   14|   0|   14|          0|
    |trunc_ln419_reg_4380                              |   33|   0|   33|          0|
    |trunc_ln428_reg_4451                              |   10|   0|   10|          0|
    |trunc_ln4_reg_4565                                |    8|   0|    8|          0|
    |trunc_ln541_2_reg_4942                            |    2|   0|    2|          0|
    |trunc_ln543_1_reg_4957                            |    8|   0|    8|          0|
    |trunc_ln544_1_reg_4962                            |    8|   0|    8|          0|
    |trunc_ln545_1_reg_4967                            |    8|   0|    8|          0|
    |trunc_ln546_1_reg_4972                            |    8|   0|    8|          0|
    |trunc_ln547_1_reg_4977                            |    8|   0|    8|          0|
    |trunc_ln548_1_reg_4982                            |    8|   0|    8|          0|
    |trunc_ln5_reg_4570                                |    8|   0|    8|          0|
    |trunc_ln6_reg_4575                                |    8|   0|    8|          0|
    |trunc_ln7_reg_4580                                |    8|   0|    8|          0|
    |trunc_ln8_reg_4787                                |   25|   0|   25|          0|
    |w0_vec_coeffs_addr_1_reg_5179                     |   10|   0|   10|          0|
    |w0_vec_coeffs_addr_2_reg_5218                     |   10|   0|   10|          0|
    |w1_vec_coeffs_addr_reg_4777                       |   10|   0|   10|          0|
    |w1_vec_coeffs_load_reg_4782                       |   32|   0|   32|          0|
    |z_vec_coeffs_addr_5_reg_5087                      |   10|   0|   10|          0|
    |z_vec_coeffs_addr_6_reg_5113                      |   10|   0|   10|          0|
    |z_vec_coeffs_load_1_reg_5118                      |   32|   0|   32|          0|
    |zext_ln104_reg_5166                               |    3|   0|   12|          9|
    |zext_ln128_reg_4664                               |    8|   0|   64|         56|
    |zext_ln176_reg_4995                               |    3|   0|   12|          9|
    |zext_ln181_15_reg_5008                            |   12|   0|   64|         52|
    |zext_ln221_reg_4759                               |    3|   0|   12|          9|
    |zext_ln226_1_reg_4772                             |   12|   0|   64|         52|
    |zext_ln244_reg_5236                               |    3|   0|   12|          9|
    |zext_ln249_1_reg_5252                             |   12|   0|   64|         52|
    |zext_ln287_reg_5137                               |    3|   0|   12|          9|
    |zext_ln28_reg_5100                                |    3|   0|   12|          9|
    |zext_ln401_1_reg_4280                             |    9|   0|   64|         55|
    |zext_ln401_3_reg_4883                             |    4|   0|   64|         60|
    |zext_ln408_1_reg_4295                             |    3|   0|   64|         61|
    |zext_ln408_2_reg_4300                             |    2|   0|    9|          7|
    |zext_ln408_reg_4290                               |    3|   0|   14|         11|
    |zext_ln410_5_reg_4919                             |   10|   0|   64|         54|
    |zext_ln417_4_reg_4313                             |    2|   0|    5|          3|
    |zext_ln417_7_reg_4820                             |    3|   0|    8|          5|
    |zext_ln417_reg_4205                               |    3|   0|    7|          4|
    |zext_ln419_reg_4370                               |    5|   0|   14|          9|
    |zext_ln420_reg_4390                               |    6|   0|   10|          4|
    |zext_ln425_reg_4418                               |   32|   0|   64|         32|
    |zext_ln83_1_reg_5205                              |    3|   0|   12|          9|
    |zext_ln83_reg_5069                                |    3|   0|   12|          9|
    +--------------------------------------------------+-----+----+-----+-----------+
    |Total                                             | 2294|   0| 3079|        785|
    +--------------------------------------------------+-----+----+-----+-----------+



================================================================
== Interface
================================================================
* Summary: 
+--------------+-----+-----+------------+-------------------------+--------------+
|   RTL Ports  | Dir | Bits|  Protocol  |      Source Object      |    C Type    |
+--------------+-----+-----+------------+-------------------------+--------------+
|ap_clk        |  in |    1| ap_ctrl_hs | pqcrystals_dilithium.20 | return value |
|ap_rst        |  in |    1| ap_ctrl_hs | pqcrystals_dilithium.20 | return value |
|ap_start      |  in |    1| ap_ctrl_hs | pqcrystals_dilithium.20 | return value |
|ap_done       | out |    1| ap_ctrl_hs | pqcrystals_dilithium.20 | return value |
|ap_idle       | out |    1| ap_ctrl_hs | pqcrystals_dilithium.20 | return value |
|ap_ready      | out |    1| ap_ctrl_hs | pqcrystals_dilithium.20 | return value |
|sig_address0  | out |   13|  ap_memory |           sig           |     array    |
|sig_ce0       | out |    1|  ap_memory |           sig           |     array    |
|sig_we0       | out |    1|  ap_memory |           sig           |     array    |
|sig_d0        | out |    8|  ap_memory |           sig           |     array    |
|sig_q0        |  in |    8|  ap_memory |           sig           |     array    |
|sig_address1  | out |   13|  ap_memory |           sig           |     array    |
|sig_ce1       | out |    1|  ap_memory |           sig           |     array    |
|sig_we1       | out |    1|  ap_memory |           sig           |     array    |
|sig_d1        | out |    8|  ap_memory |           sig           |     array    |
|sig_q1        |  in |    8|  ap_memory |           sig           |     array    |
|mlen          |  in |   64|   ap_none  |           mlen          |    scalar    |
|sk_address0   | out |   12|  ap_memory |            sk           |     array    |
|sk_ce0        | out |    1|  ap_memory |            sk           |     array    |
|sk_q0         |  in |    8|  ap_memory |            sk           |     array    |
|sk_address1   | out |   12|  ap_memory |            sk           |     array    |
|sk_ce1        | out |    1|  ap_memory |            sk           |     array    |
|sk_q1         |  in |    8|  ap_memory |            sk           |     array    |
+--------------+-----+-----+------------+-------------------------+--------------+

