

================================================================
== Vivado HLS Report for 'pqcrystals_dilithium2_ref'
================================================================
* Date:           Thu Apr 13 00:02:09 2023

* Version:        2019.2 (Build 2704478 on Wed Nov 06 22:10:23 MST 2019)
* Project:        Phase2
* Solution:       Area
* Product family: artix7
* Target device:  xc7a200t-fbg676-2


================================================================
== Performance Estimates
================================================================
+ Timing: 
    * Summary: 
    +--------+----------+----------+------------+
    |  Clock |  Target  | Estimated| Uncertainty|
    +--------+----------+----------+------------+
    |ap_clk  | 10.00 ns | 9.122 ns |   1.25 ns  |
    +--------+----------+----------+------------+

+ Latency: 
    * Summary: 
    +---------+---------+----------+----------+-----+-----+---------+
    |  Latency (cycles) |  Latency (absolute) |  Interval | Pipeline|
    |   min   |   max   |    min   |    max   | min | max |   Type  |
    +---------+---------+----------+----------+-----+-----+---------+
    |        ?|        ?|         ?|         ?|    ?|    ?|   none  |
    +---------+---------+----------+----------+-----+-----+---------+

    + Detail: 
        * Instance: 
        +-----------------------------------+-------------------------+---------+---------+----------+----------+-----+-----+---------+
        |                                   |                         |  Latency (cycles) |  Latency (absolute) |  Interval | Pipeline|
        |              Instance             |          Module         |   min   |   max   |    min   |    max   | min | max |   Type  |
        +-----------------------------------+-------------------------+---------+---------+----------+----------+-----+-----+---------+
        |grp_pqcrystals_dilithium_20_fu_89  |pqcrystals_dilithium_20  |        ?|        ?|         ?|         ?|    ?|    ?|   none  |
        +-----------------------------------+-------------------------+---------+---------+----------+----------+-----+-----+---------+

        * Loop: 
        +----------+---------+---------+----------+-----------+-----------+------+----------+
        |          |  Latency (cycles) | Iteration|  Initiation Interval  | Trip |          |
        | Loop Name|   min   |   max   |  Latency |  achieved |   target  | Count| Pipelined|
        +----------+---------+---------+----------+-----------+-----------+------+----------+
        |- Loop 1  |        ?|        ?|         2|          -|          -|     ?|    no    |
        +----------+---------+---------+----------+-----------+-----------+------+----------+



================================================================
== Utilization Estimates
================================================================
* Summary: 
+-----------------+---------+-------+--------+--------+-----+
|       Name      | BRAM_18K| DSP48E|   FF   |   LUT  | URAM|
+-----------------+---------+-------+--------+--------+-----+
|DSP              |        -|      -|       -|       -|    -|
|Expression       |        -|      -|       0|     253|    -|
|FIFO             |        -|      -|       -|       -|    -|
|Instance         |       63|     88|   23908|  106400|    0|
|Memory           |        -|      -|       -|       -|    -|
|Multiplexer      |        -|      -|       -|     114|    -|
|Register         |        -|      -|     174|       -|    -|
+-----------------+---------+-------+--------+--------+-----+
|Total            |       63|     88|   24082|  106767|    0|
+-----------------+---------+-------+--------+--------+-----+
|Available        |      730|    740|  269200|  134600|    0|
+-----------------+---------+-------+--------+--------+-----+
|Utilization (%)  |        8|     11|       8|      79|    0|
+-----------------+---------+-------+--------+--------+-----+

+ Detail: 
    * Instance: 
    +-----------------------------------+-------------------------+---------+-------+-------+--------+-----+
    |              Instance             |          Module         | BRAM_18K| DSP48E|   FF  |   LUT  | URAM|
    +-----------------------------------+-------------------------+---------+-------+-------+--------+-----+
    |grp_pqcrystals_dilithium_20_fu_89  |pqcrystals_dilithium_20  |       63|     88|  23908|  106400|    0|
    +-----------------------------------+-------------------------+---------+-------+-------+--------+-----+
    |Total                              |                         |       63|     88|  23908|  106400|    0|
    +-----------------------------------+-------------------------+---------+-------+-------+--------+-----+

    * DSP48E: 
    N/A

    * Memory: 
    N/A

    * FIFO: 
    N/A

    * Expression: 
    +-----------------------+----------+-------+---+----+------------+------------+
    |     Variable Name     | Operation| DSP48E| FF| LUT| Bitwidth P0| Bitwidth P1|
    +-----------------------+----------+-------+---+----+------------+------------+
    |add_ln213_1_fu_116_p2  |     +    |      0|  0|  21|          12|          14|
    |add_ln213_fu_106_p2    |     +    |      0|  0|  20|           2|          13|
    |i_fu_135_p2            |     +    |      0|  0|  71|           1|          64|
    |smlen                  |     +    |      0|  0|  71|          64|          12|
    |sub_ln213_1_fu_151_p2  |     -    |      0|  0|  21|          14|          14|
    |sub_ln213_fu_141_p2    |     -    |      0|  0|  20|          13|          13|
    |icmp_ln212_fu_130_p2   |   icmp   |      0|  0|  29|          64|          64|
    +-----------------------+----------+-------+---+----+------------+------------+
    |Total                  |          |      0|  0| 253|         170|         194|
    +-----------------------+----------+-------+---+----+------------+------------+

    * Multiplexer: 
    +-------------+----+-----------+-----+-----------+
    |     Name    | LUT| Input Size| Bits| Total Bits|
    +-------------+----+-----------+-----+-----------+
    |ap_NS_fsm    |  27|          5|    1|          5|
    |i_0_reg_78   |   9|          2|   64|        128|
    |sm_address0  |  15|          3|   13|         39|
    |sm_ce0       |  15|          3|    1|          3|
    |sm_ce1       |   9|          2|    1|          2|
    |sm_d0        |  15|          3|    8|         24|
    |sm_we0       |  15|          3|    1|          3|
    |sm_we1       |   9|          2|    1|          2|
    +-------------+----+-----------+-----+-----------+
    |Total        | 114|         23|   90|        206|
    +-------------+----+-----------+-----+-----------+

    * Register: 
    +------------------------------------------------+----+----+-----+-----------+
    |                      Name                      | FF | LUT| Bits| Const Bits|
    +------------------------------------------------+----+----+-----+-----------+
    |add_ln213_1_reg_178                             |  14|   0|   14|          0|
    |add_ln213_reg_173                               |  13|   0|   13|          0|
    |ap_CS_fsm                                       |   4|   0|    4|          0|
    |grp_pqcrystals_dilithium_20_fu_89_ap_start_reg  |   1|   0|    1|          0|
    |i_0_reg_78                                      |  64|   0|   64|          0|
    |i_reg_186                                       |  64|   0|   64|          0|
    |sub_ln213_1_reg_196                             |  14|   0|   14|          0|
    +------------------------------------------------+----+----+-----+-----------+
    |Total                                           | 174|   0|  174|          0|
    +------------------------------------------------+----+----+-----+-----------+



================================================================
== Interface
================================================================
* Summary: 
+--------------+-----+-----+------------+---------------------------+--------------+
|   RTL Ports  | Dir | Bits|  Protocol  |       Source Object       |    C Type    |
+--------------+-----+-----+------------+---------------------------+--------------+
|ap_clk        |  in |    1| ap_ctrl_hs | pqcrystals_dilithium2_ref | return value |
|ap_rst        |  in |    1| ap_ctrl_hs | pqcrystals_dilithium2_ref | return value |
|ap_start      |  in |    1| ap_ctrl_hs | pqcrystals_dilithium2_ref | return value |
|ap_done       | out |    1| ap_ctrl_hs | pqcrystals_dilithium2_ref | return value |
|ap_idle       | out |    1| ap_ctrl_hs | pqcrystals_dilithium2_ref | return value |
|ap_ready      | out |    1| ap_ctrl_hs | pqcrystals_dilithium2_ref | return value |
|ap_return     | out |   32| ap_ctrl_hs | pqcrystals_dilithium2_ref | return value |
|sm_address0   | out |   13|  ap_memory |             sm            |     array    |
|sm_ce0        | out |    1|  ap_memory |             sm            |     array    |
|sm_we0        | out |    1|  ap_memory |             sm            |     array    |
|sm_d0         | out |    8|  ap_memory |             sm            |     array    |
|sm_q0         |  in |    8|  ap_memory |             sm            |     array    |
|sm_address1   | out |   13|  ap_memory |             sm            |     array    |
|sm_ce1        | out |    1|  ap_memory |             sm            |     array    |
|sm_we1        | out |    1|  ap_memory |             sm            |     array    |
|sm_d1         | out |    8|  ap_memory |             sm            |     array    |
|sm_q1         |  in |    8|  ap_memory |             sm            |     array    |
|smlen         | out |   64|   ap_vld   |           smlen           |    pointer   |
|smlen_ap_vld  | out |    1|   ap_vld   |           smlen           |    pointer   |
|m_address0    | out |   12|  ap_memory |             m             |     array    |
|m_ce0         | out |    1|  ap_memory |             m             |     array    |
|m_q0          |  in |    8|  ap_memory |             m             |     array    |
|mlen          |  in |   64|   ap_none  |            mlen           |    scalar    |
|sk_address0   | out |   12|  ap_memory |             sk            |     array    |
|sk_ce0        | out |    1|  ap_memory |             sk            |     array    |
|sk_q0         |  in |    8|  ap_memory |             sk            |     array    |
|sk_address1   | out |   12|  ap_memory |             sk            |     array    |
|sk_ce1        | out |    1|  ap_memory |             sk            |     array    |
|sk_q1         |  in |    8|  ap_memory |             sk            |     array    |
+--------------+-----+-----+------------+---------------------------+--------------+

