

================================================================
== Vivado HLS Report for 'pqcrystals_dilithium_13'
================================================================
* Date:           Thu Apr 13 00:00:46 2023

* Version:        2019.2 (Build 2704478 on Wed Nov 06 22:10:23 MST 2019)
* Project:        Phase2
* Solution:       Area
* Product family: artix7
* Target device:  xc7a200t-fbg676-2


================================================================
== Performance Estimates
================================================================
+ Timing: 
    * Summary: 
    +--------+----------+----------+------------+
    |  Clock |  Target  | Estimated| Uncertainty|
    +--------+----------+----------+------------+
    |ap_clk  | 10.00 ns | 6.812 ns |   1.25 ns  |
    +--------+----------+----------+------------+

+ Latency: 
    * Summary: 
    +---------+---------+----------+----------+-----+-----+---------+
    |  Latency (cycles) |  Latency (absolute) |  Interval | Pipeline|
    |   min   |   max   |    min   |    max   | min | max |   Type  |
    +---------+---------+----------+----------+-----+-----+---------+
    |        ?|        ?|         ?|         ?|    ?|    ?|   none  |
    +---------+---------+----------+----------+-----+-----+---------+

    + Detail: 
        * Instance: 
        +-----------------------------------+------------------------+---------+---------+----------+----------+-----+-----+---------+
        |                                   |                        |  Latency (cycles) |  Latency (absolute) |  Interval | Pipeline|
        |              Instance             |         Module         |   min   |   max   |    min   |    max   | min | max |   Type  |
        +-----------------------------------+------------------------+---------+---------+----------+----------+-----+-----+---------+
        |grp_KeccakF1600_StatePer_1_fu_558  |KeccakF1600_StatePer_1  |       50|       50| 0.500 us | 0.500 us |   50|   50|   none  |
        |grp_rej_uniform_fu_565             |rej_uniform             |        ?|        ?|         ?|         ?|    ?|    ?|   none  |
        |grp_shake128_absorb_fu_581         |shake128_absorb         |       24|       24| 0.240 us | 0.240 us |   24|   24|   none  |
        +-----------------------------------+------------------------+---------+---------+----------+----------+-----+-----+---------+

        * Loop: 
        +-------------+---------+---------+----------+-----------+-----------+-------+----------+
        |             |  Latency (cycles) | Iteration|  Initiation Interval  |  Trip |          |
        |  Loop Name  |   min   |   max   |  Latency |  achieved |   target  | Count | Pipelined|
        +-------------+---------+---------+----------+-----------+-----------+-------+----------+
        |- Loop 1     |       25|       25|         1|          -|          -|     25|    no    |
        |- Loop 2     |       20|       20|         5|          -|          -|      4|    no    |
        |- Loop 3     |      790|      790|       158|          -|          -|      5|    no    |
        | + Loop 3.1  |      105|      105|         5|          -|          -|     21|    no    |
        |- Loop 4     |        ?|        ?|         ?|          -|          -|      ?|    no    |
        | + Loop 4.1  |        0|        4|         2|          -|          -| 0 ~ 2 |    no    |
        | + Loop 4.2  |      105|      105|         5|          -|          -|     21|    no    |
        +-------------+---------+---------+----------+-----------+-----------+-------+----------+



================================================================
== Utilization Estimates
================================================================
* Summary: 
+-----------------+---------+-------+--------+--------+-----+
|       Name      | BRAM_18K| DSP48E|   FF   |   LUT  | URAM|
+-----------------+---------+-------+--------+--------+-----+
|DSP              |        -|      -|       -|       -|    -|
|Expression       |        -|      -|       0|     700|    -|
|FIFO             |        -|      -|       -|       -|    -|
|Instance         |        2|      -|    3485|   17555|    0|
|Memory           |        5|      -|       0|       0|    0|
|Multiplexer      |        -|      -|       -|     782|    -|
|Register         |        -|      -|     330|       -|    -|
+-----------------+---------+-------+--------+--------+-----+
|Total            |        7|      0|    3815|   19037|    0|
+-----------------+---------+-------+--------+--------+-----+
|Available        |      730|    740|  269200|  134600|    0|
+-----------------+---------+-------+--------+--------+-----+
|Utilization (%)  |    ~0   |      0|       1|      14|    0|
+-----------------+---------+-------+--------+--------+-----+

+ Detail: 
    * Instance: 
    +-----------------------------------+------------------------+---------+-------+------+-------+-----+
    |              Instance             |         Module         | BRAM_18K| DSP48E|  FF  |  LUT  | URAM|
    +-----------------------------------+------------------------+---------+-------+------+-------+-----+
    |grp_KeccakF1600_StatePer_1_fu_558  |KeccakF1600_StatePer_1  |        2|      0|  3110|  16883|    0|
    |pqcrystals_dilithfYi_U32           |pqcrystals_dilithfYi    |        0|      0|   118|     60|    0|
    |grp_rej_uniform_fu_565             |rej_uniform             |        0|      0|   174|    306|    0|
    |grp_shake128_absorb_fu_581         |shake128_absorb         |        0|      0|    83|    306|    0|
    +-----------------------------------+------------------------+---------+-------+------+-------+-----+
    |Total                              |                        |        2|      0|  3485|  17555|    0|
    +-----------------------------------+------------------------+---------+-------+------+-------+-----+

    * DSP48E: 
    N/A

    * Memory: 
    +-----------+----------------------+---------+---+----+-----+------+-----+------+-------------+
    |   Memory  |        Module        | BRAM_18K| FF| LUT| URAM| Words| Bits| Banks| W*Bits*Banks|
    +-----------+----------------------+---------+---+----+-----+------+-----+------+-------------+
    |buf_U      |pqcrystals_dilithdEe  |        1|  0|   0|    0|   842|    8|     1|         6736|
    |state_s_U  |shake256_state_0_s    |        4|  0|   0|    0|    25|   64|     1|         1600|
    +-----------+----------------------+---------+---+----+-----+------+-----+------+-------------+
    |Total      |                      |        5|  0|   0|    0|   867|   72|     2|         8336|
    +-----------+----------------------+---------+---+----+-----+------+-----+------+-------------+

    * FIFO: 
    N/A

    * Expression: 
    +-------------------------+----------+-------+---+----+------------+------------+
    |      Variable Name      | Operation| DSP48E| FF| LUT| Bitwidth P0| Bitwidth P1|
    +-------------------------+----------+-------+---+----+------------+------------+
    |add_ln380_fu_1060_p2     |     +    |      0|  0|  18|          11|          11|
    |add_ln416_fu_729_p2      |     +    |      0|  0|  12|           3|           1|
    |add_ln476_fu_1085_p2     |     +    |      0|  0|  15|           5|           1|
    |add_ln477_fu_896_p2      |     +    |      0|  0|  17|          10|          10|
    |add_ln478_fu_907_p2      |     +    |      0|  0|  17|          10|           8|
    |add_ln479_fu_913_p2      |     +    |      0|  0|  12|           3|           2|
    |add_ln48_1_fu_1183_p2    |     +    |      0|  0|  16|           2|           9|
    |add_ln48_2_fu_1194_p2    |     +    |      0|  0|  16|           2|           9|
    |add_ln48_3_fu_1204_p2    |     +    |      0|  0|  16|           3|           9|
    |add_ln48_4_fu_1214_p2    |     +    |      0|  0|  16|           3|           9|
    |add_ln48_5_fu_1224_p2    |     +    |      0|  0|  16|           3|           9|
    |add_ln48_fu_1172_p2      |     +    |      0|  0|  16|           1|           9|
    |ctr_2_fu_1234_p2         |     +    |      0|  0|  39|          32|          32|
    |i_48_fu_707_p2           |     +    |      0|  0|  15|           5|           1|
    |i_49_fu_1054_p2          |     +    |      0|  0|  10|           2|           1|
    |i_fu_878_p2              |     +    |      0|  0|  15|           5|           1|
    |sub_ln380_fu_1040_p2     |     -    |      0|  0|  18|          11|          11|
    |sub_ln384_fu_1122_p2     |     -    |      0|  0|  17|           9|          10|
    |icmp_ln362_fu_701_p2     |   icmp   |      0|  0|  11|           5|           4|
    |icmp_ln377_fu_1016_p2    |   icmp   |      0|  0|  18|          24|           1|
    |icmp_ln379_fu_1049_p2    |   icmp   |      0|  0|   8|           2|           2|
    |icmp_ln416_fu_723_p2     |   icmp   |      0|  0|   9|           3|           4|
    |icmp_ln474_fu_858_p2     |   icmp   |      0|  0|   9|           3|           1|
    |icmp_ln476_1_fu_1079_p2  |   icmp   |      0|  0|  11|           5|           5|
    |icmp_ln476_fu_872_p2     |   icmp   |      0|  0|  11|           5|           5|
    |buflen_fu_1109_p2        |    or    |      0|  0|   8|           8|           8|
    |or_ln31_1_fu_763_p2      |    or    |      0|  0|   5|           5|           2|
    |or_ln31_2_fu_773_p2      |    or    |      0|  0|   5|           5|           2|
    |or_ln31_3_fu_783_p2      |    or    |      0|  0|   5|           5|           3|
    |or_ln31_4_fu_793_p2      |    or    |      0|  0|   5|           5|           3|
    |or_ln31_5_fu_803_p2      |    or    |      0|  0|   5|           5|           3|
    |or_ln31_6_fu_813_p2      |    or    |      0|  0|   5|           5|           3|
    |or_ln31_fu_752_p2        |    or    |      0|  0|   5|           5|           1|
    |or_ln477_fu_1099_p2      |    or    |      0|  0|   8|           8|           8|
    |or_ln48_10_fu_968_p2     |    or    |      0|  0|  10|           3|          10|
    |or_ln48_11_fu_978_p2     |    or    |      0|  0|  10|           3|          10|
    |or_ln48_12_fu_988_p2     |    or    |      0|  0|  10|           3|          10|
    |or_ln48_14_fu_1151_p2    |    or    |      0|  0|   8|           8|           3|
    |or_ln48_7_fu_938_p2      |    or    |      0|  0|  10|           2|          10|
    |or_ln48_8_fu_948_p2      |    or    |      0|  0|  10|           2|          10|
    |or_ln48_9_fu_958_p2      |    or    |      0|  0|  10|           3|          10|
    |or_ln48_fu_928_p2        |    or    |      0|  0|  10|           1|          10|
    |xor_ln417_fu_837_p2      |    xor   |      0|  0|  64|          64|          64|
    |xor_ln450_fu_844_p2      |    xor   |      0|  0|  64|          64|          21|
    |xor_ln451_fu_851_p2      |    xor   |      0|  0|  65|          64|          65|
    +-------------------------+----------+-------+---+----+------------+------------+
    |Total                    |          |      0|  0| 700|         435|         421|
    +-------------------------+----------+-------+---+----+------------+------------+

    * Multiplexer: 
    +----------------------------------+-----+-----------+-----+-----------+
    |               Name               | LUT | Input Size| Bits| Total Bits|
    +----------------------------------+-----+-----------+-----+-----------+
    |a_coeffs_ce0                      |    9|          2|    1|          2|
    |a_coeffs_we0                      |    9|          2|    1|          2|
    |ap_NS_fsm                         |  181|         41|    1|         41|
    |buf_address0                      |   50|         11|   10|        110|
    |buf_address1                      |   50|         11|   10|        110|
    |buf_ce0                           |   15|          3|    1|          3|
    |buf_ce1                           |   15|          3|    1|          3|
    |buf_d0                            |   41|          8|    8|         64|
    |buf_d1                            |   41|          8|    8|         64|
    |buflen_0_reg_523                  |    9|          2|    8|         16|
    |ctr_0_reg_513                     |    9|          2|   32|         64|
    |grp_rej_uniform_fu_565_a_offset2  |   15|          3|   32|         96|
    |grp_rej_uniform_fu_565_buflen     |   15|          3|   11|         33|
    |grp_rej_uniform_fu_565_len        |   15|          3|   10|         30|
    |i_0_i_i3_reg_502                  |    9|          2|    5|         10|
    |i_0_i_i_0_reg_547                 |    9|          2|    5|         10|
    |i_0_i_i_i_reg_456                 |    9|          2|    5|         10|
    |i_0_reg_535                       |    9|          2|    2|          4|
    |i_3_i_i_reg_467                   |    9|          2|    3|          6|
    |p_01_i_i1_reg_478                 |    9|          2|    3|          6|
    |p_0_rec_i_i2_reg_490              |    9|          2|   10|         20|
    |seed_address0                     |   27|          5|    8|         40|
    |seed_address1                     |   27|          5|    8|         40|
    |state_s_address0                  |   38|          7|    5|         35|
    |state_s_address1                  |   33|          6|    5|         30|
    |state_s_ce0                       |   21|          4|    1|          4|
    |state_s_ce1                       |   15|          3|    1|          3|
    |state_s_d0                        |   33|          6|   64|        384|
    |state_s_d1                        |   15|          3|   64|        192|
    |state_s_we0                       |   21|          4|    1|          4|
    |state_s_we1                       |   15|          3|    1|          3|
    +----------------------------------+-----+-----------+-----+-----------+
    |Total                             |  782|        162|  325|       1439|
    +----------------------------------+-----+-----------+-----+-----------+

    * Register: 
    +------------------------------------------------+----+----+-----+-----------+
    |                      Name                      | FF | LUT| Bits| Const Bits|
    +------------------------------------------------+----+----+-----+-----------+
    |add_ln416_reg_1271                              |   3|   0|    3|          0|
    |add_ln476_reg_1471                              |   5|   0|    5|          0|
    |add_ln477_reg_1394                              |  10|   0|   10|          0|
    |ap_CS_fsm                                       |  40|   0|   40|          0|
    |buflen_0_reg_523                                |   8|   0|    9|          1|
    |ctr_0_reg_513                                   |  32|   0|   32|          0|
    |grp_KeccakF1600_StatePer_1_fu_558_ap_start_reg  |   1|   0|    1|          0|
    |grp_rej_uniform_fu_565_ap_start_reg             |   1|   0|    1|          0|
    |grp_shake128_absorb_fu_581_ap_start_reg         |   1|   0|    1|          0|
    |i_0_i_i3_reg_502                                |   5|   0|    5|          0|
    |i_0_i_i_0_reg_547                               |   5|   0|    5|          0|
    |i_0_i_i_i_reg_456                               |   5|   0|    5|          0|
    |i_0_reg_535                                     |   2|   0|    2|          0|
    |i_3_i_i_reg_467                                 |   3|   0|    3|          0|
    |i_49_reg_1458                                   |   2|   0|    2|          0|
    |i_reg_1389                                      |   5|   0|    5|          0|
    |or_ln477_reg_1476                               |   8|   0|    8|          0|
    |p_01_i_i1_reg_478                               |   3|   0|    3|          0|
    |p_0_rec_i_i2_reg_490                            |  10|   0|   10|          0|
    |reg_660                                         |   8|   0|    8|          0|
    |reg_666                                         |   8|   0|    8|          0|
    |reg_672                                         |   8|   0|    8|          0|
    |reg_677                                         |   8|   0|    8|          0|
    |reg_682                                         |   8|   0|    8|          0|
    |seed_load_1_reg_1306                            |   8|   0|    8|          0|
    |seed_load_2_reg_1321                            |   8|   0|    8|          0|
    |seed_load_3_reg_1326                            |   8|   0|    8|          0|
    |seed_load_4_reg_1341                            |   8|   0|    8|          0|
    |seed_load_5_reg_1346                            |   8|   0|    8|          0|
    |seed_load_reg_1301                              |   8|   0|    8|          0|
    |shl_ln_reg_1276                                 |   2|   0|    5|          3|
    |state_s_addr_11_reg_1296                        |   3|   0|    5|          2|
    |sub_ln380_reg_1450                              |  11|   0|   11|          0|
    |sub_ln384_reg_1493                              |  10|   0|   10|          0|
    |t_0_reg_1250                                    |   8|   0|    8|          0|
    |tmp_reg_1255                                    |   2|   0|    2|          0|
    |trunc_ln375_1_reg_1381                          |   2|   0|    2|          0|
    |trunc_ln375_reg_1376                            |   2|   0|    2|          0|
    |trunc_ln378_1_reg_1445                          |   2|   0|    2|          0|
    |trunc_ln378_reg_1439                            |   8|   0|    8|          0|
    |trunc_ln48_11_reg_1421                          |   8|   0|    8|          0|
    |trunc_ln48_s_reg_1503                           |   8|   0|    8|          0|
    |zext_ln377_reg_1431                             |   9|   0|   11|          2|
    |zext_ln383_reg_1488                             |   5|   0|    9|          4|
    |zext_ln384_reg_1498                             |   5|   0|   11|          6|
    |zext_ln477_6_reg_1508                           |   8|   0|    9|          1|
    +------------------------------------------------+----+----+-----+-----------+
    |Total                                           | 330|   0|  349|         19|
    +------------------------------------------------+----+----+-----+-----------+



================================================================
== Interface
================================================================
* Summary: 
+-------------------+-----+-----+------------+-------------------------+--------------+
|     RTL Ports     | Dir | Bits|  Protocol  |      Source Object      |    C Type    |
+-------------------+-----+-----+------------+-------------------------+--------------+
|ap_clk             |  in |    1| ap_ctrl_hs | pqcrystals_dilithium.13 | return value |
|ap_rst             |  in |    1| ap_ctrl_hs | pqcrystals_dilithium.13 | return value |
|ap_start           |  in |    1| ap_ctrl_hs | pqcrystals_dilithium.13 | return value |
|ap_done            | out |    1| ap_ctrl_hs | pqcrystals_dilithium.13 | return value |
|ap_idle            | out |    1| ap_ctrl_hs | pqcrystals_dilithium.13 | return value |
|ap_ready           | out |    1| ap_ctrl_hs | pqcrystals_dilithium.13 | return value |
|a_coeffs_address0  | out |   12|  ap_memory |         a_coeffs        |     array    |
|a_coeffs_ce0       | out |    1|  ap_memory |         a_coeffs        |     array    |
|a_coeffs_we0       | out |    1|  ap_memory |         a_coeffs        |     array    |
|a_coeffs_d0        | out |   23|  ap_memory |         a_coeffs        |     array    |
|a_coeffs_offset    |  in |    3|   ap_none  |     a_coeffs_offset     |    scalar    |
|a_coeffs_offset1   |  in |    3|   ap_none  |     a_coeffs_offset1    |    scalar    |
|seed_address0      | out |    8|  ap_memory |           seed          |     array    |
|seed_ce0           | out |    1|  ap_memory |           seed          |     array    |
|seed_q0            |  in |    8|  ap_memory |           seed          |     array    |
|seed_address1      | out |    8|  ap_memory |           seed          |     array    |
|seed_ce1           | out |    1|  ap_memory |           seed          |     array    |
|seed_q1            |  in |    8|  ap_memory |           seed          |     array    |
|nonce              |  in |   10|   ap_none  |          nonce          |    scalar    |
+-------------------+-----+-----+------------+-------------------------+--------------+

