

================================================================
== Vivado HLS Report for 'pqcrystals_dilithium_1'
================================================================
* Date:           Thu Apr 13 00:00:10 2023

* Version:        2019.2 (Build 2704478 on Wed Nov 06 22:10:23 MST 2019)
* Project:        Phase2
* Solution:       Area
* Product family: artix7
* Target device:  xc7a200t-fbg676-2


================================================================
== Performance Estimates
================================================================
+ Timing: 
    * Summary: 
    +--------+----------+----------+------------+
    |  Clock |  Target  | Estimated| Uncertainty|
    +--------+----------+----------+------------+
    |ap_clk  | 10.00 ns | 7.354 ns |   1.25 ns  |
    +--------+----------+----------+------------+

+ Latency: 
    * Summary: 
    +---------+---------+-----------+-----------+------+------+---------+
    |  Latency (cycles) |   Latency (absolute)  |   Interval  | Pipeline|
    |   min   |   max   |    min    |    max    |  min |  max |   Type  |
    +---------+---------+-----------+-----------+------+------+---------+
    |     2570|     2570| 25.700 us | 25.700 us |  2570|  2570|   none  |
    +---------+---------+-----------+-----------+------+------+---------+

    + Detail: 
        * Instance: 
        +------------------------------------+-------------------------+---------+---------+----------+----------+-----+-----+---------+
        |                                    |                         |  Latency (cycles) |  Latency (absolute) |  Interval | Pipeline|
        |              Instance              |          Module         |   min   |   max   |    min   |    max   | min | max |   Type  |
        +------------------------------------+-------------------------+---------+---------+----------+----------+-----+-----+---------+
        |grp_pqcrystals_dilithium_10_fu_205  |pqcrystals_dilithium_10  |      257|      257| 2.570 us | 2.570 us |  257|  257|   none  |
        |grp_pqcrystals_dilithium_11_fu_216  |pqcrystals_dilithium_11  |      161|      161| 1.610 us | 1.610 us |  161|  161|   none  |
        +------------------------------------+-------------------------+---------+---------+----------+----------+-----+-----+---------+

        * Loop: 
        +----------+---------+---------+----------+-----------+-----------+------+----------+
        |          |  Latency (cycles) | Iteration|  Initiation Interval  | Trip |          |
        | Loop Name|   min   |   max   |  Latency |  achieved |   target  | Count| Pipelined|
        +----------+---------+---------+----------+-----------+-----------+------+----------+
        |- Loop 1  |       64|       64|         2|          -|          -|    32|    no    |
        |- Loop 2  |       64|       64|         2|          -|          -|    32|    no    |
        |- Loop 3  |       96|       96|         2|          -|          -|    48|    no    |
        |- Loop 4  |      652|      652|       163|          -|          -|     4|    no    |
        |- Loop 5  |      652|      652|       163|          -|          -|     4|    no    |
        |- Loop 6  |     1036|     1036|       259|          -|          -|     4|    no    |
        +----------+---------+---------+----------+-----------+-----------+------+----------+



================================================================
== Utilization Estimates
================================================================
* Summary: 
+-----------------+---------+-------+--------+--------+-----+
|       Name      | BRAM_18K| DSP48E|   FF   |   LUT  | URAM|
+-----------------+---------+-------+--------+--------+-----+
|DSP              |        -|      -|       -|       -|    -|
|Expression       |        -|      -|       0|     329|    -|
|FIFO             |        -|      -|       -|       -|    -|
|Instance         |        -|      -|     151|    1469|    -|
|Memory           |        -|      -|       -|       -|    -|
|Multiplexer      |        -|      -|       -|     329|    -|
|Register         |        -|      -|     165|       -|    -|
+-----------------+---------+-------+--------+--------+-----+
|Total            |        0|      0|     316|    2127|    0|
+-----------------+---------+-------+--------+--------+-----+
|Available        |      730|    740|  269200|  134600|    0|
+-----------------+---------+-------+--------+--------+-----+
|Utilization (%)  |        0|      0|   ~0   |       1|    0|
+-----------------+---------+-------+--------+--------+-----+

+ Detail: 
    * Instance: 
    +------------------------------------+-------------------------+---------+-------+----+------+-----+
    |              Instance              |          Module         | BRAM_18K| DSP48E| FF |  LUT | URAM|
    +------------------------------------+-------------------------+---------+-------+----+------+-----+
    |grp_pqcrystals_dilithium_10_fu_205  |pqcrystals_dilithium_10  |        0|      0|  88|  1008|    0|
    |grp_pqcrystals_dilithium_11_fu_216  |pqcrystals_dilithium_11  |        0|      0|  63|   461|    0|
    +------------------------------------+-------------------------+---------+-------+----+------+-----+
    |Total                               |                         |        0|      0| 151|  1469|    0|
    +------------------------------------+-------------------------+---------+-------+----+------+-----+

    * DSP48E: 
    N/A

    * Memory: 
    N/A

    * FIFO: 
    N/A

    * Expression: 
    +-----------------------+----------+-------+---+----+------------+------------+
    |     Variable Name     | Operation| DSP48E| FF| LUT| Bitwidth P0| Bitwidth P1|
    +-----------------------+----------+-------+---+----+------------+------------+
    |add_ln127_fu_273_p2    |     +    |      0|  0|  15|           7|           7|
    |add_ln131_fu_313_p2    |     +    |      0|  0|  15|           7|           6|
    |add_ln135_fu_378_p2    |     +    |      0|  0|  40|           7|          33|
    |add_ln139_fu_439_p2    |     +    |      0|  0|  40|           9|          33|
    |add_ln143_1_fu_462_p2  |     +    |      0|  0|  18|          11|           9|
    |add_ln143_fu_468_p2    |     +    |      0|  0|  19|          12|          10|
    |i_51_fu_252_p2         |     +    |      0|  0|  15|           6|           1|
    |i_52_fu_290_p2         |     +    |      0|  0|  15|           6|           1|
    |i_53_fu_330_p2         |     +    |      0|  0|  12|           3|           1|
    |i_54_fu_391_p2         |     +    |      0|  0|  12|           3|           1|
    |i_55_fu_456_p2         |     +    |      0|  0|  12|           3|           1|
    |i_fu_235_p2            |     +    |      0|  0|  15|           6|           1|
    |sub_ln135_fu_364_p2    |     -    |      0|  0|  17|          10|          10|
    |sub_ln139_fu_425_p2    |     -    |      0|  0|  17|          10|          10|
    |icmp_ln122_fu_229_p2   |   icmp   |      0|  0|  11|           6|           7|
    |icmp_ln126_fu_246_p2   |   icmp   |      0|  0|  11|           6|           7|
    |icmp_ln130_fu_284_p2   |   icmp   |      0|  0|  11|           6|           6|
    |icmp_ln134_fu_324_p2   |   icmp   |      0|  0|   9|           3|           4|
    |icmp_ln138_fu_385_p2   |   icmp   |      0|  0|   9|           3|           4|
    |icmp_ln142_fu_450_p2   |   icmp   |      0|  0|   9|           3|           4|
    |xor_ln127_fu_258_p2    |    xor   |      0|  0|   7|           6|           7|
    +-----------------------+----------+-------+---+----+------------+------------+
    |Total                  |          |      0|  0| 329|         133|         163|
    +-----------------------+----------+-------+---+----+------------+------------+

    * Multiplexer: 
    +----------------------------------------------------+----+-----------+-----+-----------+
    |                        Name                        | LUT| Input Size| Bits| Total Bits|
    +----------------------------------------------------+----+-----------+-----+-----------+
    |ap_NS_fsm                                           |  59|         14|    1|         14|
    |grp_pqcrystals_dilithium_11_fu_216_a_offset         |  15|          3|   33|         99|
    |grp_pqcrystals_dilithium_11_fu_216_r_coeffs_offset  |  15|          3|    3|          9|
    |i_0_reg_123                                         |   9|          2|    6|         12|
    |i_1_reg_134                                         |   9|          2|    6|         12|
    |i_2_reg_146                                         |   9|          2|    6|         12|
    |i_3_reg_158                                         |   9|          2|    3|          6|
    |i_4_reg_170                                         |   9|          2|    3|          6|
    |i_5_reg_182                                         |   9|          2|    3|          6|
    |phi_mul_reg_194                                     |   9|          2|   11|         22|
    |rho_address0                                        |  21|          4|    8|         32|
    |s1_vec_coeffs_ce0                                   |   9|          2|    1|          2|
    |s1_vec_coeffs_ce1                                   |   9|          2|    1|          2|
    |s1_vec_coeffs_we0                                   |   9|          2|    1|          2|
    |s1_vec_coeffs_we1                                   |   9|          2|    1|          2|
    |s2_vec_coeffs_ce0                                   |   9|          2|    1|          2|
    |s2_vec_coeffs_ce1                                   |   9|          2|    1|          2|
    |s2_vec_coeffs_we0                                   |   9|          2|    1|          2|
    |s2_vec_coeffs_we1                                   |   9|          2|    1|          2|
    |sk_address0                                         |  33|          6|   12|         72|
    |sk_address1                                         |  15|          3|   12|         36|
    |sk_ce0                                              |  21|          4|    1|          4|
    |sk_ce1                                              |  15|          3|    1|          3|
    +----------------------------------------------------+----+-----------+-----+-----------+
    |Total                                               | 329|         70|  117|        361|
    +----------------------------------------------------+----+-----------+-----+-----------+

    * Register: 
    +-------------------------------------------------+----+----+-----+-----------+
    |                       Name                      | FF | LUT| Bits| Const Bits|
    +-------------------------------------------------+----+----+-----+-----------+
    |add_ln135_reg_527                                |  28|   0|   33|          5|
    |add_ln139_reg_540                                |  28|   0|   33|          5|
    |add_ln143_1_reg_553                              |  11|   0|   11|          0|
    |add_ln143_reg_558                                |  12|   0|   12|          0|
    |ap_CS_fsm                                        |  13|   0|   13|          0|
    |grp_pqcrystals_dilithium_10_fu_205_ap_start_reg  |   1|   0|    1|          0|
    |grp_pqcrystals_dilithium_11_fu_216_ap_start_reg  |   1|   0|    1|          0|
    |i_0_reg_123                                      |   6|   0|    6|          0|
    |i_1_reg_134                                      |   6|   0|    6|          0|
    |i_2_reg_146                                      |   6|   0|    6|          0|
    |i_3_reg_158                                      |   3|   0|    3|          0|
    |i_4_reg_170                                      |   3|   0|    3|          0|
    |i_51_reg_496                                     |   6|   0|    6|          0|
    |i_52_reg_509                                     |   6|   0|    6|          0|
    |i_53_reg_522                                     |   3|   0|    3|          0|
    |i_54_reg_535                                     |   3|   0|    3|          0|
    |i_55_reg_548                                     |   3|   0|    3|          0|
    |i_5_reg_182                                      |   3|   0|    3|          0|
    |i_reg_478                                        |   6|   0|    6|          0|
    |phi_mul_reg_194                                  |  11|   0|   11|          0|
    |zext_ln123_reg_483                               |   6|   0|   64|         58|
    +-------------------------------------------------+----+----+-----+-----------+
    |Total                                            | 165|   0|  233|         68|
    +-------------------------------------------------+----+----+-----+-----------+



================================================================
== Interface
================================================================
* Summary: 
+------------------------+-----+-----+------------+------------------------+--------------+
|        RTL Ports       | Dir | Bits|  Protocol  |      Source Object     |    C Type    |
+------------------------+-----+-----+------------+------------------------+--------------+
|ap_clk                  |  in |    1| ap_ctrl_hs | pqcrystals_dilithium.1 | return value |
|ap_rst                  |  in |    1| ap_ctrl_hs | pqcrystals_dilithium.1 | return value |
|ap_start                |  in |    1| ap_ctrl_hs | pqcrystals_dilithium.1 | return value |
|ap_done                 | out |    1| ap_ctrl_hs | pqcrystals_dilithium.1 | return value |
|ap_idle                 | out |    1| ap_ctrl_hs | pqcrystals_dilithium.1 | return value |
|ap_ready                | out |    1| ap_ctrl_hs | pqcrystals_dilithium.1 | return value |
|rho_address0            | out |    8|  ap_memory |           rho          |     array    |
|rho_ce0                 | out |    1|  ap_memory |           rho          |     array    |
|rho_we0                 | out |    1|  ap_memory |           rho          |     array    |
|rho_d0                  | out |    8|  ap_memory |           rho          |     array    |
|t0_vec_coeffs_address0  | out |   10|  ap_memory |      t0_vec_coeffs     |     array    |
|t0_vec_coeffs_ce0       | out |    1|  ap_memory |      t0_vec_coeffs     |     array    |
|t0_vec_coeffs_we0       | out |    1|  ap_memory |      t0_vec_coeffs     |     array    |
|t0_vec_coeffs_d0        | out |   32|  ap_memory |      t0_vec_coeffs     |     array    |
|t0_vec_coeffs_address1  | out |   10|  ap_memory |      t0_vec_coeffs     |     array    |
|t0_vec_coeffs_ce1       | out |    1|  ap_memory |      t0_vec_coeffs     |     array    |
|t0_vec_coeffs_we1       | out |    1|  ap_memory |      t0_vec_coeffs     |     array    |
|t0_vec_coeffs_d1        | out |   32|  ap_memory |      t0_vec_coeffs     |     array    |
|s1_vec_coeffs_address0  | out |   10|  ap_memory |      s1_vec_coeffs     |     array    |
|s1_vec_coeffs_ce0       | out |    1|  ap_memory |      s1_vec_coeffs     |     array    |
|s1_vec_coeffs_we0       | out |    1|  ap_memory |      s1_vec_coeffs     |     array    |
|s1_vec_coeffs_d0        | out |   32|  ap_memory |      s1_vec_coeffs     |     array    |
|s1_vec_coeffs_address1  | out |   10|  ap_memory |      s1_vec_coeffs     |     array    |
|s1_vec_coeffs_ce1       | out |    1|  ap_memory |      s1_vec_coeffs     |     array    |
|s1_vec_coeffs_we1       | out |    1|  ap_memory |      s1_vec_coeffs     |     array    |
|s1_vec_coeffs_d1        | out |   32|  ap_memory |      s1_vec_coeffs     |     array    |
|s2_vec_coeffs_address0  | out |   10|  ap_memory |      s2_vec_coeffs     |     array    |
|s2_vec_coeffs_ce0       | out |    1|  ap_memory |      s2_vec_coeffs     |     array    |
|s2_vec_coeffs_we0       | out |    1|  ap_memory |      s2_vec_coeffs     |     array    |
|s2_vec_coeffs_d0        | out |   32|  ap_memory |      s2_vec_coeffs     |     array    |
|s2_vec_coeffs_address1  | out |   10|  ap_memory |      s2_vec_coeffs     |     array    |
|s2_vec_coeffs_ce1       | out |    1|  ap_memory |      s2_vec_coeffs     |     array    |
|s2_vec_coeffs_we1       | out |    1|  ap_memory |      s2_vec_coeffs     |     array    |
|s2_vec_coeffs_d1        | out |   32|  ap_memory |      s2_vec_coeffs     |     array    |
|sk_address0             | out |   12|  ap_memory |           sk           |     array    |
|sk_ce0                  | out |    1|  ap_memory |           sk           |     array    |
|sk_q0                   |  in |    8|  ap_memory |           sk           |     array    |
|sk_address1             | out |   12|  ap_memory |           sk           |     array    |
|sk_ce1                  | out |    1|  ap_memory |           sk           |     array    |
|sk_q1                   |  in |    8|  ap_memory |           sk           |     array    |
+------------------------+-----+-----+------------+------------------------+--------------+

