

================================================================
== Vivado HLS Report for 'pqcrystals_dilithium_16'
================================================================
* Date:           Thu Apr 13 00:01:36 2023

* Version:        2019.2 (Build 2704478 on Wed Nov 06 22:10:23 MST 2019)
* Project:        Phase2
* Solution:       Area
* Product family: artix7
* Target device:  xc7a200t-fbg676-2


================================================================
== Performance Estimates
================================================================
+ Timing: 
    * Summary: 
    +--------+----------+----------+------------+
    |  Clock |  Target  | Estimated| Uncertainty|
    +--------+----------+----------+------------+
    |ap_clk  | 10.00 ns | 7.731 ns |   1.25 ns  |
    +--------+----------+----------+------------+

+ Latency: 
    * Summary: 
    +---------+---------+----------+----------+-----+-----+---------+
    |  Latency (cycles) |  Latency (absolute) |  Interval | Pipeline|
    |   min   |   max   |    min   |    max   | min | max |   Type  |
    +---------+---------+----------+----------+-----+-----+---------+
    |        ?|        ?|         ?|         ?|    ?|    ?|   none  |
    +---------+---------+----------+----------+-----+-----+---------+

    + Detail: 
        * Instance: 
        N/A

        * Loop: 
        +-----------------+---------+---------+----------+-----------+-----------+------+----------+
        |                 |  Latency (cycles) | Iteration|  Initiation Interval  | Trip |          |
        |    Loop Name    |   min   |   max   |  Latency |  achieved |   target  | Count| Pipelined|
        +-----------------+---------+---------+----------+-----------+-----------+------+----------+
        |- Loop 1         |        ?|        ?|         ?|          -|          -|     8|    no    |
        | + Loop 1.1      |        ?|        ?|         ?|          -|          -|     ?|    no    |
        |  ++ Loop 1.1.1  |        ?|        ?|         8|          -|          -|     ?|    no    |
        +-----------------+---------+---------+----------+-----------+-----------+------+----------+



================================================================
== Utilization Estimates
================================================================
* Summary: 
+-----------------+---------+-------+--------+--------+-----+
|       Name      | BRAM_18K| DSP48E|   FF   |   LUT  | URAM|
+-----------------+---------+-------+--------+--------+-----+
|DSP              |        -|      -|       -|       -|    -|
|Expression       |        -|      8|       0|     499|    -|
|FIFO             |        -|      -|       -|       -|    -|
|Instance         |        -|      -|       -|       -|    -|
|Memory           |        1|      -|       0|       0|    -|
|Multiplexer      |        -|      -|       -|     128|    -|
|Register         |        -|      -|     594|       -|    -|
+-----------------+---------+-------+--------+--------+-----+
|Total            |        1|      8|     594|     627|    0|
+-----------------+---------+-------+--------+--------+-----+
|Available        |      730|    740|  269200|  134600|    0|
+-----------------+---------+-------+--------+--------+-----+
|Utilization (%)  |    ~0   |      1|   ~0   |   ~0   |    0|
+-----------------+---------+-------+--------+--------+-----+

+ Detail: 
    * Instance: 
    N/A

    * DSP48E: 
    N/A

    * Memory: 
    +---------+----------------------+---------+---+----+-----+------+-----+------+-------------+
    |  Memory |        Module        | BRAM_18K| FF| LUT| URAM| Words| Bits| Banks| W*Bits*Banks|
    +---------+----------------------+---------+---+----+-----+------+-----+------+-------------+
    |zetas_U  |pqcrystals_dilithg8j  |        1|  0|   0|    0|   256|   23|     1|         5888|
    +---------+----------------------+---------+---+----+-----+------+-----+------+-------------+
    |Total    |                      |        1|  0|   0|    0|   256|   23|     1|         5888|
    +---------+----------------------+---------+---+----+-----+------+-----+------+-------------+

    * FIFO: 
    N/A

    * Expression: 
    +---------------------+----------+-------+---+----+------------+------------+
    |    Variable Name    | Operation| DSP48E| FF| LUT| Bitwidth P0| Bitwidth P1|
    +---------------------+----------+-------+---+----+------------+------------+
    |mul_ln19_fu_272_p2   |     *    |      2|  0|  21|          24|          32|
    |mul_ln58_fu_255_p2   |     *    |      2|  0|  21|          23|          32|
    |t_fu_264_p2          |     *    |      4|  0|  21|          26|          32|
    |add_ln19_fu_284_p2   |     +    |      0|  0|  63|          56|          56|
    |add_ln55_fu_244_p2   |     +    |      0|  0|  38|          31|          31|
    |add_ln57_fu_179_p2   |     +    |      0|  0|  38|          31|          31|
    |add_ln58_fu_223_p2   |     +    |      0|  0|  39|          32|          32|
    |add_ln60_fu_311_p2   |     +    |      0|  0|  39|          32|          32|
    |j_5_fu_238_p2        |     +    |      0|  0|  39|           1|          32|
    |k_fu_154_p2          |     +    |      0|  0|  39|           1|          32|
    |sub_ln59_fu_304_p2   |     -    |      0|  0|  39|          32|          32|
    |empty_87_fu_188_p2   |   icmp   |      0|  0|  18|          31|          31|
    |icmp_ln54_fu_125_p2  |   icmp   |      0|  0|  18|          29|           1|
    |icmp_ln55_fu_145_p2  |   icmp   |      0|  0|  18|          23|           1|
    |icmp_ln57_fu_218_p2  |   icmp   |      0|  0|  18|          32|          32|
    |start_fu_202_p3      |  select  |      0|  0|  30|           1|          30|
    +---------------------+----------+-------+---+----+------------+------------+
    |Total                |          |      8|  0| 499|         405|         469|
    +---------------------+----------+-------+---+----+------------+------------+

    * Multiplexer: 
    +--------------+----+-----------+-----+-----------+
    |     Name     | LUT| Input Size| Bits| Total Bits|
    +--------------+----+-----------+-----+-----------+
    |a_address0    |  21|          4|    8|         32|
    |a_d0          |  15|          3|   32|         96|
    |ap_NS_fsm     |  56|         13|    1|         13|
    |j_0_reg_103   |   9|          2|   32|         64|
    |j_reg_91      |   9|          2|   31|         62|
    |k_3_fu_42     |   9|          2|   32|         64|
    |len_0_reg_79  |   9|          2|    8|         16|
    +--------------+----+-----------+-----+-----------+
    |Total         | 128|         28|  144|        347|
    +--------------+----+-----------+-----+-----------+

    * Register: 
    +---------------------+----+----+-----+-----------+
    |         Name        | FF | LUT| Bits| Const Bits|
    +---------------------+----+----+-----+-----------+
    |a_addr_3_reg_384     |   8|   0|    8|          0|
    |a_addr_reg_379       |   8|   0|    8|          0|
    |a_load_reg_399       |  32|   0|   32|          0|
    |ap_CS_fsm            |  12|   0|   12|          0|
    |j_0_reg_103          |  32|   0|   32|          0|
    |j_5_reg_389          |  32|   0|   32|          0|
    |j_reg_91             |  31|   0|   31|          0|
    |k_3_fu_42            |  32|   0|   32|          0|
    |k_reg_346            |  32|   0|   32|          0|
    |len_0_reg_79         |   8|   0|   29|         21|
    |mul_ln19_reg_419     |  55|   0|   55|          0|
    |mul_ln58_reg_404     |  54|   0|   54|          0|
    |sext_ln57_reg_371    |  54|   0|   54|          0|
    |t_16_reg_424         |  32|   0|   32|          0|
    |t_reg_414            |  32|   0|   32|          0|
    |trunc_ln18_reg_409   |  32|   0|   32|          0|
    |zext_ln54_2_reg_329  |   8|   0|   31|         23|
    |zext_ln54_reg_324    |   8|   0|   32|         24|
    |zext_ln55_2_reg_366  |  30|   0|   31|          1|
    |zext_ln55_reg_338    |  31|   0|   32|          1|
    |zext_ln57_reg_361    |  31|   0|   32|          1|
    +---------------------+----+----+-----+-----------+
    |Total                | 594|   0|  665|         71|
    +---------------------+----+----+-----+-----------+



================================================================
== Interface
================================================================
* Summary: 
+------------+-----+-----+------------+-------------------------+--------------+
|  RTL Ports | Dir | Bits|  Protocol  |      Source Object      |    C Type    |
+------------+-----+-----+------------+-------------------------+--------------+
|ap_clk      |  in |    1| ap_ctrl_hs | pqcrystals_dilithium.16 | return value |
|ap_rst      |  in |    1| ap_ctrl_hs | pqcrystals_dilithium.16 | return value |
|ap_start    |  in |    1| ap_ctrl_hs | pqcrystals_dilithium.16 | return value |
|ap_done     | out |    1| ap_ctrl_hs | pqcrystals_dilithium.16 | return value |
|ap_idle     | out |    1| ap_ctrl_hs | pqcrystals_dilithium.16 | return value |
|ap_ready    | out |    1| ap_ctrl_hs | pqcrystals_dilithium.16 | return value |
|a_address0  | out |    8|  ap_memory |            a            |     array    |
|a_ce0       | out |    1|  ap_memory |            a            |     array    |
|a_we0       | out |    1|  ap_memory |            a            |     array    |
|a_d0        | out |   32|  ap_memory |            a            |     array    |
|a_q0        |  in |   32|  ap_memory |            a            |     array    |
+------------+-----+-----+------------+-------------------------+--------------+

