

================================================================
== Vivado HLS Report for 'pqcrystals_dilithium_11'
================================================================
* Date:           Thu Apr 13 00:00:03 2023

* Version:        2019.2 (Build 2704478 on Wed Nov 06 22:10:23 MST 2019)
* Project:        Phase2
* Solution:       Area
* Product family: artix7
* Target device:  xc7a200t-fbg676-2


================================================================
== Performance Estimates
================================================================
+ Timing: 
    * Summary: 
    +--------+----------+----------+------------+
    |  Clock |  Target  | Estimated| Uncertainty|
    +--------+----------+----------+------------+
    |ap_clk  | 10.00 ns | 6.890 ns |   1.25 ns  |
    +--------+----------+----------+------------+

+ Latency: 
    * Summary: 
    +---------+---------+----------+----------+-----+-----+---------+
    |  Latency (cycles) |  Latency (absolute) |  Interval | Pipeline|
    |   min   |   max   |    min   |    max   | min | max |   Type  |
    +---------+---------+----------+----------+-----+-----+---------+
    |      161|      161| 1.610 us | 1.610 us |  161|  161|   none  |
    +---------+---------+----------+----------+-----+-----+---------+

    + Detail: 
        * Instance: 
        N/A

        * Loop: 
        +----------+---------+---------+----------+-----------+-----------+------+----------+
        |          |  Latency (cycles) | Iteration|  Initiation Interval  | Trip |          |
        | Loop Name|   min   |   max   |  Latency |  achieved |   target  | Count| Pipelined|
        +----------+---------+---------+----------+-----------+-----------+------+----------+
        |- Loop 1  |      160|      160|         5|          -|          -|    32|    no    |
        +----------+---------+---------+----------+-----------+-----------+------+----------+



================================================================
== Utilization Estimates
================================================================
* Summary: 
+-----------------+---------+-------+--------+--------+-----+
|       Name      | BRAM_18K| DSP48E|   FF   |   LUT  | URAM|
+-----------------+---------+-------+--------+--------+-----+
|DSP              |        -|      -|       -|       -|    -|
|Expression       |        -|      -|       0|     291|    -|
|FIFO             |        -|      -|       -|       -|    -|
|Instance         |        -|      -|       -|       -|    -|
|Memory           |        -|      -|       -|       -|    -|
|Multiplexer      |        -|      -|       -|     170|    -|
|Register         |        -|      -|      63|       -|    -|
+-----------------+---------+-------+--------+--------+-----+
|Total            |        0|      0|      63|     461|    0|
+-----------------+---------+-------+--------+--------+-----+
|Available        |      730|    740|  269200|  134600|    0|
+-----------------+---------+-------+--------+--------+-----+
|Utilization (%)  |        0|      0|   ~0   |   ~0   |    0|
+-----------------+---------+-------+--------+--------+-----+

+ Detail: 
    * Instance: 
    N/A

    * DSP48E: 
    N/A

    * Memory: 
    N/A

    * FIFO: 
    N/A

    * Expression: 
    +-----------------------+----------+-------+---+----+------------+------------+
    |     Variable Name     | Operation| DSP48E| FF| LUT| Bitwidth P0| Bitwidth P1|
    +-----------------------+----------+-------+---+----+------------+------------+
    |add_ln599_fu_251_p2    |     +    |      0|  0|  20|          13|          13|
    |add_ln601_1_fu_340_p2  |     +    |      0|  0|  20|          13|          13|
    |add_ln601_fu_331_p2    |     +    |      0|  0|  15|           1|           8|
    |add_ln604_1_fu_359_p2  |     +    |      0|  0|  20|          13|          13|
    |add_ln604_fu_350_p2    |     +    |      0|  0|  15|           2|           8|
    |i_fu_219_p2            |     +    |      0|  0|  15|           6|           1|
    |sub_ln599_fu_241_p2    |     -    |      0|  0|  15|           8|           8|
    |sub_ln608_fu_369_p2    |     -    |      0|  0|  13|           2|           4|
    |sub_ln609_fu_380_p2    |     -    |      0|  0|  13|           2|           4|
    |sub_ln610_fu_496_p2    |     -    |      0|  0|  13|           2|           4|
    |sub_ln611_fu_507_p2    |     -    |      0|  0|  13|           2|           4|
    |sub_ln612_fu_565_p2    |     -    |      0|  0|  13|           2|           4|
    |sub_ln613_fu_576_p2    |     -    |      0|  0|  13|           2|           4|
    |sub_ln614_fu_627_p2    |     -    |      0|  0|  13|           2|           4|
    |sub_ln615_fu_638_p2    |     -    |      0|  0|  13|           2|           4|
    |icmp_ln598_fu_213_p2   |   icmp   |      0|  0|  11|           6|           7|
    |or_ln600_fu_303_p2     |    or    |      0|  0|   8|           8|           1|
    |or_ln601_fu_406_p2     |    or    |      0|  0|   8|           8|           2|
    |or_ln602_fu_437_p2     |    or    |      0|  0|   8|           8|           2|
    |or_ln603_fu_521_p2     |    or    |      0|  0|   8|           8|           3|
    |or_ln604_fu_548_p2     |    or    |      0|  0|   8|           8|           3|
    |or_ln605_fu_590_p2     |    or    |      0|  0|   8|           8|           3|
    |or_ln606_fu_610_p2     |    or    |      0|  0|   8|           8|           3|
    +-----------------------+----------+-------+---+----+------------+------------+
    |Total                  |          |      0|  0| 291|         134|         120|
    +-----------------------+----------+-------+---+----+------------+------------+

    * Multiplexer: 
    +-------------------+----+-----------+-----+-----------+
    |        Name       | LUT| Input Size| Bits| Total Bits|
    +-------------------+----+-----------+-----+-----------+
    |a_address0         |  15|          3|   12|         36|
    |ap_NS_fsm          |  38|          7|    1|          7|
    |i_0_reg_194        |   9|          2|    6|         12|
    |r_coeffs_address0  |  27|          5|   10|         50|
    |r_coeffs_address1  |  27|          5|   10|         50|
    |r_coeffs_d0        |  27|          5|   32|        160|
    |r_coeffs_d1        |  27|          5|   32|        160|
    +-------------------+----+-----------+-----+-----------+
    |Total              | 170|         32|  103|        475|
    +-------------------+----+-----------+-----+-----------+

    * Register: 
    +-----------------------+----+----+-----+-----------+
    |          Name         | FF | LUT| Bits| Const Bits|
    +-----------------------+----+----+-----+-----------+
    |ap_CS_fsm              |   6|   0|    6|          0|
    |i_0_reg_194            |   6|   0|    6|          0|
    |i_reg_671              |   6|   0|    6|          0|
    |shl_ln_reg_693         |   5|   0|    8|          3|
    |sub_ln599_reg_682      |   8|   0|    8|          0|
    |tmp_28_reg_703         |   2|   0|    2|          0|
    |tmp_34_reg_738         |   3|   0|    3|          0|
    |tmp_reg_723            |   1|   0|    1|          0|
    |trunc_ln18_reg_718     |   3|   0|    3|          0|
    |trunc_ln19_reg_733     |   3|   0|    3|          0|
    |trunc_ln599_1_reg_676  |   5|   0|    5|          0|
    |trunc_ln599_reg_661    |  13|   0|   13|          0|
    |trunc_ln604_reg_728    |   2|   0|    2|          0|
    +-----------------------+----+----+-----+-----------+
    |Total                  |  63|   0|   66|          3|
    +-----------------------+----+----+-----+-----------+



================================================================
== Interface
================================================================
* Summary: 
+-------------------+-----+-----+------------+-------------------------+--------------+
|     RTL Ports     | Dir | Bits|  Protocol  |      Source Object      |    C Type    |
+-------------------+-----+-----+------------+-------------------------+--------------+
|ap_clk             |  in |    1| ap_ctrl_hs | pqcrystals_dilithium.11 | return value |
|ap_rst             |  in |    1| ap_ctrl_hs | pqcrystals_dilithium.11 | return value |
|ap_start           |  in |    1| ap_ctrl_hs | pqcrystals_dilithium.11 | return value |
|ap_done            | out |    1| ap_ctrl_hs | pqcrystals_dilithium.11 | return value |
|ap_idle            | out |    1| ap_ctrl_hs | pqcrystals_dilithium.11 | return value |
|ap_ready           | out |    1| ap_ctrl_hs | pqcrystals_dilithium.11 | return value |
|r_coeffs_address0  | out |   10|  ap_memory |         r_coeffs        |     array    |
|r_coeffs_ce0       | out |    1|  ap_memory |         r_coeffs        |     array    |
|r_coeffs_we0       | out |    1|  ap_memory |         r_coeffs        |     array    |
|r_coeffs_d0        | out |   32|  ap_memory |         r_coeffs        |     array    |
|r_coeffs_address1  | out |   10|  ap_memory |         r_coeffs        |     array    |
|r_coeffs_ce1       | out |    1|  ap_memory |         r_coeffs        |     array    |
|r_coeffs_we1       | out |    1|  ap_memory |         r_coeffs        |     array    |
|r_coeffs_d1        | out |   32|  ap_memory |         r_coeffs        |     array    |
|r_coeffs_offset    |  in |    3|   ap_none  |     r_coeffs_offset     |    scalar    |
|a_address0         | out |   12|  ap_memory |            a            |     array    |
|a_ce0              | out |    1|  ap_memory |            a            |     array    |
|a_q0               |  in |    8|  ap_memory |            a            |     array    |
|a_address1         | out |   12|  ap_memory |            a            |     array    |
|a_ce1              | out |    1|  ap_memory |            a            |     array    |
|a_q1               |  in |    8|  ap_memory |            a            |     array    |
|a_offset           |  in |   33|   ap_none  |         a_offset        |    scalar    |
+-------------------+-----+-----+------------+-------------------------+--------------+

