

================================================================
== Vivado HLS Report for 'shake128_absorb'
================================================================
* Date:           Thu Apr 13 00:00:41 2023

* Version:        2019.2 (Build 2704478 on Wed Nov 06 22:10:23 MST 2019)
* Project:        Phase2
* Solution:       Area
* Product family: artix7
* Target device:  xc7a200t-fbg676-2


================================================================
== Performance Estimates
================================================================
+ Timing: 
    * Summary: 
    +--------+----------+----------+------------+
    |  Clock |  Target  | Estimated| Uncertainty|
    +--------+----------+----------+------------+
    |ap_clk  | 10.00 ns | 6.352 ns |   1.25 ns  |
    +--------+----------+----------+------------+

+ Latency: 
    * Summary: 
    +---------+---------+----------+----------+-----+-----+---------+
    |  Latency (cycles) |  Latency (absolute) |  Interval | Pipeline|
    |   min   |   max   |    min   |    max   | min | max |   Type  |
    +---------+---------+----------+----------+-----+-----+---------+
    |       24|       24| 0.240 us | 0.240 us |   24|   24|   none  |
    +---------+---------+----------+----------+-----+-----+---------+

    + Detail: 
        * Instance: 
        N/A

        * Loop: 
        +------------+---------+---------+----------+-----------+-----------+------+----------+
        |            |  Latency (cycles) | Iteration|  Initiation Interval  | Trip |          |
        |  Loop Name |   min   |   max   |  Latency |  achieved |   target  | Count| Pipelined|
        +------------+---------+---------+----------+-----------+-----------+------+----------+
        |- memset_t  |        7|        7|         1|          -|          -|     8|    no    |
        |- Loop 2    |        8|        8|         1|          -|          -|     8|    no    |
        |- Loop 3    |        2|        2|         1|          -|          -|     2|    no    |
        +------------+---------+---------+----------+-----------+-----------+------+----------+



================================================================
== Utilization Estimates
================================================================
* Summary: 
+-----------------+---------+-------+--------+--------+-----+
|       Name      | BRAM_18K| DSP48E|   FF   |   LUT  | URAM|
+-----------------+---------+-------+--------+--------+-----+
|DSP              |        -|      -|       -|       -|    -|
|Expression       |        -|      -|       0|     136|    -|
|FIFO             |        -|      -|       -|       -|    -|
|Instance         |        -|      -|       -|       -|    -|
|Memory           |        0|      -|      16|       1|    0|
|Multiplexer      |        -|      -|       -|     169|    -|
|Register         |        -|      -|      67|       -|    -|
+-----------------+---------+-------+--------+--------+-----+
|Total            |        0|      0|      83|     306|    0|
+-----------------+---------+-------+--------+--------+-----+
|Available        |      730|    740|  269200|  134600|    0|
+-----------------+---------+-------+--------+--------+-----+
|Utilization (%)  |        0|      0|   ~0   |   ~0   |    0|
+-----------------+---------+-------+--------+--------+-----+

+ Detail: 
    * Instance: 
    N/A

    * DSP48E: 
    N/A

    * Memory: 
    +-------+-------------------+---------+----+----+-----+------+-----+------+-------------+
    | Memory|       Module      | BRAM_18K| FF | LUT| URAM| Words| Bits| Banks| W*Bits*Banks|
    +-------+-------------------+---------+----+----+-----+------+-----+------+-------------+
    |t_U    |shake128_absorb_t  |        0|  16|   1|    0|     8|    8|     1|           64|
    +-------+-------------------+---------+----+----+-----+------+-----+------+-------------+
    |Total  |                   |        0|  16|   1|    0|     8|    8|     1|           64|
    +-------+-------------------+---------+----+----+-----+------+-----+------+-------------+

    * FIFO: 
    N/A

    * Expression: 
    +------------------------+----------+-------+---+----+------------+------------+
    |      Variable Name     | Operation| DSP48E| FF| LUT| Bitwidth P0| Bitwidth P1|
    +------------------------+----------+-------+---+----+------------+------------+
    |add_ln387_fu_218_p2     |     +    |      0|  0|  12|           3|           1|
    |i_1_fu_263_p2           |     +    |      0|  0|  10|           2|           1|
    |i_fu_241_p2             |     +    |      0|  0|  13|           4|           1|
    |icmp_ln387_fu_229_p2    |   icmp   |      0|  0|   9|           3|           2|
    |icmp_ln423_fu_235_p2    |   icmp   |      0|  0|  11|           4|           5|
    |icmp_ln425_fu_257_p2    |   icmp   |      0|  0|   9|           2|           3|
    |select_ln426_fu_273_p3  |  select  |      0|  0|   8|           1|           8|
    |state_s_d0              |    xor   |      0|  0|  64|          64|          64|
    +------------------------+----------+-------+---+----+------------+------------+
    |Total                   |          |      0|  0| 136|          83|          85|
    +------------------------+----------+-------+---+----+------------+------------+

    * Multiplexer: 
    +-------------------+----+-----------+-----+-----------+
    |        Name       | LUT| Input Size| Bits| Total Bits|
    +-------------------+----+-----------+-----+-----------+
    |ap_NS_fsm          |  44|          9|    1|          9|
    |i_4_i_reg_192      |   9|          2|    4|          8|
    |i_5_i_reg_203      |   9|          2|    2|          4|
    |phi_ln387_reg_181  |   9|          2|    3|          6|
    |state_s_address0   |  15|          3|    5|         15|
    |t_address0         |  41|          8|    3|         24|
    |t_address1         |  27|          5|    3|         15|
    |t_d0               |  15|          3|    8|         24|
    +-------------------+----+-----------+-----+-----------+
    |Total              | 169|         34|   29|        105|
    +-------------------+----+-----------+-----+-----------+

    * Register: 
    +------------------------+---+----+-----+-----------+
    |          Name          | FF| LUT| Bits| Const Bits|
    +------------------------+---+----+-----+-----------+
    |ap_CS_fsm               |  8|   0|    8|          0|
    |i_4_i_reg_192           |  4|   0|    4|          0|
    |i_5_i_reg_203           |  2|   0|    2|          0|
    |in_1_read_cast_reg_306  |  2|   0|    8|          6|
    |phi_ln387_reg_181       |  3|   0|    3|          0|
    |t_load_1_reg_350        |  8|   0|    8|          0|
    |t_load_2_reg_365        |  8|   0|    8|          0|
    |t_load_3_reg_370        |  8|   0|    8|          0|
    |t_load_4_reg_385        |  8|   0|    8|          0|
    |t_load_5_reg_390        |  8|   0|    8|          0|
    |t_load_reg_345          |  8|   0|    8|          0|
    +------------------------+---+----+-----+-----------+
    |Total                   | 67|   0|   73|          6|
    +------------------------+---+----+-----+-----------+



================================================================
== Interface
================================================================
* Summary: 
+------------------+-----+-----+------------+-----------------+--------------+
|     RTL Ports    | Dir | Bits|  Protocol  |  Source Object  |    C Type    |
+------------------+-----+-----+------------+-----------------+--------------+
|ap_clk            |  in |    1| ap_ctrl_hs | shake128_absorb | return value |
|ap_rst            |  in |    1| ap_ctrl_hs | shake128_absorb | return value |
|ap_start          |  in |    1| ap_ctrl_hs | shake128_absorb | return value |
|ap_done           | out |    1| ap_ctrl_hs | shake128_absorb | return value |
|ap_idle           | out |    1| ap_ctrl_hs | shake128_absorb | return value |
|ap_ready          | out |    1| ap_ctrl_hs | shake128_absorb | return value |
|state_s_address0  | out |    5|  ap_memory |     state_s     |     array    |
|state_s_ce0       | out |    1|  ap_memory |     state_s     |     array    |
|state_s_we0       | out |    1|  ap_memory |     state_s     |     array    |
|state_s_d0        | out |   64|  ap_memory |     state_s     |     array    |
|state_s_q0        |  in |   64|  ap_memory |     state_s     |     array    |
|in_0_read         |  in |    8|   ap_none  |    in_0_read    |    scalar    |
|in_1_read         |  in |    2|   ap_none  |    in_1_read    |    scalar    |
+------------------+-----+-----+------------+-----------------+--------------+

