

================================================================
== Vitis HLS Report for 'KeccakF1600_StatePermute'
================================================================
* Date:           Fri Mar 10 17:23:16 2023

* Version:        2022.2 (Build 3670227 on Oct 13 2022)
* Project:        crypto_sign
* Solution:       solution2 (Vivado IP Flow Target)
* Product family: artix7
* Target device:  xc7a200t-fbg676-2


================================================================
== Performance Estimates
================================================================
+ Timing: 
    * Summary: 
    +--------+----------+----------+------------+
    |  Clock |  Target  | Estimated| Uncertainty|
    +--------+----------+----------+------------+
    |ap_clk  |  50.00 ns|  8.136 ns|    13.50 ns|
    +--------+----------+----------+------------+

+ Latency: 
    * Summary: 
    +---------+---------+----------+----------+-----+-----+---------+
    |  Latency (cycles) |  Latency (absolute) |  Interval | Pipeline|
    |   min   |   max   |    min   |    max   | min | max |   Type  |
    +---------+---------+----------+----------+-----+-----+---------+
    |       50|       50|  2.500 us|  2.500 us|   50|   50|       no|
    +---------+---------+----------+----------+-----+-----+---------+

    + Detail: 
        * Instance: 
        N/A

        * Loop: 
        +--------------------+---------+---------+----------+-----------+-----------+------+----------+
        |                    |  Latency (cycles) | Iteration|  Initiation Interval  | Trip |          |
        |      Loop Name     |   min   |   max   |  Latency |  achieved |   target  | Count| Pipelined|
        +--------------------+---------+---------+----------+-----------+-----------+------+----------+
        |- VITIS_LOOP_131_1  |       24|       24|         2|          -|          -|    12|        no|
        +--------------------+---------+---------+----------+-----------+-----------+------+----------+



================================================================
== Utilization Estimates
================================================================
* Summary: 
+-----------------+---------+-----+--------+--------+-----+
|       Name      | BRAM_18K| DSP |   FF   |   LUT  | URAM|
+-----------------+---------+-----+--------+--------+-----+
|DSP              |        -|    -|       -|       -|    -|
|Expression       |        -|    -|       0|   16155|    -|
|FIFO             |        -|    -|       -|       -|    -|
|Instance         |        -|    -|       -|       -|    -|
|Memory           |        2|    -|       0|       0|    -|
|Multiplexer      |        -|    -|       -|     747|    -|
|Register         |        -|    -|    1633|       -|    -|
+-----------------+---------+-----+--------+--------+-----+
|Total            |        2|    0|    1633|   16902|    0|
+-----------------+---------+-----+--------+--------+-----+
|Available        |      730|  740|  269200|  134600|    0|
+-----------------+---------+-----+--------+--------+-----+
|Utilization (%)  |       ~0|    0|      ~0|      12|    0|
+-----------------+---------+-----+--------+--------+-----+

+ Detail: 
    * Instance: 
    N/A

    * DSP: 
    N/A

    * Memory: 
    +--------------------------+-------------------------------------------------------------+---------+---+----+-----+------+-----+------+-------------+
    |          Memory          |                            Module                           | BRAM_18K| FF| LUT| URAM| Words| Bits| Banks| W*Bits*Banks|
    +--------------------------+-------------------------------------------------------------+---------+---+----+-----+------+-----+------+-------------+
    |KeccakF_RoundConstants_U  |KeccakF1600_StatePermute_KeccakF_RoundConstants_ROM_AUTO_1R  |        2|  0|   0|    0|    24|   64|     1|         1536|
    +--------------------------+-------------------------------------------------------------+---------+---+----+-----+------+-----+------+-------------+
    |Total                     |                                                             |        2|  0|   0|    0|    24|   64|     1|         1536|
    +--------------------------+-------------------------------------------------------------+---------+---+----+-----+------+-----+------+-------------+

    * FIFO: 
    N/A

    * Expression: 
    +------------------------+----------+----+---+-----+------------+------------+
    |      Variable Name     | Operation| DSP| FF| LUT | Bitwidth P0| Bitwidth P1|
    +------------------------+----------+----+---+-----+------------+------------+
    |add_ln131_fu_834_p2     |         +|   0|  0|   13|           5|           2|
    |and_ln157_fu_1219_p2    |       and|   0|  0|   64|          64|          64|
    |and_ln159_fu_1243_p2    |       and|   0|  0|   64|          64|          64|
    |and_ln160_fu_1261_p2    |       and|   0|  0|   64|          64|          64|
    |and_ln161_fu_1279_p2    |       and|   0|  0|   64|          64|          64|
    |and_ln162_fu_1297_p2    |       and|   0|  0|   64|          64|          64|
    |and_ln174_fu_1455_p2    |       and|   0|  0|   64|          64|          64|
    |and_ln175_fu_1473_p2    |       and|   0|  0|   64|          64|          64|
    |and_ln176_fu_1491_p2    |       and|   0|  0|   64|          64|          64|
    |and_ln177_fu_1509_p2    |       and|   0|  0|   64|          64|          64|
    |and_ln178_fu_1527_p2    |       and|   0|  0|   64|          64|          64|
    |and_ln190_fu_1683_p2    |       and|   0|  0|   64|          64|          64|
    |and_ln191_fu_1701_p2    |       and|   0|  0|   64|          64|          64|
    |and_ln192_fu_1719_p2    |       and|   0|  0|   64|          64|          64|
    |and_ln193_fu_1737_p2    |       and|   0|  0|   64|          64|          64|
    |and_ln194_fu_1755_p2    |       and|   0|  0|   64|          64|          64|
    |and_ln206_fu_1913_p2    |       and|   0|  0|   64|          64|          64|
    |and_ln207_fu_1931_p2    |       and|   0|  0|   64|          64|          64|
    |and_ln208_fu_1949_p2    |       and|   0|  0|   64|          64|          64|
    |and_ln209_fu_1967_p2    |       and|   0|  0|   64|          64|          64|
    |and_ln210_fu_1985_p2    |       and|   0|  0|   64|          64|          64|
    |and_ln222_fu_2143_p2    |       and|   0|  0|   64|          64|          64|
    |and_ln223_fu_2161_p2    |       and|   0|  0|   64|          64|          64|
    |and_ln224_fu_2179_p2    |       and|   0|  0|   64|          64|          64|
    |and_ln225_fu_2197_p2    |       and|   0|  0|   64|          64|          64|
    |and_ln226_fu_2215_p2    |       and|   0|  0|   64|          64|          64|
    |and_ln252_fu_2601_p2    |       and|   0|  0|   64|          64|          64|
    |and_ln254_fu_2625_p2    |       and|   0|  0|   64|          64|          64|
    |and_ln255_fu_2643_p2    |       and|   0|  0|   64|          64|          64|
    |and_ln256_fu_2661_p2    |       and|   0|  0|   64|          64|          64|
    |and_ln257_fu_2679_p2    |       and|   0|  0|   64|          64|          64|
    |and_ln269_fu_2837_p2    |       and|   0|  0|   64|          64|          64|
    |and_ln270_fu_2855_p2    |       and|   0|  0|   64|          64|          64|
    |and_ln271_fu_2873_p2    |       and|   0|  0|   64|          64|          64|
    |and_ln272_fu_2891_p2    |       and|   0|  0|   64|          64|          64|
    |and_ln273_fu_2909_p2    |       and|   0|  0|   64|          64|          64|
    |and_ln285_fu_3065_p2    |       and|   0|  0|   64|          64|          64|
    |and_ln286_fu_3083_p2    |       and|   0|  0|   64|          64|          64|
    |and_ln287_fu_3101_p2    |       and|   0|  0|   64|          64|          64|
    |and_ln288_fu_3119_p2    |       and|   0|  0|   64|          64|          64|
    |and_ln289_fu_3137_p2    |       and|   0|  0|   64|          64|          64|
    |and_ln301_fu_3295_p2    |       and|   0|  0|   64|          64|          64|
    |and_ln302_fu_3313_p2    |       and|   0|  0|   64|          64|          64|
    |and_ln303_fu_3331_p2    |       and|   0|  0|   64|          64|          64|
    |and_ln304_fu_3349_p2    |       and|   0|  0|   64|          64|          64|
    |and_ln305_fu_3367_p2    |       and|   0|  0|   64|          64|          64|
    |and_ln317_fu_3525_p2    |       and|   0|  0|   64|          64|          64|
    |and_ln318_fu_3543_p2    |       and|   0|  0|   64|          64|          64|
    |and_ln319_fu_3561_p2    |       and|   0|  0|   64|          64|          64|
    |and_ln320_fu_3579_p2    |       and|   0|  0|   64|          64|          64|
    |and_ln321_fu_3597_p2    |       and|   0|  0|   64|          64|          64|
    |icmp_ln131_fu_817_p2    |      icmp|   0|  0|    9|           5|           5|
    |or_ln253_fu_823_p2      |        or|   0|  0|    5|           5|           1|
    |Aba_6_fu_2613_p2        |       xor|   0|  0|   64|          64|          64|
    |Aba_7_fu_1095_p2        |       xor|   0|  0|   64|          64|          64|
    |Abe_4_fu_1539_p2        |       xor|   0|  0|   64|          64|          64|
    |Abe_5_fu_2631_p2        |       xor|   0|  0|   64|          64|          64|
    |Abi_4_fu_1997_p2        |       xor|   0|  0|   64|          64|          64|
    |Abi_5_fu_2649_p2        |       xor|   0|  0|   64|          64|          64|
    |Abo_4_fu_1309_p2        |       xor|   0|  0|   64|          64|          64|
    |Abo_5_fu_2667_p2        |       xor|   0|  0|   64|          64|          64|
    |Abu_4_fu_1767_p2        |       xor|   0|  0|   64|          64|          64|
    |Abu_5_fu_2685_p2        |       xor|   0|  0|   64|          64|          64|
    |Aga_4_fu_1795_p2        |       xor|   0|  0|   64|          64|          64|
    |Aga_5_fu_2843_p2        |       xor|   0|  0|   64|          64|          64|
    |Age_4_fu_1101_p2        |       xor|   0|  0|   64|          64|          64|
    |Age_5_fu_2861_p2        |       xor|   0|  0|   64|          64|          64|
    |Agi_4_fu_1565_p2        |       xor|   0|  0|   64|          64|          64|
    |Agi_5_fu_2879_p2        |       xor|   0|  0|   64|          64|          64|
    |Ago_4_fu_2025_p2        |       xor|   0|  0|   64|          64|          64|
    |Ago_5_fu_2897_p2        |       xor|   0|  0|   64|          64|          64|
    |Agu_4_fu_1337_p2        |       xor|   0|  0|   64|          64|          64|
    |Agu_5_fu_2915_p2        |       xor|   0|  0|   64|          64|          64|
    |Aka_4_fu_1365_p2        |       xor|   0|  0|   64|          64|          64|
    |Aka_5_fu_3071_p2        |       xor|   0|  0|   64|          64|          64|
    |Ake_4_fu_1823_p2        |       xor|   0|  0|   64|          64|          64|
    |Ake_5_fu_3089_p2        |       xor|   0|  0|   64|          64|          64|
    |Aki_4_fu_1129_p2        |       xor|   0|  0|   64|          64|          64|
    |Aki_5_fu_3107_p2        |       xor|   0|  0|   64|          64|          64|
    |Ako_4_fu_1593_p2        |       xor|   0|  0|   64|          64|          64|
    |Ako_5_fu_3125_p2        |       xor|   0|  0|   64|          64|          64|
    |Aku_4_fu_2053_p2        |       xor|   0|  0|   64|          64|          64|
    |Aku_5_fu_3143_p2        |       xor|   0|  0|   64|          64|          64|
    |Ama_4_fu_2081_p2        |       xor|   0|  0|   64|          64|          64|
    |Ama_5_fu_3301_p2        |       xor|   0|  0|   64|          64|          64|
    |Ame_4_fu_1393_p2        |       xor|   0|  0|   64|          64|          64|
    |Ame_5_fu_3319_p2        |       xor|   0|  0|   64|          64|          64|
    |Ami_4_fu_1851_p2        |       xor|   0|  0|   64|          64|          64|
    |Ami_5_fu_3337_p2        |       xor|   0|  0|   64|          64|          64|
    |Amo_4_fu_1157_p2        |       xor|   0|  0|   64|          64|          64|
    |Amo_5_fu_3355_p2        |       xor|   0|  0|   64|          64|          64|
    |Amu_4_fu_1621_p2        |       xor|   0|  0|   64|          64|          64|
    |Amu_5_fu_3373_p2        |       xor|   0|  0|   64|          64|          64|
    |Asa_4_fu_1649_p2        |       xor|   0|  0|   64|          64|          64|
    |Asa_5_fu_3531_p2        |       xor|   0|  0|   64|          64|          64|
    |Ase_4_fu_2109_p2        |       xor|   0|  0|   64|          64|          64|
    |Ase_5_fu_3549_p2        |       xor|   0|  0|   64|          64|          64|
    |Asi_4_fu_1421_p2        |       xor|   0|  0|   64|          64|          64|
    |Asi_5_fu_3567_p2        |       xor|   0|  0|   64|          64|          64|
    |Aso_4_fu_1879_p2        |       xor|   0|  0|   64|          64|          64|
    |Aso_5_fu_3585_p2        |       xor|   0|  0|   64|          64|          64|
    |Asu_4_fu_1185_p2        |       xor|   0|  0|   64|          64|          64|
    |Asu_5_fu_3603_p2        |       xor|   0|  0|   64|          64|          64|
    |BCa_17_fu_2245_p2       |       xor|   0|  0|   64|          64|          64|
    |BCa_fu_863_p2           |       xor|   0|  0|   64|          64|          64|
    |BCe_17_fu_2269_p2       |       xor|   0|  0|   64|          64|          64|
    |BCe_fu_887_p2           |       xor|   0|  0|   64|          64|          64|
    |BCi_17_fu_2293_p2       |       xor|   0|  0|   64|          64|          64|
    |BCi_fu_911_p2           |       xor|   0|  0|   64|          64|          64|
    |BCo_17_fu_2317_p2       |       xor|   0|  0|   64|          64|          64|
    |BCo_fu_935_p2           |       xor|   0|  0|   64|          64|          64|
    |BCu_17_fu_2341_p2       |       xor|   0|  0|   64|          64|          64|
    |BCu_fu_959_p2           |       xor|   0|  0|   64|          64|          64|
    |Da_2_fu_2367_p2         |       xor|   0|  0|   64|          64|          64|
    |Da_fu_985_p2            |       xor|   0|  0|   64|          64|          64|
    |De_2_fu_2393_p2         |       xor|   0|  0|   64|          64|          64|
    |De_fu_1011_p2           |       xor|   0|  0|   64|          64|          64|
    |Di_2_fu_2419_p2         |       xor|   0|  0|   64|          64|          64|
    |Di_fu_1037_p2           |       xor|   0|  0|   64|          64|          64|
    |Do_2_fu_2445_p2         |       xor|   0|  0|   64|          64|          64|
    |Do_fu_1063_p2           |       xor|   0|  0|   64|          64|          64|
    |Du_2_fu_2471_p2         |       xor|   0|  0|   64|          64|          64|
    |Du_fu_1089_p2           |       xor|   0|  0|   64|          64|          64|
    |Eba_4_fu_2477_p2        |       xor|   0|  0|   64|          64|          64|
    |Eba_fu_1231_p2          |       xor|   0|  0|   64|          64|          64|
    |Ebe_2_fu_2921_p2        |       xor|   0|  0|   64|          64|          64|
    |Ebe_fu_1249_p2          |       xor|   0|  0|   64|          64|          64|
    |Ebi_2_fu_3379_p2        |       xor|   0|  0|   64|          64|          64|
    |Ebi_fu_1267_p2          |       xor|   0|  0|   64|          64|          64|
    |Ebo_2_fu_2691_p2        |       xor|   0|  0|   64|          64|          64|
    |Ebo_fu_1285_p2          |       xor|   0|  0|   64|          64|          64|
    |Ebu_2_fu_3149_p2        |       xor|   0|  0|   64|          64|          64|
    |Ebu_fu_1303_p2          |       xor|   0|  0|   64|          64|          64|
    |Ega_2_fu_3177_p2        |       xor|   0|  0|   64|          64|          64|
    |Ega_fu_1461_p2          |       xor|   0|  0|   64|          64|          64|
    |Ege_2_fu_2483_p2        |       xor|   0|  0|   64|          64|          64|
    |Ege_fu_1479_p2          |       xor|   0|  0|   64|          64|          64|
    |Egi_2_fu_2947_p2        |       xor|   0|  0|   64|          64|          64|
    |Egi_fu_1497_p2          |       xor|   0|  0|   64|          64|          64|
    |Ego_2_fu_3407_p2        |       xor|   0|  0|   64|          64|          64|
    |Ego_fu_1515_p2          |       xor|   0|  0|   64|          64|          64|
    |Egu_2_fu_2719_p2        |       xor|   0|  0|   64|          64|          64|
    |Egu_fu_1533_p2          |       xor|   0|  0|   64|          64|          64|
    |Eka_2_fu_2747_p2        |       xor|   0|  0|   64|          64|          64|
    |Eka_fu_1689_p2          |       xor|   0|  0|   64|          64|          64|
    |Eke_2_fu_3205_p2        |       xor|   0|  0|   64|          64|          64|
    |Eke_fu_1707_p2          |       xor|   0|  0|   64|          64|          64|
    |Eki_2_fu_2511_p2        |       xor|   0|  0|   64|          64|          64|
    |Eki_fu_1725_p2          |       xor|   0|  0|   64|          64|          64|
    |Eko_2_fu_2975_p2        |       xor|   0|  0|   64|          64|          64|
    |Eko_fu_1743_p2          |       xor|   0|  0|   64|          64|          64|
    |Eku_2_fu_3435_p2        |       xor|   0|  0|   64|          64|          64|
    |Eku_fu_1761_p2          |       xor|   0|  0|   64|          64|          64|
    |Ema_2_fu_3463_p2        |       xor|   0|  0|   64|          64|          64|
    |Ema_fu_1919_p2          |       xor|   0|  0|   64|          64|          64|
    |Eme_2_fu_2775_p2        |       xor|   0|  0|   64|          64|          64|
    |Eme_fu_1937_p2          |       xor|   0|  0|   64|          64|          64|
    |Emi_2_fu_3233_p2        |       xor|   0|  0|   64|          64|          64|
    |Emi_fu_1955_p2          |       xor|   0|  0|   64|          64|          64|
    |Emo_2_fu_2539_p2        |       xor|   0|  0|   64|          64|          64|
    |Emo_fu_1973_p2          |       xor|   0|  0|   64|          64|          64|
    |Emu_2_fu_3003_p2        |       xor|   0|  0|   64|          64|          64|
    |Emu_fu_1991_p2          |       xor|   0|  0|   64|          64|          64|
    |Esa_2_fu_3031_p2        |       xor|   0|  0|   64|          64|          64|
    |Esa_fu_2149_p2          |       xor|   0|  0|   64|          64|          64|
    |Ese_2_fu_3491_p2        |       xor|   0|  0|   64|          64|          64|
    |Ese_fu_2167_p2          |       xor|   0|  0|   64|          64|          64|
    |Esi_2_fu_2803_p2        |       xor|   0|  0|   64|          64|          64|
    |Esi_fu_2185_p2          |       xor|   0|  0|   64|          64|          64|
    |Eso_2_fu_3261_p2        |       xor|   0|  0|   64|          64|          64|
    |Eso_fu_2203_p2          |       xor|   0|  0|   64|          64|          64|
    |Esu_2_fu_2567_p2        |       xor|   0|  0|   64|          64|          64|
    |Esu_fu_2221_p2          |       xor|   0|  0|   64|          64|          64|
    |xor_ln134_4_fu_851_p2   |       xor|   0|  0|   64|          64|          64|
    |xor_ln134_5_fu_857_p2   |       xor|   0|  0|   64|          64|          64|
    |xor_ln134_fu_845_p2     |       xor|   0|  0|   64|          64|          64|
    |xor_ln135_4_fu_875_p2   |       xor|   0|  0|   64|          64|          64|
    |xor_ln135_5_fu_881_p2   |       xor|   0|  0|   64|          64|          64|
    |xor_ln135_fu_869_p2     |       xor|   0|  0|   64|          64|          64|
    |xor_ln136_4_fu_899_p2   |       xor|   0|  0|   64|          64|          64|
    |xor_ln136_5_fu_905_p2   |       xor|   0|  0|   64|          64|          64|
    |xor_ln136_fu_893_p2     |       xor|   0|  0|   64|          64|          64|
    |xor_ln137_4_fu_923_p2   |       xor|   0|  0|   64|          64|          64|
    |xor_ln137_5_fu_929_p2   |       xor|   0|  0|   64|          64|          64|
    |xor_ln137_fu_917_p2     |       xor|   0|  0|   64|          64|          64|
    |xor_ln138_4_fu_947_p2   |       xor|   0|  0|   64|          64|          64|
    |xor_ln138_5_fu_953_p2   |       xor|   0|  0|   64|          64|          64|
    |xor_ln138_fu_941_p2     |       xor|   0|  0|   64|          64|          64|
    |xor_ln157_fu_1213_p2    |       xor|   0|  0|   64|           2|          64|
    |xor_ln158_fu_1225_p2    |       xor|   0|  0|   64|          64|          64|
    |xor_ln159_fu_1237_p2    |       xor|   0|  0|   64|           2|          64|
    |xor_ln160_fu_1255_p2    |       xor|   0|  0|   64|           2|          64|
    |xor_ln161_fu_1273_p2    |       xor|   0|  0|   64|           2|          64|
    |xor_ln162_fu_1291_p2    |       xor|   0|  0|   64|           2|          64|
    |xor_ln174_fu_1449_p2    |       xor|   0|  0|   64|           2|          64|
    |xor_ln175_fu_1467_p2    |       xor|   0|  0|   64|           2|          64|
    |xor_ln176_fu_1485_p2    |       xor|   0|  0|   64|           2|          64|
    |xor_ln177_fu_1503_p2    |       xor|   0|  0|   64|           2|          64|
    |xor_ln178_fu_1521_p2    |       xor|   0|  0|   64|           2|          64|
    |xor_ln190_fu_1677_p2    |       xor|   0|  0|   64|           2|          64|
    |xor_ln191_fu_1695_p2    |       xor|   0|  0|   64|           2|          64|
    |xor_ln192_fu_1713_p2    |       xor|   0|  0|   64|           2|          64|
    |xor_ln193_fu_1731_p2    |       xor|   0|  0|   64|           2|          64|
    |xor_ln194_fu_1749_p2    |       xor|   0|  0|   64|           2|          64|
    |xor_ln206_fu_1907_p2    |       xor|   0|  0|   64|           2|          64|
    |xor_ln207_fu_1925_p2    |       xor|   0|  0|   64|           2|          64|
    |xor_ln208_fu_1943_p2    |       xor|   0|  0|   64|           2|          64|
    |xor_ln209_fu_1961_p2    |       xor|   0|  0|   64|           2|          64|
    |xor_ln210_fu_1979_p2    |       xor|   0|  0|   64|           2|          64|
    |xor_ln222_fu_2137_p2    |       xor|   0|  0|   64|           2|          64|
    |xor_ln223_fu_2155_p2    |       xor|   0|  0|   64|           2|          64|
    |xor_ln224_fu_2173_p2    |       xor|   0|  0|   64|           2|          64|
    |xor_ln225_fu_2191_p2    |       xor|   0|  0|   64|           2|          64|
    |xor_ln226_fu_2209_p2    |       xor|   0|  0|   64|           2|          64|
    |xor_ln229_4_fu_2233_p2  |       xor|   0|  0|   64|          64|          64|
    |xor_ln229_5_fu_2239_p2  |       xor|   0|  0|   64|          64|          64|
    |xor_ln229_fu_2227_p2    |       xor|   0|  0|   64|          64|          64|
    |xor_ln230_4_fu_2257_p2  |       xor|   0|  0|   64|          64|          64|
    |xor_ln230_5_fu_2263_p2  |       xor|   0|  0|   64|          64|          64|
    |xor_ln230_fu_2251_p2    |       xor|   0|  0|   64|          64|          64|
    |xor_ln231_4_fu_2281_p2  |       xor|   0|  0|   64|          64|          64|
    |xor_ln231_5_fu_2287_p2  |       xor|   0|  0|   64|          64|          64|
    |xor_ln231_fu_2275_p2    |       xor|   0|  0|   64|          64|          64|
    |xor_ln232_4_fu_2305_p2  |       xor|   0|  0|   64|          64|          64|
    |xor_ln232_5_fu_2311_p2  |       xor|   0|  0|   64|          64|          64|
    |xor_ln232_fu_2299_p2    |       xor|   0|  0|   64|          64|          64|
    |xor_ln233_4_fu_2329_p2  |       xor|   0|  0|   64|          64|          64|
    |xor_ln233_5_fu_2335_p2  |       xor|   0|  0|   64|          64|          64|
    |xor_ln233_fu_2323_p2    |       xor|   0|  0|   64|          64|          64|
    |xor_ln252_fu_2595_p2    |       xor|   0|  0|   64|           2|          64|
    |xor_ln253_fu_2607_p2    |       xor|   0|  0|   64|          64|          64|
    |xor_ln254_fu_2619_p2    |       xor|   0|  0|   64|           2|          64|
    |xor_ln255_fu_2637_p2    |       xor|   0|  0|   64|           2|          64|
    |xor_ln256_fu_2655_p2    |       xor|   0|  0|   64|           2|          64|
    |xor_ln257_fu_2673_p2    |       xor|   0|  0|   64|           2|          64|
    |xor_ln269_fu_2831_p2    |       xor|   0|  0|   64|           2|          64|
    |xor_ln270_fu_2849_p2    |       xor|   0|  0|   64|           2|          64|
    |xor_ln271_fu_2867_p2    |       xor|   0|  0|   64|           2|          64|
    |xor_ln272_fu_2885_p2    |       xor|   0|  0|   64|           2|          64|
    |xor_ln273_fu_2903_p2    |       xor|   0|  0|   64|           2|          64|
    |xor_ln285_fu_3059_p2    |       xor|   0|  0|   64|           2|          64|
    |xor_ln286_fu_3077_p2    |       xor|   0|  0|   64|           2|          64|
    |xor_ln287_fu_3095_p2    |       xor|   0|  0|   64|           2|          64|
    |xor_ln288_fu_3113_p2    |       xor|   0|  0|   64|           2|          64|
    |xor_ln289_fu_3131_p2    |       xor|   0|  0|   64|           2|          64|
    |xor_ln301_fu_3289_p2    |       xor|   0|  0|   64|           2|          64|
    |xor_ln302_fu_3307_p2    |       xor|   0|  0|   64|           2|          64|
    |xor_ln303_fu_3325_p2    |       xor|   0|  0|   64|           2|          64|
    |xor_ln304_fu_3343_p2    |       xor|   0|  0|   64|           2|          64|
    |xor_ln305_fu_3361_p2    |       xor|   0|  0|   64|           2|          64|
    |xor_ln317_fu_3519_p2    |       xor|   0|  0|   64|           2|          64|
    |xor_ln318_fu_3537_p2    |       xor|   0|  0|   64|           2|          64|
    |xor_ln319_fu_3555_p2    |       xor|   0|  0|   64|           2|          64|
    |xor_ln320_fu_3573_p2    |       xor|   0|  0|   64|           2|          64|
    |xor_ln321_fu_3591_p2    |       xor|   0|  0|   64|           2|          64|
    +------------------------+----------+----+---+-----+------------+------------+
    |Total                   |          |   0|  0|16155|       13043|       16136|
    +------------------------+----------+----+---+-----+------------+------------+

    * Multiplexer: 
    +----------------+-----+-----------+-----+-----------+
    |      Name      | LUT | Input Size| Bits| Total Bits|
    +----------------+-----+-----------+-----+-----------+
    |Aba_1_fu_308    |    9|          2|   64|        128|
    |Abe_1_fu_304    |    9|          2|   64|        128|
    |Abi_1_fu_300    |    9|          2|   64|        128|
    |Abo_1_fu_296    |    9|          2|   64|        128|
    |Abu_1_fu_292    |    9|          2|   64|        128|
    |Aga_1_fu_288    |    9|          2|   64|        128|
    |Age_1_fu_284    |    9|          2|   64|        128|
    |Agi_1_fu_280    |    9|          2|   64|        128|
    |Ago_1_fu_276    |    9|          2|   64|        128|
    |Agu_1_fu_272    |    9|          2|   64|        128|
    |Aka_1_fu_268    |    9|          2|   64|        128|
    |Ake_1_fu_264    |    9|          2|   64|        128|
    |Aki_1_fu_260    |    9|          2|   64|        128|
    |Ako_1_fu_256    |    9|          2|   64|        128|
    |Aku_1_fu_252    |    9|          2|   64|        128|
    |Ama_1_fu_248    |    9|          2|   64|        128|
    |Ame_1_fu_244    |    9|          2|   64|        128|
    |Ami_1_fu_240    |    9|          2|   64|        128|
    |Amo_1_fu_236    |    9|          2|   64|        128|
    |Amu_1_fu_232    |    9|          2|   64|        128|
    |Asa_1_fu_228    |    9|          2|   64|        128|
    |Ase_1_fu_224    |    9|          2|   64|        128|
    |Asi_1_fu_220    |    9|          2|   64|        128|
    |Aso_1_fu_216    |    9|          2|   64|        128|
    |Asu_1_fu_312    |    9|          2|   64|        128|
    |ap_NS_fsm       |  145|         29|    1|         29|
    |round_fu_316    |    9|          2|    5|         10|
    |state_address0  |  129|         26|    5|        130|
    |state_address1  |  129|         26|    5|        130|
    |state_d0        |   53|         13|   64|        832|
    |state_d1        |   57|         14|   64|        896|
    +----------------+-----+-----------+-----+-----------+
    |Total           |  747|        160| 1744|       5227|
    +----------------+-----+-----------+-----+-----------+

    * Register: 
    +--------------+----+----+-----+-----------+
    |     Name     | FF | LUT| Bits| Const Bits|
    +--------------+----+----+-----+-----------+
    |Aba_1_fu_308  |  64|   0|   64|          0|
    |Abe_1_fu_304  |  64|   0|   64|          0|
    |Abi_1_fu_300  |  64|   0|   64|          0|
    |Abo_1_fu_296  |  64|   0|   64|          0|
    |Abu_1_fu_292  |  64|   0|   64|          0|
    |Aga_1_fu_288  |  64|   0|   64|          0|
    |Age_1_fu_284  |  64|   0|   64|          0|
    |Agi_1_fu_280  |  64|   0|   64|          0|
    |Ago_1_fu_276  |  64|   0|   64|          0|
    |Agu_1_fu_272  |  64|   0|   64|          0|
    |Aka_1_fu_268  |  64|   0|   64|          0|
    |Ake_1_fu_264  |  64|   0|   64|          0|
    |Aki_1_fu_260  |  64|   0|   64|          0|
    |Ako_1_fu_256  |  64|   0|   64|          0|
    |Aku_1_fu_252  |  64|   0|   64|          0|
    |Ama_1_fu_248  |  64|   0|   64|          0|
    |Ame_1_fu_244  |  64|   0|   64|          0|
    |Ami_1_fu_240  |  64|   0|   64|          0|
    |Amo_1_fu_236  |  64|   0|   64|          0|
    |Amu_1_fu_232  |  64|   0|   64|          0|
    |Asa_1_fu_228  |  64|   0|   64|          0|
    |Ase_1_fu_224  |  64|   0|   64|          0|
    |Asi_1_fu_220  |  64|   0|   64|          0|
    |Aso_1_fu_216  |  64|   0|   64|          0|
    |Asu_1_fu_312  |  64|   0|   64|          0|
    |ap_CS_fsm     |  28|   0|   28|          0|
    |round_fu_316  |   5|   0|    5|          0|
    +--------------+----+----+-----+-----------+
    |Total         |1633|   0| 1633|          0|
    +--------------+----+----+-----+-----------+



================================================================
== Interface
================================================================
* Summary: 
+----------------+-----+-----+------------+--------------------------+--------------+
|    RTL Ports   | Dir | Bits|  Protocol  |       Source Object      |    C Type    |
+----------------+-----+-----+------------+--------------------------+--------------+
|ap_clk          |   in|    1|  ap_ctrl_hs|  KeccakF1600_StatePermute|  return value|
|ap_rst          |   in|    1|  ap_ctrl_hs|  KeccakF1600_StatePermute|  return value|
|ap_start        |   in|    1|  ap_ctrl_hs|  KeccakF1600_StatePermute|  return value|
|ap_done         |  out|    1|  ap_ctrl_hs|  KeccakF1600_StatePermute|  return value|
|ap_idle         |  out|    1|  ap_ctrl_hs|  KeccakF1600_StatePermute|  return value|
|ap_ready        |  out|    1|  ap_ctrl_hs|  KeccakF1600_StatePermute|  return value|
|state_address0  |  out|    5|   ap_memory|                     state|         array|
|state_ce0       |  out|    1|   ap_memory|                     state|         array|
|state_we0       |  out|    1|   ap_memory|                     state|         array|
|state_d0        |  out|   64|   ap_memory|                     state|         array|
|state_q0        |   in|   64|   ap_memory|                     state|         array|
|state_address1  |  out|    5|   ap_memory|                     state|         array|
|state_ce1       |  out|    1|   ap_memory|                     state|         array|
|state_we1       |  out|    1|   ap_memory|                     state|         array|
|state_d1        |  out|   64|   ap_memory|                     state|         array|
|state_q1        |   in|   64|   ap_memory|                     state|         array|
+----------------+-----+-----+------------+--------------------------+--------------+

