

================================================================
== Vitis HLS Report for 'keccak_absorb_19'
================================================================
* Date:           Fri Mar 10 17:23:16 2023

* Version:        2022.2 (Build 3670227 on Oct 13 2022)
* Project:        crypto_sign
* Solution:       solution2 (Vivado IP Flow Target)
* Product family: artix7
* Target device:  xc7a200t-fbg676-2


================================================================
== Performance Estimates
================================================================
+ Timing: 
    * Summary: 
    +--------+----------+----------+------------+
    |  Clock |  Target  | Estimated| Uncertainty|
    +--------+----------+----------+------------+
    |ap_clk  |  50.00 ns|  6.352 ns|    13.50 ns|
    +--------+----------+----------+------------+

+ Latency: 
    * Summary: 
    +---------+---------+----------+----------+-----+-----+---------+
    |  Latency (cycles) |  Latency (absolute) |  Interval | Pipeline|
    |   min   |   max   |    min   |    max   | min | max |   Type  |
    +---------+---------+----------+----------+-----+-----+---------+
    |       26|       26|  1.300 us|  1.300 us|   26|   26|       no|
    +---------+---------+----------+----------+-----+-----+---------+

    + Detail: 
        * Instance: 
        N/A

        * Loop: 
        +--------------------+---------+---------+----------+-----------+-----------+------+----------+
        |                    |  Latency (cycles) | Iteration|  Initiation Interval  | Trip |          |
        |      Loop Name     |   min   |   max   |  Latency |  achieved |   target  | Count| Pipelined|
        +--------------------+---------+---------+----------+-----------+-----------+------+----------+
        |- VITIS_LOOP_416_5  |       24|       24|         5|          4|          1|     6|       yes|
        +--------------------+---------+---------+----------+-----------+-----------+------+----------+



================================================================
== Utilization Estimates
================================================================
* Summary: 
+-----------------+---------+-----+--------+--------+-----+
|       Name      | BRAM_18K| DSP |   FF   |   LUT  | URAM|
+-----------------+---------+-----+--------+--------+-----+
|DSP              |        -|    -|       -|       -|    -|
|Expression       |        -|    -|       0|     247|    -|
|FIFO             |        -|    -|       -|       -|    -|
|Instance         |        -|    -|       -|       -|    -|
|Memory           |        -|    -|       -|       -|    -|
|Multiplexer      |        -|    -|       -|     117|    -|
|Register         |        -|    -|     136|       -|    -|
+-----------------+---------+-----+--------+--------+-----+
|Total            |        0|    0|     136|     364|    0|
+-----------------+---------+-----+--------+--------+-----+
|Available        |      730|  740|  269200|  134600|    0|
+-----------------+---------+-----+--------+--------+-----+
|Utilization (%)  |        0|    0|      ~0|      ~0|    0|
+-----------------+---------+-----+--------+--------+-----+

+ Detail: 
    * Instance: 
    N/A

    * DSP: 
    N/A

    * Memory: 
    N/A

    * FIFO: 
    N/A

    * Expression: 
    +-----------------------+----------+----+---+----+------------+------------+
    |     Variable Name     | Operation| DSP| FF| LUT| Bitwidth P0| Bitwidth P1|
    +-----------------------+----------+----+---+----+------------+------------+
    |add_ln31_15_fu_214_p2  |         +|   0|  0|  15|           8|           8|
    |add_ln31_16_fu_239_p2  |         +|   0|  0|  15|           8|           8|
    |add_ln31_17_fu_258_p2  |         +|   0|  0|  15|           8|           8|
    |add_ln31_18_fu_277_p2  |         +|   0|  0|  15|           8|           8|
    |add_ln31_19_fu_296_p2  |         +|   0|  0|  15|           8|           8|
    |add_ln31_20_fu_315_p2  |         +|   0|  0|  15|           8|           8|
    |add_ln31_21_fu_334_p2  |         +|   0|  0|  15|           8|           8|
    |add_ln31_fu_193_p2     |         +|   0|  0|  15|           8|           8|
    |i_71_fu_170_p2         |         +|   0|  0|  11|           3|           1|
    |icmp_ln416_fu_164_p2   |      icmp|   0|  0|   8|           3|           3|
    |or_ln31_14_fu_230_p2   |        or|   0|  0|   6|           6|           2|
    |or_ln31_15_fu_249_p2   |        or|   0|  0|   6|           6|           2|
    |or_ln31_16_fu_268_p2   |        or|   0|  0|   6|           6|           3|
    |or_ln31_17_fu_287_p2   |        or|   0|  0|   6|           6|           3|
    |or_ln31_18_fu_306_p2   |        or|   0|  0|   6|           6|           3|
    |or_ln31_19_fu_325_p2   |        or|   0|  0|   6|           6|           3|
    |or_ln31_fu_204_p2      |        or|   0|  0|   6|           6|           1|
    |ap_enable_pp0          |       xor|   0|  0|   2|           1|           2|
    |s_d0                   |       xor|   0|  0|  64|          64|          64|
    +-----------------------+----------+----+---+----+------------+------------+
    |Total                  |          |   0|  0| 247|         177|         151|
    +-----------------------+----------+----+---+----+------------+------------+

    * Multiplexer: 
    +-----------------------------+----+-----------+-----+-----------+
    |             Name            | LUT| Input Size| Bits| Total Bits|
    +-----------------------------+----+-----------+-----+-----------+
    |ap_NS_fsm                    |  21|          5|    1|          5|
    |ap_done_int                  |   9|          2|    1|          2|
    |ap_enable_reg_pp0_iter0      |   9|          2|    1|          2|
    |ap_enable_reg_pp0_iter0_reg  |   9|          2|    1|          2|
    |ap_enable_reg_pp0_iter1      |   9|          2|    1|          2|
    |ap_sig_allocacmp_i           |   9|          2|    3|          6|
    |i_36_fu_52                   |   9|          2|    3|          6|
    |m_address0                   |  21|          5|    8|         40|
    |m_address1                   |  21|          5|    8|         40|
    +-----------------------------+----+-----------+-----+-----------+
    |Total                        | 117|         27|   27|        105|
    +-----------------------------+----+-----------+-----+-----------+

    * Register: 
    +-----------------------------+----+----+-----+-----------+
    |             Name            | FF | LUT| Bits| Const Bits|
    +-----------------------------+----+----+-----+-----------+
    |ap_CS_fsm                    |   4|   0|    4|          0|
    |ap_done_reg                  |   1|   0|    1|          0|
    |ap_enable_reg_pp0_iter0_reg  |   1|   0|    1|          0|
    |ap_enable_reg_pp0_iter1      |   1|   0|    1|          0|
    |i_36_fu_52                   |   3|   0|    3|          0|
    |icmp_ln416_reg_381           |   1|   0|    1|          0|
    |m_load_1_reg_416             |   8|   0|    8|          0|
    |m_load_2_reg_436             |   8|   0|    8|          0|
    |m_load_3_reg_441             |   8|   0|    8|          0|
    |m_load_4_reg_456             |   8|   0|    8|          0|
    |m_load_5_reg_461             |   8|   0|    8|          0|
    |m_load_reg_411               |   8|   0|    8|          0|
    |m_offset_cast_reg_371        |   7|   0|    8|          1|
    |s_addr_reg_405               |   3|   0|    5|          2|
    |s_load_reg_431               |  64|   0|   64|          0|
    |shl_ln_reg_385               |   3|   0|    6|          3|
    +-----------------------------+----+----+-----+-----------+
    |Total                        | 136|   0|  142|          6|
    +-----------------------------+----+----+-----+-----------+



================================================================
== Interface
================================================================
* Summary: 
+------------+-----+-----+------------+------------------+--------------+
|  RTL Ports | Dir | Bits|  Protocol  |   Source Object  |    C Type    |
+------------+-----+-----+------------+------------------+--------------+
|ap_clk      |   in|    1|  ap_ctrl_hs|  keccak_absorb.19|  return value|
|ap_rst      |   in|    1|  ap_ctrl_hs|  keccak_absorb.19|  return value|
|ap_start    |   in|    1|  ap_ctrl_hs|  keccak_absorb.19|  return value|
|ap_done     |  out|    1|  ap_ctrl_hs|  keccak_absorb.19|  return value|
|ap_idle     |  out|    1|  ap_ctrl_hs|  keccak_absorb.19|  return value|
|ap_ready    |  out|    1|  ap_ctrl_hs|  keccak_absorb.19|  return value|
|s_address0  |  out|    5|   ap_memory|                 s|         array|
|s_ce0       |  out|    1|   ap_memory|                 s|         array|
|s_we0       |  out|    1|   ap_memory|                 s|         array|
|s_d0        |  out|   64|   ap_memory|                 s|         array|
|s_address1  |  out|    5|   ap_memory|                 s|         array|
|s_ce1       |  out|    1|   ap_memory|                 s|         array|
|s_q1        |   in|   64|   ap_memory|                 s|         array|
|m_address0  |  out|    8|   ap_memory|                 m|         array|
|m_ce0       |  out|    1|   ap_memory|                 m|         array|
|m_q0        |   in|    8|   ap_memory|                 m|         array|
|m_address1  |  out|    8|   ap_memory|                 m|         array|
|m_ce1       |  out|    1|   ap_memory|                 m|         array|
|m_q1        |   in|    8|   ap_memory|                 m|         array|
|m_offset    |   in|    7|     ap_none|          m_offset|        scalar|
+------------+-----+-----+------------+------------------+--------------+

