

================================================================
== Vitis HLS Report for 'keccak_absorb_Pipeline_VITIS_LOOP_409_4'
================================================================
* Date:           Fri Mar 10 17:23:21 2023

* Version:        2022.2 (Build 3670227 on Oct 13 2022)
* Project:        crypto_sign
* Solution:       solution2 (Vivado IP Flow Target)
* Product family: artix7
* Target device:  xc7a200t-fbg676-2


================================================================
== Performance Estimates
================================================================
+ Timing: 
    * Summary: 
    +--------+----------+----------+------------+
    |  Clock |  Target  | Estimated| Uncertainty|
    +--------+----------+----------+------------+
    |ap_clk  |  50.00 ns|  6.352 ns|    13.50 ns|
    +--------+----------+----------+------------+

+ Latency: 
    * Summary: 
    +---------+---------+----------+----------+-----+-----+---------+
    |  Latency (cycles) |  Latency (absolute) |  Interval | Pipeline|
    |   min   |   max   |    min   |    max   | min | max |   Type  |
    +---------+---------+----------+----------+-----+-----+---------+
    |       19|       23|  0.950 us|  1.150 us|   19|   23|       no|
    +---------+---------+----------+----------+-----+-----+---------+

    + Detail: 
        * Instance: 
        N/A

        * Loop: 
        +--------------------+---------+---------+----------+-----------+-----------+---------+----------+
        |                    |  Latency (cycles) | Iteration|  Initiation Interval  |   Trip  |          |
        |      Loop Name     |   min   |   max   |  Latency |  achieved |   target  |  Count  | Pipelined|
        +--------------------+---------+---------+----------+-----------+-----------+---------+----------+
        |- VITIS_LOOP_409_4  |       17|       21|         2|          1|          1|  17 ~ 21|       yes|
        +--------------------+---------+---------+----------+-----------+-----------+---------+----------+



================================================================
== Utilization Estimates
================================================================
* Summary: 
+-----------------+---------+-----+--------+--------+-----+
|       Name      | BRAM_18K| DSP |   FF   |   LUT  | URAM|
+-----------------+---------+-----+--------+--------+-----+
|DSP              |        -|    -|       -|       -|    -|
|Expression       |        -|    -|       0|      88|    -|
|FIFO             |        -|    -|       -|       -|    -|
|Instance         |        -|    -|       -|       -|    -|
|Memory           |        -|    -|       -|       -|    -|
|Multiplexer      |        -|    -|       -|      36|    -|
|Register         |        -|    -|      13|       -|    -|
+-----------------+---------+-----+--------+--------+-----+
|Total            |        0|    0|      13|     124|    0|
+-----------------+---------+-----+--------+--------+-----+
|Available        |      730|  740|  269200|  134600|    0|
+-----------------+---------+-----+--------+--------+-----+
|Utilization (%)  |        0|    0|      ~0|      ~0|    0|
+-----------------+---------+-----+--------+--------+-----+

+ Detail: 
    * Instance: 
    N/A

    * DSP: 
    N/A

    * Memory: 
    N/A

    * FIFO: 
    N/A

    * Expression: 
    +---------------------+----------+----+---+----+------------+------------+
    |    Variable Name    | Operation| DSP| FF| LUT| Bitwidth P0| Bitwidth P1|
    +---------------------+----------+----+---+----+------------+------------+
    |add_ln409_fu_93_p2   |         +|   0|  0|  13|           5|           1|
    |icmp_ln409_fu_87_p2  |      icmp|   0|  0|   9|           5|           5|
    |ap_enable_pp0        |       xor|   0|  0|   2|           1|           2|
    |s_d0                 |       xor|   0|  0|  64|          64|          64|
    +---------------------+----------+----+---+----+------------+------------+
    |Total                |          |   0|  0|  88|          75|          72|
    +---------------------+----------+----+---+----+------------+------------+

    * Multiplexer: 
    +-------------------------+----+-----------+-----+-----------+
    |           Name          | LUT| Input Size| Bits| Total Bits|
    +-------------------------+----+-----------+-----+-----------+
    |ap_done_int              |   9|          2|    1|          2|
    |ap_enable_reg_pp0_iter1  |   9|          2|    1|          2|
    |ap_sig_allocacmp_i_59    |   9|          2|    5|         10|
    |i_fu_40                  |   9|          2|    5|         10|
    +-------------------------+----+-----------+-----+-----------+
    |Total                    |  36|          8|   12|         24|
    +-------------------------+----+-----------+-----+-----------+

    * Register: 
    +-------------------------+---+----+-----+-----------+
    |           Name          | FF| LUT| Bits| Const Bits|
    +-------------------------+---+----+-----+-----------+
    |ap_CS_fsm                |  1|   0|    1|          0|
    |ap_done_reg              |  1|   0|    1|          0|
    |ap_enable_reg_pp0_iter1  |  1|   0|    1|          0|
    |i_fu_40                  |  5|   0|    5|          0|
    |s_addr_reg_154           |  5|   0|    5|          0|
    +-------------------------+---+----+-----+-----------+
    |Total                    | 13|   0|   13|          0|
    +-------------------------+---+----+-----+-----------+



================================================================
== Interface
================================================================
* Summary: 
+---------------+-----+-----+------------+-----------------------------------------+--------------+
|   RTL Ports   | Dir | Bits|  Protocol  |              Source Object              |    C Type    |
+---------------+-----+-----+------------+-----------------------------------------+--------------+
|ap_clk         |   in|    1|  ap_ctrl_hs|  keccak_absorb_Pipeline_VITIS_LOOP_409_4|  return value|
|ap_rst         |   in|    1|  ap_ctrl_hs|  keccak_absorb_Pipeline_VITIS_LOOP_409_4|  return value|
|ap_start       |   in|    1|  ap_ctrl_hs|  keccak_absorb_Pipeline_VITIS_LOOP_409_4|  return value|
|ap_done        |  out|    1|  ap_ctrl_hs|  keccak_absorb_Pipeline_VITIS_LOOP_409_4|  return value|
|ap_idle        |  out|    1|  ap_ctrl_hs|  keccak_absorb_Pipeline_VITIS_LOOP_409_4|  return value|
|ap_ready       |  out|    1|  ap_ctrl_hs|  keccak_absorb_Pipeline_VITIS_LOOP_409_4|  return value|
|trunc_ln63     |   in|    5|     ap_none|                               trunc_ln63|        scalar|
|select_ln31_5  |   in|    8|     ap_none|                            select_ln31_5|        scalar|
|select_ln31_4  |   in|    8|     ap_none|                            select_ln31_4|        scalar|
|s_address0     |  out|    5|   ap_memory|                                        s|         array|
|s_ce0          |  out|    1|   ap_memory|                                        s|         array|
|s_we0          |  out|    1|   ap_memory|                                        s|         array|
|s_d0           |  out|   64|   ap_memory|                                        s|         array|
|s_address1     |  out|    5|   ap_memory|                                        s|         array|
|s_ce1          |  out|    1|   ap_memory|                                        s|         array|
|s_q1           |   in|   64|   ap_memory|                                        s|         array|
+---------------+-----+-----+------------+-----------------------------------------+--------------+

