

================================================================
== Vitis HLS Report for 'keccak_absorb_1'
================================================================
* Date:           Fri Mar 10 17:23:18 2023

* Version:        2022.2 (Build 3670227 on Oct 13 2022)
* Project:        crypto_sign
* Solution:       solution2 (Vivado IP Flow Target)
* Product family: artix7
* Target device:  xc7a200t-fbg676-2


================================================================
== Performance Estimates
================================================================
+ Timing: 
    * Summary: 
    +--------+----------+-----------+------------+
    |  Clock |  Target  | Estimated | Uncertainty|
    +--------+----------+-----------+------------+
    |ap_clk  |  50.00 ns|  10.999 ns|    13.50 ns|
    +--------+----------+-----------+------------+

+ Latency: 
    * Summary: 
    +---------+---------+----------+----------+-----+-----+---------+
    |  Latency (cycles) |  Latency (absolute) |  Interval | Pipeline|
    |   min   |   max   |    min   |    max   | min | max |   Type  |
    +---------+---------+----------+----------+-----+-----+---------+
    |        ?|        ?|         ?|         ?|    ?|    ?|       no|
    +---------+---------+----------+----------+-----+-----+---------+

    + Detail: 
        * Instance: 
        +-------------------------------------------------------+--------------------------------------------+---------+---------+----------+----------+-----+-----+---------+
        |                                                       |                                            |  Latency (cycles) |  Latency (absolute) |  Interval | Pipeline|
        |                        Instance                       |                   Module                   |   min   |   max   |    min   |    max   | min | max |   Type  |
        +-------------------------------------------------------+--------------------------------------------+---------+---------+----------+----------+-----+-----+---------+
        |grp_keccak_absorb_1_Pipeline_VITIS_LOOP_391_1_fu_262   |keccak_absorb_1_Pipeline_VITIS_LOOP_391_1   |        ?|        ?|         ?|         ?|    ?|    ?|       no|
        |grp_keccak_absorb_1_Pipeline_VITIS_LOOP_30_1_fu_272    |keccak_absorb_1_Pipeline_VITIS_LOOP_30_1    |       10|       10|  0.500 us|  0.500 us|   10|   10|       no|
        |grp_keccak_absorb_1_Pipeline_VITIS_LOOP_400_2_fu_278   |keccak_absorb_1_Pipeline_VITIS_LOOP_400_2   |        ?|        ?|         ?|         ?|    ?|    ?|       no|
        |grp_KeccakF1600_StatePermute_fu_291                    |KeccakF1600_StatePermute                    |       50|       50|  2.500 us|  2.500 us|   50|   50|       no|
        |grp_keccak_absorb_1_Pipeline_VITIS_LOOP_409_4_fu_299   |keccak_absorb_1_Pipeline_VITIS_LOOP_409_4   |       70|       70|  3.500 us|  3.500 us|   70|   70|       no|
        |grp_keccak_absorb_1_Pipeline_VITIS_LOOP_416_5_fu_309   |keccak_absorb_1_Pipeline_VITIS_LOOP_416_5   |        2|       66|  0.100 us|  3.300 us|    2|   66|       no|
        |grp_keccak_absorb_1_Pipeline_VITIS_LOOP_423_6_fu_320   |keccak_absorb_1_Pipeline_VITIS_LOOP_423_6   |       10|       10|  0.500 us|  0.500 us|   10|   10|       no|
        |grp_keccak_absorb_1_Pipeline_VITIS_LOOP_425_7_fu_325   |keccak_absorb_1_Pipeline_VITIS_LOOP_425_7   |        ?|        ?|         ?|         ?|    ?|    ?|       no|
        |grp_keccak_absorb_1_Pipeline_VITIS_LOOP_30_124_fu_335  |keccak_absorb_1_Pipeline_VITIS_LOOP_30_124  |       10|       10|  0.500 us|  0.500 us|   10|   10|       no|
        +-------------------------------------------------------+--------------------------------------------+---------+---------+----------+----------+-----+-----+---------+

        * Loop: 
        +--------------------+---------+---------+----------+-----------+-----------+------+----------+
        |                    |  Latency (cycles) | Iteration|  Initiation Interval  | Trip |          |
        |      Loop Name     |   min   |   max   |  Latency |  achieved |   target  | Count| Pipelined|
        +--------------------+---------+---------+----------+-----------+-----------+------+----------+
        |- Loop 1            |        8|        8|         1|          -|          -|     8|        no|
        |- VITIS_LOOP_408_3  |        ?|        ?|       124|          -|          -|     ?|        no|
        +--------------------+---------+---------+----------+-----------+-----------+------+----------+



================================================================
== Utilization Estimates
================================================================
* Summary: 
+-----------------+---------+-----+--------+--------+-----+
|       Name      | BRAM_18K| DSP |   FF   |   LUT  | URAM|
+-----------------+---------+-----+--------+--------+-----+
|DSP              |        -|    -|       -|       -|    -|
|Expression       |        -|    -|       0|    1115|    -|
|FIFO             |        -|    -|       -|       -|    -|
|Instance         |        2|    -|    2691|   19289|    -|
|Memory           |        0|    -|       8|       1|    0|
|Multiplexer      |        -|    -|       -|     602|    -|
|Register         |        -|    -|     745|       -|    -|
+-----------------+---------+-----+--------+--------+-----+
|Total            |        2|    0|    3444|   21007|    0|
+-----------------+---------+-----+--------+--------+-----+
|Available        |      730|  740|  269200|  134600|    0|
+-----------------+---------+-----+--------+--------+-----+
|Utilization (%)  |       ~0|    0|       1|      15|    0|
+-----------------+---------+-----+--------+--------+-----+

+ Detail: 
    * Instance: 
    +-------------------------------------------------------+--------------------------------------------+---------+----+------+-------+-----+
    |                        Instance                       |                   Module                   | BRAM_18K| DSP|  FF  |  LUT  | URAM|
    +-------------------------------------------------------+--------------------------------------------+---------+----+------+-------+-----+
    |grp_KeccakF1600_StatePermute_fu_291                    |KeccakF1600_StatePermute                    |        2|   0|  1633|  16902|    0|
    |grp_keccak_absorb_1_Pipeline_VITIS_LOOP_30_1_fu_272    |keccak_absorb_1_Pipeline_VITIS_LOOP_30_1    |        0|   0|    75|    315|    0|
    |grp_keccak_absorb_1_Pipeline_VITIS_LOOP_30_124_fu_335  |keccak_absorb_1_Pipeline_VITIS_LOOP_30_124  |        0|   0|    75|    315|    0|
    |grp_keccak_absorb_1_Pipeline_VITIS_LOOP_391_1_fu_262   |keccak_absorb_1_Pipeline_VITIS_LOOP_391_1   |        0|   0|   112|    206|    0|
    |grp_keccak_absorb_1_Pipeline_VITIS_LOOP_400_2_fu_278   |keccak_absorb_1_Pipeline_VITIS_LOOP_400_2   |        0|   0|   308|    517|    0|
    |grp_keccak_absorb_1_Pipeline_VITIS_LOOP_409_4_fu_299   |keccak_absorb_1_Pipeline_VITIS_LOOP_409_4   |        0|   0|   143|    384|    0|
    |grp_keccak_absorb_1_Pipeline_VITIS_LOOP_416_5_fu_309   |keccak_absorb_1_Pipeline_VITIS_LOOP_416_5   |        0|   0|   272|    480|    0|
    |grp_keccak_absorb_1_Pipeline_VITIS_LOOP_423_6_fu_320   |keccak_absorb_1_Pipeline_VITIS_LOOP_423_6   |        0|   0|     6|     49|    0|
    |grp_keccak_absorb_1_Pipeline_VITIS_LOOP_425_7_fu_325   |keccak_absorb_1_Pipeline_VITIS_LOOP_425_7   |        0|   0|    67|    121|    0|
    +-------------------------------------------------------+--------------------------------------------+---------+----+------+-------+-----+
    |Total                                                  |                                            |        2|   0|  2691|  19289|    0|
    +-------------------------------------------------------+--------------------------------------------+---------+----+------+-------+-----+

    * DSP: 
    N/A

    * Memory: 
    +-------+---------------------------------+---------+---+----+-----+------+-----+------+-------------+
    | Memory|              Module             | BRAM_18K| FF| LUT| URAM| Words| Bits| Banks| W*Bits*Banks|
    +-------+---------------------------------+---------+---+----+-----+------+-----+------+-------------+
    |t_U    |keccak_absorb_1_t_RAM_AUTO_1R1W  |        0|  8|   1|    0|     8|    8|     1|           64|
    +-------+---------------------------------+---------+---+----+-----+------+-----+------+-------------+
    |Total  |                                 |        0|  8|   1|    0|     8|    8|     1|           64|
    +-------+---------------------------------+---------+---+----+-----+------+-----+------+-------------+

    * FIFO: 
    N/A

    * Expression: 
    +----------------------------------+----------+----+---+----+------------+------------+
    |           Variable Name          | Operation| DSP| FF| LUT| Bitwidth P0| Bitwidth P1|
    +----------------------------------+----------+----+---+----+------------+------------+
    |add_ln31_3_fu_667_p2              |         +|   0|  0|  20|          13|          13|
    |add_ln382_1_fu_476_p2             |         +|   0|  0|  15|           8|           8|
    |add_ln382_2_fu_710_p2             |         +|   0|  0|  15|           8|           8|
    |add_ln382_fu_471_p2               |         +|   0|  0|  39|          32|          32|
    |add_ln384_1_fu_514_p2             |         +|   0|  0|  64|          64|           1|
    |add_ln384_2_fu_519_p2             |         +|   0|  0|  64|          64|          64|
    |add_ln384_fu_617_p2               |         +|   0|  0|  20|          13|          13|
    |add_ln386_fu_482_p2               |         +|   0|  0|   8|           8|           8|
    |add_ln406_fu_591_p2               |         +|   0|  0|  20|          13|          13|
    |add_ln408_fu_636_p2               |         +|   0|  0|  71|          64|           9|
    |add_ln411_fu_630_p2               |         +|   0|  0|  71|          64|           8|
    |add_ln428_fu_742_p2               |         +|   0|  0|  15|           8|           8|
    |empty_113_fu_376_p2               |         +|   0|  0|  13|           4|           1|
    |sub_ln384_fu_705_p2               |         -|   0|  0|  16|           9|           9|
    |sub_ln391_fu_403_p2               |         -|   0|  0|  13|           5|           4|
    |sub_ln396_fu_488_p2               |         -|   0|  0|   8|           8|           8|
    |sub_ln399_fu_545_p2               |         -|   0|  0|  39|           8|          32|
    |sub_ln403_fu_585_p2               |         -|   0|  0|  71|          64|          64|
    |ap_block_state10_on_subcall_done  |       and|   0|  0|   2|           1|           1|
    |ap_predicate_op101_call_state10   |       and|   0|  0|   2|           1|           1|
    |empty_114_fu_423_p2               |      icmp|   0|  0|  29|          64|          64|
    |exitcond10014_fu_370_p2           |      icmp|   0|  0|   9|           4|           5|
    |icmp_ln389_fu_387_p2              |      icmp|   0|  0|   8|           3|           1|
    |icmp_ln399_1_fu_559_p2            |      icmp|   0|  0|  29|          64|          64|
    |icmp_ln399_fu_539_p2              |      icmp|   0|  0|  18|          32|           1|
    |icmp_ln408_fu_624_p2              |      icmp|   0|  0|  29|          64|           8|
    |icmp_ln422_fu_696_p2              |      icmp|   0|  0|  29|          64|          64|
    |umax_fu_429_p3                    |    select|   0|  0|  64|           1|          64|
    |empty_116_fu_456_p2               |       xor|   0|  0|  32|          32|           2|
    |xor_ln384_fu_462_p2               |       xor|   0|  0|   8|           8|           2|
    |xor_ln391_1_fu_413_p2             |       xor|   0|  0|   5|           5|           2|
    |xor_ln391_2_cast_fu_508_p2        |       xor|   0|  0|  13|          13|           2|
    |xor_ln391_2_fu_445_p2             |       xor|   0|  0|  64|          64|           2|
    |xor_ln391_fu_392_p2               |       xor|   0|  0|  64|          64|           2|
    |xor_ln396_fu_528_p2               |       xor|   0|  0|  64|          64|          64|
    |xor_ln427_fu_735_p2               |       xor|   0|  0|  64|          64|          64|
    +----------------------------------+----------+----+---+----+------------+------------+
    |Total                             |          |   0|  0|1115|        1069|         716|
    +----------------------------------+----------+----+---+----+------------+------------+

    * Multiplexer: 
    +----------------------------------------+-----+-----------+-----+-----------+
    |                  Name                  | LUT | Input Size| Bits| Total Bits|
    +----------------------------------------+-----+-----------+-----+-----------+
    |ap_NS_fsm                               |  107|         22|    1|         22|
    |ap_phi_mux_m_addr_1_idx_phi_fu_184_p4   |    9|          2|   13|         26|
    |ap_phi_mux_mlen_assign_1_phi_fu_204_p4  |    9|          2|   64|        128|
    |ap_phi_mux_mlen_assign_3_phi_fu_243_p6  |    9|          2|   64|        128|
    |ap_phi_mux_phi_ln382_phi_fu_256_p4      |    9|          2|    8|         16|
    |ap_phi_mux_pos_assign_2_phi_fu_195_p4   |    9|          2|   32|         64|
    |ap_return                               |    9|          2|    8|         16|
    |empty_fu_104                            |    9|          2|    4|          8|
    |idx104_fu_120                           |    9|          2|   64|        128|
    |m_addr_1_idx_reg_180                    |    9|          2|   13|         26|
    |m_addr_2_idx_reg_211                    |    9|          2|   13|         26|
    |mlen_assign_1_reg_201                   |    9|          2|   64|        128|
    |mlen_assign_3_reg_240                   |    9|          2|   64|        128|
    |mlen_assign_4_fu_124                    |    9|          2|   64|        128|
    |phi_ln382_reg_253                       |    9|          2|    8|         16|
    |phi_ln384_reg_225                       |    9|          2|    8|         16|
    |pos_assign_2_reg_192                    |    9|          2|   32|         64|
    |s_address0                              |   37|          9|    5|         45|
    |s_address1                              |   21|          5|    5|         25|
    |s_ce0                                   |   25|          6|    1|          6|
    |s_ce1                                   |   21|          5|    1|          5|
    |s_d0                                    |   29|          7|   64|        448|
    |s_we0                                   |   25|          6|    1|          6|
    |s_we1                                   |    9|          2|    1|          2|
    |sm_address0                             |   25|          6|   13|         78|
    |sm_address1                             |   17|          4|   13|         52|
    |sm_ce0                                  |   25|          6|    1|          6|
    |sm_ce1                                  |   17|          4|    1|          4|
    |t_address0                              |   29|          7|    3|         21|
    |t_ce0                                   |   29|          7|    1|          7|
    |t_d0                                    |   21|          5|    8|         40|
    |t_we0                                   |   21|          5|    1|          5|
    +----------------------------------------+-----+-----------+-----+-----------+
    |Total                                   |  602|        138|  643|       1818|
    +----------------------------------------+-----+-----------+-----+-----------+

    * Register: 
    +--------------------------------------------------------------------+----+----+-----+-----------+
    |                                Name                                | FF | LUT| Bits| Const Bits|
    +--------------------------------------------------------------------+----+----+-----+-----------+
    |add_ln31_3_reg_906                                                  |  13|   0|   13|          0|
    |add_ln382_2_reg_934                                                 |   8|   0|    8|          0|
    |add_ln382_reg_826                                                   |  32|   0|   32|          0|
    |add_ln384_reg_888                                                   |  13|   0|   13|          0|
    |and_ln_reg_917                                                      |   5|   0|    8|          3|
    |ap_CS_fsm                                                           |  21|   0|   21|          0|
    |ap_return_preg                                                      |   8|   0|    8|          0|
    |empty_fu_104                                                        |   4|   0|    4|          0|
    |grp_KeccakF1600_StatePermute_fu_291_ap_start_reg                    |   1|   0|    1|          0|
    |grp_keccak_absorb_1_Pipeline_VITIS_LOOP_30_124_fu_335_ap_start_reg  |   1|   0|    1|          0|
    |grp_keccak_absorb_1_Pipeline_VITIS_LOOP_30_1_fu_272_ap_start_reg    |   1|   0|    1|          0|
    |grp_keccak_absorb_1_Pipeline_VITIS_LOOP_391_1_fu_262_ap_start_reg   |   1|   0|    1|          0|
    |grp_keccak_absorb_1_Pipeline_VITIS_LOOP_400_2_fu_278_ap_start_reg   |   1|   0|    1|          0|
    |grp_keccak_absorb_1_Pipeline_VITIS_LOOP_409_4_fu_299_ap_start_reg   |   1|   0|    1|          0|
    |grp_keccak_absorb_1_Pipeline_VITIS_LOOP_416_5_fu_309_ap_start_reg   |   1|   0|    1|          0|
    |grp_keccak_absorb_1_Pipeline_VITIS_LOOP_423_6_fu_320_ap_start_reg   |   1|   0|    1|          0|
    |grp_keccak_absorb_1_Pipeline_VITIS_LOOP_425_7_fu_325_ap_start_reg   |   1|   0|    1|          0|
    |i_reg_796                                                           |   3|   0|    3|          0|
    |icmp_ln389_reg_807                                                  |   1|   0|    1|          0|
    |icmp_ln399_1_reg_860                                                |   1|   0|    1|          0|
    |icmp_ln399_reg_846                                                  |   1|   0|    1|          0|
    |icmp_ln422_reg_924                                                  |   1|   0|    1|          0|
    |idx104_fu_120                                                       |  64|   0|   64|          0|
    |lshr_ln_reg_831                                                     |   5|   0|    5|          0|
    |m_addr_1_idx_reg_180                                                |  13|   0|   13|          0|
    |m_addr_2_idx_reg_211                                                |  13|   0|   13|          0|
    |m_offset_cast_reg_791                                               |  12|   0|   13|          1|
    |mlen_assign_1_reg_201                                               |  64|   0|   64|          0|
    |mlen_assign_3_reg_240                                               |  64|   0|   64|          0|
    |mlen_assign_4_fu_124                                                |  64|   0|   64|          0|
    |phi_ln382_reg_253                                                   |   8|   0|    8|          0|
    |phi_ln384_reg_225                                                   |   8|   0|    8|          0|
    |pos_assign_2_reg_192                                                |  32|   0|   32|          0|
    |pos_offset_cast6_cast_cast_cast_reg_785                             |   6|   0|   32|         26|
    |pos_offset_cast6_cast_cast_reg_780                                  |   6|   0|    6|          0|
    |s_addr_1_reg_946                                                    |   5|   0|    5|          0|
    |s_addr_reg_836                                                      |   5|   0|    5|          0|
    |sub_ln384_reg_928                                                   |   9|   0|    9|          0|
    |tmp_s_reg_912                                                       |   5|   0|    5|          0|
    |trunc_ln384_2_reg_896                                               |   9|   0|    9|          0|
    |trunc_ln391_1_reg_816                                               |  13|   0|   13|          0|
    |trunc_ln399_reg_855                                                 |  13|   0|   13|          0|
    |trunc_ln400_1_reg_869                                               |  29|   0|   29|          0|
    |trunc_ln418_1_reg_901                                               |   5|   0|    5|          0|
    |trunc_ln428_reg_941                                                 |   8|   0|    8|          0|
    |trunc_ln_reg_864                                                    |   5|   0|    5|          0|
    |umax_reg_811                                                        |  64|   0|   64|          0|
    |xor_ln391_2_reg_821                                                 |  64|   0|   64|          0|
    |zext_ln399_reg_850                                                  |  32|   0|   64|         32|
    +--------------------------------------------------------------------+----+----+-----+-----------+
    |Total                                                               | 745|   0|  807|         62|
    +--------------------------------------------------------------------+----+----+-----+-----------+



================================================================
== Interface
================================================================
* Summary: 
+-------------+-----+-----+------------+-----------------+--------------+
|  RTL Ports  | Dir | Bits|  Protocol  |  Source Object  |    C Type    |
+-------------+-----+-----+------------+-----------------+--------------+
|ap_clk       |   in|    1|  ap_ctrl_hs|  keccak_absorb.1|  return value|
|ap_rst       |   in|    1|  ap_ctrl_hs|  keccak_absorb.1|  return value|
|ap_start     |   in|    1|  ap_ctrl_hs|  keccak_absorb.1|  return value|
|ap_done      |  out|    1|  ap_ctrl_hs|  keccak_absorb.1|  return value|
|ap_idle      |  out|    1|  ap_ctrl_hs|  keccak_absorb.1|  return value|
|ap_ready     |  out|    1|  ap_ctrl_hs|  keccak_absorb.1|  return value|
|ap_return    |  out|    8|  ap_ctrl_hs|  keccak_absorb.1|  return value|
|s_address0   |  out|    5|   ap_memory|                s|         array|
|s_ce0        |  out|    1|   ap_memory|                s|         array|
|s_we0        |  out|    1|   ap_memory|                s|         array|
|s_d0         |  out|   64|   ap_memory|                s|         array|
|s_q0         |   in|   64|   ap_memory|                s|         array|
|s_address1   |  out|    5|   ap_memory|                s|         array|
|s_ce1        |  out|    1|   ap_memory|                s|         array|
|s_we1        |  out|    1|   ap_memory|                s|         array|
|s_d1         |  out|   64|   ap_memory|                s|         array|
|s_q1         |   in|   64|   ap_memory|                s|         array|
|pos_offset   |   in|    5|     ap_none|       pos_offset|        scalar|
|sm_address0  |  out|   13|   ap_memory|               sm|         array|
|sm_ce0       |  out|    1|   ap_memory|               sm|         array|
|sm_q0        |   in|    8|   ap_memory|               sm|         array|
|sm_address1  |  out|   13|   ap_memory|               sm|         array|
|sm_ce1       |  out|    1|   ap_memory|               sm|         array|
|sm_q1        |   in|    8|   ap_memory|               sm|         array|
|m_offset     |   in|   12|     ap_none|         m_offset|        scalar|
|mlen_offset  |   in|   64|     ap_none|      mlen_offset|        scalar|
+-------------+-----+-----+------------+-----------------+--------------+

