

================================================================
== Vitis HLS Report for 'keccak_absorb_Pipeline_VITIS_LOOP_425_7'
================================================================
* Date:           Fri Mar 10 17:23:22 2023

* Version:        2022.2 (Build 3670227 on Oct 13 2022)
* Project:        crypto_sign
* Solution:       solution2 (Vivado IP Flow Target)
* Product family: artix7
* Target device:  xc7a200t-fbg676-2


================================================================
== Performance Estimates
================================================================
+ Timing: 
    * Summary: 
    +--------+----------+----------+------------+
    |  Clock |  Target  | Estimated| Uncertainty|
    +--------+----------+----------+------------+
    |ap_clk  |  50.00 ns|  3.866 ns|    13.50 ns|
    +--------+----------+----------+------------+

+ Latency: 
    * Summary: 
    +---------+---------+----------+----------+-----+-----+---------+
    |  Latency (cycles) |  Latency (absolute) |  Interval | Pipeline|
    |   min   |   max   |    min   |    max   | min | max |   Type  |
    +---------+---------+----------+----------+-----+-----+---------+
    |        ?|        ?|         ?|         ?|    ?|    ?|       no|
    +---------+---------+----------+----------+-----+-----+---------+

    + Detail: 
        * Instance: 
        N/A

        * Loop: 
        +--------------------+---------+---------+----------+-----------+-----------+------+----------+
        |                    |  Latency (cycles) | Iteration|  Initiation Interval  | Trip |          |
        |      Loop Name     |   min   |   max   |  Latency |  achieved |   target  | Count| Pipelined|
        +--------------------+---------+---------+----------+-----------+-----------+------+----------+
        |- VITIS_LOOP_425_7  |        ?|        ?|         1|          1|          1|     ?|       yes|
        +--------------------+---------+---------+----------+-----------+-----------+------+----------+



================================================================
== Utilization Estimates
================================================================
* Summary: 
+-----------------+---------+-----+--------+--------+-----+
|       Name      | BRAM_18K| DSP |   FF   |   LUT  | URAM|
+-----------------+---------+-----+--------+--------+-----+
|DSP              |        -|    -|       -|       -|    -|
|Expression       |        -|    -|       0|      67|    -|
|FIFO             |        -|    -|       -|       -|    -|
|Instance         |        -|    -|       -|       -|    -|
|Memory           |        -|    -|       -|       -|    -|
|Multiplexer      |        -|    -|       -|      27|    -|
|Register         |        -|    -|      34|       -|    -|
+-----------------+---------+-----+--------+--------+-----+
|Total            |        0|    0|      34|      94|    0|
+-----------------+---------+-----+--------+--------+-----+
|Available        |      730|  740|  269200|  134600|    0|
+-----------------+---------+-----+--------+--------+-----+
|Utilization (%)  |        0|    0|      ~0|      ~0|    0|
+-----------------+---------+-----+--------+--------+-----+

+ Detail: 
    * Instance: 
    N/A

    * DSP: 
    N/A

    * Memory: 
    N/A

    * FIFO: 
    N/A

    * Expression: 
    +---------------------+----------+----+---+----+------------+------------+
    |    Variable Name    | Operation| DSP| FF| LUT| Bitwidth P0| Bitwidth P1|
    +---------------------+----------+----+---+----+------------+------------+
    |i_56_fu_95_p2        |         +|   0|  0|  39|          32|           1|
    |icmp_ln425_fu_89_p2  |      icmp|   0|  0|  18|          33|          33|
    |t_d0                 |    select|   0|  0|   8|           1|           8|
    |xor_ln426_fu_110_p2  |       xor|   0|  0|   2|           1|           1|
    +---------------------+----------+----+---+----+------------+------------+
    |Total                |          |   0|  0|  67|          67|          43|
    +---------------------+----------+----+---+----+------------+------------+

    * Multiplexer: 
    +--------------------+----+-----------+-----+-----------+
    |        Name        | LUT| Input Size| Bits| Total Bits|
    +--------------------+----+-----------+-----+-----------+
    |ap_done_int         |   9|          2|    1|          2|
    |ap_sig_allocacmp_i  |   9|          2|   32|         64|
    |i_53_fu_32          |   9|          2|   32|         64|
    +--------------------+----+-----------+-----+-----------+
    |Total               |  27|          6|   65|        130|
    +--------------------+----+-----------+-----+-----------+

    * Register: 
    +-------------+----+----+-----+-----------+
    |     Name    | FF | LUT| Bits| Const Bits|
    +-------------+----+----+-----+-----------+
    |ap_CS_fsm    |   1|   0|    1|          0|
    |ap_done_reg  |   1|   0|    1|          0|
    |i_53_fu_32   |  32|   0|   32|          0|
    +-------------+----+----+-----+-----------+
    |Total        |  34|   0|   34|          0|
    +-------------+----+----+-----+-----------+



================================================================
== Interface
================================================================
* Summary: 
+--------------+-----+-----+------------+-----------------------------------------+--------------+
|   RTL Ports  | Dir | Bits|  Protocol  |              Source Object              |    C Type    |
+--------------+-----+-----+------------+-----------------------------------------+--------------+
|ap_clk        |   in|    1|  ap_ctrl_hs|  keccak_absorb_Pipeline_VITIS_LOOP_425_7|  return value|
|ap_rst        |   in|    1|  ap_ctrl_hs|  keccak_absorb_Pipeline_VITIS_LOOP_425_7|  return value|
|ap_start      |   in|    1|  ap_ctrl_hs|  keccak_absorb_Pipeline_VITIS_LOOP_425_7|  return value|
|ap_done       |  out|    1|  ap_ctrl_hs|  keccak_absorb_Pipeline_VITIS_LOOP_425_7|  return value|
|ap_idle       |  out|    1|  ap_ctrl_hs|  keccak_absorb_Pipeline_VITIS_LOOP_425_7|  return value|
|ap_ready      |  out|    1|  ap_ctrl_hs|  keccak_absorb_Pipeline_VITIS_LOOP_425_7|  return value|
|sext_ln384_3  |   in|    9|     ap_none|                             sext_ln384_3|        scalar|
|xor_ln31      |   in|    1|     ap_none|                                 xor_ln31|        scalar|
|m_1_read      |   in|    8|     ap_none|                                 m_1_read|        scalar|
|m_0_read      |   in|    8|     ap_none|                                 m_0_read|        scalar|
|t_address0    |  out|    3|   ap_memory|                                        t|         array|
|t_ce0         |  out|    1|   ap_memory|                                        t|         array|
|t_we0         |  out|    1|   ap_memory|                                        t|         array|
|t_d0          |  out|    8|   ap_memory|                                        t|         array|
+--------------+-----+-----+------------+-----------------------------------------+--------------+

