

================================================================
== Vitis HLS Report for 'pqcrystals_dilithium2_ref_polyt0_unpack_1'
================================================================
* Date:           Fri Mar 10 17:23:07 2023

* Version:        2022.2 (Build 3670227 on Oct 13 2022)
* Project:        crypto_sign
* Solution:       solution2 (Vivado IP Flow Target)
* Product family: artix7
* Target device:  xc7a200t-fbg676-2


================================================================
== Performance Estimates
================================================================
+ Timing: 
    * Summary: 
    +--------+----------+----------+------------+
    |  Clock |  Target  | Estimated| Uncertainty|
    +--------+----------+----------+------------+
    |ap_clk  |  50.00 ns|  7.354 ns|    13.50 ns|
    +--------+----------+----------+------------+

+ Latency: 
    * Summary: 
    +---------+---------+-----------+-----------+-----+-----+---------+
    |  Latency (cycles) |   Latency (absolute)  |  Interval | Pipeline|
    |   min   |   max   |    min    |    max    | min | max |   Type  |
    +---------+---------+-----------+-----------+-----+-----+---------+
    |      208|      208|  10.400 us|  10.400 us|  208|  208|      yes|
    +---------+---------+-----------+-----------+-----+-----+---------+

    + Detail: 
        * Instance: 
        N/A

        * Loop: 
        N/A



================================================================
== Utilization Estimates
================================================================
* Summary: 
+-----------------+---------+-----+--------+--------+-----+
|       Name      | BRAM_18K| DSP |   FF   |   LUT  | URAM|
+-----------------+---------+-----+--------+--------+-----+
|DSP              |        -|    -|       -|       -|    -|
|Expression       |        -|    -|       0|   16965|    -|
|FIFO             |        -|    -|       -|       -|    -|
|Instance         |        -|    -|       -|       -|    -|
|Memory           |        -|    -|       -|       -|    -|
|Multiplexer      |        -|    -|       -|    6066|    -|
|Register         |        -|    -|     260|       -|    -|
+-----------------+---------+-----+--------+--------+-----+
|Total            |        0|    0|     260|   23031|    0|
+-----------------+---------+-----+--------+--------+-----+
|Available        |      730|  740|  269200|  134600|    0|
+-----------------+---------+-----+--------+--------+-----+
|Utilization (%)  |        0|    0|      ~0|      17|    0|
+-----------------+---------+-----+--------+--------+-----+

+ Detail: 
    * Instance: 
    N/A

    * DSP: 
    N/A

    * Memory: 
    N/A

    * FIFO: 
    N/A

    * Expression: 
    +--------------------------+----------+----+---+-----+------------+------------+
    |       Variable Name      | Operation| DSP| FF| LUT | Bitwidth P0| Bitwidth P1|
    +--------------------------+----------+----+---+-----+------------+------------+
    |add_ln739_10_fu_13595_p2  |         +|   0|  0|   19|          12|           8|
    |add_ln739_11_fu_14238_p2  |         +|   0|  0|   19|          12|           8|
    |add_ln739_12_fu_14815_p2  |         +|   0|  0|   19|          12|           8|
    |add_ln739_13_fu_15458_p2  |         +|   0|  0|   19|          12|           8|
    |add_ln739_14_fu_16035_p2  |         +|   0|  0|   19|          12|           8|
    |add_ln739_15_fu_16678_p2  |         +|   0|  0|   19|          12|           8|
    |add_ln739_16_fu_17255_p2  |         +|   0|  0|   19|          12|           8|
    |add_ln739_17_fu_17898_p2  |         +|   0|  0|   19|          12|           8|
    |add_ln739_18_fu_18475_p2  |         +|   0|  0|   19|          12|           8|
    |add_ln739_19_fu_19118_p2  |         +|   0|  0|   19|          12|           9|
    |add_ln739_1_fu_8138_p2    |         +|   0|  0|   19|          12|           5|
    |add_ln739_20_fu_19695_p2  |         +|   0|  0|   19|          12|           9|
    |add_ln739_21_fu_20338_p2  |         +|   0|  0|   19|          12|           9|
    |add_ln739_22_fu_20915_p2  |         +|   0|  0|   19|          12|           9|
    |add_ln739_23_fu_21558_p2  |         +|   0|  0|   19|          12|           9|
    |add_ln739_24_fu_22135_p2  |         +|   0|  0|   19|          12|           9|
    |add_ln739_25_fu_22778_p2  |         +|   0|  0|   19|          12|           9|
    |add_ln739_26_fu_23355_p2  |         +|   0|  0|   19|          12|           9|
    |add_ln739_27_fu_23998_p2  |         +|   0|  0|   19|          12|           9|
    |add_ln739_28_fu_24575_p2  |         +|   0|  0|   19|          12|           9|
    |add_ln739_29_fu_25218_p2  |         +|   0|  0|   19|          12|           9|
    |add_ln739_2_fu_8715_p2    |         +|   0|  0|   19|          12|           6|
    |add_ln739_30_fu_25795_p2  |         +|   0|  0|   19|          12|           9|
    |add_ln739_3_fu_9358_p2    |         +|   0|  0|   19|          12|           6|
    |add_ln739_4_fu_9935_p2    |         +|   0|  0|   19|          12|           7|
    |add_ln739_5_fu_10578_p2   |         +|   0|  0|   19|          12|           7|
    |add_ln739_6_fu_11155_p2   |         +|   0|  0|   19|          12|           7|
    |add_ln739_7_fu_11798_p2   |         +|   0|  0|   19|          12|           7|
    |add_ln739_8_fu_12375_p2   |         +|   0|  0|   19|          12|           7|
    |add_ln739_9_fu_13018_p2   |         +|   0|  0|   19|          12|           8|
    |add_ln739_fu_7495_p2      |         +|   0|  0|   19|          12|           4|
    |add_ln740_10_fu_13028_p2  |         +|   0|  0|   19|          12|           8|
    |add_ln740_11_fu_13638_p2  |         +|   0|  0|   19|          12|           8|
    |add_ln740_12_fu_14248_p2  |         +|   0|  0|   19|          12|           8|
    |add_ln740_13_fu_14858_p2  |         +|   0|  0|   19|          12|           8|
    |add_ln740_14_fu_15468_p2  |         +|   0|  0|   19|          12|           8|
    |add_ln740_15_fu_16078_p2  |         +|   0|  0|   19|          12|           8|
    |add_ln740_16_fu_16688_p2  |         +|   0|  0|   19|          12|           8|
    |add_ln740_17_fu_17298_p2  |         +|   0|  0|   19|          12|           8|
    |add_ln740_18_fu_17908_p2  |         +|   0|  0|   19|          12|           8|
    |add_ln740_19_fu_18518_p2  |         +|   0|  0|   19|          12|           8|
    |add_ln740_1_fu_7538_p2    |         +|   0|  0|   19|          12|           4|
    |add_ln740_20_fu_19128_p2  |         +|   0|  0|   19|          12|           9|
    |add_ln740_21_fu_19738_p2  |         +|   0|  0|   19|          12|           9|
    |add_ln740_22_fu_20348_p2  |         +|   0|  0|   19|          12|           9|
    |add_ln740_23_fu_20958_p2  |         +|   0|  0|   19|          12|           9|
    |add_ln740_24_fu_21568_p2  |         +|   0|  0|   19|          12|           9|
    |add_ln740_25_fu_22178_p2  |         +|   0|  0|   19|          12|           9|
    |add_ln740_26_fu_22788_p2  |         +|   0|  0|   19|          12|           9|
    |add_ln740_27_fu_23398_p2  |         +|   0|  0|   19|          12|           9|
    |add_ln740_28_fu_24008_p2  |         +|   0|  0|   19|          12|           9|
    |add_ln740_29_fu_24618_p2  |         +|   0|  0|   19|          12|           9|
    |add_ln740_2_fu_8148_p2    |         +|   0|  0|   19|          12|           5|
    |add_ln740_30_fu_25228_p2  |         +|   0|  0|   19|          12|           9|
    |add_ln740_31_fu_25838_p2  |         +|   0|  0|   19|          12|           9|
    |add_ln740_3_fu_8758_p2    |         +|   0|  0|   19|          12|           6|
    |add_ln740_4_fu_9368_p2    |         +|   0|  0|   19|          12|           6|
    |add_ln740_5_fu_9978_p2    |         +|   0|  0|   19|          12|           7|
    |add_ln740_6_fu_10588_p2   |         +|   0|  0|   19|          12|           7|
    |add_ln740_7_fu_11198_p2   |         +|   0|  0|   19|          12|           7|
    |add_ln740_8_fu_11808_p2   |         +|   0|  0|   19|          12|           7|
    |add_ln740_9_fu_12418_p2   |         +|   0|  0|   19|          12|           7|
    |add_ln740_fu_6924_p2      |         +|   0|  0|   19|          12|           1|
    |add_ln744_10_fu_13064_p2  |         +|   0|  0|   19|          12|           8|
    |add_ln744_11_fu_13648_p2  |         +|   0|  0|   19|          12|           8|
    |add_ln744_12_fu_14284_p2  |         +|   0|  0|   19|          12|           8|
    |add_ln744_13_fu_14868_p2  |         +|   0|  0|   19|          12|           8|
    |add_ln744_14_fu_15504_p2  |         +|   0|  0|   19|          12|           8|
    |add_ln744_15_fu_16088_p2  |         +|   0|  0|   19|          12|           8|
    |add_ln744_16_fu_16724_p2  |         +|   0|  0|   19|          12|           8|
    |add_ln744_17_fu_17308_p2  |         +|   0|  0|   19|          12|           8|
    |add_ln744_18_fu_17944_p2  |         +|   0|  0|   19|          12|           8|
    |add_ln744_19_fu_18528_p2  |         +|   0|  0|   19|          12|           8|
    |add_ln744_1_fu_7548_p2    |         +|   0|  0|   19|          12|           4|
    |add_ln744_20_fu_19164_p2  |         +|   0|  0|   19|          12|           9|
    |add_ln744_21_fu_19748_p2  |         +|   0|  0|   19|          12|           9|
    |add_ln744_22_fu_20384_p2  |         +|   0|  0|   19|          12|           9|
    |add_ln744_23_fu_20968_p2  |         +|   0|  0|   19|          12|           9|
    |add_ln744_24_fu_21604_p2  |         +|   0|  0|   19|          12|           9|
    |add_ln744_25_fu_22188_p2  |         +|   0|  0|   19|          12|           9|
    |add_ln744_26_fu_22824_p2  |         +|   0|  0|   19|          12|           9|
    |add_ln744_27_fu_23408_p2  |         +|   0|  0|   19|          12|           9|
    |add_ln744_28_fu_24044_p2  |         +|   0|  0|   19|          12|           9|
    |add_ln744_29_fu_24628_p2  |         +|   0|  0|   19|          12|           9|
    |add_ln744_2_fu_8184_p2    |         +|   0|  0|   19|          12|           5|
    |add_ln744_30_fu_25264_p2  |         +|   0|  0|   19|          12|           9|
    |add_ln744_31_fu_25848_p2  |         +|   0|  0|   19|          12|           9|
    |add_ln744_3_fu_8768_p2    |         +|   0|  0|   19|          12|           6|
    |add_ln744_4_fu_9404_p2    |         +|   0|  0|   19|          12|           6|
    |add_ln744_5_fu_9988_p2    |         +|   0|  0|   19|          12|           7|
    |add_ln744_6_fu_10624_p2   |         +|   0|  0|   19|          12|           7|
    |add_ln744_7_fu_11208_p2   |         +|   0|  0|   19|          12|           7|
    |add_ln744_8_fu_11844_p2   |         +|   0|  0|   19|          12|           7|
    |add_ln744_9_fu_12428_p2   |         +|   0|  0|   19|          12|           7|
    |add_ln744_fu_6964_p2      |         +|   0|  0|   19|          12|           2|
    |add_ln745_10_fu_13074_p2  |         +|   0|  0|   19|          12|           8|
    |add_ln745_11_fu_13684_p2  |         +|   0|  0|   19|          12|           8|
    |add_ln745_12_fu_14294_p2  |         +|   0|  0|   19|          12|           8|
    |add_ln745_13_fu_14904_p2  |         +|   0|  0|   19|          12|           8|
    |add_ln745_14_fu_15514_p2  |         +|   0|  0|   19|          12|           8|
    |add_ln745_15_fu_16124_p2  |         +|   0|  0|   19|          12|           8|
    |add_ln745_16_fu_16734_p2  |         +|   0|  0|   19|          12|           8|
    |add_ln745_17_fu_17344_p2  |         +|   0|  0|   19|          12|           8|
    |add_ln745_18_fu_17954_p2  |         +|   0|  0|   19|          12|           8|
    |add_ln745_19_fu_18564_p2  |         +|   0|  0|   19|          12|           8|
    |add_ln745_1_fu_7584_p2    |         +|   0|  0|   19|          12|           5|
    |add_ln745_20_fu_19174_p2  |         +|   0|  0|   19|          12|           9|
    |add_ln745_21_fu_19784_p2  |         +|   0|  0|   19|          12|           9|
    |add_ln745_22_fu_20394_p2  |         +|   0|  0|   19|          12|           9|
    |add_ln745_23_fu_21004_p2  |         +|   0|  0|   19|          12|           9|
    |add_ln745_24_fu_21614_p2  |         +|   0|  0|   19|          12|           9|
    |add_ln745_25_fu_22224_p2  |         +|   0|  0|   19|          12|           9|
    |add_ln745_26_fu_22834_p2  |         +|   0|  0|   19|          12|           9|
    |add_ln745_27_fu_23444_p2  |         +|   0|  0|   19|          12|           9|
    |add_ln745_28_fu_24054_p2  |         +|   0|  0|   19|          12|           9|
    |add_ln745_29_fu_24664_p2  |         +|   0|  0|   19|          12|           9|
    |add_ln745_2_fu_8194_p2    |         +|   0|  0|   19|          12|           5|
    |add_ln745_30_fu_25274_p2  |         +|   0|  0|   19|          12|           9|
    |add_ln745_31_fu_25884_p2  |         +|   0|  0|   19|          12|           9|
    |add_ln745_3_fu_8804_p2    |         +|   0|  0|   19|          12|           6|
    |add_ln745_4_fu_9414_p2    |         +|   0|  0|   19|          12|           6|
    |add_ln745_5_fu_10024_p2   |         +|   0|  0|   19|          12|           7|
    |add_ln745_6_fu_10634_p2   |         +|   0|  0|   19|          12|           7|
    |add_ln745_7_fu_11244_p2   |         +|   0|  0|   19|          12|           7|
    |add_ln745_8_fu_11854_p2   |         +|   0|  0|   19|          12|           7|
    |add_ln745_9_fu_12464_p2   |         +|   0|  0|   19|          12|           7|
    |add_ln745_fu_6974_p2      |         +|   0|  0|   19|          12|           2|
    |add_ln749_10_fu_13173_p2  |         +|   0|  0|   19|          12|           8|
    |add_ln749_11_fu_13694_p2  |         +|   0|  0|   19|          12|           8|
    |add_ln749_12_fu_14393_p2  |         +|   0|  0|   19|          12|           8|
    |add_ln749_13_fu_14914_p2  |         +|   0|  0|   19|          12|           8|
    |add_ln749_14_fu_15613_p2  |         +|   0|  0|   19|          12|           8|
    |add_ln749_15_fu_16134_p2  |         +|   0|  0|   19|          12|           8|
    |add_ln749_16_fu_16833_p2  |         +|   0|  0|   19|          12|           8|
    |add_ln749_17_fu_17354_p2  |         +|   0|  0|   19|          12|           8|
    |add_ln749_18_fu_18053_p2  |         +|   0|  0|   19|          12|           8|
    |add_ln749_19_fu_18574_p2  |         +|   0|  0|   19|          12|           8|
    |add_ln749_1_fu_7594_p2    |         +|   0|  0|   19|          12|           5|
    |add_ln749_20_fu_19273_p2  |         +|   0|  0|   19|          12|           9|
    |add_ln749_21_fu_19794_p2  |         +|   0|  0|   19|          12|           9|
    |add_ln749_22_fu_20493_p2  |         +|   0|  0|   19|          12|           9|
    |add_ln749_23_fu_21014_p2  |         +|   0|  0|   19|          12|           9|
    |add_ln749_24_fu_21713_p2  |         +|   0|  0|   19|          12|           9|
    |add_ln749_25_fu_22234_p2  |         +|   0|  0|   19|          12|           9|
    |add_ln749_26_fu_22933_p2  |         +|   0|  0|   19|          12|           9|
    |add_ln749_27_fu_23454_p2  |         +|   0|  0|   19|          12|           9|
    |add_ln749_28_fu_24153_p2  |         +|   0|  0|   19|          12|           9|
    |add_ln749_29_fu_24674_p2  |         +|   0|  0|   19|          12|           9|
    |add_ln749_2_fu_8293_p2    |         +|   0|  0|   19|          12|           5|
    |add_ln749_30_fu_25373_p2  |         +|   0|  0|   19|          12|           9|
    |add_ln749_31_fu_25894_p2  |         +|   0|  0|   19|          12|           9|
    |add_ln749_3_fu_8814_p2    |         +|   0|  0|   19|          12|           6|
    |add_ln749_4_fu_9513_p2    |         +|   0|  0|   19|          12|           6|
    |add_ln749_5_fu_10034_p2   |         +|   0|  0|   19|          12|           7|
    |add_ln749_6_fu_10733_p2   |         +|   0|  0|   19|          12|           7|
    |add_ln749_7_fu_11254_p2   |         +|   0|  0|   19|          12|           7|
    |add_ln749_8_fu_11953_p2   |         +|   0|  0|   19|          12|           7|
    |add_ln749_9_fu_12474_p2   |         +|   0|  0|   19|          12|           7|
    |add_ln749_fu_7073_p2      |         +|   0|  0|   19|          12|           3|
    |add_ln753_10_fu_13183_p2  |         +|   0|  0|   19|          12|           8|
    |add_ln753_11_fu_13819_p2  |         +|   0|  0|   19|          12|           8|
    |add_ln753_12_fu_14403_p2  |         +|   0|  0|   19|          12|           8|
    |add_ln753_13_fu_15039_p2  |         +|   0|  0|   19|          12|           8|
    |add_ln753_14_fu_15623_p2  |         +|   0|  0|   19|          12|           8|
    |add_ln753_15_fu_16259_p2  |         +|   0|  0|   19|          12|           8|
    |add_ln753_16_fu_16843_p2  |         +|   0|  0|   19|          12|           8|
    |add_ln753_17_fu_17479_p2  |         +|   0|  0|   19|          12|           8|
    |add_ln753_18_fu_18063_p2  |         +|   0|  0|   19|          12|           8|
    |add_ln753_19_fu_18699_p2  |         +|   0|  0|   19|          12|           8|
    |add_ln753_1_fu_7719_p2    |         +|   0|  0|   19|          12|           5|
    |add_ln753_20_fu_19283_p2  |         +|   0|  0|   19|          12|           9|
    |add_ln753_21_fu_19919_p2  |         +|   0|  0|   19|          12|           9|
    |add_ln753_22_fu_20503_p2  |         +|   0|  0|   19|          12|           9|
    |add_ln753_23_fu_21139_p2  |         +|   0|  0|   19|          12|           9|
    |add_ln753_24_fu_21723_p2  |         +|   0|  0|   19|          12|           9|
    |add_ln753_25_fu_22359_p2  |         +|   0|  0|   19|          12|           9|
    |add_ln753_26_fu_22943_p2  |         +|   0|  0|   19|          12|           9|
    |add_ln753_27_fu_23579_p2  |         +|   0|  0|   19|          12|           9|
    |add_ln753_28_fu_24163_p2  |         +|   0|  0|   19|          12|           9|
    |add_ln753_29_fu_24799_p2  |         +|   0|  0|   19|          12|           9|
    |add_ln753_2_fu_8303_p2    |         +|   0|  0|   19|          12|           5|
    |add_ln753_30_fu_25383_p2  |         +|   0|  0|   19|          12|           9|
    |add_ln753_31_fu_26019_p2  |         +|   0|  0|   19|          12|           9|
    |add_ln753_3_fu_8939_p2    |         +|   0|  0|   19|          12|           6|
    |add_ln753_4_fu_9523_p2    |         +|   0|  0|   19|          12|           6|
    |add_ln753_5_fu_10159_p2   |         +|   0|  0|   19|          12|           7|
    |add_ln753_6_fu_10743_p2   |         +|   0|  0|   19|          12|           7|
    |add_ln753_7_fu_11379_p2   |         +|   0|  0|   19|          12|           7|
    |add_ln753_8_fu_11963_p2   |         +|   0|  0|   19|          12|           7|
    |add_ln753_9_fu_12599_p2   |         +|   0|  0|   19|          12|           7|
    |add_ln753_fu_7083_p2      |         +|   0|  0|   19|          12|           3|
    |add_ln754_10_fu_13230_p2  |         +|   0|  0|   19|          12|           8|
    |add_ln754_11_fu_13829_p2  |         +|   0|  0|   19|          12|           8|
    |add_ln754_12_fu_14450_p2  |         +|   0|  0|   19|          12|           8|
    |add_ln754_13_fu_15049_p2  |         +|   0|  0|   19|          12|           8|
    |add_ln754_14_fu_15670_p2  |         +|   0|  0|   19|          12|           8|
    |add_ln754_15_fu_16269_p2  |         +|   0|  0|   19|          12|           8|
    |add_ln754_16_fu_16890_p2  |         +|   0|  0|   19|          12|           8|
    |add_ln754_17_fu_17489_p2  |         +|   0|  0|   19|          12|           8|
    |add_ln754_18_fu_18110_p2  |         +|   0|  0|   19|          12|           8|
    |add_ln754_19_fu_18709_p2  |         +|   0|  0|   19|          12|           8|
    |add_ln754_1_fu_7729_p2    |         +|   0|  0|   19|          12|           5|
    |add_ln754_20_fu_19330_p2  |         +|   0|  0|   19|          12|           9|
    |add_ln754_21_fu_19929_p2  |         +|   0|  0|   19|          12|           9|
    |add_ln754_22_fu_20550_p2  |         +|   0|  0|   19|          12|           9|
    |add_ln754_23_fu_21149_p2  |         +|   0|  0|   19|          12|           9|
    |add_ln754_24_fu_21770_p2  |         +|   0|  0|   19|          12|           9|
    |add_ln754_25_fu_22369_p2  |         +|   0|  0|   19|          12|           9|
    |add_ln754_26_fu_22990_p2  |         +|   0|  0|   19|          12|           9|
    |add_ln754_27_fu_23589_p2  |         +|   0|  0|   19|          12|           9|
    |add_ln754_28_fu_24210_p2  |         +|   0|  0|   19|          12|           9|
    |add_ln754_29_fu_24809_p2  |         +|   0|  0|   19|          12|           9|
    |add_ln754_2_fu_8350_p2    |         +|   0|  0|   19|          12|           6|
    |add_ln754_30_fu_25430_p2  |         +|   0|  0|   19|          12|           9|
    |add_ln754_31_fu_26029_p2  |         +|   0|  0|   19|          12|           9|
    |add_ln754_3_fu_8949_p2    |         +|   0|  0|   19|          12|           6|
    |add_ln754_4_fu_9570_p2    |         +|   0|  0|   19|          12|           6|
    |add_ln754_5_fu_10169_p2   |         +|   0|  0|   19|          12|           7|
    |add_ln754_6_fu_10790_p2   |         +|   0|  0|   19|          12|           7|
    |add_ln754_7_fu_11389_p2   |         +|   0|  0|   19|          12|           7|
    |add_ln754_8_fu_12010_p2   |         +|   0|  0|   19|          12|           7|
    |add_ln754_9_fu_12609_p2   |         +|   0|  0|   19|          12|           7|
    |add_ln754_fu_7130_p2      |         +|   0|  0|   19|          12|           3|
    |add_ln758_10_fu_13240_p2  |         +|   0|  0|   19|          12|           8|
    |add_ln758_11_fu_13921_p2  |         +|   0|  0|   19|          12|           8|
    |add_ln758_12_fu_14460_p2  |         +|   0|  0|   19|          12|           8|
    |add_ln758_13_fu_15141_p2  |         +|   0|  0|   19|          12|           8|
    |add_ln758_14_fu_15680_p2  |         +|   0|  0|   19|          12|           8|
    |add_ln758_15_fu_16361_p2  |         +|   0|  0|   19|          12|           8|
    |add_ln758_16_fu_16900_p2  |         +|   0|  0|   19|          12|           8|
    |add_ln758_17_fu_17581_p2  |         +|   0|  0|   19|          12|           8|
    |add_ln758_18_fu_18120_p2  |         +|   0|  0|   19|          12|           8|
    |add_ln758_19_fu_18801_p2  |         +|   0|  0|   19|          12|           8|
    |add_ln758_1_fu_7821_p2    |         +|   0|  0|   19|          12|           5|
    |add_ln758_20_fu_19340_p2  |         +|   0|  0|   19|          12|           9|
    |add_ln758_21_fu_20021_p2  |         +|   0|  0|   19|          12|           9|
    |add_ln758_22_fu_20560_p2  |         +|   0|  0|   19|          12|           9|
    |add_ln758_23_fu_21241_p2  |         +|   0|  0|   19|          12|           9|
    |add_ln758_24_fu_21780_p2  |         +|   0|  0|   19|          12|           9|
    |add_ln758_25_fu_22461_p2  |         +|   0|  0|   19|          12|           9|
    |add_ln758_26_fu_23000_p2  |         +|   0|  0|   19|          12|           9|
    |add_ln758_27_fu_23681_p2  |         +|   0|  0|   19|          12|           9|
    |add_ln758_28_fu_24220_p2  |         +|   0|  0|   19|          12|           9|
    |add_ln758_29_fu_24901_p2  |         +|   0|  0|   19|          12|           9|
    |add_ln758_2_fu_8360_p2    |         +|   0|  0|   19|          12|           6|
    |add_ln758_30_fu_25440_p2  |         +|   0|  0|   19|          12|           9|
    |add_ln758_31_fu_26121_p2  |         +|   0|  0|   19|          12|           9|
    |add_ln758_3_fu_9041_p2    |         +|   0|  0|   19|          12|           6|
    |add_ln758_4_fu_9580_p2    |         +|   0|  0|   19|          12|           6|
    |add_ln758_5_fu_10261_p2   |         +|   0|  0|   19|          12|           7|
    |add_ln758_6_fu_10800_p2   |         +|   0|  0|   19|          12|           7|
    |add_ln758_7_fu_11481_p2   |         +|   0|  0|   19|          12|           7|
    |add_ln758_8_fu_12020_p2   |         +|   0|  0|   19|          12|           7|
    |add_ln758_9_fu_12701_p2   |         +|   0|  0|   19|          12|           7|
    |add_ln758_fu_7140_p2      |         +|   0|  0|   19|          12|           3|
    |add_ln759_10_fu_13321_p2  |         +|   0|  0|   19|          12|           8|
    |add_ln759_11_fu_13931_p2  |         +|   0|  0|   19|          12|           8|
    |add_ln759_12_fu_14541_p2  |         +|   0|  0|   19|          12|           8|
    |add_ln759_13_fu_15151_p2  |         +|   0|  0|   19|          12|           8|
    |add_ln759_14_fu_15761_p2  |         +|   0|  0|   19|          12|           8|
    |add_ln759_15_fu_16371_p2  |         +|   0|  0|   19|          12|           8|
    |add_ln759_16_fu_16981_p2  |         +|   0|  0|   19|          12|           8|
    |add_ln759_17_fu_17591_p2  |         +|   0|  0|   19|          12|           8|
    |add_ln759_18_fu_18201_p2  |         +|   0|  0|   19|          12|           8|
    |add_ln759_19_fu_18811_p2  |         +|   0|  0|   19|          12|           8|
    |add_ln759_1_fu_7831_p2    |         +|   0|  0|   19|          12|           5|
    |add_ln759_20_fu_19421_p2  |         +|   0|  0|   19|          12|           9|
    |add_ln759_21_fu_20031_p2  |         +|   0|  0|   19|          12|           9|
    |add_ln759_22_fu_20641_p2  |         +|   0|  0|   19|          12|           9|
    |add_ln759_23_fu_21251_p2  |         +|   0|  0|   19|          12|           9|
    |add_ln759_24_fu_21861_p2  |         +|   0|  0|   19|          12|           9|
    |add_ln759_25_fu_22471_p2  |         +|   0|  0|   19|          12|           9|
    |add_ln759_26_fu_23081_p2  |         +|   0|  0|   19|          12|           9|
    |add_ln759_27_fu_23691_p2  |         +|   0|  0|   19|          12|           9|
    |add_ln759_28_fu_24301_p2  |         +|   0|  0|   19|          12|           9|
    |add_ln759_29_fu_24911_p2  |         +|   0|  0|   19|          12|           9|
    |add_ln759_2_fu_8441_p2    |         +|   0|  0|   19|          12|           6|
    |add_ln759_30_fu_25521_p2  |         +|   0|  0|   19|          12|           9|
    |add_ln759_31_fu_26131_p2  |         +|   0|  0|   19|          12|           9|
    |add_ln759_3_fu_9051_p2    |         +|   0|  0|   19|          12|           6|
    |add_ln759_4_fu_9661_p2    |         +|   0|  0|   19|          12|           6|
    |add_ln759_5_fu_10271_p2   |         +|   0|  0|   19|          12|           7|
    |add_ln759_6_fu_10881_p2   |         +|   0|  0|   19|          12|           7|
    |add_ln759_7_fu_11491_p2   |         +|   0|  0|   19|          12|           7|
    |add_ln759_8_fu_12101_p2   |         +|   0|  0|   19|          12|           7|
    |add_ln759_9_fu_12711_p2   |         +|   0|  0|   19|          12|           7|
    |add_ln759_fu_7221_p2      |         +|   0|  0|   19|          12|           4|
    |add_ln763_10_fu_13331_p2  |         +|   0|  0|   19|          12|           8|
    |add_ln763_11_fu_14030_p2  |         +|   0|  0|   19|          12|           8|
    |add_ln763_12_fu_14551_p2  |         +|   0|  0|   19|          12|           8|
    |add_ln763_13_fu_15250_p2  |         +|   0|  0|   19|          12|           8|
    |add_ln763_14_fu_15771_p2  |         +|   0|  0|   19|          12|           8|
    |add_ln763_15_fu_16470_p2  |         +|   0|  0|   19|          12|           8|
    |add_ln763_16_fu_16991_p2  |         +|   0|  0|   19|          12|           8|
    |add_ln763_17_fu_17690_p2  |         +|   0|  0|   19|          12|           8|
    |add_ln763_18_fu_18211_p2  |         +|   0|  0|   19|          12|           8|
    |add_ln763_19_fu_18910_p2  |         +|   0|  0|   19|          12|           9|
    |add_ln763_1_fu_7930_p2    |         +|   0|  0|   19|          12|           5|
    |add_ln763_20_fu_19431_p2  |         +|   0|  0|   19|          12|           9|
    |add_ln763_21_fu_20130_p2  |         +|   0|  0|   19|          12|           9|
    |add_ln763_22_fu_20651_p2  |         +|   0|  0|   19|          12|           9|
    |add_ln763_23_fu_21350_p2  |         +|   0|  0|   19|          12|           9|
    |add_ln763_24_fu_21871_p2  |         +|   0|  0|   19|          12|           9|
    |add_ln763_25_fu_22570_p2  |         +|   0|  0|   19|          12|           9|
    |add_ln763_26_fu_23091_p2  |         +|   0|  0|   19|          12|           9|
    |add_ln763_27_fu_23790_p2  |         +|   0|  0|   19|          12|           9|
    |add_ln763_28_fu_24311_p2  |         +|   0|  0|   19|          12|           9|
    |add_ln763_29_fu_25010_p2  |         +|   0|  0|   19|          12|           9|
    |add_ln763_2_fu_8451_p2    |         +|   0|  0|   19|          12|           6|
    |add_ln763_30_fu_25531_p2  |         +|   0|  0|   19|          12|           9|
    |add_ln763_31_fu_26230_p2  |         +|   0|  0|   19|          12|           9|
    |add_ln763_3_fu_9150_p2    |         +|   0|  0|   19|          12|           6|
    |add_ln763_4_fu_9671_p2    |         +|   0|  0|   19|          12|           6|
    |add_ln763_5_fu_10370_p2   |         +|   0|  0|   19|          12|           7|
    |add_ln763_6_fu_10891_p2   |         +|   0|  0|   19|          12|           7|
    |add_ln763_7_fu_11590_p2   |         +|   0|  0|   19|          12|           7|
    |add_ln763_8_fu_12111_p2   |         +|   0|  0|   19|          12|           7|
    |add_ln763_9_fu_12810_p2   |         +|   0|  0|   19|          12|           7|
    |add_ln763_fu_7231_p2      |         +|   0|  0|   19|          12|           4|
    |add_ln767_10_fu_13456_p2  |         +|   0|  0|   19|          12|           8|
    |add_ln767_11_fu_14040_p2  |         +|   0|  0|   19|          12|           8|
    |add_ln767_12_fu_14676_p2  |         +|   0|  0|   19|          12|           8|
    |add_ln767_13_fu_15260_p2  |         +|   0|  0|   19|          12|           8|
    |add_ln767_14_fu_15896_p2  |         +|   0|  0|   19|          12|           8|
    |add_ln767_15_fu_16480_p2  |         +|   0|  0|   19|          12|           8|
    |add_ln767_16_fu_17116_p2  |         +|   0|  0|   19|          12|           8|
    |add_ln767_17_fu_17700_p2  |         +|   0|  0|   19|          12|           8|
    |add_ln767_18_fu_18336_p2  |         +|   0|  0|   19|          12|           8|
    |add_ln767_19_fu_18920_p2  |         +|   0|  0|   19|          12|           9|
    |add_ln767_1_fu_7940_p2    |         +|   0|  0|   19|          12|           5|
    |add_ln767_20_fu_19556_p2  |         +|   0|  0|   19|          12|           9|
    |add_ln767_21_fu_20140_p2  |         +|   0|  0|   19|          12|           9|
    |add_ln767_22_fu_20776_p2  |         +|   0|  0|   19|          12|           9|
    |add_ln767_23_fu_21360_p2  |         +|   0|  0|   19|          12|           9|
    |add_ln767_24_fu_21996_p2  |         +|   0|  0|   19|          12|           9|
    |add_ln767_25_fu_22580_p2  |         +|   0|  0|   19|          12|           9|
    |add_ln767_26_fu_23216_p2  |         +|   0|  0|   19|          12|           9|
    |add_ln767_27_fu_23800_p2  |         +|   0|  0|   19|          12|           9|
    |add_ln767_28_fu_24436_p2  |         +|   0|  0|   19|          12|           9|
    |add_ln767_29_fu_25020_p2  |         +|   0|  0|   19|          12|           9|
    |add_ln767_2_fu_8576_p2    |         +|   0|  0|   19|          12|           6|
    |add_ln767_30_fu_25656_p2  |         +|   0|  0|   19|          12|           9|
    |add_ln767_31_fu_26240_p2  |         +|   0|  0|   19|          12|           9|
    |add_ln767_3_fu_9160_p2    |         +|   0|  0|   19|          12|           6|
    |add_ln767_4_fu_9796_p2    |         +|   0|  0|   19|          12|           6|
    |add_ln767_5_fu_10380_p2   |         +|   0|  0|   19|          12|           7|
    |add_ln767_6_fu_11016_p2   |         +|   0|  0|   19|          12|           7|
    |add_ln767_7_fu_11600_p2   |         +|   0|  0|   19|          12|           7|
    |add_ln767_8_fu_12236_p2   |         +|   0|  0|   19|          12|           7|
    |add_ln767_9_fu_12820_p2   |         +|   0|  0|   19|          12|           7|
    |add_ln767_fu_7356_p2      |         +|   0|  0|   19|          12|           4|
    |add_ln768_10_fu_13466_p2  |         +|   0|  0|   19|          12|           8|
    |add_ln768_11_fu_14087_p2  |         +|   0|  0|   19|          12|           8|
    |add_ln768_12_fu_14686_p2  |         +|   0|  0|   19|          12|           8|
    |add_ln768_13_fu_15307_p2  |         +|   0|  0|   19|          12|           8|
    |add_ln768_14_fu_15906_p2  |         +|   0|  0|   19|          12|           8|
    |add_ln768_15_fu_16527_p2  |         +|   0|  0|   19|          12|           8|
    |add_ln768_16_fu_17126_p2  |         +|   0|  0|   19|          12|           8|
    |add_ln768_17_fu_17747_p2  |         +|   0|  0|   19|          12|           8|
    |add_ln768_18_fu_18346_p2  |         +|   0|  0|   19|          12|           8|
    |add_ln768_19_fu_18967_p2  |         +|   0|  0|   19|          12|           9|
    |add_ln768_1_fu_7987_p2    |         +|   0|  0|   19|          12|           5|
    |add_ln768_20_fu_19566_p2  |         +|   0|  0|   19|          12|           9|
    |add_ln768_21_fu_20187_p2  |         +|   0|  0|   19|          12|           9|
    |add_ln768_22_fu_20786_p2  |         +|   0|  0|   19|          12|           9|
    |add_ln768_23_fu_21407_p2  |         +|   0|  0|   19|          12|           9|
    |add_ln768_24_fu_22006_p2  |         +|   0|  0|   19|          12|           9|
    |add_ln768_25_fu_22627_p2  |         +|   0|  0|   19|          12|           9|
    |add_ln768_26_fu_23226_p2  |         +|   0|  0|   19|          12|           9|
    |add_ln768_27_fu_23847_p2  |         +|   0|  0|   19|          12|           9|
    |add_ln768_28_fu_24446_p2  |         +|   0|  0|   19|          12|           9|
    |add_ln768_29_fu_25067_p2  |         +|   0|  0|   19|          12|           9|
    |add_ln768_2_fu_8586_p2    |         +|   0|  0|   19|          12|           6|
    |add_ln768_30_fu_25666_p2  |         +|   0|  0|   19|          12|           9|
    |add_ln768_31_fu_26287_p2  |         +|   0|  0|   19|          12|           9|
    |add_ln768_3_fu_9207_p2    |         +|   0|  0|   19|          12|           6|
    |add_ln768_4_fu_9806_p2    |         +|   0|  0|   19|          12|           6|
    |add_ln768_5_fu_10427_p2   |         +|   0|  0|   19|          12|           7|
    |add_ln768_6_fu_11026_p2   |         +|   0|  0|   19|          12|           7|
    |add_ln768_7_fu_11647_p2   |         +|   0|  0|   19|          12|           7|
    |add_ln768_8_fu_12246_p2   |         +|   0|  0|   19|          12|           7|
    |add_ln768_9_fu_12867_p2   |         +|   0|  0|   19|          12|           8|
    |add_ln768_fu_7366_p2      |         +|   0|  0|   19|          12|           4|
    |add_ln772_10_fu_13574_p2  |         +|   0|  0|   19|          12|           8|
    |add_ln772_11_fu_14097_p2  |         +|   0|  0|   19|          12|           8|
    |add_ln772_12_fu_14794_p2  |         +|   0|  0|   19|          12|           8|
    |add_ln772_13_fu_15317_p2  |         +|   0|  0|   19|          12|           8|
    |add_ln772_14_fu_16014_p2  |         +|   0|  0|   19|          12|           8|
    |add_ln772_15_fu_16537_p2  |         +|   0|  0|   19|          12|           8|
    |add_ln772_16_fu_17234_p2  |         +|   0|  0|   19|          12|           8|
    |add_ln772_17_fu_17757_p2  |         +|   0|  0|   19|          12|           8|
    |add_ln772_18_fu_18454_p2  |         +|   0|  0|   19|          12|           8|
    |add_ln772_19_fu_18977_p2  |         +|   0|  0|   19|          12|           9|
    |add_ln772_1_fu_7997_p2    |         +|   0|  0|   19|          12|           5|
    |add_ln772_20_fu_19674_p2  |         +|   0|  0|   19|          12|           9|
    |add_ln772_21_fu_20197_p2  |         +|   0|  0|   19|          12|           9|
    |add_ln772_22_fu_20894_p2  |         +|   0|  0|   19|          12|           9|
    |add_ln772_23_fu_21417_p2  |         +|   0|  0|   19|          12|           9|
    |add_ln772_24_fu_22114_p2  |         +|   0|  0|   19|          12|           9|
    |add_ln772_25_fu_22637_p2  |         +|   0|  0|   19|          12|           9|
    |add_ln772_26_fu_23334_p2  |         +|   0|  0|   19|          12|           9|
    |add_ln772_27_fu_23857_p2  |         +|   0|  0|   19|          12|           9|
    |add_ln772_28_fu_24554_p2  |         +|   0|  0|   19|          12|           9|
    |add_ln772_29_fu_25077_p2  |         +|   0|  0|   19|          12|           9|
    |add_ln772_2_fu_8694_p2    |         +|   0|  0|   19|          12|           6|
    |add_ln772_30_fu_25774_p2  |         +|   0|  0|   19|          12|           9|
    |add_ln772_31_fu_26297_p2  |         +|   0|  0|   19|          12|           9|
    |add_ln772_3_fu_9217_p2    |         +|   0|  0|   19|          12|           6|
    |add_ln772_4_fu_9914_p2    |         +|   0|  0|   19|          12|           7|
    |add_ln772_5_fu_10437_p2   |         +|   0|  0|   19|          12|           7|
    |add_ln772_6_fu_11134_p2   |         +|   0|  0|   19|          12|           7|
    |add_ln772_7_fu_11657_p2   |         +|   0|  0|   19|          12|           7|
    |add_ln772_8_fu_12354_p2   |         +|   0|  0|   19|          12|           7|
    |add_ln772_9_fu_12877_p2   |         +|   0|  0|   19|          12|           8|
    |add_ln772_fu_7474_p2      |         +|   0|  0|   19|          12|           4|
    |sub_ln775_10_fu_13084_p2  |         -|   0|  0|   21|          13|          14|
    |sub_ln775_11_fu_13704_p2  |         -|   0|  0|   21|          13|          14|
    |sub_ln775_12_fu_14304_p2  |         -|   0|  0|   21|          13|          14|
    |sub_ln775_13_fu_14924_p2  |         -|   0|  0|   21|          13|          14|
    |sub_ln775_14_fu_15524_p2  |         -|   0|  0|   21|          13|          14|
    |sub_ln775_15_fu_16144_p2  |         -|   0|  0|   21|          13|          14|
    |sub_ln775_16_fu_16744_p2  |         -|   0|  0|   21|          13|          14|
    |sub_ln775_17_fu_17364_p2  |         -|   0|  0|   21|          13|          14|
    |sub_ln775_18_fu_17964_p2  |         -|   0|  0|   21|          13|          14|
    |sub_ln775_19_fu_18584_p2  |         -|   0|  0|   21|          13|          14|
    |sub_ln775_1_fu_7604_p2    |         -|   0|  0|   21|          13|          14|
    |sub_ln775_20_fu_19184_p2  |         -|   0|  0|   21|          13|          14|
    |sub_ln775_21_fu_19804_p2  |         -|   0|  0|   21|          13|          14|
    |sub_ln775_22_fu_20404_p2  |         -|   0|  0|   21|          13|          14|
    |sub_ln775_23_fu_21024_p2  |         -|   0|  0|   21|          13|          14|
    |sub_ln775_24_fu_21624_p2  |         -|   0|  0|   21|          13|          14|
    |sub_ln775_25_fu_22244_p2  |         -|   0|  0|   21|          13|          14|
    |sub_ln775_26_fu_22844_p2  |         -|   0|  0|   21|          13|          14|
    |sub_ln775_27_fu_23464_p2  |         -|   0|  0|   21|          13|          14|
    |sub_ln775_28_fu_24064_p2  |         -|   0|  0|   21|          13|          14|
    |sub_ln775_29_fu_24684_p2  |         -|   0|  0|   21|          13|          14|
    |sub_ln775_2_fu_8204_p2    |         -|   0|  0|   21|          13|          14|
    |sub_ln775_30_fu_25284_p2  |         -|   0|  0|   21|          13|          14|
    |sub_ln775_31_fu_25904_p2  |         -|   0|  0|   21|          13|          14|
    |sub_ln775_3_fu_8824_p2    |         -|   0|  0|   21|          13|          14|
    |sub_ln775_4_fu_9424_p2    |         -|   0|  0|   21|          13|          14|
    |sub_ln775_5_fu_10044_p2   |         -|   0|  0|   21|          13|          14|
    |sub_ln775_6_fu_10644_p2   |         -|   0|  0|   21|          13|          14|
    |sub_ln775_7_fu_11264_p2   |         -|   0|  0|   21|          13|          14|
    |sub_ln775_8_fu_11864_p2   |         -|   0|  0|   21|          13|          14|
    |sub_ln775_9_fu_12484_p2   |         -|   0|  0|   21|          13|          14|
    |sub_ln775_fu_6984_p2      |         -|   0|  0|   21|          13|          14|
    |sub_ln776_10_fu_13193_p2  |         -|   0|  0|   21|          13|          14|
    |sub_ln776_11_fu_13839_p2  |         -|   0|  0|   21|          13|          14|
    |sub_ln776_12_fu_14413_p2  |         -|   0|  0|   21|          13|          14|
    |sub_ln776_13_fu_15059_p2  |         -|   0|  0|   21|          13|          14|
    |sub_ln776_14_fu_15633_p2  |         -|   0|  0|   21|          13|          14|
    |sub_ln776_15_fu_16279_p2  |         -|   0|  0|   21|          13|          14|
    |sub_ln776_16_fu_16853_p2  |         -|   0|  0|   21|          13|          14|
    |sub_ln776_17_fu_17499_p2  |         -|   0|  0|   21|          13|          14|
    |sub_ln776_18_fu_18073_p2  |         -|   0|  0|   21|          13|          14|
    |sub_ln776_19_fu_18719_p2  |         -|   0|  0|   21|          13|          14|
    |sub_ln776_1_fu_7739_p2    |         -|   0|  0|   21|          13|          14|
    |sub_ln776_20_fu_19293_p2  |         -|   0|  0|   21|          13|          14|
    |sub_ln776_21_fu_19939_p2  |         -|   0|  0|   21|          13|          14|
    |sub_ln776_22_fu_20513_p2  |         -|   0|  0|   21|          13|          14|
    |sub_ln776_23_fu_21159_p2  |         -|   0|  0|   21|          13|          14|
    |sub_ln776_24_fu_21733_p2  |         -|   0|  0|   21|          13|          14|
    |sub_ln776_25_fu_22379_p2  |         -|   0|  0|   21|          13|          14|
    |sub_ln776_26_fu_22953_p2  |         -|   0|  0|   21|          13|          14|
    |sub_ln776_27_fu_23599_p2  |         -|   0|  0|   21|          13|          14|
    |sub_ln776_28_fu_24173_p2  |         -|   0|  0|   21|          13|          14|
    |sub_ln776_29_fu_24819_p2  |         -|   0|  0|   21|          13|          14|
    |sub_ln776_2_fu_8313_p2    |         -|   0|  0|   21|          13|          14|
    |sub_ln776_30_fu_25393_p2  |         -|   0|  0|   21|          13|          14|
    |sub_ln776_31_fu_26039_p2  |         -|   0|  0|   21|          13|          14|
    |sub_ln776_3_fu_8959_p2    |         -|   0|  0|   21|          13|          14|
    |sub_ln776_4_fu_9533_p2    |         -|   0|  0|   21|          13|          14|
    |sub_ln776_5_fu_10179_p2   |         -|   0|  0|   21|          13|          14|
    |sub_ln776_6_fu_10753_p2   |         -|   0|  0|   21|          13|          14|
    |sub_ln776_7_fu_11399_p2   |         -|   0|  0|   21|          13|          14|
    |sub_ln776_8_fu_11973_p2   |         -|   0|  0|   21|          13|          14|
    |sub_ln776_9_fu_12619_p2   |         -|   0|  0|   21|          13|          14|
    |sub_ln776_fu_7093_p2      |         -|   0|  0|   21|          13|          14|
    |sub_ln777_10_fu_13250_p2  |         -|   0|  0|   21|          13|          14|
    |sub_ln777_11_fu_13850_p2  |         -|   0|  0|   21|          13|          14|
    |sub_ln777_12_fu_14470_p2  |         -|   0|  0|   21|          13|          14|
    |sub_ln777_13_fu_15070_p2  |         -|   0|  0|   21|          13|          14|
    |sub_ln777_14_fu_15690_p2  |         -|   0|  0|   21|          13|          14|
    |sub_ln777_15_fu_16290_p2  |         -|   0|  0|   21|          13|          14|
    |sub_ln777_16_fu_16910_p2  |         -|   0|  0|   21|          13|          14|
    |sub_ln777_17_fu_17510_p2  |         -|   0|  0|   21|          13|          14|
    |sub_ln777_18_fu_18130_p2  |         -|   0|  0|   21|          13|          14|
    |sub_ln777_19_fu_18730_p2  |         -|   0|  0|   21|          13|          14|
    |sub_ln777_1_fu_7750_p2    |         -|   0|  0|   21|          13|          14|
    |sub_ln777_20_fu_19350_p2  |         -|   0|  0|   21|          13|          14|
    |sub_ln777_21_fu_19950_p2  |         -|   0|  0|   21|          13|          14|
    |sub_ln777_22_fu_20570_p2  |         -|   0|  0|   21|          13|          14|
    |sub_ln777_23_fu_21170_p2  |         -|   0|  0|   21|          13|          14|
    |sub_ln777_24_fu_21790_p2  |         -|   0|  0|   21|          13|          14|
    |sub_ln777_25_fu_22390_p2  |         -|   0|  0|   21|          13|          14|
    |sub_ln777_26_fu_23010_p2  |         -|   0|  0|   21|          13|          14|
    |sub_ln777_27_fu_23610_p2  |         -|   0|  0|   21|          13|          14|
    |sub_ln777_28_fu_24230_p2  |         -|   0|  0|   21|          13|          14|
    |sub_ln777_29_fu_24830_p2  |         -|   0|  0|   21|          13|          14|
    |sub_ln777_2_fu_8370_p2    |         -|   0|  0|   21|          13|          14|
    |sub_ln777_30_fu_25450_p2  |         -|   0|  0|   21|          13|          14|
    |sub_ln777_31_fu_26050_p2  |         -|   0|  0|   21|          13|          14|
    |sub_ln777_3_fu_8970_p2    |         -|   0|  0|   21|          13|          14|
    |sub_ln777_4_fu_9590_p2    |         -|   0|  0|   21|          13|          14|
    |sub_ln777_5_fu_10190_p2   |         -|   0|  0|   21|          13|          14|
    |sub_ln777_6_fu_10810_p2   |         -|   0|  0|   21|          13|          14|
    |sub_ln777_7_fu_11410_p2   |         -|   0|  0|   21|          13|          14|
    |sub_ln777_8_fu_12030_p2   |         -|   0|  0|   21|          13|          14|
    |sub_ln777_9_fu_12630_p2   |         -|   0|  0|   21|          13|          14|
    |sub_ln777_fu_7150_p2      |         -|   0|  0|   21|          13|          14|
    |sub_ln778_10_fu_13341_p2  |         -|   0|  0|   21|          13|          14|
    |sub_ln778_11_fu_13941_p2  |         -|   0|  0|   21|          13|          14|
    |sub_ln778_12_fu_14561_p2  |         -|   0|  0|   21|          13|          14|
    |sub_ln778_13_fu_15161_p2  |         -|   0|  0|   21|          13|          14|
    |sub_ln778_14_fu_15781_p2  |         -|   0|  0|   21|          13|          14|
    |sub_ln778_15_fu_16381_p2  |         -|   0|  0|   21|          13|          14|
    |sub_ln778_16_fu_17001_p2  |         -|   0|  0|   21|          13|          14|
    |sub_ln778_17_fu_17601_p2  |         -|   0|  0|   21|          13|          14|
    |sub_ln778_18_fu_18221_p2  |         -|   0|  0|   21|          13|          14|
    |sub_ln778_19_fu_18821_p2  |         -|   0|  0|   21|          13|          14|
    |sub_ln778_1_fu_7841_p2    |         -|   0|  0|   21|          13|          14|
    |sub_ln778_20_fu_19441_p2  |         -|   0|  0|   21|          13|          14|
    |sub_ln778_21_fu_20041_p2  |         -|   0|  0|   21|          13|          14|
    |sub_ln778_22_fu_20661_p2  |         -|   0|  0|   21|          13|          14|
    |sub_ln778_23_fu_21261_p2  |         -|   0|  0|   21|          13|          14|
    |sub_ln778_24_fu_21881_p2  |         -|   0|  0|   21|          13|          14|
    |sub_ln778_25_fu_22481_p2  |         -|   0|  0|   21|          13|          14|
    |sub_ln778_26_fu_23101_p2  |         -|   0|  0|   21|          13|          14|
    |sub_ln778_27_fu_23701_p2  |         -|   0|  0|   21|          13|          14|
    |sub_ln778_28_fu_24321_p2  |         -|   0|  0|   21|          13|          14|
    |sub_ln778_29_fu_24921_p2  |         -|   0|  0|   21|          13|          14|
    |sub_ln778_2_fu_8461_p2    |         -|   0|  0|   21|          13|          14|
    |sub_ln778_30_fu_25541_p2  |         -|   0|  0|   21|          13|          14|
    |sub_ln778_31_fu_26141_p2  |         -|   0|  0|   21|          13|          14|
    |sub_ln778_3_fu_9061_p2    |         -|   0|  0|   21|          13|          14|
    |sub_ln778_4_fu_9681_p2    |         -|   0|  0|   21|          13|          14|
    |sub_ln778_5_fu_10281_p2   |         -|   0|  0|   21|          13|          14|
    |sub_ln778_6_fu_10901_p2   |         -|   0|  0|   21|          13|          14|
    |sub_ln778_7_fu_11501_p2   |         -|   0|  0|   21|          13|          14|
    |sub_ln778_8_fu_12121_p2   |         -|   0|  0|   21|          13|          14|
    |sub_ln778_9_fu_12721_p2   |         -|   0|  0|   21|          13|          14|
    |sub_ln778_fu_7241_p2      |         -|   0|  0|   21|          13|          14|
    |sub_ln779_10_fu_13476_p2  |         -|   0|  0|   21|          13|          14|
    |sub_ln779_11_fu_14050_p2  |         -|   0|  0|   21|          13|          14|
    |sub_ln779_12_fu_14696_p2  |         -|   0|  0|   21|          13|          14|
    |sub_ln779_13_fu_15270_p2  |         -|   0|  0|   21|          13|          14|
    |sub_ln779_14_fu_15916_p2  |         -|   0|  0|   21|          13|          14|
    |sub_ln779_15_fu_16490_p2  |         -|   0|  0|   21|          13|          14|
    |sub_ln779_16_fu_17136_p2  |         -|   0|  0|   21|          13|          14|
    |sub_ln779_17_fu_17710_p2  |         -|   0|  0|   21|          13|          14|
    |sub_ln779_18_fu_18356_p2  |         -|   0|  0|   21|          13|          14|
    |sub_ln779_19_fu_18930_p2  |         -|   0|  0|   21|          13|          14|
    |sub_ln779_1_fu_7950_p2    |         -|   0|  0|   21|          13|          14|
    |sub_ln779_20_fu_19576_p2  |         -|   0|  0|   21|          13|          14|
    |sub_ln779_21_fu_20150_p2  |         -|   0|  0|   21|          13|          14|
    |sub_ln779_22_fu_20796_p2  |         -|   0|  0|   21|          13|          14|
    |sub_ln779_23_fu_21370_p2  |         -|   0|  0|   21|          13|          14|
    |sub_ln779_24_fu_22016_p2  |         -|   0|  0|   21|          13|          14|
    |sub_ln779_25_fu_22590_p2  |         -|   0|  0|   21|          13|          14|
    |sub_ln779_26_fu_23236_p2  |         -|   0|  0|   21|          13|          14|
    |sub_ln779_27_fu_23810_p2  |         -|   0|  0|   21|          13|          14|
    |sub_ln779_28_fu_24456_p2  |         -|   0|  0|   21|          13|          14|
    |sub_ln779_29_fu_25030_p2  |         -|   0|  0|   21|          13|          14|
    |sub_ln779_2_fu_8596_p2    |         -|   0|  0|   21|          13|          14|
    |sub_ln779_30_fu_25676_p2  |         -|   0|  0|   21|          13|          14|
    |sub_ln779_31_fu_26250_p2  |         -|   0|  0|   21|          13|          14|
    |sub_ln779_3_fu_9170_p2    |         -|   0|  0|   21|          13|          14|
    |sub_ln779_4_fu_9816_p2    |         -|   0|  0|   21|          13|          14|
    |sub_ln779_5_fu_10390_p2   |         -|   0|  0|   21|          13|          14|
    |sub_ln779_6_fu_11036_p2   |         -|   0|  0|   21|          13|          14|
    |sub_ln779_7_fu_11610_p2   |         -|   0|  0|   21|          13|          14|
    |sub_ln779_8_fu_12256_p2   |         -|   0|  0|   21|          13|          14|
    |sub_ln779_9_fu_12830_p2   |         -|   0|  0|   21|          13|          14|
    |sub_ln779_fu_7376_p2      |         -|   0|  0|   21|          13|          14|
    |sub_ln780_10_fu_13487_p2  |         -|   0|  0|   21|          13|          14|
    |sub_ln780_11_fu_14107_p2  |         -|   0|  0|   21|          13|          14|
    |sub_ln780_12_fu_14707_p2  |         -|   0|  0|   21|          13|          14|
    |sub_ln780_13_fu_15327_p2  |         -|   0|  0|   21|          13|          14|
    |sub_ln780_14_fu_15927_p2  |         -|   0|  0|   21|          13|          14|
    |sub_ln780_15_fu_16547_p2  |         -|   0|  0|   21|          13|          14|
    |sub_ln780_16_fu_17147_p2  |         -|   0|  0|   21|          13|          14|
    |sub_ln780_17_fu_17767_p2  |         -|   0|  0|   21|          13|          14|
    |sub_ln780_18_fu_18367_p2  |         -|   0|  0|   21|          13|          14|
    |sub_ln780_19_fu_18987_p2  |         -|   0|  0|   21|          13|          14|
    |sub_ln780_1_fu_8007_p2    |         -|   0|  0|   21|          13|          14|
    |sub_ln780_20_fu_19587_p2  |         -|   0|  0|   21|          13|          14|
    |sub_ln780_21_fu_20207_p2  |         -|   0|  0|   21|          13|          14|
    |sub_ln780_22_fu_20807_p2  |         -|   0|  0|   21|          13|          14|
    |sub_ln780_23_fu_21427_p2  |         -|   0|  0|   21|          13|          14|
    |sub_ln780_24_fu_22027_p2  |         -|   0|  0|   21|          13|          14|
    |sub_ln780_25_fu_22647_p2  |         -|   0|  0|   21|          13|          14|
    |sub_ln780_26_fu_23247_p2  |         -|   0|  0|   21|          13|          14|
    |sub_ln780_27_fu_23867_p2  |         -|   0|  0|   21|          13|          14|
    |sub_ln780_28_fu_24467_p2  |         -|   0|  0|   21|          13|          14|
    |sub_ln780_29_fu_25087_p2  |         -|   0|  0|   21|          13|          14|
    |sub_ln780_2_fu_8607_p2    |         -|   0|  0|   21|          13|          14|
    |sub_ln780_30_fu_25687_p2  |         -|   0|  0|   21|          13|          14|
    |sub_ln780_31_fu_26307_p2  |         -|   0|  0|   21|          13|          14|
    |sub_ln780_3_fu_9227_p2    |         -|   0|  0|   21|          13|          14|
    |sub_ln780_4_fu_9827_p2    |         -|   0|  0|   21|          13|          14|
    |sub_ln780_5_fu_10447_p2   |         -|   0|  0|   21|          13|          14|
    |sub_ln780_6_fu_11047_p2   |         -|   0|  0|   21|          13|          14|
    |sub_ln780_7_fu_11667_p2   |         -|   0|  0|   21|          13|          14|
    |sub_ln780_8_fu_12267_p2   |         -|   0|  0|   21|          13|          14|
    |sub_ln780_9_fu_12887_p2   |         -|   0|  0|   21|          13|          14|
    |sub_ln780_fu_7387_p2      |         -|   0|  0|   21|          13|          14|
    |sub_ln781_10_fu_13584_p2  |         -|   0|  0|   21|          13|          14|
    |sub_ln781_11_fu_14216_p2  |         -|   0|  0|   21|          13|          14|
    |sub_ln781_12_fu_14804_p2  |         -|   0|  0|   21|          13|          14|
    |sub_ln781_13_fu_15436_p2  |         -|   0|  0|   21|          13|          14|
    |sub_ln781_14_fu_16024_p2  |         -|   0|  0|   21|          13|          14|
    |sub_ln781_15_fu_16656_p2  |         -|   0|  0|   21|          13|          14|
    |sub_ln781_16_fu_17244_p2  |         -|   0|  0|   21|          13|          14|
    |sub_ln781_17_fu_17876_p2  |         -|   0|  0|   21|          13|          14|
    |sub_ln781_18_fu_18464_p2  |         -|   0|  0|   21|          13|          14|
    |sub_ln781_19_fu_19096_p2  |         -|   0|  0|   21|          13|          14|
    |sub_ln781_1_fu_8116_p2    |         -|   0|  0|   21|          13|          14|
    |sub_ln781_20_fu_19684_p2  |         -|   0|  0|   21|          13|          14|
    |sub_ln781_21_fu_20316_p2  |         -|   0|  0|   21|          13|          14|
    |sub_ln781_22_fu_20904_p2  |         -|   0|  0|   21|          13|          14|
    |sub_ln781_23_fu_21536_p2  |         -|   0|  0|   21|          13|          14|
    |sub_ln781_24_fu_22124_p2  |         -|   0|  0|   21|          13|          14|
    |sub_ln781_25_fu_22756_p2  |         -|   0|  0|   21|          13|          14|
    |sub_ln781_26_fu_23344_p2  |         -|   0|  0|   21|          13|          14|
    |sub_ln781_27_fu_23976_p2  |         -|   0|  0|   21|          13|          14|
    |sub_ln781_28_fu_24564_p2  |         -|   0|  0|   21|          13|          14|
    |sub_ln781_29_fu_25196_p2  |         -|   0|  0|   21|          13|          14|
    |sub_ln781_2_fu_8704_p2    |         -|   0|  0|   21|          13|          14|
    |sub_ln781_30_fu_25784_p2  |         -|   0|  0|   21|          13|          14|
    |sub_ln781_31_fu_26416_p2  |         -|   0|  0|   21|          13|          14|
    |sub_ln781_3_fu_9336_p2    |         -|   0|  0|   21|          13|          14|
    |sub_ln781_4_fu_9924_p2    |         -|   0|  0|   21|          13|          14|
    |sub_ln781_5_fu_10556_p2   |         -|   0|  0|   21|          13|          14|
    |sub_ln781_6_fu_11144_p2   |         -|   0|  0|   21|          13|          14|
    |sub_ln781_7_fu_11776_p2   |         -|   0|  0|   21|          13|          14|
    |sub_ln781_8_fu_12364_p2   |         -|   0|  0|   21|          13|          14|
    |sub_ln781_9_fu_12996_p2   |         -|   0|  0|   21|          13|          14|
    |sub_ln781_fu_7484_p2      |         -|   0|  0|   21|          13|          14|
    |sub_ln782_10_fu_13627_p2  |         -|   0|  0|   21|          13|          14|
    |sub_ln782_11_fu_14227_p2  |         -|   0|  0|   21|          13|          14|
    |sub_ln782_12_fu_14847_p2  |         -|   0|  0|   21|          13|          14|
    |sub_ln782_13_fu_15447_p2  |         -|   0|  0|   21|          13|          14|
    |sub_ln782_14_fu_16067_p2  |         -|   0|  0|   21|          13|          14|
    |sub_ln782_15_fu_16667_p2  |         -|   0|  0|   21|          13|          14|
    |sub_ln782_16_fu_17287_p2  |         -|   0|  0|   21|          13|          14|
    |sub_ln782_17_fu_17887_p2  |         -|   0|  0|   21|          13|          14|
    |sub_ln782_18_fu_18507_p2  |         -|   0|  0|   21|          13|          14|
    |sub_ln782_19_fu_19107_p2  |         -|   0|  0|   21|          13|          14|
    |sub_ln782_1_fu_8127_p2    |         -|   0|  0|   21|          13|          14|
    |sub_ln782_20_fu_19727_p2  |         -|   0|  0|   21|          13|          14|
    |sub_ln782_21_fu_20327_p2  |         -|   0|  0|   21|          13|          14|
    |sub_ln782_22_fu_20947_p2  |         -|   0|  0|   21|          13|          14|
    |sub_ln782_23_fu_21547_p2  |         -|   0|  0|   21|          13|          14|
    |sub_ln782_24_fu_22167_p2  |         -|   0|  0|   21|          13|          14|
    |sub_ln782_25_fu_22767_p2  |         -|   0|  0|   21|          13|          14|
    |sub_ln782_26_fu_23387_p2  |         -|   0|  0|   21|          13|          14|
    |sub_ln782_27_fu_23987_p2  |         -|   0|  0|   21|          13|          14|
    |sub_ln782_28_fu_24607_p2  |         -|   0|  0|   21|          13|          14|
    |sub_ln782_29_fu_25207_p2  |         -|   0|  0|   21|          13|          14|
    |sub_ln782_2_fu_8747_p2    |         -|   0|  0|   21|          13|          14|
    |sub_ln782_30_fu_25827_p2  |         -|   0|  0|   21|          13|          14|
    |sub_ln782_31_fu_26427_p2  |         -|   0|  0|   21|          13|          14|
    |sub_ln782_3_fu_9347_p2    |         -|   0|  0|   21|          13|          14|
    |sub_ln782_4_fu_9967_p2    |         -|   0|  0|   21|          13|          14|
    |sub_ln782_5_fu_10567_p2   |         -|   0|  0|   21|          13|          14|
    |sub_ln782_6_fu_11187_p2   |         -|   0|  0|   21|          13|          14|
    |sub_ln782_7_fu_11787_p2   |         -|   0|  0|   21|          13|          14|
    |sub_ln782_8_fu_12407_p2   |         -|   0|  0|   21|          13|          14|
    |sub_ln782_9_fu_13007_p2   |         -|   0|  0|   21|          13|          14|
    |sub_ln782_fu_7527_p2      |         -|   0|  0|   21|          13|          14|
    |or_ln739_10_fu_13658_p2   |        or|   0|  0|   10|          10|           7|
    |or_ln739_11_fu_14258_p2   |        or|   0|  0|   10|          10|           7|
    |or_ln739_12_fu_14878_p2   |        or|   0|  0|   10|          10|           7|
    |or_ln739_13_fu_15478_p2   |        or|   0|  0|   10|          10|           7|
    |or_ln739_14_fu_16098_p2   |        or|   0|  0|   10|          10|           7|
    |or_ln739_15_fu_16698_p2   |        or|   0|  0|   10|          10|           8|
    |or_ln739_16_fu_17318_p2   |        or|   0|  0|   10|          10|           8|
    |or_ln739_17_fu_17918_p2   |        or|   0|  0|   10|          10|           8|
    |or_ln739_18_fu_18538_p2   |        or|   0|  0|   10|          10|           8|
    |or_ln739_19_fu_19138_p2   |        or|   0|  0|   10|          10|           8|
    |or_ln739_1_fu_8158_p2     |        or|   0|  0|   10|          10|           5|
    |or_ln739_20_fu_19758_p2   |        or|   0|  0|   10|          10|           8|
    |or_ln739_21_fu_20358_p2   |        or|   0|  0|   10|          10|           8|
    |or_ln739_22_fu_20978_p2   |        or|   0|  0|   10|          10|           8|
    |or_ln739_23_fu_21578_p2   |        or|   0|  0|   10|          10|           8|
    |or_ln739_24_fu_22198_p2   |        or|   0|  0|   10|          10|           8|
    |or_ln739_25_fu_22798_p2   |        or|   0|  0|   10|          10|           8|
    |or_ln739_26_fu_23418_p2   |        or|   0|  0|   10|          10|           8|
    |or_ln739_27_fu_24018_p2   |        or|   0|  0|   10|          10|           8|
    |or_ln739_28_fu_24638_p2   |        or|   0|  0|   10|          10|           8|
    |or_ln739_29_fu_25238_p2   |        or|   0|  0|   10|          10|           8|
    |or_ln739_2_fu_8778_p2     |        or|   0|  0|   10|          10|           5|
    |or_ln739_30_fu_25858_p2   |        or|   0|  0|   10|          10|           8|
    |or_ln739_3_fu_9378_p2     |        or|   0|  0|   10|          10|           6|
    |or_ln739_4_fu_9998_p2     |        or|   0|  0|   10|          10|           6|
    |or_ln739_5_fu_10598_p2    |        or|   0|  0|   10|          10|           6|
    |or_ln739_6_fu_11218_p2    |        or|   0|  0|   10|          10|           6|
    |or_ln739_7_fu_11818_p2    |        or|   0|  0|   10|          10|           7|
    |or_ln739_8_fu_12438_p2    |        or|   0|  0|   10|          10|           7|
    |or_ln739_9_fu_13038_p2    |        or|   0|  0|   10|          10|           7|
    |or_ln739_fu_7558_p2       |        or|   0|  0|   10|          10|           4|
    |or_ln743_10_fu_13095_p2   |        or|   0|  0|   10|          10|           7|
    |or_ln743_11_fu_13715_p2   |        or|   0|  0|   10|          10|           7|
    |or_ln743_12_fu_14315_p2   |        or|   0|  0|   10|          10|           7|
    |or_ln743_13_fu_14935_p2   |        or|   0|  0|   10|          10|           7|
    |or_ln743_14_fu_15535_p2   |        or|   0|  0|   10|          10|           7|
    |or_ln743_15_fu_16155_p2   |        or|   0|  0|   10|          10|           7|
    |or_ln743_16_fu_16755_p2   |        or|   0|  0|   10|          10|           8|
    |or_ln743_17_fu_17375_p2   |        or|   0|  0|   10|          10|           8|
    |or_ln743_18_fu_17975_p2   |        or|   0|  0|   10|          10|           8|
    |or_ln743_19_fu_18595_p2   |        or|   0|  0|   10|          10|           8|
    |or_ln743_1_fu_7615_p2     |        or|   0|  0|   10|          10|           4|
    |or_ln743_20_fu_19195_p2   |        or|   0|  0|   10|          10|           8|
    |or_ln743_21_fu_19815_p2   |        or|   0|  0|   10|          10|           8|
    |or_ln743_22_fu_20415_p2   |        or|   0|  0|   10|          10|           8|
    |or_ln743_23_fu_21035_p2   |        or|   0|  0|   10|          10|           8|
    |or_ln743_24_fu_21635_p2   |        or|   0|  0|   10|          10|           8|
    |or_ln743_25_fu_22255_p2   |        or|   0|  0|   10|          10|           8|
    |or_ln743_26_fu_22855_p2   |        or|   0|  0|   10|          10|           8|
    |or_ln743_27_fu_23475_p2   |        or|   0|  0|   10|          10|           8|
    |or_ln743_28_fu_24075_p2   |        or|   0|  0|   10|          10|           8|
    |or_ln743_29_fu_24695_p2   |        or|   0|  0|   10|          10|           8|
    |or_ln743_2_fu_8215_p2     |        or|   0|  0|   10|          10|           5|
    |or_ln743_30_fu_25295_p2   |        or|   0|  0|   10|          10|           8|
    |or_ln743_31_fu_25915_p2   |        or|   0|  0|   10|          10|           8|
    |or_ln743_3_fu_8835_p2     |        or|   0|  0|   10|          10|           5|
    |or_ln743_4_fu_9435_p2     |        or|   0|  0|   10|          10|           6|
    |or_ln743_5_fu_10055_p2    |        or|   0|  0|   10|          10|           6|
    |or_ln743_6_fu_10655_p2    |        or|   0|  0|   10|          10|           6|
    |or_ln743_7_fu_11275_p2    |        or|   0|  0|   10|          10|           6|
    |or_ln743_8_fu_11875_p2    |        or|   0|  0|   10|          10|           7|
    |or_ln743_9_fu_12495_p2    |        or|   0|  0|   10|          10|           7|
    |or_ln743_fu_6995_p2       |        or|   0|  0|   10|          10|           1|
    |or_ln746_31_fu_7673_p2    |        or|   0|  0|    9|           9|           9|
    |or_ln746_32_fu_8263_p2    |        or|   0|  0|    9|           9|           9|
    |or_ln746_33_fu_8893_p2    |        or|   0|  0|    9|           9|           9|
    |or_ln746_34_fu_9483_p2    |        or|   0|  0|    9|           9|           9|
    |or_ln746_35_fu_10113_p2   |        or|   0|  0|    9|           9|           9|
    |or_ln746_36_fu_10703_p2   |        or|   0|  0|    9|           9|           9|
    |or_ln746_37_fu_11333_p2   |        or|   0|  0|    9|           9|           9|
    |or_ln746_38_fu_11923_p2   |        or|   0|  0|    9|           9|           9|
    |or_ln746_39_fu_12553_p2   |        or|   0|  0|    9|           9|           9|
    |or_ln746_40_fu_13143_p2   |        or|   0|  0|    9|           9|           9|
    |or_ln746_41_fu_13773_p2   |        or|   0|  0|    9|           9|           9|
    |or_ln746_42_fu_14363_p2   |        or|   0|  0|    9|           9|           9|
    |or_ln746_43_fu_14993_p2   |        or|   0|  0|    9|           9|           9|
    |or_ln746_44_fu_15583_p2   |        or|   0|  0|    9|           9|           9|
    |or_ln746_45_fu_16213_p2   |        or|   0|  0|    9|           9|           9|
    |or_ln746_46_fu_16803_p2   |        or|   0|  0|    9|           9|           9|
    |or_ln746_47_fu_17433_p2   |        or|   0|  0|    9|           9|           9|
    |or_ln746_48_fu_18023_p2   |        or|   0|  0|    9|           9|           9|
    |or_ln746_49_fu_18653_p2   |        or|   0|  0|    9|           9|           9|
    |or_ln746_50_fu_19243_p2   |        or|   0|  0|    9|           9|           9|
    |or_ln746_51_fu_19873_p2   |        or|   0|  0|    9|           9|           9|
    |or_ln746_52_fu_20463_p2   |        or|   0|  0|    9|           9|           9|
    |or_ln746_53_fu_21093_p2   |        or|   0|  0|    9|           9|           9|
    |or_ln746_54_fu_21683_p2   |        or|   0|  0|    9|           9|           9|
    |or_ln746_55_fu_22313_p2   |        or|   0|  0|    9|           9|           9|
    |or_ln746_56_fu_22903_p2   |        or|   0|  0|    9|           9|           9|
    |or_ln746_57_fu_23533_p2   |        or|   0|  0|    9|           9|           9|
    |or_ln746_58_fu_24123_p2   |        or|   0|  0|    9|           9|           9|
    |or_ln746_59_fu_24753_p2   |        or|   0|  0|    9|           9|           9|
    |or_ln746_60_fu_25343_p2   |        or|   0|  0|    9|           9|           9|
    |or_ln746_61_fu_25973_p2   |        or|   0|  0|    9|           9|           9|
    |or_ln746_fu_7043_p2       |        or|   0|  0|    9|           9|           9|
    |or_ln748_10_fu_13204_p2   |        or|   0|  0|   10|          10|           7|
    |or_ln748_11_fu_13725_p2   |        or|   0|  0|   10|          10|           7|
    |or_ln748_12_fu_14424_p2   |        or|   0|  0|   10|          10|           7|
    |or_ln748_13_fu_14945_p2   |        or|   0|  0|   10|          10|           7|
    |or_ln748_14_fu_15644_p2   |        or|   0|  0|   10|          10|           7|
    |or_ln748_15_fu_16165_p2   |        or|   0|  0|   10|          10|           7|
    |or_ln748_16_fu_16864_p2   |        or|   0|  0|   10|          10|           8|
    |or_ln748_17_fu_17385_p2   |        or|   0|  0|   10|          10|           8|
    |or_ln748_18_fu_18084_p2   |        or|   0|  0|   10|          10|           8|
    |or_ln748_19_fu_18605_p2   |        or|   0|  0|   10|          10|           8|
    |or_ln748_1_fu_7625_p2     |        or|   0|  0|   10|          10|           4|
    |or_ln748_20_fu_19304_p2   |        or|   0|  0|   10|          10|           8|
    |or_ln748_21_fu_19825_p2   |        or|   0|  0|   10|          10|           8|
    |or_ln748_22_fu_20524_p2   |        or|   0|  0|   10|          10|           8|
    |or_ln748_23_fu_21045_p2   |        or|   0|  0|   10|          10|           8|
    |or_ln748_24_fu_21744_p2   |        or|   0|  0|   10|          10|           8|
    |or_ln748_25_fu_22265_p2   |        or|   0|  0|   10|          10|           8|
    |or_ln748_26_fu_22964_p2   |        or|   0|  0|   10|          10|           8|
    |or_ln748_27_fu_23485_p2   |        or|   0|  0|   10|          10|           8|
    |or_ln748_28_fu_24184_p2   |        or|   0|  0|   10|          10|           8|
    |or_ln748_29_fu_24705_p2   |        or|   0|  0|   10|          10|           8|
    |or_ln748_2_fu_8324_p2     |        or|   0|  0|   10|          10|           5|
    |or_ln748_30_fu_25404_p2   |        or|   0|  0|   10|          10|           8|
    |or_ln748_31_fu_25925_p2   |        or|   0|  0|   10|          10|           8|
    |or_ln748_3_fu_8845_p2     |        or|   0|  0|   10|          10|           5|
    |or_ln748_4_fu_9544_p2     |        or|   0|  0|   10|          10|           6|
    |or_ln748_5_fu_10065_p2    |        or|   0|  0|   10|          10|           6|
    |or_ln748_6_fu_10764_p2    |        or|   0|  0|   10|          10|           6|
    |or_ln748_7_fu_11285_p2    |        or|   0|  0|   10|          10|           6|
    |or_ln748_8_fu_11984_p2    |        or|   0|  0|   10|          10|           7|
    |or_ln748_9_fu_12505_p2    |        or|   0|  0|   10|          10|           7|
    |or_ln748_fu_7104_p2       |        or|   0|  0|   10|          10|           2|
    |or_ln752_10_fu_13261_p2   |        or|   0|  0|   10|          10|           7|
    |or_ln752_11_fu_13861_p2   |        or|   0|  0|   10|          10|           7|
    |or_ln752_12_fu_14481_p2   |        or|   0|  0|   10|          10|           7|
    |or_ln752_13_fu_15081_p2   |        or|   0|  0|   10|          10|           7|
    |or_ln752_14_fu_15701_p2   |        or|   0|  0|   10|          10|           7|
    |or_ln752_15_fu_16301_p2   |        or|   0|  0|   10|          10|           7|
    |or_ln752_16_fu_16921_p2   |        or|   0|  0|   10|          10|           8|
    |or_ln752_17_fu_17521_p2   |        or|   0|  0|   10|          10|           8|
    |or_ln752_18_fu_18141_p2   |        or|   0|  0|   10|          10|           8|
    |or_ln752_19_fu_18741_p2   |        or|   0|  0|   10|          10|           8|
    |or_ln752_1_fu_7761_p2     |        or|   0|  0|   10|          10|           4|
    |or_ln752_20_fu_19361_p2   |        or|   0|  0|   10|          10|           8|
    |or_ln752_21_fu_19961_p2   |        or|   0|  0|   10|          10|           8|
    |or_ln752_22_fu_20581_p2   |        or|   0|  0|   10|          10|           8|
    |or_ln752_23_fu_21181_p2   |        or|   0|  0|   10|          10|           8|
    |or_ln752_24_fu_21801_p2   |        or|   0|  0|   10|          10|           8|
    |or_ln752_25_fu_22401_p2   |        or|   0|  0|   10|          10|           8|
    |or_ln752_26_fu_23021_p2   |        or|   0|  0|   10|          10|           8|
    |or_ln752_27_fu_23621_p2   |        or|   0|  0|   10|          10|           8|
    |or_ln752_28_fu_24241_p2   |        or|   0|  0|   10|          10|           8|
    |or_ln752_29_fu_24841_p2   |        or|   0|  0|   10|          10|           8|
    |or_ln752_2_fu_8381_p2     |        or|   0|  0|   10|          10|           5|
    |or_ln752_30_fu_25461_p2   |        or|   0|  0|   10|          10|           8|
    |or_ln752_31_fu_26061_p2   |        or|   0|  0|   10|          10|           8|
    |or_ln752_3_fu_8981_p2     |        or|   0|  0|   10|          10|           5|
    |or_ln752_4_fu_9601_p2     |        or|   0|  0|   10|          10|           6|
    |or_ln752_5_fu_10201_p2    |        or|   0|  0|   10|          10|           6|
    |or_ln752_6_fu_10821_p2    |        or|   0|  0|   10|          10|           6|
    |or_ln752_7_fu_11421_p2    |        or|   0|  0|   10|          10|           6|
    |or_ln752_8_fu_12041_p2    |        or|   0|  0|   10|          10|           7|
    |or_ln752_9_fu_12641_p2    |        or|   0|  0|   10|          10|           7|
    |or_ln752_fu_7161_p2       |        or|   0|  0|   10|          10|           2|
    |or_ln755_31_fu_7203_p2    |        or|   0|  0|    9|           9|           9|
    |or_ln755_32_fu_8423_p2    |        or|   0|  0|    9|           9|           9|
    |or_ln755_33_fu_9023_p2    |        or|   0|  0|    9|           9|           9|
    |or_ln755_34_fu_9643_p2    |        or|   0|  0|    9|           9|           9|
    |or_ln755_35_fu_10243_p2   |        or|   0|  0|    9|           9|           9|
    |or_ln755_36_fu_10863_p2   |        or|   0|  0|    9|           9|           9|
    |or_ln755_37_fu_11463_p2   |        or|   0|  0|    9|           9|           9|
    |or_ln755_38_fu_12083_p2   |        or|   0|  0|    9|           9|           9|
    |or_ln755_39_fu_12683_p2   |        or|   0|  0|    9|           9|           9|
    |or_ln755_40_fu_13303_p2   |        or|   0|  0|    9|           9|           9|
    |or_ln755_41_fu_13903_p2   |        or|   0|  0|    9|           9|           9|
    |or_ln755_42_fu_14523_p2   |        or|   0|  0|    9|           9|           9|
    |or_ln755_43_fu_15123_p2   |        or|   0|  0|    9|           9|           9|
    |or_ln755_44_fu_15743_p2   |        or|   0|  0|    9|           9|           9|
    |or_ln755_45_fu_16343_p2   |        or|   0|  0|    9|           9|           9|
    |or_ln755_46_fu_16963_p2   |        or|   0|  0|    9|           9|           9|
    |or_ln755_47_fu_17563_p2   |        or|   0|  0|    9|           9|           9|
    |or_ln755_48_fu_18183_p2   |        or|   0|  0|    9|           9|           9|
    |or_ln755_49_fu_18783_p2   |        or|   0|  0|    9|           9|           9|
    |or_ln755_50_fu_19403_p2   |        or|   0|  0|    9|           9|           9|
    |or_ln755_51_fu_20003_p2   |        or|   0|  0|    9|           9|           9|
    |or_ln755_52_fu_20623_p2   |        or|   0|  0|    9|           9|           9|
    |or_ln755_53_fu_21223_p2   |        or|   0|  0|    9|           9|           9|
    |or_ln755_54_fu_21843_p2   |        or|   0|  0|    9|           9|           9|
    |or_ln755_55_fu_22443_p2   |        or|   0|  0|    9|           9|           9|
    |or_ln755_56_fu_23063_p2   |        or|   0|  0|    9|           9|           9|
    |or_ln755_57_fu_23663_p2   |        or|   0|  0|    9|           9|           9|
    |or_ln755_58_fu_24283_p2   |        or|   0|  0|    9|           9|           9|
    |or_ln755_59_fu_24883_p2   |        or|   0|  0|    9|           9|           9|
    |or_ln755_60_fu_25503_p2   |        or|   0|  0|    9|           9|           9|
    |or_ln755_61_fu_26103_p2   |        or|   0|  0|    9|           9|           9|
    |or_ln755_fu_7803_p2       |        or|   0|  0|    9|           9|           9|
    |or_ln757_10_fu_13352_p2   |        or|   0|  0|   10|          10|           7|
    |or_ln757_11_fu_13952_p2   |        or|   0|  0|   10|          10|           7|
    |or_ln757_12_fu_14572_p2   |        or|   0|  0|   10|          10|           7|
    |or_ln757_13_fu_15172_p2   |        or|   0|  0|   10|          10|           7|
    |or_ln757_14_fu_15792_p2   |        or|   0|  0|   10|          10|           7|
    |or_ln757_15_fu_16392_p2   |        or|   0|  0|   10|          10|           7|
    |or_ln757_16_fu_17012_p2   |        or|   0|  0|   10|          10|           8|
    |or_ln757_17_fu_17612_p2   |        or|   0|  0|   10|          10|           8|
    |or_ln757_18_fu_18232_p2   |        or|   0|  0|   10|          10|           8|
    |or_ln757_19_fu_18832_p2   |        or|   0|  0|   10|          10|           8|
    |or_ln757_1_fu_7852_p2     |        or|   0|  0|   10|          10|           4|
    |or_ln757_20_fu_19452_p2   |        or|   0|  0|   10|          10|           8|
    |or_ln757_21_fu_20052_p2   |        or|   0|  0|   10|          10|           8|
    |or_ln757_22_fu_20672_p2   |        or|   0|  0|   10|          10|           8|
    |or_ln757_23_fu_21272_p2   |        or|   0|  0|   10|          10|           8|
    |or_ln757_24_fu_21892_p2   |        or|   0|  0|   10|          10|           8|
    |or_ln757_25_fu_22492_p2   |        or|   0|  0|   10|          10|           8|
    |or_ln757_26_fu_23112_p2   |        or|   0|  0|   10|          10|           8|
    |or_ln757_27_fu_23712_p2   |        or|   0|  0|   10|          10|           8|
    |or_ln757_28_fu_24332_p2   |        or|   0|  0|   10|          10|           8|
    |or_ln757_29_fu_24932_p2   |        or|   0|  0|   10|          10|           8|
    |or_ln757_2_fu_8472_p2     |        or|   0|  0|   10|          10|           5|
    |or_ln757_30_fu_25552_p2   |        or|   0|  0|   10|          10|           8|
    |or_ln757_31_fu_26152_p2   |        or|   0|  0|   10|          10|           8|
    |or_ln757_3_fu_9072_p2     |        or|   0|  0|   10|          10|           5|
    |or_ln757_4_fu_9692_p2     |        or|   0|  0|   10|          10|           6|
    |or_ln757_5_fu_10292_p2    |        or|   0|  0|   10|          10|           6|
    |or_ln757_6_fu_10912_p2    |        or|   0|  0|   10|          10|           6|
    |or_ln757_7_fu_11512_p2    |        or|   0|  0|   10|          10|           6|
    |or_ln757_8_fu_12132_p2    |        or|   0|  0|   10|          10|           7|
    |or_ln757_9_fu_12732_p2    |        or|   0|  0|   10|          10|           7|
    |or_ln757_fu_7252_p2       |        or|   0|  0|   10|          10|           3|
    |or_ln760_31_fu_7900_p2    |        or|   0|  0|    9|           9|           9|
    |or_ln760_32_fu_8530_p2    |        or|   0|  0|    9|           9|           9|
    |or_ln760_33_fu_9120_p2    |        or|   0|  0|    9|           9|           9|
    |or_ln760_34_fu_9750_p2    |        or|   0|  0|    9|           9|           9|
    |or_ln760_35_fu_10340_p2   |        or|   0|  0|    9|           9|           9|
    |or_ln760_36_fu_10970_p2   |        or|   0|  0|    9|           9|           9|
    |or_ln760_37_fu_11560_p2   |        or|   0|  0|    9|           9|           9|
    |or_ln760_38_fu_12190_p2   |        or|   0|  0|    9|           9|           9|
    |or_ln760_39_fu_12780_p2   |        or|   0|  0|    9|           9|           9|
    |or_ln760_40_fu_13410_p2   |        or|   0|  0|    9|           9|           9|
    |or_ln760_41_fu_14000_p2   |        or|   0|  0|    9|           9|           9|
    |or_ln760_42_fu_14630_p2   |        or|   0|  0|    9|           9|           9|
    |or_ln760_43_fu_15220_p2   |        or|   0|  0|    9|           9|           9|
    |or_ln760_44_fu_15850_p2   |        or|   0|  0|    9|           9|           9|
    |or_ln760_45_fu_16440_p2   |        or|   0|  0|    9|           9|           9|
    |or_ln760_46_fu_17070_p2   |        or|   0|  0|    9|           9|           9|
    |or_ln760_47_fu_17660_p2   |        or|   0|  0|    9|           9|           9|
    |or_ln760_48_fu_18290_p2   |        or|   0|  0|    9|           9|           9|
    |or_ln760_49_fu_18880_p2   |        or|   0|  0|    9|           9|           9|
    |or_ln760_50_fu_19510_p2   |        or|   0|  0|    9|           9|           9|
    |or_ln760_51_fu_20100_p2   |        or|   0|  0|    9|           9|           9|
    |or_ln760_52_fu_20730_p2   |        or|   0|  0|    9|           9|           9|
    |or_ln760_53_fu_21320_p2   |        or|   0|  0|    9|           9|           9|
    |or_ln760_54_fu_21950_p2   |        or|   0|  0|    9|           9|           9|
    |or_ln760_55_fu_22540_p2   |        or|   0|  0|    9|           9|           9|
    |or_ln760_56_fu_23170_p2   |        or|   0|  0|    9|           9|           9|
    |or_ln760_57_fu_23760_p2   |        or|   0|  0|    9|           9|           9|
    |or_ln760_58_fu_24390_p2   |        or|   0|  0|    9|           9|           9|
    |or_ln760_59_fu_24980_p2   |        or|   0|  0|    9|           9|           9|
    |or_ln760_60_fu_25610_p2   |        or|   0|  0|    9|           9|           9|
    |or_ln760_61_fu_26200_p2   |        or|   0|  0|    9|           9|           9|
    |or_ln760_fu_7310_p2       |        or|   0|  0|    9|           9|           9|
    |or_ln762_10_fu_13362_p2   |        or|   0|  0|   10|          10|           7|
    |or_ln762_11_fu_14061_p2   |        or|   0|  0|   10|          10|           7|
    |or_ln762_12_fu_14582_p2   |        or|   0|  0|   10|          10|           7|
    |or_ln762_13_fu_15281_p2   |        or|   0|  0|   10|          10|           7|
    |or_ln762_14_fu_15802_p2   |        or|   0|  0|   10|          10|           7|
    |or_ln762_15_fu_16501_p2   |        or|   0|  0|   10|          10|           7|
    |or_ln762_16_fu_17022_p2   |        or|   0|  0|   10|          10|           8|
    |or_ln762_17_fu_17721_p2   |        or|   0|  0|   10|          10|           8|
    |or_ln762_18_fu_18242_p2   |        or|   0|  0|   10|          10|           8|
    |or_ln762_19_fu_18941_p2   |        or|   0|  0|   10|          10|           8|
    |or_ln762_1_fu_7961_p2     |        or|   0|  0|   10|          10|           4|
    |or_ln762_20_fu_19462_p2   |        or|   0|  0|   10|          10|           8|
    |or_ln762_21_fu_20161_p2   |        or|   0|  0|   10|          10|           8|
    |or_ln762_22_fu_20682_p2   |        or|   0|  0|   10|          10|           8|
    |or_ln762_23_fu_21381_p2   |        or|   0|  0|   10|          10|           8|
    |or_ln762_24_fu_21902_p2   |        or|   0|  0|   10|          10|           8|
    |or_ln762_25_fu_22601_p2   |        or|   0|  0|   10|          10|           8|
    |or_ln762_26_fu_23122_p2   |        or|   0|  0|   10|          10|           8|
    |or_ln762_27_fu_23821_p2   |        or|   0|  0|   10|          10|           8|
    |or_ln762_28_fu_24342_p2   |        or|   0|  0|   10|          10|           8|
    |or_ln762_29_fu_25041_p2   |        or|   0|  0|   10|          10|           8|
    |or_ln762_2_fu_8482_p2     |        or|   0|  0|   10|          10|           5|
    |or_ln762_30_fu_25562_p2   |        or|   0|  0|   10|          10|           8|
    |or_ln762_31_fu_26261_p2   |        or|   0|  0|   10|          10|           8|
    |or_ln762_3_fu_9181_p2     |        or|   0|  0|   10|          10|           5|
    |or_ln762_4_fu_9702_p2     |        or|   0|  0|   10|          10|           6|
    |or_ln762_5_fu_10401_p2    |        or|   0|  0|   10|          10|           6|
    |or_ln762_6_fu_10922_p2    |        or|   0|  0|   10|          10|           6|
    |or_ln762_7_fu_11621_p2    |        or|   0|  0|   10|          10|           6|
    |or_ln762_8_fu_12142_p2    |        or|   0|  0|   10|          10|           7|
    |or_ln762_9_fu_12841_p2    |        or|   0|  0|   10|          10|           7|
    |or_ln762_fu_7262_p2       |        or|   0|  0|   10|          10|           3|
    |or_ln766_10_fu_13498_p2   |        or|   0|  0|   10|          10|           7|
    |or_ln766_11_fu_14118_p2   |        or|   0|  0|   10|          10|           7|
    |or_ln766_12_fu_14718_p2   |        or|   0|  0|   10|          10|           7|
    |or_ln766_13_fu_15338_p2   |        or|   0|  0|   10|          10|           7|
    |or_ln766_14_fu_15938_p2   |        or|   0|  0|   10|          10|           7|
    |or_ln766_15_fu_16558_p2   |        or|   0|  0|   10|          10|           7|
    |or_ln766_16_fu_17158_p2   |        or|   0|  0|   10|          10|           8|
    |or_ln766_17_fu_17778_p2   |        or|   0|  0|   10|          10|           8|
    |or_ln766_18_fu_18378_p2   |        or|   0|  0|   10|          10|           8|
    |or_ln766_19_fu_18998_p2   |        or|   0|  0|   10|          10|           8|
    |or_ln766_1_fu_8018_p2     |        or|   0|  0|   10|          10|           4|
    |or_ln766_20_fu_19598_p2   |        or|   0|  0|   10|          10|           8|
    |or_ln766_21_fu_20218_p2   |        or|   0|  0|   10|          10|           8|
    |or_ln766_22_fu_20818_p2   |        or|   0|  0|   10|          10|           8|
    |or_ln766_23_fu_21438_p2   |        or|   0|  0|   10|          10|           8|
    |or_ln766_24_fu_22038_p2   |        or|   0|  0|   10|          10|           8|
    |or_ln766_25_fu_22658_p2   |        or|   0|  0|   10|          10|           8|
    |or_ln766_26_fu_23258_p2   |        or|   0|  0|   10|          10|           8|
    |or_ln766_27_fu_23878_p2   |        or|   0|  0|   10|          10|           8|
    |or_ln766_28_fu_24478_p2   |        or|   0|  0|   10|          10|           8|
    |or_ln766_29_fu_25098_p2   |        or|   0|  0|   10|          10|           8|
    |or_ln766_2_fu_8618_p2     |        or|   0|  0|   10|          10|           5|
    |or_ln766_30_fu_25698_p2   |        or|   0|  0|   10|          10|           8|
    |or_ln766_31_fu_26318_p2   |        or|   0|  0|   10|          10|           8|
    |or_ln766_3_fu_9238_p2     |        or|   0|  0|   10|          10|           5|
    |or_ln766_4_fu_9838_p2     |        or|   0|  0|   10|          10|           6|
    |or_ln766_5_fu_10458_p2    |        or|   0|  0|   10|          10|           6|
    |or_ln766_6_fu_11058_p2    |        or|   0|  0|   10|          10|           6|
    |or_ln766_7_fu_11678_p2    |        or|   0|  0|   10|          10|           6|
    |or_ln766_8_fu_12278_p2    |        or|   0|  0|   10|          10|           7|
    |or_ln766_9_fu_12898_p2    |        or|   0|  0|   10|          10|           7|
    |or_ln766_fu_7398_p2       |        or|   0|  0|   10|          10|           3|
    |or_ln769_31_fu_8076_p2    |        or|   0|  0|    9|           9|           9|
    |or_ln769_32_fu_8666_p2    |        or|   0|  0|    9|           9|           9|
    |or_ln769_33_fu_9296_p2    |        or|   0|  0|    9|           9|           9|
    |or_ln769_34_fu_9886_p2    |        or|   0|  0|    9|           9|           9|
    |or_ln769_35_fu_10516_p2   |        or|   0|  0|    9|           9|           9|
    |or_ln769_36_fu_11106_p2   |        or|   0|  0|    9|           9|           9|
    |or_ln769_37_fu_11736_p2   |        or|   0|  0|    9|           9|           9|
    |or_ln769_38_fu_12326_p2   |        or|   0|  0|    9|           9|           9|
    |or_ln769_39_fu_12956_p2   |        or|   0|  0|    9|           9|           9|
    |or_ln769_40_fu_13546_p2   |        or|   0|  0|    9|           9|           9|
    |or_ln769_41_fu_14176_p2   |        or|   0|  0|    9|           9|           9|
    |or_ln769_42_fu_14766_p2   |        or|   0|  0|    9|           9|           9|
    |or_ln769_43_fu_15396_p2   |        or|   0|  0|    9|           9|           9|
    |or_ln769_44_fu_15986_p2   |        or|   0|  0|    9|           9|           9|
    |or_ln769_45_fu_16616_p2   |        or|   0|  0|    9|           9|           9|
    |or_ln769_46_fu_17206_p2   |        or|   0|  0|    9|           9|           9|
    |or_ln769_47_fu_17836_p2   |        or|   0|  0|    9|           9|           9|
    |or_ln769_48_fu_18426_p2   |        or|   0|  0|    9|           9|           9|
    |or_ln769_49_fu_19056_p2   |        or|   0|  0|    9|           9|           9|
    |or_ln769_50_fu_19646_p2   |        or|   0|  0|    9|           9|           9|
    |or_ln769_51_fu_20276_p2   |        or|   0|  0|    9|           9|           9|
    |or_ln769_52_fu_20866_p2   |        or|   0|  0|    9|           9|           9|
    |or_ln769_53_fu_21496_p2   |        or|   0|  0|    9|           9|           9|
    |or_ln769_54_fu_22086_p2   |        or|   0|  0|    9|           9|           9|
    |or_ln769_55_fu_22716_p2   |        or|   0|  0|    9|           9|           9|
    |or_ln769_56_fu_23306_p2   |        or|   0|  0|    9|           9|           9|
    |or_ln769_57_fu_23936_p2   |        or|   0|  0|    9|           9|           9|
    |or_ln769_58_fu_24526_p2   |        or|   0|  0|    9|           9|           9|
    |or_ln769_59_fu_25156_p2   |        or|   0|  0|    9|           9|           9|
    |or_ln769_60_fu_25746_p2   |        or|   0|  0|    9|           9|           9|
    |or_ln769_61_fu_26376_p2   |        or|   0|  0|    9|           9|           9|
    |or_ln769_fu_7446_p2       |        or|   0|  0|    9|           9|           9|
    |or_ln771_10_fu_13605_p2   |        or|   0|  0|   10|          10|           7|
    |or_ln771_11_fu_14128_p2   |        or|   0|  0|   10|          10|           7|
    |or_ln771_12_fu_14825_p2   |        or|   0|  0|   10|          10|           7|
    |or_ln771_13_fu_15348_p2   |        or|   0|  0|   10|          10|           7|
    |or_ln771_14_fu_16045_p2   |        or|   0|  0|   10|          10|           7|
    |or_ln771_15_fu_16568_p2   |        or|   0|  0|   10|          10|           7|
    |or_ln771_16_fu_17265_p2   |        or|   0|  0|   10|          10|           8|
    |or_ln771_17_fu_17788_p2   |        or|   0|  0|   10|          10|           8|
    |or_ln771_18_fu_18485_p2   |        or|   0|  0|   10|          10|           8|
    |or_ln771_19_fu_19008_p2   |        or|   0|  0|   10|          10|           8|
    |or_ln771_1_fu_8028_p2     |        or|   0|  0|   10|          10|           4|
    |or_ln771_20_fu_19705_p2   |        or|   0|  0|   10|          10|           8|
    |or_ln771_21_fu_20228_p2   |        or|   0|  0|   10|          10|           8|
    |or_ln771_22_fu_20925_p2   |        or|   0|  0|   10|          10|           8|
    |or_ln771_23_fu_21448_p2   |        or|   0|  0|   10|          10|           8|
    |or_ln771_24_fu_22145_p2   |        or|   0|  0|   10|          10|           8|
    |or_ln771_25_fu_22668_p2   |        or|   0|  0|   10|          10|           8|
    |or_ln771_26_fu_23365_p2   |        or|   0|  0|   10|          10|           8|
    |or_ln771_27_fu_23888_p2   |        or|   0|  0|   10|          10|           8|
    |or_ln771_28_fu_24585_p2   |        or|   0|  0|   10|          10|           8|
    |or_ln771_29_fu_25108_p2   |        or|   0|  0|   10|          10|           8|
    |or_ln771_2_fu_8725_p2     |        or|   0|  0|   10|          10|           5|
    |or_ln771_30_fu_25805_p2   |        or|   0|  0|   10|          10|           8|
    |or_ln771_31_fu_26328_p2   |        or|   0|  0|   10|          10|           8|
    |or_ln771_3_fu_9248_p2     |        or|   0|  0|   10|          10|           5|
    |or_ln771_4_fu_9945_p2     |        or|   0|  0|   10|          10|           6|
    |or_ln771_5_fu_10468_p2    |        or|   0|  0|   10|          10|           6|
    |or_ln771_6_fu_11165_p2    |        or|   0|  0|   10|          10|           6|
    |or_ln771_7_fu_11688_p2    |        or|   0|  0|   10|          10|           6|
    |or_ln771_8_fu_12385_p2    |        or|   0|  0|   10|          10|           7|
    |or_ln771_9_fu_12908_p2    |        or|   0|  0|   10|          10|           7|
    |or_ln771_fu_7505_p2       |        or|   0|  0|   10|          10|           3|
    |ap_enable_pp0             |       xor|   0|  0|    2|           1|           2|
    +--------------------------+----------+----+---+-----+------------+------------+
    |Total                     |          |   0|  0|16965|       12011|        9764|
    +--------------------------+----------+----+---+-----+------------+------------+

    * Multiplexer: 
    +-------------------------+------+-----------+-----+-----------+
    |           Name          |  LUT | Input Size| Bits| Total Bits|
    +-------------------------+------+-----------+-----+-----------+
    |ap_NS_fsm                |  1109|        209|    1|        209|
    |ap_enable_reg_pp0_iter0  |     9|          2|    1|          2|
    |ap_enable_reg_pp0_iter1  |     9|          2|    1|          2|
    |r_address0               |   678|        129|   10|       1290|
    |r_address1               |   678|        129|   10|       1290|
    |r_d0                     |   678|        129|   32|       4128|
    |r_d1                     |   678|        129|   32|       4128|
    |reg_6898                 |     9|          2|    8|         16|
    |sk_address0              |  1109|        209|   12|       2508|
    |sk_address1              |  1109|        209|   12|       2508|
    +-------------------------+------+-----------+-----+-----------+
    |Total                    |  6066|       1149|  119|      16081|
    +-------------------------+------+-----------+-----+-----------+

    * Register: 
    +-----------------------------+-----+----+-----+-----------+
    |             Name            |  FF | LUT| Bits| Const Bits|
    +-----------------------------+-----+----+-----+-----------+
    |a_read_reg_26438             |   12|   0|   12|          0|
    |ap_CS_fsm                    |  208|   0|  208|          0|
    |ap_enable_reg_pp0_iter0_reg  |    1|   0|    1|          0|
    |ap_enable_reg_pp0_iter1      |    1|   0|    1|          0|
    |ap_port_reg_r_offset         |    2|   0|    2|          0|
    |reg_6898                     |    8|   0|    8|          0|
    |reg_6903                     |    6|   0|    6|          0|
    |reg_6907                     |    8|   0|    8|          0|
    |reg_6911                     |    5|   0|    5|          0|
    |reg_6915                     |    7|   0|    7|          0|
    |tmp_s_reg_26866              |    2|   0|   10|          8|
    +-----------------------------+-----+----+-----+-----------+
    |Total                        |  260|   0|  268|          8|
    +-----------------------------+-----+----+-----+-----------+



================================================================
== Interface
================================================================
* Summary: 
+-------------+-----+-----+------------+-------------------------------------------+--------------+
|  RTL Ports  | Dir | Bits|  Protocol  |               Source Object               |    C Type    |
+-------------+-----+-----+------------+-------------------------------------------+--------------+
|ap_clk       |   in|    1|  ap_ctrl_hs|  pqcrystals_dilithium2_ref_polyt0_unpack.1|  return value|
|ap_rst       |   in|    1|  ap_ctrl_hs|  pqcrystals_dilithium2_ref_polyt0_unpack.1|  return value|
|ap_start     |   in|    1|  ap_ctrl_hs|  pqcrystals_dilithium2_ref_polyt0_unpack.1|  return value|
|ap_done      |  out|    1|  ap_ctrl_hs|  pqcrystals_dilithium2_ref_polyt0_unpack.1|  return value|
|ap_idle      |  out|    1|  ap_ctrl_hs|  pqcrystals_dilithium2_ref_polyt0_unpack.1|  return value|
|ap_ready     |  out|    1|  ap_ctrl_hs|  pqcrystals_dilithium2_ref_polyt0_unpack.1|  return value|
|r_address0   |  out|   10|   ap_memory|                                          r|         array|
|r_ce0        |  out|    1|   ap_memory|                                          r|         array|
|r_we0        |  out|    1|   ap_memory|                                          r|         array|
|r_d0         |  out|   32|   ap_memory|                                          r|         array|
|r_address1   |  out|   10|   ap_memory|                                          r|         array|
|r_ce1        |  out|    1|   ap_memory|                                          r|         array|
|r_we1        |  out|    1|   ap_memory|                                          r|         array|
|r_d1         |  out|   32|   ap_memory|                                          r|         array|
|r_offset     |   in|    2|     ap_none|                                   r_offset|        scalar|
|sk_address0  |  out|   12|   ap_memory|                                         sk|         array|
|sk_ce0       |  out|    1|   ap_memory|                                         sk|         array|
|sk_q0        |   in|    8|   ap_memory|                                         sk|         array|
|sk_address1  |  out|   12|   ap_memory|                                         sk|         array|
|sk_ce1       |  out|    1|   ap_memory|                                         sk|         array|
|sk_q1        |   in|    8|   ap_memory|                                         sk|         array|
|a            |   in|   12|     ap_none|                                          a|        scalar|
+-------------+-----+-----+------------+-------------------------------------------+--------------+

