

================================================================
== Vitis HLS Report for 'pqcrystals_dilithium2_ref_signature_1'
================================================================
* Date:           Fri Mar 10 17:23:37 2023

* Version:        2022.2 (Build 3670227 on Oct 13 2022)
* Project:        crypto_sign
* Solution:       solution2 (Vivado IP Flow Target)
* Product family: artix7
* Target device:  xc7a200t-fbg676-2


================================================================
== Performance Estimates
================================================================
+ Timing: 
    * Summary: 
    +--------+----------+-----------+------------+
    |  Clock |  Target  | Estimated | Uncertainty|
    +--------+----------+-----------+------------+
    |ap_clk  |  50.00 ns|  31.144 ns|    13.50 ns|
    +--------+----------+-----------+------------+

+ Latency: 
    * Summary: 
    +---------+---------+----------+----------+-----+-----+---------+
    |  Latency (cycles) |  Latency (absolute) |  Interval | Pipeline|
    |   min   |   max   |    min   |    max   | min | max |   Type  |
    +---------+---------+----------+----------+-----+-----+---------+
    |        ?|        ?|         ?|         ?|    ?|    ?|       no|
    +---------+---------+----------+----------+-----+-----+---------+

    + Detail: 
        * Instance: 
        +---------------------------------------------------------------------------------------------------+--------------------------------------------------------------------------------------+---------+---------+-----------+-----------+------+------+---------+
        |                                                                                                   |                                                                                      |  Latency (cycles) |   Latency (absolute)  |   Interval  | Pipeline|
        |                                              Instance                                             |                                        Module                                        |   min   |   max   |    min    |    max    |  min |  max |   Type  |
        +---------------------------------------------------------------------------------------------------+--------------------------------------------------------------------------------------+---------+---------+-----------+-----------+------+------+---------+
        |grp_pqcrystals_dilithium2_ref_signature_1_Pipeline_VITIS_LOOP_122_1_fu_17167                       |pqcrystals_dilithium2_ref_signature_1_Pipeline_VITIS_LOOP_122_1                       |       34|       34|   1.700 us|   1.700 us|    34|    34|       no|
        |grp_pqcrystals_dilithium2_ref_signature_1_Pipeline_VITIS_LOOP_362_1_fu_17175                       |pqcrystals_dilithium2_ref_signature_1_Pipeline_VITIS_LOOP_362_1                       |       27|       27|   1.350 us|   1.350 us|    27|    27|       no|
        |grp_pqcrystals_dilithium2_ref_signature_1_Pipeline_VITIS_LOOP_362_18_fu_17181                      |pqcrystals_dilithium2_ref_signature_1_Pipeline_VITIS_LOOP_362_18                      |       27|       27|   1.350 us|   1.350 us|    27|    27|       no|
        |grp_pqcrystals_dilithium2_ref_signature_1_Pipeline_VITIS_LOOP_126_2_fu_17187                       |pqcrystals_dilithium2_ref_signature_1_Pipeline_VITIS_LOOP_126_2                       |       34|       34|   1.700 us|   1.700 us|    34|    34|       no|
        |grp_pqcrystals_dilithium2_ref_signature_1_Pipeline_VITIS_LOOP_130_3_fu_17194                       |pqcrystals_dilithium2_ref_signature_1_Pipeline_VITIS_LOOP_130_3                       |       50|       50|   2.500 us|   2.500 us|    50|    50|       no|
        |grp_pqcrystals_dilithium2_ref_signature_1_Pipeline_VITIS_LOOP_134_4_fu_17201                       |pqcrystals_dilithium2_ref_signature_1_Pipeline_VITIS_LOOP_134_4                       |      515|      515|  25.750 us|  25.750 us|   515|   515|       no|
        |grp_keccak_absorb_19_fu_17208                                                                      |keccak_absorb_19                                                                      |       26|       26|   1.300 us|   1.300 us|    26|    26|       no|
        |grp_pqcrystals_dilithium2_ref_signature_1_Pipeline_VITIS_LOOP_138_5_fu_17217                       |pqcrystals_dilithium2_ref_signature_1_Pipeline_VITIS_LOOP_138_5                       |      515|      515|  25.750 us|  25.750 us|   515|   515|       no|
        |grp_keccak_absorb_1_fu_17224                                                                       |keccak_absorb_1                                                                       |        ?|        ?|          ?|          ?|     ?|     ?|       no|
        |grp_pqcrystals_dilithium2_ref_signature_1_Pipeline_VITIS_LOOP_142_6_fu_17241                       |pqcrystals_dilithium2_ref_signature_1_Pipeline_VITIS_LOOP_142_6                       |      835|      835|  41.750 us|  41.750 us|   835|   835|       no|
        |grp_KeccakF1600_StatePermute_fu_17248                                                              |KeccakF1600_StatePermute                                                              |       50|       50|   2.500 us|   2.500 us|    50|    50|       no|
        |grp_pqcrystals_dilithium2_ref_signature_1_Pipeline_VITIS_LOOP_540_5_fu_17255                       |pqcrystals_dilithium2_ref_signature_1_Pipeline_VITIS_LOOP_540_5                       |       26|       26|   1.300 us|   1.300 us|    26|    26|       no|
        |grp_pqcrystals_dilithium2_ref_signature_1_Pipeline_VITIS_LOOP_416_5_fu_17261                       |pqcrystals_dilithium2_ref_signature_1_Pipeline_VITIS_LOOP_416_5                       |       42|       42|   2.100 us|   2.100 us|    42|    42|       no|
        |grp_KeccakF1600_StatePermute_1_fu_17267                                                            |KeccakF1600_StatePermute_1                                                            |       50|       50|   2.500 us|   2.500 us|    50|    50|       no|
        |grp_pqcrystals_dilithium2_ref_signature_1_Pipeline_VITIS_LOOP_540_59_fu_17274                      |pqcrystals_dilithium2_ref_signature_1_Pipeline_VITIS_LOOP_540_59                      |       26|       26|   1.300 us|   1.300 us|    26|    26|       no|
        |grp_pqcrystals_dilithium2_ref_poly_uniform_fu_17280                                                |pqcrystals_dilithium2_ref_poly_uniform                                                |        ?|        ?|          ?|          ?|     ?|     ?|       no|
        |grp_pqcrystals_dilithium2_ref_signature_1_Pipeline_VITIS_LOOP_57_3_fu_17291                        |pqcrystals_dilithium2_ref_signature_1_Pipeline_VITIS_LOOP_57_3                        |        ?|        ?|          ?|          ?|     ?|     ?|       no|
        |grp_pqcrystals_dilithium2_ref_signature_1_Pipeline_VITIS_LOOP_57_310_fu_17302                      |pqcrystals_dilithium2_ref_signature_1_Pipeline_VITIS_LOOP_57_310                      |        ?|        ?|          ?|          ?|     ?|     ?|       no|
        |grp_pqcrystals_dilithium2_ref_signature_1_Pipeline_VITIS_LOOP_57_311_fu_17313                      |pqcrystals_dilithium2_ref_signature_1_Pipeline_VITIS_LOOP_57_311                      |        ?|        ?|          ?|          ?|     ?|     ?|       no|
        |grp_pqcrystals_dilithium2_ref_poly_uniform_gamma1_fu_17324                                         |pqcrystals_dilithium2_ref_poly_uniform_gamma1                                         |        ?|        ?|          ?|          ?|     ?|     ?|       no|
        |grp_pqcrystals_dilithium2_ref_signature_1_Pipeline_VITIS_LOOP_57_312_fu_17334                      |pqcrystals_dilithium2_ref_signature_1_Pipeline_VITIS_LOOP_57_312                      |        ?|        ?|          ?|          ?|     ?|     ?|       no|
        |grp_pqcrystals_dilithium2_ref_signature_1_Pipeline_VITIS_LOOP_180_1_fu_17345                       |pqcrystals_dilithium2_ref_signature_1_Pipeline_VITIS_LOOP_180_1                       |      258|      258|  12.900 us|  12.900 us|   258|   258|       no|
        |grp_pqcrystals_dilithium2_ref_signature_1_Pipeline_VITIS_LOOP_187_1_VITIS_LOOP_32_1_fu_17354       |pqcrystals_dilithium2_ref_signature_1_Pipeline_VITIS_LOOP_187_1_VITIS_LOOP_32_1       |     1029|     1029|  51.450 us|  51.450 us|  1029|  1029|       no|
        |grp_pqcrystals_dilithium2_ref_signature_1_Pipeline_VITIS_LOOP_362_114_fu_17359                     |pqcrystals_dilithium2_ref_signature_1_Pipeline_VITIS_LOOP_362_114                     |       27|       27|   1.350 us|   1.350 us|    27|    27|       no|
        |grp_pqcrystals_dilithium2_ref_signature_1_Pipeline_VITIS_LOOP_180_113_fu_17364                     |pqcrystals_dilithium2_ref_signature_1_Pipeline_VITIS_LOOP_180_113                     |      258|      258|  12.900 us|  12.900 us|   258|   258|       no|
        |grp_pqcrystals_dilithium2_ref_signature_1_Pipeline_VITIS_LOOP_87_1_fu_17373                        |pqcrystals_dilithium2_ref_signature_1_Pipeline_VITIS_LOOP_87_1                        |      258|      258|  12.900 us|  12.900 us|   258|   258|       no|
        |grp_pqcrystals_dilithium2_ref_polyveck_invntt_tomont_fu_17380                                      |pqcrystals_dilithium2_ref_polyveck_invntt_tomont                                      |        ?|        ?|          ?|          ?|     ?|     ?|       no|
        |grp_pqcrystals_dilithium2_ref_signature_1_Pipeline_VITIS_LOOP_202_1_VITIS_LOOP_50_1_fu_17387       |pqcrystals_dilithium2_ref_signature_1_Pipeline_VITIS_LOOP_202_1_VITIS_LOOP_50_1       |     1026|     1026|  51.300 us|  51.300 us|  1026|  1026|       no|
        |grp_pqcrystals_dilithium2_ref_signature_1_Pipeline_VITIS_LOOP_371_1_VITIS_LOOP_225_1_fu_17392      |pqcrystals_dilithium2_ref_signature_1_Pipeline_VITIS_LOOP_371_1_VITIS_LOOP_225_1      |     1032|     1032|  51.600 us|  51.600 us|  1032|  1032|       no|
        |grp_pqcrystals_dilithium2_ref_signature_1_Pipeline_VITIS_LOOP_418_1_VITIS_LOOP_915_1_fu_17398      |pqcrystals_dilithium2_ref_signature_1_Pipeline_VITIS_LOOP_418_1_VITIS_LOOP_915_1      |      515|      515|  25.750 us|  25.750 us|   515|   515|       no|
        |grp_keccak_squeeze_1_fu_17405                                                                      |keccak_squeeze_1                                                                      |       72|       72|   3.600 us|   3.600 us|    72|    72|       no|
        |grp_pqcrystals_dilithium2_ref_poly_challenge_1_fu_17414                                            |pqcrystals_dilithium2_ref_poly_challenge_1                                            |        ?|        ?|          ?|          ?|     ?|     ?|       no|
        |grp_pqcrystals_dilithium2_ref_signature_1_Pipeline_VITIS_LOOP_114_1_VITIS_LOOP_180_1_fu_17423      |pqcrystals_dilithium2_ref_signature_1_Pipeline_VITIS_LOOP_114_1_VITIS_LOOP_180_1      |     1026|     1026|  51.300 us|  51.300 us|  1026|  1026|       no|
        |grp_pqcrystals_dilithium2_ref_signature_1_Pipeline_VITIS_LOOP_57_315_fu_17430                      |pqcrystals_dilithium2_ref_signature_1_Pipeline_VITIS_LOOP_57_315                      |        ?|        ?|          ?|          ?|     ?|     ?|       no|
        |grp_pqcrystals_dilithium2_ref_signature_1_Pipeline_VITIS_LOOP_85_1_VITIS_LOOP_87_1_fu_17441        |pqcrystals_dilithium2_ref_signature_1_Pipeline_VITIS_LOOP_85_1_VITIS_LOOP_87_1        |     1026|     1026|  51.300 us|  51.300 us|  1026|  1026|       no|
        |grp_pqcrystals_dilithium2_ref_signature_1_Pipeline_VITIS_LOOP_95_4_fu_17447                        |pqcrystals_dilithium2_ref_signature_1_Pipeline_VITIS_LOOP_95_4                        |      258|      258|  12.900 us|  12.900 us|   258|   258|       no|
        |grp_pqcrystals_dilithium2_ref_signature_1_Pipeline_VITIS_LOOP_86_3_fu_17453                        |pqcrystals_dilithium2_ref_signature_1_Pipeline_VITIS_LOOP_86_3                        |        ?|        ?|          ?|          ?|     ?|     ?|       no|
        |grp_pqcrystals_dilithium2_ref_signature_1_Pipeline_VITIS_LOOP_53_1_VITIS_LOOP_32_1_fu_17463        |pqcrystals_dilithium2_ref_signature_1_Pipeline_VITIS_LOOP_53_1_VITIS_LOOP_32_1        |     1029|     1029|  51.450 us|  51.450 us|  1029|  1029|       no|
        |grp_pqcrystals_dilithium2_ref_signature_1_Pipeline_VITIS_LOOP_158_1_VITIS_LOOP_298_1_fu_17468      |pqcrystals_dilithium2_ref_signature_1_Pipeline_VITIS_LOOP_158_1_VITIS_LOOP_298_1      |        5|     2051|   0.250 us|   0.103 ms|     5|  2051|       no|
        |grp_pqcrystals_dilithium2_ref_signature_1_Pipeline_VITIS_LOOP_305_1_VITIS_LOOP_180_1_1_1_fu_17473  |pqcrystals_dilithium2_ref_signature_1_Pipeline_VITIS_LOOP_305_1_VITIS_LOOP_180_1_1_1  |     1026|     1026|  51.300 us|  51.300 us|  1026|  1026|       no|
        |grp_pqcrystals_dilithium2_ref_signature_1_Pipeline_VITIS_LOOP_252_1_VITIS_LOOP_108_1_fu_17480      |pqcrystals_dilithium2_ref_signature_1_Pipeline_VITIS_LOOP_252_1_VITIS_LOOP_108_1      |     1026|     1026|  51.300 us|  51.300 us|  1026|  1026|       no|
        |grp_pqcrystals_dilithium2_ref_signature_1_Pipeline_VITIS_LOOP_187_1_VITIS_LOOP_32_11_1_fu_17486    |pqcrystals_dilithium2_ref_signature_1_Pipeline_VITIS_LOOP_187_1_VITIS_LOOP_32_11_1    |     1029|     1029|  51.450 us|  51.450 us|  1029|  1029|       no|
        |grp_pqcrystals_dilithium2_ref_signature_1_Pipeline_VITIS_LOOP_325_1_VITIS_LOOP_298_1_1_1_fu_17491  |pqcrystals_dilithium2_ref_signature_1_Pipeline_VITIS_LOOP_325_1_VITIS_LOOP_298_1_1_1  |        5|     2051|   0.250 us|   0.103 ms|     5|  2051|       no|
        |grp_pqcrystals_dilithium2_ref_signature_1_Pipeline_VITIS_LOOP_305_1_VITIS_LOOP_180_1_1_fu_17496    |pqcrystals_dilithium2_ref_signature_1_Pipeline_VITIS_LOOP_305_1_VITIS_LOOP_180_1_1    |     1026|     1026|  51.300 us|  51.300 us|  1026|  1026|       no|
        |grp_pqcrystals_dilithium2_ref_signature_1_Pipeline_VITIS_LOOP_187_1_VITIS_LOOP_32_11_fu_17503      |pqcrystals_dilithium2_ref_signature_1_Pipeline_VITIS_LOOP_187_1_VITIS_LOOP_32_11      |     1029|     1029|  51.450 us|  51.450 us|  1029|  1029|       no|
        |grp_pqcrystals_dilithium2_ref_signature_1_Pipeline_VITIS_LOOP_325_1_VITIS_LOOP_298_1_1_fu_17508    |pqcrystals_dilithium2_ref_signature_1_Pipeline_VITIS_LOOP_325_1_VITIS_LOOP_298_1_1    |        5|     2051|   0.250 us|   0.103 ms|     5|  2051|       no|
        |grp_pqcrystals_dilithium2_ref_signature_1_Pipeline_VITIS_LOOP_234_1_VITIS_LOOP_87_1_fu_17513       |pqcrystals_dilithium2_ref_signature_1_Pipeline_VITIS_LOOP_234_1_VITIS_LOOP_87_1       |     1026|     1026|  51.300 us|  51.300 us|  1026|  1026|       no|
        |grp_pqcrystals_dilithium2_ref_signature_1_Pipeline_VITIS_LOOP_202_1_VITIS_LOOP_50_12_fu_17519      |pqcrystals_dilithium2_ref_signature_1_Pipeline_VITIS_LOOP_202_1_VITIS_LOOP_50_12      |     1026|     1026|  51.300 us|  51.300 us|  1026|  1026|       no|
        |grp_pqcrystals_dilithium2_ref_signature_1_Pipeline_VITIS_LOOP_392_1_VITIS_LOOP_248_1_fu_17524      |pqcrystals_dilithium2_ref_signature_1_Pipeline_VITIS_LOOP_392_1_VITIS_LOOP_248_1      |     1027|     1027|  51.350 us|  51.350 us|  1027|  1027|       no|
        |grp_pqcrystals_dilithium2_ref_pack_sig_1_fu_17532                                                  |pqcrystals_dilithium2_ref_pack_sig_1                                                  |     4448|     4448|   0.222 ms|   0.222 ms|  4448|  4448|       no|
        +---------------------------------------------------------------------------------------------------+--------------------------------------------------------------------------------------+---------+---------+-----------+-----------+------+------+---------+

        * Loop: 
        +-------------------------------------+---------+---------+----------+-----------+-----------+------+----------+
        |                                     |  Latency (cycles) | Iteration|  Initiation Interval  | Trip |          |
        |              Loop Name              |   min   |   max   |  Latency |  achieved |   target  | Count| Pipelined|
        +-------------------------------------+---------+---------+----------+-----------+-----------+------+----------+
        |- VITIS_LOOP_20_1                    |        ?|        ?|         ?|          -|          -|     4|        no|
        | + VITIS_LOOP_21_2                   |        ?|        ?|         ?|          -|          -|     4|        no|
        |- VITIS_LOOP_100_1_VITIS_LOOP_54_1   |        ?|        ?|         ?|          -|          -|    32|        no|
        | + VITIS_LOOP_55_2                   |        ?|        ?|         ?|          -|          -|     ?|        no|
        |- VITIS_LOOP_282_1_VITIS_LOOP_54_1   |        ?|        ?|         ?|          -|          -|    32|        no|
        | + VITIS_LOOP_55_2                   |        ?|        ?|         ?|          -|          -|     ?|        no|
        |- VITIS_LOOP_282_1_VITIS_LOOP_54_1   |        ?|        ?|         ?|          -|          -|    32|        no|
        | + VITIS_LOOP_55_2                   |        ?|        ?|         ?|          -|          -|     ?|        no|
        |- Loop 5                             |        ?|        ?|         ?|          -|          -|     ?|        no|
        | + VITIS_LOOP_46_1                   |        ?|        ?|         ?|          -|          -|     4|        no|
        | + VITIS_LOOP_100_1_VITIS_LOOP_54_1  |        ?|        ?|         ?|          -|          -|    32|        no|
        |  ++ VITIS_LOOP_55_2                 |        ?|        ?|         ?|          -|          -|     ?|        no|
        | + VITIS_LOOP_28_1                   |     7284|     7284|      1821|          -|          -|     4|        no|
        |  ++ VITIS_LOOP_137_1                |     1560|     1560|       520|          -|          -|     3|        no|
        | + VITIS_LOOP_54_1                   |        ?|        ?|         ?|          -|          -|     8|        no|
        |  ++ VITIS_LOOP_55_2                 |        ?|        ?|         ?|          -|          -|     ?|        no|
        | + VITIS_LOOP_107_1                  |        ?|        ?|         ?|          -|          -|     4|        no|
        |  ++ VITIS_LOOP_83_1                 |        ?|        ?|         ?|          -|          -|     8|        no|
        |   +++ VITIS_LOOP_84_2               |        ?|        ?|         ?|          -|          -|     ?|        no|
        +-------------------------------------+---------+---------+----------+-----------+-----------+------+----------+



================================================================
== Utilization Estimates
================================================================
* Summary: 
+-----------------+---------+-----+--------+--------+-----+
|       Name      | BRAM_18K| DSP |   FF   |   LUT  | URAM|
+-----------------+---------+-----+--------+--------+-----+
|DSP              |        -|    -|       -|       -|    -|
|Expression       |        -|    -|       0|    2276|    -|
|FIFO             |        -|    -|       -|       -|    -|
|Instance         |       33|  107|   29388|  249430|    0|
|Memory           |       37|    -|       0|       0|    0|
|Multiplexer      |        -|    -|       -|   21435|    -|
|Register         |        -|    -|    2301|       -|    -|
+-----------------+---------+-----+--------+--------+-----+
|Total            |       70|  107|   31689|  273141|    0|
+-----------------+---------+-----+--------+--------+-----+
|Available        |      730|  740|  269200|  134600|    0|
+-----------------+---------+-----+--------+--------+-----+
|Utilization (%)  |        9|   14|      11|     202|    0|
+-----------------+---------+-----+--------+--------+-----+

+ Detail: 
    * Instance: 
    +---------------------------------------------------------------------------------------------------+--------------------------------------------------------------------------------------+---------+----+------+-------+-----+
    |                                              Instance                                             |                                        Module                                        | BRAM_18K| DSP|  FF  |  LUT  | URAM|
    +---------------------------------------------------------------------------------------------------+--------------------------------------------------------------------------------------+---------+----+------+-------+-----+
    |grp_KeccakF1600_StatePermute_fu_17248                                                              |KeccakF1600_StatePermute                                                              |        2|   0|  1633|  16902|    0|
    |grp_KeccakF1600_StatePermute_1_fu_17267                                                            |KeccakF1600_StatePermute_1                                                            |        0|   0|  1633|  16902|    0|
    |grp_keccak_absorb_1_fu_17224                                                                       |keccak_absorb_1                                                                       |        2|   0|  3444|  21007|    0|
    |grp_keccak_absorb_19_fu_17208                                                                      |keccak_absorb_19                                                                      |        0|   0|   136|    364|    0|
    |grp_keccak_squeeze_1_fu_17405                                                                      |keccak_squeeze_1                                                                      |        2|   0|  1696|  17136|    0|
    |grp_pqcrystals_dilithium2_ref_pack_sig_1_fu_17532                                                  |pqcrystals_dilithium2_ref_pack_sig_1                                                  |        0|   0|   245|   1265|    0|
    |grp_pqcrystals_dilithium2_ref_poly_challenge_1_fu_17414                                            |pqcrystals_dilithium2_ref_poly_challenge_1                                            |        9|   0|  5479|  39713|    0|
    |grp_pqcrystals_dilithium2_ref_poly_uniform_fu_17280                                                |pqcrystals_dilithium2_ref_poly_uniform                                                |        9|   0|  5266|  39069|    0|
    |grp_pqcrystals_dilithium2_ref_poly_uniform_gamma1_fu_17324                                         |pqcrystals_dilithium2_ref_poly_uniform_gamma1                                         |        9|   0|  4577|  38311|    0|
    |grp_pqcrystals_dilithium2_ref_polyveck_invntt_tomont_fu_17380                                      |pqcrystals_dilithium2_ref_polyveck_invntt_tomont                                      |        0|  14|   420|    961|    0|
    |grp_pqcrystals_dilithium2_ref_signature_1_Pipeline_VITIS_LOOP_114_1_VITIS_LOOP_180_1_fu_17423      |pqcrystals_dilithium2_ref_signature_1_Pipeline_VITIS_LOOP_114_1_VITIS_LOOP_180_1      |        0|   8|    36|    305|    0|
    |grp_pqcrystals_dilithium2_ref_signature_1_Pipeline_VITIS_LOOP_122_1_fu_17167                       |pqcrystals_dilithium2_ref_signature_1_Pipeline_VITIS_LOOP_122_1                       |        0|   0|    15|     62|    0|
    |grp_pqcrystals_dilithium2_ref_signature_1_Pipeline_VITIS_LOOP_126_2_fu_17187                       |pqcrystals_dilithium2_ref_signature_1_Pipeline_VITIS_LOOP_126_2                       |        0|   0|    15|     83|    0|
    |grp_pqcrystals_dilithium2_ref_signature_1_Pipeline_VITIS_LOOP_130_3_fu_17194                       |pqcrystals_dilithium2_ref_signature_1_Pipeline_VITIS_LOOP_130_3                       |        0|   0|    15|     76|    0|
    |grp_pqcrystals_dilithium2_ref_signature_1_Pipeline_VITIS_LOOP_134_4_fu_17201                       |pqcrystals_dilithium2_ref_signature_1_Pipeline_VITIS_LOOP_134_4                       |        0|   0|   843|  12101|    0|
    |grp_pqcrystals_dilithium2_ref_signature_1_Pipeline_VITIS_LOOP_138_5_fu_17217                       |pqcrystals_dilithium2_ref_signature_1_Pipeline_VITIS_LOOP_138_5                       |        0|   0|   843|  12103|    0|
    |grp_pqcrystals_dilithium2_ref_signature_1_Pipeline_VITIS_LOOP_142_6_fu_17241                       |pqcrystals_dilithium2_ref_signature_1_Pipeline_VITIS_LOOP_142_6                       |        0|   0|   500|  24271|    0|
    |grp_pqcrystals_dilithium2_ref_signature_1_Pipeline_VITIS_LOOP_158_1_VITIS_LOOP_298_1_fu_17468      |pqcrystals_dilithium2_ref_signature_1_Pipeline_VITIS_LOOP_158_1_VITIS_LOOP_298_1      |        0|   0|    52|    282|    0|
    |grp_pqcrystals_dilithium2_ref_signature_1_Pipeline_VITIS_LOOP_180_1_fu_17345                       |pqcrystals_dilithium2_ref_signature_1_Pipeline_VITIS_LOOP_180_1                       |        0|   7|    22|    208|    0|
    |grp_pqcrystals_dilithium2_ref_signature_1_Pipeline_VITIS_LOOP_180_113_fu_17364                     |pqcrystals_dilithium2_ref_signature_1_Pipeline_VITIS_LOOP_180_113                     |        0|   7|    21|    227|    0|
    |grp_pqcrystals_dilithium2_ref_signature_1_Pipeline_VITIS_LOOP_187_1_VITIS_LOOP_32_1_fu_17354       |pqcrystals_dilithium2_ref_signature_1_Pipeline_VITIS_LOOP_187_1_VITIS_LOOP_32_1       |        0|   1|   170|    242|    0|
    |grp_pqcrystals_dilithium2_ref_signature_1_Pipeline_VITIS_LOOP_187_1_VITIS_LOOP_32_11_fu_17503      |pqcrystals_dilithium2_ref_signature_1_Pipeline_VITIS_LOOP_187_1_VITIS_LOOP_32_11      |        0|   1|   170|    242|    0|
    |grp_pqcrystals_dilithium2_ref_signature_1_Pipeline_VITIS_LOOP_187_1_VITIS_LOOP_32_11_1_fu_17486    |pqcrystals_dilithium2_ref_signature_1_Pipeline_VITIS_LOOP_187_1_VITIS_LOOP_32_11_1    |        0|   1|   170|    242|    0|
    |grp_pqcrystals_dilithium2_ref_signature_1_Pipeline_VITIS_LOOP_202_1_VITIS_LOOP_50_1_fu_17387       |pqcrystals_dilithium2_ref_signature_1_Pipeline_VITIS_LOOP_202_1_VITIS_LOOP_50_1       |        0|   0|    36|    233|    0|
    |grp_pqcrystals_dilithium2_ref_signature_1_Pipeline_VITIS_LOOP_202_1_VITIS_LOOP_50_12_fu_17519      |pqcrystals_dilithium2_ref_signature_1_Pipeline_VITIS_LOOP_202_1_VITIS_LOOP_50_12      |        0|   0|    36|    233|    0|
    |grp_pqcrystals_dilithium2_ref_signature_1_Pipeline_VITIS_LOOP_234_1_VITIS_LOOP_87_1_fu_17513       |pqcrystals_dilithium2_ref_signature_1_Pipeline_VITIS_LOOP_234_1_VITIS_LOOP_87_1       |        0|   0|    36|    210|    0|
    |grp_pqcrystals_dilithium2_ref_signature_1_Pipeline_VITIS_LOOP_252_1_VITIS_LOOP_108_1_fu_17480      |pqcrystals_dilithium2_ref_signature_1_Pipeline_VITIS_LOOP_252_1_VITIS_LOOP_108_1      |        0|   0|    36|    210|    0|
    |grp_pqcrystals_dilithium2_ref_signature_1_Pipeline_VITIS_LOOP_305_1_VITIS_LOOP_180_1_1_fu_17496    |pqcrystals_dilithium2_ref_signature_1_Pipeline_VITIS_LOOP_305_1_VITIS_LOOP_180_1_1    |        0|   8|    36|    305|    0|
    |grp_pqcrystals_dilithium2_ref_signature_1_Pipeline_VITIS_LOOP_305_1_VITIS_LOOP_180_1_1_1_fu_17473  |pqcrystals_dilithium2_ref_signature_1_Pipeline_VITIS_LOOP_305_1_VITIS_LOOP_180_1_1_1  |        0|   8|    36|    305|    0|
    |grp_pqcrystals_dilithium2_ref_signature_1_Pipeline_VITIS_LOOP_325_1_VITIS_LOOP_298_1_1_fu_17508    |pqcrystals_dilithium2_ref_signature_1_Pipeline_VITIS_LOOP_325_1_VITIS_LOOP_298_1_1    |        0|   0|    52|    282|    0|
    |grp_pqcrystals_dilithium2_ref_signature_1_Pipeline_VITIS_LOOP_325_1_VITIS_LOOP_298_1_1_1_fu_17491  |pqcrystals_dilithium2_ref_signature_1_Pipeline_VITIS_LOOP_325_1_VITIS_LOOP_298_1_1_1  |        0|   0|    52|    282|    0|
    |grp_pqcrystals_dilithium2_ref_signature_1_Pipeline_VITIS_LOOP_362_1_fu_17175                       |pqcrystals_dilithium2_ref_signature_1_Pipeline_VITIS_LOOP_362_1                       |        0|   0|     7|     49|    0|
    |grp_pqcrystals_dilithium2_ref_signature_1_Pipeline_VITIS_LOOP_362_114_fu_17359                     |pqcrystals_dilithium2_ref_signature_1_Pipeline_VITIS_LOOP_362_114                     |        0|   0|     7|     49|    0|
    |grp_pqcrystals_dilithium2_ref_signature_1_Pipeline_VITIS_LOOP_362_18_fu_17181                      |pqcrystals_dilithium2_ref_signature_1_Pipeline_VITIS_LOOP_362_18                      |        0|   0|     7|     49|    0|
    |grp_pqcrystals_dilithium2_ref_signature_1_Pipeline_VITIS_LOOP_371_1_VITIS_LOOP_225_1_fu_17392      |pqcrystals_dilithium2_ref_signature_1_Pipeline_VITIS_LOOP_371_1_VITIS_LOOP_225_1      |        0|   2|   282|    435|    0|
    |grp_pqcrystals_dilithium2_ref_signature_1_Pipeline_VITIS_LOOP_392_1_VITIS_LOOP_248_1_fu_17524      |pqcrystals_dilithium2_ref_signature_1_Pipeline_VITIS_LOOP_392_1_VITIS_LOOP_248_1      |        0|   0|    59|    323|    0|
    |grp_pqcrystals_dilithium2_ref_signature_1_Pipeline_VITIS_LOOP_416_5_fu_17261                       |pqcrystals_dilithium2_ref_signature_1_Pipeline_VITIS_LOOP_416_5                       |        0|   0|   132|    374|    0|
    |grp_pqcrystals_dilithium2_ref_signature_1_Pipeline_VITIS_LOOP_418_1_VITIS_LOOP_915_1_fu_17398      |pqcrystals_dilithium2_ref_signature_1_Pipeline_VITIS_LOOP_418_1_VITIS_LOOP_915_1      |        0|   0|    67|    410|    0|
    |grp_pqcrystals_dilithium2_ref_signature_1_Pipeline_VITIS_LOOP_53_1_VITIS_LOOP_32_1_fu_17463        |pqcrystals_dilithium2_ref_signature_1_Pipeline_VITIS_LOOP_53_1_VITIS_LOOP_32_1        |        0|   1|   170|    242|    0|
    |grp_pqcrystals_dilithium2_ref_signature_1_Pipeline_VITIS_LOOP_540_5_fu_17255                       |pqcrystals_dilithium2_ref_signature_1_Pipeline_VITIS_LOOP_540_5                       |        0|   0|    65|    342|    0|
    |grp_pqcrystals_dilithium2_ref_signature_1_Pipeline_VITIS_LOOP_540_59_fu_17274                      |pqcrystals_dilithium2_ref_signature_1_Pipeline_VITIS_LOOP_540_59                      |        0|   0|    65|    342|    0|
    |grp_pqcrystals_dilithium2_ref_signature_1_Pipeline_VITIS_LOOP_57_3_fu_17291                        |pqcrystals_dilithium2_ref_signature_1_Pipeline_VITIS_LOOP_57_3                        |        0|   7|   122|    361|    0|
    |grp_pqcrystals_dilithium2_ref_signature_1_Pipeline_VITIS_LOOP_57_310_fu_17302                      |pqcrystals_dilithium2_ref_signature_1_Pipeline_VITIS_LOOP_57_310                      |        0|   7|   122|    361|    0|
    |grp_pqcrystals_dilithium2_ref_signature_1_Pipeline_VITIS_LOOP_57_311_fu_17313                      |pqcrystals_dilithium2_ref_signature_1_Pipeline_VITIS_LOOP_57_311                      |        0|   7|   122|    361|    0|
    |grp_pqcrystals_dilithium2_ref_signature_1_Pipeline_VITIS_LOOP_57_312_fu_17334                      |pqcrystals_dilithium2_ref_signature_1_Pipeline_VITIS_LOOP_57_312                      |        0|   7|   122|    361|    0|
    |grp_pqcrystals_dilithium2_ref_signature_1_Pipeline_VITIS_LOOP_57_315_fu_17430                      |pqcrystals_dilithium2_ref_signature_1_Pipeline_VITIS_LOOP_57_315                      |        0|   7|   116|    337|    0|
    |grp_pqcrystals_dilithium2_ref_signature_1_Pipeline_VITIS_LOOP_85_1_VITIS_LOOP_87_1_fu_17441        |pqcrystals_dilithium2_ref_signature_1_Pipeline_VITIS_LOOP_85_1_VITIS_LOOP_87_1        |        0|   0|    36|    210|    0|
    |grp_pqcrystals_dilithium2_ref_signature_1_Pipeline_VITIS_LOOP_86_3_fu_17453                        |pqcrystals_dilithium2_ref_signature_1_Pipeline_VITIS_LOOP_86_3                        |        0|   7|   122|    361|    0|
    |grp_pqcrystals_dilithium2_ref_signature_1_Pipeline_VITIS_LOOP_87_1_fu_17373                        |pqcrystals_dilithium2_ref_signature_1_Pipeline_VITIS_LOOP_87_1                        |        0|   0|    22|    121|    0|
    |grp_pqcrystals_dilithium2_ref_signature_1_Pipeline_VITIS_LOOP_95_4_fu_17447                        |pqcrystals_dilithium2_ref_signature_1_Pipeline_VITIS_LOOP_95_4                        |        0|   7|    22|    208|    0|
    +---------------------------------------------------------------------------------------------------+--------------------------------------------------------------------------------------+---------+----+------+-------+-----+
    |Total                                                                                              |                                                                                      |       33| 107| 29388| 249430|    0|
    +---------------------------------------------------------------------------------------------------+--------------------------------------------------------------------------------------+---------+----+------+-------+-----+

    * DSP: 
    N/A

    * Memory: 
    +--------------------------+-------------------------------------------------------------------+---------+---+----+-----+------+-----+------+-------------+
    |          Memory          |                               Module                              | BRAM_18K| FF| LUT| URAM| Words| Bits| Banks| W*Bits*Banks|
    +--------------------------+-------------------------------------------------------------------+---------+---+----+-----+------+-----+------+-------------+
    |KeccakF_RoundConstants_U  |KeccakF1600_StatePermute_KeccakF_RoundConstants_ROM_AUTO_1R        |        2|  0|   0|    0|    24|   64|     1|         1536|
    |state_s_0_U               |pqcrystals_dilithium2_ref_poly_uniform_state_s_RAM_AUTO_1R1W       |        4|  0|   0|    0|    25|   64|     1|         1600|
    |state_s_U                 |pqcrystals_dilithium2_ref_poly_uniform_state_s_RAM_AUTO_1R1W       |        4|  0|   0|    0|    25|   64|     1|         1600|
    |cp_coeffs_U               |pqcrystals_dilithium2_ref_signature_1_cp_coeffs_RAM_AUTO_1R1W      |        2|  0|   0|    0|   256|   32|     1|         8192|
    |mat_U                     |pqcrystals_dilithium2_ref_signature_1_mat_RAM_AUTO_1R1W            |        6|  0|   0|    0|  4096|   23|     1|        94208|
    |s1_vec_coeffs_U           |pqcrystals_dilithium2_ref_signature_1_s1_vec_coeffs_RAM_AUTO_1R1W  |        2|  0|   0|    0|  1024|   32|     1|        32768|
    |z_vec_coeffs_U            |pqcrystals_dilithium2_ref_signature_1_s1_vec_coeffs_RAM_AUTO_1R1W  |        2|  0|   0|    0|  1024|   32|     1|        32768|
    |t0_vec_coeffs_U           |pqcrystals_dilithium2_ref_signature_1_s1_vec_coeffs_RAM_AUTO_1R1W  |        2|  0|   0|    0|  1024|   32|     1|        32768|
    |s2_vec_coeffs_U           |pqcrystals_dilithium2_ref_signature_1_s1_vec_coeffs_RAM_AUTO_1R1W  |        2|  0|   0|    0|  1024|   32|     1|        32768|
    |seedbuf_U                 |pqcrystals_dilithium2_ref_signature_1_seedbuf_RAM_AUTO_1R1W        |        1|  0|   0|    0|   208|    8|     1|         1664|
    |t_coeffs_U                |pqcrystals_dilithium2_ref_signature_1_t_coeffs_RAM_AUTO_1R1W       |        1|  0|   0|    0|   256|   24|     1|         6144|
    |w1_vec_coeffs_U           |pqcrystals_dilithium2_ref_signature_1_w1_vec_coeffs_RAM_AUTO_1R1W  |        2|  0|   0|    0|  1024|   32|     1|        32768|
    |w0_vec_coeffs_U           |pqcrystals_dilithium2_ref_signature_1_w1_vec_coeffs_RAM_AUTO_1R1W  |        2|  0|   0|    0|  1024|   32|     1|        32768|
    |h_vec_coeffs_U            |pqcrystals_dilithium2_ref_signature_1_w1_vec_coeffs_RAM_AUTO_1R1W  |        2|  0|   0|    0|  1024|   32|     1|        32768|
    |y_vec_coeffs_U            |pqcrystals_dilithium2_ref_signature_1_y_vec_coeffs_RAM_AUTO_1R1W   |        2|  0|   0|    0|  1024|   19|     1|        19456|
    |zetas_U                   |pqcrystals_dilithium2_ref_signature_1_zetas_ROM_AUTO_1R            |        1|  0|   0|    0|   256|   23|     1|         5888|
    +--------------------------+-------------------------------------------------------------------+---------+---+----+-----+------+-----+------+-------------+
    |Total                     |                                                                   |       37|  0|   0|    0| 13338|  545|    16|       369664|
    +--------------------------+-------------------------------------------------------------------+---------+---+----+-----+------+-----+------+-------------+

    * FIFO: 
    N/A

    * Expression: 
    +-----------------------------------+----------+----+---+-----+------------+------------+
    |           Variable Name           | Operation| DSP| FF| LUT | Bitwidth P0| Bitwidth P1|
    +-----------------------------------+----------+----+---+-----+------------+------------+
    |add_i_i_fu_23731_p2                |         +|   0|  0|   39|          32|          32|
    |add_i_i_i121_fu_18230_p2           |         +|   0|  0|   39|          32|          32|
    |add_i_i_i182_fu_23531_p2           |         +|   0|  0|   39|          32|          32|
    |add_i_i_i389_fu_23842_p2           |         +|   0|  0|   39|          32|          32|
    |add_i_i_i70_fu_18055_p2            |         +|   0|  0|   39|          32|          32|
    |add_i_i_i_fu_17865_p2              |         +|   0|  0|   39|          32|          32|
    |add_ln100_1_fu_23431_p2            |         +|   0|  0|   11|           3|           1|
    |add_ln100_2_fu_17715_p2            |         +|   0|  0|   14|           6|           1|
    |add_ln100_3_fu_23425_p2            |         +|   0|  0|   14|           6|           1|
    |add_ln100_fu_17727_p2              |         +|   0|  0|   11|           3|           1|
    |add_ln107_fu_23768_p2              |         +|   0|  0|   11|           3|           1|
    |add_ln137_fu_23632_p2              |         +|   0|  0|   11|           3|           1|
    |add_ln181_1_fu_23609_p2            |         +|   0|  0|   13|           4|           4|
    |add_ln20_fu_17649_p2               |         +|   0|  0|   11|           3|           1|
    |add_ln282_1_fu_18107_p2            |         +|   0|  0|   11|           3|           1|
    |add_ln282_2_fu_17905_p2            |         +|   0|  0|   14|           6|           1|
    |add_ln282_3_fu_18095_p2            |         +|   0|  0|   14|           6|           1|
    |add_ln282_fu_17917_p2              |         +|   0|  0|   11|           3|           1|
    |add_ln28_fu_23569_p2               |         +|   0|  0|   11|           3|           1|
    |add_ln57_1_fu_18060_p2             |         +|   0|  0|   18|          11|          11|
    |add_ln57_2_fu_18235_p2             |         +|   0|  0|   18|          11|          11|
    |add_ln57_3_fu_23536_p2             |         +|   0|  0|   18|          11|          11|
    |add_ln57_4_fu_23736_p2             |         +|   0|  0|   16|           9|           9|
    |add_ln57_fu_17870_p2               |         +|   0|  0|   18|          11|          11|
    |add_ln86_fu_23858_p2               |         +|   0|  0|   16|           9|           9|
    |i_27_fu_18281_p2                   |         +|   0|  0|   11|           3|           1|
    |j_7_fu_17686_p2                    |         +|   0|  0|   11|           3|           1|
    |k_11_fu_23702_p2                   |         +|   0|  0|   39|          32|           1|
    |k_14_fu_23814_p2                   |         +|   0|  0|   39|          32|           2|
    |k_3_fu_17824_p2                    |         +|   0|  0|   39|          32|           1|
    |k_4_fu_18014_p2                    |         +|   0|  0|   39|          32|           1|
    |k_5_fu_18189_p2                    |         +|   0|  0|   39|          32|           1|
    |k_8_fu_23503_p2                    |         +|   0|  0|   39|          32|           1|
    |nonce_3_fu_18264_p2                |         +|   0|  0|   23|          16|           1|
    |start_11_fu_23865_p2               |         +|   0|  0|   39|          32|          32|
    |start_3_fu_18081_p2                |         +|   0|  0|   39|          32|          32|
    |start_5_fu_18256_p2                |         +|   0|  0|   39|          32|          32|
    |start_7_fu_23553_p2                |         +|   0|  0|   39|          32|          32|
    |start_9_fu_23753_p2                |         +|   0|  0|   39|          32|          32|
    |start_fu_17891_p2                  |         +|   0|  0|   39|          32|          32|
    |zeta_5_fu_23831_p2                 |         -|   0|  0|   30|           1|          23|
    |ap_block_state33_on_subcall_done   |       and|   0|  0|    2|           1|           1|
    |ap_block_state38_on_subcall_done   |       and|   0|  0|    2|           1|           1|
    |ap_block_state43_on_subcall_done   |       and|   0|  0|    2|           1|           1|
    |icmp_ln100_1_fu_23419_p2           |      icmp|   0|  0|   10|           6|           7|
    |icmp_ln100_fu_17709_p2             |      icmp|   0|  0|   10|           6|           7|
    |icmp_ln107_fu_23762_p2             |      icmp|   0|  0|    9|           3|           4|
    |icmp_ln137_fu_23599_p2             |      icmp|   0|  0|    9|           3|           4|
    |icmp_ln172_fu_23873_p2             |      icmp|   0|  0|   11|          11|           7|
    |icmp_ln20_fu_17643_p2              |      icmp|   0|  0|    9|           3|           4|
    |icmp_ln21_fu_17680_p2              |      icmp|   0|  0|    9|           3|           4|
    |icmp_ln282_1_fu_18089_p2           |      icmp|   0|  0|   10|           6|           7|
    |icmp_ln282_fu_17899_p2             |      icmp|   0|  0|   10|           6|           7|
    |icmp_ln28_fu_23563_p2              |      icmp|   0|  0|    9|           3|           4|
    |icmp_ln46_fu_18275_p2              |      icmp|   0|  0|    9|           3|           4|
    |icmp_ln54_1_fu_17923_p2            |      icmp|   0|  0|   11|           8|           1|
    |icmp_ln54_2_fu_18113_p2            |      icmp|   0|  0|   11|           8|           1|
    |icmp_ln54_3_fu_23437_p2            |      icmp|   0|  0|   11|           8|           1|
    |icmp_ln54_4_fu_23672_p2            |      icmp|   0|  0|   11|           8|           1|
    |icmp_ln54_fu_17733_p2              |      icmp|   0|  0|   11|           8|           1|
    |icmp_ln55_1_fu_18008_p2            |      icmp|   0|  0|   15|          24|           1|
    |icmp_ln55_2_fu_18183_p2            |      icmp|   0|  0|   15|          24|           1|
    |icmp_ln55_3_fu_23497_p2            |      icmp|   0|  0|   15|          24|           1|
    |icmp_ln55_4_fu_23696_p2            |      icmp|   0|  0|   15|          24|           1|
    |icmp_ln55_fu_17818_p2              |      icmp|   0|  0|   15|          24|           1|
    |icmp_ln57_1_fu_18066_p2            |      icmp|   0|  0|   18|          32|          32|
    |icmp_ln57_2_fu_18241_p2            |      icmp|   0|  0|   18|          32|          32|
    |icmp_ln57_3_fu_23542_p2            |      icmp|   0|  0|   18|          32|          32|
    |icmp_ln57_4_fu_23742_p2            |      icmp|   0|  0|   18|          32|          32|
    |icmp_ln57_fu_17876_p2              |      icmp|   0|  0|   18|          32|          32|
    |icmp_ln84_fu_23808_p2              |      icmp|   0|  0|   15|          24|           1|
    |icmp_ln86_fu_23847_p2              |      icmp|   0|  0|   18|          32|          32|
    |ap_block_state10_on_subcall_done   |        or|   0|  0|    2|           1|           1|
    |ap_block_state16_on_subcall_done   |        or|   0|  0|    2|           1|           1|
    |ap_block_state2_on_subcall_done    |        or|   0|  0|    2|           1|           1|
    |ap_block_state571_on_subcall_done  |        or|   0|  0|    2|           1|           1|
    |ap_block_state573_on_subcall_done  |        or|   0|  0|    2|           1|           1|
    |ap_block_state8_on_subcall_done    |        or|   0|  0|    2|           1|           1|
    |select_ln100_1_fu_17747_p3         |    select|   0|  0|   32|           1|           1|
    |select_ln100_2_fu_17755_p3         |    select|   0|  0|    3|           1|           3|
    |select_ln100_3_fu_23443_p3         |    select|   0|  0|    9|           1|           9|
    |select_ln100_4_fu_23451_p3         |    select|   0|  0|   32|           1|           1|
    |select_ln100_5_fu_23459_p3         |    select|   0|  0|    3|           1|           3|
    |select_ln100_fu_17739_p3           |    select|   0|  0|    9|           1|           9|
    |select_ln282_1_fu_17937_p3         |    select|   0|  0|   32|           1|           1|
    |select_ln282_2_fu_17945_p3         |    select|   0|  0|    3|           1|           3|
    |select_ln282_3_fu_18119_p3         |    select|   0|  0|    9|           1|           9|
    |select_ln282_4_fu_18127_p3         |    select|   0|  0|   32|           1|           1|
    |select_ln282_5_fu_18135_p3         |    select|   0|  0|    3|           1|           3|
    |select_ln282_fu_17929_p3           |    select|   0|  0|    9|           1|           9|
    |shl_ln450_1_fu_23659_p2            |       shl|   0|  0|  182|           5|          64|
    |shl_ln450_fu_17609_p2              |       shl|   0|  0|  182|           5|          64|
    |grp_fu_17550_p2                    |       xor|   0|  0|   65|          64|          65|
    |xor_ln450_1_fu_17622_p2            |       xor|   0|  0|   64|          64|           5|
    |xor_ln450_2_fu_23665_p2            |       xor|   0|  0|   64|          64|          64|
    |xor_ln450_fu_17615_p2              |       xor|   0|  0|   64|          64|          64|
    |xor_ln451_1_fu_17629_p2            |       xor|   0|  0|   65|          64|          65|
    +-----------------------------------+----------+----+---+-----+------------+------------+
    |Total                              |          |   0|  0| 2276|        1493|        1209|
    +-----------------------------------+----------+----+---+-----+------------+------------+

    * Multiplexer: 
    +--------------------------------------------------------------------+------+-----------+-----+-----------+
    |                                Name                                |  LUT | Input Size| Bits| Total Bits|
    +--------------------------------------------------------------------+------+-----------+-----+-----------+
    |KeccakF_RoundConstants_address0                                     |    33|          8|    5|         40|
    |KeccakF_RoundConstants_address1                                     |    33|          8|    5|         40|
    |KeccakF_RoundConstants_ce0                                          |    29|          7|    1|          7|
    |KeccakF_RoundConstants_ce1                                          |    29|          7|    1|          7|
    |ap_NS_fsm                                                           |  2693|        632|    1|        632|
    |cp_coeffs_address0                                                  |    25|          6|    8|         48|
    |cp_coeffs_ce0                                                       |    25|          6|    1|          6|
    |cp_coeffs_ce1                                                       |     9|          2|    1|          2|
    |cp_coeffs_d0                                                        |    13|          3|   32|         96|
    |cp_coeffs_we0                                                       |    13|          3|    1|          3|
    |grp_keccak_absorb_19_fu_17208_m_offset                              |    13|          3|    7|         21|
    |grp_keccak_absorb_1_fu_17224_m_offset                               |    13|          3|   12|         36|
    |grp_keccak_absorb_1_fu_17224_mlen_offset                            |    13|          3|   64|        192|
    |grp_pqcrystals_dilithium2_ref_polyveck_invntt_tomont_fu_17380_v_q0  |    13|          3|   32|         96|
    |grp_pqcrystals_dilithium2_ref_polyveck_invntt_tomont_fu_17380_v_q1  |    13|          3|   32|         96|
    |h_vec_coeffs_address0                                               |    41|         10|   10|        100|
    |h_vec_coeffs_address1                                               |    13|          3|   10|         30|
    |h_vec_coeffs_ce0                                                    |    41|         10|    1|         10|
    |h_vec_coeffs_ce1                                                    |    13|          3|    1|          3|
    |h_vec_coeffs_d0                                                     |    25|          6|   32|        192|
    |h_vec_coeffs_we0                                                    |    25|          6|    1|          6|
    |i_10_fu_2272                                                        |     9|          2|    3|          6|
    |i_11_fu_2344                                                        |     9|          2|    3|          6|
    |i_12_fu_2360                                                        |     9|          2|    3|          6|
    |i_13_fu_2376                                                        |     9|          2|    3|          6|
    |i_14_reg_16930                                                      |     9|          2|    3|          6|
    |i_16_reg_16952                                                      |     9|          2|    3|          6|
    |i_17_reg_17018                                                      |     9|          2|    3|          6|
    |i_22_reg_17029                                                      |     9|          2|    3|          6|
    |i_28_reg_17098                                                      |     9|          2|    3|          6|
    |indvar_flatten13_fu_2380                                            |     9|          2|    6|         12|
    |indvar_flatten20_reg_16941                                          |     9|          2|    6|         12|
    |indvar_flatten6_fu_2364                                             |     9|          2|    6|         12|
    |indvar_flatten_fu_2348                                              |     9|          2|    6|         12|
    |j_0_lcssa_i_i_i147_reg_16920                                        |     9|          2|   32|         64|
    |j_0_lcssa_i_i_i208_reg_17008                                        |     9|          2|   32|         64|
    |j_0_lcssa_i_i_i403_reg_17157                                        |     9|          2|   32|         64|
    |j_0_lcssa_i_i_i96_reg_16898                                         |     9|          2|   32|         64|
    |j_0_lcssa_i_i_i_reg_16876                                           |     9|          2|   32|         64|
    |j_0_lcssa_i_i_reg_17088                                             |     9|          2|   32|         64|
    |j_reg_16853                                                         |     9|          2|    3|          6|
    |k_10_reg_17076                                                      |     9|          2|   32|         64|
    |k_12_reg_17121                                                      |     9|          2|   32|         64|
    |k_13_reg_17145                                                      |     9|          2|   32|         64|
    |k_1_fu_2352                                                         |    13|          3|   32|         96|
    |k_2_fu_2368                                                         |    13|          3|   32|         96|
    |k_6_reg_16974                                                       |     9|          2|   32|         64|
    |k_7_reg_16997                                                       |     9|          2|   32|         64|
    |k_9_reg_17052                                                       |     9|          2|   32|         64|
    |k_fu_2336                                                           |    13|          3|   32|         96|
    |len_10_reg_17109                                                    |     9|          2|    9|         18|
    |len_1_fu_2356                                                       |     9|          2|    8|         16|
    |len_3_fu_2372                                                       |     9|          2|    8|         16|
    |len_6_reg_16963                                                     |     9|          2|    8|         16|
    |len_8_reg_17040                                                     |     9|          2|    8|         16|
    |len_fu_2340                                                         |     9|          2|    8|         16|
    |mat_address0                                                        |    17|          4|   12|         48|
    |mat_ce0                                                             |    17|          4|    1|          4|
    |mat_we0                                                             |     9|          2|    1|          2|
    |nonce_fu_2384                                                       |     9|          2|   16|         32|
    |s1_vec_coeffs_address0                                              |    17|          4|   10|         40|
    |s1_vec_coeffs_address1                                              |    13|          3|   10|         30|
    |s1_vec_coeffs_ce0                                                   |    17|          4|    1|          4|
    |s1_vec_coeffs_ce1                                                   |    13|          3|    1|          3|
    |s1_vec_coeffs_d0                                                    |    13|          3|   32|         96|
    |s1_vec_coeffs_we0                                                   |    13|          3|    1|          3|
    |s1_vec_coeffs_we1                                                   |     9|          2|    1|          2|
    |s2_vec_coeffs_address0                                              |    17|          4|   10|         40|
    |s2_vec_coeffs_address1                                              |    13|          3|   10|         30|
    |s2_vec_coeffs_ce0                                                   |    17|          4|    1|          4|
    |s2_vec_coeffs_ce1                                                   |    13|          3|    1|          3|
    |s2_vec_coeffs_d0                                                    |    13|          3|   32|         96|
    |s2_vec_coeffs_we0                                                   |    13|          3|    1|          3|
    |s2_vec_coeffs_we1                                                   |     9|          2|    1|          2|
    |seedbuf_address0                                                    |    41|         10|    8|         80|
    |seedbuf_address1                                                    |    29|          7|    8|         56|
    |seedbuf_ce0                                                         |    41|         10|    1|         10|
    |seedbuf_ce1                                                         |    29|          7|    1|          7|
    |seedbuf_d0                                                          |    25|          6|    8|         48|
    |seedbuf_d1                                                          |    13|          3|    8|         24|
    |seedbuf_we0                                                         |    25|          6|    1|          6|
    |seedbuf_we1                                                         |    13|          3|    1|          3|
    |sk_address0                                                         |    29|          7|   12|         84|
    |sk_address1                                                         |    17|          4|   12|         48|
    |sk_ce0                                                              |    29|          7|    1|          7|
    |sk_ce1                                                              |    17|          4|    1|          4|
    |sm_address0                                                         |    25|          6|   13|         78|
    |sm_address1                                                         |    21|          5|   13|         65|
    |sm_ce0                                                              |    25|          6|    1|          6|
    |sm_ce1                                                              |    21|          5|    1|          5|
    |sm_d0                                                               |    17|          4|    8|         32|
    |sm_d1                                                               |    13|          3|    8|         24|
    |sm_we0                                                              |    17|          4|    1|          4|
    |sm_we1                                                              |    13|          3|    1|          3|
    |start_12_reg_16864                                                  |     9|          2|   32|         64|
    |start_13_reg_16886                                                  |     9|          2|   32|         64|
    |start_14_reg_16908                                                  |     9|          2|   32|         64|
    |start_15_reg_16985                                                  |     9|          2|   32|         64|
    |start_16_reg_17064                                                  |     9|          2|   32|         64|
    |start_17_reg_17133                                                  |     9|          2|   32|         64|
    |state_s_0_address0                                                  |    29|          7|    5|         35|
    |state_s_0_address1                                                  |    21|          5|    5|         25|
    |state_s_0_ce0                                                       |    25|          6|    1|          6|
    |state_s_0_ce1                                                       |    17|          4|    1|          4|
    |state_s_0_d0                                                        |    21|          5|   64|        320|
    |state_s_0_d1                                                        |    13|          3|   64|        192|
    |state_s_0_we0                                                       |    21|          5|    1|          5|
    |state_s_0_we1                                                       |    13|          3|    1|          3|
    |state_s_address0                                                    |    57|         14|    5|         70|
    |state_s_address1                                                    |    21|          5|    5|         25|
    |state_s_ce0                                                         |    37|          9|    1|          9|
    |state_s_ce1                                                         |    21|          5|    1|          5|
    |state_s_d0                                                          |    41|         10|   64|        640|
    |state_s_d1                                                          |    17|          4|   64|        256|
    |state_s_we0                                                         |    33|          8|    1|          8|
    |state_s_we1                                                         |    17|          4|    1|          4|
    |t0_vec_coeffs_address0                                              |    17|          4|   10|         40|
    |t0_vec_coeffs_address1                                              |    13|          3|   10|         30|
    |t0_vec_coeffs_ce0                                                   |    17|          4|    1|          4|
    |t0_vec_coeffs_ce1                                                   |    13|          3|    1|          3|
    |t0_vec_coeffs_d0                                                    |    13|          3|   32|         96|
    |t0_vec_coeffs_we0                                                   |    13|          3|    1|          3|
    |t0_vec_coeffs_we1                                                   |     9|          2|    1|          2|
    |t_coeffs_address0                                                   |    13|          3|    8|         24|
    |t_coeffs_ce0                                                        |    13|          3|    1|          3|
    |t_coeffs_we0                                                        |     9|          2|    1|          2|
    |w0_vec_coeffs_address0                                              |    33|          8|   10|         80|
    |w0_vec_coeffs_address1                                              |    21|          5|   10|         50|
    |w0_vec_coeffs_ce0                                                   |    33|          8|    1|          8|
    |w0_vec_coeffs_ce1                                                   |    21|          5|    1|          5|
    |w0_vec_coeffs_d0                                                    |    25|          6|   32|        192|
    |w0_vec_coeffs_we0                                                   |    25|          6|    1|          6|
    |w1_vec_coeffs_address0                                              |    37|          9|   10|         90|
    |w1_vec_coeffs_address1                                              |    29|          7|   10|         70|
    |w1_vec_coeffs_ce0                                                   |    37|          9|    1|          9|
    |w1_vec_coeffs_ce1                                                   |    29|          7|    1|          7|
    |w1_vec_coeffs_d0                                                    |    29|          7|   32|        224|
    |w1_vec_coeffs_we0                                                   |    29|          7|    1|          7|
    |y_vec_coeffs_address0                                               |  2693|        515|   10|       5150|
    |y_vec_coeffs_address1                                               |  2693|        513|   10|       5130|
    |y_vec_coeffs_ce0                                                    |    17|          4|    1|          4|
    |y_vec_coeffs_we0                                                    |     9|          2|    1|          2|
    |z_vec_coeffs_address0                                               |  2693|        523|   10|       5230|
    |z_vec_coeffs_address1                                               |  2693|        519|   10|       5190|
    |z_vec_coeffs_ce0                                                    |    49|         12|    1|         12|
    |z_vec_coeffs_ce1                                                    |    33|          8|    1|          8|
    |z_vec_coeffs_d0                                                     |  2693|        519|   32|      16608|
    |z_vec_coeffs_d1                                                     |  2693|        513|   32|      16416|
    |z_vec_coeffs_we0                                                    |    33|          8|    1|          8|
    |zetas_address0                                                      |    33|          8|    8|         64|
    |zetas_ce0                                                           |    13|          3|    1|          3|
    +--------------------------------------------------------------------+------+-----------+-----+-----------+
    |Total                                                               | 21435|       4344| 1861|      60732|
    +--------------------------------------------------------------------+------+-----------+-----+-----------+

    * Register: 
    +----------------------------------------------------------------------------------------------------------------+-----+----+-----+-----------+
    |                                                      Name                                                      |  FF | LUT| Bits| Const Bits|
    +----------------------------------------------------------------------------------------------------------------+-----+----+-----+-----------+
    |add_i_i_i121_reg_34479                                                                                          |   32|   0|   32|          0|
    |add_i_i_i182_reg_34587                                                                                          |   32|   0|   32|          0|
    |add_i_i_i389_reg_34768                                                                                          |   32|   0|   32|          0|
    |add_i_i_i70_reg_34400                                                                                           |   32|   0|   32|          0|
    |add_i_i_i_reg_34299                                                                                             |   32|   0|   32|          0|
    |add_i_i_reg_34694                                                                                               |   32|   0|   32|          0|
    |add_ln100_2_reg_34225                                                                                           |    6|   0|    6|          0|
    |add_ln100_3_reg_34532                                                                                           |    6|   0|    6|          0|
    |add_ln107_reg_34720                                                                                             |    3|   0|    3|          0|
    |add_ln137_reg_34652                                                                                             |    3|   0|    3|          0|
    |add_ln1_reg_34524                                                                                               |   16|   0|   16|          0|
    |add_ln20_reg_34170                                                                                              |    3|   0|    3|          0|
    |add_ln282_2_reg_34326                                                                                           |    6|   0|    6|          0|
    |add_ln282_3_reg_34427                                                                                           |    6|   0|    6|          0|
    |add_ln28_reg_34618                                                                                              |    3|   0|    3|          0|
    |add_ln57_1_reg_34405                                                                                            |   11|   0|   11|          0|
    |add_ln57_2_reg_34484                                                                                            |   11|   0|   11|          0|
    |add_ln57_3_reg_34592                                                                                            |   11|   0|   11|          0|
    |add_ln57_4_reg_34699                                                                                            |    9|   0|    9|          0|
    |add_ln57_reg_34304                                                                                              |   11|   0|   11|          0|
    |add_ln86_reg_34781                                                                                              |    9|   0|    9|          0|
    |add_ln_reg_34217                                                                                                |    4|   0|   10|          6|
    |ap_CS_fsm                                                                                                       |  631|   0|  631|          0|
    |grp_KeccakF1600_StatePermute_1_fu_17267_ap_start_reg                                                            |    1|   0|    1|          0|
    |grp_KeccakF1600_StatePermute_fu_17248_ap_start_reg                                                              |    1|   0|    1|          0|
    |grp_keccak_absorb_19_fu_17208_ap_start_reg                                                                      |    1|   0|    1|          0|
    |grp_keccak_absorb_1_fu_17224_ap_start_reg                                                                       |    1|   0|    1|          0|
    |grp_keccak_squeeze_1_fu_17405_ap_start_reg                                                                      |    1|   0|    1|          0|
    |grp_pqcrystals_dilithium2_ref_pack_sig_1_fu_17532_ap_start_reg                                                  |    1|   0|    1|          0|
    |grp_pqcrystals_dilithium2_ref_poly_challenge_1_fu_17414_ap_start_reg                                            |    1|   0|    1|          0|
    |grp_pqcrystals_dilithium2_ref_poly_uniform_fu_17280_ap_start_reg                                                |    1|   0|    1|          0|
    |grp_pqcrystals_dilithium2_ref_poly_uniform_gamma1_fu_17324_ap_start_reg                                         |    1|   0|    1|          0|
    |grp_pqcrystals_dilithium2_ref_polyveck_invntt_tomont_fu_17380_ap_start_reg                                      |    1|   0|    1|          0|
    |grp_pqcrystals_dilithium2_ref_signature_1_Pipeline_VITIS_LOOP_114_1_VITIS_LOOP_180_1_fu_17423_ap_start_reg      |    1|   0|    1|          0|
    |grp_pqcrystals_dilithium2_ref_signature_1_Pipeline_VITIS_LOOP_122_1_fu_17167_ap_start_reg                       |    1|   0|    1|          0|
    |grp_pqcrystals_dilithium2_ref_signature_1_Pipeline_VITIS_LOOP_126_2_fu_17187_ap_start_reg                       |    1|   0|    1|          0|
    |grp_pqcrystals_dilithium2_ref_signature_1_Pipeline_VITIS_LOOP_130_3_fu_17194_ap_start_reg                       |    1|   0|    1|          0|
    |grp_pqcrystals_dilithium2_ref_signature_1_Pipeline_VITIS_LOOP_134_4_fu_17201_ap_start_reg                       |    1|   0|    1|          0|
    |grp_pqcrystals_dilithium2_ref_signature_1_Pipeline_VITIS_LOOP_138_5_fu_17217_ap_start_reg                       |    1|   0|    1|          0|
    |grp_pqcrystals_dilithium2_ref_signature_1_Pipeline_VITIS_LOOP_142_6_fu_17241_ap_start_reg                       |    1|   0|    1|          0|
    |grp_pqcrystals_dilithium2_ref_signature_1_Pipeline_VITIS_LOOP_158_1_VITIS_LOOP_298_1_fu_17468_ap_start_reg      |    1|   0|    1|          0|
    |grp_pqcrystals_dilithium2_ref_signature_1_Pipeline_VITIS_LOOP_180_113_fu_17364_ap_start_reg                     |    1|   0|    1|          0|
    |grp_pqcrystals_dilithium2_ref_signature_1_Pipeline_VITIS_LOOP_180_1_fu_17345_ap_start_reg                       |    1|   0|    1|          0|
    |grp_pqcrystals_dilithium2_ref_signature_1_Pipeline_VITIS_LOOP_187_1_VITIS_LOOP_32_11_1_fu_17486_ap_start_reg    |    1|   0|    1|          0|
    |grp_pqcrystals_dilithium2_ref_signature_1_Pipeline_VITIS_LOOP_187_1_VITIS_LOOP_32_11_fu_17503_ap_start_reg      |    1|   0|    1|          0|
    |grp_pqcrystals_dilithium2_ref_signature_1_Pipeline_VITIS_LOOP_187_1_VITIS_LOOP_32_1_fu_17354_ap_start_reg       |    1|   0|    1|          0|
    |grp_pqcrystals_dilithium2_ref_signature_1_Pipeline_VITIS_LOOP_202_1_VITIS_LOOP_50_12_fu_17519_ap_start_reg      |    1|   0|    1|          0|
    |grp_pqcrystals_dilithium2_ref_signature_1_Pipeline_VITIS_LOOP_202_1_VITIS_LOOP_50_1_fu_17387_ap_start_reg       |    1|   0|    1|          0|
    |grp_pqcrystals_dilithium2_ref_signature_1_Pipeline_VITIS_LOOP_234_1_VITIS_LOOP_87_1_fu_17513_ap_start_reg       |    1|   0|    1|          0|
    |grp_pqcrystals_dilithium2_ref_signature_1_Pipeline_VITIS_LOOP_252_1_VITIS_LOOP_108_1_fu_17480_ap_start_reg      |    1|   0|    1|          0|
    |grp_pqcrystals_dilithium2_ref_signature_1_Pipeline_VITIS_LOOP_305_1_VITIS_LOOP_180_1_1_1_fu_17473_ap_start_reg  |    1|   0|    1|          0|
    |grp_pqcrystals_dilithium2_ref_signature_1_Pipeline_VITIS_LOOP_305_1_VITIS_LOOP_180_1_1_fu_17496_ap_start_reg    |    1|   0|    1|          0|
    |grp_pqcrystals_dilithium2_ref_signature_1_Pipeline_VITIS_LOOP_325_1_VITIS_LOOP_298_1_1_1_fu_17491_ap_start_reg  |    1|   0|    1|          0|
    |grp_pqcrystals_dilithium2_ref_signature_1_Pipeline_VITIS_LOOP_325_1_VITIS_LOOP_298_1_1_fu_17508_ap_start_reg    |    1|   0|    1|          0|
    |grp_pqcrystals_dilithium2_ref_signature_1_Pipeline_VITIS_LOOP_362_114_fu_17359_ap_start_reg                     |    1|   0|    1|          0|
    |grp_pqcrystals_dilithium2_ref_signature_1_Pipeline_VITIS_LOOP_362_18_fu_17181_ap_start_reg                      |    1|   0|    1|          0|
    |grp_pqcrystals_dilithium2_ref_signature_1_Pipeline_VITIS_LOOP_362_1_fu_17175_ap_start_reg                       |    1|   0|    1|          0|
    |grp_pqcrystals_dilithium2_ref_signature_1_Pipeline_VITIS_LOOP_371_1_VITIS_LOOP_225_1_fu_17392_ap_start_reg      |    1|   0|    1|          0|
    |grp_pqcrystals_dilithium2_ref_signature_1_Pipeline_VITIS_LOOP_392_1_VITIS_LOOP_248_1_fu_17524_ap_start_reg      |    1|   0|    1|          0|
    |grp_pqcrystals_dilithium2_ref_signature_1_Pipeline_VITIS_LOOP_416_5_fu_17261_ap_start_reg                       |    1|   0|    1|          0|
    |grp_pqcrystals_dilithium2_ref_signature_1_Pipeline_VITIS_LOOP_418_1_VITIS_LOOP_915_1_fu_17398_ap_start_reg      |    1|   0|    1|          0|
    |grp_pqcrystals_dilithium2_ref_signature_1_Pipeline_VITIS_LOOP_53_1_VITIS_LOOP_32_1_fu_17463_ap_start_reg        |    1|   0|    1|          0|
    |grp_pqcrystals_dilithium2_ref_signature_1_Pipeline_VITIS_LOOP_540_59_fu_17274_ap_start_reg                      |    1|   0|    1|          0|
    |grp_pqcrystals_dilithium2_ref_signature_1_Pipeline_VITIS_LOOP_540_5_fu_17255_ap_start_reg                       |    1|   0|    1|          0|
    |grp_pqcrystals_dilithium2_ref_signature_1_Pipeline_VITIS_LOOP_57_310_fu_17302_ap_start_reg                      |    1|   0|    1|          0|
    |grp_pqcrystals_dilithium2_ref_signature_1_Pipeline_VITIS_LOOP_57_311_fu_17313_ap_start_reg                      |    1|   0|    1|          0|
    |grp_pqcrystals_dilithium2_ref_signature_1_Pipeline_VITIS_LOOP_57_312_fu_17334_ap_start_reg                      |    1|   0|    1|          0|
    |grp_pqcrystals_dilithium2_ref_signature_1_Pipeline_VITIS_LOOP_57_315_fu_17430_ap_start_reg                      |    1|   0|    1|          0|
    |grp_pqcrystals_dilithium2_ref_signature_1_Pipeline_VITIS_LOOP_57_3_fu_17291_ap_start_reg                        |    1|   0|    1|          0|
    |grp_pqcrystals_dilithium2_ref_signature_1_Pipeline_VITIS_LOOP_85_1_VITIS_LOOP_87_1_fu_17441_ap_start_reg        |    1|   0|    1|          0|
    |grp_pqcrystals_dilithium2_ref_signature_1_Pipeline_VITIS_LOOP_86_3_fu_17453_ap_start_reg                        |    1|   0|    1|          0|
    |grp_pqcrystals_dilithium2_ref_signature_1_Pipeline_VITIS_LOOP_87_1_fu_17373_ap_start_reg                        |    1|   0|    1|          0|
    |grp_pqcrystals_dilithium2_ref_signature_1_Pipeline_VITIS_LOOP_95_4_fu_17447_ap_start_reg                        |    1|   0|    1|          0|
    |i_10_fu_2272                                                                                                    |    3|   0|    3|          0|
    |i_11_fu_2344                                                                                                    |    3|   0|    3|          0|
    |i_12_fu_2360                                                                                                    |    3|   0|    3|          0|
    |i_13_fu_2376                                                                                                    |    3|   0|    3|          0|
    |i_14_reg_16930                                                                                                  |    3|   0|    3|          0|
    |i_16_reg_16952                                                                                                  |    3|   0|    3|          0|
    |i_17_reg_17018                                                                                                  |    3|   0|    3|          0|
    |i_22_reg_17029                                                                                                  |    3|   0|    3|          0|
    |i_27_reg_34519                                                                                                  |    3|   0|    3|          0|
    |i_28_reg_17098                                                                                                  |    3|   0|    3|          0|
    |icmp_ln57_1_reg_34410                                                                                           |    1|   0|    1|          0|
    |icmp_ln57_2_reg_34489                                                                                           |    1|   0|    1|          0|
    |icmp_ln57_reg_34309                                                                                             |    1|   0|    1|          0|
    |indvar_flatten13_fu_2380                                                                                        |    6|   0|    6|          0|
    |indvar_flatten20_reg_16941                                                                                      |    6|   0|    6|          0|
    |indvar_flatten6_fu_2364                                                                                         |    6|   0|    6|          0|
    |indvar_flatten_fu_2348                                                                                          |    6|   0|    6|          0|
    |j_0_lcssa_i_i_i147_reg_16920                                                                                    |   32|   0|   32|          0|
    |j_0_lcssa_i_i_i208_reg_17008                                                                                    |   32|   0|   32|          0|
    |j_0_lcssa_i_i_i403_reg_17157                                                                                    |   32|   0|   32|          0|
    |j_0_lcssa_i_i_i96_reg_16898                                                                                     |   32|   0|   32|          0|
    |j_0_lcssa_i_i_i_reg_16876                                                                                       |   32|   0|   32|          0|
    |j_0_lcssa_i_i_reg_17088                                                                                         |   32|   0|   32|          0|
    |j_7_reg_34212                                                                                                   |    3|   0|    3|          0|
    |j_reg_16853                                                                                                     |    3|   0|    3|          0|
    |k_10_reg_17076                                                                                                  |   32|   0|   32|          0|
    |k_11_reg_34679                                                                                                  |   32|   0|   32|          0|
    |k_12_reg_17121                                                                                                  |   32|   0|   32|          0|
    |k_13_reg_17145                                                                                                  |   32|   0|   32|          0|
    |k_14_reg_34748                                                                                                  |   32|   0|   32|          0|
    |k_1_fu_2352                                                                                                     |   32|   0|   32|          0|
    |k_2_fu_2368                                                                                                     |   32|   0|   32|          0|
    |k_3_reg_34289                                                                                                   |   32|   0|   32|          0|
    |k_4_reg_34390                                                                                                   |   32|   0|   32|          0|
    |k_5_reg_34469                                                                                                   |   32|   0|   32|          0|
    |k_6_reg_16974                                                                                                   |   32|   0|   32|          0|
    |k_7_reg_16997                                                                                                   |   32|   0|   32|          0|
    |k_8_reg_34572                                                                                                   |   32|   0|   32|          0|
    |k_9_reg_17052                                                                                                   |   32|   0|   32|          0|
    |k_fu_2336                                                                                                       |   32|   0|   32|          0|
    |len_10_reg_17109                                                                                                |    9|   0|    9|          0|
    |len_1_fu_2356                                                                                                   |    8|   0|    8|          0|
    |len_3_fu_2372                                                                                                   |    8|   0|    8|          0|
    |len_6_reg_16963                                                                                                 |    8|   0|    8|          0|
    |len_8_cast_reg_34671                                                                                            |    8|   0|    9|          1|
    |len_8_reg_17040                                                                                                 |    8|   0|    8|          0|
    |len_fu_2340                                                                                                     |    8|   0|    8|          0|
    |nonce_3_reg_34506                                                                                               |   16|   0|   16|          0|
    |nonce_fu_2384                                                                                                   |   16|   0|   16|          0|
    |reg_17566                                                                                                       |    8|   0|    8|          0|
    |reg_17570                                                                                                       |    5|   0|    5|          0|
    |reg_17574                                                                                                       |   23|   0|   23|          0|
    |s_4_loc_fu_2276                                                                                                 |   11|   0|   11|          0|
    |select_ln100_2_reg_34236                                                                                        |    3|   0|    3|          0|
    |select_ln100_3_cast_reg_34564                                                                                   |    8|   0|   11|          3|
    |select_ln100_3_reg_34537                                                                                        |    8|   0|    8|          0|
    |select_ln100_5_reg_34548                                                                                        |    3|   0|    3|          0|
    |select_ln100_cast_reg_34252                                                                                     |    8|   0|   11|          3|
    |select_ln100_reg_34230                                                                                          |    8|   0|    8|          0|
    |select_ln282_2_reg_34337                                                                                        |    3|   0|    3|          0|
    |select_ln282_3_cast_reg_34454                                                                                   |    8|   0|   11|          3|
    |select_ln282_3_reg_34432                                                                                        |    8|   0|    8|          0|
    |select_ln282_5_reg_34438                                                                                        |    3|   0|    3|          0|
    |select_ln282_cast_reg_34353                                                                                     |    8|   0|   11|          3|
    |select_ln282_reg_34331                                                                                          |    8|   0|    8|          0|
    |start_12_reg_16864                                                                                              |   32|   0|   32|          0|
    |start_13_reg_16886                                                                                              |   32|   0|   32|          0|
    |start_14_reg_16908                                                                                              |   32|   0|   32|          0|
    |start_15_reg_16985                                                                                              |   32|   0|   32|          0|
    |start_16_reg_17064                                                                                              |   32|   0|   32|          0|
    |start_17_reg_17133                                                                                              |   32|   0|   32|          0|
    |state_s_addr_2_reg_34657                                                                                        |    5|   0|    5|          0|
    |state_s_addr_reg_23901                                                                                          |    5|   0|    5|          0|
    |targetBlock1_reg_34795                                                                                          |    1|   0|    1|          0|
    |targetBlock2_reg_34799                                                                                          |    1|   0|    1|          0|
    |targetBlock_reg_34791                                                                                           |    1|   0|    1|          0|
    |tmp_10_reg_34647                                                                                                |    2|   0|   10|          8|
    |tmp_12_reg_34725                                                                                                |    2|   0|   10|          8|
    |tmp_13_cast_reg_34634                                                                                           |    2|   0|    4|          2|
    |tmp_5_reg_34628                                                                                                 |    2|   0|   10|          8|
    |tmp_6_reg_34241                                                                                                 |    2|   0|   10|          8|
    |tmp_7_reg_34342                                                                                                 |    2|   0|   10|          8|
    |tmp_8_reg_34642                                                                                                 |    4|   0|   12|          8|
    |tmp_9_reg_34443                                                                                                 |    2|   0|   10|          8|
    |tmp_s_reg_34553                                                                                                 |    2|   0|   10|          8|
    |trunc_ln181_reg_34623                                                                                           |    2|   0|    2|          0|
    |trunc_ln20_reg_34161                                                                                            |    2|   0|    2|          0|
    |trunc_ln21_reg_34204                                                                                            |    2|   0|    2|          0|
    |trunc_ln28_reg_34610                                                                                            |    2|   0|    2|          0|
    |trunc_ln46_reg_34511                                                                                            |    2|   0|    2|          0|
    |trunc_ln57_1_reg_34414                                                                                          |    8|   0|    8|          0|
    |trunc_ln57_2_reg_34493                                                                                          |    8|   0|    8|          0|
    |trunc_ln57_3_reg_34600                                                                                          |    8|   0|    8|          0|
    |trunc_ln57_4_reg_34707                                                                                          |    8|   0|    8|          0|
    |trunc_ln57_reg_34313                                                                                            |    8|   0|    8|          0|
    |trunc_ln78_reg_34740                                                                                            |    8|   0|    8|          0|
    |trunc_ln86_reg_34776                                                                                            |    8|   0|    8|          0|
    |zeta_5_reg_34763                                                                                                |   23|   0|   23|          0|
    |zext_ln50_1_reg_34347                                                                                           |    8|   0|   32|         24|
    |zext_ln50_2_reg_34448                                                                                           |    8|   0|   32|         24|
    |zext_ln50_3_reg_34558                                                                                           |    8|   0|   32|         24|
    |zext_ln50_4_reg_34665                                                                                           |    8|   0|   32|         24|
    |zext_ln50_reg_34246                                                                                             |    8|   0|   32|         24|
    |zext_ln78_reg_34734                                                                                             |    9|   0|   32|         23|
    +----------------------------------------------------------------------------------------------------------------+-----+----+-----+-----------+
    |Total                                                                                                           | 2301|   0| 2529|        228|
    +----------------------------------------------------------------------------------------------------------------+-----+----+-----+-----------+



================================================================
== Interface
================================================================
* Summary: 
+-------------+-----+-----+------------+---------------------------------------+--------------+
|  RTL Ports  | Dir | Bits|  Protocol  |             Source Object             |    C Type    |
+-------------+-----+-----+------------+---------------------------------------+--------------+
|ap_clk       |   in|    1|  ap_ctrl_hs|  pqcrystals_dilithium2_ref_signature.1|  return value|
|ap_rst       |   in|    1|  ap_ctrl_hs|  pqcrystals_dilithium2_ref_signature.1|  return value|
|ap_start     |   in|    1|  ap_ctrl_hs|  pqcrystals_dilithium2_ref_signature.1|  return value|
|ap_done      |  out|    1|  ap_ctrl_hs|  pqcrystals_dilithium2_ref_signature.1|  return value|
|ap_idle      |  out|    1|  ap_ctrl_hs|  pqcrystals_dilithium2_ref_signature.1|  return value|
|ap_ready     |  out|    1|  ap_ctrl_hs|  pqcrystals_dilithium2_ref_signature.1|  return value|
|sm_address0  |  out|   13|   ap_memory|                                     sm|         array|
|sm_ce0       |  out|    1|   ap_memory|                                     sm|         array|
|sm_we0       |  out|    1|   ap_memory|                                     sm|         array|
|sm_d0        |  out|    8|   ap_memory|                                     sm|         array|
|sm_q0        |   in|    8|   ap_memory|                                     sm|         array|
|sm_address1  |  out|   13|   ap_memory|                                     sm|         array|
|sm_ce1       |  out|    1|   ap_memory|                                     sm|         array|
|sm_we1       |  out|    1|   ap_memory|                                     sm|         array|
|sm_d1        |  out|    8|   ap_memory|                                     sm|         array|
|sm_q1        |   in|    8|   ap_memory|                                     sm|         array|
|mlen         |   in|   64|     ap_none|                                   mlen|        scalar|
|sk_address0  |  out|   12|   ap_memory|                                     sk|         array|
|sk_ce0       |  out|    1|   ap_memory|                                     sk|         array|
|sk_q0        |   in|    8|   ap_memory|                                     sk|         array|
|sk_address1  |  out|   12|   ap_memory|                                     sk|         array|
|sk_ce1       |  out|    1|   ap_memory|                                     sk|         array|
|sk_q1        |   in|    8|   ap_memory|                                     sk|         array|
+-------------+-----+-----+------------+---------------------------------------+--------------+

