

================================================================
== Vitis HLS Report for 'pqcrystals_dilithium2_ref_poly_challenge_1_Pipeline_VITIS_LOOP_476_223'
================================================================
* Date:           Fri Mar 10 17:23:30 2023

* Version:        2022.2 (Build 3670227 on Oct 13 2022)
* Project:        crypto_sign
* Solution:       solution2 (Vivado IP Flow Target)
* Product family: artix7
* Target device:  xc7a200t-fbg676-2


================================================================
== Performance Estimates
================================================================
+ Timing: 
    * Summary: 
    +--------+----------+----------+------------+
    |  Clock |  Target  | Estimated| Uncertainty|
    +--------+----------+----------+------------+
    |ap_clk  |  50.00 ns|  5.544 ns|    13.50 ns|
    +--------+----------+----------+------------+

+ Latency: 
    * Summary: 
    +---------+---------+----------+----------+-----+-----+---------+
    |  Latency (cycles) |  Latency (absolute) |  Interval | Pipeline|
    |   min   |   max   |    min   |    max   | min | max |   Type  |
    +---------+---------+----------+----------+-----+-----+---------+
    |       70|       70|  3.500 us|  3.500 us|   70|   70|       no|
    +---------+---------+----------+----------+-----+-----+---------+

    + Detail: 
        * Instance: 
        N/A

        * Loop: 
        +--------------------+---------+---------+----------+-----------+-----------+------+----------+
        |                    |  Latency (cycles) | Iteration|  Initiation Interval  | Trip |          |
        |      Loop Name     |   min   |   max   |  Latency |  achieved |   target  | Count| Pipelined|
        +--------------------+---------+---------+----------+-----------+-----------+------+----------+
        |- VITIS_LOOP_476_2  |       68|       68|         5|          4|          1|    17|       yes|
        +--------------------+---------+---------+----------+-----------+-----------+------+----------+



================================================================
== Utilization Estimates
================================================================
* Summary: 
+-----------------+---------+-----+--------+--------+-----+
|       Name      | BRAM_18K| DSP |   FF   |   LUT  | URAM|
+-----------------+---------+-----+--------+--------+-----+
|DSP              |        -|    -|       -|       -|    -|
|Expression       |        -|    -|       0|      80|    -|
|FIFO             |        -|    -|       -|       -|    -|
|Instance         |        -|    -|       -|       -|    -|
|Memory           |        -|    -|       -|       -|    -|
|Multiplexer      |        -|    -|       -|     159|    -|
|Register         |        -|    -|      71|       -|    -|
+-----------------+---------+-----+--------+--------+-----+
|Total            |        0|    0|      71|     239|    0|
+-----------------+---------+-----+--------+--------+-----+
|Available        |      730|  740|  269200|  134600|    0|
+-----------------+---------+-----+--------+--------+-----+
|Utilization (%)  |        0|    0|      ~0|      ~0|    0|
+-----------------+---------+-----+--------+--------+-----+

+ Detail: 
    * Instance: 
    N/A

    * DSP: 
    N/A

    * Memory: 
    N/A

    * FIFO: 
    N/A

    * Expression: 
    +----------------------+----------+----+---+----+------------+------------+
    |     Variable Name    | Operation| DSP| FF| LUT| Bitwidth P0| Bitwidth P1|
    +----------------------+----------+----+---+----+------------+------------+
    |add_ln476_fu_182_p2   |         +|   0|  0|  13|           5|           1|
    |icmp_ln476_fu_176_p2  |      icmp|   0|  0|   9|           5|           5|
    |or_ln48_13_fu_297_p2  |        or|   0|  0|   8|           8|           2|
    |or_ln48_14_fu_307_p2  |        or|   0|  0|   8|           8|           2|
    |or_ln48_15_fu_317_p2  |        or|   0|  0|   8|           8|           3|
    |or_ln48_16_fu_327_p2  |        or|   0|  0|   8|           8|           3|
    |or_ln48_17_fu_337_p2  |        or|   0|  0|   8|           8|           3|
    |or_ln48_18_fu_347_p2  |        or|   0|  0|   8|           8|           3|
    |or_ln48_fu_226_p2     |        or|   0|  0|   8|           8|           1|
    |ap_enable_pp0         |       xor|   0|  0|   2|           1|           2|
    +----------------------+----------+----+---+----+------------+------------+
    |Total                 |          |   0|  0|  80|          67|          25|
    +----------------------+----------+----+---+----+------------+------------+

    * Multiplexer: 
    +-----------------------------+----+-----------+-----+-----------+
    |             Name            | LUT| Input Size| Bits| Total Bits|
    +-----------------------------+----+-----------+-----+-----------+
    |ap_NS_fsm                    |  21|          5|    1|          5|
    |ap_done_int                  |   9|          2|    1|          2|
    |ap_enable_reg_pp0_iter0      |   9|          2|    1|          2|
    |ap_enable_reg_pp0_iter0_reg  |   9|          2|    1|          2|
    |ap_enable_reg_pp0_iter1      |   9|          2|    1|          2|
    |ap_sig_allocacmp_i_45        |   9|          2|    5|         10|
    |buf_r_address0               |  21|          5|    8|         40|
    |buf_r_address1               |  21|          5|    8|         40|
    |buf_r_d0                     |  21|          5|    8|         40|
    |buf_r_d1                     |  21|          5|    8|         40|
    |i_fu_78                      |   9|          2|    5|         10|
    +-----------------------------+----+-----------+-----+-----------+
    |Total                        | 159|         37|   47|        193|
    +-----------------------------+----+-----------+-----+-----------+

    * Register: 
    +-----------------------------+---+----+-----+-----------+
    |             Name            | FF| LUT| Bits| Const Bits|
    +-----------------------------+---+----+-----+-----------+
    |ap_CS_fsm                    |  4|   0|    4|          0|
    |ap_done_reg                  |  1|   0|    1|          0|
    |ap_enable_reg_pp0_iter0_reg  |  1|   0|    1|          0|
    |ap_enable_reg_pp0_iter1      |  1|   0|    1|          0|
    |i_45_reg_364                 |  5|   0|    5|          0|
    |i_fu_78                      |  5|   0|    5|          0|
    |icmp_ln476_reg_369           |  1|   0|    1|          0|
    |shl_ln477_1_reg_378          |  5|   0|    8|          3|
    |trunc_ln48_10_reg_403        |  8|   0|    8|          0|
    |trunc_ln48_11_reg_408        |  8|   0|    8|          0|
    |trunc_ln48_12_reg_413        |  8|   0|    8|          0|
    |trunc_ln48_7_reg_388         |  8|   0|    8|          0|
    |trunc_ln48_8_reg_393         |  8|   0|    8|          0|
    |trunc_ln48_9_reg_398         |  8|   0|    8|          0|
    +-----------------------------+---+----+-----+-----------+
    |Total                        | 71|   0|   74|          3|
    +-----------------------------+---+----+-----+-----------+



================================================================
== Interface
================================================================
* Summary: 
+------------------+-----+-----+------------+------------------------------------------------------------------------+--------------+
|     RTL Ports    | Dir | Bits|  Protocol  |                              Source Object                             |    C Type    |
+------------------+-----+-----+------------+------------------------------------------------------------------------+--------------+
|ap_clk            |   in|    1|  ap_ctrl_hs|  pqcrystals_dilithium2_ref_poly_challenge.1_Pipeline_VITIS_LOOP_476_223|  return value|
|ap_rst            |   in|    1|  ap_ctrl_hs|  pqcrystals_dilithium2_ref_poly_challenge.1_Pipeline_VITIS_LOOP_476_223|  return value|
|ap_start          |   in|    1|  ap_ctrl_hs|  pqcrystals_dilithium2_ref_poly_challenge.1_Pipeline_VITIS_LOOP_476_223|  return value|
|ap_done           |  out|    1|  ap_ctrl_hs|  pqcrystals_dilithium2_ref_poly_challenge.1_Pipeline_VITIS_LOOP_476_223|  return value|
|ap_idle           |  out|    1|  ap_ctrl_hs|  pqcrystals_dilithium2_ref_poly_challenge.1_Pipeline_VITIS_LOOP_476_223|  return value|
|ap_ready          |  out|    1|  ap_ctrl_hs|  pqcrystals_dilithium2_ref_poly_challenge.1_Pipeline_VITIS_LOOP_476_223|  return value|
|state_s_address0  |  out|    5|   ap_memory|                                                                 state_s|         array|
|state_s_ce0       |  out|    1|   ap_memory|                                                                 state_s|         array|
|state_s_q0        |   in|   64|   ap_memory|                                                                 state_s|         array|
|buf_r_address0    |  out|    8|   ap_memory|                                                                   buf_r|         array|
|buf_r_ce0         |  out|    1|   ap_memory|                                                                   buf_r|         array|
|buf_r_we0         |  out|    1|   ap_memory|                                                                   buf_r|         array|
|buf_r_d0          |  out|    8|   ap_memory|                                                                   buf_r|         array|
|buf_r_address1    |  out|    8|   ap_memory|                                                                   buf_r|         array|
|buf_r_ce1         |  out|    1|   ap_memory|                                                                   buf_r|         array|
|buf_r_we1         |  out|    1|   ap_memory|                                                                   buf_r|         array|
|buf_r_d1          |  out|    8|   ap_memory|                                                                   buf_r|         array|
+------------------+-----+-----+------------+------------------------------------------------------------------------+--------------+

