

================================================================
== Vitis HLS Report for 'pqcrystals_dilithium2_ref_poly_challenge_1_Pipeline_VITIS_LOOP_527_2'
================================================================
* Date:           Fri Mar 10 17:23:30 2023

* Version:        2022.2 (Build 3670227 on Oct 13 2022)
* Project:        crypto_sign
* Solution:       solution2 (Vivado IP Flow Target)
* Product family: artix7
* Target device:  xc7a200t-fbg676-2


================================================================
== Performance Estimates
================================================================
+ Timing: 
    * Summary: 
    +--------+----------+----------+------------+
    |  Clock |  Target  | Estimated| Uncertainty|
    +--------+----------+----------+------------+
    |ap_clk  |  50.00 ns|  4.112 ns|    13.50 ns|
    +--------+----------+----------+------------+

+ Latency: 
    * Summary: 
    +---------+---------+-----------+-----------+-----+-----+---------+
    |  Latency (cycles) |   Latency (absolute)  |  Interval | Pipeline|
    |   min   |   max   |    min    |    max    | min | max |   Type  |
    +---------+---------+-----------+-----------+-----+-----+---------+
    |      258|      258|  12.900 us|  12.900 us|  258|  258|       no|
    +---------+---------+-----------+-----------+-----+-----+---------+

    + Detail: 
        * Instance: 
        N/A

        * Loop: 
        +--------------------+---------+---------+----------+-----------+-----------+------+----------+
        |                    |  Latency (cycles) | Iteration|  Initiation Interval  | Trip |          |
        |      Loop Name     |   min   |   max   |  Latency |  achieved |   target  | Count| Pipelined|
        +--------------------+---------+---------+----------+-----------+-----------+------+----------+
        |- VITIS_LOOP_527_2  |      256|      256|         1|          1|          1|   256|       yes|
        +--------------------+---------+---------+----------+-----------+-----------+------+----------+



================================================================
== Utilization Estimates
================================================================
* Summary: 
+-----------------+---------+-----+--------+--------+-----+
|       Name      | BRAM_18K| DSP |   FF   |   LUT  | URAM|
+-----------------+---------+-----+--------+--------+-----+
|DSP              |        -|    -|       -|       -|    -|
|Expression       |        -|    -|       0|      27|    -|
|FIFO             |        -|    -|       -|       -|    -|
|Instance         |        -|    -|       -|       -|    -|
|Memory           |        -|    -|       -|       -|    -|
|Multiplexer      |        -|    -|       -|      27|    -|
|Register         |        -|    -|      11|       -|    -|
+-----------------+---------+-----+--------+--------+-----+
|Total            |        0|    0|      11|      54|    0|
+-----------------+---------+-----+--------+--------+-----+
|Available        |      730|  740|  269200|  134600|    0|
+-----------------+---------+-----+--------+--------+-----+
|Utilization (%)  |        0|    0|      ~0|      ~0|    0|
+-----------------+---------+-----+--------+--------+-----+

+ Detail: 
    * Instance: 
    N/A

    * DSP: 
    N/A

    * Memory: 
    N/A

    * FIFO: 
    N/A

    * Expression: 
    +---------------------+----------+----+---+----+------------+------------+
    |    Variable Name    | Operation| DSP| FF| LUT| Bitwidth P0| Bitwidth P1|
    +---------------------+----------+----+---+----+------------+------------+
    |add_ln527_fu_60_p2   |         +|   0|  0|  16|           9|           1|
    |icmp_ln527_fu_54_p2  |      icmp|   0|  0|  11|           9|          10|
    +---------------------+----------+----+---+----+------------+------------+
    |Total                |          |   0|  0|  27|          18|          11|
    +---------------------+----------+----+---+----+------------+------------+

    * Multiplexer: 
    +-----------------------+----+-----------+-----+-----------+
    |          Name         | LUT| Input Size| Bits| Total Bits|
    +-----------------------+----+-----------+-----+-----------+
    |ap_done_int            |   9|          2|    1|          2|
    |ap_sig_allocacmp_i_43  |   9|          2|    9|         18|
    |i_fu_28                |   9|          2|    9|         18|
    +-----------------------+----+-----------+-----+-----------+
    |Total                  |  27|          6|   19|         38|
    +-----------------------+----+-----------+-----+-----------+

    * Register: 
    +-------------+---+----+-----+-----------+
    |     Name    | FF| LUT| Bits| Const Bits|
    +-------------+---+----+-----+-----------+
    |ap_CS_fsm    |  1|   0|    1|          0|
    |ap_done_reg  |  1|   0|    1|          0|
    |i_fu_28      |  9|   0|    9|          0|
    +-------------+---+----+-----+-----------+
    |Total        | 11|   0|   11|          0|
    +-------------+---+----+-----+-----------+



================================================================
== Interface
================================================================
* Summary: 
+------------+-----+-----+------------+----------------------------------------------------------------------+--------------+
|  RTL Ports | Dir | Bits|  Protocol  |                             Source Object                            |    C Type    |
+------------+-----+-----+------------+----------------------------------------------------------------------+--------------+
|ap_clk      |   in|    1|  ap_ctrl_hs|  pqcrystals_dilithium2_ref_poly_challenge.1_Pipeline_VITIS_LOOP_527_2|  return value|
|ap_rst      |   in|    1|  ap_ctrl_hs|  pqcrystals_dilithium2_ref_poly_challenge.1_Pipeline_VITIS_LOOP_527_2|  return value|
|ap_start    |   in|    1|  ap_ctrl_hs|  pqcrystals_dilithium2_ref_poly_challenge.1_Pipeline_VITIS_LOOP_527_2|  return value|
|ap_done     |  out|    1|  ap_ctrl_hs|  pqcrystals_dilithium2_ref_poly_challenge.1_Pipeline_VITIS_LOOP_527_2|  return value|
|ap_idle     |  out|    1|  ap_ctrl_hs|  pqcrystals_dilithium2_ref_poly_challenge.1_Pipeline_VITIS_LOOP_527_2|  return value|
|ap_ready    |  out|    1|  ap_ctrl_hs|  pqcrystals_dilithium2_ref_poly_challenge.1_Pipeline_VITIS_LOOP_527_2|  return value|
|c_address0  |  out|    8|   ap_memory|                                                                     c|         array|
|c_ce0       |  out|    1|   ap_memory|                                                                     c|         array|
|c_we0       |  out|    1|   ap_memory|                                                                     c|         array|
|c_d0        |  out|   32|   ap_memory|                                                                     c|         array|
+------------+-----+-----+------------+----------------------------------------------------------------------+--------------+

