

================================================================
== Vitis HLS Report for 'pqcrystals_dilithium2_ref_poly_challenge_1_Pipeline_VITIS_LOOP_523_1'
================================================================
* Date:           Fri Mar 10 17:23:29 2023

* Version:        2022.2 (Build 3670227 on Oct 13 2022)
* Project:        crypto_sign
* Solution:       solution2 (Vivado IP Flow Target)
* Product family: artix7
* Target device:  xc7a200t-fbg676-2


================================================================
== Performance Estimates
================================================================
+ Timing: 
    * Summary: 
    +--------+----------+----------+------------+
    |  Clock |  Target  | Estimated| Uncertainty|
    +--------+----------+----------+------------+
    |ap_clk  |  50.00 ns|  6.518 ns|    13.50 ns|
    +--------+----------+----------+------------+

+ Latency: 
    * Summary: 
    +---------+---------+----------+----------+-----+-----+---------+
    |  Latency (cycles) |  Latency (absolute) |  Interval | Pipeline|
    |   min   |   max   |    min   |    max   | min | max |   Type  |
    +---------+---------+----------+----------+-----+-----+---------+
    |       10|       10|  0.500 us|  0.500 us|   10|   10|       no|
    +---------+---------+----------+----------+-----+-----+---------+

    + Detail: 
        * Instance: 
        N/A

        * Loop: 
        +--------------------+---------+---------+----------+-----------+-----------+------+----------+
        |                    |  Latency (cycles) | Iteration|  Initiation Interval  | Trip |          |
        |      Loop Name     |   min   |   max   |  Latency |  achieved |   target  | Count| Pipelined|
        +--------------------+---------+---------+----------+-----------+-----------+------+----------+
        |- VITIS_LOOP_523_1  |        8|        8|         2|          1|          1|     8|       yes|
        +--------------------+---------+---------+----------+-----------+-----------+------+----------+



================================================================
== Utilization Estimates
================================================================
* Summary: 
+-----------------+---------+-----+--------+--------+-----+
|       Name      | BRAM_18K| DSP |   FF   |   LUT  | URAM|
+-----------------+---------+-----+--------+--------+-----+
|DSP              |        -|    -|       -|       -|    -|
|Expression       |        -|    -|       0|     270|    -|
|FIFO             |        -|    -|       -|       -|    -|
|Instance         |        -|    -|       -|       -|    -|
|Memory           |        -|    -|       -|       -|    -|
|Multiplexer      |        -|    -|       -|      49|    -|
|Register         |        -|    -|      11|       -|    -|
+-----------------+---------+-----+--------+--------+-----+
|Total            |        0|    0|      11|     319|    0|
+-----------------+---------+-----+--------+--------+-----+
|Available        |      730|  740|  269200|  134600|    0|
+-----------------+---------+-----+--------+--------+-----+
|Utilization (%)  |        0|    0|      ~0|      ~0|    0|
+-----------------+---------+-----+--------+--------+-----+

+ Detail: 
    * Instance: 
    N/A

    * DSP: 
    N/A

    * Memory: 
    N/A

    * FIFO: 
    N/A

    * Expression: 
    +---------------------+----------+----+---+-----+------------+------------+
    |    Variable Name    | Operation| DSP| FF| LUT | Bitwidth P0| Bitwidth P1|
    +---------------------+----------+----+---+-----+------------+------------+
    |add_ln523_fu_71_p2   |         +|   0|  0|   13|           4|           1|
    |icmp_ln523_fu_65_p2  |      icmp|   0|  0|    9|           4|           5|
    |signs_fu_116_p2      |        or|   0|  0|   64|          64|          64|
    |shl_ln524_fu_110_p2  |       shl|   0|  0|  182|          64|          64|
    |ap_enable_pp0        |       xor|   0|  0|    2|           1|           2|
    +---------------------+----------+----+---+-----+------------+------------+
    |Total                |          |   0|  0|  270|         137|         136|
    +---------------------+----------+----+---+-----+------------+------------+

    * Multiplexer: 
    +-------------------------+----+-----------+-----+-----------+
    |           Name          | LUT| Input Size| Bits| Total Bits|
    +-------------------------+----+-----------+-----+-----------+
    |ap_done_int              |   9|          2|    1|          2|
    |ap_enable_reg_pp0_iter1  |   9|          2|    1|          2|
    |ap_sig_allocacmp_i_44    |   9|          2|    4|          8|
    |i_fu_34                  |   9|          2|    4|          8|
    |signs_out_o              |  13|          3|   64|        192|
    +-------------------------+----+-----------+-----+-----------+
    |Total                    |  49|         11|   74|        212|
    +-------------------------+----+-----------+-----+-----------+

    * Register: 
    +-------------------------+---+----+-----+-----------+
    |           Name          | FF| LUT| Bits| Const Bits|
    +-------------------------+---+----+-----+-----------+
    |ap_CS_fsm                |  1|   0|    1|          0|
    |ap_done_reg              |  1|   0|    1|          0|
    |ap_enable_reg_pp0_iter1  |  1|   0|    1|          0|
    |i_44_reg_135             |  4|   0|    4|          0|
    |i_fu_34                  |  4|   0|    4|          0|
    +-------------------------+---+----+-----+-----------+
    |Total                    | 11|   0|   11|          0|
    +-------------------------+---+----+-----+-----------+



================================================================
== Interface
================================================================
* Summary: 
+--------------------+-----+-----+------------+----------------------------------------------------------------------+--------------+
|      RTL Ports     | Dir | Bits|  Protocol  |                             Source Object                            |    C Type    |
+--------------------+-----+-----+------------+----------------------------------------------------------------------+--------------+
|ap_clk              |   in|    1|  ap_ctrl_hs|  pqcrystals_dilithium2_ref_poly_challenge.1_Pipeline_VITIS_LOOP_523_1|  return value|
|ap_rst              |   in|    1|  ap_ctrl_hs|  pqcrystals_dilithium2_ref_poly_challenge.1_Pipeline_VITIS_LOOP_523_1|  return value|
|ap_start            |   in|    1|  ap_ctrl_hs|  pqcrystals_dilithium2_ref_poly_challenge.1_Pipeline_VITIS_LOOP_523_1|  return value|
|ap_done             |  out|    1|  ap_ctrl_hs|  pqcrystals_dilithium2_ref_poly_challenge.1_Pipeline_VITIS_LOOP_523_1|  return value|
|ap_idle             |  out|    1|  ap_ctrl_hs|  pqcrystals_dilithium2_ref_poly_challenge.1_Pipeline_VITIS_LOOP_523_1|  return value|
|ap_ready            |  out|    1|  ap_ctrl_hs|  pqcrystals_dilithium2_ref_poly_challenge.1_Pipeline_VITIS_LOOP_523_1|  return value|
|buf_r_address0      |  out|    8|   ap_memory|                                                                 buf_r|         array|
|buf_r_ce0           |  out|    1|   ap_memory|                                                                 buf_r|         array|
|buf_r_q0            |   in|    8|   ap_memory|                                                                 buf_r|         array|
|signs_out_i         |   in|   64|     ap_ovld|                                                             signs_out|       pointer|
|signs_out_o         |  out|   64|     ap_ovld|                                                             signs_out|       pointer|
|signs_out_o_ap_vld  |  out|    1|     ap_ovld|                                                             signs_out|       pointer|
+--------------------+-----+-----+------------+----------------------------------------------------------------------+--------------+

