

================================================================
== Vivado HLS Report for 'pqcrystals_dilithium_20'
================================================================
* Date:           Thu Apr 13 22:45:02 2023

* Version:        2019.2 (Build 2704478 on Wed Nov 06 22:10:23 MST 2019)
* Project:        Phase2
* Solution:       Latency
* Product family: artix7
* Target device:  xc7a200t-fbg676-2


================================================================
== Performance Estimates
================================================================
+ Timing: 
    * Summary: 
    +--------+----------+----------+------------+
    |  Clock |  Target  | Estimated| Uncertainty|
    +--------+----------+----------+------------+
    |ap_clk  | 10.00 ns | 6.880 ns |   1.25 ns  |
    +--------+----------+----------+------------+

+ Latency: 
    * Summary: 
    +---------+---------+-----------+-----------+-----+-----+----------+
    |  Latency (cycles) |   Latency (absolute)  |  Interval | Pipeline |
    |   min   |   max   |    min    |    max    | min | max |   Type   |
    +---------+---------+-----------+-----------+-----+-----+----------+
    |        2|        2| 20.000 ns | 20.000 ns |    1|    1| function |
    +---------+---------+-----------+-----------+-----+-----+----------+

    + Detail: 
        * Instance: 
        N/A

        * Loop: 
        N/A



================================================================
== Utilization Estimates
================================================================
* Summary: 
+-----------------+---------+-------+--------+--------+-----+
|       Name      | BRAM_18K| DSP48E|   FF   |   LUT  | URAM|
+-----------------+---------+-------+--------+--------+-----+
|DSP              |        -|      -|       -|       -|    -|
|Expression       |        -|      6|       0|     105|    -|
|FIFO             |        -|      -|       -|       -|    -|
|Instance         |        -|      -|       -|       -|    -|
|Memory           |        -|      -|       -|       -|    -|
|Multiplexer      |        -|      -|       -|       9|    -|
|Register         |        -|      -|     296|       -|    -|
+-----------------+---------+-------+--------+--------+-----+
|Total            |        0|      6|     296|     114|    0|
+-----------------+---------+-------+--------+--------+-----+
|Available        |      730|    740|  269200|  134600|    0|
+-----------------+---------+-------+--------+--------+-----+
|Utilization (%)  |        0|   ~0  |   ~0   |   ~0   |    0|
+-----------------+---------+-------+--------+--------+-----+

+ Detail: 
    * Instance: 
    N/A

    * DSP48E: 
    N/A

    * Memory: 
    N/A

    * FIFO: 
    N/A

    * Expression: 
    +-------------------+----------+-------+---+----+------------+------------+
    |   Variable Name   | Operation| DSP48E| FF| LUT| Bitwidth P0| Bitwidth P1|
    +-------------------+----------+-------+---+----+------------+------------+
    |mul_ln19_fu_37_p2  |     *    |      2|  0|  21|          24|          32|
    |t_fu_24_p2         |     *    |      4|  0|  21|          26|          32|
    |add_ln19_fu_46_p2  |     +    |      0|  0|  63|          56|          56|
    +-------------------+----------+-------+---+----+------------+------------+
    |Total              |          |      6|  0| 105|         106|         120|
    +-------------------+----------+-------+---+----+------------+------------+

    * Multiplexer: 
    +-----------+----+-----------+-----+-----------+
    |    Name   | LUT| Input Size| Bits| Total Bits|
    +-----------+----+-----------+-----+-----------+
    |ap_return  |   9|          2|   32|         64|
    +-----------+----+-----------+-----+-----------+
    |Total      |   9|          2|   32|         64|
    +-----------+----+-----------+-----+-----------+

    * Register: 
    +---------------------------------+----+----+-----+-----------+
    |               Name              | FF | LUT| Bits| Const Bits|
    +---------------------------------+----+----+-----+-----------+
    |a_int_reg                        |  64|   0|   64|          0|
    |ap_ce_reg                        |   1|   0|    1|          0|
    |ap_return_int_reg                |  32|   0|   32|          0|
    |mul_ln19_reg_75                  |  55|   0|   55|          0|
    |t_reg_65                         |  32|   0|   32|          0|
    |trunc_ln19_reg_70                |  56|   0|   56|          0|
    |trunc_ln19_reg_70_pp0_iter1_reg  |  56|   0|   56|          0|
    +---------------------------------+----+----+-----+-----------+
    |Total                            | 296|   0|  296|          0|
    +---------------------------------+----+----+-----+-----------+



================================================================
== Interface
================================================================
* Summary: 
+-----------+-----+-----+------------+-------------------------+--------------+
| RTL Ports | Dir | Bits|  Protocol  |      Source Object      |    C Type    |
+-----------+-----+-----+------------+-------------------------+--------------+
|ap_clk     |  in |    1| ap_ctrl_hs | pqcrystals_dilithium.20 | return value |
|ap_rst     |  in |    1| ap_ctrl_hs | pqcrystals_dilithium.20 | return value |
|ap_return  | out |   32| ap_ctrl_hs | pqcrystals_dilithium.20 | return value |
|ap_ce      |  in |    1| ap_ctrl_hs | pqcrystals_dilithium.20 | return value |
|a          |  in |   64|   ap_none  |            a            |    scalar    |
+-----------+-----+-----+------------+-------------------------+--------------+

