

================================================================
== Vivado HLS Report for 'pqcrystals_dilithium_1_1'
================================================================
* Date:           Thu Apr 13 22:48:09 2023

* Version:        2019.2 (Build 2704478 on Wed Nov 06 22:10:23 MST 2019)
* Project:        Phase2
* Solution:       Latency
* Product family: artix7
* Target device:  xc7a200t-fbg676-2


================================================================
== Performance Estimates
================================================================
+ Timing: 
    * Summary: 
    +--------+----------+----------+------------+
    |  Clock |  Target  | Estimated| Uncertainty|
    +--------+----------+----------+------------+
    |ap_clk  | 10.00 ns | 9.122 ns |   1.25 ns  |
    +--------+----------+----------+------------+

+ Latency: 
    * Summary: 
    +---------+---------+----------+----------+-----+-----+---------+
    |  Latency (cycles) |  Latency (absolute) |  Interval | Pipeline|
    |   min   |   max   |    min   |    max   | min | max |   Type  |
    +---------+---------+----------+----------+-----+-----+---------+
    |        ?|        ?|         ?|         ?|    ?|    ?|   none  |
    +---------+---------+----------+----------+-----+-----+---------+

    + Detail: 
        * Instance: 
        +-------------------------------------+-------------------------+---------+----------+-----------+-----------+------+----------+---------+
        |                                     |                         |  Latency (cycles)  |   Latency (absolute)  |     Interval    | Pipeline|
        |               Instance              |          Module         |   min   |    max   |    min    |    max    |  min |    max   |   Type  |
        +-------------------------------------+-------------------------+---------+----------+-----------+-----------+------+----------+---------+
        |grp_pqcrystals_dilithium_9_fu_1750   |pqcrystals_dilithium_9   |     7225|      7225| 72.250 us | 72.250 us |  7225|      7225|   none  |
        |grp_pqcrystals_dilithium_13_fu_1757  |pqcrystals_dilithium_13  |      813|    240685|  8.130 us |  2.407 ms |   813|    240685|   none  |
        |grp_pqcrystals_dilithium_12_fu_1770  |pqcrystals_dilithium_12  |     1103|      1103| 11.030 us | 11.030 us |  1103|      1103|   none  |
        |grp_pqcrystals_dilithium_15_fu_1781  |pqcrystals_dilithium_15  |      684|      5598|  6.840 us | 55.980 us |   684|      5598|   none  |
        |grp_shake256_fu_1790                 |shake256                 |      150|       150|  1.500 us |  1.500 us |   150|       150|   none  |
        |grp_KeccakF1600_StatePer_1_fu_1797   |KeccakF1600_StatePer_1   |       39|        39|  0.390 us |  0.390 us |    39|        39|   none  |
        |grp_pqcrystals_dilithium_2_fu_1804   |pqcrystals_dilithium_2   |     2570|      2570| 25.700 us | 25.700 us |  2570|      2570|   none  |
        |grp_pqcrystals_dilithium_6_fu_1818   |pqcrystals_dilithium_6   |     1125|  16802917| 11.250 us | 0.168 sec |  1125|  16802917|   none  |
        |grp_pqcrystals_dilithium_21_fu_1825  |pqcrystals_dilithium_21  |      279|   4200727|  2.790 us | 42.007 ms |   279|   4200727|   none  |
        |grp_pqcrystals_dilithium_18_fu_1834  |pqcrystals_dilithium_18  |       17|   2103313|  0.170 us | 21.033 ms |    17|   2103313|   none  |
        |grp_pqcrystals_dilithium_19_fu_1841  |pqcrystals_dilithium_19  |       17|   2103313|  0.170 us | 21.033 ms |    17|   2103313|   none  |
        |grp_pqcrystals_dilithium_17_fu_1853  |pqcrystals_dilithium_17  |     4715|      4715| 47.150 us | 47.150 us |  4715|      4715|   none  |
        |grp_pqcrystals_dilithium_4_fu_1861   |pqcrystals_dilithium_4   |     1030|      1030| 10.300 us | 10.300 us |  1030|      1030|   none  |
        |grp_load64_3_fu_1868                 |load64_3                 |        4|         4| 40.000 ns | 40.000 ns |     4|         4|   none  |
        |grp_pqcrystals_dilithium_5_fu_1875   |pqcrystals_dilithium_5   |      777|       777|  7.770 us |  7.770 us |   777|       777|   none  |
        |grp_pqcrystals_dilithium_3_fu_1882   |pqcrystals_dilithium_3   |     1027|      1027| 10.270 us | 10.270 us |  1027|      1027|   none  |
        |grp_pqcrystals_dilithium_7_fu_1887   |pqcrystals_dilithium_7   |        5|      2064| 50.000 ns | 20.640 us |     5|      2064|   none  |
        |grp_pqcrystals_dilithium_8_fu_1895   |pqcrystals_dilithium_8   |     1026|      1026| 10.260 us | 10.260 us |  1026|      1026|   none  |
        +-------------------------------------+-------------------------+---------+----------+-----------+-----------+------+----------+---------+

        * Loop: 
        +---------------------------------------------------------------------------------------------------+---------+----------+------------------+-----------+-----------+---------+----------+
        |                                                                                                   |  Latency (cycles)  |     Iteration    |  Initiation Interval  |   Trip  |          |
        |                                             Loop Name                                             |   min   |    max   |      Latency     |  achieved |   target  |  Count  | Pipelined|
        +---------------------------------------------------------------------------------------------------+---------+----------+------------------+-----------+-----------+---------+----------+
        |- Loop 1                                                                                           |       25|        25|                 1|          -|          -|       25|    no    |
        |- Loop 2                                                                                           |       30|        30|                 5|          -|          -|        6|    no    |
        |- memset_t                                                                                         |        7|         7|                 1|          -|          -|        8|    no    |
        |- Loop 4                                                                                           |       66|        66|                 6|          -|          -|       11|    no    |
        |- Loop 5                                                                                           |        ?|         ?|               161|          -|          -|        ?|    no    |
        | + Loop 5.1                                                                                        |      119|       119|                 7|          -|          -|       17|    no    |
        |- Loop 6                                                                                           |        0|       112|                 7|          -|          -|  0 ~ 16 |    no    |
        |- Loop 7                                                                                           |        8|         8|                 1|          -|          -|        8|    no    |
        |- Loop 8                                                                                           |        ?|         ?|                 2|          -|          -|        ?|    no    |
        |- Loop 9                                                                                           |       30|        30|                 5|          -|          -|        6|    no    |
        |- Loop 10                                                                                          |    13048|   3851000|   3262 ~ 962750  |          -|          -|        4|    no    |
        | + Loop 10.1                                                                                       |     3260|    962748|   815 ~ 240687   |          -|          -|        4|    no    |
        |- Loop 11                                                                                          |       76|   8413260|   19 ~ 2103315   |          -|          -|        4|    no    |
        |- Loop 12                                                                                          |       76|   8413260|   19 ~ 2103315   |          -|          -|        4|    no    |
        |- Loop 13                                                                                          |       76|   8413260|   19 ~ 2103315   |          -|          -|        4|    no    |
        |- Loop 14                                                                                          |       57|        57| 28815 ~ 77776106 |          -|          -|        0|    no    |
        | + Loop 14.1                                                                                       |     4420|      4420|              1105|          -|          -|        4|    no    |
        | + Loop 14.2                                                                                       |      511|       511|                 2|          -|          -|      256|    no    |
        | + Loop 14.3                                                                                       |      511|       511|                 2|          -|          -|      256|    no    |
        | + Loop 14.4                                                                                       |      511|       511|                 2|          -|          -|      256|    no    |
        | + Loop 14.5                                                                                       |      511|       511|                 2|          -|          -|      256|    no    |
        | + Loop 14.6                                                                                       |       76|   8413260|   19 ~ 2103315   |          -|          -|        4|    no    |
        | + Loop 14.7                                                                                       |     5128|      5128|              1282|          -|          -|        4|    no    |
        |  ++ Loop 14.7.1                                                                                   |     1280|      1280|                 5|          -|          -|      256|    no    |
        | + Loop 14.8                                                                                       |       25|        25|                 1|          -|          -|       25|    no    |
        | + Loop 14.9                                                                                       |       30|        30|                 5|          -|          -|        6|    no    |
        | + Loop 14.10                                                                                      |       66|        66|                 6|          -|          -|       11|    no    |
        | + Loop 14.11                                                                                      |      805|       805|               161|          -|          -|        5|    no    |
        |  ++ Loop 14.11.1                                                                                  |      119|       119|                 7|          -|          -|       17|    no    |
        | + Loop 14.12                                                                                      |       20|        20|                 5|          -|          -|        4|    no    |
        | + L_pqcrystals_dilithium2_ref_poly_pointwise_montgomery_label7                                    |     1028|      1028|                 6|          1|          1|     1024|    yes   |
        | + Loop 14.14                                                                                      |     1124|  16802916|   281 ~ 4200729  |          -|          -|        4|    no    |
        | + L_pqcrystals_dilithium2_ref_poly_add_label5                                                     |     1024|      1024|                 2|          1|          1|     1024|    yes   |
        | + pqcrystals_dilithium2_ref_polyvecl_reduce_label14_pqcrystals_dilithium2_ref_poly_reduce_label2  |     1025|      1025|                 3|          1|          1|     1024|    yes   |
        | + Loop 14.17                                                                                      |        4|      2062|      4 ~ 515     |          -|          -|  1 ~ 4  |    no    |
        |  ++ Loop 14.17.1                                                                                  |        2|       513|                 2|          -|          -| 1 ~ 256 |    no    |
        | + Loop 14.18                                                                                      |     2056|      2056|               514|          -|          -|        4|    no    |
        |  ++ pqcrystals_dilithium2_ref_poly_sub_label6                                                     |      512|       512|                 2|          -|          -|      256|    no    |
        | + L_pqcrystals_dilithium2_ref_poly_add_label5                                                     |     1024|      1024|                 2|          1|          1|     1024|    yes   |
        | + Loop 14.20                                                                                      |     2056|      2056|               514|          -|          -|        4|    no    |
        |  ++ Loop 14.20.1                                                                                  |      512|       512|                 2|          -|          -|      256|    no    |
        +---------------------------------------------------------------------------------------------------+---------+----------+------------------+-----------+-----------+---------+----------+



================================================================
== Utilization Estimates
================================================================
* Summary: 
+-----------------+---------+-------+--------+--------+-----+
|       Name      | BRAM_18K| DSP48E|   FF   |   LUT  | URAM|
+-----------------+---------+-------+--------+--------+-----+
|DSP              |        -|      3|       -|       -|    -|
|Expression       |        -|     10|       0|    4128|    -|
|FIFO             |        -|      -|       -|       -|    -|
|Instance         |       43|    591|   46198|  127454|    0|
|Memory           |       29|      -|       0|       0|    0|
|Multiplexer      |        -|      -|       -|    3583|    -|
|Register         |        2|      -|    2432|      65|    -|
+-----------------+---------+-------+--------+--------+-----+
|Total            |       74|    604|   48630|  135230|    0|
+-----------------+---------+-------+--------+--------+-----+
|Available        |      730|    740|  269200|  134600|    0|
+-----------------+---------+-------+--------+--------+-----+
|Utilization (%)  |       10|     81|      18|     100|    0|
+-----------------+---------+-------+--------+--------+-----+

+ Detail: 
    * Instance: 
    +-------------------------------------+-------------------------+---------+-------+-------+-------+-----+
    |               Instance              |          Module         | BRAM_18K| DSP48E|   FF  |  LUT  | URAM|
    +-------------------------------------+-------------------------+---------+-------+-------+-------+-----+
    |grp_KeccakF1600_StatePer_1_fu_1797   |KeccakF1600_StatePer_1   |        2|      0|   3108|  16902|    0|
    |grp_load64_3_fu_1868                 |load64_3                 |        0|      0|    131|    243|    0|
    |grp_pqcrystals_dilithium_12_fu_1770  |pqcrystals_dilithium_12  |        7|      0|   3402|  18632|    0|
    |grp_pqcrystals_dilithium_13_fu_1757  |pqcrystals_dilithium_13  |        7|      0|   3813|  19056|    0|
    |grp_pqcrystals_dilithium_15_fu_1781  |pqcrystals_dilithium_15  |        7|      0|   3692|  18455|    0|
    |grp_pqcrystals_dilithium_17_fu_1853  |pqcrystals_dilithium_17  |        0|      0|    225|   1021|    0|
    |grp_pqcrystals_dilithium_18_fu_1834  |pqcrystals_dilithium_18  |        1|      8|    594|    627|    0|
    |grp_pqcrystals_dilithium_19_fu_1841  |pqcrystals_dilithium_19  |        1|      8|    593|    635|    0|
    |grp_pqcrystals_dilithium_2_fu_1804   |pqcrystals_dilithium_2   |        0|      0|    316|   2127|    0|
    |grp_pqcrystals_dilithium_21_fu_1825  |pqcrystals_dilithium_21  |        3|     16|    826|    903|    0|
    |grp_pqcrystals_dilithium_3_fu_1882   |pqcrystals_dilithium_3   |        0|      1|     95|    221|    0|
    |grp_pqcrystals_dilithium_4_fu_1861   |pqcrystals_dilithium_4   |        2|     10|    424|    381|    0|
    |grp_pqcrystals_dilithium_5_fu_1875   |pqcrystals_dilithium_5   |        0|      0|     61|    329|    0|
    |grp_pqcrystals_dilithium_6_fu_1818   |pqcrystals_dilithium_6   |        3|     16|    836|    954|    0|
    |grp_pqcrystals_dilithium_7_fu_1887   |pqcrystals_dilithium_7   |        0|      0|     52|    223|    0|
    |grp_pqcrystals_dilithium_8_fu_1895   |pqcrystals_dilithium_8   |        0|      0|     42|    241|    0|
    |grp_pqcrystals_dilithium_9_fu_1750   |pqcrystals_dilithium_9   |        4|    532|  24738|  28656|    0|
    |grp_shake256_fu_1790                 |shake256                 |        6|      0|   3250|  17848|    0|
    +-------------------------------------+-------------------------+---------+-------+-------+-------+-----+
    |Total                                |                         |       43|    591|  46198| 127454|    0|
    +-------------------------------------+-------------------------+---------+-------+-------+-------+-----+

    * DSP48E: 
    +--------------------------+----------------------+--------------+
    |         Instance         |        Module        |  Expression  |
    +--------------------------+----------------------+--------------+
    |pqcrystals_dilithDeQ_U89  |pqcrystals_dilithDeQ  | i0 + i1 * i2 |
    |pqcrystals_dilithEe0_U90  |pqcrystals_dilithEe0  | i0 * i1 + i2 |
    |pqcrystals_dilithlbW_U91  |pqcrystals_dilithlbW  | i0 + i1 * i2 |
    +--------------------------+----------------------+--------------+

    * Memory: 
    +------------------+----------------------+---------+---+----+-----+------+-----+------+-------------+
    |      Memory      |        Module        | BRAM_18K| FF| LUT| URAM| Words| Bits| Banks| W*Bits*Banks|
    +------------------+----------------------+---------+---+----+-----+------+-----+------+-------------+
    |cp_coeffs_U       |pqcrystals_dilithBew  |        1|  0|   0|    0|   256|   32|     1|         8192|
    |t_6_U             |pqcrystals_dilithqcK  |        1|  0|   0|    0|     8|    8|     1|           64|
    |seedbuf_U         |pqcrystals_dilithrcU  |        1|  0|   0|    0|   208|    8|     1|         1664|
    |mat_vec_coeffs_U  |pqcrystals_dilithsc4  |        6|  0|   0|    0|  4096|   23|     1|        94208|
    |s1_vec_coeffs_U   |pqcrystals_dilithtde  |        2|  0|   0|    0|  1024|   32|     1|        32768|
    |t0_vec_coeffs_U   |pqcrystals_dilithtde  |        2|  0|   0|    0|  1024|   32|     1|        32768|
    |s2_vec_coeffs_U   |pqcrystals_dilithtde  |        2|  0|   0|    0|  1024|   32|     1|        32768|
    |y_vec_coeffs_U    |pqcrystals_dilithudo  |        2|  0|   0|    0|  1024|   19|     1|        19456|
    |z_vec_coeffs_U    |pqcrystals_dilithvdy  |        2|  0|   0|    0|  1024|   32|     1|        32768|
    |w1_vec_coeffs_U   |pqcrystals_dilithvdy  |        2|  0|   0|    0|  1024|   32|     1|        32768|
    |w0_vec_coeffs_U   |pqcrystals_dilithvdy  |        2|  0|   0|    0|  1024|   32|     1|        32768|
    |h_vec_coeffs_U    |pqcrystals_dilithvdy  |        2|  0|   0|    0|  1024|   32|     1|        32768|
    |state_s_U         |shake256_state_0_s    |        4|  0|   0|    0|    25|   64|     1|         1600|
    +------------------+----------------------+---------+---+----+-----+------+-----+------+-------------+
    |Total             |                      |       29|  0|   0|    0| 12785|  378|    13|       354560|
    +------------------+----------------------+---------+---+----+-----+------+-----+------+-------------+

    * FIFO: 
    N/A

    * Expression: 
    +----------------------------------+----------+-------+---+-----+------------+------------+
    |           Variable Name          | Operation| DSP48E| FF| LUT | Bitwidth P0| Bitwidth P1|
    +----------------------------------+----------+-------+---+-----+------------+------------+
    |mul_ln181_fu_3713_p2              |     *    |      4|  0|   21|          32|          32|
    |mul_ln19_fu_3731_p2               |     *    |      2|  0|   21|          24|          32|
    |t_fu_3723_p2                      |     *    |      4|  0|   21|          26|          32|
    |add_ln109_fu_4075_p2              |     +    |      0|  0|   19|          12|          12|
    |add_ln114_fu_3635_p2              |     +    |      0|  0|   18|          11|           1|
    |add_ln128_1_fu_2930_p2            |     +    |      0|  0|   15|           8|           1|
    |add_ln128_2_fu_2956_p2            |     +    |      0|  0|   15|           8|           1|
    |add_ln128_3_fu_2982_p2            |     +    |      0|  0|   15|           8|           1|
    |add_ln128_fu_2908_p2              |     +    |      0|  0|   15|           8|           1|
    |add_ln181_fu_3690_p2              |     +    |      0|  0|   19|          12|          12|
    |add_ln19_fu_3740_p2               |     +    |      0|  0|   71|          64|          64|
    |add_ln226_fu_3060_p2              |     +    |      0|  0|   19|          12|          12|
    |add_ln234_fu_4099_p2              |     +    |      0|  0|   18|          11|           1|
    |add_ln249_fu_4220_p2              |     +    |      0|  0|   19|          12|          12|
    |add_ln300_fu_3985_p2              |     +    |      0|  0|   19|          12|          12|
    |add_ln31_10_fu_2038_p2            |     +    |      0|  0|   15|           7|           6|
    |add_ln31_11_fu_2048_p2            |     +    |      0|  0|   15|           7|           6|
    |add_ln31_12_fu_2058_p2            |     +    |      0|  0|   15|           7|           6|
    |add_ln31_13_fu_3227_p2            |     +    |      0|  0|   15|           8|           7|
    |add_ln31_14_fu_3238_p2            |     +    |      0|  0|   15|           8|           7|
    |add_ln31_15_fu_3248_p2            |     +    |      0|  0|   15|           8|           7|
    |add_ln31_16_fu_3258_p2            |     +    |      0|  0|   15|           8|           7|
    |add_ln31_17_fu_3268_p2            |     +    |      0|  0|   15|           8|           7|
    |add_ln31_18_fu_3278_p2            |     +    |      0|  0|   15|           8|           7|
    |add_ln31_19_fu_3288_p2            |     +    |      0|  0|   15|           8|           7|
    |add_ln31_7_fu_2008_p2             |     +    |      0|  0|   15|           7|           6|
    |add_ln31_8_fu_2018_p2             |     +    |      0|  0|   15|           7|           6|
    |add_ln31_9_fu_2028_p2             |     +    |      0|  0|   15|           7|           6|
    |add_ln31_fu_1997_p2               |     +    |      0|  0|   15|           7|           6|
    |add_ln33_fu_3909_p2               |     +    |      0|  0|   19|          12|          12|
    |add_ln36_fu_3926_p2               |     +    |      0|  0|   39|          32|          23|
    |add_ln387_fu_2095_p2              |     +    |      0|  0|   12|           3|           1|
    |add_ln401_1_fu_2156_p2            |     +    |      0|  0|   15|           5|           3|
    |add_ln401_2_fu_3354_p2            |     +    |      0|  0|   15|           5|           3|
    |add_ln401_fu_2145_p2              |     +    |      0|  0|   19|          12|          12|
    |add_ln403_fu_2167_p2              |     +    |      0|  0|   71|          64|           8|
    |add_ln410_1_fu_2251_p2            |     +    |      0|  0|   19|          12|          12|
    |add_ln410_2_fu_2261_p2            |     +    |      0|  0|   71|          64|          64|
    |add_ln410_3_fu_3391_p2            |     +    |      0|  0|   15|           8|           7|
    |add_ln410_4_fu_3401_p2            |     +    |      0|  0|   17|          10|          10|
    |add_ln411_1_fu_3407_p2            |     +    |      0|  0|   17|          10|           8|
    |add_ln411_fu_2267_p2              |     +    |      0|  0|   71|          64|           8|
    |add_ln414_1_fu_2273_p2            |     +    |      0|  0|   71|          64|           9|
    |add_ln414_fu_3413_p2              |     +    |      0|  0|   17|          10|           9|
    |add_ln416_1_fu_2289_p2            |     +    |      0|  0|   15|           5|           1|
    |add_ln416_2_fu_3198_p2            |     +    |      0|  0|   12|           3|           1|
    |add_ln416_fu_1968_p2              |     +    |      0|  0|   12|           3|           1|
    |add_ln417_2_fu_2311_p2            |     +    |      0|  0|   19|          12|          12|
    |add_ln417_3_fu_2321_p2            |     +    |      0|  0|   71|          64|          64|
    |add_ln417_4_fu_2327_p2            |     +    |      0|  0|   15|           5|           5|
    |add_ln417_5_fu_3216_p2            |     +    |      0|  0|   15|           8|           7|
    |add_ln417_fu_1986_p2              |     +    |      0|  0|   15|           7|           6|
    |add_ln420_fu_2361_p2              |     +    |      0|  0|   16|           9|           9|
    |add_ln426_1_fu_2424_p2            |     +    |      0|  0|   21|          14|          12|
    |add_ln426_2_fu_2430_p2            |     +    |      0|  0|   14|          14|          14|
    |add_ln426_3_fu_2435_p2            |     +    |      0|  0|   14|          14|          14|
    |add_ln426_fu_2397_p2              |     +    |      0|  0|   21|          14|          14|
    |add_ln428_fu_2483_p2              |     +    |      0|  0|   17|          10|          10|
    |add_ln42_fu_3070_p2               |     +    |      0|  0|   39|           7|          32|
    |add_ln47_fu_2902_p2               |     +    |      0|  0|   23|          16|          16|
    |add_ln53_fu_3859_p2               |     +    |      0|  0|   18|          11|           1|
    |add_ln540_1_fu_3460_p2            |     +    |      0|  0|   12|           3|           1|
    |add_ln540_fu_2553_p2              |     +    |      0|  0|   12|           3|           1|
    |add_ln541_fu_2576_p2              |     +    |      0|  0|   15|           7|           8|
    |add_ln542_fu_2608_p2              |     +    |      0|  0|   15|           7|           8|
    |add_ln543_fu_2688_p2              |     +    |      0|  0|   15|           7|           8|
    |add_ln544_fu_2708_p2              |     +    |      0|  0|   15|           7|           8|
    |add_ln545_fu_2728_p2              |     +    |      0|  0|   15|           7|           8|
    |add_ln546_fu_2748_p2              |     +    |      0|  0|   15|           7|           8|
    |add_ln547_fu_2768_p2              |     +    |      0|  0|   15|           7|           8|
    |add_ln548_fu_2788_p2              |     +    |      0|  0|   15|           7|           8|
    |add_ln85_fu_3774_p2               |     +    |      0|  0|   18|          11|           1|
    |add_ln88_1_fu_4167_p2             |     +    |      0|  0|   39|          32|          32|
    |add_ln88_256_fu_3824_p2           |     +    |      0|  0|   19|          12|          12|
    |add_ln88_257_fu_4149_p2           |     +    |      0|  0|   19|          12|          12|
    |grp_fu_1907_p2                    |     +    |      0|  0|   71|          64|          64|
    |i_24_fu_2127_p2                   |     +    |      0|  0|   13|           4|           1|
    |i_25_fu_2233_p2                   |     +    |      0|  0|   15|           5|           1|
    |i_26_fu_2386_p2                   |     +    |      0|  0|   13|           4|           1|
    |i_27_fu_2418_p2                   |     +    |      0|  0|   39|           1|          32|
    |i_28_fu_2805_p2                   |     +    |      0|  0|   12|           3|           1|
    |i_29_fu_2844_p2                   |     +    |      0|  0|   12|           3|           1|
    |i_30_fu_2856_p2                   |     +    |      0|  0|   12|           3|           1|
    |i_31_fu_2868_p2                   |     +    |      0|  0|   12|           3|           1|
    |i_32_fu_2892_p2                   |     +    |      0|  0|   12|           3|           1|
    |i_33_fu_3014_p2                   |     +    |      0|  0|   12|           3|           1|
    |i_34_fu_3026_p2                   |     +    |      0|  0|   12|           3|           1|
    |i_35_fu_3176_p2                   |     +    |      0|  0|   15|           5|           1|
    |i_36_fu_3050_p2                   |     +    |      0|  0|   16|           9|           1|
    |i_37_fu_3335_p2                   |     +    |      0|  0|   13|           4|           1|
    |i_38_fu_3377_p2                   |     +    |      0|  0|   15|           5|           1|
    |i_40_fu_3641_p2                   |     +    |      0|  0|   12|           1|           3|
    |i_41_fu_3701_p2                   |     +    |      0|  0|   16|           1|           9|
    |i_42_fu_3762_p2                   |     +    |      0|  0|   12|           3|           1|
    |i_44_fu_3780_p2                   |     +    |      0|  0|   12|           3|           1|
    |i_45_fu_3836_p2                   |     +    |      0|  0|   16|           9|           1|
    |i_47_fu_3865_p2                   |     +    |      0|  0|   12|           3|           1|
    |i_48_fu_3920_p2                   |     +    |      0|  0|   16|           9|           1|
    |i_49_fu_3951_p2                   |     +    |      0|  0|   12|           3|           1|
    |i_50_fu_4041_p2                   |     +    |      0|  0|   12|           3|           1|
    |i_51_fu_3975_p2                   |     +    |      0|  0|   16|           9|           1|
    |i_52_fu_4065_p2                   |     +    |      0|  0|   16|           9|           1|
    |i_54_fu_4105_p2                   |     +    |      0|  0|   12|           3|           1|
    |i_55_fu_4161_p2                   |     +    |      0|  0|   16|           9|           1|
    |i_56_fu_4180_p2                   |     +    |      0|  0|   12|           3|           1|
    |i_57_fu_4210_p2                   |     +    |      0|  0|   16|           9|           1|
    |i_fu_1946_p2                      |     +    |      0|  0|   15|           5|           1|
    |j_fu_2817_p2                      |     +    |      0|  0|   12|           3|           1|
    |nonce_fu_2874_p2                  |     +    |      0|  0|   23|           1|          16|
    |s_1_fu_4298_p2                    |     +    |      0|  0|   16|           9|           9|
    |s_fu_4235_p2                      |     +    |      0|  0|   18|          11|          11|
    |z_vec_coeffs_d1                   |     +    |      0|  0|   39|          32|          32|
    |sub_ln109_fu_4086_p2              |     -    |      0|  0|   39|          32|          32|
    |sub_ln419_fu_2351_p2              |     -    |      0|  0|   71|          64|          64|
    |sub_ln48_fu_3102_p2               |     -    |      0|  0|   16|           6|           9|
    |sub_ln52_1_fu_3164_p2             |     -    |      0|  0|   39|          32|          32|
    |sub_ln52_fu_3143_p2               |     -    |      0|  0|   39|          22|          32|
    |t_15_fu_4023_p2                   |     -    |      0|  0|   39|          32|          32|
    |a1_1_fu_3130_p2                   |    and   |      0|  0|    8|           8|           8|
    |and_ln301_fu_4017_p2              |    and   |      0|  0|   32|          32|          32|
    |and_ln69_fu_4265_p2               |    and   |      0|  0|    2|           1|           1|
    |ap_block_state12_on_subcall_done  |    and   |      0|  0|    2|           1|           1|
    |icmp_ln100_1_fu_3008_p2           |   icmp   |      0|  0|    9|           3|           4|
    |icmp_ln100_fu_2838_p2             |   icmp   |      0|  0|    9|           3|           4|
    |icmp_ln107_fu_3756_p2             |   icmp   |      0|  0|    9|           3|           4|
    |icmp_ln108_fu_4059_p2             |   icmp   |      0|  0|   13|           9|          10|
    |icmp_ln114_fu_3629_p2             |   icmp   |      0|  0|   13|          11|          12|
    |icmp_ln128_1_fu_2945_p2           |   icmp   |      0|  0|   11|           8|           2|
    |icmp_ln128_2_fu_2971_p2           |   icmp   |      0|  0|   11|           8|           2|
    |icmp_ln128_3_fu_2997_p2           |   icmp   |      0|  0|   11|           8|           2|
    |icmp_ln128_fu_2919_p2             |   icmp   |      0|  0|   11|           8|           2|
    |icmp_ln158_fu_3945_p2             |   icmp   |      0|  0|    9|           3|           4|
    |icmp_ln179_fu_4198_p2             |   icmp   |      0|  0|   13|          11|           7|
    |icmp_ln180_fu_3647_p2             |   icmp   |      0|  0|   13|           9|          10|
    |icmp_ln20_fu_2799_p2              |   icmp   |      0|  0|    9|           3|           4|
    |icmp_ln21_fu_2811_p2              |   icmp   |      0|  0|    9|           3|           4|
    |icmp_ln225_fu_3044_p2             |   icmp   |      0|  0|   13|           9|          10|
    |icmp_ln234_fu_4093_p2             |   icmp   |      0|  0|   13|          11|          12|
    |icmp_ln248_fu_4204_p2             |   icmp   |      0|  0|   13|           9|          10|
    |icmp_ln252_fu_4035_p2             |   icmp   |      0|  0|    9|           3|           4|
    |icmp_ln282_1_fu_2862_p2           |   icmp   |      0|  0|    9|           3|           4|
    |icmp_ln282_fu_2850_p2             |   icmp   |      0|  0|    9|           3|           4|
    |icmp_ln298_fu_3969_p2             |   icmp   |      0|  0|   13|           9|          10|
    |icmp_ln303_fu_4029_p2             |   icmp   |      0|  0|   18|          32|          17|
    |icmp_ln32_fu_3871_p2              |   icmp   |      0|  0|   13|           9|          10|
    |icmp_ln362_1_fu_3170_p2           |   icmp   |      0|  0|   11|           5|           4|
    |icmp_ln362_fu_1940_p2             |   icmp   |      0|  0|   11|           5|           4|
    |icmp_ln371_fu_3020_p2             |   icmp   |      0|  0|    9|           3|           4|
    |icmp_ln387_fu_2106_p2             |   icmp   |      0|  0|    9|           3|           2|
    |icmp_ln392_fu_4174_p2             |   icmp   |      0|  0|    9|           3|           4|
    |icmp_ln399_fu_2112_p2             |   icmp   |      0|  0|   29|          64|           7|
    |icmp_ln400_1_fu_3329_p2           |   icmp   |      0|  0|    9|           4|           4|
    |icmp_ln400_fu_2121_p2             |   icmp   |      0|  0|    9|           4|           4|
    |icmp_ln408_1_fu_3365_p2           |   icmp   |      0|  0|   13|          10|           8|
    |icmp_ln408_fu_2189_p2             |   icmp   |      0|  0|   29|          64|           8|
    |icmp_ln409_1_fu_3371_p2           |   icmp   |      0|  0|   11|           5|           5|
    |icmp_ln409_fu_2227_p2             |   icmp   |      0|  0|   11|           5|           5|
    |icmp_ln416_1_fu_2284_p2           |   icmp   |      0|  0|   11|           5|           5|
    |icmp_ln416_2_fu_3192_p2           |   icmp   |      0|  0|    9|           3|           3|
    |icmp_ln416_fu_1962_p2             |   icmp   |      0|  0|    9|           3|           3|
    |icmp_ln422_fu_2370_p2             |   icmp   |      0|  0|   29|          64|          64|
    |icmp_ln423_fu_2380_p2             |   icmp   |      0|  0|   11|           4|           5|
    |icmp_ln425_fu_2413_p2             |   icmp   |      0|  0|   21|          33|          33|
    |icmp_ln46_fu_2886_p2              |   icmp   |      0|  0|    9|           3|           4|
    |icmp_ln53_fu_3853_p2              |   icmp   |      0|  0|   13|          11|          12|
    |icmp_ln540_1_fu_3454_p2           |   icmp   |      0|  0|    9|           3|           4|
    |icmp_ln540_fu_2547_p2             |   icmp   |      0|  0|    9|           3|           3|
    |icmp_ln69_1_fu_4247_p2            |   icmp   |      0|  0|   18|          32|          23|
    |icmp_ln69_2_fu_4253_p2            |   icmp   |      0|  0|   18|          32|          23|
    |icmp_ln69_3_fu_4259_p2            |   icmp   |      0|  0|   18|          32|           1|
    |icmp_ln69_fu_4241_p2              |   icmp   |      0|  0|   18|          32|          17|
    |icmp_ln85_fu_3768_p2              |   icmp   |      0|  0|   13|          11|          12|
    |icmp_ln87_1_fu_4111_p2            |   icmp   |      0|  0|   13|           9|          10|
    |icmp_ln87_fu_3786_p2              |   icmp   |      0|  0|   13|           9|          10|
    |or_ln542_1_fu_3498_p2             |    or    |      0|  0|    5|           5|           1|
    |or_ln542_fu_2598_p2               |    or    |      0|  0|    6|           6|           1|
    |or_ln543_1_fu_3569_p2             |    or    |      0|  0|    5|           5|           2|
    |or_ln543_fu_2679_p2               |    or    |      0|  0|    6|           6|           2|
    |or_ln544_1_fu_3579_p2             |    or    |      0|  0|    5|           5|           2|
    |or_ln544_fu_2699_p2               |    or    |      0|  0|    6|           6|           2|
    |or_ln545_1_fu_3589_p2             |    or    |      0|  0|    5|           5|           3|
    |or_ln545_fu_2719_p2               |    or    |      0|  0|    6|           6|           3|
    |or_ln546_1_fu_3599_p2             |    or    |      0|  0|    5|           5|           3|
    |or_ln546_fu_2739_p2               |    or    |      0|  0|    6|           6|           3|
    |or_ln547_1_fu_3609_p2             |    or    |      0|  0|    5|           5|           3|
    |or_ln547_fu_2759_p2               |    or    |      0|  0|    6|           6|           3|
    |or_ln548_1_fu_3619_p2             |    or    |      0|  0|    5|           5|           3|
    |or_ln548_fu_2779_p2               |    or    |      0|  0|    6|           6|           3|
    |or_ln69_1_fu_4277_p2              |    or    |      0|  0|    2|           1|           1|
    |or_ln69_fu_4271_p2                |    or    |      0|  0|    2|           1|           1|
    |select_ln115_1_fu_3661_p3         |  select  |      0|  0|    3|           1|           3|
    |select_ln115_fu_3653_p3           |  select  |      0|  0|    9|           1|           1|
    |select_ln235_1_fu_4125_p3         |  select  |      0|  0|    3|           1|           3|
    |select_ln235_fu_4117_p3           |  select  |      0|  0|    9|           1|           1|
    |select_ln48_fu_3122_p3            |  select  |      0|  0|    2|           1|           2|
    |select_ln52_fu_3156_p3            |  select  |      0|  0|   23|           1|          23|
    |select_ln54_1_fu_3885_p3          |  select  |      0|  0|    3|           1|           3|
    |select_ln54_fu_3877_p3            |  select  |      0|  0|    9|           1|           1|
    |select_ln86_1_fu_3800_p3          |  select  |      0|  0|    3|           1|           3|
    |select_ln86_fu_3792_p3            |  select  |      0|  0|    9|           1|           1|
    |t_14_fu_4003_p3                   |  select  |      0|  0|    2|           1|           2|
    |shl_ln450_fu_2522_p2              |    shl   |      0|  0|  182|           5|          64|
    |ap_enable_pp0                     |    xor   |      0|  0|    2|           1|           2|
    |ap_enable_pp1                     |    xor   |      0|  0|    2|           1|           2|
    |ap_enable_pp2                     |    xor   |      0|  0|    2|           1|           2|
    |ap_enable_pp3                     |    xor   |      0|  0|    2|           1|           2|
    |ap_enable_reg_pp0_iter1           |    xor   |      0|  0|    2|           2|           1|
    |ap_enable_reg_pp1_iter1           |    xor   |      0|  0|    2|           2|           1|
    |ap_enable_reg_pp2_iter1           |    xor   |      0|  0|    2|           2|           1|
    |ap_enable_reg_pp3_iter1           |    xor   |      0|  0|    2|           2|           1|
    |grp_fu_1900_p2                    |    xor   |      0|  0|   64|          64|          64|
    |xor_ln410_1_fu_3428_p2            |    xor   |      0|  0|   64|          64|          64|
    |xor_ln417_2_fu_3318_p2            |    xor   |      0|  0|   64|          64|          64|
    |xor_ln417_fu_2088_p2              |    xor   |      0|  0|   64|          64|          64|
    |xor_ln427_fu_2476_p2              |    xor   |      0|  0|   64|          64|          64|
    |xor_ln450_1_fu_3435_p2            |    xor   |      0|  0|   64|          64|           5|
    |xor_ln450_fu_2528_p2              |    xor   |      0|  0|   64|          64|          64|
    |xor_ln451_1_fu_3442_p2            |    xor   |      0|  0|   65|          64|          65|
    |xor_ln451_fu_2535_p2              |    xor   |      0|  0|   65|          64|          65|
    |xor_ln48_fu_3116_p2               |    xor   |      0|  0|    2|           1|           2|
    |xor_ln69_fu_4283_p2               |    xor   |      0|  0|    2|           1|           2|
    +----------------------------------+----------+-------+---+-----+------------+------------+
    |Total                             |          |     10|  0| 4128|        2902|        2417|
    +----------------------------------+----------+-------+---+-----+------------+------------+

    * Multiplexer: 
    +----------------------------------------------------+-----+-----------+-----+-----------+
    |                        Name                        | LUT | Input Size| Bits| Total Bits|
    +----------------------------------------------------+-----+-----------+-----+-----------+
    |ap_NS_fsm                                           |  605|        135|    1|        135|
    |ap_enable_reg_pp0_iter1                             |    9|          2|    1|          2|
    |ap_enable_reg_pp0_iter5                             |    9|          2|    1|          2|
    |ap_enable_reg_pp1_iter1                             |   15|          3|    1|          3|
    |ap_enable_reg_pp2_iter1                             |    9|          2|    1|          2|
    |ap_enable_reg_pp2_iter2                             |    9|          2|    1|          2|
    |ap_enable_reg_pp3_iter1                             |   15|          3|    1|          3|
    |ap_phi_mux_i_0_i35_phi_fu_1531_p4                   |    9|          2|    3|          6|
    |ap_phi_mux_i_0_i43_phi_fu_1576_p4                   |    9|          2|    3|          6|
    |ap_phi_mux_i_0_i52_phi_fu_1609_p4                   |    9|          2|    3|          6|
    |ap_phi_mux_i_0_i67_phi_fu_1686_p4                   |    9|          2|    3|          6|
    |ap_phi_mux_p_23_i_i65_phi_fu_1166_p4                |    9|          2|    1|          2|
    |ap_phi_mux_p_27_i_i64142_phi_fu_1154_p4             |    9|          2|    3|          6|
    |ap_phi_mux_p_2_i_i66_phi_fu_1178_p4                 |    9|          2|   64|        128|
    |cp_coeffs_address0                                  |   27|          5|    8|         40|
    |cp_coeffs_ce0                                       |   27|          5|    1|          5|
    |cp_coeffs_d0                                        |   15|          3|   32|         96|
    |cp_coeffs_we0                                       |   15|          3|    1|          3|
    |grp_load64_3_fu_1868_x_offset                       |   33|          6|   64|        384|
    |grp_pqcrystals_dilithium_19_fu_1841_a_offset        |   27|          5|    3|         15|
    |grp_pqcrystals_dilithium_19_fu_1841_a_q0            |   27|          5|   32|        160|
    |grp_pqcrystals_dilithium_3_fu_1882_v_vec_coeffs_q0  |   21|          4|   32|        128|
    |grp_pqcrystals_dilithium_4_fu_1861_v_vec_coeffs_q0  |   15|          3|   32|         96|
    |grp_pqcrystals_dilithium_6_fu_1818_v_vec_coeffs_q0  |   15|          3|   32|         96|
    |grp_pqcrystals_dilithium_6_fu_1818_v_vec_coeffs_q1  |   15|          3|   32|         96|
    |grp_pqcrystals_dilithium_7_fu_1887_bound            |   15|          3|   18|         54|
    |grp_pqcrystals_dilithium_7_fu_1887_v_vec_coeffs_q0  |   15|          3|   32|         96|
    |grp_pqcrystals_dilithium_8_fu_1895_v_vec_coeffs_q0  |   15|          3|   32|         96|
    |h_vec_coeffs_address0                               |   44|          9|   10|         90|
    |h_vec_coeffs_address1                               |   15|          3|   10|         30|
    |h_vec_coeffs_ce0                                    |   38|          7|    1|          7|
    |h_vec_coeffs_ce1                                    |   15|          3|    1|          3|
    |h_vec_coeffs_d0                                     |   21|          4|   32|        128|
    |h_vec_coeffs_we0                                    |   21|          4|    1|          4|
    |h_vec_coeffs_we1                                    |    9|          2|    1|          2|
    |i_0_i11_reg_1346                                    |    9|          2|    3|          6|
    |i_0_i127_reg_1299                                   |    9|          2|    3|          6|
    |i_0_i13_reg_1414                                    |    9|          2|    3|          6|
    |i_0_i35_reg_1527                                    |    9|          2|    3|          6|
    |i_0_i3_reg_1275                                     |    9|          2|    3|          6|
    |i_0_i41_reg_1549                                    |    9|          2|    3|          6|
    |i_0_i43_reg_1572                                    |    9|          2|    3|          6|
    |i_0_i4_reg_1311                                     |    9|          2|    3|          6|
    |i_0_i52_reg_1605                                    |    9|          2|    3|          6|
    |i_0_i59_reg_1649                                    |    9|          2|    3|          6|
    |i_0_i67_reg_1682                                    |    9|          2|    3|          6|
    |i_0_i6_reg_1323                                     |    9|          2|    3|          6|
    |i_0_i73_reg_1627                                    |    9|          2|    3|          6|
    |i_0_i74_reg_1704                                    |    9|          2|    3|          6|
    |i_0_i_i14_reg_1425                                  |    9|          2|    9|         18|
    |i_0_i_i17_reg_1436                                  |    9|          2|    5|         10|
    |i_0_i_i1_reg_1106                                   |    9|          2|    5|         10|
    |i_0_i_i36_reg_1538                                  |    9|          2|    9|         18|
    |i_0_i_i44_reg_1583                                  |    9|          2|    9|         18|
    |i_0_i_i54_reg_1616                                  |    9|          2|    9|         18|
    |i_0_i_i60_reg_1660                                  |    9|          2|    9|         18|
    |i_0_i_i68_reg_1693                                  |    9|          2|    9|         18|
    |i_0_i_i75_reg_1727                                  |    9|          2|    9|         18|
    |i_0_i_i_reg_1638                                    |    9|          2|    9|         18|
    |i_0_i_reg_1402                                      |    9|          2|    3|          6|
    |i_1_i_i62_reg_1139                                  |    9|          2|    4|          8|
    |i_1_i_i_reg_1458                                    |    9|          2|    4|          8|
    |i_2_i_i70_reg_1208                                  |    9|          2|    5|         10|
    |i_2_i_i_reg_1493                                    |    9|          2|    5|         10|
    |i_3_i35_reg_1505                                    |    9|          2|    3|          6|
    |i_3_i_i116_reg_1117                                 |    9|          2|    3|          6|
    |i_3_i_i34_reg_1447                                  |    9|          2|    3|          6|
    |i_3_i_i75_reg_1220                                  |    9|          2|    5|         10|
    |i_3_i_reg_1263                                      |    9|          2|    3|          6|
    |i_4_i_i77_reg_1231                                  |    9|          2|    4|          8|
    |i_5_i_i81_reg_1242                                  |    9|          2|   32|         64|
    |indvar_flatten15_reg_1594                           |    9|          2|   11|         22|
    |indvar_flatten23_reg_1671                           |    9|          2|   11|         22|
    |indvar_flatten7_reg_1561                            |    9|          2|   11|         22|
    |indvar_flatten_reg_1516                             |    9|          2|   11|         22|
    |indvars_iv_i_i68_reg_1185                           |    9|          2|   64|        128|
    |indvars_iv_i_i_reg_1469                             |    9|          2|   10|         20|
    |j_0_i_reg_1287                                      |    9|          2|    3|          6|
    |mat_vec_coeffs_address0                             |   15|          3|   12|         36|
    |mat_vec_coeffs_ce0                                  |   15|          3|    1|          3|
    |mat_vec_coeffs_ce1                                  |    9|          2|    1|          2|
    |mat_vec_coeffs_we0                                  |    9|          2|    1|          2|
    |n_reg_1715                                          |    9|          2|   11|         22|
    |nonce_assign_reg_1335                               |    9|          2|   16|         32|
    |p_27_i_i64142_reg_1150                              |    9|          2|    3|          6|
    |p_2_i_i66_reg_1175                                  |    9|          2|   64|        128|
    |p_38_rec_i_i69_reg_1196                             |    9|          2|   64|        128|
    |p_38_rec_i_i_reg_1481                               |    9|          2|   10|         20|
    |phi_ln128_1_reg_1369                                |    9|          2|    8|         16|
    |phi_ln128_2_reg_1380                                |    9|          2|    8|         16|
    |phi_ln128_3_reg_1391                                |    9|          2|    8|         16|
    |phi_ln128_reg_1358                                  |    9|          2|    8|         16|
    |phi_ln387_reg_1128                                  |    9|          2|    3|          6|
    |s1_vec_coeffs_address0                              |   21|          4|   10|         40|
    |s1_vec_coeffs_ce0                                   |   21|          4|    1|          4|
    |s1_vec_coeffs_ce1                                   |    9|          2|    1|          2|
    |s1_vec_coeffs_d0                                    |   15|          3|   32|         96|
    |s1_vec_coeffs_we0                                   |   15|          3|    1|          3|
    |s1_vec_coeffs_we1                                   |    9|          2|    1|          2|
    |s2_vec_coeffs_address0                              |   21|          4|   10|         40|
    |s2_vec_coeffs_ce0                                   |   21|          4|    1|          4|
    |s2_vec_coeffs_ce1                                   |    9|          2|    1|          2|
    |s2_vec_coeffs_d0                                    |   15|          3|   32|         96|
    |s2_vec_coeffs_we0                                   |   15|          3|    1|          3|
    |s2_vec_coeffs_we1                                   |    9|          2|    1|          2|
    |s_0_i_i_reg_1738                                    |    9|          2|    9|         18|
    |seedbuf_address0                                    |   85|         17|    8|        136|
    |seedbuf_address1                                    |   65|         16|    8|        128|
    |seedbuf_ce0                                         |   33|          6|    1|          6|
    |seedbuf_ce1                                         |   27|          5|    1|          5|
    |seedbuf_d0                                          |   38|          7|    8|         56|
    |seedbuf_d1                                          |   33|          6|    8|         48|
    |seedbuf_we0                                         |   21|          4|    1|          4|
    |seedbuf_we1                                         |   15|          3|    1|          3|
    |sig_address0                                        |   47|         10|   13|        130|
    |sig_address1                                        |   41|          8|   13|        104|
    |sig_ce0                                             |   33|          6|    1|          6|
    |sig_ce1                                             |   27|          5|    1|          5|
    |sig_d0                                              |   38|          7|    8|         56|
    |sig_d1                                              |   33|          6|    8|         48|
    |sig_we0                                             |   21|          4|    1|          4|
    |sig_we1                                             |   15|          3|    1|          3|
    |state_pos_reg_1253                                  |    9|          2|   10|         20|
    |state_s_address0                                    |  101|         21|    5|        105|
    |state_s_address1                                    |   38|          7|    5|         35|
    |state_s_ce0                                         |   15|          3|    1|          3|
    |state_s_ce1                                         |   15|          3|    1|          3|
    |state_s_d0                                          |   47|         10|   64|        640|
    |state_s_d1                                          |   21|          4|   64|        256|
    |state_s_we0                                         |   15|          3|    1|          3|
    |state_s_we1                                         |   15|          3|    1|          3|
    |t0_vec_coeffs_address0                              |   21|          4|   10|         40|
    |t0_vec_coeffs_ce0                                   |   21|          4|    1|          4|
    |t0_vec_coeffs_ce1                                   |    9|          2|    1|          2|
    |t0_vec_coeffs_d0                                    |   15|          3|   32|         96|
    |t0_vec_coeffs_we0                                   |   15|          3|    1|          3|
    |t0_vec_coeffs_we1                                   |    9|          2|    1|          2|
    |t_6_address0                                        |   38|          7|    3|         21|
    |t_6_address1                                        |   33|          6|    3|         18|
    |w0_vec_coeffs_address0                              |   41|          8|   10|         80|
    |w0_vec_coeffs_address1                              |   27|          5|   10|         50|
    |w0_vec_coeffs_ce0                                   |   27|          5|    1|          5|
    |w0_vec_coeffs_ce1                                   |   21|          4|    1|          4|
    |w0_vec_coeffs_d0                                    |   15|          3|   32|         96|
    |w0_vec_coeffs_d1                                    |   21|          4|   32|        128|
    |w0_vec_coeffs_we1                                   |   21|          4|    1|          4|
    |w1_vec_coeffs_address0                              |   44|          9|   10|         90|
    |w1_vec_coeffs_address1                              |   33|          6|   10|         60|
    |w1_vec_coeffs_ce0                                   |   38|          7|    1|          7|
    |w1_vec_coeffs_ce1                                   |   33|          6|    1|          6|
    |w1_vec_coeffs_d0                                    |   21|          4|   32|        128|
    |w1_vec_coeffs_d1                                    |   21|          4|   32|        128|
    |w1_vec_coeffs_we0                                   |   21|          4|    1|          4|
    |w1_vec_coeffs_we1                                   |   21|          4|    1|          4|
    |y_vec_coeffs_address0                               |   38|          7|   10|         70|
    |y_vec_coeffs_ce0                                    |   15|          3|    1|          3|
    |y_vec_coeffs_we0                                    |    9|          2|    1|          2|
    |z_vec_coeffs_address0                               |   53|         12|   10|        120|
    |z_vec_coeffs_address1                               |   33|          6|   10|         60|
    |z_vec_coeffs_ce0                                    |   33|          6|    1|          6|
    |z_vec_coeffs_ce1                                    |   21|          4|    1|          4|
    |z_vec_coeffs_d0                                     |   44|          9|   32|        288|
    |z_vec_coeffs_we0                                    |   21|          4|    1|          4|
    +----------------------------------------------------+-----+-----------+-----+-----------+
    |Total                                               | 3583|        735| 1660|       6684|
    +----------------------------------------------------+-----+-----------+-----+-----------+

    * Register: 
    +--------------------------------------------------+-----+----+-----+-----------+
    |                       Name                       |  FF | LUT| Bits| Const Bits|
    +--------------------------------------------------+-----+----+-----+-----------+
    |a1_1_reg_4930                                     |    8|   0|    8|          0|
    |add_ln128_1_reg_4824                              |    8|   0|    8|          0|
    |add_ln128_2_reg_4843                              |    8|   0|    8|          0|
    |add_ln128_3_reg_4862                              |    8|   0|    8|          0|
    |add_ln128_reg_4805                                |    8|   0|    8|          0|
    |add_ln410_2_reg_4478                              |   64|   0|   64|          0|
    |add_ln410_4_reg_5042                              |   10|   0|   10|          0|
    |add_ln411_1_reg_5047                              |   10|   0|   10|          0|
    |add_ln411_reg_4483                                |   64|   0|   64|          0|
    |add_ln414_1_reg_4488                              |   64|   0|   64|          0|
    |add_ln414_reg_5052                                |   10|   0|   10|          0|
    |add_ln416_1_reg_4501                              |    5|   0|    5|          0|
    |add_ln416_2_reg_4953                              |    3|   0|    3|          0|
    |add_ln416_reg_4346                                |    3|   0|    3|          0|
    |add_ln417_3_reg_4506                              |   64|   0|   64|          0|
    |add_ln417_4_reg_4511                              |    5|   0|    5|          0|
    |add_ln420_reg_4531                                |    6|   0|    9|          3|
    |add_ln426_reg_4559                                |   14|   0|   14|          0|
    |add_ln47_reg_4800                                 |   16|   0|   16|          0|
    |add_ln51_reg_4936                                 |   32|   0|   32|          0|
    |add_ln540_1_reg_5070                              |    3|   0|    3|          0|
    |add_ln540_reg_4681                                |    3|   0|    3|          0|
    |add_ln_reg_4747                                   |    5|   0|   10|          5|
    |ap_CS_fsm                                         |  134|   0|  134|          0|
    |ap_enable_reg_pp0_iter0                           |    1|   0|    1|          0|
    |ap_enable_reg_pp0_iter1                           |    1|   0|    1|          0|
    |ap_enable_reg_pp0_iter2                           |    1|   0|    1|          0|
    |ap_enable_reg_pp0_iter3                           |    1|   0|    1|          0|
    |ap_enable_reg_pp0_iter4                           |    1|   0|    1|          0|
    |ap_enable_reg_pp0_iter5                           |    1|   0|    1|          0|
    |ap_enable_reg_pp1_iter0                           |    1|   0|    1|          0|
    |ap_enable_reg_pp1_iter1                           |    1|   0|    1|          0|
    |ap_enable_reg_pp2_iter0                           |    1|   0|    1|          0|
    |ap_enable_reg_pp2_iter1                           |    1|   0|    1|          0|
    |ap_enable_reg_pp2_iter2                           |    1|   0|    1|          0|
    |ap_enable_reg_pp3_iter0                           |    1|   0|    1|          0|
    |ap_enable_reg_pp3_iter1                           |    1|   0|    1|          0|
    |cp_coeffs_load_reg_5159                           |   32|   0|   32|          0|
    |grp_KeccakF1600_StatePer_1_fu_1797_ap_start_reg   |    1|   0|    1|          0|
    |grp_load64_3_fu_1868_ap_start_reg                 |    1|   0|    1|          0|
    |grp_pqcrystals_dilithium_12_fu_1770_ap_start_reg  |    1|   0|    1|          0|
    |grp_pqcrystals_dilithium_13_fu_1757_ap_start_reg  |    1|   0|    1|          0|
    |grp_pqcrystals_dilithium_15_fu_1781_ap_start_reg  |    1|   0|    1|          0|
    |grp_pqcrystals_dilithium_17_fu_1853_ap_start_reg  |    1|   0|    1|          0|
    |grp_pqcrystals_dilithium_18_fu_1834_ap_start_reg  |    1|   0|    1|          0|
    |grp_pqcrystals_dilithium_19_fu_1841_ap_start_reg  |    1|   0|    1|          0|
    |grp_pqcrystals_dilithium_21_fu_1825_ap_start_reg  |    1|   0|    1|          0|
    |grp_pqcrystals_dilithium_2_fu_1804_ap_start_reg   |    1|   0|    1|          0|
    |grp_pqcrystals_dilithium_3_fu_1882_ap_start_reg   |    1|   0|    1|          0|
    |grp_pqcrystals_dilithium_4_fu_1861_ap_start_reg   |    1|   0|    1|          0|
    |grp_pqcrystals_dilithium_5_fu_1875_ap_start_reg   |    1|   0|    1|          0|
    |grp_pqcrystals_dilithium_6_fu_1818_ap_start_reg   |    1|   0|    1|          0|
    |grp_pqcrystals_dilithium_7_fu_1887_ap_start_reg   |    1|   0|    1|          0|
    |grp_pqcrystals_dilithium_8_fu_1895_ap_start_reg   |    1|   0|    1|          0|
    |grp_pqcrystals_dilithium_9_fu_1750_ap_start_reg   |    1|   0|    1|          0|
    |grp_shake256_fu_1790_ap_start_reg                 |    1|   0|    1|          0|
    |i_0_i11_reg_1346                                  |    3|   0|    3|          0|
    |i_0_i127_reg_1299                                 |    3|   0|    3|          0|
    |i_0_i13_reg_1414                                  |    3|   0|    3|          0|
    |i_0_i35_reg_1527                                  |    3|   0|    3|          0|
    |i_0_i3_reg_1275                                   |    3|   0|    3|          0|
    |i_0_i41_reg_1549                                  |    3|   0|    3|          0|
    |i_0_i43_reg_1572                                  |    3|   0|    3|          0|
    |i_0_i4_reg_1311                                   |    3|   0|    3|          0|
    |i_0_i52_reg_1605                                  |    3|   0|    3|          0|
    |i_0_i59_reg_1649                                  |    3|   0|    3|          0|
    |i_0_i67_reg_1682                                  |    3|   0|    3|          0|
    |i_0_i6_reg_1323                                   |    3|   0|    3|          0|
    |i_0_i73_reg_1627                                  |    3|   0|    3|          0|
    |i_0_i74_reg_1704                                  |    3|   0|    3|          0|
    |i_0_i_i14_reg_1425                                |    9|   0|    9|          0|
    |i_0_i_i17_reg_1436                                |    5|   0|    5|          0|
    |i_0_i_i1_reg_1106                                 |    5|   0|    5|          0|
    |i_0_i_i36_reg_1538                                |    9|   0|    9|          0|
    |i_0_i_i44_reg_1583                                |    9|   0|    9|          0|
    |i_0_i_i54_reg_1616                                |    9|   0|    9|          0|
    |i_0_i_i60_reg_1660                                |    9|   0|    9|          0|
    |i_0_i_i68_reg_1693                                |    9|   0|    9|          0|
    |i_0_i_i75_reg_1727                                |    9|   0|    9|          0|
    |i_0_i_i_reg_1638                                  |    9|   0|    9|          0|
    |i_0_i_reg_1402                                    |    3|   0|    3|          0|
    |i_1_i_i62_reg_1139                                |    4|   0|    4|          0|
    |i_1_i_i_reg_1458                                  |    4|   0|    4|          0|
    |i_24_reg_4421                                     |    4|   0|    4|          0|
    |i_25_reg_4473                                     |    5|   0|    5|          0|
    |i_27_reg_4572                                     |   32|   0|   32|          0|
    |i_28_reg_4734                                     |    3|   0|    3|          0|
    |i_29_reg_4755                                     |    3|   0|    3|          0|
    |i_2_i_i70_reg_1208                                |    5|   0|    5|          0|
    |i_2_i_i_reg_1493                                  |    5|   0|    5|          0|
    |i_30_reg_4763                                     |    3|   0|    3|          0|
    |i_31_reg_4771                                     |    3|   0|    3|          0|
    |i_32_reg_4795                                     |    3|   0|    3|          0|
    |i_33_reg_4884                                     |    3|   0|    3|          0|
    |i_34_reg_4892                                     |    3|   0|    3|          0|
    |i_36_reg_4905                                     |    9|   0|    9|          0|
    |i_37_reg_5016                                     |    4|   0|    4|          0|
    |i_38_reg_5037                                     |    5|   0|    5|          0|
    |i_3_i35_reg_1505                                  |    3|   0|    3|          0|
    |i_3_i_i116_reg_1117                               |    3|   0|    3|          0|
    |i_3_i_i34_reg_1447                                |    3|   0|    3|          0|
    |i_3_i_i75_reg_1220                                |    5|   0|    5|          0|
    |i_3_i_reg_1263                                    |    3|   0|    3|          0|
    |i_42_reg_5193                                     |    3|   0|    3|          0|
    |i_49_reg_5267                                     |    3|   0|    3|          0|
    |i_4_i_i77_reg_1231                                |    4|   0|    4|          0|
    |i_50_reg_5296                                     |    3|   0|    3|          0|
    |i_51_reg_5280                                     |    9|   0|    9|          0|
    |i_52_reg_5309                                     |    9|   0|    9|          0|
    |i_56_reg_5365                                     |    3|   0|    3|          0|
    |i_57_reg_5381                                     |    9|   0|    9|          0|
    |i_5_i_i81_reg_1242                                |   32|   0|   32|          0|
    |icmp_ln114_reg_5125                               |    1|   0|    1|          0|
    |icmp_ln128_1_reg_4839                             |    1|   0|    1|          0|
    |icmp_ln128_2_reg_4858                             |    1|   0|    1|          0|
    |icmp_ln128_3_reg_4877                             |    1|   0|    1|          0|
    |icmp_ln128_reg_4820                               |    1|   0|    1|          0|
    |icmp_ln158_reg_5263                               |    1|   0|    1|          0|
    |icmp_ln234_reg_5332                               |    1|   0|    1|          0|
    |icmp_ln399_reg_4414                               |    1|   0|    1|          0|
    |icmp_ln422_reg_4542                               |    1|   0|    1|          0|
    |icmp_ln53_reg_5228                                |    1|   0|    1|          0|
    |icmp_ln53_reg_5228_pp2_iter1_reg                  |    1|   0|    1|          0|
    |icmp_ln85_reg_5198                                |    1|   0|    1|          0|
    |indvar_flatten15_reg_1594                         |   11|   0|   11|          0|
    |indvar_flatten23_reg_1671                         |   11|   0|   11|          0|
    |indvar_flatten7_reg_1561                          |   11|   0|   11|          0|
    |indvar_flatten_reg_1516                           |   11|   0|   11|          0|
    |indvars_iv_i_i68_reg_1185                         |   64|   0|   64|          0|
    |indvars_iv_i_i_reg_1469                           |   10|   0|   10|          0|
    |j_0_i_reg_1287                                    |    3|   0|    3|          0|
    |j_reg_4742                                        |    3|   0|    3|          0|
    |mul_ln181_reg_5169                                |   64|   0|   64|          0|
    |mul_ln19_reg_5184                                 |   55|   0|   55|          0|
    |n_reg_1715                                        |   11|   0|   11|          0|
    |nonce_assign_reg_1335                             |   16|   0|   16|          0|
    |nonce_reg_4782                                    |   16|   0|   16|          0|
    |p_23_i_i65_reg_1162                               |    1|   0|    5|          4|
    |p_27_i_i64142_reg_1150                            |    3|   0|    7|          4|
    |p_2_i_i66_reg_1175                                |   64|   0|   64|          0|
    |p_38_rec_i_i69_reg_1196                           |   64|   0|   64|          0|
    |p_38_rec_i_i_reg_1481                             |   10|   0|   10|          0|
    |phi_ln128_1_reg_1369                              |    8|   0|    8|          0|
    |phi_ln128_2_reg_1380                              |    8|   0|    8|          0|
    |phi_ln128_3_reg_1391                              |    8|   0|    8|          0|
    |phi_ln128_reg_1358                                |    8|   0|    8|          0|
    |phi_ln387_reg_1128                                |    3|   0|    3|          0|
    |reg_1912                                          |    8|   0|    8|          0|
    |reg_1916                                          |    8|   0|    8|          0|
    |reg_1920                                          |    8|   0|    8|          0|
    |reg_1924                                          |    8|   0|    8|          0|
    |reg_1928                                          |    8|   0|    8|          0|
    |reg_1932                                          |    8|   0|    8|          0|
    |reg_1936                                          |   64|   0|   64|          0|
    |s1_vec_coeffs_load_reg_5164                       |   32|   0|   32|          0|
    |s_0_i_i_reg_1738                                  |    9|   0|    9|          0|
    |select_ln115_1_reg_5134                           |    3|   0|    3|          0|
    |select_ln235_1_reg_5341                           |    3|   0|    3|          0|
    |select_ln54_1_reg_5237                            |    3|   0|    3|          0|
    |select_ln86_1_reg_5207                            |    3|   0|    3|          0|
    |shl_ln17_reg_4691                                 |    3|   0|    6|          3|
    |shl_ln47_reg_4787                                 |   14|   0|   16|          2|
    |shl_ln541_1_reg_5085                              |    2|   0|    5|          3|
    |state_pos_reg_1253                                |   10|   0|   10|          0|
    |state_s_addr_14_reg_4371                          |    3|   0|    5|          2|
    |state_s_addr_15_reg_4431                          |    5|   0|    5|          0|
    |state_s_addr_16_reg_4546                          |    5|   0|    5|          0|
    |state_s_addr_17_reg_4493                          |    5|   0|    5|          0|
    |state_s_addr_18_reg_4592                          |    5|   0|    5|          0|
    |state_s_addr_19_reg_4667                          |    5|   0|    5|          0|
    |state_s_addr_24_reg_4978                          |    3|   0|    5|          2|
    |state_s_addr_25_reg_5026                          |    5|   0|    5|          0|
    |state_s_addr_27_reg_5062                          |    5|   0|    5|          0|
    |sub_ln419_reg_4521                                |   64|   0|   64|          0|
    |t_6_load_1_reg_4607                               |    8|   0|    8|          0|
    |t_6_load_2_reg_4622                               |    8|   0|    8|          0|
    |t_6_load_3_reg_4627                               |    8|   0|    8|          0|
    |t_6_load_4_reg_4642                               |    8|   0|    8|          0|
    |t_6_load_5_reg_4647                               |    8|   0|    8|          0|
    |t_6_load_reg_4602                                 |    8|   0|    8|          0|
    |t_reg_5179                                        |   32|   0|   32|          0|
    |tmp_127_reg_5324                                  |    1|   0|    1|          0|
    |tmp_226_reg_5328                                  |    1|   0|    1|          0|
    |tmp_537_reg_4464                                  |    5|   0|    5|          0|
    |tmp_538_reg_4829                                  |    8|   0|   64|         56|
    |tmp_539_reg_4848                                  |    8|   0|   64|         56|
    |tmp_540_reg_4867                                  |    8|   0|   64|         56|
    |trunc_ln12_reg_4701                               |    8|   0|    8|          0|
    |trunc_ln13_reg_4706                               |    8|   0|    8|          0|
    |trunc_ln14_reg_4711                               |    8|   0|    8|          0|
    |trunc_ln15_reg_4716                               |    8|   0|    8|          0|
    |trunc_ln16_reg_4721                               |    8|   0|    8|          0|
    |trunc_ln17_reg_4726                               |    8|   0|    8|          0|
    |trunc_ln18_2_reg_5174                             |   32|   0|   32|          0|
    |trunc_ln18_reg_4925                               |   25|   0|   25|          0|
    |trunc_ln20_reg_5258                               |    9|   0|    9|          0|
    |trunc_ln408_reg_4454                              |   14|   0|   14|          0|
    |trunc_ln419_reg_4526                              |   33|   0|   33|          0|
    |trunc_ln428_reg_4597                              |   10|   0|   10|          0|
    |trunc_ln541_2_reg_5080                            |    2|   0|    2|          0|
    |trunc_ln543_1_reg_5095                            |    8|   0|    8|          0|
    |trunc_ln544_1_reg_5100                            |    8|   0|    8|          0|
    |trunc_ln545_1_reg_5105                            |    8|   0|    8|          0|
    |trunc_ln546_1_reg_5110                            |    8|   0|    8|          0|
    |trunc_ln547_1_reg_5115                            |    8|   0|    8|          0|
    |trunc_ln548_1_reg_5120                            |    8|   0|    8|          0|
    |w0_vec_coeffs_addr_1_reg_5314                     |   10|   0|   10|          0|
    |w0_vec_coeffs_addr_2_reg_5346                     |   10|   0|   10|          0|
    |w1_vec_coeffs_addr_reg_4915                       |   10|   0|   10|          0|
    |w1_vec_coeffs_load_reg_4920                       |   32|   0|   32|          0|
    |z_vec_coeffs_addr_5_reg_5217                      |   10|   0|   10|          0|
    |z_vec_coeffs_addr_6_reg_5242                      |   10|   0|   10|          0|
    |z_vec_coeffs_addr_6_reg_5242_pp2_iter1_reg        |   10|   0|   10|          0|
    |z_vec_coeffs_load_1_reg_5253                      |   32|   0|   32|          0|
    |zext_ln104_reg_5301                               |    3|   0|   12|          9|
    |zext_ln128_reg_4810                               |    8|   0|   64|         56|
    |zext_ln181_524_reg_5139                           |   12|   0|   64|         52|
    |zext_ln221_reg_4897                               |    3|   0|   12|          9|
    |zext_ln226_1_reg_4910                             |   12|   0|   64|         52|
    |zext_ln244_reg_5370                               |    3|   0|   12|          9|
    |zext_ln249_1_reg_5386                             |   12|   0|   64|         52|
    |zext_ln287_reg_5272                               |    3|   0|   12|          9|
    |zext_ln401_1_reg_4426                             |    9|   0|   64|         55|
    |zext_ln401_3_reg_5021                             |    4|   0|   64|         60|
    |zext_ln408_1_reg_4441                             |    3|   0|   64|         61|
    |zext_ln408_2_reg_4446                             |    2|   0|    9|          7|
    |zext_ln408_reg_4436                               |    3|   0|   14|         11|
    |zext_ln410_5_reg_5057                             |   10|   0|   64|         54|
    |zext_ln417_4_reg_4459                             |    2|   0|    5|          3|
    |zext_ln417_7_reg_4958                             |    3|   0|    8|          5|
    |zext_ln417_reg_4351                               |    3|   0|    7|          4|
    |zext_ln419_reg_4516                               |    5|   0|   14|          9|
    |zext_ln420_reg_4536                               |    6|   0|   10|          4|
    |zext_ln425_reg_4564                               |   32|   0|   64|         32|
    |icmp_ln114_reg_5125                               |   64|  32|    1|          0|
    |mul_ln181_reg_5169                                |    1|   1|   64|          0|
    |zext_ln181_524_reg_5139                           |   64|  32|   64|         52|
    +--------------------------------------------------+-----+----+-----+-----------+
    |Total                                             | 2432|  65| 3181|        801|
    +--------------------------------------------------+-----+----+-----+-----------+



================================================================
== Interface
================================================================
* Summary: 
+--------------+-----+-----+------------+--------------------------+--------------+
|   RTL Ports  | Dir | Bits|  Protocol  |       Source Object      |    C Type    |
+--------------+-----+-----+------------+--------------------------+--------------+
|ap_clk        |  in |    1| ap_ctrl_hs | pqcrystals_dilithium.1.1 | return value |
|ap_rst        |  in |    1| ap_ctrl_hs | pqcrystals_dilithium.1.1 | return value |
|ap_start      |  in |    1| ap_ctrl_hs | pqcrystals_dilithium.1.1 | return value |
|ap_done       | out |    1| ap_ctrl_hs | pqcrystals_dilithium.1.1 | return value |
|ap_idle       | out |    1| ap_ctrl_hs | pqcrystals_dilithium.1.1 | return value |
|ap_ready      | out |    1| ap_ctrl_hs | pqcrystals_dilithium.1.1 | return value |
|sig_address0  | out |   13|  ap_memory |            sig           |     array    |
|sig_ce0       | out |    1|  ap_memory |            sig           |     array    |
|sig_we0       | out |    1|  ap_memory |            sig           |     array    |
|sig_d0        | out |    8|  ap_memory |            sig           |     array    |
|sig_q0        |  in |    8|  ap_memory |            sig           |     array    |
|sig_address1  | out |   13|  ap_memory |            sig           |     array    |
|sig_ce1       | out |    1|  ap_memory |            sig           |     array    |
|sig_we1       | out |    1|  ap_memory |            sig           |     array    |
|sig_d1        | out |    8|  ap_memory |            sig           |     array    |
|sig_q1        |  in |    8|  ap_memory |            sig           |     array    |
|mlen          |  in |   64|   ap_none  |           mlen           |    scalar    |
|sk_address0   | out |   12|  ap_memory |            sk            |     array    |
|sk_ce0        | out |    1|  ap_memory |            sk            |     array    |
|sk_q0         |  in |    8|  ap_memory |            sk            |     array    |
|sk_address1   | out |   12|  ap_memory |            sk            |     array    |
|sk_ce1        | out |    1|  ap_memory |            sk            |     array    |
|sk_q1         |  in |    8|  ap_memory |            sk            |     array    |
+--------------+-----+-----+------------+--------------------------+--------------+

