

================================================================
== Vivado HLS Report for 'pqcrystals_dilithium_15'
================================================================
* Date:           Thu Apr 13 22:47:39 2023

* Version:        2019.2 (Build 2704478 on Wed Nov 06 22:10:23 MST 2019)
* Project:        Phase2
* Solution:       Latency
* Product family: artix7
* Target device:  xc7a200t-fbg676-2


================================================================
== Performance Estimates
================================================================
+ Timing: 
    * Summary: 
    +--------+----------+----------+------------+
    |  Clock |  Target  | Estimated| Uncertainty|
    +--------+----------+----------+------------+
    |ap_clk  | 10.00 ns | 6.812 ns |   1.25 ns  |
    +--------+----------+----------+------------+

+ Latency: 
    * Summary: 
    +---------+---------+----------+-----------+-----+------+---------+
    |  Latency (cycles) |  Latency (absolute)  |  Interval  | Pipeline|
    |   min   |   max   |    min   |    max    | min |  max |   Type  |
    +---------+---------+----------+-----------+-----+------+---------+
    |      684|     5598| 6.840 us | 55.980 us |  684|  5598|   none  |
    +---------+---------+----------+-----------+-----+------+---------+

    + Detail: 
        * Instance: 
        +-----------------------------------+------------------------+---------+---------+----------+----------+-----+-----+---------+
        |                                   |                        |  Latency (cycles) |  Latency (absolute) |  Interval | Pipeline|
        |              Instance             |         Module         |   min   |   max   |    min   |    max   | min | max |   Type  |
        +-----------------------------------+------------------------+---------+---------+----------+----------+-----+-----+---------+
        |grp_KeccakF1600_StatePer_1_fu_589  |KeccakF1600_StatePer_1  |       39|       39| 0.390 us | 0.390 us |   39|   39|   none  |
        +-----------------------------------+------------------------+---------+---------+----------+----------+-----+-----+---------+

        * Loop: 
        +--------------------------------------------------------+---------+---------+----------+-----------+-----------+------+----------+
        |                                                        |  Latency (cycles) | Iteration|  Initiation Interval  | Trip |          |
        |                        Loop Name                       |   min   |   max   |  Latency |  achieved |   target  | Count| Pipelined|
        +--------------------------------------------------------+---------+---------+----------+-----------+-----------+------+----------+
        |- Loop 1                                                |       25|       25|         1|          -|          -|    25|    no    |
        |- Loop 2                                                |       20|       20|         5|          -|          -|     4|    no    |
        |- Loop 3                                                |       85|       85|         5|          -|          -|    17|    no    |
        |- Loop 4                                                |       16|       16|         2|          -|          -|     8|    no    |
        |- Loop 5                                                |      256|      256|         1|          -|          -|   256|    no    |
        |- pqcrystals_dilithium2_ref_poly_challenge_label2       |      234|     5148|  6 ~ 132 |          -|          -|    39|    no    |
        | + pqcrystals_dilithium2_ref_poly_challenge_label3      |        2|      128|  3 ~ 129 |          -|          -|     0|    no    |
        |  ++ pqcrystals_dilithium2_ref_poly_challenge_label3.1  |       85|       85|         5|          -|          -|    17|    no    |
        +--------------------------------------------------------+---------+---------+----------+-----------+-----------+------+----------+



================================================================
== Utilization Estimates
================================================================
* Summary: 
+-----------------+---------+-------+--------+--------+-----+
|       Name      | BRAM_18K| DSP48E|   FF   |   LUT  | URAM|
+-----------------+---------+-------+--------+--------+-----+
|DSP              |        -|      -|       -|       -|    -|
|Expression       |        -|      -|       0|     847|    -|
|FIFO             |        -|      -|       -|       -|    -|
|Instance         |        2|      -|    3108|   16902|    -|
|Memory           |        5|      -|       0|       0|    0|
|Multiplexer      |        -|      -|       -|     706|    -|
|Register         |        -|      -|     584|       -|    -|
+-----------------+---------+-------+--------+--------+-----+
|Total            |        7|      0|    3692|   18455|    0|
+-----------------+---------+-------+--------+--------+-----+
|Available        |      730|    740|  269200|  134600|    0|
+-----------------+---------+-------+--------+--------+-----+
|Utilization (%)  |    ~0   |      0|       1|      13|    0|
+-----------------+---------+-------+--------+--------+-----+

+ Detail: 
    * Instance: 
    +-----------------------------------+------------------------+---------+-------+------+-------+-----+
    |              Instance             |         Module         | BRAM_18K| DSP48E|  FF  |  LUT  | URAM|
    +-----------------------------------+------------------------+---------+-------+------+-------+-----+
    |grp_KeccakF1600_StatePer_1_fu_589  |KeccakF1600_StatePer_1  |        2|      0|  3108|  16902|    0|
    +-----------------------------------+------------------------+---------+-------+------+-------+-----+
    |Total                              |                        |        2|      0|  3108|  16902|    0|
    +-----------------------------------+------------------------+---------+-------+------+-------+-----+

    * DSP48E: 
    N/A

    * Memory: 
    +-----------+----------------------+---------+---+----+-----+------+-----+------+-------------+
    |   Memory  |        Module        | BRAM_18K| FF| LUT| URAM| Words| Bits| Banks| W*Bits*Banks|
    +-----------+----------------------+---------+---+----+-----+------+-----+------+-------------+
    |buf_U      |pqcrystals_dilithncg  |        1|  0|   0|    0|   136|    8|     1|         1088|
    |state_s_U  |shake256_state_0_s    |        4|  0|   0|    0|    25|   64|     1|         1600|
    +-----------+----------------------+---------+---+----+-----+------+-----+------+-------------+
    |Total      |                      |        5|  0|   0|    0|   161|   72|     2|         2688|
    +-----------+----------------------+---------+---+----+-----+------+-----+------+-------------+

    * FIFO: 
    N/A

    * Expression: 
    +-------------------------+----------+-------+---+-----+------------+------------+
    |      Variable Name      | Operation| DSP48E| FF| LUT | Bitwidth P0| Bitwidth P1|
    +-------------------------+----------+-------+---+-----+------------+------------+
    |add_ln416_fu_624_p2      |     +    |      0|  0|   12|           3|           1|
    |add_ln476_1_fu_1014_p2   |     +    |      0|  0|   15|           5|           1|
    |add_ln476_fu_759_p2      |     +    |      0|  0|   15|           5|           1|
    |i_18_fu_936_p2           |     +    |      0|  0|   13|           4|           1|
    |i_19_fu_985_p2           |     +    |      0|  0|   16|           9|           1|
    |i_20_fu_1234_p2          |     +    |      0|  0|   16|           1|           9|
    |i_fu_602_p2              |     +    |      0|  0|   15|           5|           1|
    |pos_fu_1185_p2           |     +    |      0|  0|   39|          32|           1|
    |sub_ln540_fu_1247_p2     |     -    |      0|  0|   10|           1|           2|
    |icmp_ln362_fu_596_p2     |   icmp   |      0|  0|   11|           5|           4|
    |icmp_ln416_fu_618_p2     |   icmp   |      0|  0|    9|           3|           4|
    |icmp_ln476_1_fu_1008_p2  |   icmp   |      0|  0|   11|           5|           5|
    |icmp_ln476_fu_753_p2     |   icmp   |      0|  0|   11|           5|           5|
    |icmp_ln523_fu_930_p2     |   icmp   |      0|  0|   11|           4|           5|
    |icmp_ln527_fu_979_p2     |   icmp   |      0|  0|   13|           9|          10|
    |icmp_ln529_fu_996_p2     |   icmp   |      0|  0|   13|           9|          10|
    |icmp_ln531_fu_1002_p2    |   icmp   |      0|  0|   18|          32|           8|
    |icmp_ln537_fu_1200_p2    |   icmp   |      0|  0|   13|           9|           9|
    |or_ln31_1_fu_658_p2      |    or    |      0|  0|    5|           5|           2|
    |or_ln31_2_fu_668_p2      |    or    |      0|  0|    5|           5|           2|
    |or_ln31_3_fu_678_p2      |    or    |      0|  0|    5|           5|           3|
    |or_ln31_4_fu_688_p2      |    or    |      0|  0|    5|           5|           3|
    |or_ln31_5_fu_698_p2      |    or    |      0|  0|    5|           5|           3|
    |or_ln31_6_fu_708_p2      |    or    |      0|  0|    5|           5|           3|
    |or_ln31_fu_647_p2        |    or    |      0|  0|    5|           5|           1|
    |or_ln48_10_fu_1145_p2    |    or    |      0|  0|    8|           8|           3|
    |or_ln48_11_fu_1155_p2    |    or    |      0|  0|    8|           8|           3|
    |or_ln48_12_fu_1165_p2    |    or    |      0|  0|    8|           8|           3|
    |or_ln48_13_fu_1175_p2    |    or    |      0|  0|    8|           8|           3|
    |or_ln48_1_fu_870_p2      |    or    |      0|  0|    8|           8|           2|
    |or_ln48_2_fu_880_p2      |    or    |      0|  0|    8|           8|           2|
    |or_ln48_3_fu_890_p2      |    or    |      0|  0|    8|           8|           3|
    |or_ln48_4_fu_900_p2      |    or    |      0|  0|    8|           8|           3|
    |or_ln48_5_fu_910_p2      |    or    |      0|  0|    8|           8|           3|
    |or_ln48_6_fu_920_p2      |    or    |      0|  0|    8|           8|           3|
    |or_ln48_7_fu_1054_p2     |    or    |      0|  0|    8|           8|           1|
    |or_ln48_8_fu_1125_p2     |    or    |      0|  0|    8|           8|           2|
    |or_ln48_9_fu_1135_p2     |    or    |      0|  0|    8|           8|           2|
    |or_ln48_fu_799_p2        |    or    |      0|  0|    8|           8|           1|
    |signs_fu_973_p2          |    or    |      0|  0|   64|          64|          64|
    |shl_ln524_fu_967_p2      |    shl   |      0|  0|  182|          64|          64|
    |xor_ln417_fu_732_p2      |    xor   |      0|  0|   64|          64|          64|
    |xor_ln450_fu_739_p2      |    xor   |      0|  0|   64|          64|           5|
    |xor_ln451_fu_746_p2      |    xor   |      0|  0|   65|          64|          65|
    +-------------------------+----------+-------+---+-----+------------+------------+
    |Total                    |          |      0|  0|  847|         613|         391|
    +-------------------------+----------+-------+---+-----+------------+------------+

    * Multiplexer: 
    +---------------------+-----+-----------+-----+-----------+
    |         Name        | LUT | Input Size| Bits| Total Bits|
    +---------------------+-----+-----------+-----+-----------+
    |ap_NS_fsm            |  141|         31|    1|         31|
    |buf_address0         |   47|         10|    8|         80|
    |buf_address1         |   47|         10|    8|         80|
    |buf_d0               |   44|          9|    8|         72|
    |buf_d1               |   44|          9|    8|         72|
    |c_coeffs_address0    |   27|          5|    8|         40|
    |c_coeffs_d0          |   21|          4|   32|        128|
    |i_0_i_i10_0_reg_565  |    9|          2|    5|         10|
    |i_0_i_i14_0_reg_472  |    9|          2|    5|         10|
    |i_0_i_i_reg_450      |    9|          2|    5|         10|
    |i_0_reg_484          |    9|          2|    4|          8|
    |i_1_reg_508          |    9|          2|    9|         18|
    |i_2_reg_519          |    9|          2|    9|         18|
    |i_3_i_i_reg_461      |    9|          2|    3|          6|
    |pos_0_reg_531        |    9|          2|   32|         64|
    |pos_1_reg_554        |    9|          2|   32|         64|
    |pos_2_reg_577        |    9|          2|   32|         64|
    |seed_address0        |   27|          5|   13|         65|
    |seed_address1        |   27|          5|   13|         65|
    |signs_0_reg_496      |    9|          2|   64|        128|
    |signs_1_reg_543      |    9|          2|   64|        128|
    |state_s_address0     |   38|          7|    5|         35|
    |state_s_address1     |   33|          6|    5|         30|
    |state_s_ce0          |   15|          3|    1|          3|
    |state_s_ce1          |   15|          3|    1|          3|
    |state_s_d0           |   27|          5|   64|        320|
    |state_s_d1           |   15|          3|   64|        192|
    |state_s_we0          |   15|          3|    1|          3|
    |state_s_we1          |   15|          3|    1|          3|
    +---------------------+-----+-----------+-----+-----------+
    |Total                |  706|        145|  505|       1750|
    +---------------------+-----+-----------+-----+-----------+

    * Register: 
    +------------------------------------------------+----+----+-----+-----------+
    |                      Name                      | FF | LUT| Bits| Const Bits|
    +------------------------------------------------+----+----+-----+-----------+
    |add_ln416_reg_1269                              |   3|   0|    3|          0|
    |add_ln476_1_reg_1460                            |   5|   0|    5|          0|
    |add_ln476_reg_1375                              |   5|   0|    5|          0|
    |ap_CS_fsm                                       |  30|   0|   30|          0|
    |c_coeffs_addr_1_reg_1524                        |   8|   0|    8|          0|
    |grp_KeccakF1600_StatePer_1_fu_589_ap_start_reg  |   1|   0|    1|          0|
    |i_0_i_i10_0_reg_565                             |   5|   0|    5|          0|
    |i_0_i_i14_0_reg_472                             |   5|   0|    5|          0|
    |i_0_i_i_reg_450                                 |   5|   0|    5|          0|
    |i_0_reg_484                                     |   4|   0|    4|          0|
    |i_18_reg_1428                                   |   4|   0|    4|          0|
    |i_1_reg_508                                     |   9|   0|    9|          0|
    |i_20_reg_1539                                   |   9|   0|    9|          0|
    |i_2_reg_519                                     |   9|   0|    9|          0|
    |i_3_i_i_reg_461                                 |   3|   0|    3|          0|
    |pos_0_reg_531                                   |  32|   0|   32|          0|
    |pos_1_reg_554                                   |  32|   0|   32|          0|
    |pos_2_reg_577                                   |  32|   0|   32|          0|
    |pos_reg_1510                                    |  32|   0|   32|          0|
    |seed_load_1_reg_1317                            |   8|   0|    8|          0|
    |seed_load_2_reg_1332                            |   8|   0|    8|          0|
    |seed_load_3_reg_1337                            |   8|   0|    8|          0|
    |seed_load_4_reg_1352                            |   8|   0|    8|          0|
    |seed_load_5_reg_1357                            |   8|   0|    8|          0|
    |seed_load_reg_1312                              |   8|   0|    8|          0|
    |shl_ln2_reg_1385                                |   5|   0|    8|          3|
    |shl_ln477_2_reg_1470                            |   5|   0|    8|          3|
    |shl_ln_reg_1274                                 |   2|   0|    5|          3|
    |signs_0_reg_496                                 |  64|   0|   64|          0|
    |signs_1_reg_543                                 |  64|   0|   64|          0|
    |signs_3_reg_1534                                |  63|   0|   64|          1|
    |state_s_addr_6_reg_1294                         |   3|   0|    5|          2|
    |trunc_ln48_10_reg_1485                          |   8|   0|    8|          0|
    |trunc_ln48_11_reg_1490                          |   8|   0|    8|          0|
    |trunc_ln48_12_reg_1495                          |   8|   0|    8|          0|
    |trunc_ln48_13_reg_1500                          |   8|   0|    8|          0|
    |trunc_ln48_14_reg_1505                          |   8|   0|    8|          0|
    |trunc_ln48_1_reg_1395                           |   8|   0|    8|          0|
    |trunc_ln48_2_reg_1400                           |   8|   0|    8|          0|
    |trunc_ln48_3_reg_1405                           |   8|   0|    8|          0|
    |trunc_ln48_4_reg_1410                           |   8|   0|    8|          0|
    |trunc_ln48_5_reg_1415                           |   8|   0|    8|          0|
    |trunc_ln48_6_reg_1420                           |   8|   0|    8|          0|
    |trunc_ln48_9_reg_1480                           |   8|   0|    8|          0|
    |trunc_ln540_reg_1529                            |   1|   0|    1|          0|
    +------------------------------------------------+----+----+-----+-----------+
    |Total                                           | 584|   0|  596|         12|
    +------------------------------------------------+----+----+-----+-----------+



================================================================
== Interface
================================================================
* Summary: 
+-------------------+-----+-----+------------+-------------------------+--------------+
|     RTL Ports     | Dir | Bits|  Protocol  |      Source Object      |    C Type    |
+-------------------+-----+-----+------------+-------------------------+--------------+
|ap_clk             |  in |    1| ap_ctrl_hs | pqcrystals_dilithium.15 | return value |
|ap_rst             |  in |    1| ap_ctrl_hs | pqcrystals_dilithium.15 | return value |
|ap_start           |  in |    1| ap_ctrl_hs | pqcrystals_dilithium.15 | return value |
|ap_done            | out |    1| ap_ctrl_hs | pqcrystals_dilithium.15 | return value |
|ap_idle            | out |    1| ap_ctrl_hs | pqcrystals_dilithium.15 | return value |
|ap_ready           | out |    1| ap_ctrl_hs | pqcrystals_dilithium.15 | return value |
|c_coeffs_address0  | out |    8|  ap_memory |         c_coeffs        |     array    |
|c_coeffs_ce0       | out |    1|  ap_memory |         c_coeffs        |     array    |
|c_coeffs_we0       | out |    1|  ap_memory |         c_coeffs        |     array    |
|c_coeffs_d0        | out |   32|  ap_memory |         c_coeffs        |     array    |
|c_coeffs_q0        |  in |   32|  ap_memory |         c_coeffs        |     array    |
|seed_address0      | out |   13|  ap_memory |           seed          |     array    |
|seed_ce0           | out |    1|  ap_memory |           seed          |     array    |
|seed_q0            |  in |    8|  ap_memory |           seed          |     array    |
|seed_address1      | out |   13|  ap_memory |           seed          |     array    |
|seed_ce1           | out |    1|  ap_memory |           seed          |     array    |
|seed_q1            |  in |    8|  ap_memory |           seed          |     array    |
+-------------------+-----+-----+------------+-------------------------+--------------+

