

================================================================
== Vivado HLS Report for 'pqcrystals_dilithium_6'
================================================================
* Date:           Thu Apr 13 22:47:28 2023

* Version:        2019.2 (Build 2704478 on Wed Nov 06 22:10:23 MST 2019)
* Project:        Phase2
* Solution:       Latency
* Product family: artix7
* Target device:  xc7a200t-fbg676-2


================================================================
== Performance Estimates
================================================================
+ Timing: 
    * Summary: 
    +--------+----------+----------+------------+
    |  Clock |  Target  | Estimated| Uncertainty|
    +--------+----------+----------+------------+
    |ap_clk  | 10.00 ns | 7.724 ns |   1.25 ns  |
    +--------+----------+----------+------------+

+ Latency: 
    * Summary: 
    +---------+----------+-----------+-----------+------+----------+---------+
    |  Latency (cycles)  |   Latency (absolute)  |     Interval    | Pipeline|
    |   min   |    max   |    min    |    max    |  min |    max   |   Type  |
    +---------+----------+-----------+-----------+------+----------+---------+
    |     1125|  16802917| 11.250 us | 0.168 sec |  1125|  16802917|   none  |
    +---------+----------+-----------+-----------+------+----------+---------+

    + Detail: 
        * Instance: 
        +-----------------------------------+-------------------------+---------+---------+----------+-----------+-----+---------+---------+
        |                                   |                         |  Latency (cycles) |  Latency (absolute)  |    Interval   | Pipeline|
        |              Instance             |          Module         |   min   |   max   |    min   |    max    | min |   max   |   Type  |
        +-----------------------------------+-------------------------+---------+---------+----------+-----------+-----+---------+---------+
        |grp_pqcrystals_dilithium_21_fu_28  |pqcrystals_dilithium_21  |      279|  4200727| 2.790 us | 42.007 ms |  279|  4200727|   none  |
        +-----------------------------------+-------------------------+---------+---------+----------+-----------+-----+---------+---------+

        * Loop: 
        +----------+---------+----------+---------------+-----------+-----------+------+----------+
        |          |  Latency (cycles)  |   Iteration   |  Initiation Interval  | Trip |          |
        | Loop Name|   min   |    max   |    Latency    |  achieved |   target  | Count| Pipelined|
        +----------+---------+----------+---------------+-----------+-----------+------+----------+
        |- Loop 1  |     1124|  16802916| 281 ~ 4200729 |          -|          -|     4|    no    |
        +----------+---------+----------+---------------+-----------+-----------+------+----------+



================================================================
== Utilization Estimates
================================================================
* Summary: 
+-----------------+---------+-------+--------+--------+-----+
|       Name      | BRAM_18K| DSP48E|   FF   |   LUT  | URAM|
+-----------------+---------+-------+--------+--------+-----+
|DSP              |        -|      -|       -|       -|    -|
|Expression       |        -|      -|       0|      21|    -|
|FIFO             |        -|      -|       -|       -|    -|
|Instance         |        3|     16|     826|     903|    -|
|Memory           |        -|      -|       -|       -|    -|
|Multiplexer      |        -|      -|       -|      30|    -|
|Register         |        -|      -|      10|       -|    -|
+-----------------+---------+-------+--------+--------+-----+
|Total            |        3|     16|     836|     954|    0|
+-----------------+---------+-------+--------+--------+-----+
|Available        |      730|    740|  269200|  134600|    0|
+-----------------+---------+-------+--------+--------+-----+
|Utilization (%)  |    ~0   |      2|   ~0   |   ~0   |    0|
+-----------------+---------+-------+--------+--------+-----+

+ Detail: 
    * Instance: 
    +-----------------------------------+-------------------------+---------+-------+-----+-----+-----+
    |              Instance             |          Module         | BRAM_18K| DSP48E|  FF | LUT | URAM|
    +-----------------------------------+-------------------------+---------+-------+-----+-----+-----+
    |grp_pqcrystals_dilithium_21_fu_28  |pqcrystals_dilithium_21  |        3|     16|  826|  903|    0|
    +-----------------------------------+-------------------------+---------+-------+-----+-----+-----+
    |Total                              |                         |        3|     16|  826|  903|    0|
    +-----------------------------------+-------------------------+---------+-------+-----+-----+-----+

    * DSP48E: 
    N/A

    * Memory: 
    N/A

    * FIFO: 
    N/A

    * Expression: 
    +---------------------+----------+-------+---+----+------------+------------+
    |    Variable Name    | Operation| DSP48E| FF| LUT| Bitwidth P0| Bitwidth P1|
    +---------------------+----------+-------+---+----+------------+------------+
    |i_fu_44_p2           |     +    |      0|  0|  12|           3|           1|
    |icmp_ln298_fu_38_p2  |   icmp   |      0|  0|   9|           3|           4|
    +---------------------+----------+-------+---+----+------------+------------+
    |Total                |          |      0|  0|  21|           6|           5|
    +---------------------+----------+-------+---+----+------------+------------+

    * Multiplexer: 
    +------------+----+-----------+-----+-----------+
    |    Name    | LUT| Input Size| Bits| Total Bits|
    +------------+----+-----------+-----+-----------+
    |ap_NS_fsm   |  21|          4|    1|          4|
    |i_0_reg_16  |   9|          2|    3|          6|
    +------------+----+-----------+-----+-----------+
    |Total       |  30|          6|    4|         10|
    +------------+----+-----------+-----+-----------+

    * Register: 
    +------------------------------------------------+---+----+-----+-----------+
    |                      Name                      | FF| LUT| Bits| Const Bits|
    +------------------------------------------------+---+----+-----+-----------+
    |ap_CS_fsm                                       |  3|   0|    3|          0|
    |grp_pqcrystals_dilithium_21_fu_28_ap_start_reg  |  1|   0|    1|          0|
    |i_0_reg_16                                      |  3|   0|    3|          0|
    |i_reg_53                                        |  3|   0|    3|          0|
    +------------------------------------------------+---+----+-----+-----------+
    |Total                                           | 10|   0|   10|          0|
    +------------------------------------------------+---+----+-----+-----------+



================================================================
== Interface
================================================================
* Summary: 
+-----------------------+-----+-----+------------+------------------------+--------------+
|       RTL Ports       | Dir | Bits|  Protocol  |      Source Object     |    C Type    |
+-----------------------+-----+-----+------------+------------------------+--------------+
|ap_clk                 |  in |    1| ap_ctrl_hs | pqcrystals_dilithium.6 | return value |
|ap_rst                 |  in |    1| ap_ctrl_hs | pqcrystals_dilithium.6 | return value |
|ap_start               |  in |    1| ap_ctrl_hs | pqcrystals_dilithium.6 | return value |
|ap_done                | out |    1| ap_ctrl_hs | pqcrystals_dilithium.6 | return value |
|ap_idle                | out |    1| ap_ctrl_hs | pqcrystals_dilithium.6 | return value |
|ap_ready               | out |    1| ap_ctrl_hs | pqcrystals_dilithium.6 | return value |
|v_vec_coeffs_address0  | out |   10|  ap_memory |      v_vec_coeffs      |     array    |
|v_vec_coeffs_ce0       | out |    1|  ap_memory |      v_vec_coeffs      |     array    |
|v_vec_coeffs_we0       | out |    1|  ap_memory |      v_vec_coeffs      |     array    |
|v_vec_coeffs_d0        | out |   32|  ap_memory |      v_vec_coeffs      |     array    |
|v_vec_coeffs_q0        |  in |   32|  ap_memory |      v_vec_coeffs      |     array    |
|v_vec_coeffs_address1  | out |   10|  ap_memory |      v_vec_coeffs      |     array    |
|v_vec_coeffs_ce1       | out |    1|  ap_memory |      v_vec_coeffs      |     array    |
|v_vec_coeffs_q1        |  in |   32|  ap_memory |      v_vec_coeffs      |     array    |
+-----------------------+-----+-----+------------+------------------------+--------------+

