

================================================================
== Vivado HLS Report for 'pqcrystals_dilithium_8'
================================================================
* Date:           Thu Apr 13 22:47:31 2023

* Version:        2019.2 (Build 2704478 on Wed Nov 06 22:10:23 MST 2019)
* Project:        Phase2
* Solution:       Latency
* Product family: artix7
* Target device:  xc7a200t-fbg676-2


================================================================
== Performance Estimates
================================================================
+ Timing: 
    * Summary: 
    +--------+----------+----------+------------+
    |  Clock |  Target  | Estimated| Uncertainty|
    +--------+----------+----------+------------+
    |ap_clk  | 10.00 ns | 7.724 ns |   1.25 ns  |
    +--------+----------+----------+------------+

+ Latency: 
    * Summary: 
    +---------+---------+-----------+-----------+------+------+---------+
    |  Latency (cycles) |   Latency (absolute)  |   Interval  | Pipeline|
    |   min   |   max   |    min    |    max    |  min |  max |   Type  |
    +---------+---------+-----------+-----------+------+------+---------+
    |     1026|     1026| 10.260 us | 10.260 us |  1026|  1026|   none  |
    +---------+---------+-----------+-----------+------+------+---------+

    + Detail: 
        * Instance: 
        N/A

        * Loop: 
        +-------------------------------------------------+---------+---------+----------+-----------+-----------+------+----------+
        |                                                 |  Latency (cycles) | Iteration|  Initiation Interval  | Trip |          |
        |                    Loop Name                    |   min   |   max   |  Latency |  achieved |   target  | Count| Pipelined|
        +-------------------------------------------------+---------+---------+----------+-----------+-----------+------+----------+
        |- L_pqcrystals_dilithium2_ref_poly_caddq_label3  |     1024|     1024|         2|          1|          1|  1024|    yes   |
        +-------------------------------------------------+---------+---------+----------+-----------+-----------+------+----------+



================================================================
== Utilization Estimates
================================================================
* Summary: 
+-----------------+---------+-------+--------+--------+-----+
|       Name      | BRAM_18K| DSP48E|   FF   |   LUT  | URAM|
+-----------------+---------+-------+--------+--------+-----+
|DSP              |        -|      -|       -|       -|    -|
|Expression       |        -|      -|       0|     169|    -|
|FIFO             |        -|      -|       -|       -|    -|
|Instance         |        -|      -|       -|       -|    -|
|Memory           |        -|      -|       -|       -|    -|
|Multiplexer      |        -|      -|       -|      72|    -|
|Register         |        -|      -|      42|       -|    -|
+-----------------+---------+-------+--------+--------+-----+
|Total            |        0|      0|      42|     241|    0|
+-----------------+---------+-------+--------+--------+-----+
|Available        |      730|    740|  269200|  134600|    0|
+-----------------+---------+-------+--------+--------+-----+
|Utilization (%)  |        0|      0|   ~0   |   ~0   |    0|
+-----------------+---------+-------+--------+--------+-----+

+ Detail: 
    * Instance: 
    N/A

    * DSP48E: 
    N/A

    * Memory: 
    N/A

    * FIFO: 
    N/A

    * Expression: 
    +--------------------------+----------+-------+---+----+------------+------------+
    |       Variable Name      | Operation| DSP48E| FF| LUT| Bitwidth P0| Bitwidth P1|
    +--------------------------+----------+-------+---+----+------------+------------+
    |add_ln202_fu_110_p2       |     +    |      0|  0|  18|          11|           1|
    |add_ln51_fu_160_p2        |     +    |      0|  0|  19|          12|          12|
    |i_4_fu_171_p2             |     +    |      0|  0|  16|           9|           1|
    |i_fu_116_p2               |     +    |      0|  0|  12|           3|           1|
    |v_vec_coeffs_d1           |     +    |      0|  0|  39|          32|          32|
    |icmp_ln202_fu_104_p2      |   icmp   |      0|  0|  13|          11|          12|
    |icmp_ln50_fu_122_p2       |   icmp   |      0|  0|  13|           9|          10|
    |select_ln203_1_fu_136_p3  |  select  |      0|  0|   3|           1|           3|
    |select_ln203_fu_128_p3    |  select  |      0|  0|   9|           1|           1|
    |select_ln51_fu_185_p3     |  select  |      0|  0|  23|           1|          23|
    |ap_enable_pp0             |    xor   |      0|  0|   2|           1|           2|
    |ap_enable_reg_pp0_iter1   |    xor   |      0|  0|   2|           2|           1|
    +--------------------------+----------+-------+---+----+------------+------------+
    |Total                     |          |      0|  0| 169|          93|          99|
    +--------------------------+----------+-------+---+----+------------+------------+

    * Multiplexer: 
    +-----------------------------+----+-----------+-----+-----------+
    |             Name            | LUT| Input Size| Bits| Total Bits|
    +-----------------------------+----+-----------+-----+-----------+
    |ap_NS_fsm                    |  21|          4|    1|          4|
    |ap_enable_reg_pp0_iter1      |  15|          3|    1|          3|
    |ap_phi_mux_i_0_phi_fu_86_p4  |   9|          2|    3|          6|
    |i_0_i_reg_93                 |   9|          2|    9|         18|
    |i_0_reg_82                   |   9|          2|    3|          6|
    |indvar_flatten_reg_71        |   9|          2|   11|         22|
    +-----------------------------+----+-----------+-----+-----------+
    |Total                        |  72|         15|   28|         59|
    +-----------------------------+----+-----------+-----+-----------+

    * Register: 
    +---------------------------+----+----+-----+-----------+
    |            Name           | FF | LUT| Bits| Const Bits|
    +---------------------------+----+----+-----+-----------+
    |ap_CS_fsm                  |   3|   0|    3|          0|
    |ap_enable_reg_pp0_iter0    |   1|   0|    1|          0|
    |ap_enable_reg_pp0_iter1    |   1|   0|    1|          0|
    |i_0_i_reg_93               |   9|   0|    9|          0|
    |i_0_reg_82                 |   3|   0|    3|          0|
    |icmp_ln202_reg_200         |   1|   0|    1|          0|
    |indvar_flatten_reg_71      |  11|   0|   11|          0|
    |select_ln203_1_reg_209     |   3|   0|    3|          0|
    |v_vec_coeffs_addr_reg_214  |  10|   0|   10|          0|
    +---------------------------+----+----+-----+-----------+
    |Total                      |  42|   0|   42|          0|
    +---------------------------+----+----+-----+-----------+



================================================================
== Interface
================================================================
* Summary: 
+-----------------------+-----+-----+------------+------------------------+--------------+
|       RTL Ports       | Dir | Bits|  Protocol  |      Source Object     |    C Type    |
+-----------------------+-----+-----+------------+------------------------+--------------+
|ap_clk                 |  in |    1| ap_ctrl_hs | pqcrystals_dilithium.8 | return value |
|ap_rst                 |  in |    1| ap_ctrl_hs | pqcrystals_dilithium.8 | return value |
|ap_start               |  in |    1| ap_ctrl_hs | pqcrystals_dilithium.8 | return value |
|ap_done                | out |    1| ap_ctrl_hs | pqcrystals_dilithium.8 | return value |
|ap_idle                | out |    1| ap_ctrl_hs | pqcrystals_dilithium.8 | return value |
|ap_ready               | out |    1| ap_ctrl_hs | pqcrystals_dilithium.8 | return value |
|v_vec_coeffs_address0  | out |   10|  ap_memory |      v_vec_coeffs      |     array    |
|v_vec_coeffs_ce0       | out |    1|  ap_memory |      v_vec_coeffs      |     array    |
|v_vec_coeffs_q0        |  in |   32|  ap_memory |      v_vec_coeffs      |     array    |
|v_vec_coeffs_address1  | out |   10|  ap_memory |      v_vec_coeffs      |     array    |
|v_vec_coeffs_ce1       | out |    1|  ap_memory |      v_vec_coeffs      |     array    |
|v_vec_coeffs_we1       | out |    1|  ap_memory |      v_vec_coeffs      |     array    |
|v_vec_coeffs_d1        | out |   32|  ap_memory |      v_vec_coeffs      |     array    |
+-----------------------+-----+-----+------------+------------------------+--------------+

