

================================================================
== Vivado HLS Report for 'pqcrystals_dilithium_9'
================================================================
* Date:           Thu Apr 13 22:47:13 2023

* Version:        2019.2 (Build 2704478 on Wed Nov 06 22:10:23 MST 2019)
* Project:        Phase2
* Solution:       Latency
* Product family: artix7
* Target device:  xc7a200t-fbg676-2


================================================================
== Performance Estimates
================================================================
+ Timing: 
    * Summary: 
    +--------+----------+----------+------------+
    |  Clock |  Target  | Estimated| Uncertainty|
    +--------+----------+----------+------------+
    |ap_clk  | 10.00 ns | 8.064 ns |   1.25 ns  |
    +--------+----------+----------+------------+

+ Latency: 
    * Summary: 
    +---------+---------+-----------+-----------+------+------+---------+
    |  Latency (cycles) |   Latency (absolute)  |   Interval  | Pipeline|
    |   min   |   max   |    min    |    max    |  min |  max |   Type  |
    +---------+---------+-----------+-----------+------+------+---------+
    |     7225|     7225| 72.250 us | 72.250 us |  7225|  7225|   none  |
    +---------+---------+-----------+-----------+------+------+---------+

    + Detail: 
        * Instance: 
        +------------------------------------+-------------------------+---------+---------+----------+----------+-----+-----+----------+
        |                                    |                         |  Latency (cycles) |  Latency (absolute) |  Interval | Pipeline |
        |              Instance              |          Module         |   min   |   max   |    min   |    max   | min | max |   Type   |
        +------------------------------------+-------------------------+---------+---------+----------+----------+-----+-----+----------+
        |grp_pqcrystals_dilithium_14_fu_152  |pqcrystals_dilithium_14  |      133|      133| 1.330 us | 1.330 us |  128|  128| function |
        |grp_pqcrystals_dilithium_16_fu_165  |pqcrystals_dilithium_16  |      255|      255| 2.550 us | 2.550 us |  256|  256| function |
        +------------------------------------+-------------------------+---------+---------+----------+----------+-----+-----+----------+

        * Loop: 
        +-----------------------------------------------------------------------+---------+---------+----------+-----------+-----------+------+----------+
        |                                                                       |  Latency (cycles) | Iteration|  Initiation Interval  | Trip |          |
        |                               Loop Name                               |   min   |   max   |  Latency |  achieved |   target  | Count| Pipelined|
        +-----------------------------------------------------------------------+---------+---------+----------+-----------+-----------+------+----------+
        |- Loop 1                                                               |     7224|     7224|      1806|          -|          -|     4|    no    |
        | + pqcrystals_dilithium2_ref_poly_pointwise_montgomery_label7          |      260|      260|         6|          1|          1|   256|    yes   |
        | + pqcrystals_dilithium2_ref_polyvecl_pointwise_acc_montgomery_label1  |     1542|     1542|       514|          -|          -|     3|    no    |
        +-----------------------------------------------------------------------+---------+---------+----------+-----------+-----------+------+----------+



================================================================
== Utilization Estimates
================================================================
* Summary: 
+-----------------+---------+-------+--------+--------+-----+
|       Name      | BRAM_18K| DSP48E|   FF   |   LUT  | URAM|
+-----------------+---------+-------+--------+--------+-----+
|DSP              |        -|      -|       -|       -|    -|
|Expression       |        -|      8|       0|     220|    -|
|FIFO             |        -|      -|       -|       -|    -|
|Instance         |        -|    524|   23820|   25899|    -|
|Memory           |        2|      -|       0|       0|    0|
|Multiplexer      |        -|      -|       -|    2472|    -|
|Register         |        2|      -|     918|      65|    -|
+-----------------+---------+-------+--------+--------+-----+
|Total            |        4|    532|   24738|   28656|    0|
+-----------------+---------+-------+--------+--------+-----+
|Available        |      730|    740|  269200|  134600|    0|
+-----------------+---------+-------+--------+--------+-----+
|Utilization (%)  |    ~0   |     71|       9|      21|    0|
+-----------------+---------+-------+--------+--------+-----+

+ Detail: 
    * Instance: 
    +------------------------------------+-------------------------+---------+-------+-------+-------+-----+
    |              Instance              |          Module         | BRAM_18K| DSP48E|   FF  |  LUT  | URAM|
    +------------------------------------+-------------------------+---------+-------+-------+-------+-----+
    |grp_pqcrystals_dilithium_14_fu_152  |pqcrystals_dilithium_14  |        0|    524|  14921|  17245|    0|
    |grp_pqcrystals_dilithium_16_fu_165  |pqcrystals_dilithium_16  |        0|      0|   8899|   8654|    0|
    +------------------------------------+-------------------------+---------+-------+-------+-------+-----+
    |Total                               |                         |        0|    524|  23820|  25899|    0|
    +------------------------------------+-------------------------+---------+-------+-------+-------+-----+

    * DSP48E: 
    N/A

    * Memory: 
    +------------+----------------------+---------+---+----+-----+------+-----+------+-------------+
    |   Memory   |        Module        | BRAM_18K| FF| LUT| URAM| Words| Bits| Banks| W*Bits*Banks|
    +------------+----------------------+---------+---+----+-----+------+-----+------+-------------+
    |t_coeffs_U  |pqcrystals_dilithkbM  |        2|  0|   0|    0|   256|   32|     1|         8192|
    +------------+----------------------+---------+---+----+-----+------+-----+------+-------------+
    |Total       |                      |        2|  0|   0|    0|   256|   32|     1|         8192|
    +------------+----------------------+---------+---+----+-----+------+-----+------+-------------+

    * FIFO: 
    N/A

    * Expression: 
    +-------------------------+----------+-------+---+----+------------+------------+
    |      Variable Name      | Operation| DSP48E| FF| LUT| Bitwidth P0| Bitwidth P1|
    +-------------------------+----------+-------+---+----+------------+------------+
    |mul_ln181_fu_245_p2      |     *    |      2|  0|  21|          23|          32|
    |mul_ln19_fu_263_p2       |     *    |      2|  0|  21|          24|          32|
    |t_fu_255_p2              |     *    |      4|  0|  21|          26|          32|
    |add_ln181_fu_219_p2      |     +    |      0|  0|  19|          12|          12|
    |add_ln19_fu_279_p2       |     +    |      0|  0|  63|          56|          56|
    |i_2_fu_204_p2            |     +    |      0|  0|  16|           9|           1|
    |i_3_fu_306_p2            |     +    |      0|  0|  12|           3|           1|
    |i_fu_180_p2              |     +    |      0|  0|  12|           3|           1|
    |icmp_ln137_fu_300_p2     |   icmp   |      0|  0|   9|           3|           4|
    |icmp_ln180_fu_198_p2     |   icmp   |      0|  0|  13|           9|          10|
    |icmp_ln28_fu_174_p2      |   icmp   |      0|  0|   9|           3|           4|
    |ap_enable_pp0            |    xor   |      0|  0|   2|           1|           2|
    |ap_enable_reg_pp0_iter1  |    xor   |      0|  0|   2|           2|           1|
    +-------------------------+----------+-------+---+----+------------+------------+
    |Total                    |          |      8|  0| 220|         174|         188|
    +-------------------------+----------+-------+---+----+------------+------------+

    * Multiplexer: 
    +-------------------------+------+-----------+-----+-----------+
    |           Name          |  LUT | Input Size| Bits| Total Bits|
    +-------------------------+------+-----------+-----+-----------+
    |ap_NS_fsm                |  2193|        519|    1|        519|
    |ap_enable_reg_pp0_iter1  |     9|          2|    1|          2|
    |ap_enable_reg_pp0_iter5  |     9|          2|    1|          2|
    |i_0_i_i_reg_129          |     9|          2|    9|         18|
    |i_0_i_reg_140            |     9|          2|    3|          6|
    |i_0_reg_117              |     9|          2|    3|          6|
    |mat_vec_coeffs_address0  |    15|          3|   12|         36|
    |mat_vec_coeffs_ce0       |    15|          3|    1|          3|
    |mat_vec_coeffs_ce1       |     9|          2|    1|          2|
    |t_coeffs_address0        |    15|          3|    8|         24|
    |t_coeffs_address1        |    15|          3|    8|         24|
    |t_coeffs_ce0             |    15|          3|    1|          3|
    |t_coeffs_ce1             |    15|          3|    1|          3|
    |t_coeffs_we0             |     9|          2|    1|          2|
    |t_coeffs_we1             |     9|          2|    1|          2|
    |t_vec_coeffs_address0    |    15|          3|   10|         30|
    |t_vec_coeffs_ce0         |    15|          3|    1|          3|
    |t_vec_coeffs_ce1         |     9|          2|    1|          2|
    |t_vec_coeffs_d0          |    15|          3|   32|         96|
    |t_vec_coeffs_we0         |    15|          3|    1|          3|
    |t_vec_coeffs_we1         |     9|          2|    1|          2|
    |v_vec_coeffs_address0    |    15|          3|   10|         30|
    |v_vec_coeffs_ce0         |    15|          3|    1|          3|
    |v_vec_coeffs_ce1         |     9|          2|    1|          2|
    +-------------------------+------+-----------+-----+-----------+
    |Total                    |  2472|        577|  110|        823|
    +-------------------------+------+-----------+-----+-----------+

    * Register: 
    +-------------------------------------------------+-----+----+-----+-----------+
    |                       Name                      |  FF | LUT| Bits| Const Bits|
    +-------------------------------------------------+-----+----+-----+-----------+
    |add_ln181_reg_335                                |   12|   0|   12|          0|
    |ap_CS_fsm                                        |  518|   0|  518|          0|
    |ap_enable_reg_pp0_iter0                          |    1|   0|    1|          0|
    |ap_enable_reg_pp0_iter1                          |    1|   0|    1|          0|
    |ap_enable_reg_pp0_iter2                          |    1|   0|    1|          0|
    |ap_enable_reg_pp0_iter3                          |    1|   0|    1|          0|
    |ap_enable_reg_pp0_iter4                          |    1|   0|    1|          0|
    |ap_enable_reg_pp0_iter5                          |    1|   0|    1|          0|
    |grp_pqcrystals_dilithium_14_fu_152_ap_start_reg  |    1|   0|    1|          0|
    |grp_pqcrystals_dilithium_16_fu_165_ap_start_reg  |    1|   0|    1|          0|
    |i_0_i_i_reg_129                                  |    9|   0|    9|          0|
    |i_0_i_reg_140                                    |    3|   0|    3|          0|
    |i_0_reg_117                                      |    3|   0|    3|          0|
    |i_reg_316                                        |    3|   0|    3|          0|
    |icmp_ln180_reg_326                               |    1|   0|    1|          0|
    |mat_vec_coeffs_load_reg_350                      |   23|   0|   23|          0|
    |mul_ln181_reg_360                                |   55|   0|   55|          0|
    |mul_ln19_reg_375                                 |   55|   0|   55|          0|
    |t_reg_370                                        |   32|   0|   32|          0|
    |trunc_ln18_reg_365                               |   32|   0|   32|          0|
    |v_vec_coeffs_load_reg_355                        |   32|   0|   32|          0|
    |zext_ln129_reg_321                               |    3|   0|   12|          9|
    |add_ln181_reg_335                                |   64|  32|   12|          0|
    |icmp_ln180_reg_326                               |   64|  32|    1|          0|
    |mul_ln181_reg_360                                |    1|   1|   55|          0|
    +-------------------------------------------------+-----+----+-----+-----------+
    |Total                                            |  918|  65|  866|          9|
    +-------------------------------------------------+-----+----+-----+-----------+



================================================================
== Interface
================================================================
* Summary: 
+-------------------------+-----+-----+------------+------------------------+--------------+
|        RTL Ports        | Dir | Bits|  Protocol  |      Source Object     |    C Type    |
+-------------------------+-----+-----+------------+------------------------+--------------+
|ap_clk                   |  in |    1| ap_ctrl_hs | pqcrystals_dilithium.9 | return value |
|ap_rst                   |  in |    1| ap_ctrl_hs | pqcrystals_dilithium.9 | return value |
|ap_start                 |  in |    1| ap_ctrl_hs | pqcrystals_dilithium.9 | return value |
|ap_done                  | out |    1| ap_ctrl_hs | pqcrystals_dilithium.9 | return value |
|ap_idle                  | out |    1| ap_ctrl_hs | pqcrystals_dilithium.9 | return value |
|ap_ready                 | out |    1| ap_ctrl_hs | pqcrystals_dilithium.9 | return value |
|t_vec_coeffs_address0    | out |   10|  ap_memory |      t_vec_coeffs      |     array    |
|t_vec_coeffs_ce0         | out |    1|  ap_memory |      t_vec_coeffs      |     array    |
|t_vec_coeffs_we0         | out |    1|  ap_memory |      t_vec_coeffs      |     array    |
|t_vec_coeffs_d0          | out |   32|  ap_memory |      t_vec_coeffs      |     array    |
|t_vec_coeffs_q0          |  in |   32|  ap_memory |      t_vec_coeffs      |     array    |
|t_vec_coeffs_address1    | out |   10|  ap_memory |      t_vec_coeffs      |     array    |
|t_vec_coeffs_ce1         | out |    1|  ap_memory |      t_vec_coeffs      |     array    |
|t_vec_coeffs_we1         | out |    1|  ap_memory |      t_vec_coeffs      |     array    |
|t_vec_coeffs_d1          | out |   32|  ap_memory |      t_vec_coeffs      |     array    |
|t_vec_coeffs_q1          |  in |   32|  ap_memory |      t_vec_coeffs      |     array    |
|mat_vec_coeffs_address0  | out |   12|  ap_memory |     mat_vec_coeffs     |     array    |
|mat_vec_coeffs_ce0       | out |    1|  ap_memory |     mat_vec_coeffs     |     array    |
|mat_vec_coeffs_q0        |  in |   23|  ap_memory |     mat_vec_coeffs     |     array    |
|mat_vec_coeffs_address1  | out |   12|  ap_memory |     mat_vec_coeffs     |     array    |
|mat_vec_coeffs_ce1       | out |    1|  ap_memory |     mat_vec_coeffs     |     array    |
|mat_vec_coeffs_q1        |  in |   23|  ap_memory |     mat_vec_coeffs     |     array    |
|v_vec_coeffs_address0    | out |   10|  ap_memory |      v_vec_coeffs      |     array    |
|v_vec_coeffs_ce0         | out |    1|  ap_memory |      v_vec_coeffs      |     array    |
|v_vec_coeffs_q0          |  in |   32|  ap_memory |      v_vec_coeffs      |     array    |
|v_vec_coeffs_address1    | out |   10|  ap_memory |      v_vec_coeffs      |     array    |
|v_vec_coeffs_ce1         | out |    1|  ap_memory |      v_vec_coeffs      |     array    |
|v_vec_coeffs_q1          |  in |   32|  ap_memory |      v_vec_coeffs      |     array    |
+-------------------------+-----+-----+------------+------------------------+--------------+

