

================================================================
== Vivado HLS Report for 'pqcrystals_dilithium_4'
================================================================
* Date:           Thu Apr 13 22:42:57 2023

* Version:        2019.2 (Build 2704478 on Wed Nov 06 22:10:23 MST 2019)
* Project:        Phase2
* Solution:       Latency
* Product family: artix7
* Target device:  xc7a200t-fbg676-2


================================================================
== Performance Estimates
================================================================
+ Timing: 
    * Summary: 
    +--------+----------+----------+------------+
    |  Clock |  Target  | Estimated| Uncertainty|
    +--------+----------+----------+------------+
    |ap_clk  | 10.00 ns | 6.946 ns |   1.25 ns  |
    +--------+----------+----------+------------+

+ Latency: 
    * Summary: 
    +---------+---------+-----------+-----------+------+------+---------+
    |  Latency (cycles) |   Latency (absolute)  |   Interval  | Pipeline|
    |   min   |   max   |    min    |    max    |  min |  max |   Type  |
    +---------+---------+-----------+-----------+------+------+---------+
    |     1030|     1030| 10.300 us | 10.300 us |  1030|  1030|   none  |
    +---------+---------+-----------+-----------+------+------+---------+

    + Detail: 
        * Instance: 
        N/A

        * Loop: 
        +----------------------------------------------------------------+---------+---------+----------+-----------+-----------+------+----------+
        |                                                                |  Latency (cycles) | Iteration|  Initiation Interval  | Trip |          |
        |                            Loop Name                           |   min   |   max   |  Latency |  achieved |   target  | Count| Pipelined|
        +----------------------------------------------------------------+---------+---------+----------+-----------+-----------+------+----------+
        |- L_pqcrystals_dilithium2_ref_poly_pointwise_montgomery_label7  |     1028|     1028|         6|          1|          1|  1024|    yes   |
        +----------------------------------------------------------------+---------+---------+----------+-----------+-----------+------+----------+

============================================================
+ Verbose Summary: Synthesis Manager
============================================================
InlineROM: 1
ExposeGlobal: 0
============================================================
+ Verbose Summary: CDFG Model
============================================================
IsTopModel: 0
ResetActiveHigh: 1
IsCombinational: 0
IsDatapathOnly: 0
HasWiredReturn: 1
HasMFsm: 0
HasVarLatency: 1
IsPipeline: 0
IsRtlPipelined: 0
IsInstanceOverlapped: 0
IsDontTouch: 0
HasImplIP: 0
IsGatedGlobalClock: 0

+ Individual pipeline summary: 
  * Pipeline-0: initiation interval (II) = 1, depth = 6


============================================================
+ Verbose Summary: Schedule
============================================================
* Number of FSM states : 8
* Pipeline : 1
  Pipeline-0 : II = 1, D = 6, States = { 2 3 4 5 6 7 }
* Dataflow Pipeline: 0

* FSM state transitions: 
1 --> 2 
2 --> 8 3 
3 --> 4 
4 --> 5 
5 --> 6 
6 --> 7 
7 --> 2 
8 --> 

* FSM state operations: 

State 1 <SV = 0> <Delay = 1.35>
ST_1 : Operation 9 [1/1] (1.35ns)   --->   "br label %1" [dilithium2/polyvec.c:305]   --->   Operation 9 'br' <Predicate = true> <Delay = 1.35>

State 2 <SV = 1> <Delay = 6.94>
ST_2 : Operation 10 [1/1] (0.00ns)   --->   "%indvar_flatten = phi i11 [ 0, %0 ], [ %add_ln305, %pqcrystals_dilithium2_ref_poly_pointwise_montgomery_label7 ]" [dilithium2/polyvec.c:305]   --->   Operation 10 'phi' 'indvar_flatten' <Predicate = true> <Delay = 0.00>
ST_2 : Operation 11 [1/1] (0.00ns)   --->   "%i_0 = phi i3 [ 0, %0 ], [ %select_ln306_1, %pqcrystals_dilithium2_ref_poly_pointwise_montgomery_label7 ]" [dilithium2/polyvec.c:306]   --->   Operation 11 'phi' 'i_0' <Predicate = true> <Delay = 0.00>
ST_2 : Operation 12 [1/1] (0.00ns)   --->   "%i_0_i = phi i9 [ 0, %0 ], [ %i_7, %pqcrystals_dilithium2_ref_poly_pointwise_montgomery_label7 ]"   --->   Operation 12 'phi' 'i_0_i' <Predicate = true> <Delay = 0.00>
ST_2 : Operation 13 [1/1] (1.52ns)   --->   "%icmp_ln305 = icmp eq i11 %indvar_flatten, -1024" [dilithium2/polyvec.c:305]   --->   Operation 13 'icmp' 'icmp_ln305' <Predicate = true> <Delay = 1.52> <Core = "Cmp">   --->   Core 25 'Cmp' <Latency = 0> <II = 1> <Delay = 1.34> <FuncUnit> <Opcode : 'icmp'> <InPorts = 2> <OutPorts = 1>
ST_2 : Operation 14 [1/1] (1.76ns)   --->   "%add_ln305 = add i11 %indvar_flatten, 1" [dilithium2/polyvec.c:305]   --->   Operation 14 'add' 'add_ln305' <Predicate = true> <Delay = 1.76> <Core = "AddSub">   --->   Core 14 'AddSub' <Latency = 0> <II = 1> <Delay = 1.73> <FuncUnit> <Opcode : 'add' 'sub'> <InPorts = 2> <OutPorts = 1>
ST_2 : Operation 15 [1/1] (0.00ns)   --->   "br i1 %icmp_ln305, label %2, label %pqcrystals_dilithium2_ref_poly_pointwise_montgomery_label7" [dilithium2/polyvec.c:305]   --->   Operation 15 'br' <Predicate = true> <Delay = 0.00>
ST_2 : Operation 16 [1/1] (1.34ns)   --->   "%i = add i3 1, %i_0" [dilithium2/polyvec.c:305]   --->   Operation 16 'add' 'i' <Predicate = (!icmp_ln305)> <Delay = 1.34> <Core = "AddSub">   --->   Core 14 'AddSub' <Latency = 0> <II = 1> <Delay = 1.73> <FuncUnit> <Opcode : 'add' 'sub'> <InPorts = 2> <OutPorts = 1>
ST_2 : Operation 17 [1/1] (1.34ns)   --->   "%icmp_ln180 = icmp eq i9 %i_0_i, -256" [dilithium2/poly.c:180->dilithium2/polyvec.c:306]   --->   Operation 17 'icmp' 'icmp_ln180' <Predicate = (!icmp_ln305)> <Delay = 1.34> <Core = "Cmp">   --->   Core 25 'Cmp' <Latency = 0> <II = 1> <Delay = 1.34> <FuncUnit> <Opcode : 'icmp'> <InPorts = 2> <OutPorts = 1>
ST_2 : Operation 18 [1/1] (1.07ns)   --->   "%select_ln306 = select i1 %icmp_ln180, i9 0, i9 %i_0_i" [dilithium2/polyvec.c:306]   --->   Operation 18 'select' 'select_ln306' <Predicate = (!icmp_ln305)> <Delay = 1.07> <Core = "Sel">   --->   Core 26 'Sel' <Latency = 0> <II = 1> <Delay = 0.79> <FuncUnit> <Opcode : 'select'> <InPorts = 3> <OutPorts = 1>
ST_2 : Operation 19 [1/1] (0.79ns)   --->   "%select_ln306_1 = select i1 %icmp_ln180, i3 %i, i3 %i_0" [dilithium2/polyvec.c:306]   --->   Operation 19 'select' 'select_ln306_1' <Predicate = (!icmp_ln305)> <Delay = 0.79> <Core = "Sel">   --->   Core 26 'Sel' <Latency = 0> <II = 1> <Delay = 0.79> <FuncUnit> <Opcode : 'select'> <InPorts = 3> <OutPorts = 1>
ST_2 : Operation 20 [1/1] (0.00ns)   --->   "%tmp = call i11 @_ssdm_op_BitConcatenate.i11.i3.i8(i3 %select_ln306_1, i8 0)" [dilithium2/poly.c:181->dilithium2/polyvec.c:306]   --->   Operation 20 'bitconcatenate' 'tmp' <Predicate = (!icmp_ln305)> <Delay = 0.00>
ST_2 : Operation 21 [1/1] (0.00ns)   --->   "%zext_ln181_5 = zext i11 %tmp to i12" [dilithium2/poly.c:181->dilithium2/polyvec.c:306]   --->   Operation 21 'zext' 'zext_ln181_5' <Predicate = (!icmp_ln305)> <Delay = 0.00>
ST_2 : Operation 22 [1/1] (0.00ns)   --->   "%zext_ln181 = zext i9 %select_ln306 to i64" [dilithium2/poly.c:181->dilithium2/polyvec.c:306]   --->   Operation 22 'zext' 'zext_ln181' <Predicate = (!icmp_ln305)> <Delay = 0.00>
ST_2 : Operation 23 [1/1] (0.00ns)   --->   "%zext_ln181_6 = zext i9 %select_ln306 to i12" [dilithium2/poly.c:181->dilithium2/polyvec.c:306]   --->   Operation 23 'zext' 'zext_ln181_6' <Predicate = (!icmp_ln305)> <Delay = 0.00>
ST_2 : Operation 24 [1/1] (1.76ns)   --->   "%add_ln181 = add i12 %zext_ln181_5, %zext_ln181_6" [dilithium2/poly.c:181->dilithium2/polyvec.c:306]   --->   Operation 24 'add' 'add_ln181' <Predicate = (!icmp_ln305)> <Delay = 1.76> <Core = "AddSub">   --->   Core 14 'AddSub' <Latency = 0> <II = 1> <Delay = 1.73> <FuncUnit> <Opcode : 'add' 'sub'> <InPorts = 2> <OutPorts = 1>
ST_2 : Operation 25 [1/1] (0.00ns)   --->   "%zext_ln181_7 = zext i12 %add_ln181 to i64" [dilithium2/poly.c:181->dilithium2/polyvec.c:306]   --->   Operation 25 'zext' 'zext_ln181_7' <Predicate = (!icmp_ln305)> <Delay = 0.00>
ST_2 : Operation 26 [1/1] (0.00ns)   --->   "%v_vec_coeffs_addr = getelementptr [1024 x i32]* %v_vec_coeffs, i64 0, i64 %zext_ln181_7" [dilithium2/poly.c:181->dilithium2/polyvec.c:306]   --->   Operation 26 'getelementptr' 'v_vec_coeffs_addr' <Predicate = (!icmp_ln305)> <Delay = 0.00>
ST_2 : Operation 27 [1/1] (0.00ns)   --->   "%a_coeffs_addr = getelementptr [256 x i32]* %a_coeffs, i64 0, i64 %zext_ln181" [dilithium2/poly.c:181->dilithium2/polyvec.c:306]   --->   Operation 27 'getelementptr' 'a_coeffs_addr' <Predicate = (!icmp_ln305)> <Delay = 0.00>
ST_2 : Operation 28 [2/2] (2.77ns)   --->   "%a_coeffs_load = load i32* %a_coeffs_addr, align 4" [dilithium2/poly.c:181->dilithium2/polyvec.c:306]   --->   Operation 28 'load' 'a_coeffs_load' <Predicate = (!icmp_ln305)> <Delay = 2.77> <Core = "RAM">   --->   Core 37 'RAM' <Latency = 1> <II = 1> <Delay = 2.77> <Storage> <Opcode : 'load' 'store'> <Ports = 2> <Width = 32> <Depth = 1024> <RAM>
ST_2 : Operation 29 [2/2] (2.77ns)   --->   "%v_vec_coeffs_load = load i32* %v_vec_coeffs_addr, align 4" [dilithium2/poly.c:181->dilithium2/polyvec.c:306]   --->   Operation 29 'load' 'v_vec_coeffs_load' <Predicate = (!icmp_ln305)> <Delay = 2.77> <Core = "RAM">   --->   Core 37 'RAM' <Latency = 1> <II = 1> <Delay = 2.77> <Storage> <Opcode : 'load' 'store'> <Ports = 2> <Width = 32> <Depth = 1024> <RAM>
ST_2 : Operation 30 [1/1] (1.73ns)   --->   "%i_7 = add i9 1, %select_ln306" [dilithium2/poly.c:180->dilithium2/polyvec.c:306]   --->   Operation 30 'add' 'i_7' <Predicate = (!icmp_ln305)> <Delay = 1.73> <Core = "AddSub">   --->   Core 14 'AddSub' <Latency = 0> <II = 1> <Delay = 1.73> <FuncUnit> <Opcode : 'add' 'sub'> <InPorts = 2> <OutPorts = 1>

State 3 <SV = 2> <Delay = 2.77>
ST_3 : Operation 31 [1/2] (2.77ns)   --->   "%a_coeffs_load = load i32* %a_coeffs_addr, align 4" [dilithium2/poly.c:181->dilithium2/polyvec.c:306]   --->   Operation 31 'load' 'a_coeffs_load' <Predicate = (!icmp_ln305)> <Delay = 2.77> <Core = "RAM">   --->   Core 37 'RAM' <Latency = 1> <II = 1> <Delay = 2.77> <Storage> <Opcode : 'load' 'store'> <Ports = 2> <Width = 32> <Depth = 1024> <RAM>
ST_3 : Operation 32 [1/2] (2.77ns)   --->   "%v_vec_coeffs_load = load i32* %v_vec_coeffs_addr, align 4" [dilithium2/poly.c:181->dilithium2/polyvec.c:306]   --->   Operation 32 'load' 'v_vec_coeffs_load' <Predicate = (!icmp_ln305)> <Delay = 2.77> <Core = "RAM">   --->   Core 37 'RAM' <Latency = 1> <II = 1> <Delay = 2.77> <Storage> <Opcode : 'load' 'store'> <Ports = 2> <Width = 32> <Depth = 1024> <RAM>

State 4 <SV = 3> <Delay = 6.88>
ST_4 : Operation 33 [1/1] (0.00ns)   --->   "%sext_ln181 = sext i32 %a_coeffs_load to i64" [dilithium2/poly.c:181->dilithium2/polyvec.c:306]   --->   Operation 33 'sext' 'sext_ln181' <Predicate = (!icmp_ln305)> <Delay = 0.00>
ST_4 : Operation 34 [1/1] (0.00ns)   --->   "%sext_ln181_2 = sext i32 %v_vec_coeffs_load to i64" [dilithium2/poly.c:181->dilithium2/polyvec.c:306]   --->   Operation 34 'sext' 'sext_ln181_2' <Predicate = (!icmp_ln305)> <Delay = 0.00>
ST_4 : Operation 35 [1/1] (6.88ns)   --->   "%mul_ln181 = mul nsw i64 %sext_ln181, %sext_ln181_2" [dilithium2/poly.c:181->dilithium2/polyvec.c:306]   --->   Operation 35 'mul' 'mul_ln181' <Predicate = (!icmp_ln305)> <Delay = 6.88> <Core = "Mul">   --->   Core 16 'Mul' <Latency = 0> <II = 1> <Delay = 6.88> <FuncUnit> <Opcode : 'mul'> <InPorts = 2> <OutPorts = 1>
ST_4 : Operation 36 [1/1] (0.00ns)   --->   "%trunc_ln18 = trunc i64 %mul_ln181 to i32" [dilithium2/reduce.c:18->dilithium2/poly.c:181->dilithium2/polyvec.c:306]   --->   Operation 36 'trunc' 'trunc_ln18' <Predicate = (!icmp_ln305)> <Delay = 0.00>

State 5 <SV = 4> <Delay = 6.88>
ST_5 : Operation 37 [1/1] (6.88ns)   --->   "%t = mul nsw i32 58728449, %trunc_ln18" [dilithium2/reduce.c:18->dilithium2/poly.c:181->dilithium2/polyvec.c:306]   --->   Operation 37 'mul' 't' <Predicate = (!icmp_ln305)> <Delay = 6.88> <Core = "Mul">   --->   Core 16 'Mul' <Latency = 0> <II = 1> <Delay = 6.88> <FuncUnit> <Opcode : 'mul'> <InPorts = 2> <OutPorts = 1>

State 6 <SV = 5> <Delay = 6.88>
ST_6 : Operation 38 [1/1] (0.00ns)   --->   "%sext_ln19 = sext i32 %t to i55" [dilithium2/reduce.c:19->dilithium2/poly.c:181->dilithium2/polyvec.c:306]   --->   Operation 38 'sext' 'sext_ln19' <Predicate = (!icmp_ln305)> <Delay = 0.00>
ST_6 : Operation 39 [1/1] (6.88ns)   --->   "%mul_ln19 = mul i55 -8380417, %sext_ln19" [dilithium2/reduce.c:19->dilithium2/poly.c:181->dilithium2/polyvec.c:306]   --->   Operation 39 'mul' 'mul_ln19' <Predicate = (!icmp_ln305)> <Delay = 6.88> <Core = "Mul">   --->   Core 16 'Mul' <Latency = 0> <II = 1> <Delay = 6.88> <FuncUnit> <Opcode : 'mul'> <InPorts = 2> <OutPorts = 1>

State 7 <SV = 6> <Delay = 5.77>
ST_7 : Operation 40 [1/1] (0.00ns)   --->   "call void (...)* @_ssdm_op_SpecLoopName([61 x i8]* @L_pqcrystals_dilithi_1)"   --->   Operation 40 'specloopname' <Predicate = (!icmp_ln305)> <Delay = 0.00>
ST_7 : Operation 41 [1/1] (0.00ns)   --->   "call void (...)* @_ssdm_op_SpecLoopTripCount(i64 1024, i64 1024, i64 1024)"   --->   Operation 41 'speclooptripcount' <Predicate = (!icmp_ln305)> <Delay = 0.00>
ST_7 : Operation 42 [1/1] (0.00ns)   --->   "call void (...)* @_ssdm_op_SpecLoopName([59 x i8]* @p_str627) nounwind" [dilithium2/poly.c:181->dilithium2/polyvec.c:306]   --->   Operation 42 'specloopname' <Predicate = (!icmp_ln305)> <Delay = 0.00>
ST_7 : Operation 43 [1/1] (0.00ns)   --->   "%tmp_32_i = call i32 (...)* @_ssdm_op_SpecRegionBegin([59 x i8]* @p_str627)" [dilithium2/poly.c:181->dilithium2/polyvec.c:306]   --->   Operation 43 'specregionbegin' 'tmp_32_i' <Predicate = (!icmp_ln305)> <Delay = 0.00>
ST_7 : Operation 44 [1/1] (0.00ns)   --->   "call void (...)* @_ssdm_op_SpecPipeline(i32 -1, i32 1, i32 1, i32 0, [1 x i8]* @p_str122) nounwind" [dilithium2/poly.c:181->dilithium2/polyvec.c:306]   --->   Operation 44 'specpipeline' <Predicate = (!icmp_ln305)> <Delay = 0.00>
ST_7 : Operation 45 [1/1] (0.00ns)   --->   "%r_vec_coeffs_addr = getelementptr [1024 x i32]* %r_vec_coeffs, i64 0, i64 %zext_ln181_7" [dilithium2/poly.c:181->dilithium2/polyvec.c:306]   --->   Operation 45 'getelementptr' 'r_vec_coeffs_addr' <Predicate = (!icmp_ln305)> <Delay = 0.00>
ST_7 : Operation 46 [1/1] (0.00ns)   --->   "%sext_ln19_2 = sext i55 %mul_ln19 to i64" [dilithium2/reduce.c:19->dilithium2/poly.c:181->dilithium2/polyvec.c:306]   --->   Operation 46 'sext' 'sext_ln19_2' <Predicate = (!icmp_ln305)> <Delay = 0.00>
ST_7 : Operation 47 [1/1] (2.99ns)   --->   "%add_ln19 = add i64 %mul_ln181, %sext_ln19_2" [dilithium2/reduce.c:19->dilithium2/poly.c:181->dilithium2/polyvec.c:306]   --->   Operation 47 'add' 'add_ln19' <Predicate = (!icmp_ln305)> <Delay = 2.99> <Core = "AddSub">   --->   Core 14 'AddSub' <Latency = 0> <II = 1> <Delay = 1.73> <FuncUnit> <Opcode : 'add' 'sub'> <InPorts = 2> <OutPorts = 1>
ST_7 : Operation 48 [1/1] (0.00ns)   --->   "%t_3 = call i32 @_ssdm_op_PartSelect.i32.i64.i32.i32(i64 %add_ln19, i32 32, i32 63)" [dilithium2/reduce.c:19->dilithium2/poly.c:181->dilithium2/polyvec.c:306]   --->   Operation 48 'partselect' 't_3' <Predicate = (!icmp_ln305)> <Delay = 0.00>
ST_7 : Operation 49 [1/1] (2.77ns)   --->   "store i32 %t_3, i32* %r_vec_coeffs_addr, align 4" [dilithium2/poly.c:181->dilithium2/polyvec.c:306]   --->   Operation 49 'store' <Predicate = (!icmp_ln305)> <Delay = 2.77> <Core = "RAM">   --->   Core 37 'RAM' <Latency = 1> <II = 1> <Delay = 2.77> <Storage> <Opcode : 'load' 'store'> <Ports = 2> <Width = 32> <Depth = 1024> <RAM>
ST_7 : Operation 50 [1/1] (0.00ns)   --->   "%empty = call i32 (...)* @_ssdm_op_SpecRegionEnd([59 x i8]* @p_str627, i32 %tmp_32_i)" [dilithium2/poly.c:181->dilithium2/polyvec.c:306]   --->   Operation 50 'specregionend' 'empty' <Predicate = (!icmp_ln305)> <Delay = 0.00>
ST_7 : Operation 51 [1/1] (0.00ns)   --->   "br label %1" [dilithium2/poly.c:180->dilithium2/polyvec.c:306]   --->   Operation 51 'br' <Predicate = (!icmp_ln305)> <Delay = 0.00>

State 8 <SV = 2> <Delay = 0.00>
ST_8 : Operation 52 [1/1] (0.00ns)   --->   "ret void" [dilithium2/polyvec.c:307]   --->   Operation 52 'ret' <Predicate = true> <Delay = 0.00>


============================================================
+ Verbose Summary: Timing violations
============================================================
Target clock period: 10ns, clock uncertainty: 1.25ns.

 <State 1>: 1.35ns
The critical path consists of the following:
	multiplexor before 'phi' operation ('indvar_flatten', dilithium2/polyvec.c:305) with incoming values : ('add_ln305', dilithium2/polyvec.c:305) [6]  (1.35 ns)

 <State 2>: 6.95ns
The critical path consists of the following:
	'phi' operation ('i') with incoming values : ('i', dilithium2/poly.c:180->dilithium2/polyvec.c:306) [8]  (0 ns)
	'icmp' operation ('icmp_ln180', dilithium2/poly.c:180->dilithium2/polyvec.c:306) [16]  (1.34 ns)
	'select' operation ('select_ln306', dilithium2/polyvec.c:306) [17]  (1.07 ns)
	'add' operation ('add_ln181', dilithium2/poly.c:181->dilithium2/polyvec.c:306) [26]  (1.76 ns)
	'getelementptr' operation ('v_vec_coeffs_addr', dilithium2/poly.c:181->dilithium2/polyvec.c:306) [29]  (0 ns)
	'load' operation ('v_vec_coeffs_load', dilithium2/poly.c:181->dilithium2/polyvec.c:306) on array 'v_vec_coeffs' [33]  (2.77 ns)

 <State 3>: 2.77ns
The critical path consists of the following:
	'load' operation ('a_coeffs_load', dilithium2/poly.c:181->dilithium2/polyvec.c:306) on array 'a_coeffs' [31]  (2.77 ns)

 <State 4>: 6.88ns
The critical path consists of the following:
	'mul' operation ('a', dilithium2/poly.c:181->dilithium2/polyvec.c:306) [35]  (6.88 ns)

 <State 5>: 6.88ns
The critical path consists of the following:
	'mul' operation ('t', dilithium2/reduce.c:18->dilithium2/poly.c:181->dilithium2/polyvec.c:306) [37]  (6.88 ns)

 <State 6>: 6.88ns
The critical path consists of the following:
	'mul' operation ('mul_ln19', dilithium2/reduce.c:19->dilithium2/poly.c:181->dilithium2/polyvec.c:306) [39]  (6.88 ns)

 <State 7>: 5.77ns
The critical path consists of the following:
	'add' operation ('add_ln19', dilithium2/reduce.c:19->dilithium2/poly.c:181->dilithium2/polyvec.c:306) [41]  (3 ns)
	'store' operation ('store_ln181', dilithium2/poly.c:181->dilithium2/polyvec.c:306) of variable 't', dilithium2/reduce.c:19->dilithium2/poly.c:181->dilithium2/polyvec.c:306 on array 'r_vec_coeffs' [43]  (2.77 ns)

 <State 8>: 0ns
The critical path consists of the following:


============================================================
+ Verbose Summary: Binding
============================================================
N/A
* FSMD analyzer results:
  - Output states:
 - Input state : 
  - Chain level:
	State 1
	State 2
	State 3
	State 4
	State 5
	State 6
	State 7
	State 8


============================================================
+ Verbose Summary: Datapath Resource usage 
============================================================
N/A
