

================================================================
== Vivado HLS Report for 'pqcrystals_dilithium_4'
================================================================
* Date:           Thu Apr 13 22:42:58 2023

* Version:        2019.2 (Build 2704478 on Wed Nov 06 22:10:23 MST 2019)
* Project:        Phase2
* Solution:       Latency
* Product family: artix7
* Target device:  xc7a200t-fbg676-2


================================================================
== Performance Estimates
================================================================
+ Timing: 
    * Summary: 
    +--------+----------+----------+------------+
    |  Clock |  Target  | Estimated| Uncertainty|
    +--------+----------+----------+------------+
    |ap_clk  | 10.00 ns | 6.946 ns |   1.25 ns  |
    +--------+----------+----------+------------+

+ Latency: 
    * Summary: 
    +---------+---------+-----------+-----------+------+------+---------+
    |  Latency (cycles) |   Latency (absolute)  |   Interval  | Pipeline|
    |   min   |   max   |    min    |    max    |  min |  max |   Type  |
    +---------+---------+-----------+-----------+------+------+---------+
    |     1030|     1030| 10.300 us | 10.300 us |  1030|  1030|   none  |
    +---------+---------+-----------+-----------+------+------+---------+

    + Detail: 
        * Instance: 
        N/A

        * Loop: 
        +----------------------------------------------------------------+---------+---------+----------+-----------+-----------+------+----------+
        |                                                                |  Latency (cycles) | Iteration|  Initiation Interval  | Trip |          |
        |                            Loop Name                           |   min   |   max   |  Latency |  achieved |   target  | Count| Pipelined|
        +----------------------------------------------------------------+---------+---------+----------+-----------+-----------+------+----------+
        |- L_pqcrystals_dilithium2_ref_poly_pointwise_montgomery_label7  |     1028|     1028|         6|          1|          1|  1024|    yes   |
        +----------------------------------------------------------------+---------+---------+----------+-----------+-----------+------+----------+

============================================================
+ Verbose Summary: Synthesis Manager
============================================================
InlineROM: 1
ExposeGlobal: 0
============================================================
+ Verbose Summary: CDFG Model
============================================================
IsTopModel: 0
ResetActiveHigh: 1
IsCombinational: 0
IsDatapathOnly: 0
HasWiredReturn: 1
HasMFsm: 0
HasVarLatency: 1
IsPipeline: 0
IsRtlPipelined: 0
IsInstanceOverlapped: 0
IsDontTouch: 0
HasImplIP: 0
IsGatedGlobalClock: 0

+ Individual pipeline summary: 
  * Pipeline-0: initiation interval (II) = 1, depth = 6


============================================================
+ Verbose Summary: Schedule
============================================================
* Number of FSM states : 8
* Pipeline : 1
  Pipeline-0 : II = 1, D = 6, States = { 2 3 4 5 6 7 }
* Dataflow Pipeline: 0

* FSM state transitions: 
1 --> 2 
2 --> 8 3 
3 --> 4 
4 --> 5 
5 --> 6 
6 --> 7 
7 --> 2 
8 --> 

* FSM state operations: 

State 1 <SV = 0> <Delay = 1.35>
ST_1 : Operation 9 [1/1] (1.35ns)   --->   "br label %1" [dilithium2/polyvec.c:305]   --->   Operation 9 'br' <Predicate = true> <Delay = 1.35>

State 2 <SV = 1> <Delay = 6.94>
ST_2 : Operation 10 [1/1] (0.00ns)   --->   "%indvar_flatten = phi i11 [ 0, %0 ], [ %add_ln305, %pqcrystals_dilithium2_ref_poly_pointwise_montgomery_label7 ]" [dilithium2/polyvec.c:305]   --->   Operation 10 'phi' 'indvar_flatten' <Predicate = true> <Delay = 0.00>
ST_2 : Operation 11 [1/1] (0.00ns)   --->   "%i_0 = phi i3 [ 0, %0 ], [ %select_ln306_1, %pqcrystals_dilithium2_ref_poly_pointwise_montgomery_label7 ]" [dilithium2/polyvec.c:306]   --->   Operation 11 'phi' 'i_0' <Predicate = true> <Delay = 0.00>
ST_2 : Operation 12 [1/1] (0.00ns)   --->   "%i_0_i = phi i9 [ 0, %0 ], [ %i_7, %pqcrystals_dilithium2_ref_poly_pointwise_montgomery_label7 ]"   --->   Operation 12 'phi' 'i_0_i' <Predicate = true> <Delay = 0.00>
ST_2 : Operation 13 [1/1] (1.52ns)   --->   "%icmp_ln305 = icmp eq i11 %indvar_flatten, -1024" [dilithium2/polyvec.c:305]   --->   Operation 13 'icmp' 'icmp_ln305' <Predicate = true> <Delay = 1.52> <Core = "Cmp">   --->   Core 25 'Cmp' <Latency = 0> <II = 1> <Delay = 1.34> <FuncUnit> <Opcode : 'icmp'> <InPorts = 2> <OutPorts = 1>
ST_2 : Operation 14 [1/1] (1.76ns)   --->   "%add_ln305 = add i11 %indvar_flatten, 1" [dilithium2/polyvec.c:305]   --->   Operation 14 'add' 'add_ln305' <Predicate = true> <Delay = 1.76> <Core = "AddSub">   --->   Core 14 'AddSub' <Latency = 0> <II = 1> <Delay = 2.99> <FuncUnit> <Opcode : 'add' 'sub'> <InPorts = 2> <OutPorts = 1>
ST_2 : Operation 15 [1/1] (0.00ns)   --->   "br i1 %icmp_ln305, label %2, label %pqcrystals_dilithium2_ref_poly_pointwise_montgomery_label7" [dilithium2/polyvec.c:305]   --->   Operation 15 'br' <Predicate = true> <Delay = 0.00>
ST_2 : Operation 16 [1/1] (1.34ns)   --->   "%i = add i3 1, %i_0" [dilithium2/polyvec.c:305]   --->   Operation 16 'add' 'i' <Predicate = (!icmp_ln305)> <Delay = 1.34> <Core = "AddSub">   --->   Core 14 'AddSub' <Latency = 0> <II = 1> <Delay = 2.99> <FuncUnit> <Opcode : 'add' 'sub'> <InPorts = 2> <OutPorts = 1>
ST_2 : Operation 17 [1/1] (1.34ns)   --->   "%icmp_ln180 = icmp eq i9 %i_0_i, -256" [dilithium2/poly.c:180->dilithium2/polyvec.c:306]   --->   Operation 17 'icmp' 'icmp_ln180' <Predicate = (!icmp_ln305)> <Delay = 1.34> <Core = "Cmp">   --->   Core 25 'Cmp' <Latency = 0> <II = 1> <Delay = 1.34> <FuncUnit> <Opcode : 'icmp'> <InPorts = 2> <OutPorts = 1>
ST_2 : Operation 18 [1/1] (1.07ns)   --->   "%select_ln306 = select i1 %icmp_ln180, i9 0, i9 %i_0_i" [dilithium2/polyvec.c:306]   --->   Operation 18 'select' 'select_ln306' <Predicate = (!icmp_ln305)> <Delay = 1.07> <Core = "Sel">   --->   Core 26 'Sel' <Latency = 0> <II = 1> <Delay = 0.79> <FuncUnit> <Opcode : 'select'> <InPorts = 3> <OutPorts = 1>
ST_2 : Operation 19 [1/1] (0.79ns)   --->   "%select_ln306_1 = select i1 %icmp_ln180, i3 %i, i3 %i_0" [dilithium2/polyvec.c:306]   --->   Operation 19 'select' 'select_ln306_1' <Predicate = (!icmp_ln305)> <Delay = 0.79> <Core = "Sel">   --->   Core 26 'Sel' <Latency = 0> <II = 1> <Delay = 0.79> <FuncUnit> <Opcode : 'select'> <InPorts = 3> <OutPorts = 1>
ST_2 : Operation 20 [1/1] (0.00ns)   --->   "%tmp = call i11 @_ssdm_op_BitConcatenate.i11.i3.i8(i3 %select_ln306_1, i8 0)" [dilithium2/poly.c:181->dilithium2/polyvec.c:306]   --->   Operation 20 'bitconcatenate' 'tmp' <Predicate = (!icmp_ln305)> <Delay = 0.00>
ST_2 : Operation 21 [1/1] (0.00ns)   --->   "%zext_ln181_5 = zext i11 %tmp to i12" [dilithium2/poly.c:181->dilithium2/polyvec.c:306]   --->   Operation 21 'zext' 'zext_ln181_5' <Predicate = (!icmp_ln305)> <Delay = 0.00>
ST_2 : Operation 22 [1/1] (0.00ns)   --->   "%zext_ln181 = zext i9 %select_ln306 to i64" [dilithium2/poly.c:181->dilithium2/polyvec.c:306]   --->   Operation 22 'zext' 'zext_ln181' <Predicate = (!icmp_ln305)> <Delay = 0.00>
ST_2 : Operation 23 [1/1] (0.00ns)   --->   "%zext_ln181_6 = zext i9 %select_ln306 to i12" [dilithium2/poly.c:181->dilithium2/polyvec.c:306]   --->   Operation 23 'zext' 'zext_ln181_6' <Predicate = (!icmp_ln305)> <Delay = 0.00>
ST_2 : Operation 24 [1/1] (1.76ns)   --->   "%add_ln181 = add i12 %zext_ln181_5, %zext_ln181_6" [dilithium2/poly.c:181->dilithium2/polyvec.c:306]   --->   Operation 24 'add' 'add_ln181' <Predicate = (!icmp_ln305)> <Delay = 1.76> <Core = "AddSub">   --->   Core 14 'AddSub' <Latency = 0> <II = 1> <Delay = 2.99> <FuncUnit> <Opcode : 'add' 'sub'> <InPorts = 2> <OutPorts = 1>
ST_2 : Operation 25 [1/1] (0.00ns)   --->   "%zext_ln181_7 = zext i12 %add_ln181 to i64" [dilithium2/poly.c:181->dilithium2/polyvec.c:306]   --->   Operation 25 'zext' 'zext_ln181_7' <Predicate = (!icmp_ln305)> <Delay = 0.00>
ST_2 : Operation 26 [1/1] (0.00ns)   --->   "%v_vec_coeffs_addr = getelementptr [1024 x i32]* %v_vec_coeffs, i64 0, i64 %zext_ln181_7" [dilithium2/poly.c:181->dilithium2/polyvec.c:306]   --->   Operation 26 'getelementptr' 'v_vec_coeffs_addr' <Predicate = (!icmp_ln305)> <Delay = 0.00>
ST_2 : Operation 27 [1/1] (0.00ns)   --->   "%a_coeffs_addr = getelementptr [256 x i32]* %a_coeffs, i64 0, i64 %zext_ln181" [dilithium2/poly.c:181->dilithium2/polyvec.c:306]   --->   Operation 27 'getelementptr' 'a_coeffs_addr' <Predicate = (!icmp_ln305)> <Delay = 0.00>
ST_2 : Operation 28 [2/2] (2.77ns)   --->   "%a_coeffs_load = load i32* %a_coeffs_addr, align 4" [dilithium2/poly.c:181->dilithium2/polyvec.c:306]   --->   Operation 28 'load' 'a_coeffs_load' <Predicate = (!icmp_ln305)> <Delay = 2.77> <Core = "RAM">   --->   Core 37 'RAM' <Latency = 1> <II = 1> <Delay = 2.77> <Storage> <Opcode : 'load' 'store'> <Ports = 2> <Width = 32> <Depth = 1024> <RAM>
ST_2 : Operation 29 [2/2] (2.77ns)   --->   "%v_vec_coeffs_load = load i32* %v_vec_coeffs_addr, align 4" [dilithium2/poly.c:181->dilithium2/polyvec.c:306]   --->   Operation 29 'load' 'v_vec_coeffs_load' <Predicate = (!icmp_ln305)> <Delay = 2.77> <Core = "RAM">   --->   Core 37 'RAM' <Latency = 1> <II = 1> <Delay = 2.77> <Storage> <Opcode : 'load' 'store'> <Ports = 2> <Width = 32> <Depth = 1024> <RAM>
ST_2 : Operation 30 [1/1] (1.73ns)   --->   "%i_7 = add i9 1, %select_ln306" [dilithium2/poly.c:180->dilithium2/polyvec.c:306]   --->   Operation 30 'add' 'i_7' <Predicate = (!icmp_ln305)> <Delay = 1.73> <Core = "AddSub">   --->   Core 14 'AddSub' <Latency = 0> <II = 1> <Delay = 2.99> <FuncUnit> <Opcode : 'add' 'sub'> <InPorts = 2> <OutPorts = 1>

State 3 <SV = 2> <Delay = 2.77>
ST_3 : Operation 31 [1/2] (2.77ns)   --->   "%a_coeffs_load = load i32* %a_coeffs_addr, align 4" [dilithium2/poly.c:181->dilithium2/polyvec.c:306]   --->   Operation 31 'load' 'a_coeffs_load' <Predicate = (!icmp_ln305)> <Delay = 2.77> <Core = "RAM">   --->   Core 37 'RAM' <Latency = 1> <II = 1> <Delay = 2.77> <Storage> <Opcode : 'load' 'store'> <Ports = 2> <Width = 32> <Depth = 1024> <RAM>
ST_3 : Operation 32 [1/2] (2.77ns)   --->   "%v_vec_coeffs_load = load i32* %v_vec_coeffs_addr, align 4" [dilithium2/poly.c:181->dilithium2/polyvec.c:306]   --->   Operation 32 'load' 'v_vec_coeffs_load' <Predicate = (!icmp_ln305)> <Delay = 2.77> <Core = "RAM">   --->   Core 37 'RAM' <Latency = 1> <II = 1> <Delay = 2.77> <Storage> <Opcode : 'load' 'store'> <Ports = 2> <Width = 32> <Depth = 1024> <RAM>

State 4 <SV = 3> <Delay = 6.88>
ST_4 : Operation 33 [1/1] (0.00ns)   --->   "%sext_ln181 = sext i32 %a_coeffs_load to i64" [dilithium2/poly.c:181->dilithium2/polyvec.c:306]   --->   Operation 33 'sext' 'sext_ln181' <Predicate = (!icmp_ln305)> <Delay = 0.00>
ST_4 : Operation 34 [1/1] (0.00ns)   --->   "%sext_ln181_2 = sext i32 %v_vec_coeffs_load to i64" [dilithium2/poly.c:181->dilithium2/polyvec.c:306]   --->   Operation 34 'sext' 'sext_ln181_2' <Predicate = (!icmp_ln305)> <Delay = 0.00>
ST_4 : Operation 35 [1/1] (6.88ns)   --->   "%mul_ln181 = mul nsw i64 %sext_ln181, %sext_ln181_2" [dilithium2/poly.c:181->dilithium2/polyvec.c:306]   --->   Operation 35 'mul' 'mul_ln181' <Predicate = (!icmp_ln305)> <Delay = 6.88> <Core = "Mul">   --->   Core 16 'Mul' <Latency = 0> <II = 1> <Delay = 6.88> <FuncUnit> <Opcode : 'mul'> <InPorts = 2> <OutPorts = 1>
ST_4 : Operation 36 [1/1] (0.00ns)   --->   "%trunc_ln18 = trunc i64 %mul_ln181 to i32" [dilithium2/reduce.c:18->dilithium2/poly.c:181->dilithium2/polyvec.c:306]   --->   Operation 36 'trunc' 'trunc_ln18' <Predicate = (!icmp_ln305)> <Delay = 0.00>

State 5 <SV = 4> <Delay = 6.88>
ST_5 : Operation 37 [1/1] (6.88ns)   --->   "%t = mul nsw i32 58728449, %trunc_ln18" [dilithium2/reduce.c:18->dilithium2/poly.c:181->dilithium2/polyvec.c:306]   --->   Operation 37 'mul' 't' <Predicate = (!icmp_ln305)> <Delay = 6.88> <Core = "Mul">   --->   Core 16 'Mul' <Latency = 0> <II = 1> <Delay = 6.88> <FuncUnit> <Opcode : 'mul'> <InPorts = 2> <OutPorts = 1>

State 6 <SV = 5> <Delay = 6.88>
ST_6 : Operation 38 [1/1] (0.00ns)   --->   "%sext_ln19 = sext i32 %t to i55" [dilithium2/reduce.c:19->dilithium2/poly.c:181->dilithium2/polyvec.c:306]   --->   Operation 38 'sext' 'sext_ln19' <Predicate = (!icmp_ln305)> <Delay = 0.00>
ST_6 : Operation 39 [1/1] (6.88ns)   --->   "%mul_ln19 = mul i55 -8380417, %sext_ln19" [dilithium2/reduce.c:19->dilithium2/poly.c:181->dilithium2/polyvec.c:306]   --->   Operation 39 'mul' 'mul_ln19' <Predicate = (!icmp_ln305)> <Delay = 6.88> <Core = "Mul">   --->   Core 16 'Mul' <Latency = 0> <II = 1> <Delay = 6.88> <FuncUnit> <Opcode : 'mul'> <InPorts = 2> <OutPorts = 1>

State 7 <SV = 6> <Delay = 5.77>
ST_7 : Operation 40 [1/1] (0.00ns)   --->   "call void (...)* @_ssdm_op_SpecLoopName([61 x i8]* @L_pqcrystals_dilithi_1)"   --->   Operation 40 'specloopname' <Predicate = (!icmp_ln305)> <Delay = 0.00>
ST_7 : Operation 41 [1/1] (0.00ns)   --->   "call void (...)* @_ssdm_op_SpecLoopTripCount(i64 1024, i64 1024, i64 1024)"   --->   Operation 41 'speclooptripcount' <Predicate = (!icmp_ln305)> <Delay = 0.00>
ST_7 : Operation 42 [1/1] (0.00ns)   --->   "call void (...)* @_ssdm_op_SpecLoopName([59 x i8]* @p_str627) nounwind" [dilithium2/poly.c:181->dilithium2/polyvec.c:306]   --->   Operation 42 'specloopname' <Predicate = (!icmp_ln305)> <Delay = 0.00>
ST_7 : Operation 43 [1/1] (0.00ns)   --->   "%tmp_32_i = call i32 (...)* @_ssdm_op_SpecRegionBegin([59 x i8]* @p_str627)" [dilithium2/poly.c:181->dilithium2/polyvec.c:306]   --->   Operation 43 'specregionbegin' 'tmp_32_i' <Predicate = (!icmp_ln305)> <Delay = 0.00>
ST_7 : Operation 44 [1/1] (0.00ns)   --->   "call void (...)* @_ssdm_op_SpecPipeline(i32 -1, i32 1, i32 1, i32 0, [1 x i8]* @p_str122) nounwind" [dilithium2/poly.c:181->dilithium2/polyvec.c:306]   --->   Operation 44 'specpipeline' <Predicate = (!icmp_ln305)> <Delay = 0.00>
ST_7 : Operation 45 [1/1] (0.00ns)   --->   "%r_vec_coeffs_addr = getelementptr [1024 x i32]* %r_vec_coeffs, i64 0, i64 %zext_ln181_7" [dilithium2/poly.c:181->dilithium2/polyvec.c:306]   --->   Operation 45 'getelementptr' 'r_vec_coeffs_addr' <Predicate = (!icmp_ln305)> <Delay = 0.00>
ST_7 : Operation 46 [1/1] (0.00ns)   --->   "%sext_ln19_2 = sext i55 %mul_ln19 to i64" [dilithium2/reduce.c:19->dilithium2/poly.c:181->dilithium2/polyvec.c:306]   --->   Operation 46 'sext' 'sext_ln19_2' <Predicate = (!icmp_ln305)> <Delay = 0.00>
ST_7 : Operation 47 [1/1] (2.99ns)   --->   "%add_ln19 = add i64 %mul_ln181, %sext_ln19_2" [dilithium2/reduce.c:19->dilithium2/poly.c:181->dilithium2/polyvec.c:306]   --->   Operation 47 'add' 'add_ln19' <Predicate = (!icmp_ln305)> <Delay = 2.99> <Core = "AddSub">   --->   Core 14 'AddSub' <Latency = 0> <II = 1> <Delay = 2.99> <FuncUnit> <Opcode : 'add' 'sub'> <InPorts = 2> <OutPorts = 1>
ST_7 : Operation 48 [1/1] (0.00ns)   --->   "%t_3 = call i32 @_ssdm_op_PartSelect.i32.i64.i32.i32(i64 %add_ln19, i32 32, i32 63)" [dilithium2/reduce.c:19->dilithium2/poly.c:181->dilithium2/polyvec.c:306]   --->   Operation 48 'partselect' 't_3' <Predicate = (!icmp_ln305)> <Delay = 0.00>
ST_7 : Operation 49 [1/1] (2.77ns)   --->   "store i32 %t_3, i32* %r_vec_coeffs_addr, align 4" [dilithium2/poly.c:181->dilithium2/polyvec.c:306]   --->   Operation 49 'store' <Predicate = (!icmp_ln305)> <Delay = 2.77> <Core = "RAM">   --->   Core 37 'RAM' <Latency = 1> <II = 1> <Delay = 2.77> <Storage> <Opcode : 'load' 'store'> <Ports = 2> <Width = 32> <Depth = 1024> <RAM>
ST_7 : Operation 50 [1/1] (0.00ns)   --->   "%empty = call i32 (...)* @_ssdm_op_SpecRegionEnd([59 x i8]* @p_str627, i32 %tmp_32_i)" [dilithium2/poly.c:181->dilithium2/polyvec.c:306]   --->   Operation 50 'specregionend' 'empty' <Predicate = (!icmp_ln305)> <Delay = 0.00>
ST_7 : Operation 51 [1/1] (0.00ns)   --->   "br label %1" [dilithium2/poly.c:180->dilithium2/polyvec.c:306]   --->   Operation 51 'br' <Predicate = (!icmp_ln305)> <Delay = 0.00>

State 8 <SV = 2> <Delay = 0.00>
ST_8 : Operation 52 [1/1] (0.00ns)   --->   "ret void" [dilithium2/polyvec.c:307]   --->   Operation 52 'ret' <Predicate = true> <Delay = 0.00>


============================================================
+ Verbose Summary: Binding
============================================================
STG Binding: 
---------------- STG Properties BEGIN ----------------
- Is combinational: 0
- Is one-state seq: 0
- Is datapath-only: 0
- Is pipelined: 0
- Is top level: 0
Port [ Return ] is wired: 1; IO mode=ap_ctrl_hs:ce=0
Port [ r_vec_coeffs]:  wired=1; compound=1; hidden=0; nouse=0; global=0; static=0; extern=0; dir=1; type=1; pingpong=0; private_global=0; MemPort=[03]; IO mode=ap_memory:ce=0
Port [ a_coeffs]:  wired=1; compound=1; hidden=0; nouse=0; global=0; static=0; extern=0; dir=0; type=1; pingpong=0; private_global=0; MemPort=[13]; IO mode=ap_memory:ce=0
Port [ v_vec_coeffs]:  wired=1; compound=1; hidden=0; nouse=0; global=0; static=0; extern=0; dir=0; type=1; pingpong=0; private_global=0; MemPort=[13]; IO mode=ap_memory:ce=0
---------------- STG Properties END ------------------

---------------- Datapath Model BEGIN ----------------

<LifeTime>
<method=bitvector/>
br_ln305              (br               ) [ 011111110]
indvar_flatten        (phi              ) [ 001000000]
i_0                   (phi              ) [ 001000000]
i_0_i                 (phi              ) [ 001000000]
icmp_ln305            (icmp             ) [ 001111110]
add_ln305             (add              ) [ 011111110]
br_ln305              (br               ) [ 000000000]
i                     (add              ) [ 000000000]
icmp_ln180            (icmp             ) [ 000000000]
select_ln306          (select           ) [ 000000000]
select_ln306_1        (select           ) [ 011111110]
tmp                   (bitconcatenate   ) [ 000000000]
zext_ln181_5          (zext             ) [ 000000000]
zext_ln181            (zext             ) [ 000000000]
zext_ln181_6          (zext             ) [ 000000000]
add_ln181             (add              ) [ 000000000]
zext_ln181_7          (zext             ) [ 001111110]
v_vec_coeffs_addr     (getelementptr    ) [ 001100000]
a_coeffs_addr         (getelementptr    ) [ 001100000]
i_7                   (add              ) [ 011111110]
a_coeffs_load         (load             ) [ 001010000]
v_vec_coeffs_load     (load             ) [ 001010000]
sext_ln181            (sext             ) [ 000000000]
sext_ln181_2          (sext             ) [ 000000000]
mul_ln181             (mul              ) [ 001001110]
trunc_ln18            (trunc            ) [ 001001000]
t                     (mul              ) [ 001000100]
sext_ln19             (sext             ) [ 000000000]
mul_ln19              (mul              ) [ 001000010]
specloopname_ln0      (specloopname     ) [ 000000000]
speclooptripcount_ln0 (speclooptripcount) [ 000000000]
specloopname_ln181    (specloopname     ) [ 000000000]
tmp_32_i              (specregionbegin  ) [ 000000000]
specpipeline_ln181    (specpipeline     ) [ 000000000]
r_vec_coeffs_addr     (getelementptr    ) [ 000000000]
sext_ln19_2           (sext             ) [ 000000000]
add_ln19              (add              ) [ 000000000]
t_3                   (partselect       ) [ 000000000]
store_ln181           (store            ) [ 000000000]
empty                 (specregionend    ) [ 000000000]
br_ln180              (br               ) [ 011111110]
ret_ln307             (ret              ) [ 000000000]
</LifeTime>

<model>

<comp_list>
<comp id="0" class="1000" name="r_vec_coeffs">
<pin_list>
<pin id="1" dir="1" index="0" bw="1" slack="0"/>
</pin_list>
<bind>
<StgValue><ssdm name="r_vec_coeffs"/><MemPortTyVec>0 3 </MemPortTyVec>
</StgValue>
</bind>
</comp>

<comp id="2" class="1000" name="a_coeffs">
<pin_list>
<pin id="3" dir="1" index="0" bw="1" slack="0"/>
</pin_list>
<bind>
<StgValue><ssdm name="a_coeffs"/><MemPortTyVec>1 3 </MemPortTyVec>
</StgValue>
</bind>
</comp>

<comp id="4" class="1000" name="v_vec_coeffs">
<pin_list>
<pin id="5" dir="1" index="0" bw="1" slack="0"/>
</pin_list>
<bind>
<StgValue><ssdm name="v_vec_coeffs"/><MemPortTyVec>1 3 </MemPortTyVec>
</StgValue>
</bind>
</comp>

<comp id="6" class="1001" name="const_6">
<pin_list>
<pin id="7" dir="1" index="0" bw="1" slack="1"/>
</pin_list>
<bind>
<StgValue><ssdm name=""/></StgValue>
</bind>
</comp>

<comp id="8" class="1001" name="const_8">
<pin_list>
<pin id="9" dir="1" index="0" bw="1" slack="1"/>
</pin_list>
<bind>
<StgValue><ssdm name=""/></StgValue>
</bind>
</comp>

<comp id="10" class="1001" name="const_10">
<pin_list>
<pin id="11" dir="1" index="0" bw="1" slack="0"/>
</pin_list>
<bind>
<StgValue><ssdm name=""/></StgValue>
</bind>
</comp>

<comp id="12" class="1001" name="const_12">
<pin_list>
<pin id="13" dir="1" index="0" bw="1" slack="0"/>
</pin_list>
<bind>
<StgValue><ssdm name=""/></StgValue>
</bind>
</comp>

<comp id="14" class="1001" name="const_14">
<pin_list>
<pin id="15" dir="1" index="0" bw="1" slack="0"/>
</pin_list>
<bind>
<StgValue><ssdm name=""/></StgValue>
</bind>
</comp>

<comp id="16" class="1001" name="const_16">
<pin_list>
<pin id="17" dir="1" index="0" bw="1" slack="0"/>
</pin_list>
<bind>
<StgValue><ssdm name=""/></StgValue>
</bind>
</comp>

<comp id="18" class="1001" name="const_18">
<pin_list>
<pin id="19" dir="1" index="0" bw="1" slack="0"/>
</pin_list>
<bind>
<StgValue><ssdm name=""/></StgValue>
</bind>
</comp>

<comp id="20" class="1001" name="const_20">
<pin_list>
<pin id="21" dir="1" index="0" bw="1" slack="0"/>
</pin_list>
<bind>
<StgValue><ssdm name="_ssdm_op_BitConcatenate.i11.i3.i8"/></StgValue>
</bind>
</comp>

<comp id="22" class="1001" name="const_22">
<pin_list>
<pin id="23" dir="1" index="0" bw="1" slack="0"/>
</pin_list>
<bind>
<StgValue><ssdm name=""/></StgValue>
</bind>
</comp>

<comp id="24" class="1001" name="const_24">
<pin_list>
<pin id="25" dir="1" index="0" bw="1" slack="0"/>
</pin_list>
<bind>
<StgValue><ssdm name=""/></StgValue>
</bind>
</comp>

<comp id="26" class="1001" name="const_26">
<pin_list>
<pin id="27" dir="1" index="0" bw="1" slack="0"/>
</pin_list>
<bind>
<StgValue><ssdm name=""/></StgValue>
</bind>
</comp>

<comp id="28" class="1001" name="const_28">
<pin_list>
<pin id="29" dir="1" index="0" bw="1" slack="0"/>
</pin_list>
<bind>
<StgValue><ssdm name=""/></StgValue>
</bind>
</comp>

<comp id="30" class="1001" name="const_30">
<pin_list>
<pin id="31" dir="1" index="0" bw="1" slack="0"/>
</pin_list>
<bind>
<StgValue><ssdm name=""/></StgValue>
</bind>
</comp>

<comp id="32" class="1001" name="const_32">
<pin_list>
<pin id="33" dir="1" index="0" bw="1" slack="2147483647"/>
</pin_list>
<bind>
<StgValue><ssdm name="_ssdm_op_SpecLoopName"/></StgValue>
</bind>
</comp>

<comp id="34" class="1001" name="const_34">
<pin_list>
<pin id="35" dir="1" index="0" bw="1" slack="2147483647"/>
</pin_list>
<bind>
<StgValue><ssdm name="L_pqcrystals_dilithi_1"/></StgValue>
</bind>
</comp>

<comp id="36" class="1001" name="const_36">
<pin_list>
<pin id="37" dir="1" index="0" bw="1" slack="2147483647"/>
</pin_list>
<bind>
<StgValue><ssdm name="_ssdm_op_SpecLoopTripCount"/></StgValue>
</bind>
</comp>

<comp id="38" class="1001" name="const_38">
<pin_list>
<pin id="39" dir="1" index="0" bw="1" slack="2147483647"/>
</pin_list>
<bind>
<StgValue><ssdm name=""/></StgValue>
</bind>
</comp>

<comp id="40" class="1001" name="const_40">
<pin_list>
<pin id="41" dir="1" index="0" bw="1" slack="2147483647"/>
</pin_list>
<bind>
<StgValue><ssdm name="p_str627"/></StgValue>
</bind>
</comp>

<comp id="42" class="1001" name="const_42">
<pin_list>
<pin id="43" dir="1" index="0" bw="1" slack="2147483647"/>
</pin_list>
<bind>
<StgValue><ssdm name="_ssdm_op_SpecRegionBegin"/></StgValue>
</bind>
</comp>

<comp id="44" class="1001" name="const_44">
<pin_list>
<pin id="45" dir="1" index="0" bw="1" slack="2147483647"/>
</pin_list>
<bind>
<StgValue><ssdm name="_ssdm_op_SpecPipeline"/></StgValue>
</bind>
</comp>

<comp id="46" class="1001" name="const_46">
<pin_list>
<pin id="47" dir="1" index="0" bw="1" slack="2147483647"/>
</pin_list>
<bind>
<StgValue><ssdm name=""/></StgValue>
</bind>
</comp>

<comp id="48" class="1001" name="const_48">
<pin_list>
<pin id="49" dir="1" index="0" bw="1" slack="2147483647"/>
</pin_list>
<bind>
<StgValue><ssdm name=""/></StgValue>
</bind>
</comp>

<comp id="50" class="1001" name="const_50">
<pin_list>
<pin id="51" dir="1" index="0" bw="1" slack="2147483647"/>
</pin_list>
<bind>
<StgValue><ssdm name=""/></StgValue>
</bind>
</comp>

<comp id="52" class="1001" name="const_52">
<pin_list>
<pin id="53" dir="1" index="0" bw="1" slack="2147483647"/>
</pin_list>
<bind>
<StgValue><ssdm name="p_str122"/></StgValue>
</bind>
</comp>

<comp id="54" class="1001" name="const_54">
<pin_list>
<pin id="55" dir="1" index="0" bw="1" slack="0"/>
</pin_list>
<bind>
<StgValue><ssdm name="_ssdm_op_PartSelect.i32.i64.i32.i32"/></StgValue>
</bind>
</comp>

<comp id="56" class="1001" name="const_56">
<pin_list>
<pin id="57" dir="1" index="0" bw="1" slack="0"/>
</pin_list>
<bind>
<StgValue><ssdm name=""/></StgValue>
</bind>
</comp>

<comp id="58" class="1001" name="const_58">
<pin_list>
<pin id="59" dir="1" index="0" bw="1" slack="0"/>
</pin_list>
<bind>
<StgValue><ssdm name=""/></StgValue>
</bind>
</comp>

<comp id="60" class="1001" name="const_60">
<pin_list>
<pin id="61" dir="1" index="0" bw="1" slack="2147483647"/>
</pin_list>
<bind>
<StgValue><ssdm name="_ssdm_op_SpecRegionEnd"/></StgValue>
</bind>
</comp>

<comp id="62" class="1004" name="v_vec_coeffs_addr_gep_fu_62">
<pin_list>
<pin id="63" dir="0" index="0" bw="32" slack="0"/>
<pin id="64" dir="0" index="1" bw="1" slack="0"/>
<pin id="65" dir="0" index="2" bw="12" slack="0"/>
<pin id="66" dir="1" index="3" bw="10" slack="0"/>
</pin_list>
<bind>
<opcode="getelementptr(29) " fcode="getelementptr"/>
<opset="v_vec_coeffs_addr/2 "/>
</bind>
</comp>

<comp id="69" class="1004" name="a_coeffs_addr_gep_fu_69">
<pin_list>
<pin id="70" dir="0" index="0" bw="32" slack="0"/>
<pin id="71" dir="0" index="1" bw="1" slack="0"/>
<pin id="72" dir="0" index="2" bw="9" slack="0"/>
<pin id="73" dir="1" index="3" bw="8" slack="0"/>
</pin_list>
<bind>
<opcode="getelementptr(29) " fcode="getelementptr"/>
<opset="a_coeffs_addr/2 "/>
</bind>
</comp>

<comp id="76" class="1004" name="grp_access_fu_76">
<pin_list>
<pin id="77" dir="0" index="0" bw="8" slack="0"/>
<pin id="78" dir="0" index="1" bw="32" slack="2147483647"/>
<pin id="79" dir="0" index="2" bw="0" slack="2147483647"/>
<pin id="80" dir="1" index="3" bw="32" slack="1"/>
</pin_list>
<bind>
<opcode="load(27) " fcode="load"/>
<opset="a_coeffs_load/2 "/>
</bind>
</comp>

<comp id="82" class="1004" name="grp_access_fu_82">
<pin_list>
<pin id="83" dir="0" index="0" bw="10" slack="0"/>
<pin id="84" dir="0" index="1" bw="32" slack="2147483647"/>
<pin id="85" dir="0" index="2" bw="0" slack="2147483647"/>
<pin id="86" dir="1" index="3" bw="32" slack="1"/>
</pin_list>
<bind>
<opcode="load(27) " fcode="load"/>
<opset="v_vec_coeffs_load/2 "/>
</bind>
</comp>

<comp id="88" class="1004" name="r_vec_coeffs_addr_gep_fu_88">
<pin_list>
<pin id="89" dir="0" index="0" bw="32" slack="0"/>
<pin id="90" dir="0" index="1" bw="1" slack="0"/>
<pin id="91" dir="0" index="2" bw="12" slack="5"/>
<pin id="92" dir="1" index="3" bw="10" slack="0"/>
</pin_list>
<bind>
<opcode="getelementptr(29) " fcode="getelementptr"/>
<opset="r_vec_coeffs_addr/7 "/>
</bind>
</comp>

<comp id="95" class="1004" name="store_ln181_access_fu_95">
<pin_list>
<pin id="96" dir="0" index="0" bw="10" slack="0"/>
<pin id="97" dir="0" index="1" bw="32" slack="0"/>
<pin id="98" dir="0" index="2" bw="0" slack="2147483647"/>
<pin id="99" dir="1" index="3" bw="32" slack="2147483647"/>
</pin_list>
<bind>
<opcode="store(28) " fcode="store"/>
<opset="store_ln181/7 "/>
</bind>
</comp>

<comp id="101" class="1005" name="indvar_flatten_reg_101">
<pin_list>
<pin id="102" dir="0" index="0" bw="11" slack="1"/>
<pin id="103" dir="1" index="1" bw="11" slack="1"/>
</pin_list>
<bind>
<opset="indvar_flatten (phireg) "/>
</bind>
</comp>

<comp id="105" class="1004" name="indvar_flatten_phi_fu_105">
<pin_list>
<pin id="106" dir="0" index="0" bw="1" slack="1"/>
<pin id="107" dir="0" index="1" bw="0" slack="2147483647"/>
<pin id="108" dir="0" index="2" bw="11" slack="0"/>
<pin id="109" dir="0" index="3" bw="0" slack="2147483647"/>
<pin id="110" dir="1" index="4" bw="11" slack="0"/>
</pin_list>
<bind>
<opcode="phi(47) " fcode="phi"/>
<opset="indvar_flatten/2 "/>
</bind>
</comp>

<comp id="112" class="1005" name="i_0_reg_112">
<pin_list>
<pin id="113" dir="0" index="0" bw="3" slack="1"/>
<pin id="114" dir="1" index="1" bw="3" slack="1"/>
</pin_list>
<bind>
<opset="i_0 (phireg) "/>
</bind>
</comp>

<comp id="116" class="1004" name="i_0_phi_fu_116">
<pin_list>
<pin id="117" dir="0" index="0" bw="1" slack="1"/>
<pin id="118" dir="0" index="1" bw="0" slack="2147483647"/>
<pin id="119" dir="0" index="2" bw="3" slack="0"/>
<pin id="120" dir="0" index="3" bw="0" slack="2147483647"/>
<pin id="121" dir="1" index="4" bw="3" slack="0"/>
</pin_list>
<bind>
<opcode="phi(47) " fcode="phi"/>
<opset="i_0/2 "/>
</bind>
</comp>

<comp id="123" class="1005" name="i_0_i_reg_123">
<pin_list>
<pin id="124" dir="0" index="0" bw="9" slack="1"/>
<pin id="125" dir="1" index="1" bw="9" slack="1"/>
</pin_list>
<bind>
<opset="i_0_i (phireg) "/>
</bind>
</comp>

<comp id="127" class="1004" name="i_0_i_phi_fu_127">
<pin_list>
<pin id="128" dir="0" index="0" bw="1" slack="1"/>
<pin id="129" dir="0" index="1" bw="0" slack="2147483647"/>
<pin id="130" dir="0" index="2" bw="9" slack="0"/>
<pin id="131" dir="0" index="3" bw="0" slack="2147483647"/>
<pin id="132" dir="1" index="4" bw="9" slack="0"/>
</pin_list>
<bind>
<opcode="phi(47) " fcode="phi"/>
<opset="i_0_i/2 "/>
</bind>
</comp>

<comp id="134" class="1004" name="icmp_ln305_fu_134">
<pin_list>
<pin id="135" dir="0" index="0" bw="11" slack="0"/>
<pin id="136" dir="0" index="1" bw="11" slack="0"/>
<pin id="137" dir="1" index="2" bw="1" slack="1"/>
</pin_list>
<bind>
<opcode="icmp(45) " fcode="icmp"/>
<opset="icmp_ln305/2 "/>
</bind>
</comp>

<comp id="140" class="1004" name="add_ln305_fu_140">
<pin_list>
<pin id="141" dir="0" index="0" bw="11" slack="0"/>
<pin id="142" dir="0" index="1" bw="1" slack="0"/>
<pin id="143" dir="1" index="2" bw="11" slack="0"/>
</pin_list>
<bind>
<opcode="add(8) " fcode="add"/>
<opset="add_ln305/2 "/>
</bind>
</comp>

<comp id="146" class="1004" name="i_fu_146">
<pin_list>
<pin id="147" dir="0" index="0" bw="1" slack="0"/>
<pin id="148" dir="0" index="1" bw="3" slack="0"/>
<pin id="149" dir="1" index="2" bw="3" slack="0"/>
</pin_list>
<bind>
<opcode="add(8) " fcode="add"/>
<opset="i/2 "/>
</bind>
</comp>

<comp id="152" class="1004" name="icmp_ln180_fu_152">
<pin_list>
<pin id="153" dir="0" index="0" bw="9" slack="0"/>
<pin id="154" dir="0" index="1" bw="9" slack="0"/>
<pin id="155" dir="1" index="2" bw="1" slack="0"/>
</pin_list>
<bind>
<opcode="icmp(45) " fcode="icmp"/>
<opset="icmp_ln180/2 "/>
</bind>
</comp>

<comp id="158" class="1004" name="select_ln306_fu_158">
<pin_list>
<pin id="159" dir="0" index="0" bw="1" slack="0"/>
<pin id="160" dir="0" index="1" bw="1" slack="0"/>
<pin id="161" dir="0" index="2" bw="9" slack="0"/>
<pin id="162" dir="1" index="3" bw="9" slack="0"/>
</pin_list>
<bind>
<opcode="select(49) " fcode="select"/>
<opset="select_ln306/2 "/>
</bind>
</comp>

<comp id="166" class="1004" name="select_ln306_1_fu_166">
<pin_list>
<pin id="167" dir="0" index="0" bw="1" slack="0"/>
<pin id="168" dir="0" index="1" bw="3" slack="0"/>
<pin id="169" dir="0" index="2" bw="3" slack="0"/>
<pin id="170" dir="1" index="3" bw="3" slack="0"/>
</pin_list>
<bind>
<opcode="select(49) " fcode="select"/>
<opset="select_ln306_1/2 "/>
</bind>
</comp>

<comp id="174" class="1004" name="tmp_fu_174">
<pin_list>
<pin id="175" dir="0" index="0" bw="11" slack="0"/>
<pin id="176" dir="0" index="1" bw="3" slack="0"/>
<pin id="177" dir="0" index="2" bw="1" slack="0"/>
<pin id="178" dir="1" index="3" bw="11" slack="0"/>
</pin_list>
<bind>
<opcode="bitconcatenate(1004) " fcode="bitconcatenate"/>
<opset="tmp/2 "/>
</bind>
</comp>

<comp id="182" class="1004" name="zext_ln181_5_fu_182">
<pin_list>
<pin id="183" dir="0" index="0" bw="11" slack="0"/>
<pin id="184" dir="1" index="1" bw="12" slack="0"/>
</pin_list>
<bind>
<opcode="zext(34) " fcode="zext"/>
<opset="zext_ln181_5/2 "/>
</bind>
</comp>

<comp id="186" class="1004" name="zext_ln181_fu_186">
<pin_list>
<pin id="187" dir="0" index="0" bw="9" slack="0"/>
<pin id="188" dir="1" index="1" bw="64" slack="0"/>
</pin_list>
<bind>
<opcode="zext(34) " fcode="zext"/>
<opset="zext_ln181/2 "/>
</bind>
</comp>

<comp id="191" class="1004" name="zext_ln181_6_fu_191">
<pin_list>
<pin id="192" dir="0" index="0" bw="9" slack="0"/>
<pin id="193" dir="1" index="1" bw="12" slack="0"/>
</pin_list>
<bind>
<opcode="zext(34) " fcode="zext"/>
<opset="zext_ln181_6/2 "/>
</bind>
</comp>

<comp id="195" class="1004" name="add_ln181_fu_195">
<pin_list>
<pin id="196" dir="0" index="0" bw="11" slack="0"/>
<pin id="197" dir="0" index="1" bw="9" slack="0"/>
<pin id="198" dir="1" index="2" bw="12" slack="0"/>
</pin_list>
<bind>
<opcode="add(8) " fcode="add"/>
<opset="add_ln181/2 "/>
</bind>
</comp>

<comp id="201" class="1004" name="zext_ln181_7_fu_201">
<pin_list>
<pin id="202" dir="0" index="0" bw="12" slack="0"/>
<pin id="203" dir="1" index="1" bw="64" slack="0"/>
</pin_list>
<bind>
<opcode="zext(34) " fcode="zext"/>
<opset="zext_ln181_7/2 "/>
</bind>
</comp>

<comp id="206" class="1004" name="i_7_fu_206">
<pin_list>
<pin id="207" dir="0" index="0" bw="1" slack="0"/>
<pin id="208" dir="0" index="1" bw="9" slack="0"/>
<pin id="209" dir="1" index="2" bw="9" slack="0"/>
</pin_list>
<bind>
<opcode="add(8) " fcode="add"/>
<opset="i_7/2 "/>
</bind>
</comp>

<comp id="212" class="1004" name="sext_ln181_fu_212">
<pin_list>
<pin id="213" dir="0" index="0" bw="32" slack="1"/>
<pin id="214" dir="1" index="1" bw="64" slack="0"/>
</pin_list>
<bind>
<opcode="sext(35) " fcode="sext"/>
<opset="sext_ln181/4 "/>
</bind>
</comp>

<comp id="215" class="1004" name="sext_ln181_2_fu_215">
<pin_list>
<pin id="216" dir="0" index="0" bw="32" slack="1"/>
<pin id="217" dir="1" index="1" bw="64" slack="0"/>
</pin_list>
<bind>
<opcode="sext(35) " fcode="sext"/>
<opset="sext_ln181_2/4 "/>
</bind>
</comp>

<comp id="218" class="1004" name="mul_ln181_fu_218">
<pin_list>
<pin id="219" dir="0" index="0" bw="32" slack="0"/>
<pin id="220" dir="0" index="1" bw="32" slack="0"/>
<pin id="221" dir="1" index="2" bw="64" slack="0"/>
</pin_list>
<bind>
<opcode="mul(12) " fcode="mul"/>
<opset="mul_ln181/4 "/>
</bind>
</comp>

<comp id="224" class="1004" name="trunc_ln18_fu_224">
<pin_list>
<pin id="225" dir="0" index="0" bw="64" slack="0"/>
<pin id="226" dir="1" index="1" bw="32" slack="1"/>
</pin_list>
<bind>
<opcode="trunc(33) " fcode="trunc"/>
<opset="trunc_ln18/4 "/>
</bind>
</comp>

<comp id="228" class="1004" name="t_fu_228">
<pin_list>
<pin id="229" dir="0" index="0" bw="27" slack="0"/>
<pin id="230" dir="0" index="1" bw="32" slack="1"/>
<pin id="231" dir="1" index="2" bw="32" slack="1"/>
</pin_list>
<bind>
<opcode="mul(12) " fcode="mul"/>
<opset="t/5 "/>
</bind>
</comp>

<comp id="233" class="1004" name="sext_ln19_fu_233">
<pin_list>
<pin id="234" dir="0" index="0" bw="32" slack="1"/>
<pin id="235" dir="1" index="1" bw="55" slack="0"/>
</pin_list>
<bind>
<opcode="sext(35) " fcode="sext"/>
<opset="sext_ln19/6 "/>
</bind>
</comp>

<comp id="236" class="1004" name="mul_ln19_fu_236">
<pin_list>
<pin id="237" dir="0" index="0" bw="24" slack="0"/>
<pin id="238" dir="0" index="1" bw="32" slack="0"/>
<pin id="239" dir="1" index="2" bw="55" slack="1"/>
</pin_list>
<bind>
<opcode="mul(12) " fcode="mul"/>
<opset="mul_ln19/6 "/>
</bind>
</comp>

<comp id="242" class="1004" name="sext_ln19_2_fu_242">
<pin_list>
<pin id="243" dir="0" index="0" bw="55" slack="1"/>
<pin id="244" dir="1" index="1" bw="64" slack="0"/>
</pin_list>
<bind>
<opcode="sext(35) " fcode="sext"/>
<opset="sext_ln19_2/7 "/>
</bind>
</comp>

<comp id="245" class="1004" name="add_ln19_fu_245">
<pin_list>
<pin id="246" dir="0" index="0" bw="64" slack="3"/>
<pin id="247" dir="0" index="1" bw="55" slack="0"/>
<pin id="248" dir="1" index="2" bw="64" slack="0"/>
</pin_list>
<bind>
<opcode="add(8) " fcode="add"/>
<opset="add_ln19/7 "/>
</bind>
</comp>

<comp id="250" class="1004" name="t_3_fu_250">
<pin_list>
<pin id="251" dir="0" index="0" bw="32" slack="0"/>
<pin id="252" dir="0" index="1" bw="64" slack="0"/>
<pin id="253" dir="0" index="2" bw="7" slack="0"/>
<pin id="254" dir="0" index="3" bw="7" slack="0"/>
<pin id="255" dir="1" index="4" bw="32" slack="0"/>
</pin_list>
<bind>
<opcode="partselect(1002) " fcode="partselect"/>
<opset="t_3/7 "/>
</bind>
</comp>

<comp id="261" class="1005" name="icmp_ln305_reg_261">
<pin_list>
<pin id="262" dir="0" index="0" bw="1" slack="1"/>
<pin id="263" dir="1" index="1" bw="1" slack="2147483647"/>
</pin_list>
<bind>
<opset="icmp_ln305 "/>
</bind>
</comp>

<comp id="265" class="1005" name="add_ln305_reg_265">
<pin_list>
<pin id="266" dir="0" index="0" bw="11" slack="0"/>
<pin id="267" dir="1" index="1" bw="11" slack="0"/>
</pin_list>
<bind>
<opset="add_ln305 "/>
</bind>
</comp>

<comp id="270" class="1005" name="select_ln306_1_reg_270">
<pin_list>
<pin id="271" dir="0" index="0" bw="3" slack="0"/>
<pin id="272" dir="1" index="1" bw="3" slack="0"/>
</pin_list>
<bind>
<opset="select_ln306_1 "/>
</bind>
</comp>

<comp id="275" class="1005" name="zext_ln181_7_reg_275">
<pin_list>
<pin id="276" dir="0" index="0" bw="64" slack="5"/>
<pin id="277" dir="1" index="1" bw="64" slack="5"/>
</pin_list>
<bind>
<opset="zext_ln181_7 "/>
</bind>
</comp>

<comp id="280" class="1005" name="v_vec_coeffs_addr_reg_280">
<pin_list>
<pin id="281" dir="0" index="0" bw="10" slack="1"/>
<pin id="282" dir="1" index="1" bw="10" slack="1"/>
</pin_list>
<bind>
<opset="v_vec_coeffs_addr "/>
</bind>
</comp>

<comp id="285" class="1005" name="a_coeffs_addr_reg_285">
<pin_list>
<pin id="286" dir="0" index="0" bw="8" slack="1"/>
<pin id="287" dir="1" index="1" bw="8" slack="1"/>
</pin_list>
<bind>
<opset="a_coeffs_addr "/>
</bind>
</comp>

<comp id="290" class="1005" name="i_7_reg_290">
<pin_list>
<pin id="291" dir="0" index="0" bw="9" slack="0"/>
<pin id="292" dir="1" index="1" bw="9" slack="0"/>
</pin_list>
<bind>
<opset="i_7 "/>
</bind>
</comp>

<comp id="295" class="1005" name="a_coeffs_load_reg_295">
<pin_list>
<pin id="296" dir="0" index="0" bw="32" slack="1"/>
<pin id="297" dir="1" index="1" bw="32" slack="1"/>
</pin_list>
<bind>
<opset="a_coeffs_load "/>
</bind>
</comp>

<comp id="300" class="1005" name="v_vec_coeffs_load_reg_300">
<pin_list>
<pin id="301" dir="0" index="0" bw="32" slack="1"/>
<pin id="302" dir="1" index="1" bw="32" slack="1"/>
</pin_list>
<bind>
<opset="v_vec_coeffs_load "/>
</bind>
</comp>

<comp id="305" class="1005" name="mul_ln181_reg_305">
<pin_list>
<pin id="306" dir="0" index="0" bw="64" slack="3"/>
<pin id="307" dir="1" index="1" bw="64" slack="3"/>
</pin_list>
<bind>
<opset="mul_ln181 "/>
</bind>
</comp>

<comp id="310" class="1005" name="trunc_ln18_reg_310">
<pin_list>
<pin id="311" dir="0" index="0" bw="32" slack="1"/>
<pin id="312" dir="1" index="1" bw="32" slack="1"/>
</pin_list>
<bind>
<opset="trunc_ln18 "/>
</bind>
</comp>

<comp id="315" class="1005" name="t_reg_315">
<pin_list>
<pin id="316" dir="0" index="0" bw="32" slack="1"/>
<pin id="317" dir="1" index="1" bw="32" slack="1"/>
</pin_list>
<bind>
<opset="t "/>
</bind>
</comp>

<comp id="320" class="1005" name="mul_ln19_reg_320">
<pin_list>
<pin id="321" dir="0" index="0" bw="55" slack="1"/>
<pin id="322" dir="1" index="1" bw="55" slack="1"/>
</pin_list>
<bind>
<opset="mul_ln19 "/>
</bind>
</comp>

</comp_list>

<net_list>
<net id="67"><net_src comp="4" pin="0"/><net_sink comp="62" pin=0"/></net>

<net id="68"><net_src comp="24" pin="0"/><net_sink comp="62" pin=1"/></net>

<net id="74"><net_src comp="2" pin="0"/><net_sink comp="69" pin=0"/></net>

<net id="75"><net_src comp="24" pin="0"/><net_sink comp="69" pin=1"/></net>

<net id="81"><net_src comp="69" pin="3"/><net_sink comp="76" pin=0"/></net>

<net id="87"><net_src comp="62" pin="3"/><net_sink comp="82" pin=0"/></net>

<net id="93"><net_src comp="0" pin="0"/><net_sink comp="88" pin=0"/></net>

<net id="94"><net_src comp="24" pin="0"/><net_sink comp="88" pin=1"/></net>

<net id="100"><net_src comp="88" pin="3"/><net_sink comp="95" pin=0"/></net>

<net id="104"><net_src comp="6" pin="0"/><net_sink comp="101" pin=0"/></net>

<net id="111"><net_src comp="101" pin="1"/><net_sink comp="105" pin=0"/></net>

<net id="115"><net_src comp="8" pin="0"/><net_sink comp="112" pin=0"/></net>

<net id="122"><net_src comp="112" pin="1"/><net_sink comp="116" pin=0"/></net>

<net id="126"><net_src comp="10" pin="0"/><net_sink comp="123" pin=0"/></net>

<net id="133"><net_src comp="123" pin="1"/><net_sink comp="127" pin=0"/></net>

<net id="138"><net_src comp="105" pin="4"/><net_sink comp="134" pin=0"/></net>

<net id="139"><net_src comp="12" pin="0"/><net_sink comp="134" pin=1"/></net>

<net id="144"><net_src comp="105" pin="4"/><net_sink comp="140" pin=0"/></net>

<net id="145"><net_src comp="14" pin="0"/><net_sink comp="140" pin=1"/></net>

<net id="150"><net_src comp="16" pin="0"/><net_sink comp="146" pin=0"/></net>

<net id="151"><net_src comp="116" pin="4"/><net_sink comp="146" pin=1"/></net>

<net id="156"><net_src comp="127" pin="4"/><net_sink comp="152" pin=0"/></net>

<net id="157"><net_src comp="18" pin="0"/><net_sink comp="152" pin=1"/></net>

<net id="163"><net_src comp="152" pin="2"/><net_sink comp="158" pin=0"/></net>

<net id="164"><net_src comp="10" pin="0"/><net_sink comp="158" pin=1"/></net>

<net id="165"><net_src comp="127" pin="4"/><net_sink comp="158" pin=2"/></net>

<net id="171"><net_src comp="152" pin="2"/><net_sink comp="166" pin=0"/></net>

<net id="172"><net_src comp="146" pin="2"/><net_sink comp="166" pin=1"/></net>

<net id="173"><net_src comp="116" pin="4"/><net_sink comp="166" pin=2"/></net>

<net id="179"><net_src comp="20" pin="0"/><net_sink comp="174" pin=0"/></net>

<net id="180"><net_src comp="166" pin="3"/><net_sink comp="174" pin=1"/></net>

<net id="181"><net_src comp="22" pin="0"/><net_sink comp="174" pin=2"/></net>

<net id="185"><net_src comp="174" pin="3"/><net_sink comp="182" pin=0"/></net>

<net id="189"><net_src comp="158" pin="3"/><net_sink comp="186" pin=0"/></net>

<net id="190"><net_src comp="186" pin="1"/><net_sink comp="69" pin=2"/></net>

<net id="194"><net_src comp="158" pin="3"/><net_sink comp="191" pin=0"/></net>

<net id="199"><net_src comp="182" pin="1"/><net_sink comp="195" pin=0"/></net>

<net id="200"><net_src comp="191" pin="1"/><net_sink comp="195" pin=1"/></net>

<net id="204"><net_src comp="195" pin="2"/><net_sink comp="201" pin=0"/></net>

<net id="205"><net_src comp="201" pin="1"/><net_sink comp="62" pin=2"/></net>

<net id="210"><net_src comp="26" pin="0"/><net_sink comp="206" pin=0"/></net>

<net id="211"><net_src comp="158" pin="3"/><net_sink comp="206" pin=1"/></net>

<net id="222"><net_src comp="212" pin="1"/><net_sink comp="218" pin=0"/></net>

<net id="223"><net_src comp="215" pin="1"/><net_sink comp="218" pin=1"/></net>

<net id="227"><net_src comp="218" pin="2"/><net_sink comp="224" pin=0"/></net>

<net id="232"><net_src comp="28" pin="0"/><net_sink comp="228" pin=0"/></net>

<net id="240"><net_src comp="30" pin="0"/><net_sink comp="236" pin=0"/></net>

<net id="241"><net_src comp="233" pin="1"/><net_sink comp="236" pin=1"/></net>

<net id="249"><net_src comp="242" pin="1"/><net_sink comp="245" pin=1"/></net>

<net id="256"><net_src comp="54" pin="0"/><net_sink comp="250" pin=0"/></net>

<net id="257"><net_src comp="245" pin="2"/><net_sink comp="250" pin=1"/></net>

<net id="258"><net_src comp="56" pin="0"/><net_sink comp="250" pin=2"/></net>

<net id="259"><net_src comp="58" pin="0"/><net_sink comp="250" pin=3"/></net>

<net id="260"><net_src comp="250" pin="4"/><net_sink comp="95" pin=1"/></net>

<net id="264"><net_src comp="134" pin="2"/><net_sink comp="261" pin=0"/></net>

<net id="268"><net_src comp="140" pin="2"/><net_sink comp="265" pin=0"/></net>

<net id="269"><net_src comp="265" pin="1"/><net_sink comp="105" pin=2"/></net>

<net id="273"><net_src comp="166" pin="3"/><net_sink comp="270" pin=0"/></net>

<net id="274"><net_src comp="270" pin="1"/><net_sink comp="116" pin=2"/></net>

<net id="278"><net_src comp="201" pin="1"/><net_sink comp="275" pin=0"/></net>

<net id="279"><net_src comp="275" pin="1"/><net_sink comp="88" pin=2"/></net>

<net id="283"><net_src comp="62" pin="3"/><net_sink comp="280" pin=0"/></net>

<net id="284"><net_src comp="280" pin="1"/><net_sink comp="82" pin=0"/></net>

<net id="288"><net_src comp="69" pin="3"/><net_sink comp="285" pin=0"/></net>

<net id="289"><net_src comp="285" pin="1"/><net_sink comp="76" pin=0"/></net>

<net id="293"><net_src comp="206" pin="2"/><net_sink comp="290" pin=0"/></net>

<net id="294"><net_src comp="290" pin="1"/><net_sink comp="127" pin=2"/></net>

<net id="298"><net_src comp="76" pin="3"/><net_sink comp="295" pin=0"/></net>

<net id="299"><net_src comp="295" pin="1"/><net_sink comp="212" pin=0"/></net>

<net id="303"><net_src comp="82" pin="3"/><net_sink comp="300" pin=0"/></net>

<net id="304"><net_src comp="300" pin="1"/><net_sink comp="215" pin=0"/></net>

<net id="308"><net_src comp="218" pin="2"/><net_sink comp="305" pin=0"/></net>

<net id="309"><net_src comp="305" pin="1"/><net_sink comp="245" pin=0"/></net>

<net id="313"><net_src comp="224" pin="1"/><net_sink comp="310" pin=0"/></net>

<net id="314"><net_src comp="310" pin="1"/><net_sink comp="228" pin=1"/></net>

<net id="318"><net_src comp="228" pin="2"/><net_sink comp="315" pin=0"/></net>

<net id="319"><net_src comp="315" pin="1"/><net_sink comp="233" pin=0"/></net>

<net id="323"><net_src comp="236" pin="2"/><net_sink comp="320" pin=0"/></net>

<net id="324"><net_src comp="320" pin="1"/><net_sink comp="242" pin=0"/></net>

</net_list>

</model> 
---------------- Datapath Model END ------------------

* FSMD analyzer results:
  - Output states:
	Port: r_vec_coeffs | {7 }
 - Input state : 
	Port: pqcrystals_dilithium.4 : a_coeffs | {2 3 }
	Port: pqcrystals_dilithium.4 : v_vec_coeffs | {2 3 }
  - Chain level:
	State 1
	State 2
		icmp_ln305 : 1
		add_ln305 : 1
		br_ln305 : 2
		i : 1
		icmp_ln180 : 1
		select_ln306 : 2
		select_ln306_1 : 2
		tmp : 3
		zext_ln181_5 : 4
		zext_ln181 : 3
		zext_ln181_6 : 3
		add_ln181 : 5
		zext_ln181_7 : 6
		v_vec_coeffs_addr : 7
		a_coeffs_addr : 4
		a_coeffs_load : 5
		v_vec_coeffs_load : 8
		i_7 : 3
	State 3
	State 4
		mul_ln181 : 1
		trunc_ln18 : 2
	State 5
	State 6
		mul_ln19 : 1
	State 7
		add_ln19 : 1
		t_3 : 2
		store_ln181 : 3
		empty : 1
	State 8


============================================================
+ Verbose Summary: Datapath Resource usage 
============================================================

* Functional unit list:
|----------|-----------------------|---------|---------|---------|
| Operation|    Functional Unit    |  DSP48E |    FF   |   LUT   |
|----------|-----------------------|---------|---------|---------|
|          |    add_ln305_fu_140   |    0    |    0    |    18   |
|          |        i_fu_146       |    0    |    0    |    12   |
|    add   |    add_ln181_fu_195   |    0    |    0    |    18   |
|          |       i_7_fu_206      |    0    |    0    |    16   |
|          |    add_ln19_fu_245    |    0    |    0    |    71   |
|----------|-----------------------|---------|---------|---------|
|          |    mul_ln181_fu_218   |    4    |    0    |    21   |
|    mul   |        t_fu_228       |    4    |    0    |    21   |
|          |    mul_ln19_fu_236    |    2    |    0    |    21   |
|----------|-----------------------|---------|---------|---------|
|   icmp   |   icmp_ln305_fu_134   |    0    |    0    |    13   |
|          |   icmp_ln180_fu_152   |    0    |    0    |    13   |
|----------|-----------------------|---------|---------|---------|
|  select  |  select_ln306_fu_158  |    0    |    0    |    9    |
|          | select_ln306_1_fu_166 |    0    |    0    |    3    |
|----------|-----------------------|---------|---------|---------|
|bitconcatenate|       tmp_fu_174      |    0    |    0    |    0    |
|----------|-----------------------|---------|---------|---------|
|          |  zext_ln181_5_fu_182  |    0    |    0    |    0    |
|   zext   |   zext_ln181_fu_186   |    0    |    0    |    0    |
|          |  zext_ln181_6_fu_191  |    0    |    0    |    0    |
|          |  zext_ln181_7_fu_201  |    0    |    0    |    0    |
|----------|-----------------------|---------|---------|---------|
|          |   sext_ln181_fu_212   |    0    |    0    |    0    |
|   sext   |  sext_ln181_2_fu_215  |    0    |    0    |    0    |
|          |    sext_ln19_fu_233   |    0    |    0    |    0    |
|          |   sext_ln19_2_fu_242  |    0    |    0    |    0    |
|----------|-----------------------|---------|---------|---------|
|   trunc  |   trunc_ln18_fu_224   |    0    |    0    |    0    |
|----------|-----------------------|---------|---------|---------|
|partselect|       t_3_fu_250      |    0    |    0    |    0    |
|----------|-----------------------|---------|---------|---------|
|   Total  |                       |    10   |    0    |   236   |
|----------|-----------------------|---------|---------|---------|

Memories:
N/A

* Register list:
+-------------------------+--------+
|                         |   FF   |
+-------------------------+--------+
|  a_coeffs_addr_reg_285  |    8   |
|  a_coeffs_load_reg_295  |   32   |
|    add_ln305_reg_265    |   11   |
|      i_0_i_reg_123      |    9   |
|       i_0_reg_112       |    3   |
|       i_7_reg_290       |    9   |
|    icmp_ln305_reg_261   |    1   |
|  indvar_flatten_reg_101 |   11   |
|    mul_ln181_reg_305    |   64   |
|     mul_ln19_reg_320    |   55   |
|  select_ln306_1_reg_270 |    3   |
|        t_reg_315        |   32   |
|    trunc_ln18_reg_310   |   32   |
|v_vec_coeffs_addr_reg_280|   10   |
|v_vec_coeffs_load_reg_300|   32   |
|   zext_ln181_7_reg_275  |   64   |
+-------------------------+--------+
|          Total          |   376  |
+-------------------------+--------+

* Multiplexer (MUX) list: 
|------------------|------|------|------|--------||---------||---------|
|       Comp       |  Pin | Size |  BW  | S x BW ||  Delay  ||   LUT   |
|------------------|------|------|------|--------||---------||---------|
| grp_access_fu_76 |  p0  |   2  |   8  |   16   ||    9    |
| grp_access_fu_82 |  p0  |   2  |  10  |   20   ||    9    |
|------------------|------|------|------|--------||---------||---------|
|       Total      |      |      |      |   36   ||   2.7   ||    18   |
|------------------|------|------|------|--------||---------||---------|



* Summary:
+-----------+--------+--------+--------+--------+
|           | DSP48E |  Delay |   FF   |   LUT  |
+-----------+--------+--------+--------+--------+
|  Function |   10   |    -   |    0   |   236  |
|   Memory  |    -   |    -   |    -   |    -   |
|Multiplexer|    -   |    2   |    -   |   18   |
|  Register |    -   |    -   |   376  |    -   |
+-----------+--------+--------+--------+--------+
|   Total   |   10   |    2   |   376  |   254  |
+-----------+--------+--------+--------+--------+
