

================================================================
== Vivado HLS Report for 'pqcrystals_dilithium_3'
================================================================
* Date:           Thu Apr 13 22:42:35 2023

* Version:        2019.2 (Build 2704478 on Wed Nov 06 22:10:23 MST 2019)
* Project:        Phase2
* Solution:       Latency
* Product family: artix7
* Target device:  xc7a200t-fbg676-2


================================================================
== Performance Estimates
================================================================
+ Timing: 
    * Summary: 
    +--------+----------+----------+------------+
    |  Clock |  Target  | Estimated| Uncertainty|
    +--------+----------+----------+------------+
    |ap_clk  | 10.00 ns | 9.122 ns |   1.25 ns  |
    +--------+----------+----------+------------+

+ Latency: 
    * Summary: 
    +---------+---------+-----------+-----------+------+------+---------+
    |  Latency (cycles) |   Latency (absolute)  |   Interval  | Pipeline|
    |   min   |   max   |    min    |    max    |  min |  max |   Type  |
    +---------+---------+-----------+-----------+------+------+---------+
    |     1027|     1027| 10.270 us | 10.270 us |  1027|  1027|   none  |
    +---------+---------+-----------+-----------+------+------+---------+

    + Detail: 
        * Instance: 
        N/A

        * Loop: 
        +--------------------------------------------------+---------+---------+----------+-----------+-----------+------+----------+
        |                                                  |  Latency (cycles) | Iteration|  Initiation Interval  | Trip |          |
        |                     Loop Name                    |   min   |   max   |  Latency |  achieved |   target  | Count| Pipelined|
        +--------------------------------------------------+---------+---------+----------+-----------+-----------+------+----------+
        |- L_pqcrystals_dilithium2_ref_poly_reduce_label2  |     1025|     1025|         3|          1|          1|  1024|    yes   |
        +--------------------------------------------------+---------+---------+----------+-----------+-----------+------+----------+

============================================================
+ Verbose Summary: Synthesis Manager
============================================================
InlineROM: 1
ExposeGlobal: 0
============================================================
+ Verbose Summary: CDFG Model
============================================================
IsTopModel: 0
ResetActiveHigh: 1
IsCombinational: 0
IsDatapathOnly: 0
HasWiredReturn: 1
HasMFsm: 0
HasVarLatency: 1
IsPipeline: 0
IsRtlPipelined: 0
IsInstanceOverlapped: 0
IsDontTouch: 0
HasImplIP: 0
IsGatedGlobalClock: 0

+ Individual pipeline summary: 
  * Pipeline-0: initiation interval (II) = 1, depth = 3


============================================================
+ Verbose Summary: Schedule
============================================================
* Number of FSM states : 5
* Pipeline : 1
  Pipeline-0 : II = 1, D = 3, States = { 2 3 4 }
* Dataflow Pipeline: 0

* FSM state transitions: 
1 --> 2 
2 --> 5 3 
3 --> 4 
4 --> 2 
5 --> 

* FSM state operations: 

State 1 <SV = 0> <Delay = 1.35>
ST_1 : Operation 6 [1/1] (1.35ns)   --->   "br label %1" [dilithium2/polyvec.c:187]   --->   Operation 6 'br' <Predicate = true> <Delay = 1.35>

State 2 <SV = 1> <Delay = 6.94>
ST_2 : Operation 7 [1/1] (0.00ns)   --->   "%indvar_flatten = phi i11 [ 0, %0 ], [ %add_ln187, %pqcrystals_dilithium2_ref_poly_reduce_label2 ]" [dilithium2/polyvec.c:187]   --->   Operation 7 'phi' 'indvar_flatten' <Predicate = true> <Delay = 0.00>
ST_2 : Operation 8 [1/1] (0.00ns)   --->   "%i_0 = phi i3 [ 0, %0 ], [ %select_ln188_1, %pqcrystals_dilithium2_ref_poly_reduce_label2 ]" [dilithium2/polyvec.c:188]   --->   Operation 8 'phi' 'i_0' <Predicate = true> <Delay = 0.00>
ST_2 : Operation 9 [1/1] (0.00ns)   --->   "%i_0_i = phi i9 [ 0, %0 ], [ %i_8, %pqcrystals_dilithium2_ref_poly_reduce_label2 ]"   --->   Operation 9 'phi' 'i_0_i' <Predicate = true> <Delay = 0.00>
ST_2 : Operation 10 [1/1] (1.52ns)   --->   "%icmp_ln187 = icmp eq i11 %indvar_flatten, -1024" [dilithium2/polyvec.c:187]   --->   Operation 10 'icmp' 'icmp_ln187' <Predicate = true> <Delay = 1.52> <Core = "Cmp">   --->   Core 25 'Cmp' <Latency = 0> <II = 1> <Delay = 1.34> <FuncUnit> <Opcode : 'icmp'> <InPorts = 2> <OutPorts = 1>
ST_2 : Operation 11 [1/1] (1.76ns)   --->   "%add_ln187 = add i11 %indvar_flatten, 1" [dilithium2/polyvec.c:187]   --->   Operation 11 'add' 'add_ln187' <Predicate = true> <Delay = 1.76> <Core = "AddSub">   --->   Core 14 'AddSub' <Latency = 0> <II = 1> <Delay = 1.73> <FuncUnit> <Opcode : 'add' 'sub'> <InPorts = 2> <OutPorts = 1>
ST_2 : Operation 12 [1/1] (0.00ns)   --->   "br i1 %icmp_ln187, label %2, label %pqcrystals_dilithium2_ref_poly_reduce_label2" [dilithium2/polyvec.c:187]   --->   Operation 12 'br' <Predicate = true> <Delay = 0.00>
ST_2 : Operation 13 [1/1] (1.34ns)   --->   "%i = add i3 %i_0, 1" [dilithium2/polyvec.c:187]   --->   Operation 13 'add' 'i' <Predicate = (!icmp_ln187)> <Delay = 1.34> <Core = "AddSub">   --->   Core 14 'AddSub' <Latency = 0> <II = 1> <Delay = 1.73> <FuncUnit> <Opcode : 'add' 'sub'> <InPorts = 2> <OutPorts = 1>
ST_2 : Operation 14 [1/1] (1.34ns)   --->   "%icmp_ln32 = icmp eq i9 %i_0_i, -256" [dilithium2/poly.c:32->dilithium2/polyvec.c:188]   --->   Operation 14 'icmp' 'icmp_ln32' <Predicate = (!icmp_ln187)> <Delay = 1.34> <Core = "Cmp">   --->   Core 25 'Cmp' <Latency = 0> <II = 1> <Delay = 1.34> <FuncUnit> <Opcode : 'icmp'> <InPorts = 2> <OutPorts = 1>
ST_2 : Operation 15 [1/1] (1.07ns)   --->   "%select_ln188 = select i1 %icmp_ln32, i9 0, i9 %i_0_i" [dilithium2/polyvec.c:188]   --->   Operation 15 'select' 'select_ln188' <Predicate = (!icmp_ln187)> <Delay = 1.07> <Core = "Sel">   --->   Core 26 'Sel' <Latency = 0> <II = 1> <Delay = 0.79> <FuncUnit> <Opcode : 'select'> <InPorts = 3> <OutPorts = 1>
ST_2 : Operation 16 [1/1] (0.79ns)   --->   "%select_ln188_1 = select i1 %icmp_ln32, i3 %i, i3 %i_0" [dilithium2/polyvec.c:188]   --->   Operation 16 'select' 'select_ln188_1' <Predicate = (!icmp_ln187)> <Delay = 0.79> <Core = "Sel">   --->   Core 26 'Sel' <Latency = 0> <II = 1> <Delay = 0.79> <FuncUnit> <Opcode : 'select'> <InPorts = 3> <OutPorts = 1>
ST_2 : Operation 17 [1/1] (0.00ns)   --->   "%tmp = call i11 @_ssdm_op_BitConcatenate.i11.i3.i8(i3 %select_ln188_1, i8 0)" [dilithium2/poly.c:33->dilithium2/polyvec.c:188]   --->   Operation 17 'bitconcatenate' 'tmp' <Predicate = (!icmp_ln187)> <Delay = 0.00>
ST_2 : Operation 18 [1/1] (0.00ns)   --->   "%zext_ln33 = zext i11 %tmp to i12" [dilithium2/poly.c:33->dilithium2/polyvec.c:188]   --->   Operation 18 'zext' 'zext_ln33' <Predicate = (!icmp_ln187)> <Delay = 0.00>
ST_2 : Operation 19 [1/1] (0.00ns)   --->   "%zext_ln33_1 = zext i9 %select_ln188 to i12" [dilithium2/poly.c:33->dilithium2/polyvec.c:188]   --->   Operation 19 'zext' 'zext_ln33_1' <Predicate = (!icmp_ln187)> <Delay = 0.00>
ST_2 : Operation 20 [1/1] (1.76ns)   --->   "%add_ln33 = add i12 %zext_ln33_1, %zext_ln33" [dilithium2/poly.c:33->dilithium2/polyvec.c:188]   --->   Operation 20 'add' 'add_ln33' <Predicate = (!icmp_ln187)> <Delay = 1.76> <Core = "AddSub">   --->   Core 14 'AddSub' <Latency = 0> <II = 1> <Delay = 1.73> <FuncUnit> <Opcode : 'add' 'sub'> <InPorts = 2> <OutPorts = 1>
ST_2 : Operation 21 [1/1] (0.00ns)   --->   "%zext_ln33_2 = zext i12 %add_ln33 to i64" [dilithium2/poly.c:33->dilithium2/polyvec.c:188]   --->   Operation 21 'zext' 'zext_ln33_2' <Predicate = (!icmp_ln187)> <Delay = 0.00>
ST_2 : Operation 22 [1/1] (0.00ns)   --->   "%v_vec_coeffs_addr = getelementptr [1024 x i32]* %v_vec_coeffs, i64 0, i64 %zext_ln33_2" [dilithium2/poly.c:33->dilithium2/polyvec.c:188]   --->   Operation 22 'getelementptr' 'v_vec_coeffs_addr' <Predicate = (!icmp_ln187)> <Delay = 0.00>
ST_2 : Operation 23 [2/2] (2.77ns)   --->   "%v_vec_coeffs_load = load i32* %v_vec_coeffs_addr, align 4" [dilithium2/poly.c:33->dilithium2/polyvec.c:188]   --->   Operation 23 'load' 'v_vec_coeffs_load' <Predicate = (!icmp_ln187)> <Delay = 2.77> <Core = "RAM">   --->   Core 37 'RAM' <Latency = 1> <II = 1> <Delay = 2.77> <Storage> <Opcode : 'load' 'store'> <Ports = 2> <Width = 32> <Depth = 1024> <RAM>
ST_2 : Operation 24 [1/1] (1.73ns)   --->   "%i_8 = add i9 %select_ln188, 1" [dilithium2/poly.c:32->dilithium2/polyvec.c:188]   --->   Operation 24 'add' 'i_8' <Predicate = (!icmp_ln187)> <Delay = 1.73> <Core = "AddSub">   --->   Core 14 'AddSub' <Latency = 0> <II = 1> <Delay = 1.73> <FuncUnit> <Opcode : 'add' 'sub'> <InPorts = 2> <OutPorts = 1>

State 3 <SV = 2> <Delay = 4.95>
ST_3 : Operation 25 [1/2] (2.77ns)   --->   "%v_vec_coeffs_load = load i32* %v_vec_coeffs_addr, align 4" [dilithium2/poly.c:33->dilithium2/polyvec.c:188]   --->   Operation 25 'load' 'v_vec_coeffs_load' <Predicate = (!icmp_ln187)> <Delay = 2.77> <Core = "RAM">   --->   Core 37 'RAM' <Latency = 1> <II = 1> <Delay = 2.77> <Storage> <Opcode : 'load' 'store'> <Ports = 2> <Width = 32> <Depth = 1024> <RAM>
ST_3 : Operation 26 [1/1] (2.18ns)   --->   "%add_ln36 = add nsw i32 %v_vec_coeffs_load, 4194304" [dilithium2/reduce.c:36->dilithium2/poly.c:33->dilithium2/polyvec.c:188]   --->   Operation 26 'add' 'add_ln36' <Predicate = (!icmp_ln187)> <Delay = 2.18> <Core = "AddSub">   --->   Core 14 'AddSub' <Latency = 0> <II = 1> <Delay = 1.73> <FuncUnit> <Opcode : 'add' 'sub'> <InPorts = 2> <OutPorts = 1>
ST_3 : Operation 27 [1/1] (0.00ns)   --->   "%trunc_ln = call i9 @_ssdm_op_PartSelect.i9.i32.i32.i32(i32 %add_ln36, i32 23, i32 31)" [dilithium2/reduce.c:36->dilithium2/poly.c:33->dilithium2/polyvec.c:188]   --->   Operation 27 'partselect' 'trunc_ln' <Predicate = (!icmp_ln187)> <Delay = 0.00>

State 4 <SV = 3> <Delay = 9.12>
ST_4 : Operation 28 [1/1] (0.00ns)   --->   "call void (...)* @_ssdm_op_SpecLoopName([47 x i8]* @L_pqcrystals_dilithi)"   --->   Operation 28 'specloopname' <Predicate = (!icmp_ln187)> <Delay = 0.00>
ST_4 : Operation 29 [1/1] (0.00ns)   --->   "call void (...)* @_ssdm_op_SpecLoopTripCount(i64 1024, i64 1024, i64 1024)"   --->   Operation 29 'speclooptripcount' <Predicate = (!icmp_ln187)> <Delay = 0.00>
ST_4 : Operation 30 [1/1] (0.00ns)   --->   "call void (...)* @_ssdm_op_SpecLoopName([45 x i8]* @p_str21) nounwind" [dilithium2/poly.c:33->dilithium2/polyvec.c:188]   --->   Operation 30 'specloopname' <Predicate = (!icmp_ln187)> <Delay = 0.00>
ST_4 : Operation 31 [1/1] (0.00ns)   --->   "%tmp_i = call i32 (...)* @_ssdm_op_SpecRegionBegin([45 x i8]* @p_str21)" [dilithium2/poly.c:33->dilithium2/polyvec.c:188]   --->   Operation 31 'specregionbegin' 'tmp_i' <Predicate = (!icmp_ln187)> <Delay = 0.00>
ST_4 : Operation 32 [1/1] (0.00ns)   --->   "call void (...)* @_ssdm_op_SpecPipeline(i32 -1, i32 1, i32 1, i32 0, [1 x i8]* @p_str122) nounwind" [dilithium2/poly.c:33->dilithium2/polyvec.c:188]   --->   Operation 32 'specpipeline' <Predicate = (!icmp_ln187)> <Delay = 0.00>
ST_4 : Operation 33 [1/1] (0.00ns)   --->   "%t = sext i9 %trunc_ln to i32" [dilithium2/reduce.c:36->dilithium2/poly.c:33->dilithium2/polyvec.c:188]   --->   Operation 33 'sext' 't' <Predicate = (!icmp_ln187)> <Delay = 0.00>
ST_4 : Operation 34 [1/1] (2.82ns) (grouped into DSP with root node t_4)   --->   "%mul_ln37 = mul i32 %t, -8380417" [dilithium2/reduce.c:37->dilithium2/poly.c:33->dilithium2/polyvec.c:188]   --->   Operation 34 'mul' 'mul_ln37' <Predicate = (!icmp_ln187)> <Delay = 2.82> <Core = "DSP48">   --->   Core 88 'DSP48' <Latency = 0> <II = 1> <Delay = 6.35> <IPBlock> <Opcode : 'mul' 'add' 'sub' 'select'> <InPorts = 0> <OutPorts = 1> <Sync> <CReg>
ST_4 : Operation 35 [1/1] (3.53ns) (root node of the DSP)   --->   "%t_4 = add i32 %v_vec_coeffs_load, %mul_ln37" [dilithium2/reduce.c:37->dilithium2/poly.c:33->dilithium2/polyvec.c:188]   --->   Operation 35 'add' 't_4' <Predicate = (!icmp_ln187)> <Delay = 3.53> <Core = "DSP48">   --->   Core 88 'DSP48' <Latency = 0> <II = 1> <Delay = 6.35> <IPBlock> <Opcode : 'mul' 'add' 'sub' 'select'> <InPorts = 0> <OutPorts = 1> <Sync> <CReg>
ST_4 : Operation 36 [1/1] (2.77ns)   --->   "store i32 %t_4, i32* %v_vec_coeffs_addr, align 4" [dilithium2/poly.c:33->dilithium2/polyvec.c:188]   --->   Operation 36 'store' <Predicate = (!icmp_ln187)> <Delay = 2.77> <Core = "RAM">   --->   Core 37 'RAM' <Latency = 1> <II = 1> <Delay = 2.77> <Storage> <Opcode : 'load' 'store'> <Ports = 2> <Width = 32> <Depth = 1024> <RAM>
ST_4 : Operation 37 [1/1] (0.00ns)   --->   "%empty = call i32 (...)* @_ssdm_op_SpecRegionEnd([45 x i8]* @p_str21, i32 %tmp_i)" [dilithium2/poly.c:33->dilithium2/polyvec.c:188]   --->   Operation 37 'specregionend' 'empty' <Predicate = (!icmp_ln187)> <Delay = 0.00>
ST_4 : Operation 38 [1/1] (0.00ns)   --->   "br label %1" [dilithium2/poly.c:32->dilithium2/polyvec.c:188]   --->   Operation 38 'br' <Predicate = (!icmp_ln187)> <Delay = 0.00>

State 5 <SV = 2> <Delay = 0.00>
ST_5 : Operation 39 [1/1] (0.00ns)   --->   "ret void" [dilithium2/polyvec.c:189]   --->   Operation 39 'ret' <Predicate = true> <Delay = 0.00>


============================================================
+ Verbose Summary: Timing violations
============================================================
Target clock period: 10ns, clock uncertainty: 1.25ns.

 <State 1>: 1.35ns
The critical path consists of the following:
	multiplexor before 'phi' operation ('indvar_flatten', dilithium2/polyvec.c:187) with incoming values : ('add_ln187', dilithium2/polyvec.c:187) [4]  (1.35 ns)

 <State 2>: 6.95ns
The critical path consists of the following:
	'phi' operation ('i') with incoming values : ('i', dilithium2/poly.c:32->dilithium2/polyvec.c:188) [6]  (0 ns)
	'icmp' operation ('icmp_ln32', dilithium2/poly.c:32->dilithium2/polyvec.c:188) [14]  (1.34 ns)
	'select' operation ('select_ln188', dilithium2/polyvec.c:188) [15]  (1.07 ns)
	'add' operation ('add_ln33', dilithium2/poly.c:33->dilithium2/polyvec.c:188) [23]  (1.76 ns)
	'getelementptr' operation ('v_vec_coeffs_addr', dilithium2/poly.c:33->dilithium2/polyvec.c:188) [25]  (0 ns)
	'load' operation ('a', dilithium2/poly.c:33->dilithium2/polyvec.c:188) on array 'v_vec_coeffs' [26]  (2.77 ns)

 <State 3>: 4.95ns
The critical path consists of the following:
	'load' operation ('a', dilithium2/poly.c:33->dilithium2/polyvec.c:188) on array 'v_vec_coeffs' [26]  (2.77 ns)
	'add' operation ('add_ln36', dilithium2/reduce.c:36->dilithium2/poly.c:33->dilithium2/polyvec.c:188) [27]  (2.18 ns)

 <State 4>: 9.12ns
The critical path consists of the following:
	'mul' operation of DSP[31] ('mul_ln37', dilithium2/reduce.c:37->dilithium2/poly.c:33->dilithium2/polyvec.c:188) [30]  (2.82 ns)
	'add' operation of DSP[31] ('t', dilithium2/reduce.c:37->dilithium2/poly.c:33->dilithium2/polyvec.c:188) [31]  (3.53 ns)
	'store' operation ('store_ln33', dilithium2/poly.c:33->dilithium2/polyvec.c:188) of variable 't', dilithium2/reduce.c:37->dilithium2/poly.c:33->dilithium2/polyvec.c:188 on array 'v_vec_coeffs' [32]  (2.77 ns)

 <State 5>: 0ns
The critical path consists of the following:


============================================================
+ Verbose Summary: Binding
============================================================
N/A
* FSMD analyzer results:
  - Output states:
 - Input state : 
  - Chain level:
	State 1
	State 2
	State 3
	State 4
	State 5


============================================================
+ Verbose Summary: Datapath Resource usage 
============================================================
N/A
