

================================================================
== Vivado HLS Report for 'pqcrystals_dilithium2_ref'
================================================================
* Date:           Thu Apr 13 22:48:33 2023

* Version:        2019.2 (Build 2704478 on Wed Nov 06 22:10:23 MST 2019)
* Project:        Phase2
* Solution:       Latency
* Product family: artix7
* Target device:  xc7a200t-fbg676-2


================================================================
== Performance Estimates
================================================================
+ Timing: 
    * Summary: 
    +--------+----------+----------+------------+
    |  Clock |  Target  | Estimated| Uncertainty|
    +--------+----------+----------+------------+
    |ap_clk  | 10.00 ns | 9.122 ns |   1.25 ns  |
    +--------+----------+----------+------------+

+ Latency: 
    * Summary: 
    +---------+---------+----------+----------+-----+-----+---------+
    |  Latency (cycles) |  Latency (absolute) |  Interval | Pipeline|
    |   min   |   max   |    min   |    max   | min | max |   Type  |
    +---------+---------+----------+----------+-----+-----+---------+
    |        ?|        ?|         ?|         ?|    ?|    ?|   none  |
    +---------+---------+----------+----------+-----+-----+---------+

    + Detail: 
        * Instance: 
        +-------------------------------------+--------------------------+---------+---------+----------+----------+-----+-----+---------+
        |                                     |                          |  Latency (cycles) |  Latency (absolute) |  Interval | Pipeline|
        |               Instance              |          Module          |   min   |   max   |    min   |    max   | min | max |   Type  |
        +-------------------------------------+--------------------------+---------+---------+----------+----------+-----+-----+---------+
        |grp_pqcrystals_dilithium_1_1_fu_107  |pqcrystals_dilithium_1_1  |        ?|        ?|         ?|         ?|    ?|    ?|   none  |
        +-------------------------------------+--------------------------+---------+---------+----------+----------+-----+-----+---------+

        * Loop: 
        +-------------------------------------+---------+---------+----------+-----------+-----------+-----------+----------+
        |                                     |  Latency (cycles) | Iteration|  Initiation Interval  |    Trip   |          |
        |              Loop Name              |   min   |   max   |  Latency |  achieved |   target  |   Count   | Pipelined|
        +-------------------------------------+---------+---------+----------+-----------+-----------+-----------+----------+
        |- pqcrystals_dilithium2_ref_label10  |       66|     6600|         2|          -|          -| 33 ~ 3300 |    no    |
        +-------------------------------------+---------+---------+----------+-----------+-----------+-----------+----------+



================================================================
== Utilization Estimates
================================================================
* Summary: 
+-----------------+---------+-------+--------+--------+-----+
|       Name      | BRAM_18K| DSP48E|   FF   |   LUT  | URAM|
+-----------------+---------+-------+--------+--------+-----+
|DSP              |        -|      -|       -|       -|    -|
|Expression       |        -|      -|       0|     253|    -|
|FIFO             |        -|      -|       -|       -|    -|
|Instance         |       74|    604|   48630|  135230|    0|
|Memory           |        -|      -|       -|       -|    -|
|Multiplexer      |        -|      -|       -|     114|    -|
|Register         |        -|      -|     174|       -|    -|
+-----------------+---------+-------+--------+--------+-----+
|Total            |       74|    604|   48804|  135597|    0|
+-----------------+---------+-------+--------+--------+-----+
|Available        |      730|    740|  269200|  134600|    0|
+-----------------+---------+-------+--------+--------+-----+
|Utilization (%)  |       10|     81|      18|     100|    0|
+-----------------+---------+-------+--------+--------+-----+

+ Detail: 
    * Instance: 
    +-------------------------------------+--------------------------+---------+-------+-------+--------+-----+
    |               Instance              |          Module          | BRAM_18K| DSP48E|   FF  |   LUT  | URAM|
    +-------------------------------------+--------------------------+---------+-------+-------+--------+-----+
    |grp_pqcrystals_dilithium_1_1_fu_107  |pqcrystals_dilithium_1_1  |       74|    604|  48630|  135230|    0|
    +-------------------------------------+--------------------------+---------+-------+-------+--------+-----+
    |Total                                |                          |       74|    604|  48630|  135230|    0|
    +-------------------------------------+--------------------------+---------+-------+-------+--------+-----+

    * DSP48E: 
    N/A

    * Memory: 
    N/A

    * FIFO: 
    N/A

    * Expression: 
    +-----------------------+----------+-------+---+----+------------+------------+
    |     Variable Name     | Operation| DSP48E| FF| LUT| Bitwidth P0| Bitwidth P1|
    +-----------------------+----------+-------+---+----+------------+------------+
    |add_ln213_1_fu_134_p2  |     +    |      0|  0|  21|          12|          14|
    |add_ln213_fu_124_p2    |     +    |      0|  0|  20|           2|          13|
    |i_fu_153_p2            |     +    |      0|  0|  71|           1|          64|
    |smlen                  |     +    |      0|  0|  71|          64|          12|
    |sub_ln213_1_fu_169_p2  |     -    |      0|  0|  21|          14|          14|
    |sub_ln213_fu_159_p2    |     -    |      0|  0|  20|          13|          13|
    |icmp_ln212_fu_148_p2   |   icmp   |      0|  0|  29|          64|          64|
    +-----------------------+----------+-------+---+----+------------+------------+
    |Total                  |          |      0|  0| 253|         170|         194|
    +-----------------------+----------+-------+---+----+------------+------------+

    * Multiplexer: 
    +-------------+----+-----------+-----+-----------+
    |     Name    | LUT| Input Size| Bits| Total Bits|
    +-------------+----+-----------+-----+-----------+
    |ap_NS_fsm    |  27|          5|    1|          5|
    |i_0_reg_96   |   9|          2|   64|        128|
    |sm_address0  |  15|          3|   13|         39|
    |sm_ce0       |  15|          3|    1|          3|
    |sm_ce1       |   9|          2|    1|          2|
    |sm_d0        |  15|          3|    8|         24|
    |sm_we0       |  15|          3|    1|          3|
    |sm_we1       |   9|          2|    1|          2|
    +-------------+----+-----------+-----+-----------+
    |Total        | 114|         23|   90|        206|
    +-------------+----+-----------+-----+-----------+

    * Register: 
    +--------------------------------------------------+----+----+-----+-----------+
    |                       Name                       | FF | LUT| Bits| Const Bits|
    +--------------------------------------------------+----+----+-----+-----------+
    |add_ln213_1_reg_196                               |  14|   0|   14|          0|
    |add_ln213_reg_191                                 |  13|   0|   13|          0|
    |ap_CS_fsm                                         |   4|   0|    4|          0|
    |grp_pqcrystals_dilithium_1_1_fu_107_ap_start_reg  |   1|   0|    1|          0|
    |i_0_reg_96                                        |  64|   0|   64|          0|
    |i_reg_204                                         |  64|   0|   64|          0|
    |sub_ln213_1_reg_214                               |  14|   0|   14|          0|
    +--------------------------------------------------+----+----+-----+-----------+
    |Total                                             | 174|   0|  174|          0|
    +--------------------------------------------------+----+----+-----+-----------+



================================================================
== Interface
================================================================
* Summary: 
+--------------+-----+-----+------------+---------------------------+--------------+
|   RTL Ports  | Dir | Bits|  Protocol  |       Source Object       |    C Type    |
+--------------+-----+-----+------------+---------------------------+--------------+
|ap_clk        |  in |    1| ap_ctrl_hs | pqcrystals_dilithium2_ref | return value |
|ap_rst        |  in |    1| ap_ctrl_hs | pqcrystals_dilithium2_ref | return value |
|ap_start      |  in |    1| ap_ctrl_hs | pqcrystals_dilithium2_ref | return value |
|ap_done       | out |    1| ap_ctrl_hs | pqcrystals_dilithium2_ref | return value |
|ap_idle       | out |    1| ap_ctrl_hs | pqcrystals_dilithium2_ref | return value |
|ap_ready      | out |    1| ap_ctrl_hs | pqcrystals_dilithium2_ref | return value |
|ap_return     | out |   32| ap_ctrl_hs | pqcrystals_dilithium2_ref | return value |
|sm_address0   | out |   13|  ap_memory |             sm            |     array    |
|sm_ce0        | out |    1|  ap_memory |             sm            |     array    |
|sm_we0        | out |    1|  ap_memory |             sm            |     array    |
|sm_d0         | out |    8|  ap_memory |             sm            |     array    |
|sm_q0         |  in |    8|  ap_memory |             sm            |     array    |
|sm_address1   | out |   13|  ap_memory |             sm            |     array    |
|sm_ce1        | out |    1|  ap_memory |             sm            |     array    |
|sm_we1        | out |    1|  ap_memory |             sm            |     array    |
|sm_d1         | out |    8|  ap_memory |             sm            |     array    |
|sm_q1         |  in |    8|  ap_memory |             sm            |     array    |
|smlen         | out |   64|   ap_vld   |           smlen           |    pointer   |
|smlen_ap_vld  | out |    1|   ap_vld   |           smlen           |    pointer   |
|m_address0    | out |   12|  ap_memory |             m             |     array    |
|m_ce0         | out |    1|  ap_memory |             m             |     array    |
|m_q0          |  in |    8|  ap_memory |             m             |     array    |
|mlen          |  in |   64|   ap_none  |            mlen           |    scalar    |
|sk_address0   | out |   12|  ap_memory |             sk            |     array    |
|sk_ce0        | out |    1|  ap_memory |             sk            |     array    |
|sk_q0         |  in |    8|  ap_memory |             sk            |     array    |
|sk_address1   | out |   12|  ap_memory |             sk            |     array    |
|sk_ce1        | out |    1|  ap_memory |             sk            |     array    |
|sk_q1         |  in |    8|  ap_memory |             sk            |     array    |
+--------------+-----+-----+------------+---------------------------+--------------+

============================================================
+ Verbose Summary: Synthesis Manager
============================================================
InlineROM: 1
ExposeGlobal: 0
============================================================
+ Verbose Summary: CDFG Model
============================================================
IsTopModel: 1
ResetActiveHigh: 1
IsCombinational: 2
IsDatapathOnly: 2
HasWiredReturn: 1
HasMFsm: 0
HasVarLatency: 1
IsPipeline: 0
IsRtlPipelined: 0
IsInstanceOverlapped: 0
IsDontTouch: 0
HasImplIP: 0
IsGatedGlobalClock: 0


============================================================
+ Verbose Summary: Schedule
============================================================
* Number of FSM states : 4
* Pipeline : 0
* Dataflow Pipeline: 0

* FSM state transitions: 
1 --> 2 
2 --> 3 4 
3 --> 2 
4 --> 

* FSM state operations: 

State 1 <SV = 0> <Delay = 1.80>
ST_1 : Operation 5 [1/1] (0.00ns)   --->   "call void (...)* @_ssdm_op_SpecBitsMap([5720 x i8]* %sm) nounwind, !map !335"   --->   Operation 5 'specbitsmap' <Predicate = true> <Delay = 0.00>
ST_1 : Operation 6 [1/1] (0.00ns)   --->   "call void (...)* @_ssdm_op_SpecBitsMap(i64* %smlen) nounwind, !map !341"   --->   Operation 6 'specbitsmap' <Predicate = true> <Delay = 0.00>
ST_1 : Operation 7 [1/1] (0.00ns)   --->   "call void (...)* @_ssdm_op_SpecBitsMap([3300 x i8]* %m) nounwind, !map !345"   --->   Operation 7 'specbitsmap' <Predicate = true> <Delay = 0.00>
ST_1 : Operation 8 [1/1] (0.00ns)   --->   "call void (...)* @_ssdm_op_SpecBitsMap(i64 %mlen) nounwind, !map !351"   --->   Operation 8 'specbitsmap' <Predicate = true> <Delay = 0.00>
ST_1 : Operation 9 [1/1] (0.00ns)   --->   "call void (...)* @_ssdm_op_SpecBitsMap([2544 x i8]* %sk) nounwind, !map !357"   --->   Operation 9 'specbitsmap' <Predicate = true> <Delay = 0.00>
ST_1 : Operation 10 [1/1] (0.00ns)   --->   "call void (...)* @_ssdm_op_SpecBitsMap(i32 0) nounwind, !map !363"   --->   Operation 10 'specbitsmap' <Predicate = true> <Delay = 0.00>
ST_1 : Operation 11 [1/1] (0.00ns)   --->   "call void (...)* @_ssdm_op_SpecTopModule([26 x i8]* @pqcrystals_dilithium_1) nounwind"   --->   Operation 11 'spectopmodule' <Predicate = true> <Delay = 0.00>
ST_1 : Operation 12 [1/1] (0.00ns)   --->   "%mlen_read = call i64 @_ssdm_op_Read.ap_auto.i64(i64 %mlen) nounwind" [dilithium2/sign.c:204]   --->   Operation 12 'read' 'mlen_read' <Predicate = true> <Delay = 0.00>
ST_1 : Operation 13 [1/1] (0.00ns)   --->   "%trunc_ln213 = trunc i64 %mlen_read to i13" [dilithium2/sign.c:213]   --->   Operation 13 'trunc' 'trunc_ln213' <Predicate = true> <Delay = 0.00>
ST_1 : Operation 14 [1/1] (1.79ns)   --->   "%add_ln213 = add i13 -1, %trunc_ln213" [dilithium2/sign.c:213]   --->   Operation 14 'add' 'add_ln213' <Predicate = true> <Delay = 1.79> <Core = "AddSub">   --->   Core 14 'AddSub' <Latency = 0> <II = 1> <Delay = 1.79> <FuncUnit> <Opcode : 'add' 'sub'> <InPorts = 2> <OutPorts = 1>
ST_1 : Operation 15 [1/1] (0.00ns)   --->   "%trunc_ln213_1 = trunc i64 %mlen_read to i14" [dilithium2/sign.c:213]   --->   Operation 15 'trunc' 'trunc_ln213_1' <Predicate = true> <Delay = 0.00>
ST_1 : Operation 16 [1/1] (1.80ns)   --->   "%add_ln213_1 = add i14 2419, %trunc_ln213_1" [dilithium2/sign.c:213]   --->   Operation 16 'add' 'add_ln213_1' <Predicate = true> <Delay = 1.80> <Core = "AddSub">   --->   Core 14 'AddSub' <Latency = 0> <II = 1> <Delay = 1.79> <FuncUnit> <Opcode : 'add' 'sub'> <InPorts = 2> <OutPorts = 1>
ST_1 : Operation 17 [1/1] (1.35ns)   --->   "br label %1" [dilithium2/sign.c:212]   --->   Operation 17 'br' <Predicate = true> <Delay = 1.35>

State 2 <SV = 1> <Delay = 4.56>
ST_2 : Operation 18 [1/1] (0.00ns)   --->   "%i_0 = phi i64 [ 0, %0 ], [ %i, %pqcrystals_dilithium2_ref_label10 ]"   --->   Operation 18 'phi' 'i_0' <Predicate = true> <Delay = 0.00>
ST_2 : Operation 19 [1/1] (0.00ns)   --->   "%trunc_ln212 = trunc i64 %i_0 to i14" [dilithium2/sign.c:212]   --->   Operation 19 'trunc' 'trunc_ln212' <Predicate = true> <Delay = 0.00>
ST_2 : Operation 20 [1/1] (0.00ns)   --->   "%trunc_ln212_1 = trunc i64 %i_0 to i13" [dilithium2/sign.c:212]   --->   Operation 20 'trunc' 'trunc_ln212_1' <Predicate = true> <Delay = 0.00>
ST_2 : Operation 21 [1/1] (2.34ns)   --->   "%icmp_ln212 = icmp eq i64 %i_0, %mlen_read" [dilithium2/sign.c:212]   --->   Operation 21 'icmp' 'icmp_ln212' <Predicate = true> <Delay = 2.34> <Core = "Cmp">   --->   Core 25 'Cmp' <Latency = 0> <II = 1> <Delay = 2.34> <FuncUnit> <Opcode : 'icmp'> <InPorts = 2> <OutPorts = 1>
ST_2 : Operation 22 [1/1] (2.99ns)   --->   "%i = add i64 1, %i_0" [dilithium2/sign.c:212]   --->   Operation 22 'add' 'i' <Predicate = true> <Delay = 2.99> <Core = "AddSub">   --->   Core 14 'AddSub' <Latency = 0> <II = 1> <Delay = 1.79> <FuncUnit> <Opcode : 'add' 'sub'> <InPorts = 2> <OutPorts = 1>
ST_2 : Operation 23 [1/1] (0.00ns)   --->   "br i1 %icmp_ln212, label %2, label %pqcrystals_dilithium2_ref_label10" [dilithium2/sign.c:212]   --->   Operation 23 'br' <Predicate = true> <Delay = 0.00>
ST_2 : Operation 24 [1/1] (1.79ns)   --->   "%sub_ln213 = sub i13 %add_ln213, %trunc_ln212_1" [dilithium2/sign.c:213]   --->   Operation 24 'sub' 'sub_ln213' <Predicate = (!icmp_ln212)> <Delay = 1.79> <Core = "AddSub">   --->   Core 14 'AddSub' <Latency = 0> <II = 1> <Delay = 1.79> <FuncUnit> <Opcode : 'add' 'sub'> <InPorts = 2> <OutPorts = 1>
ST_2 : Operation 25 [1/1] (0.00ns)   --->   "%zext_ln213 = zext i13 %sub_ln213 to i64" [dilithium2/sign.c:213]   --->   Operation 25 'zext' 'zext_ln213' <Predicate = (!icmp_ln212)> <Delay = 0.00>
ST_2 : Operation 26 [1/1] (0.00ns)   --->   "%m_addr = getelementptr [3300 x i8]* %m, i64 0, i64 %zext_ln213" [dilithium2/sign.c:213]   --->   Operation 26 'getelementptr' 'm_addr' <Predicate = (!icmp_ln212)> <Delay = 0.00>
ST_2 : Operation 27 [2/2] (2.77ns)   --->   "%m_load = load i8* %m_addr, align 1" [dilithium2/sign.c:213]   --->   Operation 27 'load' 'm_load' <Predicate = (!icmp_ln212)> <Delay = 2.77> <Core = "RAM">   --->   Core 37 'RAM' <Latency = 1> <II = 1> <Delay = 2.77> <Storage> <Opcode : 'load' 'store'> <Ports = 2> <Width = 64> <Depth = 25> <RAM>
ST_2 : Operation 28 [1/1] (1.80ns)   --->   "%sub_ln213_1 = sub i14 %add_ln213_1, %trunc_ln212" [dilithium2/sign.c:213]   --->   Operation 28 'sub' 'sub_ln213_1' <Predicate = (!icmp_ln212)> <Delay = 1.80> <Core = "AddSub">   --->   Core 14 'AddSub' <Latency = 0> <II = 1> <Delay = 1.79> <FuncUnit> <Opcode : 'add' 'sub'> <InPorts = 2> <OutPorts = 1>
ST_2 : Operation 29 [2/2] (0.00ns)   --->   "call fastcc void @pqcrystals_dilithium.1.1([5720 x i8]* %sm, i64 %mlen_read, [2544 x i8]* %sk) nounwind" [dilithium2/sign.c:214]   --->   Operation 29 'call' <Predicate = (icmp_ln212)> <Delay = 0.00> <CoreType = "Generic">   --->   Core 0 '' <Latency = 0> <II = 1> <Delay = 1.00> <Generic> <Opcode : >
ST_2 : Operation 30 [1/1] (2.99ns)   --->   "%add_ln215 = add i64 %mlen_read, 2420" [dilithium2/sign.c:215]   --->   Operation 30 'add' 'add_ln215' <Predicate = (icmp_ln212)> <Delay = 2.99> <Core = "AddSub">   --->   Core 14 'AddSub' <Latency = 0> <II = 1> <Delay = 1.79> <FuncUnit> <Opcode : 'add' 'sub'> <InPorts = 2> <OutPorts = 1>
ST_2 : Operation 31 [1/1] (0.00ns)   --->   "call void @_ssdm_op_Write.ap_auto.i64P(i64* %smlen, i64 %add_ln215) nounwind" [dilithium2/sign.c:215]   --->   Operation 31 'write' <Predicate = (icmp_ln212)> <Delay = 0.00>

State 3 <SV = 2> <Delay = 5.54>
ST_3 : Operation 32 [1/1] (0.00ns)   --->   "call void (...)* @_ssdm_op_SpecLoopName([34 x i8]* @p_str74) nounwind" [dilithium2/sign.c:213]   --->   Operation 32 'specloopname' <Predicate = true> <Delay = 0.00>
ST_3 : Operation 33 [1/1] (0.00ns)   --->   "%tmp = call i32 (...)* @_ssdm_op_SpecRegionBegin([34 x i8]* @p_str74) nounwind" [dilithium2/sign.c:213]   --->   Operation 33 'specregionbegin' 'tmp' <Predicate = true> <Delay = 0.00>
ST_3 : Operation 34 [1/1] (0.00ns)   --->   "call void (...)* @_ssdm_op_SpecLoopTripCount(i32 33, i32 3300, i32 1666, [1 x i8]* @p_str175) nounwind" [dilithium2/sign.c:213]   --->   Operation 34 'speclooptripcount' <Predicate = true> <Delay = 0.00>
ST_3 : Operation 35 [1/2] (2.77ns)   --->   "%m_load = load i8* %m_addr, align 1" [dilithium2/sign.c:213]   --->   Operation 35 'load' 'm_load' <Predicate = true> <Delay = 2.77> <Core = "RAM">   --->   Core 37 'RAM' <Latency = 1> <II = 1> <Delay = 2.77> <Storage> <Opcode : 'load' 'store'> <Ports = 2> <Width = 64> <Depth = 25> <RAM>
ST_3 : Operation 36 [1/1] (0.00ns)   --->   "%zext_ln213_1 = zext i14 %sub_ln213_1 to i64" [dilithium2/sign.c:213]   --->   Operation 36 'zext' 'zext_ln213_1' <Predicate = true> <Delay = 0.00>
ST_3 : Operation 37 [1/1] (0.00ns)   --->   "%sm_addr = getelementptr [5720 x i8]* %sm, i64 0, i64 %zext_ln213_1" [dilithium2/sign.c:213]   --->   Operation 37 'getelementptr' 'sm_addr' <Predicate = true> <Delay = 0.00>
ST_3 : Operation 38 [1/1] (2.77ns)   --->   "store i8 %m_load, i8* %sm_addr, align 1" [dilithium2/sign.c:213]   --->   Operation 38 'store' <Predicate = true> <Delay = 2.77> <Core = "RAM">   --->   Core 37 'RAM' <Latency = 1> <II = 1> <Delay = 2.77> <Storage> <Opcode : 'load' 'store'> <Ports = 2> <Width = 64> <Depth = 25> <RAM>
ST_3 : Operation 39 [1/1] (0.00ns)   --->   "%empty = call i32 (...)* @_ssdm_op_SpecRegionEnd([34 x i8]* @p_str74, i32 %tmp) nounwind" [dilithium2/sign.c:213]   --->   Operation 39 'specregionend' 'empty' <Predicate = true> <Delay = 0.00>
ST_3 : Operation 40 [1/1] (0.00ns)   --->   "br label %1" [dilithium2/sign.c:212]   --->   Operation 40 'br' <Predicate = true> <Delay = 0.00>

State 4 <SV = 2> <Delay = 0.00>
ST_4 : Operation 41 [1/2] (0.00ns)   --->   "call fastcc void @pqcrystals_dilithium.1.1([5720 x i8]* %sm, i64 %mlen_read, [2544 x i8]* %sk) nounwind" [dilithium2/sign.c:214]   --->   Operation 41 'call' <Predicate = true> <Delay = 0.00> <CoreType = "Generic">   --->   Core 0 '' <Latency = 0> <II = 1> <Delay = 1.00> <Generic> <Opcode : >
ST_4 : Operation 42 [1/1] (0.00ns)   --->   "ret i32 0" [dilithium2/sign.c:216]   --->   Operation 42 'ret' <Predicate = true> <Delay = 0.00>


============================================================
+ Verbose Summary: Binding
============================================================
STG Binding: 
---------------- STG Properties BEGIN ----------------
- Is combinational: 0
- Is one-state seq: 0
- Is datapath-only: 0
- Is pipelined: 0
- Is top level: 1
Port [ Return ] is wired: 1; IO mode=ap_ctrl_hs:ce=0
Port [ sm]:  wired=1; compound=1; hidden=0; nouse=0; global=0; static=0; extern=0; dir=2; type=1; pingpong=0; private_global=0; MemPort=[22]; IO mode=ap_memory:ce=0
Port [ smlen]:  wired=1; compound=0; hidden=0; nouse=0; global=0; static=0; extern=0; dir=1; type=0; pingpong=0; private_global=0; IO mode=ap_vld:ce=0
Port [ m]:  wired=1; compound=1; hidden=0; nouse=0; global=0; static=0; extern=0; dir=0; type=1; pingpong=0; private_global=0; MemPort=[13]; IO mode=ap_memory:ce=0
Port [ mlen]:  wired=1; compound=0; hidden=0; nouse=0; global=0; static=0; extern=0; dir=0; type=0; pingpong=0; private_global=0; IO mode=ap_none:ce=0
Port [ sk]:  wired=1; compound=1; hidden=0; nouse=0; global=0; static=0; extern=0; dir=0; type=1; pingpong=0; private_global=0; MemPort=[11]; IO mode=ap_memory:ce=0
Port [ KeccakF_RoundConstan]:  wired=0; compound=1; hidden=1; nouse=1; global=1; static=1; extern=0; dir=0; type=1; pingpong=0; private_global=0; linkage=7; visibility=0; MemPort=[11]; IO mode=ap_memory:ce=0
Port [ zetas]:  wired=0; compound=1; hidden=1; nouse=1; global=1; static=1; extern=0; dir=0; type=1; pingpong=0; private_global=0; linkage=7; visibility=0; MemPort=[1]; IO mode=ap_memory:ce=0
---------------- STG Properties END ------------------

---------------- Datapath Model BEGIN ----------------

<LifeTime>
<method=bitvector/>
specbitsmap_ln0         (specbitsmap      ) [ 00000]
specbitsmap_ln0         (specbitsmap      ) [ 00000]
specbitsmap_ln0         (specbitsmap      ) [ 00000]
specbitsmap_ln0         (specbitsmap      ) [ 00000]
specbitsmap_ln0         (specbitsmap      ) [ 00000]
specbitsmap_ln0         (specbitsmap      ) [ 00000]
spectopmodule_ln0       (spectopmodule    ) [ 00000]
mlen_read               (read             ) [ 00111]
trunc_ln213             (trunc            ) [ 00000]
add_ln213               (add              ) [ 00110]
trunc_ln213_1           (trunc            ) [ 00000]
add_ln213_1             (add              ) [ 00110]
br_ln212                (br               ) [ 01110]
i_0                     (phi              ) [ 00100]
trunc_ln212             (trunc            ) [ 00000]
trunc_ln212_1           (trunc            ) [ 00000]
icmp_ln212              (icmp             ) [ 00110]
i                       (add              ) [ 01110]
br_ln212                (br               ) [ 00000]
sub_ln213               (sub              ) [ 00000]
zext_ln213              (zext             ) [ 00000]
m_addr                  (getelementptr    ) [ 00010]
sub_ln213_1             (sub              ) [ 00010]
add_ln215               (add              ) [ 00000]
write_ln215             (write            ) [ 00000]
specloopname_ln213      (specloopname     ) [ 00000]
tmp                     (specregionbegin  ) [ 00000]
speclooptripcount_ln213 (speclooptripcount) [ 00000]
m_load                  (load             ) [ 00000]
zext_ln213_1            (zext             ) [ 00000]
sm_addr                 (getelementptr    ) [ 00000]
store_ln213             (store            ) [ 00000]
empty                   (specregionend    ) [ 00000]
br_ln212                (br               ) [ 01110]
call_ln214              (call             ) [ 00000]
ret_ln216               (ret              ) [ 00000]
</LifeTime>

<model>

<comp_list>
<comp id="0" class="1000" name="sm">
<pin_list>
<pin id="1" dir="1" index="0" bw="1" slack="0"/>
</pin_list>
<bind>
<StgValue><ssdm name="sm"/><MemPortTyVec>2 2 </MemPortTyVec>
</StgValue>
</bind>
</comp>

<comp id="2" class="1000" name="smlen">
<pin_list>
<pin id="3" dir="1" index="0" bw="1" slack="0"/>
</pin_list>
<bind>
<StgValue><ssdm name="smlen"/></StgValue>
</bind>
</comp>

<comp id="4" class="1000" name="m">
<pin_list>
<pin id="5" dir="1" index="0" bw="1" slack="0"/>
</pin_list>
<bind>
<StgValue><ssdm name="m"/><MemPortTyVec>1 3 </MemPortTyVec>
</StgValue>
</bind>
</comp>

<comp id="6" class="1000" name="mlen">
<pin_list>
<pin id="7" dir="1" index="0" bw="1" slack="0"/>
</pin_list>
<bind>
<StgValue><ssdm name="mlen"/></StgValue>
</bind>
</comp>

<comp id="8" class="1000" name="sk">
<pin_list>
<pin id="9" dir="1" index="0" bw="1" slack="0"/>
</pin_list>
<bind>
<StgValue><ssdm name="sk"/><MemPortTyVec>1 1 </MemPortTyVec>
</StgValue>
</bind>
</comp>

<comp id="10" class="1000" name="KeccakF_RoundConstan">
<pin_list>
<pin id="11" dir="1" index="0" bw="1" slack="0"/>
</pin_list>
<bind>
<StgValue><ssdm name="KeccakF_RoundConstan"/><MemPortTyVec>1 1 </MemPortTyVec>
</StgValue>
</bind>
</comp>

<comp id="12" class="1000" name="zetas">
<pin_list>
<pin id="13" dir="1" index="0" bw="1" slack="0"/>
</pin_list>
<bind>
<StgValue><ssdm name="zetas"/><MemPortTyVec>1 </MemPortTyVec>
</StgValue>
</bind>
</comp>

<comp id="14" class="1001" name="const_14">
<pin_list>
<pin id="15" dir="1" index="0" bw="1" slack="2147483647"/>
</pin_list>
<bind>
<StgValue><ssdm name="_ssdm_op_SpecBitsMap"/></StgValue>
</bind>
</comp>

<comp id="16" class="1001" name="const_16">
<pin_list>
<pin id="17" dir="1" index="0" bw="1" slack="2147483647"/>
</pin_list>
<bind>
<StgValue><ssdm name=""/></StgValue>
</bind>
</comp>

<comp id="18" class="1001" name="const_18">
<pin_list>
<pin id="19" dir="1" index="0" bw="1" slack="2147483647"/>
</pin_list>
<bind>
<StgValue><ssdm name="_ssdm_op_SpecTopModule"/></StgValue>
</bind>
</comp>

<comp id="20" class="1001" name="const_20">
<pin_list>
<pin id="21" dir="1" index="0" bw="1" slack="2147483647"/>
</pin_list>
<bind>
<StgValue><ssdm name="pqcrystals_dilithium_1"/></StgValue>
</bind>
</comp>

<comp id="22" class="1001" name="const_22">
<pin_list>
<pin id="23" dir="1" index="0" bw="1" slack="0"/>
</pin_list>
<bind>
<StgValue><ssdm name="_ssdm_op_Read.ap_auto.i64"/></StgValue>
</bind>
</comp>

<comp id="24" class="1001" name="const_24">
<pin_list>
<pin id="25" dir="1" index="0" bw="1" slack="0"/>
</pin_list>
<bind>
<StgValue><ssdm name=""/></StgValue>
</bind>
</comp>

<comp id="26" class="1001" name="const_26">
<pin_list>
<pin id="27" dir="1" index="0" bw="1" slack="0"/>
</pin_list>
<bind>
<StgValue><ssdm name=""/></StgValue>
</bind>
</comp>

<comp id="28" class="1001" name="const_28">
<pin_list>
<pin id="29" dir="1" index="0" bw="1" slack="0"/>
</pin_list>
<bind>
<StgValue><ssdm name=""/></StgValue>
</bind>
</comp>

<comp id="30" class="1001" name="const_30">
<pin_list>
<pin id="31" dir="1" index="0" bw="1" slack="0"/>
</pin_list>
<bind>
<StgValue><ssdm name=""/></StgValue>
</bind>
</comp>

<comp id="32" class="1001" name="const_32">
<pin_list>
<pin id="33" dir="1" index="0" bw="1" slack="0"/>
</pin_list>
<bind>
<StgValue><ssdm name="pqcrystals_dilithium.1.1"/></StgValue>
</bind>
</comp>

<comp id="34" class="1001" name="const_34">
<pin_list>
<pin id="35" dir="1" index="0" bw="1" slack="0"/>
</pin_list>
<bind>
<StgValue><ssdm name=""/></StgValue>
</bind>
</comp>

<comp id="36" class="1001" name="const_36">
<pin_list>
<pin id="37" dir="1" index="0" bw="1" slack="0"/>
</pin_list>
<bind>
<StgValue><ssdm name="_ssdm_op_Write.ap_auto.i64P"/></StgValue>
</bind>
</comp>

<comp id="38" class="1001" name="const_38">
<pin_list>
<pin id="39" dir="1" index="0" bw="1" slack="2147483647"/>
</pin_list>
<bind>
<StgValue><ssdm name="_ssdm_op_SpecLoopName"/></StgValue>
</bind>
</comp>

<comp id="40" class="1001" name="const_40">
<pin_list>
<pin id="41" dir="1" index="0" bw="1" slack="2147483647"/>
</pin_list>
<bind>
<StgValue><ssdm name="p_str74"/></StgValue>
</bind>
</comp>

<comp id="42" class="1001" name="const_42">
<pin_list>
<pin id="43" dir="1" index="0" bw="1" slack="2147483647"/>
</pin_list>
<bind>
<StgValue><ssdm name="_ssdm_op_SpecRegionBegin"/></StgValue>
</bind>
</comp>

<comp id="44" class="1001" name="const_44">
<pin_list>
<pin id="45" dir="1" index="0" bw="1" slack="2147483647"/>
</pin_list>
<bind>
<StgValue><ssdm name="_ssdm_op_SpecLoopTripCount"/></StgValue>
</bind>
</comp>

<comp id="46" class="1001" name="const_46">
<pin_list>
<pin id="47" dir="1" index="0" bw="1" slack="2147483647"/>
</pin_list>
<bind>
<StgValue><ssdm name=""/></StgValue>
</bind>
</comp>

<comp id="48" class="1001" name="const_48">
<pin_list>
<pin id="49" dir="1" index="0" bw="1" slack="2147483647"/>
</pin_list>
<bind>
<StgValue><ssdm name=""/></StgValue>
</bind>
</comp>

<comp id="50" class="1001" name="const_50">
<pin_list>
<pin id="51" dir="1" index="0" bw="1" slack="2147483647"/>
</pin_list>
<bind>
<StgValue><ssdm name=""/></StgValue>
</bind>
</comp>

<comp id="52" class="1001" name="const_52">
<pin_list>
<pin id="53" dir="1" index="0" bw="1" slack="2147483647"/>
</pin_list>
<bind>
<StgValue><ssdm name="p_str175"/></StgValue>
</bind>
</comp>

<comp id="54" class="1001" name="const_54">
<pin_list>
<pin id="55" dir="1" index="0" bw="1" slack="2147483647"/>
</pin_list>
<bind>
<StgValue><ssdm name="_ssdm_op_SpecRegionEnd"/></StgValue>
</bind>
</comp>

<comp id="56" class="1004" name="mlen_read_read_fu_56">
<pin_list>
<pin id="57" dir="0" index="0" bw="64" slack="0"/>
<pin id="58" dir="0" index="1" bw="64" slack="0"/>
<pin id="59" dir="1" index="2" bw="64" slack="0"/>
</pin_list>
<bind>
<opcode="read(1150) " fcode="read"/>
<opset="mlen_read/1 "/>
</bind>
</comp>

<comp id="62" class="1004" name="write_ln215_write_fu_62">
<pin_list>
<pin id="63" dir="0" index="0" bw="0" slack="0"/>
<pin id="64" dir="0" index="1" bw="64" slack="0"/>
<pin id="65" dir="0" index="2" bw="64" slack="0"/>
<pin id="66" dir="1" index="3" bw="0" slack="2147483647"/>
</pin_list>
<bind>
<opcode="write(1151) " fcode="write"/>
<opset="write_ln215/2 "/>
</bind>
</comp>

<comp id="69" class="1004" name="m_addr_gep_fu_69">
<pin_list>
<pin id="70" dir="0" index="0" bw="8" slack="0"/>
<pin id="71" dir="0" index="1" bw="1" slack="0"/>
<pin id="72" dir="0" index="2" bw="13" slack="0"/>
<pin id="73" dir="1" index="3" bw="12" slack="0"/>
</pin_list>
<bind>
<opcode="getelementptr(29) " fcode="getelementptr"/>
<opset="m_addr/2 "/>
</bind>
</comp>

<comp id="76" class="1004" name="grp_access_fu_76">
<pin_list>
<pin id="77" dir="0" index="0" bw="12" slack="0"/>
<pin id="78" dir="0" index="1" bw="8" slack="2147483647"/>
<pin id="79" dir="0" index="2" bw="0" slack="2147483647"/>
<pin id="80" dir="1" index="3" bw="8" slack="0"/>
</pin_list>
<bind>
<opcode="load(27) " fcode="load"/>
<opset="m_load/2 "/>
</bind>
</comp>

<comp id="82" class="1004" name="sm_addr_gep_fu_82">
<pin_list>
<pin id="83" dir="0" index="0" bw="8" slack="0"/>
<pin id="84" dir="0" index="1" bw="1" slack="0"/>
<pin id="85" dir="0" index="2" bw="14" slack="0"/>
<pin id="86" dir="1" index="3" bw="13" slack="0"/>
</pin_list>
<bind>
<opcode="getelementptr(29) " fcode="getelementptr"/>
<opset="sm_addr/3 "/>
</bind>
</comp>

<comp id="89" class="1004" name="store_ln213_access_fu_89">
<pin_list>
<pin id="90" dir="0" index="0" bw="13" slack="0"/>
<pin id="91" dir="0" index="1" bw="8" slack="0"/>
<pin id="92" dir="0" index="2" bw="0" slack="2147483647"/>
<pin id="93" dir="1" index="3" bw="8" slack="2147483647"/>
</pin_list>
<bind>
<opcode="store(28) " fcode="store"/>
<opset="store_ln213/3 "/>
</bind>
</comp>

<comp id="96" class="1005" name="i_0_reg_96">
<pin_list>
<pin id="97" dir="0" index="0" bw="64" slack="1"/>
<pin id="98" dir="1" index="1" bw="64" slack="1"/>
</pin_list>
<bind>
<opset="i_0 (phireg) "/>
</bind>
</comp>

<comp id="100" class="1004" name="i_0_phi_fu_100">
<pin_list>
<pin id="101" dir="0" index="0" bw="1" slack="1"/>
<pin id="102" dir="0" index="1" bw="0" slack="2147483647"/>
<pin id="103" dir="0" index="2" bw="64" slack="0"/>
<pin id="104" dir="0" index="3" bw="0" slack="2147483647"/>
<pin id="105" dir="1" index="4" bw="64" slack="0"/>
</pin_list>
<bind>
<opcode="phi(47) " fcode="phi"/>
<opset="i_0/2 "/>
</bind>
</comp>

<comp id="107" class="1004" name="grp_pqcrystals_dilithium_1_1_fu_107">
<pin_list>
<pin id="108" dir="0" index="0" bw="0" slack="0"/>
<pin id="109" dir="0" index="1" bw="8" slack="0"/>
<pin id="110" dir="0" index="2" bw="64" slack="1"/>
<pin id="111" dir="0" index="3" bw="8" slack="0"/>
<pin id="112" dir="0" index="4" bw="64" slack="0"/>
<pin id="113" dir="0" index="5" bw="23" slack="0"/>
<pin id="114" dir="1" index="6" bw="0" slack="2147483647"/>
</pin_list>
<bind>
<opcode="call(48) " fcode="call"/>
<opset="call_ln214/2 "/>
</bind>
</comp>

<comp id="120" class="1004" name="trunc_ln213_fu_120">
<pin_list>
<pin id="121" dir="0" index="0" bw="64" slack="0"/>
<pin id="122" dir="1" index="1" bw="13" slack="0"/>
</pin_list>
<bind>
<opcode="trunc(33) " fcode="trunc"/>
<opset="trunc_ln213/1 "/>
</bind>
</comp>

<comp id="124" class="1004" name="add_ln213_fu_124">
<pin_list>
<pin id="125" dir="0" index="0" bw="1" slack="0"/>
<pin id="126" dir="0" index="1" bw="13" slack="0"/>
<pin id="127" dir="1" index="2" bw="13" slack="1"/>
</pin_list>
<bind>
<opcode="add(8) " fcode="add"/>
<opset="add_ln213/1 "/>
</bind>
</comp>

<comp id="130" class="1004" name="trunc_ln213_1_fu_130">
<pin_list>
<pin id="131" dir="0" index="0" bw="64" slack="0"/>
<pin id="132" dir="1" index="1" bw="14" slack="0"/>
</pin_list>
<bind>
<opcode="trunc(33) " fcode="trunc"/>
<opset="trunc_ln213_1/1 "/>
</bind>
</comp>

<comp id="134" class="1004" name="add_ln213_1_fu_134">
<pin_list>
<pin id="135" dir="0" index="0" bw="13" slack="0"/>
<pin id="136" dir="0" index="1" bw="14" slack="0"/>
<pin id="137" dir="1" index="2" bw="14" slack="1"/>
</pin_list>
<bind>
<opcode="add(8) " fcode="add"/>
<opset="add_ln213_1/1 "/>
</bind>
</comp>

<comp id="140" class="1004" name="trunc_ln212_fu_140">
<pin_list>
<pin id="141" dir="0" index="0" bw="64" slack="0"/>
<pin id="142" dir="1" index="1" bw="14" slack="0"/>
</pin_list>
<bind>
<opcode="trunc(33) " fcode="trunc"/>
<opset="trunc_ln212/2 "/>
</bind>
</comp>

<comp id="144" class="1004" name="trunc_ln212_1_fu_144">
<pin_list>
<pin id="145" dir="0" index="0" bw="64" slack="0"/>
<pin id="146" dir="1" index="1" bw="13" slack="0"/>
</pin_list>
<bind>
<opcode="trunc(33) " fcode="trunc"/>
<opset="trunc_ln212_1/2 "/>
</bind>
</comp>

<comp id="148" class="1004" name="icmp_ln212_fu_148">
<pin_list>
<pin id="149" dir="0" index="0" bw="64" slack="0"/>
<pin id="150" dir="0" index="1" bw="64" slack="1"/>
<pin id="151" dir="1" index="2" bw="1" slack="2147483647"/>
</pin_list>
<bind>
<opcode="icmp(45) " fcode="icmp"/>
<opset="icmp_ln212/2 "/>
</bind>
</comp>

<comp id="153" class="1004" name="i_fu_153">
<pin_list>
<pin id="154" dir="0" index="0" bw="1" slack="0"/>
<pin id="155" dir="0" index="1" bw="64" slack="0"/>
<pin id="156" dir="1" index="2" bw="64" slack="0"/>
</pin_list>
<bind>
<opcode="add(8) " fcode="add"/>
<opset="i/2 "/>
</bind>
</comp>

<comp id="159" class="1004" name="sub_ln213_fu_159">
<pin_list>
<pin id="160" dir="0" index="0" bw="13" slack="1"/>
<pin id="161" dir="0" index="1" bw="13" slack="0"/>
<pin id="162" dir="1" index="2" bw="13" slack="0"/>
</pin_list>
<bind>
<opcode="sub(10) " fcode="sub"/>
<opset="sub_ln213/2 "/>
</bind>
</comp>

<comp id="164" class="1004" name="zext_ln213_fu_164">
<pin_list>
<pin id="165" dir="0" index="0" bw="13" slack="0"/>
<pin id="166" dir="1" index="1" bw="64" slack="0"/>
</pin_list>
<bind>
<opcode="zext(34) " fcode="zext"/>
<opset="zext_ln213/2 "/>
</bind>
</comp>

<comp id="169" class="1004" name="sub_ln213_1_fu_169">
<pin_list>
<pin id="170" dir="0" index="0" bw="14" slack="1"/>
<pin id="171" dir="0" index="1" bw="14" slack="0"/>
<pin id="172" dir="1" index="2" bw="14" slack="1"/>
</pin_list>
<bind>
<opcode="sub(10) " fcode="sub"/>
<opset="sub_ln213_1/2 "/>
</bind>
</comp>

<comp id="174" class="1004" name="add_ln215_fu_174">
<pin_list>
<pin id="175" dir="0" index="0" bw="64" slack="1"/>
<pin id="176" dir="0" index="1" bw="13" slack="0"/>
<pin id="177" dir="1" index="2" bw="64" slack="0"/>
</pin_list>
<bind>
<opcode="add(8) " fcode="add"/>
<opset="add_ln215/2 "/>
</bind>
</comp>

<comp id="180" class="1004" name="zext_ln213_1_fu_180">
<pin_list>
<pin id="181" dir="0" index="0" bw="14" slack="1"/>
<pin id="182" dir="1" index="1" bw="64" slack="0"/>
</pin_list>
<bind>
<opcode="zext(34) " fcode="zext"/>
<opset="zext_ln213_1/3 "/>
</bind>
</comp>

<comp id="184" class="1005" name="mlen_read_reg_184">
<pin_list>
<pin id="185" dir="0" index="0" bw="64" slack="1"/>
<pin id="186" dir="1" index="1" bw="64" slack="1"/>
</pin_list>
<bind>
<opset="mlen_read "/>
</bind>
</comp>

<comp id="191" class="1005" name="add_ln213_reg_191">
<pin_list>
<pin id="192" dir="0" index="0" bw="13" slack="1"/>
<pin id="193" dir="1" index="1" bw="13" slack="1"/>
</pin_list>
<bind>
<opset="add_ln213 "/>
</bind>
</comp>

<comp id="196" class="1005" name="add_ln213_1_reg_196">
<pin_list>
<pin id="197" dir="0" index="0" bw="14" slack="1"/>
<pin id="198" dir="1" index="1" bw="14" slack="1"/>
</pin_list>
<bind>
<opset="add_ln213_1 "/>
</bind>
</comp>

<comp id="204" class="1005" name="i_reg_204">
<pin_list>
<pin id="205" dir="0" index="0" bw="64" slack="0"/>
<pin id="206" dir="1" index="1" bw="64" slack="0"/>
</pin_list>
<bind>
<opset="i "/>
</bind>
</comp>

<comp id="209" class="1005" name="m_addr_reg_209">
<pin_list>
<pin id="210" dir="0" index="0" bw="12" slack="1"/>
<pin id="211" dir="1" index="1" bw="12" slack="1"/>
</pin_list>
<bind>
<opset="m_addr "/>
</bind>
</comp>

<comp id="214" class="1005" name="sub_ln213_1_reg_214">
<pin_list>
<pin id="215" dir="0" index="0" bw="14" slack="1"/>
<pin id="216" dir="1" index="1" bw="14" slack="1"/>
</pin_list>
<bind>
<opset="sub_ln213_1 "/>
</bind>
</comp>

</comp_list>

<net_list>
<net id="60"><net_src comp="22" pin="0"/><net_sink comp="56" pin=0"/></net>

<net id="61"><net_src comp="6" pin="0"/><net_sink comp="56" pin=1"/></net>

<net id="67"><net_src comp="36" pin="0"/><net_sink comp="62" pin=0"/></net>

<net id="68"><net_src comp="2" pin="0"/><net_sink comp="62" pin=1"/></net>

<net id="74"><net_src comp="4" pin="0"/><net_sink comp="69" pin=0"/></net>

<net id="75"><net_src comp="28" pin="0"/><net_sink comp="69" pin=1"/></net>

<net id="81"><net_src comp="69" pin="3"/><net_sink comp="76" pin=0"/></net>

<net id="87"><net_src comp="0" pin="0"/><net_sink comp="82" pin=0"/></net>

<net id="88"><net_src comp="28" pin="0"/><net_sink comp="82" pin=1"/></net>

<net id="94"><net_src comp="76" pin="3"/><net_sink comp="89" pin=1"/></net>

<net id="95"><net_src comp="82" pin="3"/><net_sink comp="89" pin=0"/></net>

<net id="99"><net_src comp="28" pin="0"/><net_sink comp="96" pin=0"/></net>

<net id="106"><net_src comp="96" pin="1"/><net_sink comp="100" pin=0"/></net>

<net id="115"><net_src comp="32" pin="0"/><net_sink comp="107" pin=0"/></net>

<net id="116"><net_src comp="0" pin="0"/><net_sink comp="107" pin=1"/></net>

<net id="117"><net_src comp="8" pin="0"/><net_sink comp="107" pin=3"/></net>

<net id="118"><net_src comp="10" pin="0"/><net_sink comp="107" pin=4"/></net>

<net id="119"><net_src comp="12" pin="0"/><net_sink comp="107" pin=5"/></net>

<net id="123"><net_src comp="56" pin="2"/><net_sink comp="120" pin=0"/></net>

<net id="128"><net_src comp="24" pin="0"/><net_sink comp="124" pin=0"/></net>

<net id="129"><net_src comp="120" pin="1"/><net_sink comp="124" pin=1"/></net>

<net id="133"><net_src comp="56" pin="2"/><net_sink comp="130" pin=0"/></net>

<net id="138"><net_src comp="26" pin="0"/><net_sink comp="134" pin=0"/></net>

<net id="139"><net_src comp="130" pin="1"/><net_sink comp="134" pin=1"/></net>

<net id="143"><net_src comp="100" pin="4"/><net_sink comp="140" pin=0"/></net>

<net id="147"><net_src comp="100" pin="4"/><net_sink comp="144" pin=0"/></net>

<net id="152"><net_src comp="100" pin="4"/><net_sink comp="148" pin=0"/></net>

<net id="157"><net_src comp="30" pin="0"/><net_sink comp="153" pin=0"/></net>

<net id="158"><net_src comp="100" pin="4"/><net_sink comp="153" pin=1"/></net>

<net id="163"><net_src comp="144" pin="1"/><net_sink comp="159" pin=1"/></net>

<net id="167"><net_src comp="159" pin="2"/><net_sink comp="164" pin=0"/></net>

<net id="168"><net_src comp="164" pin="1"/><net_sink comp="69" pin=2"/></net>

<net id="173"><net_src comp="140" pin="1"/><net_sink comp="169" pin=1"/></net>

<net id="178"><net_src comp="34" pin="0"/><net_sink comp="174" pin=1"/></net>

<net id="179"><net_src comp="174" pin="2"/><net_sink comp="62" pin=2"/></net>

<net id="183"><net_src comp="180" pin="1"/><net_sink comp="82" pin=2"/></net>

<net id="187"><net_src comp="56" pin="2"/><net_sink comp="184" pin=0"/></net>

<net id="188"><net_src comp="184" pin="1"/><net_sink comp="148" pin=1"/></net>

<net id="189"><net_src comp="184" pin="1"/><net_sink comp="107" pin=2"/></net>

<net id="190"><net_src comp="184" pin="1"/><net_sink comp="174" pin=0"/></net>

<net id="194"><net_src comp="124" pin="2"/><net_sink comp="191" pin=0"/></net>

<net id="195"><net_src comp="191" pin="1"/><net_sink comp="159" pin=0"/></net>

<net id="199"><net_src comp="134" pin="2"/><net_sink comp="196" pin=0"/></net>

<net id="200"><net_src comp="196" pin="1"/><net_sink comp="169" pin=0"/></net>

<net id="207"><net_src comp="153" pin="2"/><net_sink comp="204" pin=0"/></net>

<net id="208"><net_src comp="204" pin="1"/><net_sink comp="100" pin=2"/></net>

<net id="212"><net_src comp="69" pin="3"/><net_sink comp="209" pin=0"/></net>

<net id="213"><net_src comp="209" pin="1"/><net_sink comp="76" pin=0"/></net>

<net id="217"><net_src comp="169" pin="2"/><net_sink comp="214" pin=0"/></net>

<net id="218"><net_src comp="214" pin="1"/><net_sink comp="180" pin=0"/></net>

</net_list>

</model> 
---------------- Datapath Model END ------------------

* FSMD analyzer results:
  - Output states:
	Port: sm | {2 3 4 }
	Port: smlen | {2 }
 - Input state : 
	Port: pqcrystals_dilithium2_ref : sm | {2 4 }
	Port: pqcrystals_dilithium2_ref : m | {2 3 }
	Port: pqcrystals_dilithium2_ref : mlen | {1 }
	Port: pqcrystals_dilithium2_ref : sk | {2 4 }
	Port: pqcrystals_dilithium2_ref : KeccakF_RoundConstan | {2 4 }
	Port: pqcrystals_dilithium2_ref : zetas | {2 4 }
  - Chain level:
	State 1
		add_ln213 : 1
		add_ln213_1 : 1
	State 2
		trunc_ln212 : 1
		trunc_ln212_1 : 1
		icmp_ln212 : 1
		i : 1
		br_ln212 : 2
		sub_ln213 : 2
		zext_ln213 : 3
		m_addr : 4
		m_load : 5
		sub_ln213_1 : 2
		write_ln215 : 1
	State 3
		sm_addr : 1
		store_ln213 : 2
		empty : 1
	State 4


============================================================
+ Verbose Summary: Datapath Resource usage 
============================================================

* Functional unit list:
|----------|-------------------------------------|---------|---------|---------|---------|---------|---------|
| Operation|           Functional Unit           |   BRAM  |  DSP48E |  Delay  |    FF   |   LUT   |   URAM  |
|----------|-------------------------------------|---------|---------|---------|---------|---------|---------|
|   call   | grp_pqcrystals_dilithium_1_1_fu_107 |    50   |   604   | 392.973 |  84952  |  118065 |    0    |
|----------|-------------------------------------|---------|---------|---------|---------|---------|---------|
|          |           add_ln213_fu_124          |    0    |    0    |    0    |    0    |    20   |    0    |
|    add   |          add_ln213_1_fu_134         |    0    |    0    |    0    |    0    |    21   |    0    |
|          |               i_fu_153              |    0    |    0    |    0    |    0    |    71   |    0    |
|          |           add_ln215_fu_174          |    0    |    0    |    0    |    0    |    71   |    0    |
|----------|-------------------------------------|---------|---------|---------|---------|---------|---------|
|    sub   |           sub_ln213_fu_159          |    0    |    0    |    0    |    0    |    20   |    0    |
|          |          sub_ln213_1_fu_169         |    0    |    0    |    0    |    0    |    21   |    0    |
|----------|-------------------------------------|---------|---------|---------|---------|---------|---------|
|   icmp   |          icmp_ln212_fu_148          |    0    |    0    |    0    |    0    |    29   |    0    |
|----------|-------------------------------------|---------|---------|---------|---------|---------|---------|
|   read   |         mlen_read_read_fu_56        |    0    |    0    |    0    |    0    |    0    |    0    |
|----------|-------------------------------------|---------|---------|---------|---------|---------|---------|
|   write  |       write_ln215_write_fu_62       |    0    |    0    |    0    |    0    |    0    |    0    |
|----------|-------------------------------------|---------|---------|---------|---------|---------|---------|
|          |          trunc_ln213_fu_120         |    0    |    0    |    0    |    0    |    0    |    0    |
|   trunc  |         trunc_ln213_1_fu_130        |    0    |    0    |    0    |    0    |    0    |    0    |
|          |          trunc_ln212_fu_140         |    0    |    0    |    0    |    0    |    0    |    0    |
|          |         trunc_ln212_1_fu_144        |    0    |    0    |    0    |    0    |    0    |    0    |
|----------|-------------------------------------|---------|---------|---------|---------|---------|---------|
|   zext   |          zext_ln213_fu_164          |    0    |    0    |    0    |    0    |    0    |    0    |
|          |         zext_ln213_1_fu_180         |    0    |    0    |    0    |    0    |    0    |    0    |
|----------|-------------------------------------|---------|---------|---------|---------|---------|---------|
|   Total  |                                     |    50   |   604   | 392.973 |  84952  |  118318 |    0    |
|----------|-------------------------------------|---------|---------|---------|---------|---------|---------|

Memories:
+--------------------+--------+--------+--------+
|                    |  BRAM  |   FF   |   LUT  |
+--------------------+--------+--------+--------+
|KeccakF_RoundConstan|    2   |    0   |    0   |
|        zetas       |    1   |    0   |    0   |
+--------------------+--------+--------+--------+
|        Total       |    3   |    0   |    0   |
+--------------------+--------+--------+--------+

* Register list:
+-------------------+--------+
|                   |   FF   |
+-------------------+--------+
|add_ln213_1_reg_196|   14   |
| add_ln213_reg_191 |   13   |
|     i_0_reg_96    |   64   |
|     i_reg_204     |   64   |
|   m_addr_reg_209  |   12   |
| mlen_read_reg_184 |   64   |
|sub_ln213_1_reg_214|   14   |
+-------------------+--------+
|       Total       |   245  |
+-------------------+--------+

* Multiplexer (MUX) list: 
|------------------|------|------|------|--------||---------||---------|
|       Comp       |  Pin | Size |  BW  | S x BW ||  Delay  ||   LUT   |
|------------------|------|------|------|--------||---------||---------|
| grp_access_fu_76 |  p0  |   2  |  12  |   24   ||    9    |
|------------------|------|------|------|--------||---------||---------|
|       Total      |      |      |      |   24   ||   1.35  ||    9    |
|------------------|------|------|------|--------||---------||---------|



* Summary:
+-----------+--------+--------+--------+--------+--------+--------+
|           |  BRAM  | DSP48E |  Delay |   FF   |   LUT  |  URAM  |
+-----------+--------+--------+--------+--------+--------+--------+
|  Function |   50   |   604  |   392  |  84952 | 118318 |    0   |
|   Memory  |    3   |    -   |    -   |    0   |    0   |    -   |
|Multiplexer|    -   |    -   |    1   |    -   |    9   |    -   |
|  Register |    -   |    -   |    -   |   245  |    -   |    -   |
+-----------+--------+--------+--------+--------+--------+--------+
|   Total   |   53   |   604  |   394  |  85197 | 118327 |    0   |
+-----------+--------+--------+--------+--------+--------+--------+
