INFO: [COSIM-47] Using XSIM for RTL simulation.
INFO: [COSIM-14] Instrumenting C test bench ...
   Build using "/home/shikha/Vivado/Vitis_HLS/2022.2/tps/lnx64/gcc-8.3.0/bin/g++"
   Compiling apatb_pqcrystals_dilithium2_ref.cpp
   Compiling (apcc) aes256ctr.c_pre.c.tb.c
INFO: [HLS 200-10] Running '/home/shikha/Vivado/Vitis_HLS/2022.2/bin/unwrapped/lnx64.o/apcc'
INFO: [HLS 200-10] For user 'shikha' on host 'shikha-HP-ProDesk-600-G6-Microtower-PC' (Linux_x86_64 version 5.15.0-25-generic) on Fri Mar 10 17:37:35 IST 2023
INFO: [HLS 200-10] On os Ubuntu 22.04 LTS
INFO: [HLS 200-10] In directory '/home/shikha/Final_Assignment/crypto_sign/solution2/sim/wrapc'
clang: warning: argument unused during compilation: '-fno-builtin-isinf'
clang: warning: argument unused during compilation: '-fno-builtin-isnan'
INFO: [APCC 202-3] Tmp directory is /tmp/apcc_db_shikha/723361678450055596380
INFO: [APCC 202-1] APCC is done.
INFO: [HLS 200-112] Total CPU user time: 1.71 seconds. Total CPU system time: 0.09 seconds. Total elapsed time: 1.7 seconds; peak allocated memory: 98.957 MB.
   Compiling (apcc) aes.c_pre.c.tb.c
INFO: [HLS 200-10] Running '/home/shikha/Vivado/Vitis_HLS/2022.2/bin/unwrapped/lnx64.o/apcc'
INFO: [HLS 200-10] For user 'shikha' on host 'shikha-HP-ProDesk-600-G6-Microtower-PC' (Linux_x86_64 version 5.15.0-25-generic) on Fri Mar 10 17:37:38 IST 2023
INFO: [HLS 200-10] On os Ubuntu 22.04 LTS
INFO: [HLS 200-10] In directory '/home/shikha/Final_Assignment/crypto_sign/solution2/sim/wrapc'
clang: warning: argument unused during compilation: '-fno-builtin-isinf'
clang: warning: argument unused during compilation: '-fno-builtin-isnan'
INFO: [APCC 202-3] Tmp directory is /tmp/apcc_db_shikha/723931678450058230335
INFO: [APCC 202-1] APCC is done.
INFO: [HLS 200-112] Total CPU user time: 1.63 seconds. Total CPU system time: 0.07 seconds. Total elapsed time: 1.62 seconds; peak allocated memory: 98.957 MB.
   Compiling (apcc) fips202.c_pre.c.tb.c
INFO: [HLS 200-10] Running '/home/shikha/Vivado/Vitis_HLS/2022.2/bin/unwrapped/lnx64.o/apcc'
INFO: [HLS 200-10] For user 'shikha' on host 'shikha-HP-ProDesk-600-G6-Microtower-PC' (Linux_x86_64 version 5.15.0-25-generic) on Fri Mar 10 17:37:40 IST 2023
INFO: [HLS 200-10] On os Ubuntu 22.04 LTS
INFO: [HLS 200-10] In directory '/home/shikha/Final_Assignment/crypto_sign/solution2/sim/wrapc'
clang: warning: argument unused during compilation: '-fno-builtin-isinf'
clang: warning: argument unused during compilation: '-fno-builtin-isnan'
INFO: [APCC 202-3] Tmp directory is /tmp/apcc_db_shikha/724501678450060764358
INFO: [APCC 202-1] APCC is done.
INFO: [HLS 200-112] Total CPU user time: 2.2 seconds. Total CPU system time: 0.08 seconds. Total elapsed time: 2.2 seconds; peak allocated memory: 98.957 MB.
   Compiling (apcc) ntt.c_pre.c.tb.c
INFO: [HLS 200-10] Running '/home/shikha/Vivado/Vitis_HLS/2022.2/bin/unwrapped/lnx64.o/apcc'
INFO: [HLS 200-10] For user 'shikha' on host 'shikha-HP-ProDesk-600-G6-Microtower-PC' (Linux_x86_64 version 5.15.0-25-generic) on Fri Mar 10 17:37:43 IST 2023
INFO: [HLS 200-10] On os Ubuntu 22.04 LTS
INFO: [HLS 200-10] In directory '/home/shikha/Final_Assignment/crypto_sign/solution2/sim/wrapc'
clang: warning: argument unused during compilation: '-fno-builtin-isinf'
clang: warning: argument unused during compilation: '-fno-builtin-isnan'
INFO: [APCC 202-3] Tmp directory is /tmp/apcc_db_shikha/725071678450063894206
INFO: [APCC 202-1] APCC is done.
INFO: [HLS 200-112] Total CPU user time: 1.37 seconds. Total CPU system time: 0.07 seconds. Total elapsed time: 1.36 seconds; peak allocated memory: 98.957 MB.
   Compiling (apcc) packing.c_pre.c.tb.c
INFO: [HLS 200-10] Running '/home/shikha/Vivado/Vitis_HLS/2022.2/bin/unwrapped/lnx64.o/apcc'
INFO: [HLS 200-10] For user 'shikha' on host 'shikha-HP-ProDesk-600-G6-Microtower-PC' (Linux_x86_64 version 5.15.0-25-generic) on Fri Mar 10 17:37:46 IST 2023
INFO: [HLS 200-10] On os Ubuntu 22.04 LTS
INFO: [HLS 200-10] In directory '/home/shikha/Final_Assignment/crypto_sign/solution2/sim/wrapc'
clang: warning: argument unused during compilation: '-fno-builtin-isinf'
clang: warning: argument unused during compilation: '-fno-builtin-isnan'
INFO: [APCC 202-3] Tmp directory is /tmp/apcc_db_shikha/725641678450066165947
INFO: [APCC 202-1] APCC is done.
INFO: [HLS 200-112] Total CPU user time: 1.49 seconds. Total CPU system time: 0.06 seconds. Total elapsed time: 1.46 seconds; peak allocated memory: 98.957 MB.
   Compiling (apcc) poly.c_pre.c.tb.c
INFO: [HLS 200-10] Running '/home/shikha/Vivado/Vitis_HLS/2022.2/bin/unwrapped/lnx64.o/apcc'
INFO: [HLS 200-10] For user 'shikha' on host 'shikha-HP-ProDesk-600-G6-Microtower-PC' (Linux_x86_64 version 5.15.0-25-generic) on Fri Mar 10 17:37:48 IST 2023
INFO: [HLS 200-10] On os Ubuntu 22.04 LTS
INFO: [HLS 200-10] In directory '/home/shikha/Final_Assignment/crypto_sign/solution2/sim/wrapc'
clang: warning: argument unused during compilation: '-fno-builtin-isinf'
clang: warning: argument unused during compilation: '-fno-builtin-isnan'
INFO: [APCC 202-3] Tmp directory is /tmp/apcc_db_shikha/726211678450068566600
INFO: [APCC 202-1] APCC is done.
INFO: [HLS 200-112] Total CPU user time: 1.83 seconds. Total CPU system time: 0.08 seconds. Total elapsed time: 1.82 seconds; peak allocated memory: 98.957 MB.
   Compiling (apcc) polyvec.c_pre.c.tb.c
INFO: [HLS 200-10] Running '/home/shikha/Vivado/Vitis_HLS/2022.2/bin/unwrapped/lnx64.o/apcc'
INFO: [HLS 200-10] For user 'shikha' on host 'shikha-HP-ProDesk-600-G6-Microtower-PC' (Linux_x86_64 version 5.15.0-25-generic) on Fri Mar 10 17:37:51 IST 2023
INFO: [HLS 200-10] On os Ubuntu 22.04 LTS
INFO: [HLS 200-10] In directory '/home/shikha/Final_Assignment/crypto_sign/solution2/sim/wrapc'
clang: warning: argument unused during compilation: '-fno-builtin-isinf'
clang: warning: argument unused during compilation: '-fno-builtin-isnan'
INFO: [APCC 202-3] Tmp directory is /tmp/apcc_db_shikha/727081678450071322193
INFO: [APCC 202-1] APCC is done.
INFO: [HLS 200-112] Total CPU user time: 1.47 seconds. Total CPU system time: 0.08 seconds. Total elapsed time: 1.47 seconds; peak allocated memory: 98.957 MB.
   Compiling (apcc) PQCgenKAT_sign.c_pre.c.tb.c
INFO: [HLS 200-10] Running '/home/shikha/Vivado/Vitis_HLS/2022.2/bin/unwrapped/lnx64.o/apcc'
INFO: [HLS 200-10] For user 'shikha' on host 'shikha-HP-ProDesk-600-G6-Microtower-PC' (Linux_x86_64 version 5.15.0-25-generic) on Fri Mar 10 17:37:53 IST 2023
INFO: [HLS 200-10] On os Ubuntu 22.04 LTS
INFO: [HLS 200-10] In directory '/home/shikha/Final_Assignment/crypto_sign/solution2/sim/wrapc'
clang: warning: argument unused during compilation: '-fno-builtin-isinf'
clang: warning: argument unused during compilation: '-fno-builtin-isnan'
INFO: [APCC 202-3] Tmp directory is /tmp/apcc_db_shikha/727651678450073704618
INFO: [APCC 202-1] APCC is done.
INFO: [HLS 200-112] Total CPU user time: 1.44 seconds. Total CPU system time: 0.09 seconds. Total elapsed time: 1.43 seconds; peak allocated memory: 98.957 MB.
   Compiling (apcc) reduce.c_pre.c.tb.c
INFO: [HLS 200-10] Running '/home/shikha/Vivado/Vitis_HLS/2022.2/bin/unwrapped/lnx64.o/apcc'
INFO: [HLS 200-10] For user 'shikha' on host 'shikha-HP-ProDesk-600-G6-Microtower-PC' (Linux_x86_64 version 5.15.0-25-generic) on Fri Mar 10 17:37:56 IST 2023
INFO: [HLS 200-10] On os Ubuntu 22.04 LTS
INFO: [HLS 200-10] In directory '/home/shikha/Final_Assignment/crypto_sign/solution2/sim/wrapc'
clang: warning: argument unused during compilation: '-fno-builtin-isinf'
clang: warning: argument unused during compilation: '-fno-builtin-isnan'
INFO: [APCC 202-3] Tmp directory is /tmp/apcc_db_shikha/728221678450076072285
INFO: [APCC 202-1] APCC is done.
INFO: [HLS 200-112] Total CPU user time: 1.32 seconds. Total CPU system time: 0.09 seconds. Total elapsed time: 1.33 seconds; peak allocated memory: 98.957 MB.
   Compiling (apcc) rng.c_pre.c.tb.c
INFO: [HLS 200-10] Running '/home/shikha/Vivado/Vitis_HLS/2022.2/bin/unwrapped/lnx64.o/apcc'
INFO: [HLS 200-10] For user 'shikha' on host 'shikha-HP-ProDesk-600-G6-Microtower-PC' (Linux_x86_64 version 5.15.0-25-generic) on Fri Mar 10 17:37:58 IST 2023
INFO: [HLS 200-10] On os Ubuntu 22.04 LTS
INFO: [HLS 200-10] In directory '/home/shikha/Final_Assignment/crypto_sign/solution2/sim/wrapc'
clang: warning: argument unused during compilation: '-fno-builtin-isinf'
clang: warning: argument unused during compilation: '-fno-builtin-isnan'
INFO: [APCC 202-3] Tmp directory is /tmp/apcc_db_shikha/728791678450078369517
INFO: [APCC 202-1] APCC is done.
INFO: [HLS 200-112] Total CPU user time: 1.56 seconds. Total CPU system time: 0.07 seconds. Total elapsed time: 1.53 seconds; peak allocated memory: 98.957 MB.
   Compiling (apcc) rounding.c_pre.c.tb.c
INFO: [HLS 200-10] Running '/home/shikha/Vivado/Vitis_HLS/2022.2/bin/unwrapped/lnx64.o/apcc'
INFO: [HLS 200-10] For user 'shikha' on host 'shikha-HP-ProDesk-600-G6-Microtower-PC' (Linux_x86_64 version 5.15.0-25-generic) on Fri Mar 10 17:38:00 IST 2023
INFO: [HLS 200-10] On os Ubuntu 22.04 LTS
INFO: [HLS 200-10] In directory '/home/shikha/Final_Assignment/crypto_sign/solution2/sim/wrapc'
clang: warning: argument unused during compilation: '-fno-builtin-isinf'
clang: warning: argument unused during compilation: '-fno-builtin-isnan'
INFO: [APCC 202-3] Tmp directory is /tmp/apcc_db_shikha/729381678450080927136
INFO: [APCC 202-1] APCC is done.
INFO: [HLS 200-112] Total CPU user time: 1.43 seconds. Total CPU system time: 0.06 seconds. Total elapsed time: 1.46 seconds; peak allocated memory: 98.957 MB.
   Compiling (apcc) sign.c_pre.c.tb.c
INFO: [HLS 200-10] Running '/home/shikha/Vivado/Vitis_HLS/2022.2/bin/unwrapped/lnx64.o/apcc'
INFO: [HLS 200-10] For user 'shikha' on host 'shikha-HP-ProDesk-600-G6-Microtower-PC' (Linux_x86_64 version 5.15.0-25-generic) on Fri Mar 10 17:38:03 IST 2023
INFO: [HLS 200-10] On os Ubuntu 22.04 LTS
INFO: [HLS 200-10] In directory '/home/shikha/Final_Assignment/crypto_sign/solution2/sim/wrapc'
clang: warning: argument unused during compilation: '-fno-builtin-isinf'
clang: warning: argument unused during compilation: '-fno-builtin-isnan'
INFO: [APCC 202-3] Tmp directory is /tmp/apcc_db_shikha/730061678450083307953
INFO: [APCC 202-1] APCC is done.
INFO: [HLS 200-112] Total CPU user time: 1.47 seconds. Total CPU system time: 0.11 seconds. Total elapsed time: 1.59 seconds; peak allocated memory: 98.957 MB.
   Compiling (apcc) symmetric-aes.c_pre.c.tb.c
INFO: [HLS 200-10] Running '/home/shikha/Vivado/Vitis_HLS/2022.2/bin/unwrapped/lnx64.o/apcc'
INFO: [HLS 200-10] For user 'shikha' on host 'shikha-HP-ProDesk-600-G6-Microtower-PC' (Linux_x86_64 version 5.15.0-25-generic) on Fri Mar 10 17:38:05 IST 2023
INFO: [HLS 200-10] On os Ubuntu 22.04 LTS
INFO: [HLS 200-10] In directory '/home/shikha/Final_Assignment/crypto_sign/solution2/sim/wrapc'
clang: warning: argument unused during compilation: '-fno-builtin-isinf'
clang: warning: argument unused during compilation: '-fno-builtin-isnan'
INFO: [APCC 202-3] Tmp directory is /tmp/apcc_db_shikha/730641678450085840955
INFO: [APCC 202-1] APCC is done.
INFO: [HLS 200-112] Total CPU user time: 1.38 seconds. Total CPU system time: 0.07 seconds. Total elapsed time: 1.37 seconds; peak allocated memory: 98.957 MB.
   Compiling (apcc) symmetric-shake.c_pre.c.tb.c
INFO: [HLS 200-10] Running '/home/shikha/Vivado/Vitis_HLS/2022.2/bin/unwrapped/lnx64.o/apcc'
INFO: [HLS 200-10] For user 'shikha' on host 'shikha-HP-ProDesk-600-G6-Microtower-PC' (Linux_x86_64 version 5.15.0-25-generic) on Fri Mar 10 17:38:08 IST 2023
INFO: [HLS 200-10] On os Ubuntu 22.04 LTS
INFO: [HLS 200-10] In directory '/home/shikha/Final_Assignment/crypto_sign/solution2/sim/wrapc'
clang: warning: argument unused during compilation: '-fno-builtin-isinf'
clang: warning: argument unused during compilation: '-fno-builtin-isnan'
INFO: [APCC 202-3] Tmp directory is /tmp/apcc_db_shikha/731221678450088169353
INFO: [APCC 202-1] APCC is done.
INFO: [HLS 200-112] Total CPU user time: 1.4 seconds. Total CPU system time: 0.05 seconds. Total elapsed time: 1.37 seconds; peak allocated memory: 98.957 MB.
   Compiling apatb_pqcrystals_dilithium2_ref_ir.ll
   Generating cosim.tv.exe
INFO: [COSIM-302] Starting C TB testing ... 
INFO: [COSIM-333] Generating C post check test bench ...
INFO: [COSIM-12] Generating RTL test bench ...
INFO: [COSIM-1] *** C/RTL co-simulation file generation completed. ***
INFO: [COSIM-323] Starting verilog simulation. 
INFO: [COSIM-15] Starting XSIM ...
INFO: [COSIM-316] Starting C post checking ...
Vivado Simulator v2022.2
Copyright 1986-1999, 2001-2022 Xilinx, Inc. All Rights Reserved.
Running: /home/shikha/Vivado/Vivado/2022.2/bin/unwrapped/lnx64.o/xelab xil_defaultlib.apatb_pqcrystals_dilithium2_ref_top glbl -Oenable_linking_all_libraries -prj pqcrystals_dilithium2_ref.prj -L smartconnect_v1_0 -L axi_protocol_checker_v1_1_12 -L axi_protocol_checker_v1_1_13 -L axis_protocol_checker_v1_1_11 -L axis_protocol_checker_v1_1_12 -L xil_defaultlib -L unisims_ver -L xpm -L floating_point_v7_0_20 -L floating_point_v7_1_15 --lib ieee_proposed=./ieee_proposed -s pqcrystals_dilithium2_ref 
Multi-threading is on. Using 14 slave threads.
WARNING: [XSIM 43-3431] One or more environment variables have been detected which affect the operation of the C compiler. These are typically not set in standard installations and are not tested by Xilinx, however they may be appropriate for your system, so the flow will attempt to continue.  If errors occur, try running xelab with the "-mt off -v 1" switches to see more information from the C compiler. The following environment variables have been detected:
    LIBRARY_PATH
INFO: [VRFC 10-2263] Analyzing SystemVerilog file "/home/shikha/Final_Assignment/crypto_sign/solution2/sim/verilog/glbl.v" into library work
INFO: [VRFC 10-311] analyzing module glbl
INFO: [VRFC 10-2263] Analyzing SystemVerilog file "/home/shikha/Final_Assignment/crypto_sign/solution2/sim/verilog/pqcrystals_dilithium2_ref_pqcrystals_dilithium2_ref_signature_1_s1_vec_coeffs_RAM_AUTO_1R1W.v" into library xil_defaultlib
INFO: [VRFC 10-311] analyzing module pqcrystals_dilithium2_ref_pqcrystals_dilithium2_ref_signature_1_s1_vec_coeffs_RAM_AUTO_1R1W
INFO: [VRFC 10-2263] Analyzing SystemVerilog file "/home/shikha/Final_Assignment/crypto_sign/solution2/sim/verilog/pqcrystals_dilithium2_ref_keccak_absorb_Pipeline_VITIS_LOOP_400_2.v" into library xil_defaultlib
INFO: [VRFC 10-311] analyzing module pqcrystals_dilithium2_ref_keccak_absorb_Pipeline_VITIS_LOOP_400_2
INFO: [VRFC 10-2263] Analyzing SystemVerilog file "/home/shikha/Final_Assignment/crypto_sign/solution2/sim/verilog/AESL_automem_sk.v" into library xil_defaultlib
INFO: [VRFC 10-311] analyzing module AESL_automem_sk
INFO: [VRFC 10-2263] Analyzing SystemVerilog file "/home/shikha/Final_Assignment/crypto_sign/solution2/sim/verilog/pqcrystals_dilithium2_ref_pqcrystals_dilithium2_ref_signature_1_Pipeline_VITIS_LOOP_87_1.v" into library xil_defaultlib
INFO: [VRFC 10-311] analyzing module pqcrystals_dilithium2_ref_pqcrystals_dilithium2_ref_signature_1_Pipeline_VITIS_LOOP_87_1
INFO: [VRFC 10-2263] Analyzing SystemVerilog file "/home/shikha/Final_Assignment/crypto_sign/solution2/sim/verilog/pqcrystals_dilithium2_ref_pqcrystals_dilithium2_ref_signature_1_Pipeline_VITIS_LOOP_122_1.v" into library xil_defaultlib
INFO: [VRFC 10-311] analyzing module pqcrystals_dilithium2_ref_pqcrystals_dilithium2_ref_signature_1_Pipeline_VITIS_LOOP_122_1
INFO: [VRFC 10-2263] Analyzing SystemVerilog file "/home/shikha/Final_Assignment/crypto_sign/solution2/sim/verilog/pqcrystals_dilithium2_ref_pqcrystals_dilithium2_ref_polyveck_invntt_tomont_Pipeline_VITIS_LOOP_86_3.v" into library xil_defaultlib
INFO: [VRFC 10-311] analyzing module pqcrystals_dilithium2_ref_pqcrystals_dilithium2_ref_polyveck_invntt_tomont_Pipeline_VITIS_LOOP_86_3
INFO: [VRFC 10-2263] Analyzing SystemVerilog file "/home/shikha/Final_Assignment/crypto_sign/solution2/sim/verilog/pqcrystals_dilithium2_ref_pqcrystals_dilithium2_ref_signature_1_zetas_ROM_AUTO_1R.v" into library xil_defaultlib
INFO: [VRFC 10-311] analyzing module pqcrystals_dilithium2_ref_pqcrystals_dilithium2_ref_signature_1_zetas_ROM_AUTO_1R
INFO: [VRFC 10-2263] Analyzing SystemVerilog file "/home/shikha/Final_Assignment/crypto_sign/solution2/sim/verilog/pqcrystals_dilithium2_ref_keccak_absorb_Pipeline_VITIS_LOOP_409_4.v" into library xil_defaultlib
INFO: [VRFC 10-311] analyzing module pqcrystals_dilithium2_ref_keccak_absorb_Pipeline_VITIS_LOOP_409_4
INFO: [VRFC 10-2263] Analyzing SystemVerilog file "/home/shikha/Final_Assignment/crypto_sign/solution2/sim/verilog/pqcrystals_dilithium2_ref_pqcrystals_dilithium2_ref_signature_1_Pipeline_VITIS_LOOP_57_3.v" into library xil_defaultlib
INFO: [VRFC 10-311] analyzing module pqcrystals_dilithium2_ref_pqcrystals_dilithium2_ref_signature_1_Pipeline_VITIS_LOOP_57_3
INFO: [VRFC 10-2263] Analyzing SystemVerilog file "/home/shikha/Final_Assignment/crypto_sign/solution2/sim/verilog/pqcrystals_dilithium2_ref_pqcrystals_dilithium2_ref_poly_uniform_Pipeline_VITIS_LOOP_337_122.v" into library xil_defaultlib
INFO: [VRFC 10-311] analyzing module pqcrystals_dilithium2_ref_pqcrystals_dilithium2_ref_poly_uniform_Pipeline_VITIS_LOOP_337_122
INFO: [VRFC 10-2263] Analyzing SystemVerilog file "/home/shikha/Final_Assignment/crypto_sign/solution2/sim/verilog/pqcrystals_dilithium2_ref_keccak_absorb_1_Pipeline_VITIS_LOOP_425_7.v" into library xil_defaultlib
INFO: [VRFC 10-311] analyzing module pqcrystals_dilithium2_ref_keccak_absorb_1_Pipeline_VITIS_LOOP_425_7
INFO: [VRFC 10-2263] Analyzing SystemVerilog file "/home/shikha/Final_Assignment/crypto_sign/solution2/sim/verilog/AESL_automem_m.v" into library xil_defaultlib
INFO: [VRFC 10-311] analyzing module AESL_automem_m
INFO: [VRFC 10-2263] Analyzing SystemVerilog file "/home/shikha/Final_Assignment/crypto_sign/solution2/sim/verilog/pqcrystals_dilithium2_ref_pqcrystals_dilithium2_ref_pack_sig_1_Pipeline_VITIS_LOOP_172_3.v" into library xil_defaultlib
INFO: [VRFC 10-311] analyzing module pqcrystals_dilithium2_ref_pqcrystals_dilithium2_ref_pack_sig_1_Pipeline_VITIS_LOOP_172_3
INFO: [VRFC 10-2263] Analyzing SystemVerilog file "/home/shikha/Final_Assignment/crypto_sign/solution2/sim/verilog/pqcrystals_dilithium2_ref_mul_32s_32s_64_1_1.v" into library xil_defaultlib
INFO: [VRFC 10-311] analyzing module pqcrystals_dilithium2_ref_mul_32s_32s_64_1_1
INFO: [VRFC 10-2263] Analyzing SystemVerilog file "/home/shikha/Final_Assignment/crypto_sign/solution2/sim/verilog/pqcrystals_dilithium2_ref_pqcrystals_dilithium2_ref_poly_uniform_Pipeline_VITIS_LOOP_416_5.v" into library xil_defaultlib
INFO: [VRFC 10-311] analyzing module pqcrystals_dilithium2_ref_pqcrystals_dilithium2_ref_poly_uniform_Pipeline_VITIS_LOOP_416_5
INFO: [VRFC 10-2263] Analyzing SystemVerilog file "/home/shikha/Final_Assignment/crypto_sign/solution2/sim/verilog/pqcrystals_dilithium2_ref_pqcrystals_dilithium2_ref_signature_1_Pipeline_VITIS_LOOP_85_1_VITIS_LOOP_87_1.v" into library xil_defaultlib
INFO: [VRFC 10-311] analyzing module pqcrystals_dilithium2_ref_pqcrystals_dilithium2_ref_signature_1_Pipeline_VITIS_LOOP_85_1_VITIS_LOOP_87_1
INFO: [VRFC 10-2263] Analyzing SystemVerilog file "/home/shikha/Final_Assignment/crypto_sign/solution2/sim/verilog/pqcrystals_dilithium2_ref_pqcrystals_dilithium2_ref_signature_1_Pipeline_VITIS_LOOP_53_1_VITIS_LOOP_32_1.v" into library xil_defaultlib
INFO: [VRFC 10-311] analyzing module pqcrystals_dilithium2_ref_pqcrystals_dilithium2_ref_signature_1_Pipeline_VITIS_LOOP_53_1_VITIS_LOOP_32_1
INFO: [VRFC 10-2263] Analyzing SystemVerilog file "/home/shikha/Final_Assignment/crypto_sign/solution2/sim/verilog/pqcrystals_dilithium2_ref_pqcrystals_dilithium2_ref_poly_challenge_1_buf_RAM_AUTO_1R1W.v" into library xil_defaultlib
INFO: [VRFC 10-311] analyzing module pqcrystals_dilithium2_ref_pqcrystals_dilithium2_ref_poly_challenge_1_buf_RAM_AUTO_1R1W
INFO: [VRFC 10-2263] Analyzing SystemVerilog file "/home/shikha/Final_Assignment/crypto_sign/solution2/sim/verilog/pqcrystals_dilithium2_ref_pqcrystals_dilithium2_ref_poly_uniform_Pipeline_VITIS_LOOP_337_1.v" into library xil_defaultlib
INFO: [VRFC 10-311] analyzing module pqcrystals_dilithium2_ref_pqcrystals_dilithium2_ref_poly_uniform_Pipeline_VITIS_LOOP_337_1
INFO: [VRFC 10-2263] Analyzing SystemVerilog file "/home/shikha/Final_Assignment/crypto_sign/solution2/sim/verilog/pqcrystals_dilithium2_ref_mul_32s_23ns_55_1_1.v" into library xil_defaultlib
INFO: [VRFC 10-311] analyzing module pqcrystals_dilithium2_ref_mul_32s_23ns_55_1_1
INFO: [VRFC 10-2263] Analyzing SystemVerilog file "/home/shikha/Final_Assignment/crypto_sign/solution2/sim/verilog/pqcrystals_dilithium2_ref_pqcrystals_dilithium2_ref_poly_challenge_1_Pipeline_VITIS_LOOP_523_1.v" into library xil_defaultlib
INFO: [VRFC 10-311] analyzing module pqcrystals_dilithium2_ref_pqcrystals_dilithium2_ref_poly_challenge_1_Pipeline_VITIS_LOOP_523_1
INFO: [VRFC 10-2263] Analyzing SystemVerilog file "/home/shikha/Final_Assignment/crypto_sign/solution2/sim/verilog/pqcrystals_dilithium2_ref_pqcrystals_dilithium2_ref_signature_1_Pipeline_VITIS_LOOP_252_1_VITIS_LOOP_108_1.v" into library xil_defaultlib
INFO: [VRFC 10-311] analyzing module pqcrystals_dilithium2_ref_pqcrystals_dilithium2_ref_signature_1_Pipeline_VITIS_LOOP_252_1_VITIS_LOOP_108_1
INFO: [VRFC 10-2263] Analyzing SystemVerilog file "/home/shikha/Final_Assignment/crypto_sign/solution2/sim/verilog/pqcrystals_dilithium2_ref_pqcrystals_dilithium2_ref_poly_uniform_gamma1_Pipeline_VITIS_LOOP_416_5.v" into library xil_defaultlib
INFO: [VRFC 10-311] analyzing module pqcrystals_dilithium2_ref_pqcrystals_dilithium2_ref_poly_uniform_gamma1_Pipeline_VITIS_LOOP_416_5
INFO: [VRFC 10-2263] Analyzing SystemVerilog file "/home/shikha/Final_Assignment/crypto_sign/solution2/sim/verilog/pqcrystals_dilithium2_ref_pqcrystals_dilithium2_ref_signature_1_Pipeline_VITIS_LOOP_305_1_VITIS_LOOP_180_1_1.v" into library xil_defaultlib
INFO: [VRFC 10-311] analyzing module pqcrystals_dilithium2_ref_pqcrystals_dilithium2_ref_signature_1_Pipeline_VITIS_LOOP_305_1_VITIS_LOOP_180_1_1
INFO: [VRFC 10-2263] Analyzing SystemVerilog file "/home/shikha/Final_Assignment/crypto_sign/solution2/sim/verilog/pqcrystals_dilithium2_ref_pqcrystals_dilithium2_ref_pack_sig_1_Pipeline_VITIS_LOOP_176_4_VITIS_LOOP_177_5.v" into library xil_defaultlib
INFO: [VRFC 10-311] analyzing module pqcrystals_dilithium2_ref_pqcrystals_dilithium2_ref_pack_sig_1_Pipeline_VITIS_LOOP_176_4_VITIS_LOOP_177_5
INFO: [VRFC 10-2263] Analyzing SystemVerilog file "/home/shikha/Final_Assignment/crypto_sign/solution2/sim/verilog/pqcrystals_dilithium2_ref_pqcrystals_dilithium2_ref_poly_challenge_1_Pipeline_VITIS_LOOP_527_2.v" into library xil_defaultlib
INFO: [VRFC 10-311] analyzing module pqcrystals_dilithium2_ref_pqcrystals_dilithium2_ref_poly_challenge_1_Pipeline_VITIS_LOOP_527_2
INFO: [VRFC 10-2263] Analyzing SystemVerilog file "/home/shikha/Final_Assignment/crypto_sign/solution2/sim/verilog/pqcrystals_dilithium2_ref_pqcrystals_dilithium2_ref_signature_1.v" into library xil_defaultlib
INFO: [VRFC 10-311] analyzing module pqcrystals_dilithium2_ref_pqcrystals_dilithium2_ref_signature_1
INFO: [VRFC 10-2263] Analyzing SystemVerilog file "/home/shikha/Final_Assignment/crypto_sign/solution2/sim/verilog/pqcrystals_dilithium2_ref_pqcrystals_dilithium2_ref_signature_1_Pipeline_VITIS_LOOP_325_1_VITIS_LOOP_298_1_1_1.v" into library xil_defaultlib
INFO: [VRFC 10-311] analyzing module pqcrystals_dilithium2_ref_pqcrystals_dilithium2_ref_signature_1_Pipeline_VITIS_LOOP_325_1_VITIS_LOOP_298_1_1_1
INFO: [VRFC 10-2263] Analyzing SystemVerilog file "/home/shikha/Final_Assignment/crypto_sign/solution2/sim/verilog/pqcrystals_dilithium2_ref_mac_muladd_8s_19s_32s_32_4_1.v" into library xil_defaultlib
INFO: [VRFC 10-311] analyzing module pqcrystals_dilithium2_ref_mac_muladd_8s_19s_32s_32_4_1_DSP48_2
INFO: [VRFC 10-311] analyzing module pqcrystals_dilithium2_ref_mac_muladd_8s_19s_32s_32_4_1
INFO: [VRFC 10-2263] Analyzing SystemVerilog file "/home/shikha/Final_Assignment/crypto_sign/solution2/sim/verilog/pqcrystals_dilithium2_ref_pqcrystals_dilithium2_ref_signature_1_Pipeline_VITIS_LOOP_187_1_VITIS_LOOP_32_1.v" into library xil_defaultlib
INFO: [VRFC 10-311] analyzing module pqcrystals_dilithium2_ref_pqcrystals_dilithium2_ref_signature_1_Pipeline_VITIS_LOOP_187_1_VITIS_LOOP_32_1
INFO: [VRFC 10-2263] Analyzing SystemVerilog file "/home/shikha/Final_Assignment/crypto_sign/solution2/sim/verilog/pqcrystals_dilithium2_ref_pqcrystals_dilithium2_ref_poly_uniform.v" into library xil_defaultlib
INFO: [VRFC 10-311] analyzing module pqcrystals_dilithium2_ref_pqcrystals_dilithium2_ref_poly_uniform
INFO: [VRFC 10-2263] Analyzing SystemVerilog file "/home/shikha/Final_Assignment/crypto_sign/solution2/sim/verilog/pqcrystals_dilithium2_ref_pqcrystals_dilithium2_ref_signature_1_Pipeline_VITIS_LOOP_362_114.v" into library xil_defaultlib
INFO: [VRFC 10-311] analyzing module pqcrystals_dilithium2_ref_pqcrystals_dilithium2_ref_signature_1_Pipeline_VITIS_LOOP_362_114
INFO: [VRFC 10-2263] Analyzing SystemVerilog file "/home/shikha/Final_Assignment/crypto_sign/solution2/sim/verilog/pqcrystals_dilithium2_ref_pqcrystals_dilithium2_ref_polyt0_unpack_1.v" into library xil_defaultlib
INFO: [VRFC 10-311] analyzing module pqcrystals_dilithium2_ref_pqcrystals_dilithium2_ref_polyt0_unpack_1
INFO: [VRFC 10-2263] Analyzing SystemVerilog file "/home/shikha/Final_Assignment/crypto_sign/solution2/sim/verilog/pqcrystals_dilithium2_ref_pqcrystals_dilithium2_ref_pack_sig_1.v" into library xil_defaultlib
INFO: [VRFC 10-311] analyzing module pqcrystals_dilithium2_ref_pqcrystals_dilithium2_ref_pack_sig_1
INFO: [VRFC 10-2263] Analyzing SystemVerilog file "/home/shikha/Final_Assignment/crypto_sign/solution2/sim/verilog/pqcrystals_dilithium2_ref_pqcrystals_dilithium2_ref_poly_uniform_state_s_RAM_AUTO_1R1W.v" into library xil_defaultlib
INFO: [VRFC 10-311] analyzing module pqcrystals_dilithium2_ref_pqcrystals_dilithium2_ref_poly_uniform_state_s_RAM_AUTO_1R1W
INFO: [VRFC 10-2263] Analyzing SystemVerilog file "/home/shikha/Final_Assignment/crypto_sign/solution2/sim/verilog/pqcrystals_dilithium2_ref_pqcrystals_dilithium2_ref_signature_1_Pipeline_VITIS_LOOP_114_1_VITIS_LOOP_180_1.v" into library xil_defaultlib
INFO: [VRFC 10-311] analyzing module pqcrystals_dilithium2_ref_pqcrystals_dilithium2_ref_signature_1_Pipeline_VITIS_LOOP_114_1_VITIS_LOOP_180_1
INFO: [VRFC 10-2263] Analyzing SystemVerilog file "/home/shikha/Final_Assignment/crypto_sign/solution2/sim/verilog/pqcrystals_dilithium2_ref_keccak_squeeze_1.v" into library xil_defaultlib
INFO: [VRFC 10-311] analyzing module pqcrystals_dilithium2_ref_keccak_squeeze_1
INFO: [VRFC 10-2263] Analyzing SystemVerilog file "/home/shikha/Final_Assignment/crypto_sign/solution2/sim/verilog/pqcrystals_dilithium2_ref_keccak_absorb_1.v" into library xil_defaultlib
INFO: [VRFC 10-311] analyzing module pqcrystals_dilithium2_ref_keccak_absorb_1
INFO: [VRFC 10-2263] Analyzing SystemVerilog file "/home/shikha/Final_Assignment/crypto_sign/solution2/sim/verilog/pqcrystals_dilithium2_ref_pqcrystals_dilithium2_ref_poly_challenge_1.v" into library xil_defaultlib
INFO: [VRFC 10-311] analyzing module pqcrystals_dilithium2_ref_pqcrystals_dilithium2_ref_poly_challenge_1
INFO: [VRFC 10-2263] Analyzing SystemVerilog file "/home/shikha/Final_Assignment/crypto_sign/solution2/sim/verilog/pqcrystals_dilithium2_ref_mul_32s_23s_54_1_1.v" into library xil_defaultlib
INFO: [VRFC 10-311] analyzing module pqcrystals_dilithium2_ref_mul_32s_23s_54_1_1
INFO: [VRFC 10-2263] Analyzing SystemVerilog file "/home/shikha/Final_Assignment/crypto_sign/solution2/sim/verilog/pqcrystals_dilithium2_ref_pqcrystals_dilithium2_ref_signature_1_Pipeline_VITIS_LOOP_540_5.v" into library xil_defaultlib
INFO: [VRFC 10-311] analyzing module pqcrystals_dilithium2_ref_pqcrystals_dilithium2_ref_signature_1_Pipeline_VITIS_LOOP_540_5
INFO: [VRFC 10-2263] Analyzing SystemVerilog file "/home/shikha/Final_Assignment/crypto_sign/solution2/sim/verilog/pqcrystals_dilithium2_ref_pqcrystals_dilithium2_ref_poly_uniform_Pipeline_VITIS_LOOP_379_2.v" into library xil_defaultlib
INFO: [VRFC 10-311] analyzing module pqcrystals_dilithium2_ref_pqcrystals_dilithium2_ref_poly_uniform_Pipeline_VITIS_LOOP_379_2
INFO: [VRFC 10-2263] Analyzing SystemVerilog file "/home/shikha/Final_Assignment/crypto_sign/solution2/sim/verilog/pqcrystals_dilithium2_ref_keccak_absorb_1_Pipeline_VITIS_LOOP_30_124.v" into library xil_defaultlib
INFO: [VRFC 10-311] analyzing module pqcrystals_dilithium2_ref_keccak_absorb_1_Pipeline_VITIS_LOOP_30_124
INFO: [VRFC 10-2263] Analyzing SystemVerilog file "/home/shikha/Final_Assignment/crypto_sign/solution2/sim/verilog/pqcrystals_dilithium2_ref_keccak_absorb_Pipeline_VITIS_LOOP_30_1.v" into library xil_defaultlib
INFO: [VRFC 10-311] analyzing module pqcrystals_dilithium2_ref_keccak_absorb_Pipeline_VITIS_LOOP_30_1
INFO: [VRFC 10-2263] Analyzing SystemVerilog file "/home/shikha/Final_Assignment/crypto_sign/solution2/sim/verilog/pqcrystals_dilithium2_ref_pqcrystals_dilithium2_ref_polyveck_invntt_tomont_Pipeline_VITIS_LOOP_95_4.v" into library xil_defaultlib
INFO: [VRFC 10-311] analyzing module pqcrystals_dilithium2_ref_pqcrystals_dilithium2_ref_polyveck_invntt_tomont_Pipeline_VITIS_LOOP_95_4
INFO: [VRFC 10-2263] Analyzing SystemVerilog file "/home/shikha/Final_Assignment/crypto_sign/solution2/sim/verilog/pqcrystals_dilithium2_ref_pqcrystals_dilithium2_ref_signature_1_Pipeline_VITIS_LOOP_95_4.v" into library xil_defaultlib
INFO: [VRFC 10-311] analyzing module pqcrystals_dilithium2_ref_pqcrystals_dilithium2_ref_signature_1_Pipeline_VITIS_LOOP_95_4
INFO: [VRFC 10-2263] Analyzing SystemVerilog file "/home/shikha/Final_Assignment/crypto_sign/solution2/sim/verilog/pqcrystals_dilithium2_ref_pqcrystals_dilithium2_ref_poly_uniform_buf_RAM_AUTO_1R1W.v" into library xil_defaultlib
INFO: [VRFC 10-311] analyzing module pqcrystals_dilithium2_ref_pqcrystals_dilithium2_ref_poly_uniform_buf_RAM_AUTO_1R1W
INFO: [VRFC 10-2263] Analyzing SystemVerilog file "/home/shikha/Final_Assignment/crypto_sign/solution2/sim/verilog/pqcrystals_dilithium2_ref_pqcrystals_dilithium2_ref_signature_1_Pipeline_VITIS_LOOP_142_6.v" into library xil_defaultlib
INFO: [VRFC 10-311] analyzing module pqcrystals_dilithium2_ref_pqcrystals_dilithium2_ref_signature_1_Pipeline_VITIS_LOOP_142_6
INFO: [VRFC 10-2263] Analyzing SystemVerilog file "/home/shikha/Final_Assignment/crypto_sign/solution2/sim/verilog/pqcrystals_dilithium2_ref_pqcrystals_dilithium2_ref_poly_challenge_1_Pipeline_VITIS_LOOP_476_2.v" into library xil_defaultlib
INFO: [VRFC 10-311] analyzing module pqcrystals_dilithium2_ref_pqcrystals_dilithium2_ref_poly_challenge_1_Pipeline_VITIS_LOOP_476_2
INFO: [VRFC 10-2263] Analyzing SystemVerilog file "/home/shikha/Final_Assignment/crypto_sign/solution2/sim/verilog/pqcrystals_dilithium2_ref.autotb.v" into library xil_defaultlib
INFO: [VRFC 10-311] analyzing module apatb_pqcrystals_dilithium2_ref_top
INFO: [VRFC 10-2263] Analyzing SystemVerilog file "/home/shikha/Final_Assignment/crypto_sign/solution2/sim/verilog/pqcrystals_dilithium2_ref_pqcrystals_dilithium2_ref_poly_uniform_Pipeline_VITIS_LOOP_476_2.v" into library xil_defaultlib
INFO: [VRFC 10-311] analyzing module pqcrystals_dilithium2_ref_pqcrystals_dilithium2_ref_poly_uniform_Pipeline_VITIS_LOOP_476_2
INFO: [VRFC 10-2263] Analyzing SystemVerilog file "/home/shikha/Final_Assignment/crypto_sign/solution2/sim/verilog/pqcrystals_dilithium2_ref_keccak_absorb_Pipeline_VITIS_LOOP_30_125.v" into library xil_defaultlib
INFO: [VRFC 10-311] analyzing module pqcrystals_dilithium2_ref_keccak_absorb_Pipeline_VITIS_LOOP_30_125
INFO: [VRFC 10-2263] Analyzing SystemVerilog file "/home/shikha/Final_Assignment/crypto_sign/solution2/sim/verilog/pqcrystals_dilithium2_ref_pqcrystals_dilithium2_ref_signature_1_Pipeline_VITIS_LOOP_202_1_VITIS_LOOP_50_1.v" into library xil_defaultlib
INFO: [VRFC 10-311] analyzing module pqcrystals_dilithium2_ref_pqcrystals_dilithium2_ref_signature_1_Pipeline_VITIS_LOOP_202_1_VITIS_LOOP_50_1
INFO: [VRFC 10-2263] Analyzing SystemVerilog file "/home/shikha/Final_Assignment/crypto_sign/solution2/sim/verilog/pqcrystals_dilithium2_ref_KeccakF1600_StatePermute_KeccakF_RoundConstants_ROM_AUTO_1R.v" into library xil_defaultlib
INFO: [VRFC 10-311] analyzing module pqcrystals_dilithium2_ref_KeccakF1600_StatePermute_KeccakF_RoundConstants_ROM_AUTO_1R
INFO: [VRFC 10-2263] Analyzing SystemVerilog file "/home/shikha/Final_Assignment/crypto_sign/solution2/sim/verilog/pqcrystals_dilithium2_ref_pqcrystals_dilithium2_ref_signature_1_seedbuf_RAM_AUTO_1R1W.v" into library xil_defaultlib
INFO: [VRFC 10-311] analyzing module pqcrystals_dilithium2_ref_pqcrystals_dilithium2_ref_signature_1_seedbuf_RAM_AUTO_1R1W
INFO: [VRFC 10-2263] Analyzing SystemVerilog file "/home/shikha/Final_Assignment/crypto_sign/solution2/sim/verilog/pqcrystals_dilithium2_ref_pqcrystals_dilithium2_ref_signature_1_Pipeline_VITIS_LOOP_392_1_VITIS_LOOP_248_1.v" into library xil_defaultlib
INFO: [VRFC 10-311] analyzing module pqcrystals_dilithium2_ref_pqcrystals_dilithium2_ref_signature_1_Pipeline_VITIS_LOOP_392_1_VITIS_LOOP_248_1
INFO: [VRFC 10-2263] Analyzing SystemVerilog file "/home/shikha/Final_Assignment/crypto_sign/solution2/sim/verilog/pqcrystals_dilithium2_ref_keccak_absorb_1_Pipeline_VITIS_LOOP_30_1.v" into library xil_defaultlib
INFO: [VRFC 10-311] analyzing module pqcrystals_dilithium2_ref_keccak_absorb_1_Pipeline_VITIS_LOOP_30_1
INFO: [VRFC 10-2263] Analyzing SystemVerilog file "/home/shikha/Final_Assignment/crypto_sign/solution2/sim/verilog/pqcrystals_dilithium2_ref_pqcrystals_dilithium2_ref_poly_challenge_1_Pipeline_VITIS_LOOP_476_223.v" into library xil_defaultlib
INFO: [VRFC 10-311] analyzing module pqcrystals_dilithium2_ref_pqcrystals_dilithium2_ref_poly_challenge_1_Pipeline_VITIS_LOOP_476_223
INFO: [VRFC 10-2263] Analyzing SystemVerilog file "/home/shikha/Final_Assignment/crypto_sign/solution2/sim/verilog/pqcrystals_dilithium2_ref_KeccakF1600_StatePermute_1.v" into library xil_defaultlib
INFO: [VRFC 10-311] analyzing module pqcrystals_dilithium2_ref_KeccakF1600_StatePermute_1
INFO: [VRFC 10-2263] Analyzing SystemVerilog file "/home/shikha/Final_Assignment/crypto_sign/solution2/sim/verilog/pqcrystals_dilithium2_ref_pqcrystals_dilithium2_ref_signature_1_Pipeline_VITIS_LOOP_187_1_VITIS_LOOP_32_11_1.v" into library xil_defaultlib
INFO: [VRFC 10-311] analyzing module pqcrystals_dilithium2_ref_pqcrystals_dilithium2_ref_signature_1_Pipeline_VITIS_LOOP_187_1_VITIS_LOOP_32_11_1
INFO: [VRFC 10-2263] Analyzing SystemVerilog file "/home/shikha/Final_Assignment/crypto_sign/solution2/sim/verilog/pqcrystals_dilithium2_ref_mul_32s_17ns_49_1_1.v" into library xil_defaultlib
INFO: [VRFC 10-311] analyzing module pqcrystals_dilithium2_ref_mul_32s_17ns_49_1_1
INFO: [VRFC 10-2263] Analyzing SystemVerilog file "/home/shikha/Final_Assignment/crypto_sign/solution2/sim/verilog/pqcrystals_dilithium2_ref_keccak_absorb_Pipeline_VITIS_LOOP_416_5.v" into library xil_defaultlib
INFO: [VRFC 10-311] analyzing module pqcrystals_dilithium2_ref_keccak_absorb_Pipeline_VITIS_LOOP_416_5
INFO: [VRFC 10-2263] Analyzing SystemVerilog file "/home/shikha/Final_Assignment/crypto_sign/solution2/sim/verilog/pqcrystals_dilithium2_ref_mul_32s_27ns_32_1_1.v" into library xil_defaultlib
INFO: [VRFC 10-311] analyzing module pqcrystals_dilithium2_ref_mul_32s_27ns_32_1_1
INFO: [VRFC 10-2263] Analyzing SystemVerilog file "/home/shikha/Final_Assignment/crypto_sign/solution2/sim/verilog/pqcrystals_dilithium2_ref_keccak_absorb_1_Pipeline_VITIS_LOOP_416_5.v" into library xil_defaultlib
INFO: [VRFC 10-311] analyzing module pqcrystals_dilithium2_ref_keccak_absorb_1_Pipeline_VITIS_LOOP_416_5
INFO: [VRFC 10-2263] Analyzing SystemVerilog file "/home/shikha/Final_Assignment/crypto_sign/solution2/sim/verilog/pqcrystals_dilithium2_ref_flow_control_loop_pipe_sequential_init.v" into library xil_defaultlib
INFO: [VRFC 10-311] analyzing module pqcrystals_dilithium2_ref_flow_control_loop_pipe_sequential_init
INFO: [VRFC 10-2263] Analyzing SystemVerilog file "/home/shikha/Final_Assignment/crypto_sign/solution2/sim/verilog/pqcrystals_dilithium2_ref_keccak_absorb_1_t_RAM_AUTO_1R1W.v" into library xil_defaultlib
INFO: [VRFC 10-311] analyzing module pqcrystals_dilithium2_ref_keccak_absorb_1_t_RAM_AUTO_1R1W
INFO: [VRFC 10-2263] Analyzing SystemVerilog file "/home/shikha/Final_Assignment/crypto_sign/solution2/sim/verilog/pqcrystals_dilithium2_ref_mac_muladd_9s_24s_32ns_32_4_1.v" into library xil_defaultlib
INFO: [VRFC 10-311] analyzing module pqcrystals_dilithium2_ref_mac_muladd_9s_24s_32ns_32_4_1_DSP48_0
INFO: [VRFC 10-311] analyzing module pqcrystals_dilithium2_ref_mac_muladd_9s_24s_32ns_32_4_1
INFO: [VRFC 10-2263] Analyzing SystemVerilog file "/home/shikha/Final_Assignment/crypto_sign/solution2/sim/verilog/pqcrystals_dilithium2_ref_pqcrystals_dilithium2_ref_signature_1_Pipeline_VITIS_LOOP_234_1_VITIS_LOOP_87_1.v" into library xil_defaultlib
INFO: [VRFC 10-311] analyzing module pqcrystals_dilithium2_ref_pqcrystals_dilithium2_ref_signature_1_Pipeline_VITIS_LOOP_234_1_VITIS_LOOP_87_1
INFO: [VRFC 10-2263] Analyzing SystemVerilog file "/home/shikha/Final_Assignment/crypto_sign/solution2/sim/verilog/pqcrystals_dilithium2_ref_keccak_absorb_1_Pipeline_VITIS_LOOP_423_6.v" into library xil_defaultlib
INFO: [VRFC 10-311] analyzing module pqcrystals_dilithium2_ref_keccak_absorb_1_Pipeline_VITIS_LOOP_423_6
INFO: [VRFC 10-2263] Analyzing SystemVerilog file "/home/shikha/Final_Assignment/crypto_sign/solution2/sim/verilog/pqcrystals_dilithium2_ref_pqcrystals_dilithium2_ref_signature_1_Pipeline_VITIS_LOOP_325_1_VITIS_LOOP_298_1_1.v" into library xil_defaultlib
INFO: [VRFC 10-311] analyzing module pqcrystals_dilithium2_ref_pqcrystals_dilithium2_ref_signature_1_Pipeline_VITIS_LOOP_325_1_VITIS_LOOP_298_1_1
INFO: [VRFC 10-2263] Analyzing SystemVerilog file "/home/shikha/Final_Assignment/crypto_sign/solution2/sim/verilog/pqcrystals_dilithium2_ref_keccak_absorb_1_Pipeline_VITIS_LOOP_391_1.v" into library xil_defaultlib
INFO: [VRFC 10-311] analyzing module pqcrystals_dilithium2_ref_keccak_absorb_1_Pipeline_VITIS_LOOP_391_1
INFO: [VRFC 10-2263] Analyzing SystemVerilog file "/home/shikha/Final_Assignment/crypto_sign/solution2/sim/verilog/pqcrystals_dilithium2_ref_pqcrystals_dilithium2_ref_signature_1_Pipeline_VITIS_LOOP_362_1.v" into library xil_defaultlib
INFO: [VRFC 10-311] analyzing module pqcrystals_dilithium2_ref_pqcrystals_dilithium2_ref_signature_1_Pipeline_VITIS_LOOP_362_1
INFO: [VRFC 10-2263] Analyzing SystemVerilog file "/home/shikha/Final_Assignment/crypto_sign/solution2/sim/verilog/pqcrystals_dilithium2_ref_pqcrystals_dilithium2_ref_signature_1_Pipeline_VITIS_LOOP_416_5.v" into library xil_defaultlib
INFO: [VRFC 10-311] analyzing module pqcrystals_dilithium2_ref_pqcrystals_dilithium2_ref_signature_1_Pipeline_VITIS_LOOP_416_5
INFO: [VRFC 10-2263] Analyzing SystemVerilog file "/home/shikha/Final_Assignment/crypto_sign/solution2/sim/verilog/pqcrystals_dilithium2_ref_pqcrystals_dilithium2_ref_signature_1_Pipeline_VITIS_LOOP_57_315.v" into library xil_defaultlib
INFO: [VRFC 10-311] analyzing module pqcrystals_dilithium2_ref_pqcrystals_dilithium2_ref_signature_1_Pipeline_VITIS_LOOP_57_315
INFO: [VRFC 10-2263] Analyzing SystemVerilog file "/home/shikha/Final_Assignment/crypto_sign/solution2/sim/verilog/pqcrystals_dilithium2_ref_pqcrystals_dilithium2_ref_signature_1_Pipeline_VITIS_LOOP_305_1_VITIS_LOOP_180_1_1_1.v" into library xil_defaultlib
INFO: [VRFC 10-311] analyzing module pqcrystals_dilithium2_ref_pqcrystals_dilithium2_ref_signature_1_Pipeline_VITIS_LOOP_305_1_VITIS_LOOP_180_1_1_1
INFO: [VRFC 10-2263] Analyzing SystemVerilog file "/home/shikha/Final_Assignment/crypto_sign/solution2/sim/verilog/pqcrystals_dilithium2_ref_pqcrystals_dilithium2_ref_pack_sig_1_Pipeline_VITIS_LOOP_167_2_VITIS_LOOP_804_1.v" into library xil_defaultlib
INFO: [VRFC 10-311] analyzing module pqcrystals_dilithium2_ref_pqcrystals_dilithium2_ref_pack_sig_1_Pipeline_VITIS_LOOP_167_2_VITIS_LOOP_804_1
INFO: [VRFC 10-2263] Analyzing SystemVerilog file "/home/shikha/Final_Assignment/crypto_sign/solution2/sim/verilog/pqcrystals_dilithium2_ref_pqcrystals_dilithium2_ref_signature_1_Pipeline_VITIS_LOOP_202_1_VITIS_LOOP_50_12.v" into library xil_defaultlib
INFO: [VRFC 10-311] analyzing module pqcrystals_dilithium2_ref_pqcrystals_dilithium2_ref_signature_1_Pipeline_VITIS_LOOP_202_1_VITIS_LOOP_50_12
INFO: [VRFC 10-2263] Analyzing SystemVerilog file "/home/shikha/Final_Assignment/crypto_sign/solution2/sim/verilog/pqcrystals_dilithium2_ref_keccak_absorb_Pipeline_VITIS_LOOP_425_7.v" into library xil_defaultlib
INFO: [VRFC 10-311] analyzing module pqcrystals_dilithium2_ref_keccak_absorb_Pipeline_VITIS_LOOP_425_7
INFO: [VRFC 10-2263] Analyzing SystemVerilog file "/home/shikha/Final_Assignment/crypto_sign/solution2/sim/verilog/pqcrystals_dilithium2_ref_pqcrystals_dilithium2_ref_signature_1_Pipeline_VITIS_LOOP_158_1_VITIS_LOOP_298_1.v" into library xil_defaultlib
INFO: [VRFC 10-311] analyzing module pqcrystals_dilithium2_ref_pqcrystals_dilithium2_ref_signature_1_Pipeline_VITIS_LOOP_158_1_VITIS_LOOP_298_1
INFO: [VRFC 10-2263] Analyzing SystemVerilog file "/home/shikha/Final_Assignment/crypto_sign/solution2/sim/verilog/pqcrystals_dilithium2_ref_keccak_absorb_1_Pipeline_VITIS_LOOP_409_4.v" into library xil_defaultlib
INFO: [VRFC 10-311] analyzing module pqcrystals_dilithium2_ref_keccak_absorb_1_Pipeline_VITIS_LOOP_409_4
INFO: [VRFC 10-2263] Analyzing SystemVerilog file "/home/shikha/Final_Assignment/crypto_sign/solution2/sim/verilog/pqcrystals_dilithium2_ref_keccak_absorb_19.v" into library xil_defaultlib
INFO: [VRFC 10-311] analyzing module pqcrystals_dilithium2_ref_keccak_absorb_19
INFO: [VRFC 10-2263] Analyzing SystemVerilog file "/home/shikha/Final_Assignment/crypto_sign/solution2/sim/verilog/pqcrystals_dilithium2_ref_pqcrystals_dilithium2_ref_signature_1_Pipeline_VITIS_LOOP_57_311.v" into library xil_defaultlib
INFO: [VRFC 10-311] analyzing module pqcrystals_dilithium2_ref_pqcrystals_dilithium2_ref_signature_1_Pipeline_VITIS_LOOP_57_311
INFO: [VRFC 10-2263] Analyzing SystemVerilog file "/home/shikha/Final_Assignment/crypto_sign/solution2/sim/verilog/pqcrystals_dilithium2_ref_pqcrystals_dilithium2_ref_signature_1_Pipeline_VITIS_LOOP_134_4.v" into library xil_defaultlib
INFO: [VRFC 10-311] analyzing module pqcrystals_dilithium2_ref_pqcrystals_dilithium2_ref_signature_1_Pipeline_VITIS_LOOP_134_4
INFO: [VRFC 10-2263] Analyzing SystemVerilog file "/home/shikha/Final_Assignment/crypto_sign/solution2/sim/verilog/pqcrystals_dilithium2_ref_pqcrystals_dilithium2_ref_signature_1_Pipeline_VITIS_LOOP_138_5.v" into library xil_defaultlib
INFO: [VRFC 10-311] analyzing module pqcrystals_dilithium2_ref_pqcrystals_dilithium2_ref_signature_1_Pipeline_VITIS_LOOP_138_5
INFO: [VRFC 10-2263] Analyzing SystemVerilog file "/home/shikha/Final_Assignment/crypto_sign/solution2/sim/verilog/pqcrystals_dilithium2_ref_urem_10s_3ns_9_14_seq_1.v" into library xil_defaultlib
INFO: [VRFC 10-311] analyzing module pqcrystals_dilithium2_ref_urem_10s_3ns_9_14_seq_1_divseq
INFO: [VRFC 10-311] analyzing module pqcrystals_dilithium2_ref_urem_10s_3ns_9_14_seq_1
INFO: [VRFC 10-2263] Analyzing SystemVerilog file "/home/shikha/Final_Assignment/crypto_sign/solution2/sim/verilog/pqcrystals_dilithium2_ref_pqcrystals_dilithium2_ref_poly_uniform_gamma1_Pipeline_VITIS_LOOP_854_1.v" into library xil_defaultlib
INFO: [VRFC 10-311] analyzing module pqcrystals_dilithium2_ref_pqcrystals_dilithium2_ref_poly_uniform_gamma1_Pipeline_VITIS_LOOP_854_1
INFO: [VRFC 10-2263] Analyzing SystemVerilog file "/home/shikha/Final_Assignment/crypto_sign/solution2/sim/verilog/pqcrystals_dilithium2_ref_pqcrystals_dilithium2_ref_poly_uniform_gamma1_Pipeline_VITIS_LOOP_476_2.v" into library xil_defaultlib
INFO: [VRFC 10-311] analyzing module pqcrystals_dilithium2_ref_pqcrystals_dilithium2_ref_poly_uniform_gamma1_Pipeline_VITIS_LOOP_476_2
INFO: [VRFC 10-2263] Analyzing SystemVerilog file "/home/shikha/Final_Assignment/crypto_sign/solution2/sim/verilog/pqcrystals_dilithium2_ref_pqcrystals_dilithium2_ref_poly_uniform_Pipeline_VITIS_LOOP_476_221.v" into library xil_defaultlib
INFO: [VRFC 10-311] analyzing module pqcrystals_dilithium2_ref_pqcrystals_dilithium2_ref_poly_uniform_Pipeline_VITIS_LOOP_476_221
INFO: [VRFC 10-2263] Analyzing SystemVerilog file "/home/shikha/Final_Assignment/crypto_sign/solution2/sim/verilog/pqcrystals_dilithium2_ref_mul_32s_24s_55_1_1.v" into library xil_defaultlib
INFO: [VRFC 10-311] analyzing module pqcrystals_dilithium2_ref_mul_32s_24s_55_1_1
INFO: [VRFC 10-2263] Analyzing SystemVerilog file "/home/shikha/Final_Assignment/crypto_sign/solution2/sim/verilog/pqcrystals_dilithium2_ref_pqcrystals_dilithium2_ref_signature_1_Pipeline_VITIS_LOOP_57_310.v" into library xil_defaultlib
INFO: [VRFC 10-311] analyzing module pqcrystals_dilithium2_ref_pqcrystals_dilithium2_ref_signature_1_Pipeline_VITIS_LOOP_57_310
INFO: [VRFC 10-2263] Analyzing SystemVerilog file "/home/shikha/Final_Assignment/crypto_sign/solution2/sim/verilog/pqcrystals_dilithium2_ref_pqcrystals_dilithium2_ref_signature_1_Pipeline_VITIS_LOOP_418_1_VITIS_LOOP_915_1.v" into library xil_defaultlib
INFO: [VRFC 10-311] analyzing module pqcrystals_dilithium2_ref_pqcrystals_dilithium2_ref_signature_1_Pipeline_VITIS_LOOP_418_1_VITIS_LOOP_915_1
INFO: [VRFC 10-2263] Analyzing SystemVerilog file "/home/shikha/Final_Assignment/crypto_sign/solution2/sim/verilog/pqcrystals_dilithium2_ref_pqcrystals_dilithium2_ref_signature_1_Pipeline_VITIS_LOOP_130_3.v" into library xil_defaultlib
INFO: [VRFC 10-311] analyzing module pqcrystals_dilithium2_ref_pqcrystals_dilithium2_ref_signature_1_Pipeline_VITIS_LOOP_130_3
INFO: [VRFC 10-2263] Analyzing SystemVerilog file "/home/shikha/Final_Assignment/crypto_sign/solution2/sim/verilog/pqcrystals_dilithium2_ref_keccak_absorb.v" into library xil_defaultlib
INFO: [VRFC 10-311] analyzing module pqcrystals_dilithium2_ref_keccak_absorb
INFO: [VRFC 10-2263] Analyzing SystemVerilog file "/home/shikha/Final_Assignment/crypto_sign/solution2/sim/verilog/pqcrystals_dilithium2_ref_keccak_absorb_1_Pipeline_VITIS_LOOP_400_2.v" into library xil_defaultlib
INFO: [VRFC 10-311] analyzing module pqcrystals_dilithium2_ref_keccak_absorb_1_Pipeline_VITIS_LOOP_400_2
INFO: [VRFC 10-2263] Analyzing SystemVerilog file "/home/shikha/Final_Assignment/crypto_sign/solution2/sim/verilog/pqcrystals_dilithium2_ref_pqcrystals_dilithium2_ref_signature_1_Pipeline_VITIS_LOOP_180_113.v" into library xil_defaultlib
INFO: [VRFC 10-311] analyzing module pqcrystals_dilithium2_ref_pqcrystals_dilithium2_ref_signature_1_Pipeline_VITIS_LOOP_180_113
INFO: [VRFC 10-2263] Analyzing SystemVerilog file "/home/shikha/Final_Assignment/crypto_sign/solution2/sim/verilog/pqcrystals_dilithium2_ref_pqcrystals_dilithium2_ref_poly_uniform_gamma1.v" into library xil_defaultlib
INFO: [VRFC 10-311] analyzing module pqcrystals_dilithium2_ref_pqcrystals_dilithium2_ref_poly_uniform_gamma1
INFO: [VRFC 10-2263] Analyzing SystemVerilog file "/home/shikha/Final_Assignment/crypto_sign/solution2/sim/verilog/pqcrystals_dilithium2_ref_keccak_absorb_Pipeline_VITIS_LOOP_391_1.v" into library xil_defaultlib
INFO: [VRFC 10-311] analyzing module pqcrystals_dilithium2_ref_keccak_absorb_Pipeline_VITIS_LOOP_391_1
INFO: [VRFC 10-2263] Analyzing SystemVerilog file "/home/shikha/Final_Assignment/crypto_sign/solution2/sim/verilog/pqcrystals_dilithium2_ref_pqcrystals_dilithium2_ref_signature_1_Pipeline_VITIS_LOOP_362_18.v" into library xil_defaultlib
INFO: [VRFC 10-311] analyzing module pqcrystals_dilithium2_ref_pqcrystals_dilithium2_ref_signature_1_Pipeline_VITIS_LOOP_362_18
INFO: [VRFC 10-2263] Analyzing SystemVerilog file "/home/shikha/Final_Assignment/crypto_sign/solution2/sim/verilog/pqcrystals_dilithium2_ref_pqcrystals_dilithium2_ref_signature_1_Pipeline_VITIS_LOOP_180_1.v" into library xil_defaultlib
INFO: [VRFC 10-311] analyzing module pqcrystals_dilithium2_ref_pqcrystals_dilithium2_ref_signature_1_Pipeline_VITIS_LOOP_180_1
INFO: [VRFC 10-2263] Analyzing SystemVerilog file "/home/shikha/Final_Assignment/crypto_sign/solution2/sim/verilog/AESL_automem_sm.v" into library xil_defaultlib
INFO: [VRFC 10-311] analyzing module AESL_automem_sm
INFO: [VRFC 10-2263] Analyzing SystemVerilog file "/home/shikha/Final_Assignment/crypto_sign/solution2/sim/verilog/pqcrystals_dilithium2_ref_pqcrystals_dilithium2_ref_signature_1_Pipeline_VITIS_LOOP_86_3.v" into library xil_defaultlib
INFO: [VRFC 10-311] analyzing module pqcrystals_dilithium2_ref_pqcrystals_dilithium2_ref_signature_1_Pipeline_VITIS_LOOP_86_3
INFO: [VRFC 10-2263] Analyzing SystemVerilog file "/home/shikha/Final_Assignment/crypto_sign/solution2/sim/verilog/pqcrystals_dilithium2_ref_pqcrystals_dilithium2_ref_polyeta_unpack_1.v" into library xil_defaultlib
INFO: [VRFC 10-311] analyzing module pqcrystals_dilithium2_ref_pqcrystals_dilithium2_ref_polyeta_unpack_1
INFO: [VRFC 10-2263] Analyzing SystemVerilog file "/home/shikha/Final_Assignment/crypto_sign/solution2/sim/verilog/pqcrystals_dilithium2_ref_pqcrystals_dilithium2_ref_poly_uniform_gamma1_buf_RAM_AUTO_1R1W.v" into library xil_defaultlib
INFO: [VRFC 10-311] analyzing module pqcrystals_dilithium2_ref_pqcrystals_dilithium2_ref_poly_uniform_gamma1_buf_RAM_AUTO_1R1W
INFO: [VRFC 10-2263] Analyzing SystemVerilog file "/home/shikha/Final_Assignment/crypto_sign/solution2/sim/verilog/pqcrystals_dilithium2_ref_mac_muladd_25s_14ns_24ns_32_4_1.v" into library xil_defaultlib
INFO: [VRFC 10-311] analyzing module pqcrystals_dilithium2_ref_mac_muladd_25s_14ns_24ns_32_4_1_DSP48_1
INFO: [VRFC 10-311] analyzing module pqcrystals_dilithium2_ref_mac_muladd_25s_14ns_24ns_32_4_1
INFO: [VRFC 10-2263] Analyzing SystemVerilog file "/home/shikha/Final_Assignment/crypto_sign/solution2/sim/verilog/pqcrystals_dilithium2_ref_pqcrystals_dilithium2_ref_signature_1_mat_RAM_AUTO_1R1W.v" into library xil_defaultlib
INFO: [VRFC 10-311] analyzing module pqcrystals_dilithium2_ref_pqcrystals_dilithium2_ref_signature_1_mat_RAM_AUTO_1R1W
INFO: [VRFC 10-2263] Analyzing SystemVerilog file "/home/shikha/Final_Assignment/crypto_sign/solution2/sim/verilog/pqcrystals_dilithium2_ref_pqcrystals_dilithium2_ref_signature_1_Pipeline_VITIS_LOOP_126_2.v" into library xil_defaultlib
INFO: [VRFC 10-311] analyzing module pqcrystals_dilithium2_ref_pqcrystals_dilithium2_ref_signature_1_Pipeline_VITIS_LOOP_126_2
INFO: [VRFC 10-2263] Analyzing SystemVerilog file "/home/shikha/Final_Assignment/crypto_sign/solution2/sim/verilog/pqcrystals_dilithium2_ref_pqcrystals_dilithium2_ref_signature_1_Pipeline_VITIS_LOOP_371_1_VITIS_LOOP_225_1.v" into library xil_defaultlib
INFO: [VRFC 10-311] analyzing module pqcrystals_dilithium2_ref_pqcrystals_dilithium2_ref_signature_1_Pipeline_VITIS_LOOP_371_1_VITIS_LOOP_225_1
INFO: [VRFC 10-2263] Analyzing SystemVerilog file "/home/shikha/Final_Assignment/crypto_sign/solution2/sim/verilog/pqcrystals_dilithium2_ref_pqcrystals_dilithium2_ref_Pipeline_VITIS_LOOP_205_1.v" into library xil_defaultlib
INFO: [VRFC 10-311] analyzing module pqcrystals_dilithium2_ref_pqcrystals_dilithium2_ref_Pipeline_VITIS_LOOP_205_1
INFO: [VRFC 10-2263] Analyzing SystemVerilog file "/home/shikha/Final_Assignment/crypto_sign/solution2/sim/verilog/pqcrystals_dilithium2_ref.v" into library xil_defaultlib
INFO: [VRFC 10-311] analyzing module pqcrystals_dilithium2_ref
INFO: [VRFC 10-2263] Analyzing SystemVerilog file "/home/shikha/Final_Assignment/crypto_sign/solution2/sim/verilog/pqcrystals_dilithium2_ref_pqcrystals_dilithium2_ref_signature_1_Pipeline_VITIS_LOOP_57_312.v" into library xil_defaultlib
INFO: [VRFC 10-311] analyzing module pqcrystals_dilithium2_ref_pqcrystals_dilithium2_ref_signature_1_Pipeline_VITIS_LOOP_57_312
INFO: [VRFC 10-2263] Analyzing SystemVerilog file "/home/shikha/Final_Assignment/crypto_sign/solution2/sim/verilog/pqcrystals_dilithium2_ref_KeccakF1600_StatePermute.v" into library xil_defaultlib
INFO: [VRFC 10-311] analyzing module pqcrystals_dilithium2_ref_KeccakF1600_StatePermute
INFO: [VRFC 10-2263] Analyzing SystemVerilog file "/home/shikha/Final_Assignment/crypto_sign/solution2/sim/verilog/pqcrystals_dilithium2_ref_pqcrystals_dilithium2_ref_signature_1_w1_vec_coeffs_RAM_AUTO_1R1W.v" into library xil_defaultlib
INFO: [VRFC 10-311] analyzing module pqcrystals_dilithium2_ref_pqcrystals_dilithium2_ref_signature_1_w1_vec_coeffs_RAM_AUTO_1R1W
INFO: [VRFC 10-2263] Analyzing SystemVerilog file "/home/shikha/Final_Assignment/crypto_sign/solution2/sim/verilog/pqcrystals_dilithium2_ref_pqcrystals_dilithium2_ref_signature_1_t_coeffs_RAM_AUTO_1R1W.v" into library xil_defaultlib
INFO: [VRFC 10-311] analyzing module pqcrystals_dilithium2_ref_pqcrystals_dilithium2_ref_signature_1_t_coeffs_RAM_AUTO_1R1W
INFO: [VRFC 10-2263] Analyzing SystemVerilog file "/home/shikha/Final_Assignment/crypto_sign/solution2/sim/verilog/pqcrystals_dilithium2_ref_pqcrystals_dilithium2_ref_signature_1_y_vec_coeffs_RAM_AUTO_1R1W.v" into library xil_defaultlib
INFO: [VRFC 10-311] analyzing module pqcrystals_dilithium2_ref_pqcrystals_dilithium2_ref_signature_1_y_vec_coeffs_RAM_AUTO_1R1W
INFO: [VRFC 10-2263] Analyzing SystemVerilog file "/home/shikha/Final_Assignment/crypto_sign/solution2/sim/verilog/pqcrystals_dilithium2_ref_keccak_absorb_Pipeline_VITIS_LOOP_423_6.v" into library xil_defaultlib
INFO: [VRFC 10-311] analyzing module pqcrystals_dilithium2_ref_keccak_absorb_Pipeline_VITIS_LOOP_423_6
INFO: [VRFC 10-2263] Analyzing SystemVerilog file "/home/shikha/Final_Assignment/crypto_sign/solution2/sim/verilog/pqcrystals_dilithium2_ref_pqcrystals_dilithium2_ref_polyveck_invntt_tomont.v" into library xil_defaultlib
INFO: [VRFC 10-311] analyzing module pqcrystals_dilithium2_ref_pqcrystals_dilithium2_ref_polyveck_invntt_tomont
INFO: [VRFC 10-2263] Analyzing SystemVerilog file "/home/shikha/Final_Assignment/crypto_sign/solution2/sim/verilog/pqcrystals_dilithium2_ref_pqcrystals_dilithium2_ref_signature_1_Pipeline_VITIS_LOOP_540_59.v" into library xil_defaultlib
INFO: [VRFC 10-311] analyzing module pqcrystals_dilithium2_ref_pqcrystals_dilithium2_ref_signature_1_Pipeline_VITIS_LOOP_540_59
INFO: [VRFC 10-2263] Analyzing SystemVerilog file "/home/shikha/Final_Assignment/crypto_sign/solution2/sim/verilog/pqcrystals_dilithium2_ref_pqcrystals_dilithium2_ref_signature_1_cp_coeffs_RAM_AUTO_1R1W.v" into library xil_defaultlib
INFO: [VRFC 10-311] analyzing module pqcrystals_dilithium2_ref_pqcrystals_dilithium2_ref_signature_1_cp_coeffs_RAM_AUTO_1R1W
INFO: [VRFC 10-2263] Analyzing SystemVerilog file "/home/shikha/Final_Assignment/crypto_sign/solution2/sim/verilog/pqcrystals_dilithium2_ref_pqcrystals_dilithium2_ref_signature_1_Pipeline_VITIS_LOOP_187_1_VITIS_LOOP_32_11.v" into library xil_defaultlib
INFO: [VRFC 10-311] analyzing module pqcrystals_dilithium2_ref_pqcrystals_dilithium2_ref_signature_1_Pipeline_VITIS_LOOP_187_1_VITIS_LOOP_32_11
INFO: [VRFC 10-2263] Analyzing SystemVerilog file "/home/shikha/Final_Assignment/crypto_sign/solution2/sim/verilog/dataflow_monitor.sv" into library xil_defaultlib
INFO: [VRFC 10-311] analyzing module dataflow_monitor
Starting static elaboration
Pass Through NonSizing Optimizer
Completed static elaboration
Starting simulation data flow analysis
Completed simulation data flow analysis
Time Resolution for simulation is 1ps
Compiling package xil_defaultlib.$unit_dataflow_monitor_sv
Compiling module xil_defaultlib.pqcrystals_dilithium2_ref_flow_c...
Compiling module xil_defaultlib.pqcrystals_dilithium2_ref_pqcrys...
Compiling module xil_defaultlib.pqcrystals_dilithium2_ref_Keccak...
Compiling module xil_defaultlib.pqcrystals_dilithium2_ref_pqcrys...
Compiling module xil_defaultlib.pqcrystals_dilithium2_ref_pqcrys...
Compiling module xil_defaultlib.pqcrystals_dilithium2_ref_pqcrys...
Compiling module xil_defaultlib.pqcrystals_dilithium2_ref_pqcrys...
Compiling module xil_defaultlib.pqcrystals_dilithium2_ref_pqcrys...
Compiling module xil_defaultlib.pqcrystals_dilithium2_ref_pqcrys...
Compiling module xil_defaultlib.pqcrystals_dilithium2_ref_pqcrys...
Compiling module xil_defaultlib.pqcrystals_dilithium2_ref_pqcrys...
Compiling module xil_defaultlib.pqcrystals_dilithium2_ref_pqcrys...
Compiling module xil_defaultlib.pqcrystals_dilithium2_ref_pqcrys...
Compiling module xil_defaultlib.pqcrystals_dilithium2_ref_pqcrys...
Compiling module xil_defaultlib.pqcrystals_dilithium2_ref_pqcrys...
Compiling module xil_defaultlib.pqcrystals_dilithium2_ref_pqcrys...
Compiling module xil_defaultlib.pqcrystals_dilithium2_ref_pqcrys...
Compiling module xil_defaultlib.pqcrystals_dilithium2_ref_pqcrys...
Compiling module xil_defaultlib.pqcrystals_dilithium2_ref_pqcrys...
Compiling module xil_defaultlib.pqcrystals_dilithium2_ref_keccak...
Compiling module xil_defaultlib.pqcrystals_dilithium2_ref_pqcrys...
Compiling module xil_defaultlib.pqcrystals_dilithium2_ref_keccak...
Compiling module xil_defaultlib.pqcrystals_dilithium2_ref_keccak...
Compiling module xil_defaultlib.pqcrystals_dilithium2_ref_keccak...
Compiling module xil_defaultlib.pqcrystals_dilithium2_ref_keccak...
Compiling module xil_defaultlib.pqcrystals_dilithium2_ref_Keccak...
Compiling module xil_defaultlib.pqcrystals_dilithium2_ref_keccak...
Compiling module xil_defaultlib.pqcrystals_dilithium2_ref_keccak...
Compiling module xil_defaultlib.pqcrystals_dilithium2_ref_keccak...
Compiling module xil_defaultlib.pqcrystals_dilithium2_ref_keccak...
Compiling module xil_defaultlib.pqcrystals_dilithium2_ref_keccak...
Compiling module xil_defaultlib.pqcrystals_dilithium2_ref_keccak...
Compiling module xil_defaultlib.pqcrystals_dilithium2_ref_pqcrys...
Compiling module xil_defaultlib.pqcrystals_dilithium2_ref_pqcrys...
Compiling module xil_defaultlib.pqcrystals_dilithium2_ref_pqcrys...
Compiling module xil_defaultlib.pqcrystals_dilithium2_ref_pqcrys...
Compiling module xil_defaultlib.pqcrystals_dilithium2_ref_Keccak...
Compiling module xil_defaultlib.pqcrystals_dilithium2_ref_pqcrys...
Compiling module xil_defaultlib.pqcrystals_dilithium2_ref_pqcrys...
Compiling module xil_defaultlib.pqcrystals_dilithium2_ref_pqcrys...
Compiling module xil_defaultlib.pqcrystals_dilithium2_ref_keccak...
Compiling module xil_defaultlib.pqcrystals_dilithium2_ref_keccak...
Compiling module xil_defaultlib.pqcrystals_dilithium2_ref_keccak...
Compiling module xil_defaultlib.pqcrystals_dilithium2_ref_keccak...
Compiling module xil_defaultlib.pqcrystals_dilithium2_ref_keccak...
Compiling module xil_defaultlib.pqcrystals_dilithium2_ref_keccak...
Compiling module xil_defaultlib.pqcrystals_dilithium2_ref_keccak...
Compiling module xil_defaultlib.pqcrystals_dilithium2_ref_keccak...
Compiling module xil_defaultlib.pqcrystals_dilithium2_ref_keccak...
Compiling module xil_defaultlib.pqcrystals_dilithium2_ref_pqcrys...
Compiling module xil_defaultlib.pqcrystals_dilithium2_ref_pqcrys...
Compiling module xil_defaultlib.pqcrystals_dilithium2_ref_pqcrys...
Compiling module xil_defaultlib.pqcrystals_dilithium2_ref_pqcrys...
Compiling module xil_defaultlib.pqcrystals_dilithium2_ref_pqcrys...
Compiling module xil_defaultlib.pqcrystals_dilithium2_ref_urem_1...
Compiling module xil_defaultlib.pqcrystals_dilithium2_ref_urem_1...
Compiling module xil_defaultlib.pqcrystals_dilithium2_ref_pqcrys...
Compiling module xil_defaultlib.pqcrystals_dilithium2_ref_mul_32...
Compiling module xil_defaultlib.pqcrystals_dilithium2_ref_mul_32...
Compiling module xil_defaultlib.pqcrystals_dilithium2_ref_mul_32...
Compiling module xil_defaultlib.pqcrystals_dilithium2_ref_pqcrys...
Compiling module xil_defaultlib.pqcrystals_dilithium2_ref_pqcrys...
Compiling module xil_defaultlib.pqcrystals_dilithium2_ref_pqcrys...
Compiling module xil_defaultlib.pqcrystals_dilithium2_ref_pqcrys...
Compiling module xil_defaultlib.pqcrystals_dilithium2_ref_pqcrys...
Compiling module xil_defaultlib.pqcrystals_dilithium2_ref_pqcrys...
Compiling module xil_defaultlib.pqcrystals_dilithium2_ref_pqcrys...
Compiling module xil_defaultlib.pqcrystals_dilithium2_ref_pqcrys...
Compiling module xil_defaultlib.pqcrystals_dilithium2_ref_pqcrys...
Compiling module xil_defaultlib.pqcrystals_dilithium2_ref_mul_32...
Compiling module xil_defaultlib.pqcrystals_dilithium2_ref_pqcrys...
Compiling module xil_defaultlib.pqcrystals_dilithium2_ref_mac_mu...
Compiling module xil_defaultlib.pqcrystals_dilithium2_ref_mac_mu...
Compiling module xil_defaultlib.pqcrystals_dilithium2_ref_pqcrys...
Compiling module xil_defaultlib.pqcrystals_dilithium2_ref_pqcrys...
Compiling module xil_defaultlib.pqcrystals_dilithium2_ref_pqcrys...
Compiling module xil_defaultlib.pqcrystals_dilithium2_ref_pqcrys...
Compiling module xil_defaultlib.pqcrystals_dilithium2_ref_mul_32...
Compiling module xil_defaultlib.pqcrystals_dilithium2_ref_pqcrys...
Compiling module xil_defaultlib.pqcrystals_dilithium2_ref_pqcrys...
Compiling module xil_defaultlib.pqcrystals_dilithium2_ref_pqcrys...
Compiling module xil_defaultlib.pqcrystals_dilithium2_ref_pqcrys...
Compiling module xil_defaultlib.pqcrystals_dilithium2_ref_mac_mu...
Compiling module xil_defaultlib.pqcrystals_dilithium2_ref_mac_mu...
Compiling module xil_defaultlib.pqcrystals_dilithium2_ref_mac_mu...
Compiling module xil_defaultlib.pqcrystals_dilithium2_ref_mac_mu...
Compiling module xil_defaultlib.pqcrystals_dilithium2_ref_pqcrys...
Compiling module xil_defaultlib.pqcrystals_dilithium2_ref_pqcrys...
Compiling module xil_defaultlib.pqcrystals_dilithium2_ref_keccak...
Compiling module xil_defaultlib.pqcrystals_dilithium2_ref_pqcrys...
Compiling module xil_defaultlib.pqcrystals_dilithium2_ref_pqcrys...
Compiling module xil_defaultlib.pqcrystals_dilithium2_ref_pqcrys...
Compiling module xil_defaultlib.pqcrystals_dilithium2_ref_pqcrys...
Compiling module xil_defaultlib.pqcrystals_dilithium2_ref_pqcrys...
Compiling module xil_defaultlib.pqcrystals_dilithium2_ref_pqcrys...
Compiling module xil_defaultlib.pqcrystals_dilithium2_ref_mul_32...
Compiling module xil_defaultlib.pqcrystals_dilithium2_ref_pqcrys...
Compiling module xil_defaultlib.pqcrystals_dilithium2_ref_pqcrys...
Compiling module xil_defaultlib.pqcrystals_dilithium2_ref_pqcrys...
Compiling module xil_defaultlib.pqcrystals_dilithium2_ref_pqcrys...
Compiling module xil_defaultlib.pqcrystals_dilithium2_ref_pqcrys...
Compiling module xil_defaultlib.pqcrystals_dilithium2_ref_pqcrys...
Compiling module xil_defaultlib.pqcrystals_dilithium2_ref_pqcrys...
Compiling module xil_defaultlib.pqcrystals_dilithium2_ref_pqcrys...
Compiling module xil_defaultlib.pqcrystals_dilithium2_ref_pqcrys...
Compiling module xil_defaultlib.pqcrystals_dilithium2_ref_pqcrys...
Compiling module xil_defaultlib.pqcrystals_dilithium2_ref_pqcrys...
Compiling module xil_defaultlib.pqcrystals_dilithium2_ref_pqcrys...
Compiling module xil_defaultlib.pqcrystals_dilithium2_ref_pqcrys...
Compiling module xil_defaultlib.pqcrystals_dilithium2_ref_pqcrys...
Compiling module xil_defaultlib.pqcrystals_dilithium2_ref_pqcrys...
Compiling module xil_defaultlib.pqcrystals_dilithium2_ref_pqcrys...
Compiling module xil_defaultlib.pqcrystals_dilithium2_ref_pqcrys...
Compiling module xil_defaultlib.pqcrystals_dilithium2_ref_pqcrys...
Compiling module xil_defaultlib.pqcrystals_dilithium2_ref_pqcrys...
Compiling module xil_defaultlib.pqcrystals_dilithium2_ref_pqcrys...
Compiling module xil_defaultlib.pqcrystals_dilithium2_ref_pqcrys...
Compiling module xil_defaultlib.pqcrystals_dilithium2_ref_pqcrys...
Compiling module xil_defaultlib.pqcrystals_dilithium2_ref
Compiling module xil_defaultlib.AESL_automem_sm
Compiling module xil_defaultlib.AESL_automem_m
Compiling module xil_defaultlib.AESL_automem_sk
Compiling module xil_defaultlib.nodf_module_intf
Compiling module xil_defaultlib.seq_loop_intf(FSM_WIDTH=631)
Compiling module xil_defaultlib.seq_loop_intf(FSM_WIDTH=21)
Compiling module xil_defaultlib.seq_loop_intf(FSM_WIDTH=28)
Compiling module xil_defaultlib.seq_loop_intf(FSM_WIDTH=34)
Compiling module xil_defaultlib.seq_loop_intf(FSM_WIDTH=14)
Compiling module xil_defaultlib.seq_loop_intf(FSM_WIDTH=7)
Compiling module xil_defaultlib.seq_loop_intf(FSM_WIDTH=22)
Compiling module xil_defaultlib.upc_loop_intf(FSM_WIDTH=1)
Compiling module xil_defaultlib.upc_loop_intf(FSM_WIDTH=128)
Compiling module xil_defaultlib.upc_loop_intf(FSM_WIDTH=4)
Compiling module xil_defaultlib.upc_loop_intf(FSM_WIDTH=208)
Compiling module xil_defaultlib.upc_loop_intf(FSM_WIDTH=3)
Compiling module xil_defaultlib.upc_loop_intf(FSM_WIDTH=5)
Compiling module xil_defaultlib.upc_loop_intf
Compiling module xil_defaultlib.upc_loop_intf(FSM_WIDTH=9)
Compiling module xil_defaultlib.dataflow_monitor_1
Compiling module xil_defaultlib.apatb_pqcrystals_dilithium2_ref_...
Compiling module work.glbl
Built simulation snapshot pqcrystals_dilithium2_ref

****** xsim v2022.2 (64-bit)
  **** SW Build 3671981 on Fri Oct 14 04:59:54 MDT 2022
  **** IP Build 3669848 on Fri Oct 14 08:30:02 MDT 2022
    ** Copyright 1986-2022 Xilinx, Inc. All Rights Reserved.

source xsim.dir/pqcrystals_dilithium2_ref/xsim_script.tcl
# xsim {pqcrystals_dilithium2_ref} -autoloadwcfg -tclbatch {pqcrystals_dilithium2_ref.tcl}
Time resolution is 1 ps
source pqcrystals_dilithium2_ref.tcl
## run all
////////////////////////////////////////////////////////////////////////////////////
// Inter-Transaction Progress: Completed Transaction / Total Transaction
// Intra-Transaction Progress: Measured Latency / Latency Estimation * 100%
//
// RTL Simulation : "Inter-Transaction Progress" ["Intra-Transaction Progress"] @ "Simulation Time"
////////////////////////////////////////////////////////////////////////////////////
// RTL Simulation : 0 / 2 [n/a] @ "225000"
// RTL Simulation : 1 / 2 [n/a] @ "17583425000"
// RTL Simulation : 2 / 2 [n/a] @ "29399975000"
////////////////////////////////////////////////////////////////////////////////////
$finish called at time : 29400275 ns : File "/home/shikha/Final_Assignment/crypto_sign/solution2/sim/verilog/pqcrystals_dilithium2_ref.autotb.v" Line 502
run: Time (s): cpu = 00:00:00.04 ; elapsed = 00:03:03 . Memory (MB): peak = 1255.273 ; gain = 0.000 ; free physical = 1356 ; free virtual = 9102
## quit
INFO: xsimkernel Simulation Memory Usage: 131708 KB (Peak: 184952 KB), Simulation CPU Usage: 183390 ms
INFO: [Common 17-206] Exiting xsim at Fri Mar 10 17:41:34 2023...
INFO: [COSIM-1000] *** C/RTL co-simulation finished: PASS ***
