Fri Mar 10 17:19:01 2023: Running xcd server. This server was built by gradle.
Fri Mar 10 17:19:01 2023: Server was asked to start on port: '33111'
Fri Mar 10 17:19:01 2023: Server is using token UUID: '8ade793d-9dec-46fa-bd60-bfffd7b89d8c'
Fri Mar 10 17:19:01 2023: SESSION_MGR: creating session with session uuid: '6d04a3e9-ade5-4ab9-8d63-1f78fcd2ec76' and name 'default'
Fri Mar 10 17:19:01 2023: Attempting to start server on port '33111'
Fri Mar 10 17:19:01 2023: XCD main fifo: created main fifo '/tmp/xcdmain8ade793d-9dec-46fa-bd60-bfffd7b89d8c', fd read = 13
Fri Mar 10 17:19:01 2023: Running Dispatch Server
Fri Mar 10 17:19:01 2023: Version 2.2.0
Fri Mar 10 17:19:11 2023: Dispatch Server: Accepted socket connection from client
Fri Mar 10 17:19:11 2023: Starting Socket connection
Fri Mar 10 17:19:11 2023: EXCHANGE_TOKEN received, server token: 8ade793d-9dec-46fa-bd60-bfffd7b89d8c, passed token: 8ade793d-9dec-46fa-bd60-bfffd7b89d8c
Fri Mar 10 17:19:11 2023: SESSION_MGR: creating session with session uuid: '370c536d-186f-412c-945c-762bc3d20f11' and name 'vitis_hls'
Fri Mar 10 17:19:11 2023: KERNEL_SVC: creating session with uuid: '370c536d-186f-412c-945c-762bc3d20f11' and name 'vitis_hls'
Fri Mar 10 17:19:11 2023: GUIDANCE_SMGR: creating guidance session with uuid: '370c536d-186f-412c-945c-762bc3d20f11' and name 'vitis_hls'
Fri Mar 10 17:24:05 2023: STOP_SERVER received, server token: 8ade793d-9dec-46fa-bd60-bfffd7b89d8c, passed token: 8ade793d-9dec-46fa-bd60-bfffd7b89d8c
Fri Mar 10 17:24:05 2023: Socket received request to stop server.
Fri Mar 10 17:24:05 2023: Dispatch Server: do_await_stop
Fri Mar 10 17:24:05 2023: Dispatch Server: stopping mainFifo_
Fri Mar 10 17:24:05 2023: XCD main fifo: Stopping
Fri Mar 10 17:24:05 2023: XCD main fifo: do_read error code: Operation canceled
Fri Mar 10 17:24:05 2023: XCD main fifo: bytes_transferred: 0
Fri Mar 10 17:24:05 2023: SERVER: destructor for server bound to port 33111
Fri Mar 10 17:24:05 2023: XCD main fifo: Good unlink of /tmp/xcdmain8ade793d-9dec-46fa-bd60-bfffd7b89d8c
Fri Mar 10 17:24:05 2023: Server exiting with status 0.
Fri Mar 10 17:24:05 2023: Closing log file.
Fri Mar 10 17:25:22 2023: Running xcd server. This server was built by gradle.
Fri Mar 10 17:25:22 2023: Server was asked to start on port: '43469'
Fri Mar 10 17:25:22 2023: Server is using token UUID: 'e4972896-91fe-489b-aad7-c5d0f250a0f3'
Fri Mar 10 17:25:22 2023: SESSION_MGR: creating session with session uuid: '6d04a3e9-ade5-4ab9-8d63-1f78fcd2ec76' and name 'default'
Fri Mar 10 17:25:22 2023: Attempting to start server on port '43469'
Fri Mar 10 17:25:22 2023: XCD main fifo: created main fifo '/tmp/xcdmaine4972896-91fe-489b-aad7-c5d0f250a0f3', fd read = 13
Fri Mar 10 17:25:22 2023: Running Dispatch Server
Fri Mar 10 17:25:22 2023: Version 2.2.0
Fri Mar 10 17:25:31 2023: Dispatch Server: Accepted socket connection from client
Fri Mar 10 17:25:31 2023: Starting Socket connection
Fri Mar 10 17:25:31 2023: EXCHANGE_TOKEN received, server token: e4972896-91fe-489b-aad7-c5d0f250a0f3, passed token: e4972896-91fe-489b-aad7-c5d0f250a0f3
Fri Mar 10 17:25:31 2023: SESSION_MGR: creating session with session uuid: '27ffd54d-3316-4686-adcf-1b32df84ef45' and name 'vitis_hls'
Fri Mar 10 17:25:31 2023: KERNEL_SVC: creating session with uuid: '27ffd54d-3316-4686-adcf-1b32df84ef45' and name 'vitis_hls'
Fri Mar 10 17:25:31 2023: GUIDANCE_SMGR: creating guidance session with uuid: '27ffd54d-3316-4686-adcf-1b32df84ef45' and name 'vitis_hls'
Fri Mar 10 17:28:10 2023: STOP_SERVER received, server token: e4972896-91fe-489b-aad7-c5d0f250a0f3, passed token: e4972896-91fe-489b-aad7-c5d0f250a0f3
Fri Mar 10 17:28:10 2023: Socket received request to stop server.
Fri Mar 10 17:28:10 2023: Dispatch Server: do_await_stop
Fri Mar 10 17:28:10 2023: Dispatch Server: stopping mainFifo_
Fri Mar 10 17:28:10 2023: XCD main fifo: Stopping
Fri Mar 10 17:28:10 2023: XCD main fifo: do_read error code: Operation canceled
Fri Mar 10 17:28:10 2023: XCD main fifo: bytes_transferred: 0
Fri Mar 10 17:28:10 2023: SERVER: destructor for server bound to port 43469
Fri Mar 10 17:28:10 2023: XCD main fifo: Good unlink of /tmp/xcdmaine4972896-91fe-489b-aad7-c5d0f250a0f3
Fri Mar 10 17:28:10 2023: Server exiting with status 0.
Fri Mar 10 17:28:10 2023: Closing log file.
Fri Mar 10 17:29:46 2023: Running xcd server. This server was built by gradle.
Fri Mar 10 17:29:46 2023: Server was asked to start on port: '40217'
Fri Mar 10 17:29:46 2023: Server is using token UUID: 'bdaa75e4-770f-4d40-8930-1801c777c31d'
Fri Mar 10 17:29:46 2023: SESSION_MGR: creating session with session uuid: '6d04a3e9-ade5-4ab9-8d63-1f78fcd2ec76' and name 'default'
Fri Mar 10 17:29:46 2023: Attempting to start server on port '40217'
Fri Mar 10 17:29:46 2023: XCD main fifo: created main fifo '/tmp/xcdmainbdaa75e4-770f-4d40-8930-1801c777c31d', fd read = 13
Fri Mar 10 17:29:46 2023: Running Dispatch Server
Fri Mar 10 17:29:46 2023: Version 2.2.0
Fri Mar 10 17:29:55 2023: Dispatch Server: Accepted socket connection from client
Fri Mar 10 17:29:55 2023: Starting Socket connection
Fri Mar 10 17:29:55 2023: EXCHANGE_TOKEN received, server token: bdaa75e4-770f-4d40-8930-1801c777c31d, passed token: bdaa75e4-770f-4d40-8930-1801c777c31d
Fri Mar 10 17:29:55 2023: SESSION_MGR: creating session with session uuid: '479380db-e3ba-4e50-8c78-96d390c8e15c' and name 'vitis_hls'
Fri Mar 10 17:29:55 2023: KERNEL_SVC: creating session with uuid: '479380db-e3ba-4e50-8c78-96d390c8e15c' and name 'vitis_hls'
Fri Mar 10 17:29:55 2023: GUIDANCE_SMGR: creating guidance session with uuid: '479380db-e3ba-4e50-8c78-96d390c8e15c' and name 'vitis_hls'
Fri Mar 10 17:29:58 2023: STOP_SERVER received, server token: bdaa75e4-770f-4d40-8930-1801c777c31d, passed token: bdaa75e4-770f-4d40-8930-1801c777c31d
Fri Mar 10 17:29:58 2023: Socket received request to stop server.
Fri Mar 10 17:29:58 2023: Dispatch Server: do_await_stop
Fri Mar 10 17:29:58 2023: Dispatch Server: stopping mainFifo_
Fri Mar 10 17:29:58 2023: XCD main fifo: Stopping
Fri Mar 10 17:29:58 2023: XCD main fifo: do_read error code: Operation canceled
Fri Mar 10 17:29:58 2023: XCD main fifo: bytes_transferred: 0
Fri Mar 10 17:29:58 2023: SERVER: destructor for server bound to port 40217
Fri Mar 10 17:29:58 2023: XCD main fifo: Good unlink of /tmp/xcdmainbdaa75e4-770f-4d40-8930-1801c777c31d
Fri Mar 10 17:29:58 2023: Server exiting with status 0.
Fri Mar 10 17:29:58 2023: Closing log file.
Fri Mar 10 17:37:21 2023: Running xcd server. This server was built by gradle.
Fri Mar 10 17:37:21 2023: Server was asked to start on port: '35037'
Fri Mar 10 17:37:21 2023: Server is using token UUID: '2ead4b20-6907-4152-9e42-06e3c5d44c38'
Fri Mar 10 17:37:21 2023: SESSION_MGR: creating session with session uuid: '6d04a3e9-ade5-4ab9-8d63-1f78fcd2ec76' and name 'default'
Fri Mar 10 17:37:21 2023: Attempting to start server on port '35037'
Fri Mar 10 17:37:21 2023: XCD main fifo: created main fifo '/tmp/xcdmain2ead4b20-6907-4152-9e42-06e3c5d44c38', fd read = 13
Fri Mar 10 17:37:21 2023: Running Dispatch Server
Fri Mar 10 17:37:21 2023: Version 2.2.0
Fri Mar 10 17:37:30 2023: Dispatch Server: Accepted socket connection from client
Fri Mar 10 17:37:30 2023: Starting Socket connection
Fri Mar 10 17:37:30 2023: EXCHANGE_TOKEN received, server token: 2ead4b20-6907-4152-9e42-06e3c5d44c38, passed token: 2ead4b20-6907-4152-9e42-06e3c5d44c38
Fri Mar 10 17:37:30 2023: SESSION_MGR: creating session with session uuid: '4009570f-849d-41ab-92c9-450f6a520b29' and name 'vitis_hls'
Fri Mar 10 17:37:30 2023: KERNEL_SVC: creating session with uuid: '4009570f-849d-41ab-92c9-450f6a520b29' and name 'vitis_hls'
Fri Mar 10 17:37:30 2023: GUIDANCE_SMGR: creating guidance session with uuid: '4009570f-849d-41ab-92c9-450f6a520b29' and name 'vitis_hls'
Fri Mar 10 17:41:34 2023: STOP_SERVER received, server token: 2ead4b20-6907-4152-9e42-06e3c5d44c38, passed token: 2ead4b20-6907-4152-9e42-06e3c5d44c38
Fri Mar 10 17:41:34 2023: Socket received request to stop server.
Fri Mar 10 17:41:34 2023: Dispatch Server: do_await_stop
Fri Mar 10 17:41:34 2023: Dispatch Server: stopping mainFifo_
Fri Mar 10 17:41:34 2023: XCD main fifo: Stopping
Fri Mar 10 17:41:34 2023: XCD main fifo: do_read error code: Operation canceled
Fri Mar 10 17:41:34 2023: XCD main fifo: bytes_transferred: 0
Fri Mar 10 17:41:34 2023: SERVER: destructor for server bound to port 35037
Fri Mar 10 17:41:34 2023: XCD main fifo: Good unlink of /tmp/xcdmain2ead4b20-6907-4152-9e42-06e3c5d44c38
Fri Mar 10 17:41:34 2023: Server exiting with status 0.
Fri Mar 10 17:41:34 2023: Closing log file.
