

================================================================
== Vitis HLS Report for 'keccak_absorb'
================================================================
* Date:           Fri Mar 10 17:35:09 2023

* Version:        2022.2 (Build 3670227 on Oct 13 2022)
* Project:        crypto_sign
* Solution:       solution1 (Vivado IP Flow Target)
* Product family: artix7
* Target device:  xc7a200t-fbg676-2


================================================================
== Performance Estimates
================================================================
+ Timing: 
    * Summary: 
    +--------+----------+----------+------------+
    |  Clock |  Target  | Estimated| Uncertainty|
    +--------+----------+----------+------------+
    |ap_clk  |  50.00 ns|  8.136 ns|    13.50 ns|
    +--------+----------+----------+------------+

+ Latency: 
    * Summary: 
    +---------+---------+----------+----------+-----+-----+---------+
    |  Latency (cycles) |  Latency (absolute) |  Interval | Pipeline|
    |   min   |   max   |    min   |    max   | min | max |   Type  |
    +---------+---------+----------+----------+-----+-----+---------+
    |        ?|        ?|         ?|         ?|    ?|    ?|       no|
    +---------+---------+----------+----------+-----+-----+---------+

    + Detail: 
        * Instance: 
        N/A

        * Loop: 
        +--------------------+---------+---------+----------+-----------+-----------+------+----------+
        |                    |  Latency (cycles) | Iteration|  Initiation Interval  | Trip |          |
        |      Loop Name     |   min   |   max   |  Latency |  achieved |   target  | Count| Pipelined|
        +--------------------+---------+---------+----------+-----------+-----------+------+----------+
        |- Loop 1            |        8|        8|         1|          -|          -|     8|        no|
        |- VITIS_LOOP_408_3  |        ?|        ?|   73 ~ 77|          -|          -|     ?|        no|
        +--------------------+---------+---------+----------+-----------+-----------+------+----------+

============================================================
+ Verbose Summary: Synthesis Manager
============================================================
InlineROM: 1
ExposeGlobal: 0
============================================================
+ Verbose Summary: CDFG Model
============================================================
IsTopModel: 0
ResetActiveHigh: 1
IsCombinational: 0
IsDatapathOnly: 0
HasWiredReturn: 1
HasMFsm: 0
HasVarLatency: 1
IsPipeline: 0
IsRtlPipelined: 0
IsInstanceOverlapped: 0
IsDontTouch: 0
HasImplIP: 0
IsGatedGlobalClock: 0


============================================================
+ Verbose Summary: Schedule
============================================================
* Number of FSM states : 21
* Pipeline : 0
* Dataflow Pipeline: 0

* FSM state transitions: 
1 --> 2 
2 --> 2 3 6 
3 --> 4 
4 --> 5 
5 --> 6 
6 --> 10 7 
7 --> 8 
8 --> 9 
9 --> 10 
10 --> 11 
11 --> 12 15 
12 --> 13 
13 --> 14 
14 --> 11 
15 --> 16 21 
16 --> 17 
17 --> 18 
18 --> 19 
19 --> 20 
20 --> 21 
21 --> 

* FSM state operations: 

State 1 <SV = 0> <Delay = 1.32>
ST_1 : Operation 22 [1/1] (0.00ns)   --->   "%empty = alloca i32 1"   --->   Operation 22 'alloca' 'empty' <Predicate = true> <Delay = 0.00>
ST_1 : Operation 23 [1/1] (0.00ns)   --->   "%m_1_read_3 = read i8 @_ssdm_op_Read.ap_auto.i8, i8 %m_1_read"   --->   Operation 23 'read' 'm_1_read_3' <Predicate = true> <Delay = 0.00>
ST_1 : Operation 24 [1/1] (0.00ns)   --->   "%m_0_read_3 = read i8 @_ssdm_op_Read.ap_auto.i8, i8 %m_0_read"   --->   Operation 24 'read' 'm_0_read_3' <Predicate = true> <Delay = 0.00>
ST_1 : Operation 25 [1/1] (0.00ns)   --->   "%pos_read = read i6 @_ssdm_op_Read.ap_auto.i6, i6 %pos_r"   --->   Operation 25 'read' 'pos_read' <Predicate = true> <Delay = 0.00>
ST_1 : Operation 26 [1/1] (0.00ns)   --->   "%r_read = read i8 @_ssdm_op_Read.ap_auto.i8, i8 %r"   --->   Operation 26 'read' 'r_read' <Predicate = true> <Delay = 0.00>
ST_1 : Operation 27 [1/1] (0.00ns)   --->   "%r_6_loc = alloca i64 1"   --->   Operation 27 'alloca' 'r_6_loc' <Predicate = true> <Delay = 0.00>
ST_1 : Operation 28 [1/1] (0.00ns)   --->   "%r_4_loc = alloca i64 1"   --->   Operation 28 'alloca' 'r_4_loc' <Predicate = true> <Delay = 0.00>
ST_1 : Operation 29 [1/1] (0.00ns)   --->   "%i = trunc i6 %pos_read"   --->   Operation 29 'trunc' 'i' <Predicate = true> <Delay = 0.00>
ST_1 : Operation 30 [1/1] (0.00ns)   --->   "%t = alloca i64 1" [dilithium2/fips202.c:387]   --->   Operation 30 'alloca' 't' <Predicate = true> <Delay = 0.00> <CoreInst = "RAM">   --->   Core 82 'RAM' <Latency = 1> <II = 1> <Delay = 1.75> <Storage> <Opcode : 'load' 'store'> <Ports = 2> <Width = 8> <Depth = 8> <RAM>
ST_1 : Operation 31 [1/1] (1.32ns)   --->   "%store_ln387 = store i4 0, i4 %empty" [dilithium2/fips202.c:387]   --->   Operation 31 'store' 'store_ln387' <Predicate = true> <Delay = 1.32>
ST_1 : Operation 32 [1/1] (0.00ns)   --->   "%br_ln387 = br void %memset.loop" [dilithium2/fips202.c:387]   --->   Operation 32 'br' 'br_ln387' <Predicate = true> <Delay = 0.00>

State 2 <SV = 1> <Delay = 5.63>
ST_2 : Operation 33 [1/1] (0.00ns)   --->   "%p_load = load i4 %empty"   --->   Operation 33 'load' 'p_load' <Predicate = true> <Delay = 0.00>
ST_2 : Operation 34 [1/1] (0.00ns)   --->   "%p_cast10 = zext i4 %p_load"   --->   Operation 34 'zext' 'p_cast10' <Predicate = true> <Delay = 0.00>
ST_2 : Operation 35 [1/1] (1.21ns)   --->   "%exitcond10014 = icmp_eq  i4 %p_load, i4 8"   --->   Operation 35 'icmp' 'exitcond10014' <Predicate = true> <Delay = 1.21> <CoreInst = "Cmp">   --->   Core 9 'Cmp' <Latency = 0> <II = 1> <Delay = 1.21> <FuncUnit> <Opcode : 'icmp'> <InPorts = 2> <OutPorts = 1>
ST_2 : Operation 36 [1/1] (0.00ns)   --->   "%empty_117 = speclooptripcount i32 @_ssdm_op_SpecLoopTripCount, i64 8, i64 8, i64 8"   --->   Operation 36 'speclooptripcount' 'empty_117' <Predicate = true> <Delay = 0.00>
ST_2 : Operation 37 [1/1] (1.49ns)   --->   "%empty_118 = add i4 %p_load, i4 1"   --->   Operation 37 'add' 'empty_118' <Predicate = true> <Delay = 1.49> <CoreInst = "Adder">   --->   Core 1 'Adder' <Latency = 0> <II = 1> <Delay = 1.49> <FuncUnit> <Opcode : 'add' 'sub'> <InPorts = 2> <OutPorts = 1>
ST_2 : Operation 38 [1/1] (0.00ns)   --->   "%br_ln0 = br i1 %exitcond10014, void %memset.loop.split, void %split"   --->   Operation 38 'br' 'br_ln0' <Predicate = true> <Delay = 0.00>
ST_2 : Operation 39 [1/1] (0.00ns)   --->   "%t_addr = getelementptr i8 %t, i64 0, i64 %p_cast10"   --->   Operation 39 'getelementptr' 't_addr' <Predicate = (!exitcond10014)> <Delay = 0.00>
ST_2 : Operation 40 [1/1] (1.75ns)   --->   "%store_ln0 = store i8 0, i3 %t_addr"   --->   Operation 40 'store' 'store_ln0' <Predicate = (!exitcond10014)> <Delay = 1.75> <CoreInst = "RAM">   --->   Core 82 'RAM' <Latency = 1> <II = 1> <Delay = 1.75> <Storage> <Opcode : 'load' 'store'> <Ports = 2> <Width = 8> <Depth = 8> <RAM>
ST_2 : Operation 41 [1/1] (1.32ns)   --->   "%store_ln0 = store i4 %empty_118, i4 %empty"   --->   Operation 41 'store' 'store_ln0' <Predicate = (!exitcond10014)> <Delay = 1.32>
ST_2 : Operation 42 [1/1] (0.00ns)   --->   "%br_ln0 = br void %memset.loop"   --->   Operation 42 'br' 'br_ln0' <Predicate = (!exitcond10014)> <Delay = 0.00>
ST_2 : Operation 43 [1/1] (1.00ns)   --->   "%icmp_ln389 = icmp_eq  i3 %i, i3 0" [dilithium2/fips202.c:389]   --->   Operation 43 'icmp' 'icmp_ln389' <Predicate = (exitcond10014)> <Delay = 1.00> <CoreInst = "Cmp">   --->   Core 9 'Cmp' <Latency = 0> <II = 1> <Delay = 1.00> <FuncUnit> <Opcode : 'icmp'> <InPorts = 2> <OutPorts = 1>
ST_2 : Operation 44 [1/1] (1.32ns)   --->   "%br_ln389 = br i1 %icmp_ln389, void %if.then, void %if.end" [dilithium2/fips202.c:389]   --->   Operation 44 'br' 'br_ln389' <Predicate = (exitcond10014)> <Delay = 1.32>
ST_2 : Operation 45 [1/1] (0.00ns)   --->   "%zext_ln391_3 = zext i3 %i" [dilithium2/fips202.c:391]   --->   Operation 45 'zext' 'zext_ln391_3' <Predicate = (exitcond10014 & !icmp_ln389)> <Delay = 0.00>
ST_2 : Operation 46 [1/1] (1.49ns)   --->   "%sub_ln391 = sub i4 8, i4 %zext_ln391_3" [dilithium2/fips202.c:391]   --->   Operation 46 'sub' 'sub_ln391' <Predicate = (exitcond10014 & !icmp_ln389)> <Delay = 1.49> <CoreInst = "Adder">   --->   Core 1 'Adder' <Latency = 0> <II = 1> <Delay = 1.49> <FuncUnit> <Opcode : 'add' 'sub'> <InPorts = 2> <OutPorts = 1>
ST_2 : Operation 47 [1/1] (0.00ns) (grouped into LUT with out node select_ln391)   --->   "%empty_119 = trunc i4 %sub_ln391" [dilithium2/fips202.c:391]   --->   Operation 47 'trunc' 'empty_119' <Predicate = (exitcond10014 & !icmp_ln389)> <Delay = 0.00>
ST_2 : Operation 48 [1/1] (0.00ns) (grouped into LUT with out node select_ln391)   --->   "%xor_ln391 = xor i3 %empty_119, i3 7" [dilithium2/fips202.c:391]   --->   Operation 48 'xor' 'xor_ln391' <Predicate = (exitcond10014 & !icmp_ln389)> <Delay = 0.00> <CoreInst = "LogicGate">   --->   Core 74 'LogicGate' <Latency = 0> <II = 1> <Delay = 0.80> <FuncUnit> <Opcode : 'and' 'or' 'xor'> <InPorts = 2> <OutPorts = 1>
ST_2 : Operation 49 [1/1] (1.21ns)   --->   "%empty_120 = icmp_ugt  i4 %sub_ln391, i4 2" [dilithium2/fips202.c:391]   --->   Operation 49 'icmp' 'empty_120' <Predicate = (exitcond10014 & !icmp_ln389)> <Delay = 1.21> <CoreInst = "Cmp">   --->   Core 9 'Cmp' <Latency = 0> <II = 1> <Delay = 1.21> <FuncUnit> <Opcode : 'icmp'> <InPorts = 2> <OutPorts = 1>
ST_2 : Operation 50 [1/1] (0.80ns) (out node of the LUT)   --->   "%select_ln391 = select i1 %empty_120, i3 5, i3 %xor_ln391" [dilithium2/fips202.c:391]   --->   Operation 50 'select' 'select_ln391' <Predicate = (exitcond10014 & !icmp_ln389)> <Delay = 0.80> <CoreInst = "Sel">   --->   Core 73 'Sel' <Latency = 0> <II = 1> <Delay = 0.79> <FuncUnit> <Opcode : 'select'> <InPorts = 3> <OutPorts = 1>
ST_2 : Operation 51 [1/1] (0.00ns)   --->   "%trunc_ln391 = trunc i3 %select_ln391" [dilithium2/fips202.c:391]   --->   Operation 51 'trunc' 'trunc_ln391' <Predicate = (exitcond10014 & !icmp_ln389)> <Delay = 0.00>
ST_2 : Operation 52 [1/1] (0.00ns)   --->   "%trunc_ln391_2 = trunc i3 %select_ln391" [dilithium2/fips202.c:391]   --->   Operation 52 'trunc' 'trunc_ln391_2' <Predicate = (exitcond10014 & !icmp_ln389)> <Delay = 0.00>
ST_2 : Operation 53 [1/1] (0.80ns)   --->   "%xor_ln391_3 = xor i3 %select_ln391, i3 7" [dilithium2/fips202.c:391]   --->   Operation 53 'xor' 'xor_ln391_3' <Predicate = (exitcond10014 & !icmp_ln389)> <Delay = 0.80> <CoreInst = "LogicGate">   --->   Core 74 'LogicGate' <Latency = 0> <II = 1> <Delay = 0.80> <FuncUnit> <Opcode : 'and' 'or' 'xor'> <InPorts = 2> <OutPorts = 1>
ST_2 : Operation 54 [2/2] (1.32ns)   --->   "%call_ln391 = call void @keccak_absorb_Pipeline_VITIS_LOOP_391_1, i3 %i, i3 %xor_ln391_3, i8 %m_1_read_3, i8 %m_0_read_3, i8 %t" [dilithium2/fips202.c:391]   --->   Operation 54 'call' 'call_ln391' <Predicate = (exitcond10014 & !icmp_ln389)> <Delay = 1.32> <CoreType = "Generic">   --->   Core 0 '' <Latency = 0> <II = 1> <Delay = 1.00> <Generic> <Opcode : >

State 3 <SV = 2> <Delay = 0.00>
ST_3 : Operation 55 [1/2] (0.00ns)   --->   "%call_ln391 = call void @keccak_absorb_Pipeline_VITIS_LOOP_391_1, i3 %i, i3 %xor_ln391_3, i8 %m_1_read_3, i8 %m_0_read_3, i8 %t" [dilithium2/fips202.c:391]   --->   Operation 55 'call' 'call_ln391' <Predicate = true> <Delay = 0.00> <CoreType = "Generic">   --->   Core 0 '' <Latency = 0> <II = 1> <Delay = 1.00> <Generic> <Opcode : >

State 4 <SV = 3> <Delay = 0.00>
ST_4 : Operation 56 [2/2] (0.00ns)   --->   "%call_ln0 = call void @keccak_absorb_Pipeline_VITIS_LOOP_30_1, i8 %t, i64 %r_4_loc"   --->   Operation 56 'call' 'call_ln0' <Predicate = true> <Delay = 0.00> <CoreType = "Generic">   --->   Core 0 '' <Latency = 0> <II = 1> <Delay = 1.00> <Generic> <Opcode : >

State 5 <SV = 4> <Delay = 5.98>
ST_5 : Operation 57 [1/1] (0.00ns)   --->   "%zext_ln391 = zext i3 %i" [dilithium2/fips202.c:391]   --->   Operation 57 'zext' 'zext_ln391' <Predicate = true> <Delay = 0.00>
ST_5 : Operation 58 [1/1] (0.00ns)   --->   "%sext_ln384 = sext i3 %xor_ln391_3" [dilithium2/fips202.c:384]   --->   Operation 58 'sext' 'sext_ln384' <Predicate = true> <Delay = 0.00>
ST_5 : Operation 59 [1/1] (0.00ns)   --->   "%sext_ln384_1 = sext i3 %xor_ln391_3" [dilithium2/fips202.c:384]   --->   Operation 59 'sext' 'sext_ln384_1' <Predicate = true> <Delay = 0.00>
ST_5 : Operation 60 [1/1] (1.60ns)   --->   "%add_ln382 = add i6 %sext_ln384_1, i6 %pos_read" [dilithium2/fips202.c:382]   --->   Operation 60 'add' 'add_ln382' <Predicate = true> <Delay = 1.60> <CoreInst = "Adder">   --->   Core 1 'Adder' <Latency = 0> <II = 1> <Delay = 1.60> <FuncUnit> <Opcode : 'add' 'sub'> <InPorts = 2> <OutPorts = 1>
ST_5 : Operation 61 [1/2] (2.53ns)   --->   "%call_ln0 = call void @keccak_absorb_Pipeline_VITIS_LOOP_30_1, i8 %t, i64 %r_4_loc"   --->   Operation 61 'call' 'call_ln0' <Predicate = true> <Delay = 2.53> <CoreType = "Generic">   --->   Core 0 '' <Latency = 0> <II = 1> <Delay = 1.00> <Generic> <Opcode : >
ST_5 : Operation 62 [1/1] (1.34ns)   --->   "%add_ln386 = add i5 %zext_ln391, i5 %sext_ln384" [dilithium2/fips202.c:386]   --->   Operation 62 'add' 'add_ln386' <Predicate = true> <Delay = 1.34> <CoreInst = "Adder">   --->   Core 1 'Adder' <Latency = 0> <II = 1> <Delay = 1.34> <FuncUnit> <Opcode : 'add' 'sub'> <InPorts = 2> <OutPorts = 1>
ST_5 : Operation 63 [1/1] (0.00ns)   --->   "%sext_ln396 = sext i5 %add_ln386" [dilithium2/fips202.c:396]   --->   Operation 63 'sext' 'sext_ln396' <Predicate = true> <Delay = 0.00>
ST_5 : Operation 64 [1/1] (1.60ns)   --->   "%sub_ln396 = sub i6 %add_ln382, i6 %sext_ln396" [dilithium2/fips202.c:396]   --->   Operation 64 'sub' 'sub_ln396' <Predicate = true> <Delay = 1.60> <CoreInst = "Adder">   --->   Core 1 'Adder' <Latency = 0> <II = 1> <Delay = 1.60> <FuncUnit> <Opcode : 'add' 'sub'> <InPorts = 2> <OutPorts = 1>
ST_5 : Operation 65 [1/1] (0.00ns)   --->   "%lshr_ln = partselect i3 @_ssdm_op_PartSelect.i3.i6.i32.i32, i6 %sub_ln396, i32 3, i32 5" [dilithium2/fips202.c:396]   --->   Operation 65 'partselect' 'lshr_ln' <Predicate = true> <Delay = 0.00>
ST_5 : Operation 66 [1/1] (0.00ns)   --->   "%zext_ln396 = zext i3 %lshr_ln" [dilithium2/fips202.c:396]   --->   Operation 66 'zext' 'zext_ln396' <Predicate = true> <Delay = 0.00>
ST_5 : Operation 67 [1/1] (0.00ns)   --->   "%s_addr = getelementptr i64 %s, i64 0, i64 %zext_ln396" [dilithium2/fips202.c:396]   --->   Operation 67 'getelementptr' 's_addr' <Predicate = true> <Delay = 0.00>
ST_5 : Operation 68 [2/2] (2.77ns)   --->   "%s_load = load i5 %s_addr" [dilithium2/fips202.c:396]   --->   Operation 68 'load' 's_load' <Predicate = true> <Delay = 2.77> <CoreInst = "RAM">   --->   Core 82 'RAM' <Latency = 1> <II = 1> <Delay = 2.77> <Storage> <Opcode : 'load' 'store'> <Ports = 2> <Width = 64> <Depth = 25> <RAM>

State 6 <SV = 5> <Delay = 6.35>
ST_6 : Operation 69 [1/1] (0.80ns)   --->   "%xor_ln391_3_cast = xor i1 %trunc_ln391_2, i1 1" [dilithium2/fips202.c:391]   --->   Operation 69 'xor' 'xor_ln391_3_cast' <Predicate = (!icmp_ln389)> <Delay = 0.80> <CoreInst = "LogicGate">   --->   Core 74 'LogicGate' <Latency = 0> <II = 1> <Delay = 0.80> <FuncUnit> <Opcode : 'and' 'or' 'xor'> <InPorts = 2> <OutPorts = 1>
ST_6 : Operation 70 [1/1] (1.20ns)   --->   "%add_ln384 = add i2 %trunc_ln391, i2 3" [dilithium2/fips202.c:384]   --->   Operation 70 'add' 'add_ln384' <Predicate = (!icmp_ln389)> <Delay = 1.20> <CoreInst = "Adder">   --->   Core 1 'Adder' <Latency = 0> <II = 1> <Delay = 1.20> <FuncUnit> <Opcode : 'add' 'sub'> <InPorts = 2> <OutPorts = 1>
ST_6 : Operation 71 [1/1] (0.00ns)   --->   "%r_4_loc_load = load i64 %r_4_loc"   --->   Operation 71 'load' 'r_4_loc_load' <Predicate = (!icmp_ln389)> <Delay = 0.00>
ST_6 : Operation 72 [1/2] (2.77ns)   --->   "%s_load = load i5 %s_addr" [dilithium2/fips202.c:396]   --->   Operation 72 'load' 's_load' <Predicate = (!icmp_ln389)> <Delay = 2.77> <CoreInst = "RAM">   --->   Core 82 'RAM' <Latency = 1> <II = 1> <Delay = 2.77> <Storage> <Opcode : 'load' 'store'> <Ports = 2> <Width = 64> <Depth = 25> <RAM>
ST_6 : Operation 73 [1/1] (0.80ns)   --->   "%xor_ln396 = xor i64 %s_load, i64 %r_4_loc_load" [dilithium2/fips202.c:396]   --->   Operation 73 'xor' 'xor_ln396' <Predicate = (!icmp_ln389)> <Delay = 0.80> <CoreInst = "LogicGate">   --->   Core 74 'LogicGate' <Latency = 0> <II = 1> <Delay = 0.80> <FuncUnit> <Opcode : 'and' 'or' 'xor'> <InPorts = 2> <OutPorts = 1>
ST_6 : Operation 74 [1/1] (2.77ns)   --->   "%store_ln396 = store i64 %xor_ln396, i5 %s_addr" [dilithium2/fips202.c:396]   --->   Operation 74 'store' 'store_ln396' <Predicate = (!icmp_ln389)> <Delay = 2.77> <CoreInst = "RAM">   --->   Core 82 'RAM' <Latency = 1> <II = 1> <Delay = 2.77> <Storage> <Opcode : 'load' 'store'> <Ports = 2> <Width = 64> <Depth = 25> <RAM>
ST_6 : Operation 75 [1/1] (1.32ns)   --->   "%br_ln397 = br void %if.end" [dilithium2/fips202.c:397]   --->   Operation 75 'br' 'br_ln397' <Predicate = (!icmp_ln389)> <Delay = 1.32>
ST_6 : Operation 76 [1/1] (0.00ns)   --->   "%phi_ln31 = phi i1 %xor_ln391_3_cast, void %if.then, i1 0, void %split" [dilithium2/fips202.c:31]   --->   Operation 76 'phi' 'phi_ln31' <Predicate = true> <Delay = 0.00>
ST_6 : Operation 77 [1/1] (0.00ns)   --->   "%phi_ln384_1 = phi i6 %add_ln382, void %if.then, i6 %pos_read, void %split" [dilithium2/fips202.c:384]   --->   Operation 77 'phi' 'phi_ln384_1' <Predicate = true> <Delay = 0.00>
ST_6 : Operation 78 [1/1] (0.00ns)   --->   "%mlen_assign_7 = phi i2 %add_ln384, void %if.then, i2 2, void %split" [dilithium2/fips202.c:384]   --->   Operation 78 'phi' 'mlen_assign_7' <Predicate = true> <Delay = 0.00>
ST_6 : Operation 79 [1/1] (0.00ns)   --->   "%zext_ln384 = zext i2 %mlen_assign_7" [dilithium2/fips202.c:384]   --->   Operation 79 'zext' 'zext_ln384' <Predicate = true> <Delay = 0.00>
ST_6 : Operation 80 [1/1] (0.00ns)   --->   "%zext_ln384_1 = zext i2 %mlen_assign_7" [dilithium2/fips202.c:384]   --->   Operation 80 'zext' 'zext_ln384_1' <Predicate = true> <Delay = 0.00>
ST_6 : Operation 81 [1/1] (0.00ns)   --->   "%zext_ln384_2 = zext i6 %phi_ln384_1" [dilithium2/fips202.c:384]   --->   Operation 81 'zext' 'zext_ln384_2' <Predicate = true> <Delay = 0.00>
ST_6 : Operation 82 [1/1] (1.22ns)   --->   "%icmp_ln399 = icmp_eq  i6 %phi_ln384_1, i6 0" [dilithium2/fips202.c:399]   --->   Operation 82 'icmp' 'icmp_ln399' <Predicate = true> <Delay = 1.22> <CoreInst = "Cmp">   --->   Core 9 'Cmp' <Latency = 0> <II = 1> <Delay = 1.22> <FuncUnit> <Opcode : 'icmp'> <InPorts = 2> <OutPorts = 1>
ST_6 : Operation 83 [1/1] (1.32ns)   --->   "%br_ln399 = br i1 %icmp_ln399, void %land.lhs.true, void %VITIS_LOOP_408_3" [dilithium2/fips202.c:399]   --->   Operation 83 'br' 'br_ln399' <Predicate = true> <Delay = 1.32>
ST_6 : Operation 84 [1/1] (1.71ns)   --->   "%sub_ln399 = sub i8 %r_read, i8 %zext_ln384_2" [dilithium2/fips202.c:399]   --->   Operation 84 'sub' 'sub_ln399' <Predicate = (!icmp_ln399)> <Delay = 1.71> <CoreInst = "Adder">   --->   Core 1 'Adder' <Latency = 0> <II = 1> <Delay = 1.71> <FuncUnit> <Opcode : 'add' 'sub'> <InPorts = 2> <OutPorts = 1>
ST_6 : Operation 85 [1/1] (0.00ns)   --->   "%trunc_ln399 = trunc i8 %sub_ln399" [dilithium2/fips202.c:399]   --->   Operation 85 'trunc' 'trunc_ln399' <Predicate = (!icmp_ln399)> <Delay = 0.00>
ST_6 : Operation 86 [1/1] (0.00ns)   --->   "%trunc_ln399_1 = trunc i8 %sub_ln399" [dilithium2/fips202.c:399]   --->   Operation 86 'trunc' 'trunc_ln399_1' <Predicate = (!icmp_ln399)> <Delay = 0.00>
ST_6 : Operation 87 [1/1] (1.24ns)   --->   "%icmp_ln399_2 = icmp_ult  i8 %zext_ln384_1, i8 %sub_ln399" [dilithium2/fips202.c:399]   --->   Operation 87 'icmp' 'icmp_ln399_2' <Predicate = (!icmp_ln399)> <Delay = 1.24> <CoreInst = "Cmp">   --->   Core 9 'Cmp' <Latency = 0> <II = 1> <Delay = 1.24> <FuncUnit> <Opcode : 'icmp'> <InPorts = 2> <OutPorts = 1>
ST_6 : Operation 88 [1/1] (1.32ns)   --->   "%br_ln399 = br i1 %icmp_ln399_2, void %VITIS_LOOP_400_2, void %VITIS_LOOP_408_3" [dilithium2/fips202.c:399]   --->   Operation 88 'br' 'br_ln399' <Predicate = (!icmp_ln399)> <Delay = 1.32>

State 7 <SV = 6> <Delay = 1.07>
ST_7 : Operation 89 [1/1] (0.00ns)   --->   "%trunc_ln = partselect i3 @_ssdm_op_PartSelect.i3.i6.i32.i32, i6 %phi_ln384_1, i32 3, i32 5" [dilithium2/fips202.c:400]   --->   Operation 89 'partselect' 'trunc_ln' <Predicate = true> <Delay = 0.00>
ST_7 : Operation 90 [1/1] (1.07ns)   --->   "%select_ln31 = select i1 %phi_ln31, i8 %m_1_read_3, i8 %m_0_read_3" [dilithium2/fips202.c:31]   --->   Operation 90 'select' 'select_ln31' <Predicate = true> <Delay = 1.07> <CoreInst = "Sel">   --->   Core 73 'Sel' <Latency = 0> <II = 1> <Delay = 1.07> <FuncUnit> <Opcode : 'select'> <InPorts = 3> <OutPorts = 1>
ST_7 : Operation 91 [1/1] (1.07ns)   --->   "%select_ln31_1 = select i1 %phi_ln31, i8 %m_0_read_3, i8 %m_1_read_3" [dilithium2/fips202.c:31]   --->   Operation 91 'select' 'select_ln31_1' <Predicate = true> <Delay = 1.07> <CoreInst = "Sel">   --->   Core 73 'Sel' <Latency = 0> <II = 1> <Delay = 1.07> <FuncUnit> <Opcode : 'select'> <InPorts = 3> <OutPorts = 1>
ST_7 : Operation 92 [2/2] (0.00ns)   --->   "%call_ln31 = call void @keccak_absorb_Pipeline_VITIS_LOOP_400_2, i8 %select_ln31_1, i8 %select_ln31, i3 %trunc_ln, i64 %s" [dilithium2/fips202.c:31]   --->   Operation 92 'call' 'call_ln31' <Predicate = true> <Delay = 0.00> <CoreType = "Generic">   --->   Core 0 '' <Latency = 0> <II = 1> <Delay = 1.00> <Generic> <Opcode : >

State 8 <SV = 7> <Delay = 0.00>
ST_8 : Operation 93 [1/2] (0.00ns)   --->   "%call_ln31 = call void @keccak_absorb_Pipeline_VITIS_LOOP_400_2, i8 %select_ln31_1, i8 %select_ln31, i3 %trunc_ln, i64 %s" [dilithium2/fips202.c:31]   --->   Operation 93 'call' 'call_ln31' <Predicate = true> <Delay = 0.00> <CoreType = "Generic">   --->   Core 0 '' <Latency = 0> <II = 1> <Delay = 1.00> <Generic> <Opcode : >

State 9 <SV = 8> <Delay = 0.00>
ST_9 : Operation 94 [2/2] (0.00ns)   --->   "%call_ln405 = call void @KeccakF1600_StatePermute, i64 %s, i64 %KeccakF_RoundConstants" [dilithium2/fips202.c:405]   --->   Operation 94 'call' 'call_ln405' <Predicate = true> <Delay = 0.00> <CoreType = "Generic">   --->   Core 0 '' <Latency = 0> <II = 1> <Delay = 1.00> <Generic> <Opcode : >

State 10 <SV = 9> <Delay = 3.99>
ST_10 : Operation 95 [1/1] (1.34ns)   --->   "%sub_ln403 = sub i3 %zext_ln384, i3 %trunc_ln399_1" [dilithium2/fips202.c:403]   --->   Operation 95 'sub' 'sub_ln403' <Predicate = (!icmp_ln399 & !icmp_ln399_2)> <Delay = 1.34> <CoreInst = "Adder">   --->   Core 1 'Adder' <Latency = 0> <II = 1> <Delay = 1.34> <FuncUnit> <Opcode : 'add' 'sub'> <InPorts = 2> <OutPorts = 1>
ST_10 : Operation 96 [1/2] (0.00ns)   --->   "%call_ln405 = call void @KeccakF1600_StatePermute, i64 %s, i64 %KeccakF_RoundConstants" [dilithium2/fips202.c:405]   --->   Operation 96 'call' 'call_ln405' <Predicate = (!icmp_ln399 & !icmp_ln399_2)> <Delay = 0.00> <CoreType = "Generic">   --->   Core 0 '' <Latency = 0> <II = 1> <Delay = 1.00> <Generic> <Opcode : >
ST_10 : Operation 97 [1/1] (0.80ns)   --->   "%xor_ln406 = xor i1 %phi_ln31, i1 %trunc_ln399" [dilithium2/fips202.c:406]   --->   Operation 97 'xor' 'xor_ln406' <Predicate = (!icmp_ln399 & !icmp_ln399_2)> <Delay = 0.80> <CoreInst = "LogicGate">   --->   Core 74 'LogicGate' <Latency = 0> <II = 1> <Delay = 0.80> <FuncUnit> <Opcode : 'and' 'or' 'xor'> <InPorts = 2> <OutPorts = 1>
ST_10 : Operation 98 [1/1] (1.32ns)   --->   "%br_ln406 = br void %VITIS_LOOP_408_3" [dilithium2/fips202.c:406]   --->   Operation 98 'br' 'br_ln406' <Predicate = (!icmp_ln399 & !icmp_ln399_2)> <Delay = 1.32>
ST_10 : Operation 99 [1/1] (0.00ns)   --->   "%phi_ln384 = phi i1 %xor_ln406, void %VITIS_LOOP_400_2, i1 %phi_ln31, void %if.end, i1 %phi_ln31, void %land.lhs.true" [dilithium2/fips202.c:384]   --->   Operation 99 'phi' 'phi_ln384' <Predicate = true> <Delay = 0.00>
ST_10 : Operation 100 [1/1] (0.00ns)   --->   "%phi_ln384_2 = phi i6 0, void %VITIS_LOOP_400_2, i6 0, void %if.end, i6 %phi_ln384_1, void %land.lhs.true" [dilithium2/fips202.c:384]   --->   Operation 100 'phi' 'phi_ln384_2' <Predicate = true> <Delay = 0.00>
ST_10 : Operation 101 [1/1] (0.00ns)   --->   "%mlen_assign_9 = phi i3 %sub_ln403, void %VITIS_LOOP_400_2, i3 %zext_ln384, void %if.end, i3 %zext_ln384, void %land.lhs.true" [dilithium2/fips202.c:403]   --->   Operation 101 'phi' 'mlen_assign_9' <Predicate = true> <Delay = 0.00>
ST_10 : Operation 102 [1/1] (0.00ns)   --->   "%idx104 = alloca i32 1"   --->   Operation 102 'alloca' 'idx104' <Predicate = true> <Delay = 0.00>
ST_10 : Operation 103 [1/1] (0.00ns)   --->   "%mlen_assign_10 = alloca i32 1"   --->   Operation 103 'alloca' 'mlen_assign_10' <Predicate = true> <Delay = 0.00>
ST_10 : Operation 104 [1/1] (0.00ns)   --->   "%sext_ln384_2 = sext i3 %mlen_assign_9" [dilithium2/fips202.c:384]   --->   Operation 104 'sext' 'sext_ln384_2' <Predicate = true> <Delay = 0.00>
ST_10 : Operation 105 [1/1] (0.00ns)   --->   "%zext_ln384_3 = zext i6 %phi_ln384_2" [dilithium2/fips202.c:384]   --->   Operation 105 'zext' 'zext_ln384_3' <Predicate = true> <Delay = 0.00>
ST_10 : Operation 106 [1/1] (0.00ns)   --->   "%conv28 = zext i8 %r_read"   --->   Operation 106 'zext' 'conv28' <Predicate = true> <Delay = 0.00>
ST_10 : Operation 107 [1/1] (0.00ns)   --->   "%trunc_ln19 = partselect i5 @_ssdm_op_PartSelect.i5.i8.i32.i32, i8 %r_read, i32 3, i32 7" [dilithium2/fips202.c:384]   --->   Operation 107 'partselect' 'trunc_ln19' <Predicate = true> <Delay = 0.00>
ST_10 : Operation 108 [1/1] (1.32ns)   --->   "%store_ln408 = store i64 %sext_ln384_2, i64 %mlen_assign_10" [dilithium2/fips202.c:408]   --->   Operation 108 'store' 'store_ln408' <Predicate = true> <Delay = 1.32>
ST_10 : Operation 109 [1/1] (1.32ns)   --->   "%store_ln408 = store i64 0, i64 %idx104" [dilithium2/fips202.c:408]   --->   Operation 109 'store' 'store_ln408' <Predicate = true> <Delay = 1.32>
ST_10 : Operation 110 [1/1] (0.00ns)   --->   "%br_ln408 = br void %while.cond27" [dilithium2/fips202.c:408]   --->   Operation 110 'br' 'br_ln408' <Predicate = true> <Delay = 0.00>

State 11 <SV = 10> <Delay = 4.88>
ST_11 : Operation 111 [1/1] (0.00ns)   --->   "%idx104_load = load i64 %idx104" [dilithium2/fips202.c:384]   --->   Operation 111 'load' 'idx104_load' <Predicate = true> <Delay = 0.00>
ST_11 : Operation 112 [1/1] (0.00ns)   --->   "%mlen_assign_10_load = load i64 %mlen_assign_10" [dilithium2/fips202.c:384]   --->   Operation 112 'load' 'mlen_assign_10_load' <Predicate = true> <Delay = 0.00>
ST_11 : Operation 113 [1/1] (0.00ns)   --->   "%trunc_ln384 = trunc i64 %idx104_load" [dilithium2/fips202.c:384]   --->   Operation 113 'trunc' 'trunc_ln384' <Predicate = true> <Delay = 0.00>
ST_11 : Operation 114 [1/1] (2.34ns)   --->   "%icmp_ln408 = icmp_ult  i64 %mlen_assign_10_load, i64 %conv28" [dilithium2/fips202.c:408]   --->   Operation 114 'icmp' 'icmp_ln408' <Predicate = true> <Delay = 2.34> <CoreInst = "Cmp">   --->   Core 9 'Cmp' <Latency = 0> <II = 1> <Delay = 2.34> <FuncUnit> <Opcode : 'icmp'> <InPorts = 2> <OutPorts = 1>
ST_11 : Operation 115 [1/1] (0.00ns)   --->   "%br_ln408 = br i1 %icmp_ln408, void %VITIS_LOOP_409_4, void %VITIS_LOOP_416_5" [dilithium2/fips202.c:408]   --->   Operation 115 'br' 'br_ln408' <Predicate = true> <Delay = 0.00>
ST_11 : Operation 116 [1/1] (0.80ns)   --->   "%xor_ln31_1 = xor i1 %trunc_ln384, i1 %phi_ln384" [dilithium2/fips202.c:31]   --->   Operation 116 'xor' 'xor_ln31_1' <Predicate = (!icmp_ln408)> <Delay = 0.80> <CoreInst = "LogicGate">   --->   Core 74 'LogicGate' <Latency = 0> <II = 1> <Delay = 0.80> <FuncUnit> <Opcode : 'and' 'or' 'xor'> <InPorts = 2> <OutPorts = 1>
ST_11 : Operation 117 [1/1] (1.07ns)   --->   "%select_ln31_4 = select i1 %xor_ln31_1, i8 %m_1_read_3, i8 %m_0_read_3" [dilithium2/fips202.c:31]   --->   Operation 117 'select' 'select_ln31_4' <Predicate = (!icmp_ln408)> <Delay = 1.07> <CoreInst = "Sel">   --->   Core 73 'Sel' <Latency = 0> <II = 1> <Delay = 1.07> <FuncUnit> <Opcode : 'select'> <InPorts = 3> <OutPorts = 1>
ST_11 : Operation 118 [1/1] (1.07ns)   --->   "%select_ln31_5 = select i1 %xor_ln31_1, i8 %m_0_read_3, i8 %m_1_read_3" [dilithium2/fips202.c:31]   --->   Operation 118 'select' 'select_ln31_5' <Predicate = (!icmp_ln408)> <Delay = 1.07> <CoreInst = "Sel">   --->   Core 73 'Sel' <Latency = 0> <II = 1> <Delay = 1.07> <FuncUnit> <Opcode : 'select'> <InPorts = 3> <OutPorts = 1>
ST_11 : Operation 119 [2/2] (2.54ns)   --->   "%call_ln384 = call void @keccak_absorb_Pipeline_VITIS_LOOP_409_4, i5 %trunc_ln19, i8 %select_ln31_5, i8 %select_ln31_4, i64 %s" [dilithium2/fips202.c:384]   --->   Operation 119 'call' 'call_ln384' <Predicate = (!icmp_ln408)> <Delay = 2.54> <CoreType = "Generic">   --->   Core 0 '' <Latency = 0> <II = 1> <Delay = 1.00> <Generic> <Opcode : >
ST_11 : Operation 120 [1/1] (2.99ns)   --->   "%add_ln411 = add i64 %conv28, i64 %idx104_load" [dilithium2/fips202.c:411]   --->   Operation 120 'add' 'add_ln411' <Predicate = (!icmp_ln408)> <Delay = 2.99> <CoreInst = "Adder">   --->   Core 1 'Adder' <Latency = 0> <II = 1> <Delay = 2.99> <FuncUnit> <Opcode : 'add' 'sub'> <InPorts = 2> <OutPorts = 1>
ST_11 : Operation 121 [1/1] (2.99ns)   --->   "%sub_ln408 = sub i64 %mlen_assign_10_load, i64 %conv28" [dilithium2/fips202.c:408]   --->   Operation 121 'sub' 'sub_ln408' <Predicate = (!icmp_ln408)> <Delay = 2.99> <CoreInst = "Adder">   --->   Core 1 'Adder' <Latency = 0> <II = 1> <Delay = 2.99> <FuncUnit> <Opcode : 'add' 'sub'> <InPorts = 2> <OutPorts = 1>
ST_11 : Operation 122 [1/1] (1.32ns)   --->   "%store_ln408 = store i64 %sub_ln408, i64 %mlen_assign_10" [dilithium2/fips202.c:408]   --->   Operation 122 'store' 'store_ln408' <Predicate = (!icmp_ln408)> <Delay = 1.32>
ST_11 : Operation 123 [1/1] (1.32ns)   --->   "%store_ln408 = store i64 %add_ln411, i64 %idx104" [dilithium2/fips202.c:408]   --->   Operation 123 'store' 'store_ln408' <Predicate = (!icmp_ln408)> <Delay = 1.32>
ST_11 : Operation 124 [1/1] (0.00ns)   --->   "%trunc_ln384_3 = trunc i64 %mlen_assign_10_load" [dilithium2/fips202.c:384]   --->   Operation 124 'trunc' 'trunc_ln384_3' <Predicate = (icmp_ln408)> <Delay = 0.00>
ST_11 : Operation 125 [1/1] (0.00ns)   --->   "%trunc_ln418_2 = partselect i3 @_ssdm_op_PartSelect.i3.i6.i32.i32, i6 %phi_ln384_2, i32 3, i32 5" [dilithium2/fips202.c:418]   --->   Operation 125 'partselect' 'trunc_ln418_2' <Predicate = (icmp_ln408)> <Delay = 0.00>
ST_11 : Operation 126 [1/1] (0.80ns)   --->   "%xor_ln31 = xor i1 %trunc_ln384, i1 %phi_ln384" [dilithium2/fips202.c:31]   --->   Operation 126 'xor' 'xor_ln31' <Predicate = (icmp_ln408)> <Delay = 0.80> <CoreInst = "LogicGate">   --->   Core 74 'LogicGate' <Latency = 0> <II = 1> <Delay = 0.80> <FuncUnit> <Opcode : 'and' 'or' 'xor'> <InPorts = 2> <OutPorts = 1>
ST_11 : Operation 127 [1/1] (1.07ns)   --->   "%select_ln31_2 = select i1 %xor_ln31, i8 %m_1_read_3, i8 %m_0_read_3" [dilithium2/fips202.c:31]   --->   Operation 127 'select' 'select_ln31_2' <Predicate = (icmp_ln408)> <Delay = 1.07> <CoreInst = "Sel">   --->   Core 73 'Sel' <Latency = 0> <II = 1> <Delay = 1.07> <FuncUnit> <Opcode : 'select'> <InPorts = 3> <OutPorts = 1>
ST_11 : Operation 128 [1/1] (1.07ns)   --->   "%select_ln31_3 = select i1 %xor_ln31, i8 %m_0_read_3, i8 %m_1_read_3" [dilithium2/fips202.c:31]   --->   Operation 128 'select' 'select_ln31_3' <Predicate = (icmp_ln408)> <Delay = 1.07> <CoreInst = "Sel">   --->   Core 73 'Sel' <Latency = 0> <II = 1> <Delay = 1.07> <FuncUnit> <Opcode : 'select'> <InPorts = 3> <OutPorts = 1>
ST_11 : Operation 129 [1/1] (0.00ns)   --->   "%tmp_s = partselect i5 @_ssdm_op_PartSelect.i5.i64.i32.i32, i64 %mlen_assign_10_load, i32 3, i32 7" [dilithium2/fips202.c:384]   --->   Operation 129 'partselect' 'tmp_s' <Predicate = (icmp_ln408)> <Delay = 0.00>
ST_11 : Operation 130 [2/2] (0.00ns)   --->   "%call_ln384 = call void @keccak_absorb_Pipeline_VITIS_LOOP_416_5, i5 %tmp_s, i8 %select_ln31_3, i8 %select_ln31_2, i3 %trunc_ln418_2, i64 %s" [dilithium2/fips202.c:384]   --->   Operation 130 'call' 'call_ln384' <Predicate = (icmp_ln408)> <Delay = 0.00> <CoreType = "Generic">   --->   Core 0 '' <Latency = 0> <II = 1> <Delay = 1.00> <Generic> <Opcode : >
ST_11 : Operation 131 [1/1] (0.00ns)   --->   "%and_ln = bitconcatenate i8 @_ssdm_op_BitConcatenate.i8.i5.i3, i5 %tmp_s, i3 0" [dilithium2/fips202.c:418]   --->   Operation 131 'bitconcatenate' 'and_ln' <Predicate = (icmp_ln408)> <Delay = 0.00>
ST_11 : Operation 132 [1/1] (0.00ns)   --->   "%zext_ln418 = zext i8 %and_ln" [dilithium2/fips202.c:418]   --->   Operation 132 'zext' 'zext_ln418' <Predicate = (icmp_ln408)> <Delay = 0.00>
ST_11 : Operation 133 [1/1] (0.00ns)   --->   "%zext_ln419 = zext i8 %and_ln" [dilithium2/fips202.c:419]   --->   Operation 133 'zext' 'zext_ln419' <Predicate = (icmp_ln408)> <Delay = 0.00>
ST_11 : Operation 134 [1/1] (1.73ns)   --->   "%sub_ln384 = sub i9 %trunc_ln384_3, i9 %zext_ln419" [dilithium2/fips202.c:384]   --->   Operation 134 'sub' 'sub_ln384' <Predicate = (icmp_ln408)> <Delay = 1.73> <CoreInst = "Adder">   --->   Core 1 'Adder' <Latency = 0> <II = 1> <Delay = 1.73> <FuncUnit> <Opcode : 'add' 'sub'> <InPorts = 2> <OutPorts = 1>
ST_11 : Operation 135 [1/1] (1.71ns)   --->   "%add_ln382_3 = add i8 %and_ln, i8 %zext_ln384_3" [dilithium2/fips202.c:382]   --->   Operation 135 'add' 'add_ln382_3' <Predicate = (icmp_ln408)> <Delay = 1.71> <CoreInst = "Adder">   --->   Core 1 'Adder' <Latency = 0> <II = 1> <Delay = 1.71> <FuncUnit> <Opcode : 'add' 'sub'> <InPorts = 2> <OutPorts = 1>
ST_11 : Operation 136 [1/1] (2.34ns)   --->   "%icmp_ln422 = icmp_eq  i64 %mlen_assign_10_load, i64 %zext_ln418" [dilithium2/fips202.c:422]   --->   Operation 136 'icmp' 'icmp_ln422' <Predicate = (icmp_ln408)> <Delay = 2.34> <CoreInst = "Cmp">   --->   Core 9 'Cmp' <Latency = 0> <II = 1> <Delay = 2.34> <FuncUnit> <Opcode : 'icmp'> <InPorts = 2> <OutPorts = 1>

State 12 <SV = 11> <Delay = 0.00>
ST_12 : Operation 137 [1/2] (0.00ns)   --->   "%call_ln384 = call void @keccak_absorb_Pipeline_VITIS_LOOP_409_4, i5 %trunc_ln19, i8 %select_ln31_5, i8 %select_ln31_4, i64 %s" [dilithium2/fips202.c:384]   --->   Operation 137 'call' 'call_ln384' <Predicate = true> <Delay = 0.00> <CoreType = "Generic">   --->   Core 0 '' <Latency = 0> <II = 1> <Delay = 1.00> <Generic> <Opcode : >

State 13 <SV = 12> <Delay = 0.00>
ST_13 : Operation 138 [2/2] (0.00ns)   --->   "%call_ln413 = call void @KeccakF1600_StatePermute, i64 %s, i64 %KeccakF_RoundConstants" [dilithium2/fips202.c:413]   --->   Operation 138 'call' 'call_ln413' <Predicate = true> <Delay = 0.00> <CoreType = "Generic">   --->   Core 0 '' <Latency = 0> <II = 1> <Delay = 1.00> <Generic> <Opcode : >

State 14 <SV = 13> <Delay = 0.00>
ST_14 : Operation 139 [1/1] (0.00ns)   --->   "%specloopname_ln386 = specloopname void @_ssdm_op_SpecLoopName, void @empty_8" [dilithium2/fips202.c:386]   --->   Operation 139 'specloopname' 'specloopname_ln386' <Predicate = true> <Delay = 0.00>
ST_14 : Operation 140 [1/2] (0.00ns)   --->   "%call_ln413 = call void @KeccakF1600_StatePermute, i64 %s, i64 %KeccakF_RoundConstants" [dilithium2/fips202.c:413]   --->   Operation 140 'call' 'call_ln413' <Predicate = true> <Delay = 0.00> <CoreType = "Generic">   --->   Core 0 '' <Latency = 0> <II = 1> <Delay = 1.00> <Generic> <Opcode : >
ST_14 : Operation 141 [1/1] (0.00ns)   --->   "%br_ln408 = br void %while.cond27" [dilithium2/fips202.c:408]   --->   Operation 141 'br' 'br_ln408' <Predicate = true> <Delay = 0.00>

State 15 <SV = 11> <Delay = 1.32>
ST_15 : Operation 142 [1/2] (0.00ns)   --->   "%call_ln384 = call void @keccak_absorb_Pipeline_VITIS_LOOP_416_5, i5 %tmp_s, i8 %select_ln31_3, i8 %select_ln31_2, i3 %trunc_ln418_2, i64 %s" [dilithium2/fips202.c:384]   --->   Operation 142 'call' 'call_ln384' <Predicate = true> <Delay = 0.00> <CoreType = "Generic">   --->   Core 0 '' <Latency = 0> <II = 1> <Delay = 1.00> <Generic> <Opcode : >
ST_15 : Operation 143 [1/1] (1.32ns)   --->   "%br_ln422 = br i1 %icmp_ln422, void %for.inc82.preheader, void %if.end105" [dilithium2/fips202.c:422]   --->   Operation 143 'br' 'br_ln422' <Predicate = true> <Delay = 1.32>
ST_15 : Operation 144 [2/2] (0.00ns)   --->   "%call_ln0 = call void @keccak_absorb_Pipeline_VITIS_LOOP_423_6, i8 %t"   --->   Operation 144 'call' 'call_ln0' <Predicate = (!icmp_ln422)> <Delay = 0.00> <CoreType = "Generic">   --->   Core 0 '' <Latency = 0> <II = 1> <Delay = 1.00> <Generic> <Opcode : >

State 16 <SV = 12> <Delay = 0.00>
ST_16 : Operation 145 [1/2] (0.00ns)   --->   "%call_ln0 = call void @keccak_absorb_Pipeline_VITIS_LOOP_423_6, i8 %t"   --->   Operation 145 'call' 'call_ln0' <Predicate = true> <Delay = 0.00> <CoreType = "Generic">   --->   Core 0 '' <Latency = 0> <II = 1> <Delay = 1.00> <Generic> <Opcode : >

State 17 <SV = 13> <Delay = 3.86>
ST_17 : Operation 146 [2/2] (3.86ns)   --->   "%call_ln384 = call void @keccak_absorb_Pipeline_VITIS_LOOP_425_7, i9 %sub_ln384, i1 %xor_ln31, i8 %m_1_read_3, i8 %m_0_read_3, i8 %t" [dilithium2/fips202.c:384]   --->   Operation 146 'call' 'call_ln384' <Predicate = true> <Delay = 3.86> <CoreType = "Generic">   --->   Core 0 '' <Latency = 0> <II = 1> <Delay = 1.00> <Generic> <Opcode : >
ST_17 : Operation 147 [1/1] (0.00ns)   --->   "%trunc_ln428 = trunc i9 %sub_ln384" [dilithium2/fips202.c:428]   --->   Operation 147 'trunc' 'trunc_ln428' <Predicate = true> <Delay = 0.00>

State 18 <SV = 14> <Delay = 0.00>
ST_18 : Operation 148 [1/2] (0.00ns)   --->   "%call_ln384 = call void @keccak_absorb_Pipeline_VITIS_LOOP_425_7, i9 %sub_ln384, i1 %xor_ln31, i8 %m_1_read_3, i8 %m_0_read_3, i8 %t" [dilithium2/fips202.c:384]   --->   Operation 148 'call' 'call_ln384' <Predicate = true> <Delay = 0.00> <CoreType = "Generic">   --->   Core 0 '' <Latency = 0> <II = 1> <Delay = 1.00> <Generic> <Opcode : >

State 19 <SV = 15> <Delay = 0.00>
ST_19 : Operation 149 [2/2] (0.00ns)   --->   "%call_ln0 = call void @keccak_absorb_Pipeline_VITIS_LOOP_30_125, i8 %t, i64 %r_6_loc"   --->   Operation 149 'call' 'call_ln0' <Predicate = true> <Delay = 0.00> <CoreType = "Generic">   --->   Core 0 '' <Latency = 0> <II = 1> <Delay = 1.00> <Generic> <Opcode : >

State 20 <SV = 16> <Delay = 2.77>
ST_20 : Operation 150 [1/2] (2.53ns)   --->   "%call_ln0 = call void @keccak_absorb_Pipeline_VITIS_LOOP_30_125, i8 %t, i64 %r_6_loc"   --->   Operation 150 'call' 'call_ln0' <Predicate = true> <Delay = 2.53> <CoreType = "Generic">   --->   Core 0 '' <Latency = 0> <II = 1> <Delay = 1.00> <Generic> <Opcode : >
ST_20 : Operation 151 [1/1] (0.00ns)   --->   "%lshr_ln1 = partselect i5 @_ssdm_op_PartSelect.i5.i8.i32.i32, i8 %add_ln382_3, i32 3, i32 7" [dilithium2/fips202.c:427]   --->   Operation 151 'partselect' 'lshr_ln1' <Predicate = true> <Delay = 0.00>
ST_20 : Operation 152 [1/1] (0.00ns)   --->   "%zext_ln427 = zext i5 %lshr_ln1" [dilithium2/fips202.c:427]   --->   Operation 152 'zext' 'zext_ln427' <Predicate = true> <Delay = 0.00>
ST_20 : Operation 153 [1/1] (0.00ns)   --->   "%s_addr_2 = getelementptr i64 %s, i64 0, i64 %zext_ln427" [dilithium2/fips202.c:427]   --->   Operation 153 'getelementptr' 's_addr_2' <Predicate = true> <Delay = 0.00>
ST_20 : Operation 154 [2/2] (2.77ns)   --->   "%s_load_2 = load i5 %s_addr_2" [dilithium2/fips202.c:427]   --->   Operation 154 'load' 's_load_2' <Predicate = true> <Delay = 2.77> <CoreInst = "RAM">   --->   Core 82 'RAM' <Latency = 1> <II = 1> <Delay = 2.77> <Storage> <Opcode : 'load' 'store'> <Ports = 2> <Width = 64> <Depth = 25> <RAM>

State 21 <SV = 17> <Delay = 6.35>
ST_21 : Operation 155 [1/1] (0.00ns)   --->   "%r_6_loc_load = load i64 %r_6_loc"   --->   Operation 155 'load' 'r_6_loc_load' <Predicate = (!icmp_ln422)> <Delay = 0.00>
ST_21 : Operation 156 [1/2] (2.77ns)   --->   "%s_load_2 = load i5 %s_addr_2" [dilithium2/fips202.c:427]   --->   Operation 156 'load' 's_load_2' <Predicate = (!icmp_ln422)> <Delay = 2.77> <CoreInst = "RAM">   --->   Core 82 'RAM' <Latency = 1> <II = 1> <Delay = 2.77> <Storage> <Opcode : 'load' 'store'> <Ports = 2> <Width = 64> <Depth = 25> <RAM>
ST_21 : Operation 157 [1/1] (0.80ns)   --->   "%xor_ln427 = xor i64 %s_load_2, i64 %r_6_loc_load" [dilithium2/fips202.c:427]   --->   Operation 157 'xor' 'xor_ln427' <Predicate = (!icmp_ln422)> <Delay = 0.80> <CoreInst = "LogicGate">   --->   Core 74 'LogicGate' <Latency = 0> <II = 1> <Delay = 0.80> <FuncUnit> <Opcode : 'and' 'or' 'xor'> <InPorts = 2> <OutPorts = 1>
ST_21 : Operation 158 [1/1] (2.77ns)   --->   "%store_ln427 = store i64 %xor_ln427, i5 %s_addr_2" [dilithium2/fips202.c:427]   --->   Operation 158 'store' 'store_ln427' <Predicate = (!icmp_ln422)> <Delay = 2.77> <CoreInst = "RAM">   --->   Core 82 'RAM' <Latency = 1> <II = 1> <Delay = 2.77> <Storage> <Opcode : 'load' 'store'> <Ports = 2> <Width = 64> <Depth = 25> <RAM>
ST_21 : Operation 159 [1/1] (1.71ns)   --->   "%add_ln428 = add i8 %trunc_ln428, i8 %add_ln382_3" [dilithium2/fips202.c:428]   --->   Operation 159 'add' 'add_ln428' <Predicate = (!icmp_ln422)> <Delay = 1.71> <CoreInst = "Adder">   --->   Core 1 'Adder' <Latency = 0> <II = 1> <Delay = 1.71> <FuncUnit> <Opcode : 'add' 'sub'> <InPorts = 2> <OutPorts = 1>
ST_21 : Operation 160 [1/1] (1.32ns)   --->   "%br_ln429 = br void %if.end105" [dilithium2/fips202.c:429]   --->   Operation 160 'br' 'br_ln429' <Predicate = (!icmp_ln422)> <Delay = 1.32>
ST_21 : Operation 161 [1/1] (0.00ns)   --->   "%phi_ln382 = phi i8 %add_ln428, void %for.inc82.preheader, i8 %add_ln382_3, void %VITIS_LOOP_416_5" [dilithium2/fips202.c:382]   --->   Operation 161 'phi' 'phi_ln382' <Predicate = true> <Delay = 0.00>
ST_21 : Operation 162 [1/1] (0.00ns)   --->   "%ret_ln431 = ret i8 %phi_ln382" [dilithium2/fips202.c:431]   --->   Operation 162 'ret' 'ret_ln431' <Predicate = true> <Delay = 0.00>


============================================================
+ Verbose Summary: Timing violations
============================================================
Target clock period: 50ns, clock uncertainty: 13.5ns.

 <State 1>: 1.32ns
The critical path consists of the following:
	'alloca' operation ('empty') [7]  (0 ns)
	'store' operation ('store_ln387', dilithium2/fips202.c:387) of constant 0 on local variable 'empty' [16]  (1.32 ns)

 <State 2>: 5.64ns
The critical path consists of the following:
	'sub' operation ('sub_ln391', dilithium2/fips202.c:391) [36]  (1.49 ns)
	'icmp' operation ('empty_120', dilithium2/fips202.c:391) [39]  (1.21 ns)
	'select' operation ('select_ln391', dilithium2/fips202.c:391) [40]  (0.806 ns)
	'xor' operation ('xor_ln391_3', dilithium2/fips202.c:391) [43]  (0.806 ns)
	'call' operation ('call_ln391', dilithium2/fips202.c:391) to 'keccak_absorb_Pipeline_VITIS_LOOP_391_1' [49]  (1.32 ns)

 <State 3>: 0ns
The critical path consists of the following:

 <State 4>: 0ns
The critical path consists of the following:

 <State 5>: 5.98ns
The critical path consists of the following:
	'add' operation ('pos', dilithium2/fips202.c:382) [48]  (1.6 ns)
	'sub' operation ('sub_ln396', dilithium2/fips202.c:396) [54]  (1.6 ns)
	'getelementptr' operation ('s_addr', dilithium2/fips202.c:396) [57]  (0 ns)
	'load' operation ('s_load', dilithium2/fips202.c:396) on array 's' [58]  (2.77 ns)

 <State 6>: 6.35ns
The critical path consists of the following:
	'load' operation ('s_load', dilithium2/fips202.c:396) on array 's' [58]  (2.77 ns)
	'xor' operation ('xor_ln396', dilithium2/fips202.c:396) [59]  (0.808 ns)
	'store' operation ('store_ln396', dilithium2/fips202.c:396) of variable 'xor_ln396', dilithium2/fips202.c:396 on array 's' [60]  (2.77 ns)

 <State 7>: 1.08ns
The critical path consists of the following:
	'select' operation ('select_ln31', dilithium2/fips202.c:31) [79]  (1.08 ns)

 <State 8>: 0ns
The critical path consists of the following:

 <State 9>: 0ns
The critical path consists of the following:

 <State 10>: 3.99ns
The critical path consists of the following:
	'sub' operation ('mlen', dilithium2/fips202.c:403) [82]  (1.35 ns)
	multiplexor before 'phi' operation ('mlen', dilithium2/fips202.c:403) with incoming values : ('zext_ln384', dilithium2/fips202.c:384) ('mlen', dilithium2/fips202.c:403) [89]  (1.32 ns)
	'phi' operation ('mlen', dilithium2/fips202.c:403) with incoming values : ('zext_ln384', dilithium2/fips202.c:384) ('mlen', dilithium2/fips202.c:403) [89]  (0 ns)
	'store' operation ('store_ln408', dilithium2/fips202.c:408) of variable 'sext_ln384_2', dilithium2/fips202.c:384 on local variable 'mlen' [96]  (1.32 ns)

 <State 11>: 4.88ns
The critical path consists of the following:
	'load' operation ('idx104_load', dilithium2/fips202.c:384) on local variable 'idx104' [100]  (0 ns)
	'xor' operation ('xor_ln31_1', dilithium2/fips202.c:31) [107]  (0.8 ns)
	'select' operation ('select_ln31_5', dilithium2/fips202.c:31) [109]  (1.08 ns)
	'call' operation ('call_ln384', dilithium2/fips202.c:384) to 'keccak_absorb_Pipeline_VITIS_LOOP_409_4' [110]  (2.54 ns)
	blocking operation 0.465 ns on control path)

 <State 12>: 0ns
The critical path consists of the following:

 <State 13>: 0ns
The critical path consists of the following:

 <State 14>: 0ns
The critical path consists of the following:

 <State 15>: 1.32ns
The critical path consists of the following:
	multiplexor before 'phi' operation ('pos', dilithium2/fips202.c:382) with incoming values : ('pos', dilithium2/fips202.c:382) ('pos', dilithium2/fips202.c:428) [147]  (1.32 ns)

 <State 16>: 0ns
The critical path consists of the following:

 <State 17>: 3.87ns
The critical path consists of the following:
	'call' operation ('call_ln384', dilithium2/fips202.c:384) to 'keccak_absorb_Pipeline_VITIS_LOOP_425_7' [134]  (3.87 ns)

 <State 18>: 0ns
The critical path consists of the following:

 <State 19>: 0ns
The critical path consists of the following:

 <State 20>: 2.77ns
The critical path consists of the following:
	'getelementptr' operation ('s_addr_2', dilithium2/fips202.c:427) [139]  (0 ns)
	'load' operation ('s_load_2', dilithium2/fips202.c:427) on array 's' [140]  (2.77 ns)

 <State 21>: 6.35ns
The critical path consists of the following:
	'load' operation ('s_load_2', dilithium2/fips202.c:427) on array 's' [140]  (2.77 ns)
	'xor' operation ('xor_ln427', dilithium2/fips202.c:427) [141]  (0.808 ns)
	'store' operation ('store_ln427', dilithium2/fips202.c:427) of variable 'xor_ln427', dilithium2/fips202.c:427 on array 's' [142]  (2.77 ns)


============================================================
+ Verbose Summary: Binding
============================================================
N/A
* FSMD analyzer results:
  - Output states:
 - Input state : 
  - Chain level:
	State 1
	State 2
	State 3
	State 4
	State 5
	State 6
	State 7
	State 8
	State 9
	State 10
	State 11
	State 12
	State 13
	State 14
	State 15
	State 16
	State 17
	State 18
	State 19
	State 20
	State 21


============================================================
+ Verbose Summary: Datapath Resource usage 
============================================================
N/A
