

================================================================
== Vitis HLS Report for 'keccak_absorb_1_Pipeline_VITIS_LOOP_30_1'
================================================================
* Date:           Fri Mar 10 17:35:03 2023

* Version:        2022.2 (Build 3670227 on Oct 13 2022)
* Project:        crypto_sign
* Solution:       solution1 (Vivado IP Flow Target)
* Product family: artix7
* Target device:  xc7a200t-fbg676-2


================================================================
== Performance Estimates
================================================================
+ Timing: 
    * Summary: 
    +--------+----------+----------+------------+
    |  Clock |  Target  | Estimated| Uncertainty|
    +--------+----------+----------+------------+
    |ap_clk  |  50.00 ns|  5.501 ns|    13.50 ns|
    +--------+----------+----------+------------+

+ Latency: 
    * Summary: 
    +---------+---------+----------+----------+-----+-----+---------+
    |  Latency (cycles) |  Latency (absolute) |  Interval | Pipeline|
    |   min   |   max   |    min   |    max   | min | max |   Type  |
    +---------+---------+----------+----------+-----+-----+---------+
    |       10|       10|  0.500 us|  0.500 us|   10|   10|       no|
    +---------+---------+----------+----------+-----+-----+---------+

    + Detail: 
        * Instance: 
        N/A

        * Loop: 
        +-------------------+---------+---------+----------+-----------+-----------+------+----------+
        |                   |  Latency (cycles) | Iteration|  Initiation Interval  | Trip |          |
        |     Loop Name     |   min   |   max   |  Latency |  achieved |   target  | Count| Pipelined|
        +-------------------+---------+---------+----------+-----------+-----------+------+----------+
        |- VITIS_LOOP_30_1  |        8|        8|         2|          1|          1|     8|       yes|
        +-------------------+---------+---------+----------+-----------+-----------+------+----------+

============================================================
+ Verbose Summary: Synthesis Manager
============================================================
InlineROM: 1
ExposeGlobal: 0
============================================================
+ Verbose Summary: CDFG Model
============================================================
IsTopModel: 0
ResetActiveHigh: 1
IsCombinational: 0
IsDatapathOnly: 0
HasWiredReturn: 1
HasMFsm: 2
HasVarLatency: 1
IsPipeline: 0
IsRtlPipelined: 0
IsInstanceOverlapped: 0
IsDontTouch: 0
HasImplIP: 0
IsGatedGlobalClock: 0

+ Individual pipeline summary: 
  * Pipeline-0: initiation interval (II) = 1, depth = 2


============================================================
+ Verbose Summary: Schedule
============================================================
* Number of FSM states : 2
* Pipeline : 1
  Pipeline-0 : II = 1, D = 2, States = { 1 2 }
* Dataflow Pipeline: 0

* FSM state transitions: 
1 --> 2 
2 --> 

* FSM state operations: 

State 1 <SV = 0> <Delay = 2.81>
ST_1 : Operation 5 [1/1] (0.00ns)   --->   "%r = alloca i32 1"   --->   Operation 5 'alloca' 'r' <Predicate = true> <Delay = 0.00>
ST_1 : Operation 6 [1/1] (0.00ns)   --->   "%i = alloca i32 1"   --->   Operation 6 'alloca' 'i' <Predicate = true> <Delay = 0.00>
ST_1 : Operation 7 [1/1] (1.32ns)   --->   "%store_ln0 = store i4 0, i4 %i"   --->   Operation 7 'store' 'store_ln0' <Predicate = true> <Delay = 1.32>
ST_1 : Operation 8 [1/1] (1.32ns)   --->   "%store_ln0 = store i64 0, i64 %r"   --->   Operation 8 'store' 'store_ln0' <Predicate = true> <Delay = 1.32>
ST_1 : Operation 9 [1/1] (0.00ns)   --->   "%br_ln0 = br void %for.inc.i"   --->   Operation 9 'br' 'br_ln0' <Predicate = true> <Delay = 0.00>
ST_1 : Operation 10 [1/1] (0.00ns)   --->   "%i_70 = load i4 %i" [dilithium2/fips202.c:31]   --->   Operation 10 'load' 'i_70' <Predicate = true> <Delay = 0.00>
ST_1 : Operation 11 [1/1] (0.00ns)   --->   "%specpipeline_ln0 = specpipeline void @_ssdm_op_SpecPipeline, i32 4294967295, i32 0, i32 1, i32 0, void @p_str"   --->   Operation 11 'specpipeline' 'specpipeline_ln0' <Predicate = true> <Delay = 0.00>
ST_1 : Operation 12 [1/1] (1.21ns)   --->   "%icmp_ln30 = icmp_eq  i4 %i_70, i4 8" [dilithium2/fips202.c:30]   --->   Operation 12 'icmp' 'icmp_ln30' <Predicate = true> <Delay = 1.21> <CoreInst = "Cmp">   --->   Core 9 'Cmp' <Latency = 0> <II = 1> <Delay = 1.21> <FuncUnit> <Opcode : 'icmp'> <InPorts = 2> <OutPorts = 1>
ST_1 : Operation 13 [1/1] (0.00ns)   --->   "%empty = speclooptripcount i32 @_ssdm_op_SpecLoopTripCount, i64 8, i64 8, i64 8"   --->   Operation 13 'speclooptripcount' 'empty' <Predicate = true> <Delay = 0.00>
ST_1 : Operation 14 [1/1] (1.49ns)   --->   "%add_ln30 = add i4 %i_70, i4 1" [dilithium2/fips202.c:30]   --->   Operation 14 'add' 'add_ln30' <Predicate = true> <Delay = 1.49> <CoreInst = "Adder">   --->   Core 1 'Adder' <Latency = 0> <II = 1> <Delay = 1.49> <FuncUnit> <Opcode : 'add' 'sub'> <InPorts = 2> <OutPorts = 1>
ST_1 : Operation 15 [1/1] (0.00ns)   --->   "%br_ln30 = br i1 %icmp_ln30, void %for.inc.i.split, void %load64.exit.exitStub" [dilithium2/fips202.c:30]   --->   Operation 15 'br' 'br_ln30' <Predicate = true> <Delay = 0.00>
ST_1 : Operation 16 [1/1] (0.00ns)   --->   "%i_82_cast9 = zext i4 %i_70" [dilithium2/fips202.c:31]   --->   Operation 16 'zext' 'i_82_cast9' <Predicate = (!icmp_ln30)> <Delay = 0.00>
ST_1 : Operation 17 [1/1] (0.00ns)   --->   "%t_addr = getelementptr i8 %t, i64 0, i64 %i_82_cast9" [dilithium2/fips202.c:31]   --->   Operation 17 'getelementptr' 't_addr' <Predicate = (!icmp_ln30)> <Delay = 0.00>
ST_1 : Operation 18 [2/2] (1.75ns)   --->   "%t_load = load i3 %t_addr" [dilithium2/fips202.c:31]   --->   Operation 18 'load' 't_load' <Predicate = (!icmp_ln30)> <Delay = 1.75> <CoreInst = "RAM">   --->   Core 82 'RAM' <Latency = 1> <II = 1> <Delay = 1.75> <Storage> <Opcode : 'load' 'store'> <Ports = 2> <Width = 8> <Depth = 8> <RAM>
ST_1 : Operation 19 [1/1] (1.32ns)   --->   "%store_ln30 = store i4 %add_ln30, i4 %i" [dilithium2/fips202.c:30]   --->   Operation 19 'store' 'store_ln30' <Predicate = (!icmp_ln30)> <Delay = 1.32>
ST_1 : Operation 31 [1/1] (0.00ns)   --->   "%r_load_3 = load i64 %r"   --->   Operation 31 'load' 'r_load_3' <Predicate = (icmp_ln30)> <Delay = 0.00>
ST_1 : Operation 32 [1/1] (0.00ns)   --->   "%write_ln0 = write void @_ssdm_op_Write.ap_auto.i64P0A, i64 %r_out, i64 %r_load_3"   --->   Operation 32 'write' 'write_ln0' <Predicate = (icmp_ln30)> <Delay = 0.00>
ST_1 : Operation 33 [1/1] (0.00ns)   --->   "%ret_ln0 = ret"   --->   Operation 33 'ret' 'ret_ln0' <Predicate = (icmp_ln30)> <Delay = 0.00>

State 2 <SV = 1> <Delay = 5.50>
ST_2 : Operation 20 [1/1] (0.00ns)   --->   "%r_load = load i64 %r" [dilithium2/fips202.c:31]   --->   Operation 20 'load' 'r_load' <Predicate = true> <Delay = 0.00>
ST_2 : Operation 21 [1/1] (0.00ns)   --->   "%specloopname_ln27 = specloopname void @_ssdm_op_SpecLoopName, void @empty_5" [dilithium2/fips202.c:27]   --->   Operation 21 'specloopname' 'specloopname_ln27' <Predicate = true> <Delay = 0.00>
ST_2 : Operation 22 [1/2] (1.75ns)   --->   "%t_load = load i3 %t_addr" [dilithium2/fips202.c:31]   --->   Operation 22 'load' 't_load' <Predicate = true> <Delay = 1.75> <CoreInst = "RAM">   --->   Core 82 'RAM' <Latency = 1> <II = 1> <Delay = 1.75> <Storage> <Opcode : 'load' 'store'> <Ports = 2> <Width = 8> <Depth = 8> <RAM>
ST_2 : Operation 23 [1/1] (0.00ns) (grouped into LUT with out node r_3)   --->   "%zext_ln31 = zext i8 %t_load" [dilithium2/fips202.c:31]   --->   Operation 23 'zext' 'zext_ln31' <Predicate = true> <Delay = 0.00>
ST_2 : Operation 24 [1/1] (0.00ns) (grouped into LUT with out node r_3)   --->   "%trunc_ln31 = trunc i4 %i_70" [dilithium2/fips202.c:31]   --->   Operation 24 'trunc' 'trunc_ln31' <Predicate = true> <Delay = 0.00>
ST_2 : Operation 25 [1/1] (0.00ns) (grouped into LUT with out node r_3)   --->   "%shl_ln = bitconcatenate i6 @_ssdm_op_BitConcatenate.i6.i3.i3, i3 %trunc_ln31, i3 0" [dilithium2/fips202.c:31]   --->   Operation 25 'bitconcatenate' 'shl_ln' <Predicate = true> <Delay = 0.00>
ST_2 : Operation 26 [1/1] (0.00ns) (grouped into LUT with out node r_3)   --->   "%zext_ln31_52 = zext i6 %shl_ln" [dilithium2/fips202.c:31]   --->   Operation 26 'zext' 'zext_ln31_52' <Predicate = true> <Delay = 0.00>
ST_2 : Operation 27 [1/1] (0.00ns) (grouped into LUT with out node r_3)   --->   "%shl_ln31 = shl i64 %zext_ln31, i64 %zext_ln31_52" [dilithium2/fips202.c:31]   --->   Operation 27 'shl' 'shl_ln31' <Predicate = true> <Delay = 0.00> <CoreInst = "Shifter">   --->   Core 75 'Shifter' <Latency = 0> <II = 1> <Delay = 2.42> <FuncUnit> <Opcode : 'shl' 'lshr' 'ashr'> <InPorts = 2> <OutPorts = 1>
ST_2 : Operation 28 [1/1] (2.42ns) (out node of the LUT)   --->   "%r_3 = or i64 %shl_ln31, i64 %r_load" [dilithium2/fips202.c:31]   --->   Operation 28 'or' 'r_3' <Predicate = true> <Delay = 2.42> <CoreInst = "LogicGate">   --->   Core 74 'LogicGate' <Latency = 0> <II = 1> <Delay = 0.80> <FuncUnit> <Opcode : 'and' 'or' 'xor'> <InPorts = 2> <OutPorts = 1>
ST_2 : Operation 29 [1/1] (1.32ns)   --->   "%store_ln30 = store i64 %r_3, i64 %r" [dilithium2/fips202.c:30]   --->   Operation 29 'store' 'store_ln30' <Predicate = true> <Delay = 1.32>
ST_2 : Operation 30 [1/1] (0.00ns)   --->   "%br_ln30 = br void %for.inc.i" [dilithium2/fips202.c:30]   --->   Operation 30 'br' 'br_ln30' <Predicate = true> <Delay = 0.00>


============================================================
+ Verbose Summary: Timing violations
============================================================
Target clock period: 50ns, clock uncertainty: 13.5ns.

 <State 1>: 2.82ns
The critical path consists of the following:
	'alloca' operation ('i') [4]  (0 ns)
	'load' operation ('i', dilithium2/fips202.c:31) on local variable 'i' [9]  (0 ns)
	'add' operation ('add_ln30', dilithium2/fips202.c:30) [13]  (1.49 ns)
	'store' operation ('store_ln30', dilithium2/fips202.c:30) of variable 'add_ln30', dilithium2/fips202.c:30 on local variable 'i' [27]  (1.32 ns)

 <State 2>: 5.5ns
The critical path consists of the following:
	'load' operation ('t_load', dilithium2/fips202.c:31) on array 't' [20]  (1.75 ns)
	'shl' operation ('shl_ln31', dilithium2/fips202.c:31) [25]  (0 ns)
	'or' operation ('r', dilithium2/fips202.c:31) [26]  (2.42 ns)
	'store' operation ('store_ln30', dilithium2/fips202.c:30) of variable 'r', dilithium2/fips202.c:31 on local variable 'r' [28]  (1.32 ns)


============================================================
+ Verbose Summary: Binding
============================================================
N/A
* FSMD analyzer results:
  - Output states:
 - Input state : 
  - Chain level:
	State 1
	State 2


============================================================
+ Verbose Summary: Datapath Resource usage 
============================================================
N/A
