/home/shikha/Final_Assignment/crypto_sign/solution1/.autopilot/db/polyvec.pp.0.c:570:3: warning: Added loop label VITIS_LOOP_20_1:   [xilinx-label-all-loops]
  for(i = 0; i < 4; ++i)
  ^~~
  VITIS_LOOP_20_1: 
/home/shikha/Final_Assignment/crypto_sign/solution1/.autopilot/db/polyvec.pp.0.c:570:3: note: FIX-IT applied suggested code changes
/home/shikha/Final_Assignment/crypto_sign/solution1/.autopilot/db/polyvec.pp.0.c:571:5: warning: Added loop label VITIS_LOOP_21_2:   [xilinx-label-all-loops]
    for(j = 0; j < 4; ++j)
    ^~~
    VITIS_LOOP_21_2: 
/home/shikha/Final_Assignment/crypto_sign/solution1/.autopilot/db/polyvec.pp.0.c:571:5: note: FIX-IT applied suggested code changes
/home/shikha/Final_Assignment/crypto_sign/solution1/.autopilot/db/polyvec.pp.0.c:578:3: warning: Added loop label VITIS_LOOP_28_1:   [xilinx-label-all-loops]
  for(i = 0; i < 4; ++i)
  ^~~
  VITIS_LOOP_28_1: 
/home/shikha/Final_Assignment/crypto_sign/solution1/.autopilot/db/polyvec.pp.0.c:578:3: note: FIX-IT applied suggested code changes
/home/shikha/Final_Assignment/crypto_sign/solution1/.autopilot/db/polyvec.pp.0.c:589:3: warning: Added loop label VITIS_LOOP_39_1:   [xilinx-label-all-loops]
  for(i = 0; i < 4; ++i)
  ^~~
  VITIS_LOOP_39_1: 
/home/shikha/Final_Assignment/crypto_sign/solution1/.autopilot/db/polyvec.pp.0.c:589:3: note: FIX-IT applied suggested code changes
/home/shikha/Final_Assignment/crypto_sign/solution1/.autopilot/db/polyvec.pp.0.c:596:3: warning: Added loop label VITIS_LOOP_46_1:   [xilinx-label-all-loops]
  for(i = 0; i < 4; ++i)
  ^~~
  VITIS_LOOP_46_1: 
/home/shikha/Final_Assignment/crypto_sign/solution1/.autopilot/db/polyvec.pp.0.c:596:3: note: FIX-IT applied suggested code changes
/home/shikha/Final_Assignment/crypto_sign/solution1/.autopilot/db/polyvec.pp.0.c:603:3: warning: Added loop label VITIS_LOOP_53_1:   [xilinx-label-all-loops]
  for(i = 0; i < 4; ++i)
  ^~~
  VITIS_LOOP_53_1: 
/home/shikha/Final_Assignment/crypto_sign/solution1/.autopilot/db/polyvec.pp.0.c:603:3: note: FIX-IT applied suggested code changes
/home/shikha/Final_Assignment/crypto_sign/solution1/.autopilot/db/polyvec.pp.0.c:610:3: warning: Added loop label VITIS_LOOP_68_1:   [xilinx-label-all-loops]
  for(i = 0; i < 4; ++i)
  ^~~
  VITIS_LOOP_68_1: 
/home/shikha/Final_Assignment/crypto_sign/solution1/.autopilot/db/polyvec.pp.0.c:610:3: note: FIX-IT applied suggested code changes
/home/shikha/Final_Assignment/crypto_sign/solution1/.autopilot/db/polyvec.pp.0.c:617:3: warning: Added loop label VITIS_LOOP_85_1:   [xilinx-label-all-loops]
  for(i = 0; i < 4; ++i)
  ^~~
  VITIS_LOOP_85_1: 
/home/shikha/Final_Assignment/crypto_sign/solution1/.autopilot/db/polyvec.pp.0.c:617:3: note: FIX-IT applied suggested code changes
/home/shikha/Final_Assignment/crypto_sign/solution1/.autopilot/db/polyvec.pp.0.c:624:3: warning: Added loop label VITIS_LOOP_100_1:   [xilinx-label-all-loops]
  for(i = 0; i < 4; ++i)
  ^~~
  VITIS_LOOP_100_1: 
/home/shikha/Final_Assignment/crypto_sign/solution1/.autopilot/db/polyvec.pp.0.c:624:3: note: FIX-IT applied suggested code changes
/home/shikha/Final_Assignment/crypto_sign/solution1/.autopilot/db/polyvec.pp.0.c:631:3: warning: Added loop label VITIS_LOOP_107_1:   [xilinx-label-all-loops]
  for(i = 0; i < 4; ++i)
  ^~~
  VITIS_LOOP_107_1: 
/home/shikha/Final_Assignment/crypto_sign/solution1/.autopilot/db/polyvec.pp.0.c:631:3: note: FIX-IT applied suggested code changes
/home/shikha/Final_Assignment/crypto_sign/solution1/.autopilot/db/polyvec.pp.0.c:638:3: warning: Added loop label VITIS_LOOP_114_1:   [xilinx-label-all-loops]
  for(i = 0; i < 4; ++i)
  ^~~
  VITIS_LOOP_114_1: 
/home/shikha/Final_Assignment/crypto_sign/solution1/.autopilot/db/polyvec.pp.0.c:638:3: note: FIX-IT applied suggested code changes
/home/shikha/Final_Assignment/crypto_sign/solution1/.autopilot/db/polyvec.pp.0.c:650:3: warning: Added loop label VITIS_LOOP_137_1:   [xilinx-label-all-loops]
  for(i = 1; i < 4; ++i) {
  ^~~
  VITIS_LOOP_137_1: 
/home/shikha/Final_Assignment/crypto_sign/solution1/.autopilot/db/polyvec.pp.0.c:650:3: note: FIX-IT applied suggested code changes
/home/shikha/Final_Assignment/crypto_sign/solution1/.autopilot/db/polyvec.pp.0.c:659:3: warning: Added loop label VITIS_LOOP_158_1:   [xilinx-label-all-loops]
  for(i = 0; i < 4; ++i)
  ^~~
  VITIS_LOOP_158_1: 
/home/shikha/Final_Assignment/crypto_sign/solution1/.autopilot/db/polyvec.pp.0.c:659:3: note: FIX-IT applied suggested code changes
/home/shikha/Final_Assignment/crypto_sign/solution1/.autopilot/db/polyvec.pp.0.c:673:3: warning: Added loop label VITIS_LOOP_172_1:   [xilinx-label-all-loops]
  for(i = 0; i < 4; ++i)
  ^~~
  VITIS_LOOP_172_1: 
/home/shikha/Final_Assignment/crypto_sign/solution1/.autopilot/db/polyvec.pp.0.c:673:3: note: FIX-IT applied suggested code changes
/home/shikha/Final_Assignment/crypto_sign/solution1/.autopilot/db/polyvec.pp.0.c:680:3: warning: Added loop label VITIS_LOOP_187_1:   [xilinx-label-all-loops]
  for(i = 0; i < 4; ++i)
  ^~~
  VITIS_LOOP_187_1: 
/home/shikha/Final_Assignment/crypto_sign/solution1/.autopilot/db/polyvec.pp.0.c:680:3: note: FIX-IT applied suggested code changes
/home/shikha/Final_Assignment/crypto_sign/solution1/.autopilot/db/polyvec.pp.0.c:687:3: warning: Added loop label VITIS_LOOP_202_1:   [xilinx-label-all-loops]
  for(i = 0; i < 4; ++i)
  ^~~
  VITIS_LOOP_202_1: 
/home/shikha/Final_Assignment/crypto_sign/solution1/.autopilot/db/polyvec.pp.0.c:687:3: note: FIX-IT applied suggested code changes
/home/shikha/Final_Assignment/crypto_sign/solution1/.autopilot/db/polyvec.pp.0.c:694:3: warning: Added loop label VITIS_LOOP_217_1:   [xilinx-label-all-loops]
  for(i = 0; i < 4; ++i)
  ^~~
  VITIS_LOOP_217_1: 
/home/shikha/Final_Assignment/crypto_sign/solution1/.autopilot/db/polyvec.pp.0.c:694:3: note: FIX-IT applied suggested code changes
/home/shikha/Final_Assignment/crypto_sign/solution1/.autopilot/db/polyvec.pp.0.c:701:3: warning: Added loop label VITIS_LOOP_234_1:   [xilinx-label-all-loops]
  for(i = 0; i < 4; ++i)
  ^~~
  VITIS_LOOP_234_1: 
/home/shikha/Final_Assignment/crypto_sign/solution1/.autopilot/db/polyvec.pp.0.c:701:3: note: FIX-IT applied suggested code changes
/home/shikha/Final_Assignment/crypto_sign/solution1/.autopilot/db/polyvec.pp.0.c:708:3: warning: Added loop label VITIS_LOOP_252_1:   [xilinx-label-all-loops]
  for(i = 0; i < 4; ++i)
  ^~~
  VITIS_LOOP_252_1: 
/home/shikha/Final_Assignment/crypto_sign/solution1/.autopilot/db/polyvec.pp.0.c:708:3: note: FIX-IT applied suggested code changes
/home/shikha/Final_Assignment/crypto_sign/solution1/.autopilot/db/polyvec.pp.0.c:715:3: warning: Added loop label VITIS_LOOP_267_1:   [xilinx-label-all-loops]
  for(i = 0; i < 4; ++i)
  ^~~
  VITIS_LOOP_267_1: 
/home/shikha/Final_Assignment/crypto_sign/solution1/.autopilot/db/polyvec.pp.0.c:715:3: note: FIX-IT applied suggested code changes
/home/shikha/Final_Assignment/crypto_sign/solution1/.autopilot/db/polyvec.pp.0.c:722:3: warning: Added loop label VITIS_LOOP_282_1:   [xilinx-label-all-loops]
  for(i = 0; i < 4; ++i)
  ^~~
  VITIS_LOOP_282_1: 
/home/shikha/Final_Assignment/crypto_sign/solution1/.autopilot/db/polyvec.pp.0.c:722:3: note: FIX-IT applied suggested code changes
/home/shikha/Final_Assignment/crypto_sign/solution1/.autopilot/db/polyvec.pp.0.c:729:3: warning: Added loop label VITIS_LOOP_298_1:   [xilinx-label-all-loops]
  for(i = 0; i < 4; ++i)
  ^~~
  VITIS_LOOP_298_1: 
/home/shikha/Final_Assignment/crypto_sign/solution1/.autopilot/db/polyvec.pp.0.c:729:3: note: FIX-IT applied suggested code changes
/home/shikha/Final_Assignment/crypto_sign/solution1/.autopilot/db/polyvec.pp.0.c:736:3: warning: Added loop label VITIS_LOOP_305_1:   [xilinx-label-all-loops]
  for(i = 0; i < 4; ++i)
  ^~~
  VITIS_LOOP_305_1: 
/home/shikha/Final_Assignment/crypto_sign/solution1/.autopilot/db/polyvec.pp.0.c:736:3: note: FIX-IT applied suggested code changes
/home/shikha/Final_Assignment/crypto_sign/solution1/.autopilot/db/polyvec.pp.0.c:743:3: warning: Added loop label VITIS_LOOP_325_1:   [xilinx-label-all-loops]
  for(i = 0; i < 4; ++i)
  ^~~
  VITIS_LOOP_325_1: 
/home/shikha/Final_Assignment/crypto_sign/solution1/.autopilot/db/polyvec.pp.0.c:743:3: note: FIX-IT applied suggested code changes
/home/shikha/Final_Assignment/crypto_sign/solution1/.autopilot/db/polyvec.pp.0.c:753:3: warning: Added loop label VITIS_LOOP_349_1:   [xilinx-label-all-loops]
  for(i = 0; i < 4; ++i)
  ^~~
  VITIS_LOOP_349_1: 
/home/shikha/Final_Assignment/crypto_sign/solution1/.autopilot/db/polyvec.pp.0.c:753:3: note: FIX-IT applied suggested code changes
/home/shikha/Final_Assignment/crypto_sign/solution1/.autopilot/db/polyvec.pp.0.c:760:3: warning: Added loop label VITIS_LOOP_371_1:   [xilinx-label-all-loops]
  for(i = 0; i < 4; ++i)
  ^~~
  VITIS_LOOP_371_1: 
/home/shikha/Final_Assignment/crypto_sign/solution1/.autopilot/db/polyvec.pp.0.c:760:3: note: FIX-IT applied suggested code changes
/home/shikha/Final_Assignment/crypto_sign/solution1/.autopilot/db/polyvec.pp.0.c:770:3: warning: Added loop label VITIS_LOOP_392_1:   [xilinx-label-all-loops]
  for(i = 0; i < 4; ++i)
  ^~~
  VITIS_LOOP_392_1: 
/home/shikha/Final_Assignment/crypto_sign/solution1/.autopilot/db/polyvec.pp.0.c:770:3: note: FIX-IT applied suggested code changes
/home/shikha/Final_Assignment/crypto_sign/solution1/.autopilot/db/polyvec.pp.0.c:779:3: warning: Added loop label VITIS_LOOP_411_1:   [xilinx-label-all-loops]
  for(i = 0; i < 4; ++i)
  ^~~
  VITIS_LOOP_411_1: 
/home/shikha/Final_Assignment/crypto_sign/solution1/.autopilot/db/polyvec.pp.0.c:779:3: note: FIX-IT applied suggested code changes
/home/shikha/Final_Assignment/crypto_sign/solution1/.autopilot/db/polyvec.pp.0.c:786:3: warning: Added loop label VITIS_LOOP_418_1:   [xilinx-label-all-loops]
  for(i = 0; i < 4; ++i)
  ^~~
  VITIS_LOOP_418_1: 
/home/shikha/Final_Assignment/crypto_sign/solution1/.autopilot/db/polyvec.pp.0.c:786:3: note: FIX-IT applied suggested code changes
