

================================================================
== Vitis HLS Report for 'pqcrystals_dilithium2_ref_polyveck_invntt_tomont'
================================================================
* Date:           Fri Mar 10 17:36:25 2023

* Version:        2022.2 (Build 3670227 on Oct 13 2022)
* Project:        crypto_sign
* Solution:       solution1 (Vivado IP Flow Target)
* Product family: artix7
* Target device:  xc7a200t-fbg676-2


================================================================
== Performance Estimates
================================================================
+ Timing: 
    * Summary: 
    +--------+----------+-----------+------------+
    |  Clock |  Target  | Estimated | Uncertainty|
    +--------+----------+-----------+------------+
    |ap_clk  |  50.00 ns|  31.144 ns|    13.50 ns|
    +--------+----------+-----------+------------+

+ Latency: 
    * Summary: 
    +---------+---------+----------+----------+-----+-----+---------+
    |  Latency (cycles) |  Latency (absolute) |  Interval | Pipeline|
    |   min   |   max   |    min   |    max   | min | max |   Type  |
    +---------+---------+----------+----------+-----+-----+---------+
    |        ?|        ?|         ?|         ?|    ?|    ?|       no|
    +---------+---------+----------+----------+-----+-----+---------+

    + Detail: 
        * Instance: 
        +--------------------------------------------------------------------------------------+---------------------------------------------------------------------------+---------+---------+-----------+-----------+-----+-----+---------+
        |                                                                                      |                                                                           |  Latency (cycles) |   Latency (absolute)  |  Interval | Pipeline|
        |                                       Instance                                       |                                   Module                                  |   min   |   max   |    min    |    max    | min | max |   Type  |
        +--------------------------------------------------------------------------------------+---------------------------------------------------------------------------+---------+---------+-----------+-----------+-----+-----+---------+
        |grp_pqcrystals_dilithium2_ref_polyveck_invntt_tomont_Pipeline_VITIS_LOOP_95_4_fu_131  |pqcrystals_dilithium2_ref_polyveck_invntt_tomont_Pipeline_VITIS_LOOP_95_4  |      258|      258|  12.900 us|  12.900 us|  258|  258|       no|
        |grp_pqcrystals_dilithium2_ref_polyveck_invntt_tomont_Pipeline_VITIS_LOOP_86_3_fu_138  |pqcrystals_dilithium2_ref_polyveck_invntt_tomont_Pipeline_VITIS_LOOP_86_3  |        ?|        ?|          ?|          ?|    ?|    ?|       no|
        +--------------------------------------------------------------------------------------+---------------------------------------------------------------------------+---------+---------+-----------+-----------+-----+-----+---------+

        * Loop: 
        +----------------------+---------+---------+----------+-----------+-----------+------+----------+
        |                      |  Latency (cycles) | Iteration|  Initiation Interval  | Trip |          |
        |       Loop Name      |   min   |   max   |  Latency |  achieved |   target  | Count| Pipelined|
        +----------------------+---------+---------+----------+-----------+-----------+------+----------+
        |- VITIS_LOOP_298_1    |        ?|        ?|         ?|          -|          -|     4|        no|
        | + VITIS_LOOP_83_1    |        ?|        ?|         ?|          -|          -|     8|        no|
        |  ++ VITIS_LOOP_84_2  |        ?|        ?|         ?|          -|          -|     ?|        no|
        +----------------------+---------+---------+----------+-----------+-----------+------+----------+



================================================================
== Utilization Estimates
================================================================
* Summary: 
+-----------------+---------+-----+--------+--------+-----+
|       Name      | BRAM_18K| DSP |   FF   |   LUT  | URAM|
+-----------------+---------+-----+--------+--------+-----+
|DSP              |        -|    -|       -|       -|    -|
|Expression       |        -|    -|       0|     218|    -|
|FIFO             |        -|    -|       -|       -|    -|
|Instance         |        -|   14|     144|     569|    -|
|Memory           |        -|    -|       -|       -|    -|
|Multiplexer      |        -|    -|       -|     174|    -|
|Register         |        -|    -|     276|       -|    -|
+-----------------+---------+-----+--------+--------+-----+
|Total            |        0|   14|     420|     961|    0|
+-----------------+---------+-----+--------+--------+-----+
|Available        |      730|  740|  269200|  134600|    0|
+-----------------+---------+-----+--------+--------+-----+
|Utilization (%)  |        0|    1|      ~0|      ~0|    0|
+-----------------+---------+-----+--------+--------+-----+

+ Detail: 
    * Instance: 
    +--------------------------------------------------------------------------------------+---------------------------------------------------------------------------+---------+----+-----+-----+-----+
    |                                       Instance                                       |                                   Module                                  | BRAM_18K| DSP|  FF | LUT | URAM|
    +--------------------------------------------------------------------------------------+---------------------------------------------------------------------------+---------+----+-----+-----+-----+
    |grp_pqcrystals_dilithium2_ref_polyveck_invntt_tomont_Pipeline_VITIS_LOOP_86_3_fu_138  |pqcrystals_dilithium2_ref_polyveck_invntt_tomont_Pipeline_VITIS_LOOP_86_3  |        0|   7|  122|  361|    0|
    |grp_pqcrystals_dilithium2_ref_polyveck_invntt_tomont_Pipeline_VITIS_LOOP_95_4_fu_131  |pqcrystals_dilithium2_ref_polyveck_invntt_tomont_Pipeline_VITIS_LOOP_95_4  |        0|   7|   22|  208|    0|
    +--------------------------------------------------------------------------------------+---------------------------------------------------------------------------+---------+----+-----+-----+-----+
    |Total                                                                                 |                                                                           |        0|  14|  144|  569|    0|
    +--------------------------------------------------------------------------------------+---------------------------------------------------------------------------+---------+----+-----+-----+-----+

    * DSP: 
    N/A

    * Memory: 
    N/A

    * FIFO: 
    N/A

    * Expression: 
    +---------------------------------+----------+----+---+----+------------+------------+
    |          Variable Name          | Operation| DSP| FF| LUT| Bitwidth P0| Bitwidth P1|
    +---------------------------------+----------+----+---+----+------------+------------+
    |add_i_i_fu_245_p2                |         +|   0|  0|  39|          32|          32|
    |add_ln298_fu_167_p2              |         +|   0|  0|  11|           3|           1|
    |add_ln86_fu_261_p2               |         +|   0|  0|  16|           9|           9|
    |k_16_fu_217_p2                   |         +|   0|  0|  39|          32|           2|
    |start_fu_268_p2                  |         +|   0|  0|  39|          32|          32|
    |zeta_fu_234_p2                   |         -|   0|  0|  30|           1|          23|
    |ap_block_state6_on_subcall_done  |       and|   0|  0|   2|           1|           1|
    |icmp_ln298_fu_161_p2             |      icmp|   0|  0|   9|           3|           4|
    |icmp_ln84_fu_211_p2              |      icmp|   0|  0|  15|          24|           1|
    |icmp_ln86_fu_250_p2              |      icmp|   0|  0|  18|          32|          32|
    +---------------------------------+----------+----+---+----+------------+------------+
    |Total                            |          |   0|  0| 218|         169|         137|
    +---------------------------------+----------+----+---+----+------------+------------+

    * Multiplexer: 
    +----------------------------------------+----+-----------+-----+-----------+
    |                  Name                  | LUT| Input Size| Bits| Total Bits|
    +----------------------------------------+----+-----------+-----+-----------+
    |ap_NS_fsm                               |  33|          8|    1|          8|
    |ap_phi_mux_j_0_lcssa_i_i_phi_fu_124_p4  |   9|          2|   32|         64|
    |i_fu_56                                 |   9|          2|    3|          6|
    |j_0_lcssa_i_i_reg_121                   |   9|          2|   32|         64|
    |k_15_reg_109                            |   9|          2|   32|         64|
    |k_reg_85                                |   9|          2|   32|         64|
    |len_reg_73                              |   9|          2|    9|         18|
    |start_19_reg_97                         |   9|          2|   32|         64|
    |v_address0                              |  13|          3|   10|         30|
    |v_address1                              |  13|          3|   10|         30|
    |v_ce0                                   |  13|          3|    1|          3|
    |v_ce1                                   |  13|          3|    1|          3|
    |v_d0                                    |  13|          3|   32|         96|
    |v_we0                                   |  13|          3|    1|          3|
    +----------------------------------------+----+-----------+-----+-----------+
    |Total                                   | 174|         40|  228|        517|
    +----------------------------------------+----+-----------+-----+-----------+

    * Register: 
    +---------------------------------------------------------------------------------------------------+----+----+-----+-----------+
    |                                                Name                                               | FF | LUT| Bits| Const Bits|
    +---------------------------------------------------------------------------------------------------+----+----+-----+-----------+
    |add_i_i_reg_331                                                                                    |  32|   0|   32|          0|
    |add_ln298_reg_283                                                                                  |   3|   0|    3|          0|
    |add_ln86_reg_345                                                                                   |   9|   0|    9|          0|
    |ap_CS_fsm                                                                                          |   7|   0|    7|          0|
    |grp_pqcrystals_dilithium2_ref_polyveck_invntt_tomont_Pipeline_VITIS_LOOP_86_3_fu_138_ap_start_reg  |   1|   0|    1|          0|
    |grp_pqcrystals_dilithium2_ref_polyveck_invntt_tomont_Pipeline_VITIS_LOOP_95_4_fu_131_ap_start_reg  |   1|   0|    1|          0|
    |i_fu_56                                                                                            |   3|   0|    3|          0|
    |icmp_ln86_reg_336                                                                                  |   1|   0|    1|          0|
    |j_0_lcssa_i_i_reg_121                                                                              |  32|   0|   32|          0|
    |k_15_reg_109                                                                                       |  32|   0|   32|          0|
    |k_16_reg_311                                                                                       |  32|   0|   32|          0|
    |k_reg_85                                                                                           |  32|   0|   32|          0|
    |len_reg_73                                                                                         |   9|   0|    9|          0|
    |start_19_reg_97                                                                                    |  32|   0|   32|          0|
    |tmp_reg_288                                                                                        |   2|   0|   10|          8|
    |trunc_ln78_reg_303                                                                                 |   8|   0|    8|          0|
    |trunc_ln86_reg_340                                                                                 |   8|   0|    8|          0|
    |zeta_reg_326                                                                                       |  23|   0|   23|          0|
    |zext_ln78_reg_297                                                                                  |   9|   0|   32|         23|
    +---------------------------------------------------------------------------------------------------+----+----+-----+-----------+
    |Total                                                                                              | 276|   0|  307|         31|
    +---------------------------------------------------------------------------------------------------+----+----+-----+-----------+



================================================================
== Interface
================================================================
* Summary: 
+----------------+-----+-----+------------+--------------------------------------------------+--------------+
|    RTL Ports   | Dir | Bits|  Protocol  |                   Source Object                  |    C Type    |
+----------------+-----+-----+------------+--------------------------------------------------+--------------+
|ap_clk          |   in|    1|  ap_ctrl_hs|  pqcrystals_dilithium2_ref_polyveck_invntt_tomont|  return value|
|ap_rst          |   in|    1|  ap_ctrl_hs|  pqcrystals_dilithium2_ref_polyveck_invntt_tomont|  return value|
|ap_start        |   in|    1|  ap_ctrl_hs|  pqcrystals_dilithium2_ref_polyveck_invntt_tomont|  return value|
|ap_done         |  out|    1|  ap_ctrl_hs|  pqcrystals_dilithium2_ref_polyveck_invntt_tomont|  return value|
|ap_idle         |  out|    1|  ap_ctrl_hs|  pqcrystals_dilithium2_ref_polyveck_invntt_tomont|  return value|
|ap_ready        |  out|    1|  ap_ctrl_hs|  pqcrystals_dilithium2_ref_polyveck_invntt_tomont|  return value|
|v_address0      |  out|   10|   ap_memory|                                                 v|         array|
|v_ce0           |  out|    1|   ap_memory|                                                 v|         array|
|v_we0           |  out|    1|   ap_memory|                                                 v|         array|
|v_d0            |  out|   32|   ap_memory|                                                 v|         array|
|v_q0            |   in|   32|   ap_memory|                                                 v|         array|
|v_address1      |  out|   10|   ap_memory|                                                 v|         array|
|v_ce1           |  out|    1|   ap_memory|                                                 v|         array|
|v_q1            |   in|   32|   ap_memory|                                                 v|         array|
|zetas_address0  |  out|    8|   ap_memory|                                             zetas|         array|
|zetas_ce0       |  out|    1|   ap_memory|                                             zetas|         array|
|zetas_q0        |   in|   23|   ap_memory|                                             zetas|         array|
+----------------+-----+-----+------------+--------------------------------------------------+--------------+

============================================================
+ Verbose Summary: Synthesis Manager
============================================================
InlineROM: 1
ExposeGlobal: 0
============================================================
+ Verbose Summary: CDFG Model
============================================================
IsTopModel: 0
ResetActiveHigh: 1
IsCombinational: 2
IsDatapathOnly: 2
HasWiredReturn: 1
HasMFsm: 0
HasVarLatency: 1
IsPipeline: 0
IsRtlPipelined: 0
IsInstanceOverlapped: 0
IsDontTouch: 0
HasImplIP: 0
IsGatedGlobalClock: 0


============================================================
+ Verbose Summary: Schedule
============================================================
* Number of FSM states : 7
* Pipeline : 0
* Dataflow Pipeline: 0

* FSM state transitions: 
1 --> 2 
2 --> 3 
3 --> 7 4 
4 --> 5 3 
5 --> 6 
6 --> 4 
7 --> 2 

* FSM state operations: 

State 1 <SV = 0> <Delay = 1.32>
ST_1 : Operation 8 [1/1] (0.00ns)   --->   "%i = alloca i32 1"   --->   Operation 8 'alloca' 'i' <Predicate = true> <Delay = 0.00>
ST_1 : Operation 9 [1/1] (1.32ns)   --->   "%store_ln298 = store i3 0, i3 %i" [dilithium2/polyvec.c:298]   --->   Operation 9 'store' 'store_ln298' <Predicate = true> <Delay = 1.32>
ST_1 : Operation 10 [1/1] (0.00ns)   --->   "%br_ln298 = br void %for.inc" [dilithium2/polyvec.c:298]   --->   Operation 10 'br' 'br_ln298' <Predicate = true> <Delay = 0.00>

State 2 <SV = 1> <Delay = 1.34>
ST_2 : Operation 11 [1/1] (0.00ns)   --->   "%i_29 = load i3 %i" [dilithium2/polyvec.c:298]   --->   Operation 11 'load' 'i_29' <Predicate = true> <Delay = 0.00>
ST_2 : Operation 12 [1/1] (0.00ns)   --->   "%trunc_ln298 = trunc i3 %i_29" [dilithium2/polyvec.c:298]   --->   Operation 12 'trunc' 'trunc_ln298' <Predicate = true> <Delay = 0.00>
ST_2 : Operation 13 [1/1] (1.00ns)   --->   "%icmp_ln298 = icmp_eq  i3 %i_29, i3 4" [dilithium2/polyvec.c:298]   --->   Operation 13 'icmp' 'icmp_ln298' <Predicate = true> <Delay = 1.00> <CoreInst = "Cmp">   --->   Core 9 'Cmp' <Latency = 0> <II = 1> <Delay = 1.21> <FuncUnit> <Opcode : 'icmp'> <InPorts = 2> <OutPorts = 1>
ST_2 : Operation 14 [1/1] (0.00ns)   --->   "%empty = speclooptripcount i32 @_ssdm_op_SpecLoopTripCount, i64 4, i64 4, i64 4"   --->   Operation 14 'speclooptripcount' 'empty' <Predicate = true> <Delay = 0.00>
ST_2 : Operation 15 [1/1] (1.34ns)   --->   "%add_ln298 = add i3 %i_29, i3 1" [dilithium2/polyvec.c:298]   --->   Operation 15 'add' 'add_ln298' <Predicate = true> <Delay = 1.34> <CoreInst = "Adder">   --->   Core 1 'Adder' <Latency = 0> <II = 1> <Delay = 1.34> <FuncUnit> <Opcode : 'add' 'sub'> <InPorts = 2> <OutPorts = 1>
ST_2 : Operation 16 [1/1] (0.00ns)   --->   "%br_ln298 = br i1 %icmp_ln298, void %for.inc.split, void %for.end" [dilithium2/polyvec.c:298]   --->   Operation 16 'br' 'br_ln298' <Predicate = true> <Delay = 0.00>
ST_2 : Operation 17 [1/1] (0.00ns)   --->   "%tmp = bitconcatenate i10 @_ssdm_op_BitConcatenate.i10.i2.i8, i2 %trunc_ln298, i8 0" [dilithium2/ntt.c:87]   --->   Operation 17 'bitconcatenate' 'tmp' <Predicate = (!icmp_ln298)> <Delay = 0.00>
ST_2 : Operation 18 [1/1] (0.00ns)   --->   "%specloopname_ln296 = specloopname void @_ssdm_op_SpecLoopName, void @empty_23" [dilithium2/polyvec.c:296]   --->   Operation 18 'specloopname' 'specloopname_ln296' <Predicate = (!icmp_ln298)> <Delay = 0.00>
ST_2 : Operation 19 [1/1] (1.32ns)   --->   "%br_ln83 = br void %for.cond.i.i" [dilithium2/ntt.c:83]   --->   Operation 19 'br' 'br_ln83' <Predicate = (!icmp_ln298)> <Delay = 1.32>
ST_2 : Operation 20 [1/1] (0.00ns)   --->   "%ret_ln300 = ret" [dilithium2/polyvec.c:300]   --->   Operation 20 'ret' 'ret_ln300' <Predicate = (icmp_ln298)> <Delay = 0.00>

State 3 <SV = 2> <Delay = 4.52>
ST_3 : Operation 21 [1/1] (0.00ns)   --->   "%len = phi i9 1, void %for.inc.split, i9 %len_12, void %for.inc32.i.i"   --->   Operation 21 'phi' 'len' <Predicate = true> <Delay = 0.00>
ST_3 : Operation 22 [1/1] (0.00ns)   --->   "%k = phi i32 256, void %for.inc.split, i32 %k_15, void %for.inc32.i.i"   --->   Operation 22 'phi' 'k' <Predicate = true> <Delay = 0.00>
ST_3 : Operation 23 [1/1] (0.00ns)   --->   "%tmp_15 = bitselect i1 @_ssdm_op_BitSelect.i1.i9.i32, i9 %len, i32 8" [dilithium2/ntt.c:83]   --->   Operation 23 'bitselect' 'tmp_15' <Predicate = true> <Delay = 0.00>
ST_3 : Operation 24 [1/1] (0.00ns)   --->   "%empty_102 = speclooptripcount i32 @_ssdm_op_SpecLoopTripCount, i64 8, i64 8, i64 8"   --->   Operation 24 'speclooptripcount' 'empty_102' <Predicate = true> <Delay = 0.00>
ST_3 : Operation 25 [1/1] (0.00ns)   --->   "%br_ln83 = br i1 %tmp_15, void %VITIS_LOOP_84_2.i.i, void %for.inc44.i.i.preheader" [dilithium2/ntt.c:83]   --->   Operation 25 'br' 'br_ln83' <Predicate = true> <Delay = 0.00>
ST_3 : Operation 26 [1/1] (0.00ns)   --->   "%zext_ln78 = zext i9 %len" [dilithium2/ntt.c:78]   --->   Operation 26 'zext' 'zext_ln78' <Predicate = (!tmp_15)> <Delay = 0.00>
ST_3 : Operation 27 [1/1] (0.00ns)   --->   "%trunc_ln78 = trunc i9 %len" [dilithium2/ntt.c:78]   --->   Operation 27 'trunc' 'trunc_ln78' <Predicate = (!tmp_15)> <Delay = 0.00>
ST_3 : Operation 28 [1/1] (0.00ns)   --->   "%specloopname_ln78 = specloopname void @_ssdm_op_SpecLoopName, void @empty_7" [dilithium2/ntt.c:78]   --->   Operation 28 'specloopname' 'specloopname_ln78' <Predicate = (!tmp_15)> <Delay = 0.00>
ST_3 : Operation 29 [1/1] (1.32ns)   --->   "%br_ln84 = br void %for.cond1.i.i" [dilithium2/ntt.c:84]   --->   Operation 29 'br' 'br_ln84' <Predicate = (!tmp_15)> <Delay = 1.32>
ST_3 : Operation 30 [2/2] (4.52ns)   --->   "%call_ln87 = call void @pqcrystals_dilithium2_ref_polyveck_invntt_tomont_Pipeline_VITIS_LOOP_95_4, i10 %tmp, i32 %v" [dilithium2/ntt.c:87]   --->   Operation 30 'call' 'call_ln87' <Predicate = (tmp_15)> <Delay = 4.52> <CoreType = "Generic">   --->   Core 0 '' <Latency = 0> <II = 1> <Delay = 1.00> <Generic> <Opcode : >
ST_3 : Operation 31 [1/1] (1.32ns)   --->   "%store_ln298 = store i3 %add_ln298, i3 %i" [dilithium2/polyvec.c:298]   --->   Operation 31 'store' 'store_ln298' <Predicate = (tmp_15)> <Delay = 1.32>

State 4 <SV = 3> <Delay = 4.95>
ST_4 : Operation 32 [1/1] (0.00ns)   --->   "%start_19 = phi i32 0, void %VITIS_LOOP_84_2.i.i, i32 %start, void %for.inc29.i.i"   --->   Operation 32 'phi' 'start_19' <Predicate = true> <Delay = 0.00>
ST_4 : Operation 33 [1/1] (0.00ns)   --->   "%k_15 = phi i32 %k, void %VITIS_LOOP_84_2.i.i, i32 %k_16, void %for.inc29.i.i"   --->   Operation 33 'phi' 'k_15' <Predicate = true> <Delay = 0.00>
ST_4 : Operation 34 [1/1] (0.00ns)   --->   "%tmp_16 = partselect i24 @_ssdm_op_PartSelect.i24.i32.i32.i32, i32 %start_19, i32 8, i32 31" [dilithium2/ntt.c:84]   --->   Operation 34 'partselect' 'tmp_16' <Predicate = true> <Delay = 0.00>
ST_4 : Operation 35 [1/1] (2.04ns)   --->   "%icmp_ln84 = icmp_eq  i24 %tmp_16, i24 0" [dilithium2/ntt.c:84]   --->   Operation 35 'icmp' 'icmp_ln84' <Predicate = true> <Delay = 2.04> <CoreInst = "Cmp">   --->   Core 9 'Cmp' <Latency = 0> <II = 1> <Delay = 2.04> <FuncUnit> <Opcode : 'icmp'> <InPorts = 2> <OutPorts = 1>
ST_4 : Operation 36 [1/1] (0.00ns)   --->   "%br_ln84 = br i1 %icmp_ln84, void %for.inc32.i.i, void %VITIS_LOOP_86_3.i.i" [dilithium2/ntt.c:84]   --->   Operation 36 'br' 'br_ln84' <Predicate = true> <Delay = 0.00>
ST_4 : Operation 37 [1/1] (2.18ns)   --->   "%k_16 = add i32 %k_15, i32 4294967295" [dilithium2/ntt.c:85]   --->   Operation 37 'add' 'k_16' <Predicate = (icmp_ln84)> <Delay = 2.18> <CoreInst = "Adder">   --->   Core 1 'Adder' <Latency = 0> <II = 1> <Delay = 2.18> <FuncUnit> <Opcode : 'add' 'sub'> <InPorts = 2> <OutPorts = 1>
ST_4 : Operation 38 [1/1] (0.00ns)   --->   "%zext_ln85 = zext i32 %k_16" [dilithium2/ntt.c:85]   --->   Operation 38 'zext' 'zext_ln85' <Predicate = (icmp_ln84)> <Delay = 0.00>
ST_4 : Operation 39 [1/1] (0.00ns)   --->   "%zetas_addr = getelementptr i23 %zetas, i64 0, i64 %zext_ln85" [dilithium2/ntt.c:85]   --->   Operation 39 'getelementptr' 'zetas_addr' <Predicate = (icmp_ln84)> <Delay = 0.00>
ST_4 : Operation 40 [2/2] (2.77ns)   --->   "%zetas_load = load i8 %zetas_addr" [dilithium2/ntt.c:85]   --->   Operation 40 'load' 'zetas_load' <Predicate = (icmp_ln84)> <Delay = 2.77> <CoreInst = "ROM">   --->   Core 95 'ROM' <Latency = 1> <II = 1> <Delay = 2.77> <Storage> <Opcode : 'load'> <Ports = 0> <Width = 23> <Depth = 256> <ROM>
ST_4 : Operation 41 [1/1] (0.00ns)   --->   "%len_12 = shl i9 %len, i9 1" [dilithium2/ntt.c:83]   --->   Operation 41 'shl' 'len_12' <Predicate = (!icmp_ln84)> <Delay = 0.00>
ST_4 : Operation 42 [1/1] (0.00ns)   --->   "%br_ln83 = br void %for.cond.i.i" [dilithium2/ntt.c:83]   --->   Operation 42 'br' 'br_ln83' <Predicate = (!icmp_ln84)> <Delay = 0.00>

State 5 <SV = 4> <Delay = 11.9>
ST_5 : Operation 43 [1/1] (0.00ns)   --->   "%specloopname_ln85 = specloopname void @_ssdm_op_SpecLoopName, void @empty_26" [dilithium2/ntt.c:85]   --->   Operation 43 'specloopname' 'specloopname_ln85' <Predicate = true> <Delay = 0.00>
ST_5 : Operation 44 [1/2] (2.77ns)   --->   "%zetas_load = load i8 %zetas_addr" [dilithium2/ntt.c:85]   --->   Operation 44 'load' 'zetas_load' <Predicate = true> <Delay = 2.77> <CoreInst = "ROM">   --->   Core 95 'ROM' <Latency = 1> <II = 1> <Delay = 2.77> <Storage> <Opcode : 'load'> <Ports = 0> <Width = 23> <Depth = 256> <ROM>
ST_5 : Operation 45 [1/1] (1.98ns)   --->   "%zeta = sub i23 0, i23 %zetas_load" [dilithium2/ntt.c:85]   --->   Operation 45 'sub' 'zeta' <Predicate = true> <Delay = 1.98> <CoreInst = "Adder">   --->   Core 1 'Adder' <Latency = 0> <II = 1> <Delay = 1.98> <FuncUnit> <Opcode : 'add' 'sub'> <InPorts = 2> <OutPorts = 1>
ST_5 : Operation 46 [1/1] (0.00ns)   --->   "%empty_103 = trunc i32 %start_19" [dilithium2/ntt.c:84]   --->   Operation 46 'trunc' 'empty_103' <Predicate = true> <Delay = 0.00>
ST_5 : Operation 47 [1/1] (2.18ns)   --->   "%add_i_i = add i32 %start_19, i32 %zext_ln78" [dilithium2/ntt.c:84]   --->   Operation 47 'add' 'add_i_i' <Predicate = true> <Delay = 2.18> <CoreInst = "Adder">   --->   Core 1 'Adder' <Latency = 0> <II = 1> <Delay = 2.18> <FuncUnit> <Opcode : 'add' 'sub'> <InPorts = 2> <OutPorts = 1>
ST_5 : Operation 48 [1/1] (2.11ns)   --->   "%icmp_ln86 = icmp_ult  i32 %start_19, i32 %add_i_i" [dilithium2/ntt.c:86]   --->   Operation 48 'icmp' 'icmp_ln86' <Predicate = true> <Delay = 2.11> <CoreInst = "Cmp">   --->   Core 9 'Cmp' <Latency = 0> <II = 1> <Delay = 2.11> <FuncUnit> <Opcode : 'icmp'> <InPorts = 2> <OutPorts = 1>
ST_5 : Operation 49 [1/1] (1.32ns)   --->   "%br_ln86 = br i1 %icmp_ln86, void %for.inc29.i.i, void %for.body6.lr.ph.i.i" [dilithium2/ntt.c:86]   --->   Operation 49 'br' 'br_ln86' <Predicate = true> <Delay = 1.32>
ST_5 : Operation 50 [1/1] (0.00ns)   --->   "%trunc_ln86 = trunc i32 %start_19" [dilithium2/ntt.c:86]   --->   Operation 50 'trunc' 'trunc_ln86' <Predicate = (icmp_ln86)> <Delay = 0.00>
ST_5 : Operation 51 [1/1] (1.73ns)   --->   "%add_ln86 = add i9 %empty_103, i9 %len" [dilithium2/ntt.c:86]   --->   Operation 51 'add' 'add_ln86' <Predicate = (icmp_ln86)> <Delay = 1.73> <CoreInst = "Adder">   --->   Core 1 'Adder' <Latency = 0> <II = 1> <Delay = 1.73> <FuncUnit> <Opcode : 'add' 'sub'> <InPorts = 2> <OutPorts = 1>
ST_5 : Operation 52 [2/2] (7.19ns)   --->   "%call_ln86 = call void @pqcrystals_dilithium2_ref_polyveck_invntt_tomont_Pipeline_VITIS_LOOP_86_3, i8 %trunc_ln86, i9 %add_ln86, i10 %tmp, i32 %v, i8 %trunc_ln78, i23 %zeta" [dilithium2/ntt.c:86]   --->   Operation 52 'call' 'call_ln86' <Predicate = (icmp_ln86)> <Delay = 7.19> <CoreType = "Generic">   --->   Core 0 '' <Latency = 0> <II = 1> <Delay = 1.00> <Generic> <Opcode : >

State 6 <SV = 5> <Delay = 3.50>
ST_6 : Operation 53 [1/2] (0.00ns)   --->   "%call_ln86 = call void @pqcrystals_dilithium2_ref_polyveck_invntt_tomont_Pipeline_VITIS_LOOP_86_3, i8 %trunc_ln86, i9 %add_ln86, i10 %tmp, i32 %v, i8 %trunc_ln78, i23 %zeta" [dilithium2/ntt.c:86]   --->   Operation 53 'call' 'call_ln86' <Predicate = (icmp_ln86)> <Delay = 0.00> <CoreType = "Generic">   --->   Core 0 '' <Latency = 0> <II = 1> <Delay = 1.00> <Generic> <Opcode : >
ST_6 : Operation 54 [1/1] (1.32ns)   --->   "%br_ln0 = br void %for.inc29.i.i"   --->   Operation 54 'br' 'br_ln0' <Predicate = (icmp_ln86)> <Delay = 1.32>
ST_6 : Operation 55 [1/1] (0.00ns) (grouped into LUT with out node start)   --->   "%j_0_lcssa_i_i = phi i32 %add_i_i, void %for.body6.lr.ph.i.i, i32 %start_19, void %VITIS_LOOP_86_3.i.i"   --->   Operation 55 'phi' 'j_0_lcssa_i_i' <Predicate = true> <Delay = 0.00>
ST_6 : Operation 56 [1/1] (2.18ns) (out node of the LUT)   --->   "%start = add i32 %j_0_lcssa_i_i, i32 %zext_ln78" [dilithium2/ntt.c:84]   --->   Operation 56 'add' 'start' <Predicate = true> <Delay = 2.18> <CoreInst = "Adder">   --->   Core 1 'Adder' <Latency = 0> <II = 1> <Delay = 2.18> <FuncUnit> <Opcode : 'add' 'sub'> <InPorts = 2> <OutPorts = 1>
ST_6 : Operation 57 [1/1] (0.00ns)   --->   "%br_ln84 = br void %for.cond1.i.i" [dilithium2/ntt.c:84]   --->   Operation 57 'br' 'br_ln84' <Predicate = true> <Delay = 0.00>

State 7 <SV = 3> <Delay = 0.00>
ST_7 : Operation 58 [1/2] (0.00ns)   --->   "%call_ln87 = call void @pqcrystals_dilithium2_ref_polyveck_invntt_tomont_Pipeline_VITIS_LOOP_95_4, i10 %tmp, i32 %v" [dilithium2/ntt.c:87]   --->   Operation 58 'call' 'call_ln87' <Predicate = true> <Delay = 0.00> <CoreType = "Generic">   --->   Core 0 '' <Latency = 0> <II = 1> <Delay = 1.00> <Generic> <Opcode : >
ST_7 : Operation 59 [1/1] (0.00ns)   --->   "%br_ln298 = br void %for.inc" [dilithium2/polyvec.c:298]   --->   Operation 59 'br' 'br_ln298' <Predicate = true> <Delay = 0.00>


============================================================
+ Verbose Summary: Binding
============================================================
STG Binding: 
---------------- STG Properties BEGIN ----------------
- Is combinational: 0
- Is one-state seq: 0
- Is datapath-only: 0
- Is pipelined: 0
- Is top level: 0
Port [ Return ] is wired: 1; IO mode=ap_ctrl_hs:ce=0
Port [ v]:  wired=1; compound=1; hidden=0; nouse=0; global=0; static=0; extern=0; dir=2; type=1; pingpong=0; private_global=0; MemPort=[21]; IO mode=ap_memory:ce=0
Port [ zetas]:  wired=1; compound=1; hidden=0; nouse=0; global=1; static=1; extern=0; dir=0; type=1; pingpong=0; private_global=0; MemPort=[1]; IO mode=ap_memory:ce=0
---------------- STG Properties END ------------------

---------------- Datapath Model BEGIN ----------------

<LifeTime>
<method=bitvector/>
i                  (alloca           ) [ 01111111]
store_ln298        (store            ) [ 00000000]
br_ln298           (br               ) [ 00000000]
i_29               (load             ) [ 00000000]
trunc_ln298        (trunc            ) [ 00000000]
icmp_ln298         (icmp             ) [ 00111111]
empty              (speclooptripcount) [ 00000000]
add_ln298          (add              ) [ 00011110]
br_ln298           (br               ) [ 00000000]
tmp                (bitconcatenate   ) [ 00011111]
specloopname_ln296 (specloopname     ) [ 00000000]
br_ln83            (br               ) [ 00111111]
ret_ln300          (ret              ) [ 00000000]
len                (phi              ) [ 00011110]
k                  (phi              ) [ 00011110]
tmp_15             (bitselect        ) [ 00111111]
empty_102          (speclooptripcount) [ 00000000]
br_ln83            (br               ) [ 00000000]
zext_ln78          (zext             ) [ 00001110]
trunc_ln78         (trunc            ) [ 00001110]
specloopname_ln78  (specloopname     ) [ 00000000]
br_ln84            (br               ) [ 00111111]
store_ln298        (store            ) [ 00000000]
start_19           (phi              ) [ 00001110]
k_15               (phi              ) [ 00111001]
tmp_16             (partselect       ) [ 00000000]
icmp_ln84          (icmp             ) [ 00111111]
br_ln84            (br               ) [ 00000000]
k_16               (add              ) [ 00111111]
zext_ln85          (zext             ) [ 00000000]
zetas_addr         (getelementptr    ) [ 00000100]
len_12             (shl              ) [ 00111111]
br_ln83            (br               ) [ 00111111]
specloopname_ln85  (specloopname     ) [ 00000000]
zetas_load         (load             ) [ 00000000]
zeta               (sub              ) [ 00000010]
empty_103          (trunc            ) [ 00000000]
add_i_i            (add              ) [ 00111111]
icmp_ln86          (icmp             ) [ 00111111]
br_ln86            (br               ) [ 00111111]
trunc_ln86         (trunc            ) [ 00000010]
add_ln86           (add              ) [ 00000010]
call_ln86          (call             ) [ 00000000]
br_ln0             (br               ) [ 00000000]
j_0_lcssa_i_i      (phi              ) [ 00000010]
start              (add              ) [ 00111111]
br_ln84            (br               ) [ 00111111]
call_ln87          (call             ) [ 00000000]
br_ln298           (br               ) [ 00000000]
</LifeTime>

<model>

<comp_list>
<comp id="0" class="1000" name="v">
<pin_list>
<pin id="1" dir="1" index="0" bw="1" slack="0"/>
</pin_list>
<bind>
<StgValue><ssdm name="v"/><MemPortTyVec>2 1 </MemPortTyVec>
</StgValue>
</bind>
</comp>

<comp id="2" class="1000" name="zetas">
<pin_list>
<pin id="3" dir="1" index="0" bw="1" slack="0"/>
</pin_list>
<bind>
<StgValue><ssdm name="zetas"/><MemPortTyVec>1 </MemPortTyVec>
</StgValue>
</bind>
</comp>

<comp id="4" class="1001" name="const_4">
<pin_list>
<pin id="5" dir="1" index="0" bw="1" slack="0"/>
</pin_list>
<bind>
<StgValue><ssdm name=""/></StgValue>
</bind>
</comp>

<comp id="6" class="1001" name="const_6">
<pin_list>
<pin id="7" dir="1" index="0" bw="1" slack="0"/>
</pin_list>
<bind>
<StgValue><ssdm name=""/></StgValue>
</bind>
</comp>

<comp id="8" class="1001" name="const_8">
<pin_list>
<pin id="9" dir="1" index="0" bw="1" slack="0"/>
</pin_list>
<bind>
<StgValue><ssdm name=""/></StgValue>
</bind>
</comp>

<comp id="10" class="1001" name="const_10">
<pin_list>
<pin id="11" dir="1" index="0" bw="1" slack="2147483647"/>
</pin_list>
<bind>
<StgValue><ssdm name="_ssdm_op_SpecLoopTripCount"/></StgValue>
</bind>
</comp>

<comp id="12" class="1001" name="const_12">
<pin_list>
<pin id="13" dir="1" index="0" bw="1" slack="2147483647"/>
</pin_list>
<bind>
<StgValue><ssdm name=""/></StgValue>
</bind>
</comp>

<comp id="14" class="1001" name="const_14">
<pin_list>
<pin id="15" dir="1" index="0" bw="1" slack="0"/>
</pin_list>
<bind>
<StgValue><ssdm name=""/></StgValue>
</bind>
</comp>

<comp id="16" class="1001" name="const_16">
<pin_list>
<pin id="17" dir="1" index="0" bw="1" slack="0"/>
</pin_list>
<bind>
<StgValue><ssdm name="_ssdm_op_BitConcatenate.i10.i2.i8"/></StgValue>
</bind>
</comp>

<comp id="18" class="1001" name="const_18">
<pin_list>
<pin id="19" dir="1" index="0" bw="1" slack="0"/>
</pin_list>
<bind>
<StgValue><ssdm name=""/></StgValue>
</bind>
</comp>

<comp id="20" class="1001" name="const_20">
<pin_list>
<pin id="21" dir="1" index="0" bw="1" slack="2147483647"/>
</pin_list>
<bind>
<StgValue><ssdm name="_ssdm_op_SpecLoopName"/></StgValue>
</bind>
</comp>

<comp id="22" class="1001" name="const_22">
<pin_list>
<pin id="23" dir="1" index="0" bw="1" slack="2147483647"/>
</pin_list>
<bind>
<StgValue><ssdm name="empty_23"/></StgValue>
</bind>
</comp>

<comp id="24" class="1001" name="const_24">
<pin_list>
<pin id="25" dir="1" index="0" bw="1" slack="0"/>
</pin_list>
<bind>
<StgValue><ssdm name=""/></StgValue>
</bind>
</comp>

<comp id="26" class="1001" name="const_26">
<pin_list>
<pin id="27" dir="1" index="0" bw="1" slack="1"/>
</pin_list>
<bind>
<StgValue><ssdm name=""/></StgValue>
</bind>
</comp>

<comp id="28" class="1001" name="const_28">
<pin_list>
<pin id="29" dir="1" index="0" bw="1" slack="0"/>
</pin_list>
<bind>
<StgValue><ssdm name="_ssdm_op_BitSelect.i1.i9.i32"/></StgValue>
</bind>
</comp>

<comp id="30" class="1001" name="const_30">
<pin_list>
<pin id="31" dir="1" index="0" bw="1" slack="0"/>
</pin_list>
<bind>
<StgValue><ssdm name=""/></StgValue>
</bind>
</comp>

<comp id="32" class="1001" name="const_32">
<pin_list>
<pin id="33" dir="1" index="0" bw="1" slack="2147483647"/>
</pin_list>
<bind>
<StgValue><ssdm name=""/></StgValue>
</bind>
</comp>

<comp id="34" class="1001" name="const_34">
<pin_list>
<pin id="35" dir="1" index="0" bw="1" slack="2147483647"/>
</pin_list>
<bind>
<StgValue><ssdm name="empty_7"/></StgValue>
</bind>
</comp>

<comp id="36" class="1001" name="const_36">
<pin_list>
<pin id="37" dir="1" index="0" bw="1" slack="0"/>
</pin_list>
<bind>
<StgValue><ssdm name="pqcrystals_dilithium2_ref_polyveck_invntt_tomont_Pipeline_VITIS_LOOP_95_4"/></StgValue>
</bind>
</comp>

<comp id="38" class="1001" name="const_38">
<pin_list>
<pin id="39" dir="1" index="0" bw="1" slack="1"/>
</pin_list>
<bind>
<StgValue><ssdm name=""/></StgValue>
</bind>
</comp>

<comp id="40" class="1001" name="const_40">
<pin_list>
<pin id="41" dir="1" index="0" bw="1" slack="0"/>
</pin_list>
<bind>
<StgValue><ssdm name="_ssdm_op_PartSelect.i24.i32.i32.i32"/></StgValue>
</bind>
</comp>

<comp id="42" class="1001" name="const_42">
<pin_list>
<pin id="43" dir="1" index="0" bw="1" slack="0"/>
</pin_list>
<bind>
<StgValue><ssdm name=""/></StgValue>
</bind>
</comp>

<comp id="44" class="1001" name="const_44">
<pin_list>
<pin id="45" dir="1" index="0" bw="1" slack="0"/>
</pin_list>
<bind>
<StgValue><ssdm name=""/></StgValue>
</bind>
</comp>

<comp id="46" class="1001" name="const_46">
<pin_list>
<pin id="47" dir="1" index="0" bw="1" slack="0"/>
</pin_list>
<bind>
<StgValue><ssdm name=""/></StgValue>
</bind>
</comp>

<comp id="48" class="1001" name="const_48">
<pin_list>
<pin id="49" dir="1" index="0" bw="1" slack="0"/>
</pin_list>
<bind>
<StgValue><ssdm name=""/></StgValue>
</bind>
</comp>

<comp id="50" class="1001" name="const_50">
<pin_list>
<pin id="51" dir="1" index="0" bw="1" slack="2147483647"/>
</pin_list>
<bind>
<StgValue><ssdm name="empty_26"/></StgValue>
</bind>
</comp>

<comp id="52" class="1001" name="const_52">
<pin_list>
<pin id="53" dir="1" index="0" bw="1" slack="0"/>
</pin_list>
<bind>
<StgValue><ssdm name=""/></StgValue>
</bind>
</comp>

<comp id="54" class="1001" name="const_54">
<pin_list>
<pin id="55" dir="1" index="0" bw="1" slack="0"/>
</pin_list>
<bind>
<StgValue><ssdm name="pqcrystals_dilithium2_ref_polyveck_invntt_tomont_Pipeline_VITIS_LOOP_86_3"/></StgValue>
</bind>
</comp>

<comp id="56" class="1004" name="i_fu_56">
<pin_list>
<pin id="57" dir="0" index="0" bw="1" slack="0"/>
<pin id="58" dir="1" index="1" bw="3" slack="0"/>
</pin_list>
<bind>
<opcode="alloca(26) " fcode="alloca"/>
<opset="i/1 "/>
</bind>
</comp>

<comp id="60" class="1004" name="zetas_addr_gep_fu_60">
<pin_list>
<pin id="61" dir="0" index="0" bw="23" slack="0"/>
<pin id="62" dir="0" index="1" bw="1" slack="0"/>
<pin id="63" dir="0" index="2" bw="32" slack="0"/>
<pin id="64" dir="1" index="3" bw="8" slack="0"/>
</pin_list>
<bind>
<opcode="getelementptr(29) " fcode="getelementptr"/>
<opset="zetas_addr/4 "/>
</bind>
</comp>

<comp id="67" class="1004" name="grp_access_fu_67">
<pin_list>
<pin id="68" dir="0" index="0" bw="8" slack="0"/>
<pin id="69" dir="0" index="1" bw="23" slack="2147483647"/>
<pin id="70" dir="0" index="2" bw="0" slack="2147483647"/>
<pin id="71" dir="1" index="3" bw="23" slack="0"/>
</pin_list>
<bind>
<opcode="load(27) " fcode="load"/>
<opset="zetas_load/4 "/>
</bind>
</comp>

<comp id="73" class="1005" name="len_reg_73">
<pin_list>
<pin id="74" dir="0" index="0" bw="9" slack="1"/>
<pin id="75" dir="1" index="1" bw="9" slack="1"/>
</pin_list>
<bind>
<opset="len (phireg) "/>
</bind>
</comp>

<comp id="77" class="1004" name="len_phi_fu_77">
<pin_list>
<pin id="78" dir="0" index="0" bw="1" slack="1"/>
<pin id="79" dir="0" index="1" bw="0" slack="2147483647"/>
<pin id="80" dir="0" index="2" bw="9" slack="1"/>
<pin id="81" dir="0" index="3" bw="0" slack="2147483647"/>
<pin id="82" dir="1" index="4" bw="9" slack="0"/>
</pin_list>
<bind>
<opcode="phi(47) " fcode="phi"/>
<opset="len/3 "/>
</bind>
</comp>

<comp id="85" class="1005" name="k_reg_85">
<pin_list>
<pin id="86" dir="0" index="0" bw="32" slack="1"/>
<pin id="87" dir="1" index="1" bw="32" slack="1"/>
</pin_list>
<bind>
<opset="k (phireg) "/>
</bind>
</comp>

<comp id="89" class="1004" name="k_phi_fu_89">
<pin_list>
<pin id="90" dir="0" index="0" bw="10" slack="1"/>
<pin id="91" dir="0" index="1" bw="0" slack="2147483647"/>
<pin id="92" dir="0" index="2" bw="32" slack="1"/>
<pin id="93" dir="0" index="3" bw="0" slack="2147483647"/>
<pin id="94" dir="1" index="4" bw="32" slack="1"/>
</pin_list>
<bind>
<opcode="phi(47) " fcode="phi"/>
<opset="k/3 "/>
</bind>
</comp>

<comp id="97" class="1005" name="start_19_reg_97">
<pin_list>
<pin id="98" dir="0" index="0" bw="32" slack="1"/>
<pin id="99" dir="1" index="1" bw="32" slack="1"/>
</pin_list>
<bind>
<opset="start_19 (phireg) "/>
</bind>
</comp>

<comp id="101" class="1004" name="start_19_phi_fu_101">
<pin_list>
<pin id="102" dir="0" index="0" bw="1" slack="1"/>
<pin id="103" dir="0" index="1" bw="0" slack="2147483647"/>
<pin id="104" dir="0" index="2" bw="32" slack="1"/>
<pin id="105" dir="0" index="3" bw="0" slack="2147483647"/>
<pin id="106" dir="1" index="4" bw="32" slack="0"/>
</pin_list>
<bind>
<opcode="phi(47) " fcode="phi"/>
<opset="start_19/4 "/>
</bind>
</comp>

<comp id="109" class="1005" name="k_15_reg_109">
<pin_list>
<pin id="110" dir="0" index="0" bw="32" slack="1"/>
<pin id="111" dir="1" index="1" bw="32" slack="1"/>
</pin_list>
<bind>
<opset="k_15 (phireg) "/>
</bind>
</comp>

<comp id="113" class="1004" name="k_15_phi_fu_113">
<pin_list>
<pin id="114" dir="0" index="0" bw="32" slack="1"/>
<pin id="115" dir="0" index="1" bw="0" slack="2147483647"/>
<pin id="116" dir="0" index="2" bw="32" slack="0"/>
<pin id="117" dir="0" index="3" bw="0" slack="2147483647"/>
<pin id="118" dir="1" index="4" bw="32" slack="0"/>
</pin_list>
<bind>
<opcode="phi(47) " fcode="phi"/>
<opset="k_15/4 "/>
</bind>
</comp>

<comp id="121" class="1005" name="j_0_lcssa_i_i_reg_121">
<pin_list>
<pin id="122" dir="0" index="0" bw="32" slack="2147483647"/>
<pin id="123" dir="1" index="1" bw="32" slack="2147483647"/>
</pin_list>
<bind>
<opset="j_0_lcssa_i_i (phireg) "/>
</bind>
</comp>

<comp id="124" class="1004" name="j_0_lcssa_i_i_phi_fu_124">
<pin_list>
<pin id="125" dir="0" index="0" bw="32" slack="1"/>
<pin id="126" dir="0" index="1" bw="0" slack="2147483647"/>
<pin id="127" dir="0" index="2" bw="32" slack="2"/>
<pin id="128" dir="0" index="3" bw="0" slack="2147483647"/>
<pin id="129" dir="1" index="4" bw="32" slack="0"/>
</pin_list>
<bind>
<opcode="phi(47) " fcode="phi"/>
<opset="j_0_lcssa_i_i/6 "/>
</bind>
</comp>

<comp id="131" class="1004" name="grp_pqcrystals_dilithium2_ref_polyveck_invntt_tomont_Pipeline_VITIS_LOOP_95_4_fu_131">
<pin_list>
<pin id="132" dir="0" index="0" bw="0" slack="0"/>
<pin id="133" dir="0" index="1" bw="10" slack="1"/>
<pin id="134" dir="0" index="2" bw="32" slack="0"/>
<pin id="135" dir="1" index="3" bw="0" slack="2147483647"/>
</pin_list>
<bind>
<opcode="call(48) " fcode="call"/>
<opset="call_ln87/3 "/>
</bind>
</comp>

<comp id="138" class="1004" name="grp_pqcrystals_dilithium2_ref_polyveck_invntt_tomont_Pipeline_VITIS_LOOP_86_3_fu_138">
<pin_list>
<pin id="139" dir="0" index="0" bw="0" slack="0"/>
<pin id="140" dir="0" index="1" bw="8" slack="0"/>
<pin id="141" dir="0" index="2" bw="9" slack="0"/>
<pin id="142" dir="0" index="3" bw="10" slack="3"/>
<pin id="143" dir="0" index="4" bw="32" slack="0"/>
<pin id="144" dir="0" index="5" bw="8" slack="2"/>
<pin id="145" dir="0" index="6" bw="23" slack="0"/>
<pin id="146" dir="1" index="7" bw="0" slack="2147483647"/>
</pin_list>
<bind>
<opcode="call(48) " fcode="call"/>
<opset="call_ln86/5 "/>
</bind>
</comp>

<comp id="149" class="1004" name="store_ln298_store_fu_149">
<pin_list>
<pin id="150" dir="0" index="0" bw="1" slack="0"/>
<pin id="151" dir="0" index="1" bw="3" slack="0"/>
<pin id="152" dir="1" index="2" bw="0" slack="2147483647"/>
</pin_list>
<bind>
<opcode="store(28) " fcode="store"/>
<opset="store_ln298/1 "/>
</bind>
</comp>

<comp id="154" class="1004" name="i_29_load_fu_154">
<pin_list>
<pin id="155" dir="0" index="0" bw="3" slack="1"/>
<pin id="156" dir="1" index="1" bw="3" slack="0"/>
</pin_list>
<bind>
<opcode="load(27) " fcode="load"/>
<opset="i_29/2 "/>
</bind>
</comp>

<comp id="157" class="1004" name="trunc_ln298_fu_157">
<pin_list>
<pin id="158" dir="0" index="0" bw="3" slack="0"/>
<pin id="159" dir="1" index="1" bw="2" slack="0"/>
</pin_list>
<bind>
<opcode="trunc(33) " fcode="trunc"/>
<opset="trunc_ln298/2 "/>
</bind>
</comp>

<comp id="161" class="1004" name="icmp_ln298_fu_161">
<pin_list>
<pin id="162" dir="0" index="0" bw="3" slack="0"/>
<pin id="163" dir="0" index="1" bw="3" slack="0"/>
<pin id="164" dir="1" index="2" bw="1" slack="2147483647"/>
</pin_list>
<bind>
<opcode="icmp(45) " fcode="icmp"/>
<opset="icmp_ln298/2 "/>
</bind>
</comp>

<comp id="167" class="1004" name="add_ln298_fu_167">
<pin_list>
<pin id="168" dir="0" index="0" bw="3" slack="0"/>
<pin id="169" dir="0" index="1" bw="1" slack="0"/>
<pin id="170" dir="1" index="2" bw="3" slack="1"/>
</pin_list>
<bind>
<opcode="add(8) " fcode="add"/>
<opset="add_ln298/2 "/>
</bind>
</comp>

<comp id="173" class="1004" name="tmp_fu_173">
<pin_list>
<pin id="174" dir="0" index="0" bw="10" slack="0"/>
<pin id="175" dir="0" index="1" bw="2" slack="0"/>
<pin id="176" dir="0" index="2" bw="1" slack="0"/>
<pin id="177" dir="1" index="3" bw="10" slack="1"/>
</pin_list>
<bind>
<opcode="bitconcatenate(1004) " fcode="bitconcatenate"/>
<opset="tmp/2 "/>
</bind>
</comp>

<comp id="181" class="1004" name="tmp_15_fu_181">
<pin_list>
<pin id="182" dir="0" index="0" bw="1" slack="0"/>
<pin id="183" dir="0" index="1" bw="9" slack="0"/>
<pin id="184" dir="0" index="2" bw="5" slack="0"/>
<pin id="185" dir="1" index="3" bw="1" slack="2147483647"/>
</pin_list>
<bind>
<opcode="bitselect(1000) " fcode="bitselect"/>
<opset="tmp_15/3 "/>
</bind>
</comp>

<comp id="189" class="1004" name="zext_ln78_fu_189">
<pin_list>
<pin id="190" dir="0" index="0" bw="9" slack="0"/>
<pin id="191" dir="1" index="1" bw="32" slack="2"/>
</pin_list>
<bind>
<opcode="zext(34) " fcode="zext"/>
<opset="zext_ln78/3 "/>
</bind>
</comp>

<comp id="193" class="1004" name="trunc_ln78_fu_193">
<pin_list>
<pin id="194" dir="0" index="0" bw="9" slack="0"/>
<pin id="195" dir="1" index="1" bw="8" slack="2"/>
</pin_list>
<bind>
<opcode="trunc(33) " fcode="trunc"/>
<opset="trunc_ln78/3 "/>
</bind>
</comp>

<comp id="197" class="1004" name="store_ln298_store_fu_197">
<pin_list>
<pin id="198" dir="0" index="0" bw="3" slack="1"/>
<pin id="199" dir="0" index="1" bw="3" slack="2"/>
<pin id="200" dir="1" index="2" bw="0" slack="2147483647"/>
</pin_list>
<bind>
<opcode="store(28) " fcode="store"/>
<opset="store_ln298/3 "/>
</bind>
</comp>

<comp id="201" class="1004" name="tmp_16_fu_201">
<pin_list>
<pin id="202" dir="0" index="0" bw="24" slack="0"/>
<pin id="203" dir="0" index="1" bw="32" slack="0"/>
<pin id="204" dir="0" index="2" bw="5" slack="0"/>
<pin id="205" dir="0" index="3" bw="6" slack="0"/>
<pin id="206" dir="1" index="4" bw="24" slack="0"/>
</pin_list>
<bind>
<opcode="partselect(1002) " fcode="partselect"/>
<opset="tmp_16/4 "/>
</bind>
</comp>

<comp id="211" class="1004" name="icmp_ln84_fu_211">
<pin_list>
<pin id="212" dir="0" index="0" bw="24" slack="0"/>
<pin id="213" dir="0" index="1" bw="24" slack="0"/>
<pin id="214" dir="1" index="2" bw="1" slack="2147483647"/>
</pin_list>
<bind>
<opcode="icmp(45) " fcode="icmp"/>
<opset="icmp_ln84/4 "/>
</bind>
</comp>

<comp id="217" class="1004" name="k_16_fu_217">
<pin_list>
<pin id="218" dir="0" index="0" bw="32" slack="0"/>
<pin id="219" dir="0" index="1" bw="1" slack="0"/>
<pin id="220" dir="1" index="2" bw="32" slack="0"/>
</pin_list>
<bind>
<opcode="add(8) " fcode="add"/>
<opset="k_16/4 "/>
</bind>
</comp>

<comp id="223" class="1004" name="zext_ln85_fu_223">
<pin_list>
<pin id="224" dir="0" index="0" bw="32" slack="0"/>
<pin id="225" dir="1" index="1" bw="64" slack="0"/>
</pin_list>
<bind>
<opcode="zext(34) " fcode="zext"/>
<opset="zext_ln85/4 "/>
</bind>
</comp>

<comp id="228" class="1004" name="len_12_fu_228">
<pin_list>
<pin id="229" dir="0" index="0" bw="9" slack="1"/>
<pin id="230" dir="0" index="1" bw="1" slack="0"/>
<pin id="231" dir="1" index="2" bw="9" slack="1"/>
</pin_list>
<bind>
<opcode="shl(20) " fcode="shl"/>
<opset="len_12/4 "/>
</bind>
</comp>

<comp id="234" class="1004" name="zeta_fu_234">
<pin_list>
<pin id="235" dir="0" index="0" bw="1" slack="0"/>
<pin id="236" dir="0" index="1" bw="23" slack="0"/>
<pin id="237" dir="1" index="2" bw="23" slack="0"/>
</pin_list>
<bind>
<opcode="sub(10) " fcode="sub"/>
<opset="zeta/5 "/>
</bind>
</comp>

<comp id="241" class="1004" name="empty_103_fu_241">
<pin_list>
<pin id="242" dir="0" index="0" bw="32" slack="1"/>
<pin id="243" dir="1" index="1" bw="9" slack="0"/>
</pin_list>
<bind>
<opcode="trunc(33) " fcode="trunc"/>
<opset="empty_103/5 "/>
</bind>
</comp>

<comp id="245" class="1004" name="add_i_i_fu_245">
<pin_list>
<pin id="246" dir="0" index="0" bw="32" slack="1"/>
<pin id="247" dir="0" index="1" bw="9" slack="2"/>
<pin id="248" dir="1" index="2" bw="32" slack="0"/>
</pin_list>
<bind>
<opcode="add(8) " fcode="add"/>
<opset="add_i_i/5 "/>
</bind>
</comp>

<comp id="250" class="1004" name="icmp_ln86_fu_250">
<pin_list>
<pin id="251" dir="0" index="0" bw="32" slack="1"/>
<pin id="252" dir="0" index="1" bw="32" slack="0"/>
<pin id="253" dir="1" index="2" bw="1" slack="1"/>
</pin_list>
<bind>
<opcode="icmp(45) " fcode="icmp"/>
<opset="icmp_ln86/5 "/>
</bind>
</comp>

<comp id="256" class="1004" name="trunc_ln86_fu_256">
<pin_list>
<pin id="257" dir="0" index="0" bw="32" slack="1"/>
<pin id="258" dir="1" index="1" bw="8" slack="0"/>
</pin_list>
<bind>
<opcode="trunc(33) " fcode="trunc"/>
<opset="trunc_ln86/5 "/>
</bind>
</comp>

<comp id="261" class="1004" name="add_ln86_fu_261">
<pin_list>
<pin id="262" dir="0" index="0" bw="9" slack="0"/>
<pin id="263" dir="0" index="1" bw="9" slack="2"/>
<pin id="264" dir="1" index="2" bw="9" slack="0"/>
</pin_list>
<bind>
<opcode="add(8) " fcode="add"/>
<opset="add_ln86/5 "/>
</bind>
</comp>

<comp id="268" class="1004" name="start_fu_268">
<pin_list>
<pin id="269" dir="0" index="0" bw="32" slack="0"/>
<pin id="270" dir="0" index="1" bw="9" slack="3"/>
<pin id="271" dir="1" index="2" bw="32" slack="1"/>
</pin_list>
<bind>
<opcode="add(8) " fcode="add"/>
<opset="start/6 "/>
</bind>
</comp>

<comp id="273" class="1005" name="i_reg_273">
<pin_list>
<pin id="274" dir="0" index="0" bw="3" slack="0"/>
<pin id="275" dir="1" index="1" bw="3" slack="0"/>
</pin_list>
<bind>
<opset="i "/>
</bind>
</comp>

<comp id="283" class="1005" name="add_ln298_reg_283">
<pin_list>
<pin id="284" dir="0" index="0" bw="3" slack="1"/>
<pin id="285" dir="1" index="1" bw="3" slack="1"/>
</pin_list>
<bind>
<opset="add_ln298 "/>
</bind>
</comp>

<comp id="288" class="1005" name="tmp_reg_288">
<pin_list>
<pin id="289" dir="0" index="0" bw="10" slack="1"/>
<pin id="290" dir="1" index="1" bw="10" slack="1"/>
</pin_list>
<bind>
<opset="tmp "/>
</bind>
</comp>

<comp id="297" class="1005" name="zext_ln78_reg_297">
<pin_list>
<pin id="298" dir="0" index="0" bw="32" slack="2"/>
<pin id="299" dir="1" index="1" bw="32" slack="2"/>
</pin_list>
<bind>
<opset="zext_ln78 "/>
</bind>
</comp>

<comp id="303" class="1005" name="trunc_ln78_reg_303">
<pin_list>
<pin id="304" dir="0" index="0" bw="8" slack="2"/>
<pin id="305" dir="1" index="1" bw="8" slack="2"/>
</pin_list>
<bind>
<opset="trunc_ln78 "/>
</bind>
</comp>

<comp id="311" class="1005" name="k_16_reg_311">
<pin_list>
<pin id="312" dir="0" index="0" bw="32" slack="0"/>
<pin id="313" dir="1" index="1" bw="32" slack="0"/>
</pin_list>
<bind>
<opset="k_16 "/>
</bind>
</comp>

<comp id="316" class="1005" name="zetas_addr_reg_316">
<pin_list>
<pin id="317" dir="0" index="0" bw="8" slack="1"/>
<pin id="318" dir="1" index="1" bw="8" slack="1"/>
</pin_list>
<bind>
<opset="zetas_addr "/>
</bind>
</comp>

<comp id="321" class="1005" name="len_12_reg_321">
<pin_list>
<pin id="322" dir="0" index="0" bw="9" slack="1"/>
<pin id="323" dir="1" index="1" bw="9" slack="1"/>
</pin_list>
<bind>
<opset="len_12 "/>
</bind>
</comp>

<comp id="326" class="1005" name="zeta_reg_326">
<pin_list>
<pin id="327" dir="0" index="0" bw="23" slack="1"/>
<pin id="328" dir="1" index="1" bw="23" slack="1"/>
</pin_list>
<bind>
<opset="zeta "/>
</bind>
</comp>

<comp id="331" class="1005" name="add_i_i_reg_331">
<pin_list>
<pin id="332" dir="0" index="0" bw="32" slack="1"/>
<pin id="333" dir="1" index="1" bw="32" slack="1"/>
</pin_list>
<bind>
<opset="add_i_i "/>
</bind>
</comp>

<comp id="336" class="1005" name="icmp_ln86_reg_336">
<pin_list>
<pin id="337" dir="0" index="0" bw="1" slack="1"/>
<pin id="338" dir="1" index="1" bw="1" slack="2147483647"/>
</pin_list>
<bind>
<opset="icmp_ln86 "/>
</bind>
</comp>

<comp id="340" class="1005" name="trunc_ln86_reg_340">
<pin_list>
<pin id="341" dir="0" index="0" bw="8" slack="1"/>
<pin id="342" dir="1" index="1" bw="8" slack="1"/>
</pin_list>
<bind>
<opset="trunc_ln86 "/>
</bind>
</comp>

<comp id="345" class="1005" name="add_ln86_reg_345">
<pin_list>
<pin id="346" dir="0" index="0" bw="9" slack="1"/>
<pin id="347" dir="1" index="1" bw="9" slack="1"/>
</pin_list>
<bind>
<opset="add_ln86 "/>
</bind>
</comp>

<comp id="350" class="1005" name="start_reg_350">
<pin_list>
<pin id="351" dir="0" index="0" bw="32" slack="1"/>
<pin id="352" dir="1" index="1" bw="32" slack="1"/>
</pin_list>
<bind>
<opset="start "/>
</bind>
</comp>

</comp_list>

<net_list>
<net id="59"><net_src comp="4" pin="0"/><net_sink comp="56" pin=0"/></net>

<net id="65"><net_src comp="2" pin="0"/><net_sink comp="60" pin=0"/></net>

<net id="66"><net_src comp="48" pin="0"/><net_sink comp="60" pin=1"/></net>

<net id="72"><net_src comp="60" pin="3"/><net_sink comp="67" pin=0"/></net>

<net id="76"><net_src comp="24" pin="0"/><net_sink comp="73" pin=0"/></net>

<net id="83"><net_src comp="73" pin="1"/><net_sink comp="77" pin=0"/></net>

<net id="84"><net_src comp="77" pin="4"/><net_sink comp="73" pin=0"/></net>

<net id="88"><net_src comp="26" pin="0"/><net_sink comp="85" pin=0"/></net>

<net id="95"><net_src comp="85" pin="1"/><net_sink comp="89" pin=0"/></net>

<net id="96"><net_src comp="89" pin="4"/><net_sink comp="85" pin=0"/></net>

<net id="100"><net_src comp="38" pin="0"/><net_sink comp="97" pin=0"/></net>

<net id="107"><net_src comp="97" pin="1"/><net_sink comp="101" pin=0"/></net>

<net id="108"><net_src comp="101" pin="4"/><net_sink comp="97" pin=0"/></net>

<net id="112"><net_src comp="109" pin="1"/><net_sink comp="89" pin=2"/></net>

<net id="119"><net_src comp="85" pin="1"/><net_sink comp="113" pin=0"/></net>

<net id="120"><net_src comp="113" pin="4"/><net_sink comp="109" pin=0"/></net>

<net id="130"><net_src comp="97" pin="1"/><net_sink comp="124" pin=2"/></net>

<net id="136"><net_src comp="36" pin="0"/><net_sink comp="131" pin=0"/></net>

<net id="137"><net_src comp="0" pin="0"/><net_sink comp="131" pin=2"/></net>

<net id="147"><net_src comp="54" pin="0"/><net_sink comp="138" pin=0"/></net>

<net id="148"><net_src comp="0" pin="0"/><net_sink comp="138" pin=4"/></net>

<net id="153"><net_src comp="6" pin="0"/><net_sink comp="149" pin=0"/></net>

<net id="160"><net_src comp="154" pin="1"/><net_sink comp="157" pin=0"/></net>

<net id="165"><net_src comp="154" pin="1"/><net_sink comp="161" pin=0"/></net>

<net id="166"><net_src comp="8" pin="0"/><net_sink comp="161" pin=1"/></net>

<net id="171"><net_src comp="154" pin="1"/><net_sink comp="167" pin=0"/></net>

<net id="172"><net_src comp="14" pin="0"/><net_sink comp="167" pin=1"/></net>

<net id="178"><net_src comp="16" pin="0"/><net_sink comp="173" pin=0"/></net>

<net id="179"><net_src comp="157" pin="1"/><net_sink comp="173" pin=1"/></net>

<net id="180"><net_src comp="18" pin="0"/><net_sink comp="173" pin=2"/></net>

<net id="186"><net_src comp="28" pin="0"/><net_sink comp="181" pin=0"/></net>

<net id="187"><net_src comp="77" pin="4"/><net_sink comp="181" pin=1"/></net>

<net id="188"><net_src comp="30" pin="0"/><net_sink comp="181" pin=2"/></net>

<net id="192"><net_src comp="77" pin="4"/><net_sink comp="189" pin=0"/></net>

<net id="196"><net_src comp="77" pin="4"/><net_sink comp="193" pin=0"/></net>

<net id="207"><net_src comp="40" pin="0"/><net_sink comp="201" pin=0"/></net>

<net id="208"><net_src comp="101" pin="4"/><net_sink comp="201" pin=1"/></net>

<net id="209"><net_src comp="30" pin="0"/><net_sink comp="201" pin=2"/></net>

<net id="210"><net_src comp="42" pin="0"/><net_sink comp="201" pin=3"/></net>

<net id="215"><net_src comp="201" pin="4"/><net_sink comp="211" pin=0"/></net>

<net id="216"><net_src comp="44" pin="0"/><net_sink comp="211" pin=1"/></net>

<net id="221"><net_src comp="113" pin="4"/><net_sink comp="217" pin=0"/></net>

<net id="222"><net_src comp="46" pin="0"/><net_sink comp="217" pin=1"/></net>

<net id="226"><net_src comp="217" pin="2"/><net_sink comp="223" pin=0"/></net>

<net id="227"><net_src comp="223" pin="1"/><net_sink comp="60" pin=2"/></net>

<net id="232"><net_src comp="73" pin="1"/><net_sink comp="228" pin=0"/></net>

<net id="233"><net_src comp="24" pin="0"/><net_sink comp="228" pin=1"/></net>

<net id="238"><net_src comp="52" pin="0"/><net_sink comp="234" pin=0"/></net>

<net id="239"><net_src comp="67" pin="3"/><net_sink comp="234" pin=1"/></net>

<net id="240"><net_src comp="234" pin="2"/><net_sink comp="138" pin=6"/></net>

<net id="244"><net_src comp="97" pin="1"/><net_sink comp="241" pin=0"/></net>

<net id="249"><net_src comp="97" pin="1"/><net_sink comp="245" pin=0"/></net>

<net id="254"><net_src comp="97" pin="1"/><net_sink comp="250" pin=0"/></net>

<net id="255"><net_src comp="245" pin="2"/><net_sink comp="250" pin=1"/></net>

<net id="259"><net_src comp="97" pin="1"/><net_sink comp="256" pin=0"/></net>

<net id="260"><net_src comp="256" pin="1"/><net_sink comp="138" pin=1"/></net>

<net id="265"><net_src comp="241" pin="1"/><net_sink comp="261" pin=0"/></net>

<net id="266"><net_src comp="73" pin="1"/><net_sink comp="261" pin=1"/></net>

<net id="267"><net_src comp="261" pin="2"/><net_sink comp="138" pin=2"/></net>

<net id="272"><net_src comp="124" pin="4"/><net_sink comp="268" pin=0"/></net>

<net id="276"><net_src comp="56" pin="1"/><net_sink comp="273" pin=0"/></net>

<net id="277"><net_src comp="273" pin="1"/><net_sink comp="149" pin=1"/></net>

<net id="278"><net_src comp="273" pin="1"/><net_sink comp="154" pin=0"/></net>

<net id="279"><net_src comp="273" pin="1"/><net_sink comp="197" pin=1"/></net>

<net id="286"><net_src comp="167" pin="2"/><net_sink comp="283" pin=0"/></net>

<net id="287"><net_src comp="283" pin="1"/><net_sink comp="197" pin=0"/></net>

<net id="291"><net_src comp="173" pin="3"/><net_sink comp="288" pin=0"/></net>

<net id="292"><net_src comp="288" pin="1"/><net_sink comp="131" pin=1"/></net>

<net id="293"><net_src comp="288" pin="1"/><net_sink comp="138" pin=3"/></net>

<net id="300"><net_src comp="189" pin="1"/><net_sink comp="297" pin=0"/></net>

<net id="301"><net_src comp="297" pin="1"/><net_sink comp="245" pin=1"/></net>

<net id="302"><net_src comp="297" pin="1"/><net_sink comp="268" pin=1"/></net>

<net id="306"><net_src comp="193" pin="1"/><net_sink comp="303" pin=0"/></net>

<net id="307"><net_src comp="303" pin="1"/><net_sink comp="138" pin=5"/></net>

<net id="314"><net_src comp="217" pin="2"/><net_sink comp="311" pin=0"/></net>

<net id="315"><net_src comp="311" pin="1"/><net_sink comp="113" pin=2"/></net>

<net id="319"><net_src comp="60" pin="3"/><net_sink comp="316" pin=0"/></net>

<net id="320"><net_src comp="316" pin="1"/><net_sink comp="67" pin=0"/></net>

<net id="324"><net_src comp="228" pin="2"/><net_sink comp="321" pin=0"/></net>

<net id="325"><net_src comp="321" pin="1"/><net_sink comp="77" pin=2"/></net>

<net id="329"><net_src comp="234" pin="2"/><net_sink comp="326" pin=0"/></net>

<net id="330"><net_src comp="326" pin="1"/><net_sink comp="138" pin=6"/></net>

<net id="334"><net_src comp="245" pin="2"/><net_sink comp="331" pin=0"/></net>

<net id="335"><net_src comp="331" pin="1"/><net_sink comp="124" pin=0"/></net>

<net id="339"><net_src comp="250" pin="2"/><net_sink comp="336" pin=0"/></net>

<net id="343"><net_src comp="256" pin="1"/><net_sink comp="340" pin=0"/></net>

<net id="344"><net_src comp="340" pin="1"/><net_sink comp="138" pin=1"/></net>

<net id="348"><net_src comp="261" pin="2"/><net_sink comp="345" pin=0"/></net>

<net id="349"><net_src comp="345" pin="1"/><net_sink comp="138" pin=2"/></net>

<net id="353"><net_src comp="268" pin="2"/><net_sink comp="350" pin=0"/></net>

<net id="354"><net_src comp="350" pin="1"/><net_sink comp="101" pin=2"/></net>

</net_list>

</model> 
---------------- Datapath Model END ------------------

* FSMD analyzer results:
  - Output states:
	Port: v | {3 5 6 7 }
	Port: zetas | {}
 - Input state : 
	Port: pqcrystals_dilithium2_ref_polyveck_invntt_tomont : v | {3 5 6 7 }
	Port: pqcrystals_dilithium2_ref_polyveck_invntt_tomont : zetas | {4 5 }
  - Chain level:
	State 1
		store_ln298 : 1
	State 2
		trunc_ln298 : 1
		icmp_ln298 : 1
		add_ln298 : 1
		br_ln298 : 2
		tmp : 2
	State 3
		tmp_15 : 1
		br_ln83 : 2
		zext_ln78 : 1
		trunc_ln78 : 1
	State 4
		tmp_16 : 1
		icmp_ln84 : 2
		br_ln84 : 3
		k_16 : 1
		zext_ln85 : 2
		zetas_addr : 3
		zetas_load : 4
	State 5
		zeta : 1
		icmp_ln86 : 1
		br_ln86 : 2
		add_ln86 : 1
		call_ln86 : 2
	State 6
		j_0_lcssa_i_i : 1
		start : 2
	State 7


============================================================
+ Verbose Summary: Datapath Resource usage 
============================================================

* Functional unit list:
|----------|--------------------------------------------------------------------------------------|---------|---------|---------|---------|
| Operation|                                    Functional Unit                                   |   DSP   |  Delay  |    FF   |   LUT   |
|----------|--------------------------------------------------------------------------------------|---------|---------|---------|---------|
|   call   | grp_pqcrystals_dilithium2_ref_polyveck_invntt_tomont_Pipeline_VITIS_LOOP_95_4_fu_131 |    7    |  1.324  |    19   |   178   |
|          | grp_pqcrystals_dilithium2_ref_polyveck_invntt_tomont_Pipeline_VITIS_LOOP_86_3_fu_138 |    7    | 4.02243 |   117   |   304   |
|----------|--------------------------------------------------------------------------------------|---------|---------|---------|---------|
|          |                                   add_ln298_fu_167                                   |    0    |    0    |    0    |    11   |
|          |                                      k_16_fu_217                                     |    0    |    0    |    0    |    39   |
|    add   |                                    add_i_i_fu_245                                    |    0    |    0    |    0    |    39   |
|          |                                    add_ln86_fu_261                                   |    0    |    0    |    0    |    16   |
|          |                                     start_fu_268                                     |    0    |    0    |    0    |    39   |
|----------|--------------------------------------------------------------------------------------|---------|---------|---------|---------|
|          |                                   icmp_ln298_fu_161                                  |    0    |    0    |    0    |    8    |
|   icmp   |                                   icmp_ln84_fu_211                                   |    0    |    0    |    0    |    15   |
|          |                                   icmp_ln86_fu_250                                   |    0    |    0    |    0    |    18   |
|----------|--------------------------------------------------------------------------------------|---------|---------|---------|---------|
|    sub   |                                      zeta_fu_234                                     |    0    |    0    |    0    |    30   |
|----------|--------------------------------------------------------------------------------------|---------|---------|---------|---------|
|          |                                  trunc_ln298_fu_157                                  |    0    |    0    |    0    |    0    |
|   trunc  |                                   trunc_ln78_fu_193                                  |    0    |    0    |    0    |    0    |
|          |                                   empty_103_fu_241                                   |    0    |    0    |    0    |    0    |
|          |                                   trunc_ln86_fu_256                                  |    0    |    0    |    0    |    0    |
|----------|--------------------------------------------------------------------------------------|---------|---------|---------|---------|
|bitconcatenate|                                      tmp_fu_173                                      |    0    |    0    |    0    |    0    |
|----------|--------------------------------------------------------------------------------------|---------|---------|---------|---------|
| bitselect|                                     tmp_15_fu_181                                    |    0    |    0    |    0    |    0    |
|----------|--------------------------------------------------------------------------------------|---------|---------|---------|---------|
|   zext   |                                   zext_ln78_fu_189                                   |    0    |    0    |    0    |    0    |
|          |                                   zext_ln85_fu_223                                   |    0    |    0    |    0    |    0    |
|----------|--------------------------------------------------------------------------------------|---------|---------|---------|---------|
|partselect|                                     tmp_16_fu_201                                    |    0    |    0    |    0    |    0    |
|----------|--------------------------------------------------------------------------------------|---------|---------|---------|---------|
|    shl   |                                     len_12_fu_228                                    |    0    |    0    |    0    |    0    |
|----------|--------------------------------------------------------------------------------------|---------|---------|---------|---------|
|   Total  |                                                                                      |    14   | 5.34643 |   136   |   697   |
|----------|--------------------------------------------------------------------------------------|---------|---------|---------|---------|

Memories:
N/A

* Register list:
+---------------------+--------+
|                     |   FF   |
+---------------------+--------+
|   add_i_i_reg_331   |   32   |
|  add_ln298_reg_283  |    3   |
|   add_ln86_reg_345  |    9   |
|      i_reg_273      |    3   |
|  icmp_ln86_reg_336  |    1   |
|j_0_lcssa_i_i_reg_121|   32   |
|     k_15_reg_109    |   32   |
|     k_16_reg_311    |   32   |
|       k_reg_85      |   32   |
|    len_12_reg_321   |    9   |
|      len_reg_73     |    9   |
|   start_19_reg_97   |   32   |
|    start_reg_350    |   32   |
|     tmp_reg_288     |   10   |
|  trunc_ln78_reg_303 |    8   |
|  trunc_ln86_reg_340 |    8   |
|     zeta_reg_326    |   23   |
|  zetas_addr_reg_316 |    8   |
|  zext_ln78_reg_297  |   32   |
+---------------------+--------+
|        Total        |   347  |
+---------------------+--------+

* Multiplexer (MUX) list: 
|--------------------------------------------------------------------------------------|------|------|------|--------||---------||---------|
|                                         Comp                                         |  Pin | Size |  BW  | S x BW ||  Delay  ||   LUT   |
|--------------------------------------------------------------------------------------|------|------|------|--------||---------||---------|
|                                   grp_access_fu_67                                   |  p0  |   2  |   8  |   16   ||    9    |
|                                      len_reg_73                                      |  p0  |   2  |   9  |   18   ||    9    |
|                                       k_reg_85                                       |  p0  |   2  |  32  |   64   ||    9    |
|                                    start_19_reg_97                                   |  p0  |   2  |  32  |   64   ||    9    |
| grp_pqcrystals_dilithium2_ref_polyveck_invntt_tomont_Pipeline_VITIS_LOOP_86_3_fu_138 |  p1  |   2  |   8  |   16   ||    9    |
| grp_pqcrystals_dilithium2_ref_polyveck_invntt_tomont_Pipeline_VITIS_LOOP_86_3_fu_138 |  p2  |   2  |   9  |   18   ||    9    |
| grp_pqcrystals_dilithium2_ref_polyveck_invntt_tomont_Pipeline_VITIS_LOOP_86_3_fu_138 |  p6  |   2  |  23  |   46   ||    9    |
|--------------------------------------------------------------------------------------|------|------|------|--------||---------||---------|
|                                         Total                                        |      |      |      |   242  ||  9.268  ||    63   |
|--------------------------------------------------------------------------------------|------|------|------|--------||---------||---------|



* Summary:
+-----------+--------+--------+--------+--------+
|           |   DSP  |  Delay |   FF   |   LUT  |
+-----------+--------+--------+--------+--------+
|  Function |   14   |    5   |   136  |   697  |
|   Memory  |    -   |    -   |    -   |    -   |
|Multiplexer|    -   |    9   |    -   |   63   |
|  Register |    -   |    -   |   347  |    -   |
+-----------+--------+--------+--------+--------+
|   Total   |   14   |   14   |   483  |   760  |
+-----------+--------+--------+--------+--------+
