

================================================================
== Vitis HLS Report for 'pqcrystals_dilithium2_ref_signature_1_Pipeline_VITIS_LOOP_305_1_VITIS_LOOP_180_1_1'
================================================================
* Date:           Fri Mar 10 17:35:21 2023

* Version:        2022.2 (Build 3670227 on Oct 13 2022)
* Project:        crypto_sign
* Solution:       solution1 (Vivado IP Flow Target)
* Product family: artix7
* Target device:  xc7a200t-fbg676-2


================================================================
== Performance Estimates
================================================================
+ Timing: 
    * Summary: 
    +--------+----------+-----------+------------+
    |  Clock |  Target  | Estimated | Uncertainty|
    +--------+----------+-----------+------------+
    |ap_clk  |  50.00 ns|  29.182 ns|    13.50 ns|
    +--------+----------+-----------+------------+

+ Latency: 
    * Summary: 
    +---------+---------+-----------+-----------+------+------+---------+
    |  Latency (cycles) |   Latency (absolute)  |   Interval  | Pipeline|
    |   min   |   max   |    min    |    max    |  min |  max |   Type  |
    +---------+---------+-----------+-----------+------+------+---------+
    |     1026|     1026|  51.300 us|  51.300 us|  1026|  1026|       no|
    +---------+---------+-----------+-----------+------+------+---------+

    + Detail: 
        * Instance: 
        N/A

        * Loop: 
        +-------------------------------------+---------+---------+----------+-----------+-----------+------+----------+
        |                                     |  Latency (cycles) | Iteration|  Initiation Interval  | Trip |          |
        |              Loop Name              |   min   |   max   |  Latency |  achieved |   target  | Count| Pipelined|
        +-------------------------------------+---------+---------+----------+-----------+-----------+------+----------+
        |- VITIS_LOOP_305_1_VITIS_LOOP_180_1  |     1024|     1024|         2|          1|          1|  1024|       yes|
        +-------------------------------------+---------+---------+----------+-----------+-----------+------+----------+

============================================================
+ Verbose Summary: Synthesis Manager
============================================================
InlineROM: 1
ExposeGlobal: 0
============================================================
+ Verbose Summary: CDFG Model
============================================================
IsTopModel: 0
ResetActiveHigh: 1
IsCombinational: 0
IsDatapathOnly: 0
HasWiredReturn: 1
HasMFsm: 2
HasVarLatency: 1
IsPipeline: 0
IsRtlPipelined: 0
IsInstanceOverlapped: 0
IsDontTouch: 0
HasImplIP: 0
IsGatedGlobalClock: 0

+ Individual pipeline summary: 
  * Pipeline-0: initiation interval (II) = 1, depth = 2


============================================================
+ Verbose Summary: Schedule
============================================================
* Number of FSM states : 2
* Pipeline : 1
  Pipeline-0 : II = 1, D = 2, States = { 1 2 }
* Dataflow Pipeline: 0

* FSM state transitions: 
1 --> 2 
2 --> 

* FSM state operations: 

State 1 <SV = 0> <Delay = 6.93>
ST_1 : Operation 5 [1/1] (0.00ns)   --->   "%i = alloca i32 1"   --->   Operation 5 'alloca' 'i' <Predicate = true> <Delay = 0.00>
ST_1 : Operation 6 [1/1] (0.00ns)   --->   "%i_16 = alloca i32 1"   --->   Operation 6 'alloca' 'i_16' <Predicate = true> <Delay = 0.00>
ST_1 : Operation 7 [1/1] (0.00ns)   --->   "%indvar_flatten111 = alloca i32 1"   --->   Operation 7 'alloca' 'indvar_flatten111' <Predicate = true> <Delay = 0.00>
ST_1 : Operation 8 [1/1] (1.32ns)   --->   "%store_ln0 = store i11 0, i11 %indvar_flatten111"   --->   Operation 8 'store' 'store_ln0' <Predicate = true> <Delay = 1.32>
ST_1 : Operation 9 [1/1] (1.32ns)   --->   "%store_ln0 = store i3 0, i3 %i_16"   --->   Operation 9 'store' 'store_ln0' <Predicate = true> <Delay = 1.32>
ST_1 : Operation 10 [1/1] (1.32ns)   --->   "%store_ln0 = store i9 0, i9 %i"   --->   Operation 10 'store' 'store_ln0' <Predicate = true> <Delay = 1.32>
ST_1 : Operation 11 [1/1] (0.00ns)   --->   "%br_ln0 = br void %for.inc.i.i562"   --->   Operation 11 'br' 'br_ln0' <Predicate = true> <Delay = 0.00>
ST_1 : Operation 12 [1/1] (0.00ns)   --->   "%indvar_flatten111_load = load i11 %indvar_flatten111" [dilithium2/polyvec.c:305]   --->   Operation 12 'load' 'indvar_flatten111_load' <Predicate = true> <Delay = 0.00>
ST_1 : Operation 13 [1/1] (0.00ns)   --->   "%specpipeline_ln0 = specpipeline void @_ssdm_op_SpecPipeline, i32 4294967295, i32 0, i32 1, i32 0, void @p_str"   --->   Operation 13 'specpipeline' 'specpipeline_ln0' <Predicate = true> <Delay = 0.00>
ST_1 : Operation 14 [1/1] (1.52ns)   --->   "%icmp_ln305 = icmp_eq  i11 %indvar_flatten111_load, i11 1024" [dilithium2/polyvec.c:305]   --->   Operation 14 'icmp' 'icmp_ln305' <Predicate = true> <Delay = 1.52> <CoreInst = "Cmp">   --->   Core 9 'Cmp' <Latency = 0> <II = 1> <Delay = 1.52> <FuncUnit> <Opcode : 'icmp'> <InPorts = 2> <OutPorts = 1>
ST_1 : Operation 15 [1/1] (1.76ns)   --->   "%add_ln305 = add i11 %indvar_flatten111_load, i11 1" [dilithium2/polyvec.c:305]   --->   Operation 15 'add' 'add_ln305' <Predicate = true> <Delay = 1.76> <CoreInst = "Adder">   --->   Core 1 'Adder' <Latency = 0> <II = 1> <Delay = 1.76> <FuncUnit> <Opcode : 'add' 'sub'> <InPorts = 2> <OutPorts = 1>
ST_1 : Operation 16 [1/1] (0.00ns)   --->   "%br_ln305 = br i1 %icmp_ln305, void %pqcrystals_dilithium2_ref_poly_pointwise_montgomery.36.exit.i565, void %pqcrystals_dilithium2_ref_polyveck_pointwise_poly_montgomery.exit566.exitStub" [dilithium2/polyvec.c:305]   --->   Operation 16 'br' 'br_ln305' <Predicate = true> <Delay = 0.00>
ST_1 : Operation 17 [1/1] (0.00ns)   --->   "%i_load = load i9 %i" [dilithium2/poly.c:180]   --->   Operation 17 'load' 'i_load' <Predicate = (!icmp_ln305)> <Delay = 0.00>
ST_1 : Operation 18 [1/1] (0.00ns)   --->   "%i_16_load = load i3 %i_16" [dilithium2/polyvec.c:305]   --->   Operation 18 'load' 'i_16_load' <Predicate = (!icmp_ln305)> <Delay = 0.00>
ST_1 : Operation 19 [1/1] (1.34ns)   --->   "%add_ln305_1 = add i3 %i_16_load, i3 1" [dilithium2/polyvec.c:305]   --->   Operation 19 'add' 'add_ln305_1' <Predicate = (!icmp_ln305)> <Delay = 1.34> <CoreInst = "Adder">   --->   Core 1 'Adder' <Latency = 0> <II = 1> <Delay = 1.34> <FuncUnit> <Opcode : 'add' 'sub'> <InPorts = 2> <OutPorts = 1>
ST_1 : Operation 20 [1/1] (1.34ns)   --->   "%icmp_ln180 = icmp_eq  i9 %i_load, i9 256" [dilithium2/poly.c:180]   --->   Operation 20 'icmp' 'icmp_ln180' <Predicate = (!icmp_ln305)> <Delay = 1.34> <CoreInst = "Cmp">   --->   Core 9 'Cmp' <Latency = 0> <II = 1> <Delay = 1.34> <FuncUnit> <Opcode : 'icmp'> <InPorts = 2> <OutPorts = 1>
ST_1 : Operation 21 [1/1] (1.07ns)   --->   "%select_ln305 = select i1 %icmp_ln180, i9 0, i9 %i_load" [dilithium2/polyvec.c:305]   --->   Operation 21 'select' 'select_ln305' <Predicate = (!icmp_ln305)> <Delay = 1.07> <CoreInst = "Sel">   --->   Core 73 'Sel' <Latency = 0> <II = 1> <Delay = 1.07> <FuncUnit> <Opcode : 'select'> <InPorts = 3> <OutPorts = 1>
ST_1 : Operation 22 [1/1] (0.79ns)   --->   "%select_ln305_2 = select i1 %icmp_ln180, i3 %add_ln305_1, i3 %i_16_load" [dilithium2/polyvec.c:305]   --->   Operation 22 'select' 'select_ln305_2' <Predicate = (!icmp_ln305)> <Delay = 0.79> <CoreInst = "Sel">   --->   Core 73 'Sel' <Latency = 0> <II = 1> <Delay = 0.79> <FuncUnit> <Opcode : 'select'> <InPorts = 3> <OutPorts = 1>
ST_1 : Operation 23 [1/1] (0.00ns)   --->   "%trunc_ln181 = trunc i3 %select_ln305_2" [dilithium2/poly.c:181]   --->   Operation 23 'trunc' 'trunc_ln181' <Predicate = (!icmp_ln305)> <Delay = 0.00>
ST_1 : Operation 24 [1/1] (0.00ns)   --->   "%tmp_s = bitconcatenate i10 @_ssdm_op_BitConcatenate.i10.i2.i8, i2 %trunc_ln181, i8 0" [dilithium2/poly.c:181]   --->   Operation 24 'bitconcatenate' 'tmp_s' <Predicate = (!icmp_ln305)> <Delay = 0.00>
ST_1 : Operation 25 [1/1] (0.00ns)   --->   "%i_51_cast = zext i9 %select_ln305" [dilithium2/polyvec.c:305]   --->   Operation 25 'zext' 'i_51_cast' <Predicate = (!icmp_ln305)> <Delay = 0.00>
ST_1 : Operation 26 [1/1] (0.00ns)   --->   "%zext_ln181 = zext i9 %select_ln305" [dilithium2/poly.c:181]   --->   Operation 26 'zext' 'zext_ln181' <Predicate = (!icmp_ln305)> <Delay = 0.00>
ST_1 : Operation 27 [1/1] (1.74ns)   --->   "%add_ln181 = add i10 %tmp_s, i10 %zext_ln181" [dilithium2/poly.c:181]   --->   Operation 27 'add' 'add_ln181' <Predicate = (!icmp_ln305)> <Delay = 1.74> <CoreInst = "Adder">   --->   Core 1 'Adder' <Latency = 0> <II = 1> <Delay = 1.74> <FuncUnit> <Opcode : 'add' 'sub'> <InPorts = 2> <OutPorts = 1>
ST_1 : Operation 28 [1/1] (0.00ns)   --->   "%zext_ln181_2 = zext i10 %add_ln181" [dilithium2/poly.c:181]   --->   Operation 28 'zext' 'zext_ln181_2' <Predicate = (!icmp_ln305)> <Delay = 0.00>
ST_1 : Operation 29 [1/1] (0.00ns)   --->   "%t0_vec_coeffs_addr = getelementptr i32 %t0_vec_coeffs, i64 0, i64 %zext_ln181_2" [dilithium2/poly.c:181]   --->   Operation 29 'getelementptr' 't0_vec_coeffs_addr' <Predicate = (!icmp_ln305)> <Delay = 0.00>
ST_1 : Operation 30 [1/1] (0.00ns)   --->   "%cp_coeffs_addr = getelementptr i32 %cp_coeffs, i64 0, i64 %i_51_cast" [dilithium2/poly.c:181]   --->   Operation 30 'getelementptr' 'cp_coeffs_addr' <Predicate = (!icmp_ln305)> <Delay = 0.00>
ST_1 : Operation 31 [2/2] (2.77ns)   --->   "%cp_coeffs_load = load i8 %cp_coeffs_addr" [dilithium2/poly.c:181]   --->   Operation 31 'load' 'cp_coeffs_load' <Predicate = (!icmp_ln305)> <Delay = 2.77> <CoreInst = "RAM">   --->   Core 82 'RAM' <Latency = 1> <II = 1> <Delay = 2.77> <Storage> <Opcode : 'load' 'store'> <Ports = 2> <Width = 32> <Depth = 256> <RAM>
ST_1 : Operation 32 [2/2] (2.77ns)   --->   "%t0_vec_coeffs_load = load i10 %t0_vec_coeffs_addr" [dilithium2/poly.c:181]   --->   Operation 32 'load' 't0_vec_coeffs_load' <Predicate = (!icmp_ln305)> <Delay = 2.77> <CoreInst = "RAM">   --->   Core 82 'RAM' <Latency = 1> <II = 1> <Delay = 2.77> <Storage> <Opcode : 'load' 'store'> <Ports = 2> <Width = 32> <Depth = 1024> <RAM>
ST_1 : Operation 33 [1/1] (1.73ns)   --->   "%add_ln180 = add i9 %select_ln305, i9 1" [dilithium2/poly.c:180]   --->   Operation 33 'add' 'add_ln180' <Predicate = (!icmp_ln305)> <Delay = 1.73> <CoreInst = "Adder">   --->   Core 1 'Adder' <Latency = 0> <II = 1> <Delay = 1.73> <FuncUnit> <Opcode : 'add' 'sub'> <InPorts = 2> <OutPorts = 1>
ST_1 : Operation 34 [1/1] (1.32ns)   --->   "%store_ln180 = store i11 %add_ln305, i11 %indvar_flatten111" [dilithium2/poly.c:180]   --->   Operation 34 'store' 'store_ln180' <Predicate = (!icmp_ln305)> <Delay = 1.32>
ST_1 : Operation 35 [1/1] (1.32ns)   --->   "%store_ln180 = store i3 %select_ln305_2, i3 %i_16" [dilithium2/poly.c:180]   --->   Operation 35 'store' 'store_ln180' <Predicate = (!icmp_ln305)> <Delay = 1.32>
ST_1 : Operation 36 [1/1] (1.32ns)   --->   "%store_ln180 = store i9 %add_ln180, i9 %i" [dilithium2/poly.c:180]   --->   Operation 36 'store' 'store_ln180' <Predicate = (!icmp_ln305)> <Delay = 1.32>
ST_1 : Operation 56 [1/1] (0.00ns)   --->   "%ret_ln0 = ret"   --->   Operation 56 'ret' 'ret_ln0' <Predicate = (icmp_ln305)> <Delay = 0.00>

State 2 <SV = 1> <Delay = 29.1>
ST_2 : Operation 37 [1/1] (0.00ns)   --->   "%specloopname_ln0 = specloopname void @_ssdm_op_SpecLoopName, void @VITIS_LOOP_305_1_VITIS_LOOP_180_1_str"   --->   Operation 37 'specloopname' 'specloopname_ln0' <Predicate = true> <Delay = 0.00>
ST_2 : Operation 38 [1/1] (0.00ns)   --->   "%empty = speclooptripcount i32 @_ssdm_op_SpecLoopTripCount, i64 1024, i64 1024, i64 1024"   --->   Operation 38 'speclooptripcount' 'empty' <Predicate = true> <Delay = 0.00>
ST_2 : Operation 39 [1/1] (0.00ns)   --->   "%specpipeline_ln0 = specpipeline void @_ssdm_op_SpecPipeline, i32 4294967295, i32 0, i32 1, i32 0, void @p_str"   --->   Operation 39 'specpipeline' 'specpipeline_ln0' <Predicate = true> <Delay = 0.00>
ST_2 : Operation 40 [1/1] (0.00ns)   --->   "%h_vec_coeffs_addr = getelementptr i32 %h_vec_coeffs, i64 0, i64 %zext_ln181_2" [dilithium2/poly.c:181]   --->   Operation 40 'getelementptr' 'h_vec_coeffs_addr' <Predicate = true> <Delay = 0.00>
ST_2 : Operation 41 [1/1] (0.00ns)   --->   "%specloopname_ln177 = specloopname void @_ssdm_op_SpecLoopName, void @empty_35" [dilithium2/poly.c:177]   --->   Operation 41 'specloopname' 'specloopname_ln177' <Predicate = true> <Delay = 0.00>
ST_2 : Operation 42 [1/2] (2.77ns)   --->   "%cp_coeffs_load = load i8 %cp_coeffs_addr" [dilithium2/poly.c:181]   --->   Operation 42 'load' 'cp_coeffs_load' <Predicate = true> <Delay = 2.77> <CoreInst = "RAM">   --->   Core 82 'RAM' <Latency = 1> <II = 1> <Delay = 2.77> <Storage> <Opcode : 'load' 'store'> <Ports = 2> <Width = 32> <Depth = 256> <RAM>
ST_2 : Operation 43 [1/1] (0.00ns)   --->   "%sext_ln181 = sext i32 %cp_coeffs_load" [dilithium2/poly.c:181]   --->   Operation 43 'sext' 'sext_ln181' <Predicate = true> <Delay = 0.00>
ST_2 : Operation 44 [1/2] (2.77ns)   --->   "%t0_vec_coeffs_load = load i10 %t0_vec_coeffs_addr" [dilithium2/poly.c:181]   --->   Operation 44 'load' 't0_vec_coeffs_load' <Predicate = true> <Delay = 2.77> <CoreInst = "RAM">   --->   Core 82 'RAM' <Latency = 1> <II = 1> <Delay = 2.77> <Storage> <Opcode : 'load' 'store'> <Ports = 2> <Width = 32> <Depth = 1024> <RAM>
ST_2 : Operation 45 [1/1] (0.00ns)   --->   "%sext_ln181_2 = sext i32 %t0_vec_coeffs_load" [dilithium2/poly.c:181]   --->   Operation 45 'sext' 'sext_ln181_2' <Predicate = true> <Delay = 0.00>
ST_2 : Operation 46 [1/1] (6.88ns)   --->   "%mul_ln181 = mul i64 %sext_ln181_2, i64 %sext_ln181" [dilithium2/poly.c:181]   --->   Operation 46 'mul' 'mul_ln181' <Predicate = true> <Delay = 6.88> <CoreInst = "Multiplier">   --->   Core 3 'Multiplier' <Latency = 0> <II = 1> <Delay = 6.88> <FuncUnit> <Opcode : 'mul'> <InPorts = 2> <OutPorts = 1>
ST_2 : Operation 47 [1/1] (0.00ns)   --->   "%trunc_ln18 = trunc i64 %mul_ln181" [dilithium2/reduce.c:18]   --->   Operation 47 'trunc' 'trunc_ln18' <Predicate = true> <Delay = 0.00>
ST_2 : Operation 48 [1/1] (6.88ns)   --->   "%t = mul i32 %trunc_ln18, i32 58728449" [dilithium2/reduce.c:18]   --->   Operation 48 'mul' 't' <Predicate = true> <Delay = 6.88> <CoreInst = "Multiplier">   --->   Core 3 'Multiplier' <Latency = 0> <II = 1> <Delay = 6.88> <FuncUnit> <Opcode : 'mul'> <InPorts = 2> <OutPorts = 1>
ST_2 : Operation 49 [1/1] (0.00ns)   --->   "%sext_ln19 = sext i32 %t" [dilithium2/reduce.c:19]   --->   Operation 49 'sext' 'sext_ln19' <Predicate = true> <Delay = 0.00>
ST_2 : Operation 50 [1/1] (6.88ns)   --->   "%mul_ln19 = mul i55 %sext_ln19, i55 36028797010583551" [dilithium2/reduce.c:19]   --->   Operation 50 'mul' 'mul_ln19' <Predicate = true> <Delay = 6.88> <CoreInst = "Multiplier">   --->   Core 3 'Multiplier' <Latency = 0> <II = 1> <Delay = 6.88> <FuncUnit> <Opcode : 'mul'> <InPorts = 2> <OutPorts = 1>
ST_2 : Operation 51 [1/1] (0.00ns)   --->   "%sext_ln19_11 = sext i55 %mul_ln19" [dilithium2/reduce.c:19]   --->   Operation 51 'sext' 'sext_ln19_11' <Predicate = true> <Delay = 0.00>
ST_2 : Operation 52 [1/1] (2.99ns)   --->   "%add_ln19 = add i64 %sext_ln19_11, i64 %mul_ln181" [dilithium2/reduce.c:19]   --->   Operation 52 'add' 'add_ln19' <Predicate = true> <Delay = 2.99> <CoreInst = "Adder">   --->   Core 1 'Adder' <Latency = 0> <II = 1> <Delay = 2.99> <FuncUnit> <Opcode : 'add' 'sub'> <InPorts = 2> <OutPorts = 1>
ST_2 : Operation 53 [1/1] (0.00ns)   --->   "%t_13 = partselect i32 @_ssdm_op_PartSelect.i32.i64.i32.i32, i64 %add_ln19, i32 32, i32 63" [dilithium2/reduce.c:19]   --->   Operation 53 'partselect' 't_13' <Predicate = true> <Delay = 0.00>
ST_2 : Operation 54 [1/1] (2.77ns)   --->   "%store_ln181 = store i32 %t_13, i10 %h_vec_coeffs_addr" [dilithium2/poly.c:181]   --->   Operation 54 'store' 'store_ln181' <Predicate = true> <Delay = 2.77> <CoreInst = "RAM">   --->   Core 82 'RAM' <Latency = 1> <II = 1> <Delay = 2.77> <Storage> <Opcode : 'load' 'store'> <Ports = 2> <Width = 32> <Depth = 1024> <RAM>
ST_2 : Operation 55 [1/1] (0.00ns)   --->   "%br_ln180 = br void %for.inc.i.i562" [dilithium2/poly.c:180]   --->   Operation 55 'br' 'br_ln180' <Predicate = true> <Delay = 0.00>


============================================================
+ Verbose Summary: Timing violations
============================================================
Target clock period: 50ns, clock uncertainty: 13.5ns.

 <State 1>: 6.93ns
The critical path consists of the following:
	'alloca' operation ('i') [4]  (0 ns)
	'load' operation ('i_load', dilithium2/poly.c:180) on local variable 'i' [18]  (0 ns)
	'icmp' operation ('icmp_ln180', dilithium2/poly.c:180) [23]  (1.34 ns)
	'select' operation ('select_ln305', dilithium2/polyvec.c:305) [24]  (1.07 ns)
	'add' operation ('add_ln181', dilithium2/poly.c:181) [31]  (1.75 ns)
	'getelementptr' operation ('t0_vec_coeffs_addr', dilithium2/poly.c:181) [33]  (0 ns)
	'load' operation ('t0_vec_coeffs_load', dilithium2/poly.c:181) on array 't0_vec_coeffs' [39]  (2.77 ns)

 <State 2>: 29.2ns
The critical path consists of the following:
	'load' operation ('cp_coeffs_load', dilithium2/poly.c:181) on array 'cp_coeffs' [37]  (2.77 ns)
	'mul' operation ('a', dilithium2/poly.c:181) [41]  (6.88 ns)
	'mul' operation ('t', dilithium2/reduce.c:18) [43]  (6.88 ns)
	'mul' operation ('mul_ln19', dilithium2/reduce.c:19) [45]  (6.88 ns)
	'add' operation ('add_ln19', dilithium2/reduce.c:19) [47]  (3 ns)
	'store' operation ('store_ln181', dilithium2/poly.c:181) of variable 't', dilithium2/reduce.c:19 on array 'h_vec_coeffs' [49]  (2.77 ns)


============================================================
+ Verbose Summary: Binding
============================================================
N/A
* FSMD analyzer results:
  - Output states:
 - Input state : 
  - Chain level:
	State 1
	State 2


============================================================
+ Verbose Summary: Datapath Resource usage 
============================================================
N/A
