

================================================================
== Vitis HLS Report for 'pqcrystals_dilithium2_ref_poly_challenge_1_Pipeline_VITIS_LOOP_527_2'
================================================================
* Date:           Fri Mar 10 17:36:27 2023

* Version:        2022.2 (Build 3670227 on Oct 13 2022)
* Project:        crypto_sign
* Solution:       solution1 (Vivado IP Flow Target)
* Product family: artix7
* Target device:  xc7a200t-fbg676-2


================================================================
== Performance Estimates
================================================================
+ Timing: 
    * Summary: 
    +--------+----------+----------+------------+
    |  Clock |  Target  | Estimated| Uncertainty|
    +--------+----------+----------+------------+
    |ap_clk  |  50.00 ns|  4.112 ns|    13.50 ns|
    +--------+----------+----------+------------+

+ Latency: 
    * Summary: 
    +---------+---------+-----------+-----------+-----+-----+---------+
    |  Latency (cycles) |   Latency (absolute)  |  Interval | Pipeline|
    |   min   |   max   |    min    |    max    | min | max |   Type  |
    +---------+---------+-----------+-----------+-----+-----+---------+
    |      258|      258|  12.900 us|  12.900 us|  258|  258|       no|
    +---------+---------+-----------+-----------+-----+-----+---------+

    + Detail: 
        * Instance: 
        N/A

        * Loop: 
        +--------------------+---------+---------+----------+-----------+-----------+------+----------+
        |                    |  Latency (cycles) | Iteration|  Initiation Interval  | Trip |          |
        |      Loop Name     |   min   |   max   |  Latency |  achieved |   target  | Count| Pipelined|
        +--------------------+---------+---------+----------+-----------+-----------+------+----------+
        |- VITIS_LOOP_527_2  |      256|      256|         1|          1|          1|   256|       yes|
        +--------------------+---------+---------+----------+-----------+-----------+------+----------+



================================================================
== Utilization Estimates
================================================================
* Summary: 
+-----------------+---------+-----+--------+--------+-----+
|       Name      | BRAM_18K| DSP |   FF   |   LUT  | URAM|
+-----------------+---------+-----+--------+--------+-----+
|DSP              |        -|    -|       -|       -|    -|
|Expression       |        -|    -|       0|      27|    -|
|FIFO             |        -|    -|       -|       -|    -|
|Instance         |        -|    -|       -|       -|    -|
|Memory           |        -|    -|       -|       -|    -|
|Multiplexer      |        -|    -|       -|      27|    -|
|Register         |        -|    -|      11|       -|    -|
+-----------------+---------+-----+--------+--------+-----+
|Total            |        0|    0|      11|      54|    0|
+-----------------+---------+-----+--------+--------+-----+
|Available        |      730|  740|  269200|  134600|    0|
+-----------------+---------+-----+--------+--------+-----+
|Utilization (%)  |        0|    0|      ~0|      ~0|    0|
+-----------------+---------+-----+--------+--------+-----+

+ Detail: 
    * Instance: 
    N/A

    * DSP: 
    N/A

    * Memory: 
    N/A

    * FIFO: 
    N/A

    * Expression: 
    +---------------------+----------+----+---+----+------------+------------+
    |    Variable Name    | Operation| DSP| FF| LUT| Bitwidth P0| Bitwidth P1|
    +---------------------+----------+----+---+----+------------+------------+
    |add_ln527_fu_60_p2   |         +|   0|  0|  16|           9|           1|
    |icmp_ln527_fu_54_p2  |      icmp|   0|  0|  11|           9|          10|
    +---------------------+----------+----+---+----+------------+------------+
    |Total                |          |   0|  0|  27|          18|          11|
    +---------------------+----------+----+---+----+------------+------------+

    * Multiplexer: 
    +-----------------------+----+-----------+-----+-----------+
    |          Name         | LUT| Input Size| Bits| Total Bits|
    +-----------------------+----+-----------+-----+-----------+
    |ap_done_int            |   9|          2|    1|          2|
    |ap_sig_allocacmp_i_43  |   9|          2|    9|         18|
    |i_fu_28                |   9|          2|    9|         18|
    +-----------------------+----+-----------+-----+-----------+
    |Total                  |  27|          6|   19|         38|
    +-----------------------+----+-----------+-----+-----------+

    * Register: 
    +-------------+---+----+-----+-----------+
    |     Name    | FF| LUT| Bits| Const Bits|
    +-------------+---+----+-----+-----------+
    |ap_CS_fsm    |  1|   0|    1|          0|
    |ap_done_reg  |  1|   0|    1|          0|
    |i_fu_28      |  9|   0|    9|          0|
    +-------------+---+----+-----+-----------+
    |Total        | 11|   0|   11|          0|
    +-------------+---+----+-----+-----------+



================================================================
== Interface
================================================================
* Summary: 
+------------+-----+-----+------------+----------------------------------------------------------------------+--------------+
|  RTL Ports | Dir | Bits|  Protocol  |                             Source Object                            |    C Type    |
+------------+-----+-----+------------+----------------------------------------------------------------------+--------------+
|ap_clk      |   in|    1|  ap_ctrl_hs|  pqcrystals_dilithium2_ref_poly_challenge.1_Pipeline_VITIS_LOOP_527_2|  return value|
|ap_rst      |   in|    1|  ap_ctrl_hs|  pqcrystals_dilithium2_ref_poly_challenge.1_Pipeline_VITIS_LOOP_527_2|  return value|
|ap_start    |   in|    1|  ap_ctrl_hs|  pqcrystals_dilithium2_ref_poly_challenge.1_Pipeline_VITIS_LOOP_527_2|  return value|
|ap_done     |  out|    1|  ap_ctrl_hs|  pqcrystals_dilithium2_ref_poly_challenge.1_Pipeline_VITIS_LOOP_527_2|  return value|
|ap_idle     |  out|    1|  ap_ctrl_hs|  pqcrystals_dilithium2_ref_poly_challenge.1_Pipeline_VITIS_LOOP_527_2|  return value|
|ap_ready    |  out|    1|  ap_ctrl_hs|  pqcrystals_dilithium2_ref_poly_challenge.1_Pipeline_VITIS_LOOP_527_2|  return value|
|c_address0  |  out|    8|   ap_memory|                                                                     c|         array|
|c_ce0       |  out|    1|   ap_memory|                                                                     c|         array|
|c_we0       |  out|    1|   ap_memory|                                                                     c|         array|
|c_d0        |  out|   32|   ap_memory|                                                                     c|         array|
+------------+-----+-----+------------+----------------------------------------------------------------------+--------------+

============================================================
+ Verbose Summary: Synthesis Manager
============================================================
InlineROM: 1
ExposeGlobal: 0
============================================================
+ Verbose Summary: CDFG Model
============================================================
IsTopModel: 0
ResetActiveHigh: 1
IsCombinational: 2
IsDatapathOnly: 2
HasWiredReturn: 1
HasMFsm: 2
HasVarLatency: 1
IsPipeline: 0
IsRtlPipelined: 0
IsInstanceOverlapped: 0
IsDontTouch: 0
HasImplIP: 0
IsGatedGlobalClock: 0

+ Individual pipeline summary: 
  * Pipeline-0: initiation interval (II) = 1, depth = 1


============================================================
+ Verbose Summary: Schedule
============================================================
* Number of FSM states : 1
* Pipeline : 1
  Pipeline-0 : II = 1, D = 1, States = { 1 }
* Dataflow Pipeline: 0

* FSM state transitions: 
1 --> 

* FSM state operations: 

State 1 <SV = 0> <Delay = 4.11>
ST_1 : Operation 4 [1/1] (0.00ns)   --->   "%i = alloca i32 1"   --->   Operation 4 'alloca' 'i' <Predicate = true> <Delay = 0.00>
ST_1 : Operation 5 [1/1] (1.32ns)   --->   "%store_ln0 = store i9 0, i9 %i"   --->   Operation 5 'store' 'store_ln0' <Predicate = true> <Delay = 1.32>
ST_1 : Operation 6 [1/1] (0.00ns)   --->   "%br_ln0 = br void %for.inc6"   --->   Operation 6 'br' 'br_ln0' <Predicate = true> <Delay = 0.00>
ST_1 : Operation 7 [1/1] (0.00ns)   --->   "%i_43 = load i9 %i" [dilithium2/poly.c:527]   --->   Operation 7 'load' 'i_43' <Predicate = true> <Delay = 0.00>
ST_1 : Operation 8 [1/1] (0.00ns)   --->   "%specpipeline_ln0 = specpipeline void @_ssdm_op_SpecPipeline, i32 4294967295, i32 0, i32 1, i32 0, void @p_str"   --->   Operation 8 'specpipeline' 'specpipeline_ln0' <Predicate = true> <Delay = 0.00>
ST_1 : Operation 9 [1/1] (1.34ns)   --->   "%icmp_ln527 = icmp_eq  i9 %i_43, i9 256" [dilithium2/poly.c:527]   --->   Operation 9 'icmp' 'icmp_ln527' <Predicate = true> <Delay = 1.34> <CoreInst = "Cmp">   --->   Core 9 'Cmp' <Latency = 0> <II = 1> <Delay = 1.43> <FuncUnit> <Opcode : 'icmp'> <InPorts = 2> <OutPorts = 1>
ST_1 : Operation 10 [1/1] (0.00ns)   --->   "%empty = speclooptripcount i32 @_ssdm_op_SpecLoopTripCount, i64 256, i64 256, i64 256"   --->   Operation 10 'speclooptripcount' 'empty' <Predicate = true> <Delay = 0.00>
ST_1 : Operation 11 [1/1] (1.73ns)   --->   "%add_ln527 = add i9 %i_43, i9 1" [dilithium2/poly.c:527]   --->   Operation 11 'add' 'add_ln527' <Predicate = true> <Delay = 1.73> <CoreInst = "Adder">   --->   Core 1 'Adder' <Latency = 0> <II = 1> <Delay = 1.73> <FuncUnit> <Opcode : 'add' 'sub'> <InPorts = 2> <OutPorts = 1>
ST_1 : Operation 12 [1/1] (0.00ns)   --->   "%br_ln527 = br i1 %icmp_ln527, void %for.inc6.split, void %VITIS_LOOP_530_4.preheader.exitStub" [dilithium2/poly.c:527]   --->   Operation 12 'br' 'br_ln527' <Predicate = true> <Delay = 0.00>
ST_1 : Operation 13 [1/1] (0.00ns)   --->   "%i_71_cast = zext i9 %i_43" [dilithium2/poly.c:527]   --->   Operation 13 'zext' 'i_71_cast' <Predicate = (!icmp_ln527)> <Delay = 0.00>
ST_1 : Operation 14 [1/1] (0.00ns)   --->   "%specloopname_ln512 = specloopname void @_ssdm_op_SpecLoopName, void @empty_38" [dilithium2/poly.c:512]   --->   Operation 14 'specloopname' 'specloopname_ln512' <Predicate = (!icmp_ln527)> <Delay = 0.00>
ST_1 : Operation 15 [1/1] (0.00ns)   --->   "%c_addr = getelementptr i32 %c, i64 0, i64 %i_71_cast" [dilithium2/poly.c:528]   --->   Operation 15 'getelementptr' 'c_addr' <Predicate = (!icmp_ln527)> <Delay = 0.00>
ST_1 : Operation 16 [1/1] (2.77ns)   --->   "%store_ln528 = store i32 0, i8 %c_addr" [dilithium2/poly.c:528]   --->   Operation 16 'store' 'store_ln528' <Predicate = (!icmp_ln527)> <Delay = 2.77> <CoreInst = "RAM">   --->   Core 82 'RAM' <Latency = 1> <II = 1> <Delay = 2.77> <Storage> <Opcode : 'load' 'store'> <Ports = 2> <Width = 32> <Depth = 256> <RAM>
ST_1 : Operation 17 [1/1] (1.32ns)   --->   "%store_ln527 = store i9 %add_ln527, i9 %i" [dilithium2/poly.c:527]   --->   Operation 17 'store' 'store_ln527' <Predicate = (!icmp_ln527)> <Delay = 1.32>
ST_1 : Operation 18 [1/1] (0.00ns)   --->   "%br_ln527 = br void %for.inc6" [dilithium2/poly.c:527]   --->   Operation 18 'br' 'br_ln527' <Predicate = (!icmp_ln527)> <Delay = 0.00>
ST_1 : Operation 19 [1/1] (0.00ns)   --->   "%ret_ln0 = ret"   --->   Operation 19 'ret' 'ret_ln0' <Predicate = (icmp_ln527)> <Delay = 0.00>


============================================================
+ Verbose Summary: Binding
============================================================
STG Binding: 
---------------- STG Properties BEGIN ----------------
- Is combinational: 0
- Is one-state seq: 0
- Is datapath-only: 0
- Is pipelined: 0
- Is top level: 0
Port [ Return ] is wired: 1; IO mode=ap_ctrl_hs:ce=0
Port [ c]:  wired=1; compound=1; hidden=0; nouse=0; global=0; static=0; extern=0; dir=1; type=1; pingpong=0; private_global=0; MemPort=[03]; IO mode=ap_memory:ce=0
---------------- STG Properties END ------------------

---------------- Datapath Model BEGIN ----------------

<LifeTime>
<method=bitvector/>
i                  (alloca           ) [ 01]
store_ln0          (store            ) [ 00]
br_ln0             (br               ) [ 00]
i_43               (load             ) [ 00]
specpipeline_ln0   (specpipeline     ) [ 00]
icmp_ln527         (icmp             ) [ 01]
empty              (speclooptripcount) [ 00]
add_ln527          (add              ) [ 00]
br_ln527           (br               ) [ 00]
i_71_cast          (zext             ) [ 00]
specloopname_ln512 (specloopname     ) [ 00]
c_addr             (getelementptr    ) [ 00]
store_ln528        (store            ) [ 00]
store_ln527        (store            ) [ 00]
br_ln527           (br               ) [ 00]
ret_ln0            (ret              ) [ 00]
</LifeTime>

<model>

<comp_list>
<comp id="0" class="1000" name="c">
<pin_list>
<pin id="1" dir="1" index="0" bw="1" slack="0"/>
</pin_list>
<bind>
<StgValue><ssdm name="c"/><MemPortTyVec>0 3 </MemPortTyVec>
</StgValue>
</bind>
</comp>

<comp id="2" class="1001" name="const_2">
<pin_list>
<pin id="3" dir="1" index="0" bw="1" slack="0"/>
</pin_list>
<bind>
<StgValue><ssdm name=""/></StgValue>
</bind>
</comp>

<comp id="4" class="1001" name="const_4">
<pin_list>
<pin id="5" dir="1" index="0" bw="1" slack="0"/>
</pin_list>
<bind>
<StgValue><ssdm name=""/></StgValue>
</bind>
</comp>

<comp id="6" class="1001" name="const_6">
<pin_list>
<pin id="7" dir="1" index="0" bw="1" slack="2147483647"/>
</pin_list>
<bind>
<StgValue><ssdm name="_ssdm_op_SpecPipeline"/></StgValue>
</bind>
</comp>

<comp id="8" class="1001" name="const_8">
<pin_list>
<pin id="9" dir="1" index="0" bw="1" slack="2147483647"/>
</pin_list>
<bind>
<StgValue><ssdm name=""/></StgValue>
</bind>
</comp>

<comp id="10" class="1001" name="const_10">
<pin_list>
<pin id="11" dir="1" index="0" bw="1" slack="0"/>
</pin_list>
<bind>
<StgValue><ssdm name=""/></StgValue>
</bind>
</comp>

<comp id="12" class="1001" name="const_12">
<pin_list>
<pin id="13" dir="1" index="0" bw="1" slack="2147483647"/>
</pin_list>
<bind>
<StgValue><ssdm name="p_str"/></StgValue>
</bind>
</comp>

<comp id="14" class="1001" name="const_14">
<pin_list>
<pin id="15" dir="1" index="0" bw="1" slack="0"/>
</pin_list>
<bind>
<StgValue><ssdm name=""/></StgValue>
</bind>
</comp>

<comp id="16" class="1001" name="const_16">
<pin_list>
<pin id="17" dir="1" index="0" bw="1" slack="2147483647"/>
</pin_list>
<bind>
<StgValue><ssdm name="_ssdm_op_SpecLoopTripCount"/></StgValue>
</bind>
</comp>

<comp id="18" class="1001" name="const_18">
<pin_list>
<pin id="19" dir="1" index="0" bw="1" slack="2147483647"/>
</pin_list>
<bind>
<StgValue><ssdm name=""/></StgValue>
</bind>
</comp>

<comp id="20" class="1001" name="const_20">
<pin_list>
<pin id="21" dir="1" index="0" bw="1" slack="0"/>
</pin_list>
<bind>
<StgValue><ssdm name=""/></StgValue>
</bind>
</comp>

<comp id="22" class="1001" name="const_22">
<pin_list>
<pin id="23" dir="1" index="0" bw="1" slack="2147483647"/>
</pin_list>
<bind>
<StgValue><ssdm name="_ssdm_op_SpecLoopName"/></StgValue>
</bind>
</comp>

<comp id="24" class="1001" name="const_24">
<pin_list>
<pin id="25" dir="1" index="0" bw="1" slack="2147483647"/>
</pin_list>
<bind>
<StgValue><ssdm name="empty_38"/></StgValue>
</bind>
</comp>

<comp id="26" class="1001" name="const_26">
<pin_list>
<pin id="27" dir="1" index="0" bw="1" slack="0"/>
</pin_list>
<bind>
<StgValue><ssdm name=""/></StgValue>
</bind>
</comp>

<comp id="28" class="1004" name="i_fu_28">
<pin_list>
<pin id="29" dir="0" index="0" bw="1" slack="0"/>
<pin id="30" dir="1" index="1" bw="9" slack="0"/>
</pin_list>
<bind>
<opcode="alloca(26) " fcode="alloca"/>
<opset="i/1 "/>
</bind>
</comp>

<comp id="32" class="1004" name="c_addr_gep_fu_32">
<pin_list>
<pin id="33" dir="0" index="0" bw="32" slack="0"/>
<pin id="34" dir="0" index="1" bw="1" slack="0"/>
<pin id="35" dir="0" index="2" bw="9" slack="0"/>
<pin id="36" dir="1" index="3" bw="8" slack="0"/>
</pin_list>
<bind>
<opcode="getelementptr(29) " fcode="getelementptr"/>
<opset="c_addr/1 "/>
</bind>
</comp>

<comp id="39" class="1004" name="store_ln528_access_fu_39">
<pin_list>
<pin id="40" dir="0" index="0" bw="8" slack="0"/>
<pin id="41" dir="0" index="1" bw="32" slack="0"/>
<pin id="42" dir="0" index="2" bw="0" slack="2147483647"/>
<pin id="43" dir="1" index="3" bw="32" slack="2147483647"/>
</pin_list>
<bind>
<opcode="store(28) " fcode="store"/>
<opset="store_ln528/1 "/>
</bind>
</comp>

<comp id="46" class="1004" name="store_ln0_store_fu_46">
<pin_list>
<pin id="47" dir="0" index="0" bw="1" slack="0"/>
<pin id="48" dir="0" index="1" bw="9" slack="0"/>
<pin id="49" dir="1" index="2" bw="0" slack="2147483647"/>
</pin_list>
<bind>
<opcode="store(28) " fcode="store"/>
<opset="store_ln0/1 "/>
</bind>
</comp>

<comp id="51" class="1004" name="i_43_load_fu_51">
<pin_list>
<pin id="52" dir="0" index="0" bw="9" slack="0"/>
<pin id="53" dir="1" index="1" bw="9" slack="0"/>
</pin_list>
<bind>
<opcode="load(27) " fcode="load"/>
<opset="i_43/1 "/>
</bind>
</comp>

<comp id="54" class="1004" name="icmp_ln527_fu_54">
<pin_list>
<pin id="55" dir="0" index="0" bw="9" slack="0"/>
<pin id="56" dir="0" index="1" bw="9" slack="0"/>
<pin id="57" dir="1" index="2" bw="1" slack="2147483647"/>
</pin_list>
<bind>
<opcode="icmp(45) " fcode="icmp"/>
<opset="icmp_ln527/1 "/>
</bind>
</comp>

<comp id="60" class="1004" name="add_ln527_fu_60">
<pin_list>
<pin id="61" dir="0" index="0" bw="9" slack="0"/>
<pin id="62" dir="0" index="1" bw="1" slack="0"/>
<pin id="63" dir="1" index="2" bw="9" slack="0"/>
</pin_list>
<bind>
<opcode="add(8) " fcode="add"/>
<opset="add_ln527/1 "/>
</bind>
</comp>

<comp id="66" class="1004" name="i_71_cast_fu_66">
<pin_list>
<pin id="67" dir="0" index="0" bw="9" slack="0"/>
<pin id="68" dir="1" index="1" bw="64" slack="0"/>
</pin_list>
<bind>
<opcode="zext(34) " fcode="zext"/>
<opset="i_71_cast/1 "/>
</bind>
</comp>

<comp id="71" class="1004" name="store_ln527_store_fu_71">
<pin_list>
<pin id="72" dir="0" index="0" bw="9" slack="0"/>
<pin id="73" dir="0" index="1" bw="9" slack="0"/>
<pin id="74" dir="1" index="2" bw="0" slack="2147483647"/>
</pin_list>
<bind>
<opcode="store(28) " fcode="store"/>
<opset="store_ln527/1 "/>
</bind>
</comp>

<comp id="76" class="1005" name="i_reg_76">
<pin_list>
<pin id="77" dir="0" index="0" bw="9" slack="0"/>
<pin id="78" dir="1" index="1" bw="9" slack="0"/>
</pin_list>
<bind>
<opset="i "/>
</bind>
</comp>

</comp_list>

<net_list>
<net id="31"><net_src comp="2" pin="0"/><net_sink comp="28" pin=0"/></net>

<net id="37"><net_src comp="0" pin="0"/><net_sink comp="32" pin=0"/></net>

<net id="38"><net_src comp="26" pin="0"/><net_sink comp="32" pin=1"/></net>

<net id="44"><net_src comp="10" pin="0"/><net_sink comp="39" pin=1"/></net>

<net id="45"><net_src comp="32" pin="3"/><net_sink comp="39" pin=0"/></net>

<net id="50"><net_src comp="4" pin="0"/><net_sink comp="46" pin=0"/></net>

<net id="58"><net_src comp="51" pin="1"/><net_sink comp="54" pin=0"/></net>

<net id="59"><net_src comp="14" pin="0"/><net_sink comp="54" pin=1"/></net>

<net id="64"><net_src comp="51" pin="1"/><net_sink comp="60" pin=0"/></net>

<net id="65"><net_src comp="20" pin="0"/><net_sink comp="60" pin=1"/></net>

<net id="69"><net_src comp="51" pin="1"/><net_sink comp="66" pin=0"/></net>

<net id="70"><net_src comp="66" pin="1"/><net_sink comp="32" pin=2"/></net>

<net id="75"><net_src comp="60" pin="2"/><net_sink comp="71" pin=0"/></net>

<net id="79"><net_src comp="28" pin="1"/><net_sink comp="76" pin=0"/></net>

<net id="80"><net_src comp="76" pin="1"/><net_sink comp="46" pin=1"/></net>

<net id="81"><net_src comp="76" pin="1"/><net_sink comp="51" pin=0"/></net>

<net id="82"><net_src comp="76" pin="1"/><net_sink comp="71" pin=1"/></net>

</net_list>

</model> 
---------------- Datapath Model END ------------------

* FSMD analyzer results:
  - Output states:
	Port: c | {1 }
 - Input state : 
	Port: pqcrystals_dilithium2_ref_poly_challenge.1_Pipeline_VITIS_LOOP_527_2 : c | {}
  - Chain level:
	State 1
		store_ln0 : 1
		i_43 : 1
		icmp_ln527 : 2
		add_ln527 : 2
		br_ln527 : 3
		i_71_cast : 2
		c_addr : 3
		store_ln528 : 4
		store_ln527 : 3


============================================================
+ Verbose Summary: Datapath Resource usage 
============================================================

* Functional unit list:
|----------|------------------|---------|---------|
| Operation|  Functional Unit |    FF   |   LUT   |
|----------|------------------|---------|---------|
|    add   |  add_ln527_fu_60 |    0    |    16   |
|----------|------------------|---------|---------|
|   icmp   | icmp_ln527_fu_54 |    0    |    11   |
|----------|------------------|---------|---------|
|   zext   |  i_71_cast_fu_66 |    0    |    0    |
|----------|------------------|---------|---------|
|   Total  |                  |    0    |    27   |
|----------|------------------|---------|---------|

Memories:
N/A

* Register list:
+--------+--------+
|        |   FF   |
+--------+--------+
|i_reg_76|    9   |
+--------+--------+
|  Total |    9   |
+--------+--------+

* Multiplexer (MUX) list: 
|--------|------|------|------|--------|
|  Comp  |  Pin | Size |  BW  | S x BW |
|--------|------|------|------|--------|
|  Total |      |      |      |    0   |
|--------|------|------|------|--------|



* Summary:
+-----------+--------+--------+
|           |   FF   |   LUT  |
+-----------+--------+--------+
|  Function |    0   |   27   |
|   Memory  |    -   |    -   |
|Multiplexer|    -   |    -   |
|  Register |    9   |    -   |
+-----------+--------+--------+
|   Total   |    9   |   27   |
+-----------+--------+--------+
