

================================================================
== Vitis HLS Report for 'pqcrystals_dilithium2_ref_signature_1_Pipeline_VITIS_LOOP_122_1'
================================================================
* Date:           Fri Mar 10 17:33:42 2023

* Version:        2022.2 (Build 3670227 on Oct 13 2022)
* Project:        crypto_sign
* Solution:       solution1 (Vivado IP Flow Target)
* Product family: artix7
* Target device:  xc7a200t-fbg676-2


================================================================
== Performance Estimates
================================================================
+ Timing: 
    * Summary: 
    +--------+----------+----------+------------+
    |  Clock |  Target  | Estimated| Uncertainty|
    +--------+----------+----------+------------+
    |ap_clk  |  50.00 ns|  5.544 ns|    13.50 ns|
    +--------+----------+----------+------------+

+ Latency: 
    * Summary: 
    +---------+---------+----------+----------+-----+-----+---------+
    |  Latency (cycles) |  Latency (absolute) |  Interval | Pipeline|
    |   min   |   max   |    min   |    max   | min | max |   Type  |
    +---------+---------+----------+----------+-----+-----+---------+
    |       34|       34|  1.700 us|  1.700 us|   34|   34|       no|
    +---------+---------+----------+----------+-----+-----+---------+

    + Detail: 
        * Instance: 
        N/A

        * Loop: 
        +--------------------+---------+---------+----------+-----------+-----------+------+----------+
        |                    |  Latency (cycles) | Iteration|  Initiation Interval  | Trip |          |
        |      Loop Name     |   min   |   max   |  Latency |  achieved |   target  | Count| Pipelined|
        +--------------------+---------+---------+----------+-----------+-----------+------+----------+
        |- VITIS_LOOP_122_1  |       32|       32|         2|          1|          1|    32|       yes|
        +--------------------+---------+---------+----------+-----------+-----------+------+----------+

============================================================
+ Verbose Summary: Synthesis Manager
============================================================
InlineROM: 1
ExposeGlobal: 0
============================================================
+ Verbose Summary: CDFG Model
============================================================
IsTopModel: 0
ResetActiveHigh: 1
IsCombinational: 0
IsDatapathOnly: 0
HasWiredReturn: 1
HasMFsm: 2
HasVarLatency: 1
IsPipeline: 0
IsRtlPipelined: 0
IsInstanceOverlapped: 0
IsDontTouch: 0
HasImplIP: 0
IsGatedGlobalClock: 0

+ Individual pipeline summary: 
  * Pipeline-0: initiation interval (II) = 1, depth = 2


============================================================
+ Verbose Summary: Schedule
============================================================
* Number of FSM states : 2
* Pipeline : 1
  Pipeline-0 : II = 1, D = 2, States = { 1 2 }
* Dataflow Pipeline: 0

* FSM state transitions: 
1 --> 2 
2 --> 

* FSM state operations: 

State 1 <SV = 0> <Delay = 2.92>
ST_1 : Operation 5 [1/1] (0.00ns)   --->   "%i = alloca i32 1"   --->   Operation 5 'alloca' 'i' <Predicate = true> <Delay = 0.00>
ST_1 : Operation 6 [1/1] (0.00ns)   --->   "%specinterface_ln0 = specinterface void @_ssdm_op_SpecInterface, i8 %sk, void @empty_11, i32 0, i32 0, void @empty_40, i32 4294967295, i32 0, void @empty_40, void @empty_40, void @empty_40, i32 0, i32 0, i32 0, i32 0, void @empty_40, void @empty_40, i32 4294967295, i32 0"   --->   Operation 6 'specinterface' 'specinterface_ln0' <Predicate = true> <Delay = 0.00>
ST_1 : Operation 7 [1/1] (1.32ns)   --->   "%store_ln0 = store i6 0, i6 %i"   --->   Operation 7 'store' 'store_ln0' <Predicate = true> <Delay = 1.32>
ST_1 : Operation 8 [1/1] (0.00ns)   --->   "%br_ln0 = br void %for.inc.i"   --->   Operation 8 'br' 'br_ln0' <Predicate = true> <Delay = 0.00>
ST_1 : Operation 9 [1/1] (0.00ns)   --->   "%i_25 = load i6 %i" [dilithium2/packing.c:122]   --->   Operation 9 'load' 'i_25' <Predicate = true> <Delay = 0.00>
ST_1 : Operation 10 [1/1] (0.00ns)   --->   "%specpipeline_ln0 = specpipeline void @_ssdm_op_SpecPipeline, i32 4294967295, i32 0, i32 1, i32 0, void @p_str"   --->   Operation 10 'specpipeline' 'specpipeline_ln0' <Predicate = true> <Delay = 0.00>
ST_1 : Operation 11 [1/1] (1.22ns)   --->   "%icmp_ln122 = icmp_eq  i6 %i_25, i6 32" [dilithium2/packing.c:122]   --->   Operation 11 'icmp' 'icmp_ln122' <Predicate = true> <Delay = 1.22> <CoreInst = "Cmp">   --->   Core 9 'Cmp' <Latency = 0> <II = 1> <Delay = 1.22> <FuncUnit> <Opcode : 'icmp'> <InPorts = 2> <OutPorts = 1>
ST_1 : Operation 12 [1/1] (0.00ns)   --->   "%empty = speclooptripcount i32 @_ssdm_op_SpecLoopTripCount, i64 32, i64 32, i64 32"   --->   Operation 12 'speclooptripcount' 'empty' <Predicate = true> <Delay = 0.00>
ST_1 : Operation 13 [1/1] (1.60ns)   --->   "%add_ln122 = add i6 %i_25, i6 1" [dilithium2/packing.c:122]   --->   Operation 13 'add' 'add_ln122' <Predicate = true> <Delay = 1.60> <CoreInst = "Adder">   --->   Core 1 'Adder' <Latency = 0> <II = 1> <Delay = 1.60> <FuncUnit> <Opcode : 'add' 'sub'> <InPorts = 2> <OutPorts = 1>
ST_1 : Operation 14 [1/1] (0.00ns)   --->   "%br_ln122 = br i1 %icmp_ln122, void %for.inc.i.split, void %for.inc10.i.preheader.exitStub" [dilithium2/packing.c:122]   --->   Operation 14 'br' 'br_ln122' <Predicate = true> <Delay = 0.00>
ST_1 : Operation 15 [1/1] (0.00ns)   --->   "%i_cast = zext i6 %i_25" [dilithium2/packing.c:122]   --->   Operation 15 'zext' 'i_cast' <Predicate = (!icmp_ln122)> <Delay = 0.00>
ST_1 : Operation 16 [1/1] (0.00ns)   --->   "%sk_addr = getelementptr i8 %sk, i64 0, i64 %i_cast" [dilithium2/packing.c:123]   --->   Operation 16 'getelementptr' 'sk_addr' <Predicate = (!icmp_ln122)> <Delay = 0.00>
ST_1 : Operation 17 [2/2] (2.77ns)   --->   "%sk_load = load i12 %sk_addr" [dilithium2/packing.c:123]   --->   Operation 17 'load' 'sk_load' <Predicate = (!icmp_ln122)> <Delay = 2.77> <CoreInst = "RAM">   --->   Core 82 'RAM' <Latency = 1> <II = 1> <Delay = 2.77> <Storage> <Opcode : 'load' 'store'> <Ports = 2> <Width = 8> <Depth = 2544> <RAM>
ST_1 : Operation 18 [1/1] (1.32ns)   --->   "%store_ln122 = store i6 %add_ln122, i6 %i" [dilithium2/packing.c:122]   --->   Operation 18 'store' 'store_ln122' <Predicate = (!icmp_ln122)> <Delay = 1.32>
ST_1 : Operation 24 [1/1] (0.00ns)   --->   "%ret_ln0 = ret"   --->   Operation 24 'ret' 'ret_ln0' <Predicate = (icmp_ln122)> <Delay = 0.00>

State 2 <SV = 1> <Delay = 5.54>
ST_2 : Operation 19 [1/1] (0.00ns)   --->   "%specloopname_ln120 = specloopname void @_ssdm_op_SpecLoopName, void @empty_42" [dilithium2/packing.c:120]   --->   Operation 19 'specloopname' 'specloopname_ln120' <Predicate = true> <Delay = 0.00>
ST_2 : Operation 20 [1/2] (2.77ns)   --->   "%sk_load = load i12 %sk_addr" [dilithium2/packing.c:123]   --->   Operation 20 'load' 'sk_load' <Predicate = true> <Delay = 2.77> <CoreInst = "RAM">   --->   Core 82 'RAM' <Latency = 1> <II = 1> <Delay = 2.77> <Storage> <Opcode : 'load' 'store'> <Ports = 2> <Width = 8> <Depth = 2544> <RAM>
ST_2 : Operation 21 [1/1] (0.00ns)   --->   "%seedbuf_addr = getelementptr i8 %seedbuf, i64 0, i64 %i_cast" [dilithium2/packing.c:123]   --->   Operation 21 'getelementptr' 'seedbuf_addr' <Predicate = true> <Delay = 0.00>
ST_2 : Operation 22 [1/1] (2.77ns)   --->   "%store_ln123 = store i8 %sk_load, i8 %seedbuf_addr" [dilithium2/packing.c:123]   --->   Operation 22 'store' 'store_ln123' <Predicate = true> <Delay = 2.77> <CoreInst = "RAM">   --->   Core 82 'RAM' <Latency = 1> <II = 1> <Delay = 2.77> <Storage> <Opcode : 'load' 'store'> <Ports = 2> <Width = 8> <Depth = 208> <RAM>
ST_2 : Operation 23 [1/1] (0.00ns)   --->   "%br_ln122 = br void %for.inc.i" [dilithium2/packing.c:122]   --->   Operation 23 'br' 'br_ln122' <Predicate = true> <Delay = 0.00>


============================================================
+ Verbose Summary: Binding
============================================================
STG Binding: 
---------------- STG Properties BEGIN ----------------
- Is combinational: 0
- Is one-state seq: 0
- Is datapath-only: 0
- Is pipelined: 0
- Is top level: 0
Port [ Return ] is wired: 1; IO mode=ap_ctrl_hs:ce=0
Port [ sk]:  wired=1; compound=1; hidden=0; nouse=0; global=0; static=0; extern=0; dir=0; type=1; pingpong=0; private_global=0; MemPort=[13]; IO mode=ap_memory:ce=0
Port [ seedbuf]:  wired=1; compound=1; hidden=0; nouse=0; global=0; static=0; extern=0; dir=1; type=1; pingpong=0; private_global=0; MemPort=[03]; IO mode=ap_memory:ce=0
---------------- STG Properties END ------------------

---------------- Datapath Model BEGIN ----------------

<LifeTime>
<method=bitvector/>
i                  (alloca           ) [ 010]
specinterface_ln0  (specinterface    ) [ 000]
store_ln0          (store            ) [ 000]
br_ln0             (br               ) [ 000]
i_25               (load             ) [ 000]
specpipeline_ln0   (specpipeline     ) [ 000]
icmp_ln122         (icmp             ) [ 010]
empty              (speclooptripcount) [ 000]
add_ln122          (add              ) [ 000]
br_ln122           (br               ) [ 000]
i_cast             (zext             ) [ 011]
sk_addr            (getelementptr    ) [ 011]
store_ln122        (store            ) [ 000]
specloopname_ln120 (specloopname     ) [ 000]
sk_load            (load             ) [ 000]
seedbuf_addr       (getelementptr    ) [ 000]
store_ln123        (store            ) [ 000]
br_ln122           (br               ) [ 000]
ret_ln0            (ret              ) [ 000]
</LifeTime>

<model>

<comp_list>
<comp id="0" class="1000" name="sk">
<pin_list>
<pin id="1" dir="1" index="0" bw="1" slack="0"/>
</pin_list>
<bind>
<StgValue><ssdm name="sk"/><MemPortTyVec>1 3 </MemPortTyVec>
</StgValue>
</bind>
</comp>

<comp id="2" class="1000" name="seedbuf">
<pin_list>
<pin id="3" dir="1" index="0" bw="1" slack="0"/>
</pin_list>
<bind>
<StgValue><ssdm name="seedbuf"/><MemPortTyVec>0 3 </MemPortTyVec>
</StgValue>
</bind>
</comp>

<comp id="4" class="1001" name="const_4">
<pin_list>
<pin id="5" dir="1" index="0" bw="1" slack="0"/>
</pin_list>
<bind>
<StgValue><ssdm name=""/></StgValue>
</bind>
</comp>

<comp id="6" class="1001" name="const_6">
<pin_list>
<pin id="7" dir="1" index="0" bw="1" slack="2147483647"/>
</pin_list>
<bind>
<StgValue><ssdm name="_ssdm_op_SpecInterface"/></StgValue>
</bind>
</comp>

<comp id="8" class="1001" name="const_8">
<pin_list>
<pin id="9" dir="1" index="0" bw="1" slack="2147483647"/>
</pin_list>
<bind>
<StgValue><ssdm name="empty_11"/></StgValue>
</bind>
</comp>

<comp id="10" class="1001" name="const_10">
<pin_list>
<pin id="11" dir="1" index="0" bw="1" slack="2147483647"/>
</pin_list>
<bind>
<StgValue><ssdm name=""/></StgValue>
</bind>
</comp>

<comp id="12" class="1001" name="const_12">
<pin_list>
<pin id="13" dir="1" index="0" bw="1" slack="2147483647"/>
</pin_list>
<bind>
<StgValue><ssdm name="empty_40"/></StgValue>
</bind>
</comp>

<comp id="14" class="1001" name="const_14">
<pin_list>
<pin id="15" dir="1" index="0" bw="1" slack="2147483647"/>
</pin_list>
<bind>
<StgValue><ssdm name=""/></StgValue>
</bind>
</comp>

<comp id="16" class="1001" name="const_16">
<pin_list>
<pin id="17" dir="1" index="0" bw="1" slack="0"/>
</pin_list>
<bind>
<StgValue><ssdm name=""/></StgValue>
</bind>
</comp>

<comp id="18" class="1001" name="const_18">
<pin_list>
<pin id="19" dir="1" index="0" bw="1" slack="2147483647"/>
</pin_list>
<bind>
<StgValue><ssdm name="_ssdm_op_SpecPipeline"/></StgValue>
</bind>
</comp>

<comp id="20" class="1001" name="const_20">
<pin_list>
<pin id="21" dir="1" index="0" bw="1" slack="2147483647"/>
</pin_list>
<bind>
<StgValue><ssdm name="p_str"/></StgValue>
</bind>
</comp>

<comp id="22" class="1001" name="const_22">
<pin_list>
<pin id="23" dir="1" index="0" bw="1" slack="0"/>
</pin_list>
<bind>
<StgValue><ssdm name=""/></StgValue>
</bind>
</comp>

<comp id="24" class="1001" name="const_24">
<pin_list>
<pin id="25" dir="1" index="0" bw="1" slack="2147483647"/>
</pin_list>
<bind>
<StgValue><ssdm name="_ssdm_op_SpecLoopTripCount"/></StgValue>
</bind>
</comp>

<comp id="26" class="1001" name="const_26">
<pin_list>
<pin id="27" dir="1" index="0" bw="1" slack="2147483647"/>
</pin_list>
<bind>
<StgValue><ssdm name=""/></StgValue>
</bind>
</comp>

<comp id="28" class="1001" name="const_28">
<pin_list>
<pin id="29" dir="1" index="0" bw="1" slack="0"/>
</pin_list>
<bind>
<StgValue><ssdm name=""/></StgValue>
</bind>
</comp>

<comp id="30" class="1001" name="const_30">
<pin_list>
<pin id="31" dir="1" index="0" bw="1" slack="0"/>
</pin_list>
<bind>
<StgValue><ssdm name=""/></StgValue>
</bind>
</comp>

<comp id="32" class="1001" name="const_32">
<pin_list>
<pin id="33" dir="1" index="0" bw="1" slack="2147483647"/>
</pin_list>
<bind>
<StgValue><ssdm name="_ssdm_op_SpecLoopName"/></StgValue>
</bind>
</comp>

<comp id="34" class="1001" name="const_34">
<pin_list>
<pin id="35" dir="1" index="0" bw="1" slack="2147483647"/>
</pin_list>
<bind>
<StgValue><ssdm name="empty_42"/></StgValue>
</bind>
</comp>

<comp id="36" class="1004" name="i_fu_36">
<pin_list>
<pin id="37" dir="0" index="0" bw="1" slack="0"/>
<pin id="38" dir="1" index="1" bw="6" slack="0"/>
</pin_list>
<bind>
<opcode="alloca(26) " fcode="alloca"/>
<opset="i/1 "/>
</bind>
</comp>

<comp id="40" class="1004" name="sk_addr_gep_fu_40">
<pin_list>
<pin id="41" dir="0" index="0" bw="8" slack="0"/>
<pin id="42" dir="0" index="1" bw="1" slack="0"/>
<pin id="43" dir="0" index="2" bw="6" slack="0"/>
<pin id="44" dir="1" index="3" bw="12" slack="0"/>
</pin_list>
<bind>
<opcode="getelementptr(29) " fcode="getelementptr"/>
<opset="sk_addr/1 "/>
</bind>
</comp>

<comp id="47" class="1004" name="grp_access_fu_47">
<pin_list>
<pin id="48" dir="0" index="0" bw="12" slack="0"/>
<pin id="49" dir="0" index="1" bw="8" slack="2147483647"/>
<pin id="50" dir="0" index="2" bw="0" slack="2147483647"/>
<pin id="51" dir="1" index="3" bw="8" slack="0"/>
</pin_list>
<bind>
<opcode="load(27) " fcode="load"/>
<opset="sk_load/1 "/>
</bind>
</comp>

<comp id="53" class="1004" name="seedbuf_addr_gep_fu_53">
<pin_list>
<pin id="54" dir="0" index="0" bw="8" slack="0"/>
<pin id="55" dir="0" index="1" bw="1" slack="0"/>
<pin id="56" dir="0" index="2" bw="6" slack="1"/>
<pin id="57" dir="1" index="3" bw="8" slack="0"/>
</pin_list>
<bind>
<opcode="getelementptr(29) " fcode="getelementptr"/>
<opset="seedbuf_addr/2 "/>
</bind>
</comp>

<comp id="60" class="1004" name="store_ln123_access_fu_60">
<pin_list>
<pin id="61" dir="0" index="0" bw="8" slack="0"/>
<pin id="62" dir="0" index="1" bw="8" slack="0"/>
<pin id="63" dir="0" index="2" bw="0" slack="2147483647"/>
<pin id="64" dir="1" index="3" bw="8" slack="2147483647"/>
</pin_list>
<bind>
<opcode="store(28) " fcode="store"/>
<opset="store_ln123/2 "/>
</bind>
</comp>

<comp id="67" class="1004" name="store_ln0_store_fu_67">
<pin_list>
<pin id="68" dir="0" index="0" bw="1" slack="0"/>
<pin id="69" dir="0" index="1" bw="6" slack="0"/>
<pin id="70" dir="1" index="2" bw="0" slack="2147483647"/>
</pin_list>
<bind>
<opcode="store(28) " fcode="store"/>
<opset="store_ln0/1 "/>
</bind>
</comp>

<comp id="72" class="1004" name="i_25_load_fu_72">
<pin_list>
<pin id="73" dir="0" index="0" bw="6" slack="0"/>
<pin id="74" dir="1" index="1" bw="6" slack="0"/>
</pin_list>
<bind>
<opcode="load(27) " fcode="load"/>
<opset="i_25/1 "/>
</bind>
</comp>

<comp id="75" class="1004" name="icmp_ln122_fu_75">
<pin_list>
<pin id="76" dir="0" index="0" bw="6" slack="0"/>
<pin id="77" dir="0" index="1" bw="6" slack="0"/>
<pin id="78" dir="1" index="2" bw="1" slack="2147483647"/>
</pin_list>
<bind>
<opcode="icmp(45) " fcode="icmp"/>
<opset="icmp_ln122/1 "/>
</bind>
</comp>

<comp id="81" class="1004" name="add_ln122_fu_81">
<pin_list>
<pin id="82" dir="0" index="0" bw="6" slack="0"/>
<pin id="83" dir="0" index="1" bw="1" slack="0"/>
<pin id="84" dir="1" index="2" bw="6" slack="0"/>
</pin_list>
<bind>
<opcode="add(8) " fcode="add"/>
<opset="add_ln122/1 "/>
</bind>
</comp>

<comp id="87" class="1004" name="i_cast_fu_87">
<pin_list>
<pin id="88" dir="0" index="0" bw="6" slack="0"/>
<pin id="89" dir="1" index="1" bw="64" slack="0"/>
</pin_list>
<bind>
<opcode="zext(34) " fcode="zext"/>
<opset="i_cast/1 "/>
</bind>
</comp>

<comp id="92" class="1004" name="store_ln122_store_fu_92">
<pin_list>
<pin id="93" dir="0" index="0" bw="6" slack="0"/>
<pin id="94" dir="0" index="1" bw="6" slack="0"/>
<pin id="95" dir="1" index="2" bw="0" slack="2147483647"/>
</pin_list>
<bind>
<opcode="store(28) " fcode="store"/>
<opset="store_ln122/1 "/>
</bind>
</comp>

<comp id="97" class="1005" name="i_reg_97">
<pin_list>
<pin id="98" dir="0" index="0" bw="6" slack="0"/>
<pin id="99" dir="1" index="1" bw="6" slack="0"/>
</pin_list>
<bind>
<opset="i "/>
</bind>
</comp>

<comp id="107" class="1005" name="i_cast_reg_107">
<pin_list>
<pin id="108" dir="0" index="0" bw="64" slack="1"/>
<pin id="109" dir="1" index="1" bw="64" slack="1"/>
</pin_list>
<bind>
<opset="i_cast "/>
</bind>
</comp>

<comp id="112" class="1005" name="sk_addr_reg_112">
<pin_list>
<pin id="113" dir="0" index="0" bw="12" slack="1"/>
<pin id="114" dir="1" index="1" bw="12" slack="1"/>
</pin_list>
<bind>
<opset="sk_addr "/>
</bind>
</comp>

</comp_list>

<net_list>
<net id="39"><net_src comp="4" pin="0"/><net_sink comp="36" pin=0"/></net>

<net id="45"><net_src comp="0" pin="0"/><net_sink comp="40" pin=0"/></net>

<net id="46"><net_src comp="30" pin="0"/><net_sink comp="40" pin=1"/></net>

<net id="52"><net_src comp="40" pin="3"/><net_sink comp="47" pin=0"/></net>

<net id="58"><net_src comp="2" pin="0"/><net_sink comp="53" pin=0"/></net>

<net id="59"><net_src comp="30" pin="0"/><net_sink comp="53" pin=1"/></net>

<net id="65"><net_src comp="47" pin="3"/><net_sink comp="60" pin=1"/></net>

<net id="66"><net_src comp="53" pin="3"/><net_sink comp="60" pin=0"/></net>

<net id="71"><net_src comp="16" pin="0"/><net_sink comp="67" pin=0"/></net>

<net id="79"><net_src comp="72" pin="1"/><net_sink comp="75" pin=0"/></net>

<net id="80"><net_src comp="22" pin="0"/><net_sink comp="75" pin=1"/></net>

<net id="85"><net_src comp="72" pin="1"/><net_sink comp="81" pin=0"/></net>

<net id="86"><net_src comp="28" pin="0"/><net_sink comp="81" pin=1"/></net>

<net id="90"><net_src comp="72" pin="1"/><net_sink comp="87" pin=0"/></net>

<net id="91"><net_src comp="87" pin="1"/><net_sink comp="40" pin=2"/></net>

<net id="96"><net_src comp="81" pin="2"/><net_sink comp="92" pin=0"/></net>

<net id="100"><net_src comp="36" pin="1"/><net_sink comp="97" pin=0"/></net>

<net id="101"><net_src comp="97" pin="1"/><net_sink comp="67" pin=1"/></net>

<net id="102"><net_src comp="97" pin="1"/><net_sink comp="72" pin=0"/></net>

<net id="103"><net_src comp="97" pin="1"/><net_sink comp="92" pin=1"/></net>

<net id="110"><net_src comp="87" pin="1"/><net_sink comp="107" pin=0"/></net>

<net id="111"><net_src comp="107" pin="1"/><net_sink comp="53" pin=2"/></net>

<net id="115"><net_src comp="40" pin="3"/><net_sink comp="112" pin=0"/></net>

<net id="116"><net_src comp="112" pin="1"/><net_sink comp="47" pin=0"/></net>

</net_list>

</model> 
---------------- Datapath Model END ------------------

* FSMD analyzer results:
  - Output states:
	Port: seedbuf | {2 }
 - Input state : 
	Port: pqcrystals_dilithium2_ref_signature.1_Pipeline_VITIS_LOOP_122_1 : sk | {1 2 }
  - Chain level:
	State 1
		store_ln0 : 1
		i_25 : 1
		icmp_ln122 : 2
		add_ln122 : 2
		br_ln122 : 3
		i_cast : 2
		sk_addr : 3
		sk_load : 4
		store_ln122 : 3
	State 2
		store_ln123 : 1


============================================================
+ Verbose Summary: Datapath Resource usage 
============================================================

* Functional unit list:
|----------|------------------|---------|---------|
| Operation|  Functional Unit |    FF   |   LUT   |
|----------|------------------|---------|---------|
|    add   |  add_ln122_fu_81 |    0    |    14   |
|----------|------------------|---------|---------|
|   icmp   | icmp_ln122_fu_75 |    0    |    10   |
|----------|------------------|---------|---------|
|   zext   |   i_cast_fu_87   |    0    |    0    |
|----------|------------------|---------|---------|
|   Total  |                  |    0    |    24   |
|----------|------------------|---------|---------|

Memories:
N/A

* Register list:
+---------------+--------+
|               |   FF   |
+---------------+--------+
| i_cast_reg_107|   64   |
|    i_reg_97   |    6   |
|sk_addr_reg_112|   12   |
+---------------+--------+
|     Total     |   82   |
+---------------+--------+

* Multiplexer (MUX) list: 
|------------------|------|------|------|--------||---------||---------|
|       Comp       |  Pin | Size |  BW  | S x BW ||  Delay  ||   LUT   |
|------------------|------|------|------|--------||---------||---------|
| grp_access_fu_47 |  p0  |   2  |  12  |   24   ||    9    |
|------------------|------|------|------|--------||---------||---------|
|       Total      |      |      |      |   24   ||  1.324  ||    9    |
|------------------|------|------|------|--------||---------||---------|



* Summary:
+-----------+--------+--------+--------+
|           |  Delay |   FF   |   LUT  |
+-----------+--------+--------+--------+
|  Function |    -   |    0   |   24   |
|   Memory  |    -   |    -   |    -   |
|Multiplexer|    1   |    -   |    9   |
|  Register |    -   |   82   |    -   |
+-----------+--------+--------+--------+
|   Total   |    1   |   82   |   33   |
+-----------+--------+--------+--------+
