

================================================================
== Vitis HLS Report for 'pqcrystals_dilithium2_ref_signature_1_Pipeline_VITIS_LOOP_158_1_VITIS_LOOP_298_1'
================================================================
* Date:           Fri Mar 10 17:35:21 2023

* Version:        2022.2 (Build 3670227 on Oct 13 2022)
* Project:        crypto_sign
* Solution:       solution1 (Vivado IP Flow Target)
* Product family: artix7
* Target device:  xc7a200t-fbg676-2


================================================================
== Performance Estimates
================================================================
+ Timing: 
    * Summary: 
    +--------+----------+----------+------------+
    |  Clock |  Target  | Estimated| Uncertainty|
    +--------+----------+----------+------------+
    |ap_clk  |  50.00 ns|  8.387 ns|    13.50 ns|
    +--------+----------+----------+------------+

+ Latency: 
    * Summary: 
    +---------+---------+----------+----------+-----+------+---------+
    |  Latency (cycles) |  Latency (absolute) |  Interval  | Pipeline|
    |   min   |   max   |    min   |    max   | min |  max |   Type  |
    +---------+---------+----------+----------+-----+------+---------+
    |        5|     2051|  0.250 us|  0.103 ms|    5|  2051|       no|
    +---------+---------+----------+----------+-----+------+---------+

    + Detail: 
        * Instance: 
        N/A

        * Loop: 
        +-------------------------------------+---------+---------+----------+-----------+-----------+----------+----------+
        |                                     |  Latency (cycles) | Iteration|  Initiation Interval  |   Trip   |          |
        |              Loop Name              |   min   |   max   |  Latency |  achieved |   target  |   Count  | Pipelined|
        +-------------------------------------+---------+---------+----------+-----------+-----------+----------+----------+
        |- VITIS_LOOP_158_1_VITIS_LOOP_298_1  |        3|     2049|         2|          2|          1|  1 ~ 1024|       yes|
        +-------------------------------------+---------+---------+----------+-----------+-----------+----------+----------+

============================================================
+ Verbose Summary: Synthesis Manager
============================================================
InlineROM: 1
ExposeGlobal: 0
============================================================
+ Verbose Summary: CDFG Model
============================================================
IsTopModel: 0
ResetActiveHigh: 1
IsCombinational: 0
IsDatapathOnly: 0
HasWiredReturn: 1
HasMFsm: 2
HasVarLatency: 1
IsPipeline: 0
IsRtlPipelined: 0
IsInstanceOverlapped: 0
IsDontTouch: 0
HasImplIP: 0
IsGatedGlobalClock: 0

+ Individual pipeline summary: 
  * Pipeline-0: initiation interval (II) = 2, depth = 2


============================================================
+ Verbose Summary: Schedule
============================================================
* Number of FSM states : 2
* Pipeline : 1
  Pipeline-0 : II = 2, D = 2, States = { 1 2 }
* Dataflow Pipeline: 0

* FSM state transitions: 
1 --> 2 
2 --> 

* FSM state operations: 

State 1 <SV = 0> <Delay = 6.93>
ST_1 : Operation 5 [1/1] (0.00ns)   --->   "%i = alloca i32 1"   --->   Operation 5 'alloca' 'i' <Predicate = true> <Delay = 0.00>
ST_1 : Operation 6 [1/1] (0.00ns)   --->   "%i_24 = alloca i32 1"   --->   Operation 6 'alloca' 'i_24' <Predicate = true> <Delay = 0.00>
ST_1 : Operation 7 [1/1] (0.00ns)   --->   "%indvar_flatten76 = alloca i32 1"   --->   Operation 7 'alloca' 'indvar_flatten76' <Predicate = true> <Delay = 0.00>
ST_1 : Operation 8 [1/1] (1.32ns)   --->   "%store_ln0 = store i11 0, i11 %indvar_flatten76"   --->   Operation 8 'store' 'store_ln0' <Predicate = true> <Delay = 1.32>
ST_1 : Operation 9 [1/1] (1.32ns)   --->   "%store_ln0 = store i3 0, i3 %i_24"   --->   Operation 9 'store' 'store_ln0' <Predicate = true> <Delay = 1.32>
ST_1 : Operation 10 [1/1] (1.32ns)   --->   "%store_ln0 = store i9 0, i9 %i"   --->   Operation 10 'store' 'store_ln0' <Predicate = true> <Delay = 1.32>
ST_1 : Operation 11 [1/1] (0.00ns)   --->   "%br_ln0 = br void %for.body.i.i"   --->   Operation 11 'br' 'br_ln0' <Predicate = true> <Delay = 0.00>
ST_1 : Operation 12 [1/1] (0.00ns)   --->   "%indvar_flatten76_load = load i11 %indvar_flatten76" [dilithium2/polyvec.c:158]   --->   Operation 12 'load' 'indvar_flatten76_load' <Predicate = true> <Delay = 0.00>
ST_1 : Operation 13 [1/1] (0.00ns)   --->   "%specpipeline_ln0 = specpipeline void @_ssdm_op_SpecPipeline, i32 4294967295, i32 0, i32 1, i32 0, void @p_str"   --->   Operation 13 'specpipeline' 'specpipeline_ln0' <Predicate = true> <Delay = 0.00>
ST_1 : Operation 14 [1/1] (1.52ns)   --->   "%icmp_ln158 = icmp_eq  i11 %indvar_flatten76_load, i11 1024" [dilithium2/polyvec.c:158]   --->   Operation 14 'icmp' 'icmp_ln158' <Predicate = true> <Delay = 1.52> <CoreInst = "Cmp">   --->   Core 9 'Cmp' <Latency = 0> <II = 1> <Delay = 1.52> <FuncUnit> <Opcode : 'icmp'> <InPorts = 2> <OutPorts = 1>
ST_1 : Operation 15 [1/1] (1.76ns)   --->   "%add_ln158_1 = add i11 %indvar_flatten76_load, i11 1" [dilithium2/polyvec.c:158]   --->   Operation 15 'add' 'add_ln158_1' <Predicate = true> <Delay = 1.76> <CoreInst = "Adder">   --->   Core 1 'Adder' <Latency = 0> <II = 1> <Delay = 1.76> <FuncUnit> <Opcode : 'add' 'sub'> <InPorts = 2> <OutPorts = 1>
ST_1 : Operation 16 [1/1] (1.32ns)   --->   "%br_ln158 = br i1 %icmp_ln158, void %for.inc.i455.critedge, void %for.inc.i.i478.preheader.exitStub" [dilithium2/polyvec.c:158]   --->   Operation 16 'br' 'br_ln158' <Predicate = true> <Delay = 1.32>
ST_1 : Operation 17 [1/1] (0.00ns)   --->   "%i_load = load i9 %i" [dilithium2/poly.c:298]   --->   Operation 17 'load' 'i_load' <Predicate = (!icmp_ln158)> <Delay = 0.00>
ST_1 : Operation 18 [1/1] (0.00ns)   --->   "%i_24_load = load i3 %i_24" [dilithium2/polyvec.c:158]   --->   Operation 18 'load' 'i_24_load' <Predicate = (!icmp_ln158)> <Delay = 0.00>
ST_1 : Operation 19 [1/1] (1.34ns)   --->   "%add_ln158 = add i3 %i_24_load, i3 1" [dilithium2/polyvec.c:158]   --->   Operation 19 'add' 'add_ln158' <Predicate = (!icmp_ln158)> <Delay = 1.34> <CoreInst = "Adder">   --->   Core 1 'Adder' <Latency = 0> <II = 1> <Delay = 1.34> <FuncUnit> <Opcode : 'add' 'sub'> <InPorts = 2> <OutPorts = 1>
ST_1 : Operation 20 [1/1] (1.34ns)   --->   "%icmp_ln298 = icmp_eq  i9 %i_load, i9 256" [dilithium2/poly.c:298]   --->   Operation 20 'icmp' 'icmp_ln298' <Predicate = (!icmp_ln158)> <Delay = 1.34> <CoreInst = "Cmp">   --->   Core 9 'Cmp' <Latency = 0> <II = 1> <Delay = 1.34> <FuncUnit> <Opcode : 'icmp'> <InPorts = 2> <OutPorts = 1>
ST_1 : Operation 21 [1/1] (1.07ns)   --->   "%select_ln158 = select i1 %icmp_ln298, i9 0, i9 %i_load" [dilithium2/polyvec.c:158]   --->   Operation 21 'select' 'select_ln158' <Predicate = (!icmp_ln158)> <Delay = 1.07> <CoreInst = "Sel">   --->   Core 73 'Sel' <Latency = 0> <II = 1> <Delay = 1.07> <FuncUnit> <Opcode : 'select'> <InPorts = 3> <OutPorts = 1>
ST_1 : Operation 22 [1/1] (0.79ns)   --->   "%select_ln158_1 = select i1 %icmp_ln298, i3 %add_ln158, i3 %i_24_load" [dilithium2/polyvec.c:158]   --->   Operation 22 'select' 'select_ln158_1' <Predicate = (!icmp_ln158)> <Delay = 0.79> <CoreInst = "Sel">   --->   Core 73 'Sel' <Latency = 0> <II = 1> <Delay = 0.79> <FuncUnit> <Opcode : 'select'> <InPorts = 3> <OutPorts = 1>
ST_1 : Operation 23 [1/1] (0.00ns)   --->   "%trunc_ln300 = trunc i3 %select_ln158_1" [dilithium2/poly.c:300]   --->   Operation 23 'trunc' 'trunc_ln300' <Predicate = (!icmp_ln158)> <Delay = 0.00>
ST_1 : Operation 24 [1/1] (0.00ns)   --->   "%tmp_s = bitconcatenate i10 @_ssdm_op_BitConcatenate.i10.i2.i8, i2 %trunc_ln300, i8 0" [dilithium2/poly.c:300]   --->   Operation 24 'bitconcatenate' 'tmp_s' <Predicate = (!icmp_ln158)> <Delay = 0.00>
ST_1 : Operation 25 [1/1] (0.00ns)   --->   "%zext_ln300 = zext i9 %select_ln158" [dilithium2/poly.c:300]   --->   Operation 25 'zext' 'zext_ln300' <Predicate = (!icmp_ln158)> <Delay = 0.00>
ST_1 : Operation 26 [1/1] (1.74ns)   --->   "%add_ln300 = add i10 %tmp_s, i10 %zext_ln300" [dilithium2/poly.c:300]   --->   Operation 26 'add' 'add_ln300' <Predicate = (!icmp_ln158)> <Delay = 1.74> <CoreInst = "Adder">   --->   Core 1 'Adder' <Latency = 0> <II = 1> <Delay = 1.74> <FuncUnit> <Opcode : 'add' 'sub'> <InPorts = 2> <OutPorts = 1>
ST_1 : Operation 27 [1/1] (0.00ns)   --->   "%zext_ln300_3 = zext i10 %add_ln300" [dilithium2/poly.c:300]   --->   Operation 27 'zext' 'zext_ln300_3' <Predicate = (!icmp_ln158)> <Delay = 0.00>
ST_1 : Operation 28 [1/1] (0.00ns)   --->   "%z_vec_coeffs_addr = getelementptr i32 %z_vec_coeffs, i64 0, i64 %zext_ln300_3" [dilithium2/poly.c:300]   --->   Operation 28 'getelementptr' 'z_vec_coeffs_addr' <Predicate = (!icmp_ln158)> <Delay = 0.00>
ST_1 : Operation 29 [2/2] (2.77ns)   --->   "%z_vec_coeffs_load = load i10 %z_vec_coeffs_addr" [dilithium2/poly.c:300]   --->   Operation 29 'load' 'z_vec_coeffs_load' <Predicate = (!icmp_ln158)> <Delay = 2.77> <CoreInst = "RAM">   --->   Core 82 'RAM' <Latency = 1> <II = 1> <Delay = 2.77> <Storage> <Opcode : 'load' 'store'> <Ports = 2> <Width = 32> <Depth = 1024> <RAM>

State 2 <SV = 1> <Delay = 8.38>
ST_2 : Operation 30 [1/1] (0.00ns)   --->   "%specloopname_ln0 = specloopname void @_ssdm_op_SpecLoopName, void @VITIS_LOOP_158_1_VITIS_LOOP_298_1_str"   --->   Operation 30 'specloopname' 'specloopname_ln0' <Predicate = (!icmp_ln158)> <Delay = 0.00>
ST_2 : Operation 31 [1/1] (0.00ns)   --->   "%empty = speclooptripcount i32 @_ssdm_op_SpecLoopTripCount, i64 1, i64 1024, i64 256"   --->   Operation 31 'speclooptripcount' 'empty' <Predicate = (!icmp_ln158)> <Delay = 0.00>
ST_2 : Operation 32 [1/1] (0.00ns)   --->   "%specpipeline_ln0 = specpipeline void @_ssdm_op_SpecPipeline, i32 4294967295, i32 0, i32 1, i32 0, void @p_str"   --->   Operation 32 'specpipeline' 'specpipeline_ln0' <Predicate = (!icmp_ln158)> <Delay = 0.00>
ST_2 : Operation 33 [1/1] (0.00ns)   --->   "%specloopname_ln288 = specloopname void @_ssdm_op_SpecLoopName, void @empty_23" [dilithium2/poly.c:288]   --->   Operation 33 'specloopname' 'specloopname_ln288' <Predicate = (!icmp_ln158)> <Delay = 0.00>
ST_2 : Operation 34 [1/2] (2.77ns)   --->   "%z_vec_coeffs_load = load i10 %z_vec_coeffs_addr" [dilithium2/poly.c:300]   --->   Operation 34 'load' 'z_vec_coeffs_load' <Predicate = (!icmp_ln158)> <Delay = 2.77> <CoreInst = "RAM">   --->   Core 82 'RAM' <Latency = 1> <II = 1> <Delay = 2.77> <Storage> <Opcode : 'load' 'store'> <Ports = 2> <Width = 32> <Depth = 1024> <RAM>
ST_2 : Operation 35 [1/1] (0.00ns) (grouped into LUT with out node t_18)   --->   "%t = bitselect i1 @_ssdm_op_BitSelect.i1.i32.i32, i32 %z_vec_coeffs_load, i32 31" [dilithium2/poly.c:300]   --->   Operation 35 'bitselect' 't' <Predicate = (!icmp_ln158)> <Delay = 0.00>
ST_2 : Operation 36 [1/1] (0.00ns) (grouped into LUT with out node t_18)   --->   "%select_ln300 = select i1 %t, i32 4294967295, i32 0" [dilithium2/poly.c:300]   --->   Operation 36 'select' 'select_ln300' <Predicate = (!icmp_ln158)> <Delay = 0.00> <CoreInst = "Sel">   --->   Core 73 'Sel' <Latency = 0> <II = 1> <Delay = 0.81> <FuncUnit> <Opcode : 'select'> <InPorts = 3> <OutPorts = 1>
ST_2 : Operation 37 [1/1] (0.00ns) (grouped into LUT with out node t_18)   --->   "%shl_ln301 = shl i32 %z_vec_coeffs_load, i32 1" [dilithium2/poly.c:301]   --->   Operation 37 'shl' 'shl_ln301' <Predicate = (!icmp_ln158)> <Delay = 0.00>
ST_2 : Operation 38 [1/1] (0.00ns) (grouped into LUT with out node t_18)   --->   "%and_ln301 = and i32 %shl_ln301, i32 %select_ln300" [dilithium2/poly.c:301]   --->   Operation 38 'and' 'and_ln301' <Predicate = (!icmp_ln158)> <Delay = 0.00> <CoreInst = "LogicGate">   --->   Core 74 'LogicGate' <Latency = 0> <II = 1> <Delay = 0.80> <FuncUnit> <Opcode : 'and' 'or' 'xor'> <InPorts = 2> <OutPorts = 1>
ST_2 : Operation 39 [1/1] (2.18ns) (out node of the LUT)   --->   "%t_18 = sub i32 %z_vec_coeffs_load, i32 %and_ln301" [dilithium2/poly.c:301]   --->   Operation 39 'sub' 't_18' <Predicate = (!icmp_ln158)> <Delay = 2.18> <CoreInst = "Adder">   --->   Core 1 'Adder' <Latency = 0> <II = 1> <Delay = 2.18> <FuncUnit> <Opcode : 'add' 'sub'> <InPorts = 2> <OutPorts = 1>
ST_2 : Operation 40 [1/1] (2.11ns)   --->   "%icmp_ln303 = icmp_sgt  i32 %t_18, i32 130993" [dilithium2/poly.c:303]   --->   Operation 40 'icmp' 'icmp_ln303' <Predicate = (!icmp_ln158)> <Delay = 2.11> <CoreInst = "Cmp">   --->   Core 9 'Cmp' <Latency = 0> <II = 1> <Delay = 2.11> <FuncUnit> <Opcode : 'icmp'> <InPorts = 2> <OutPorts = 1>
ST_2 : Operation 41 [1/1] (1.32ns)   --->   "%br_ln303 = br i1 %icmp_ln303, void %for.inc.i.i452, void %for.inc.i.i478.preheader.exitStub" [dilithium2/poly.c:303]   --->   Operation 41 'br' 'br_ln303' <Predicate = (!icmp_ln158)> <Delay = 1.32>
ST_2 : Operation 42 [1/1] (1.73ns)   --->   "%add_ln298 = add i9 %select_ln158, i9 1" [dilithium2/poly.c:298]   --->   Operation 42 'add' 'add_ln298' <Predicate = (!icmp_ln158 & !icmp_ln303)> <Delay = 1.73> <CoreInst = "Adder">   --->   Core 1 'Adder' <Latency = 0> <II = 1> <Delay = 1.73> <FuncUnit> <Opcode : 'add' 'sub'> <InPorts = 2> <OutPorts = 1>
ST_2 : Operation 43 [1/1] (1.32ns)   --->   "%store_ln298 = store i11 %add_ln158_1, i11 %indvar_flatten76" [dilithium2/poly.c:298]   --->   Operation 43 'store' 'store_ln298' <Predicate = (!icmp_ln158 & !icmp_ln303)> <Delay = 1.32>
ST_2 : Operation 44 [1/1] (1.32ns)   --->   "%store_ln298 = store i3 %select_ln158_1, i3 %i_24" [dilithium2/poly.c:298]   --->   Operation 44 'store' 'store_ln298' <Predicate = (!icmp_ln158 & !icmp_ln303)> <Delay = 1.32>
ST_2 : Operation 45 [1/1] (1.32ns)   --->   "%store_ln298 = store i9 %add_ln298, i9 %i" [dilithium2/poly.c:298]   --->   Operation 45 'store' 'store_ln298' <Predicate = (!icmp_ln158 & !icmp_ln303)> <Delay = 1.32>
ST_2 : Operation 46 [1/1] (0.00ns)   --->   "%br_ln298 = br void %for.body.i.i" [dilithium2/poly.c:298]   --->   Operation 46 'br' 'br_ln298' <Predicate = (!icmp_ln158 & !icmp_ln303)> <Delay = 0.00>
ST_2 : Operation 47 [1/1] (0.00ns)   --->   "%merge = phi i1 1, void %for.body.i.i, i1 0, void %for.inc.i455.critedge"   --->   Operation 47 'phi' 'merge' <Predicate = (icmp_ln303) | (icmp_ln158)> <Delay = 0.00>
ST_2 : Operation 48 [1/1] (0.00ns)   --->   "%ret_ln0 = ret i1 %merge"   --->   Operation 48 'ret' 'ret_ln0' <Predicate = (icmp_ln303) | (icmp_ln158)> <Delay = 0.00>


============================================================
+ Verbose Summary: Timing violations
============================================================
Target clock period: 50ns, clock uncertainty: 13.5ns.

 <State 1>: 6.93ns
The critical path consists of the following:
	'alloca' operation ('i') [2]  (0 ns)
	'load' operation ('i_load', dilithium2/poly.c:298) on local variable 'i' [16]  (0 ns)
	'icmp' operation ('icmp_ln298', dilithium2/poly.c:298) [21]  (1.34 ns)
	'select' operation ('select_ln158', dilithium2/polyvec.c:158) [22]  (1.07 ns)
	'add' operation ('add_ln300', dilithium2/poly.c:300) [28]  (1.75 ns)
	'getelementptr' operation ('z_vec_coeffs_addr', dilithium2/poly.c:300) [30]  (0 ns)
	'load' operation ('z_vec_coeffs_load', dilithium2/poly.c:300) on array 'z_vec_coeffs' [32]  (2.77 ns)

 <State 2>: 8.39ns
The critical path consists of the following:
	'load' operation ('z_vec_coeffs_load', dilithium2/poly.c:300) on array 'z_vec_coeffs' [32]  (2.77 ns)
	'sub' operation ('t', dilithium2/poly.c:301) [37]  (2.18 ns)
	'icmp' operation ('icmp_ln303', dilithium2/poly.c:303) [38]  (2.11 ns)
	multiplexor before 'phi' operation ('merge') [47]  (1.32 ns)


============================================================
+ Verbose Summary: Binding
============================================================
N/A
* FSMD analyzer results:
  - Output states:
 - Input state : 
  - Chain level:
	State 1
	State 2


============================================================
+ Verbose Summary: Datapath Resource usage 
============================================================
N/A
