INFO: [SIM 2] *************** CSIM start ***************
INFO: [SIM 4] CSIM will launch GCC as the compiler.
   Compiling(apcc) ../../../../dilithium2/PQCgenKAT_sign.c in debug mode
INFO: [HLS 200-10] Running 'C:/Xilinx/Vivado/2019.2/bin/unwrapped/win64.o/apcc.exe'
INFO: [HLS 200-10] For user 'Hp' on host 'thakur' (Windows NT_amd64 version 6.2) on Thu Apr 13 00:33:23 +0530 2023
INFO: [HLS 200-10] In directory 'C:/Users/Hp/Desktop/IITG/MTech_Course_2_Sem/C_BASED_VLSI/AssignmentPhase_2_Latency/Phase2/Latency/csim/build'
INFO: [APCC 202-3] Tmp directory is apcc_db
INFO: [APCC 202-1] APCC is done.
   Compiling(apcc) ../../../../dilithium2/aes.c in debug mode
INFO: [HLS 200-10] Running 'C:/Xilinx/Vivado/2019.2/bin/unwrapped/win64.o/apcc.exe'
INFO: [HLS 200-10] For user 'Hp' on host 'thakur' (Windows NT_amd64 version 6.2) on Thu Apr 13 00:33:44 +0530 2023
INFO: [HLS 200-10] In directory 'C:/Users/Hp/Desktop/IITG/MTech_Course_2_Sem/C_BASED_VLSI/AssignmentPhase_2_Latency/Phase2/Latency/csim/build'
INFO: [APCC 202-3] Tmp directory is apcc_db
INFO: [APCC 202-1] APCC is done.
   Compiling(apcc) ../../../../dilithium2/aes256ctr.c in debug mode
INFO: [HLS 200-10] Running 'C:/Xilinx/Vivado/2019.2/bin/unwrapped/win64.o/apcc.exe'
INFO: [HLS 200-10] For user 'Hp' on host 'thakur' (Windows NT_amd64 version 6.2) on Thu Apr 13 00:34:01 +0530 2023
INFO: [HLS 200-10] In directory 'C:/Users/Hp/Desktop/IITG/MTech_Course_2_Sem/C_BASED_VLSI/AssignmentPhase_2_Latency/Phase2/Latency/csim/build'
INFO: [APCC 202-3] Tmp directory is apcc_db
INFO: [APCC 202-1] APCC is done.
   Compiling(apcc) ../../../../dilithium2/fips202.c in debug mode
INFO: [HLS 200-10] Running 'C:/Xilinx/Vivado/2019.2/bin/unwrapped/win64.o/apcc.exe'
INFO: [HLS 200-10] For user 'Hp' on host 'thakur' (Windows NT_amd64 version 6.2) on Thu Apr 13 00:34:18 +0530 2023
INFO: [HLS 200-10] In directory 'C:/Users/Hp/Desktop/IITG/MTech_Course_2_Sem/C_BASED_VLSI/AssignmentPhase_2_Latency/Phase2/Latency/csim/build'
INFO: [APCC 202-3] Tmp directory is apcc_db
INFO: [APCC 202-1] APCC is done.
   Compiling(apcc) ../../../../dilithium2/ntt.c in debug mode
INFO: [HLS 200-10] Running 'C:/Xilinx/Vivado/2019.2/bin/unwrapped/win64.o/apcc.exe'
INFO: [HLS 200-10] For user 'Hp' on host 'thakur' (Windows NT_amd64 version 6.2) on Thu Apr 13 00:34:39 +0530 2023
INFO: [HLS 200-10] In directory 'C:/Users/Hp/Desktop/IITG/MTech_Course_2_Sem/C_BASED_VLSI/AssignmentPhase_2_Latency/Phase2/Latency/csim/build'
INFO: [APCC 202-3] Tmp directory is apcc_db
INFO: [APCC 202-1] APCC is done.
   Compiling(apcc) ../../../../dilithium2/packing.c in debug mode
INFO: [HLS 200-10] Running 'C:/Xilinx/Vivado/2019.2/bin/unwrapped/win64.o/apcc.exe'
INFO: [HLS 200-10] For user 'Hp' on host 'thakur' (Windows NT_amd64 version 6.2) on Thu Apr 13 00:34:54 +0530 2023
INFO: [HLS 200-10] In directory 'C:/Users/Hp/Desktop/IITG/MTech_Course_2_Sem/C_BASED_VLSI/AssignmentPhase_2_Latency/Phase2/Latency/csim/build'
INFO: [APCC 202-3] Tmp directory is apcc_db
INFO: [APCC 202-1] APCC is done.
   Compiling(apcc) ../../../../dilithium2/poly.c in debug mode
INFO: [HLS 200-10] Running 'C:/Xilinx/Vivado/2019.2/bin/unwrapped/win64.o/apcc.exe'
INFO: [HLS 200-10] For user 'Hp' on host 'thakur' (Windows NT_amd64 version 6.2) on Thu Apr 13 00:35:09 +0530 2023
INFO: [HLS 200-10] In directory 'C:/Users/Hp/Desktop/IITG/MTech_Course_2_Sem/C_BASED_VLSI/AssignmentPhase_2_Latency/Phase2/Latency/csim/build'
INFO: [APCC 202-3] Tmp directory is apcc_db
INFO: [APCC 202-1] APCC is done.
   Compiling(apcc) ../../../../dilithium2/polyvec.c in debug mode
INFO: [HLS 200-10] Running 'C:/Xilinx/Vivado/2019.2/bin/unwrapped/win64.o/apcc.exe'
INFO: [HLS 200-10] For user 'Hp' on host 'thakur' (Windows NT_amd64 version 6.2) on Thu Apr 13 00:35:26 +0530 2023
INFO: [HLS 200-10] In directory 'C:/Users/Hp/Desktop/IITG/MTech_Course_2_Sem/C_BASED_VLSI/AssignmentPhase_2_Latency/Phase2/Latency/csim/build'
INFO: [APCC 202-3] Tmp directory is apcc_db
INFO: [APCC 202-1] APCC is done.
   Compiling(apcc) ../../../../dilithium2/reduce.c in debug mode
INFO: [HLS 200-10] Running 'C:/Xilinx/Vivado/2019.2/bin/unwrapped/win64.o/apcc.exe'
INFO: [HLS 200-10] For user 'Hp' on host 'thakur' (Windows NT_amd64 version 6.2) on Thu Apr 13 00:35:40 +0530 2023
INFO: [HLS 200-10] In directory 'C:/Users/Hp/Desktop/IITG/MTech_Course_2_Sem/C_BASED_VLSI/AssignmentPhase_2_Latency/Phase2/Latency/csim/build'
INFO: [APCC 202-3] Tmp directory is apcc_db
INFO: [APCC 202-1] APCC is done.
   Compiling(apcc) ../../../../dilithium2/rng.c in debug mode
INFO: [HLS 200-10] Running 'C:/Xilinx/Vivado/2019.2/bin/unwrapped/win64.o/apcc.exe'
INFO: [HLS 200-10] For user 'Hp' on host 'thakur' (Windows NT_amd64 version 6.2) on Thu Apr 13 00:35:53 +0530 2023
INFO: [HLS 200-10] In directory 'C:/Users/Hp/Desktop/IITG/MTech_Course_2_Sem/C_BASED_VLSI/AssignmentPhase_2_Latency/Phase2/Latency/csim/build'
INFO: [APCC 202-3] Tmp directory is apcc_db
INFO: [APCC 202-1] APCC is done.
   Compiling(apcc) ../../../../dilithium2/rounding.c in debug mode
INFO: [HLS 200-10] Running 'C:/Xilinx/Vivado/2019.2/bin/unwrapped/win64.o/apcc.exe'
INFO: [HLS 200-10] For user 'Hp' on host 'thakur' (Windows NT_amd64 version 6.2) on Thu Apr 13 00:36:08 +0530 2023
INFO: [HLS 200-10] In directory 'C:/Users/Hp/Desktop/IITG/MTech_Course_2_Sem/C_BASED_VLSI/AssignmentPhase_2_Latency/Phase2/Latency/csim/build'
INFO: [APCC 202-3] Tmp directory is apcc_db
INFO: [APCC 202-1] APCC is done.
   Compiling(apcc) ../../../../dilithium2/sign.c in debug mode
INFO: [HLS 200-10] Running 'C:/Xilinx/Vivado/2019.2/bin/unwrapped/win64.o/apcc.exe'
INFO: [HLS 200-10] For user 'Hp' on host 'thakur' (Windows NT_amd64 version 6.2) on Thu Apr 13 00:36:22 +0530 2023
INFO: [HLS 200-10] In directory 'C:/Users/Hp/Desktop/IITG/MTech_Course_2_Sem/C_BASED_VLSI/AssignmentPhase_2_Latency/Phase2/Latency/csim/build'
INFO: [APCC 202-3] Tmp directory is apcc_db
INFO: [APCC 202-1] APCC is done.
   Compiling(apcc) ../../../../dilithium2/symmetric-aes.c in debug mode
INFO: [HLS 200-10] Running 'C:/Xilinx/Vivado/2019.2/bin/unwrapped/win64.o/apcc.exe'
INFO: [HLS 200-10] For user 'Hp' on host 'thakur' (Windows NT_amd64 version 6.2) on Thu Apr 13 00:36:37 +0530 2023
INFO: [HLS 200-10] In directory 'C:/Users/Hp/Desktop/IITG/MTech_Course_2_Sem/C_BASED_VLSI/AssignmentPhase_2_Latency/Phase2/Latency/csim/build'
INFO: [APCC 202-3] Tmp directory is apcc_db
INFO: [APCC 202-1] APCC is done.
   Compiling(apcc) ../../../../dilithium2/symmetric-shake.c in debug mode
INFO: [HLS 200-10] Running 'C:/Xilinx/Vivado/2019.2/bin/unwrapped/win64.o/apcc.exe'
INFO: [HLS 200-10] For user 'Hp' on host 'thakur' (Windows NT_amd64 version 6.2) on Thu Apr 13 00:36:51 +0530 2023
INFO: [HLS 200-10] In directory 'C:/Users/Hp/Desktop/IITG/MTech_Course_2_Sem/C_BASED_VLSI/AssignmentPhase_2_Latency/Phase2/Latency/csim/build'
INFO: [APCC 202-3] Tmp directory is apcc_db
INFO: [APCC 202-1] APCC is done.
   Generating csim.exe
INFO: [SIM 1] CSim done with 0 errors.
INFO: [SIM 3] *************** CSIM finish ***************
