/home/shikha/Final_Assignment/crypto_sign/solution2/.autopilot/db/aes.pp.0.c:736:3: warning: Added loop label VITIS_LOOP_160_1:   [xilinx-label-all-loops]
  for (i = 0; i < 8; ++i)
  ^~~
  VITIS_LOOP_160_1: 
/home/shikha/Final_Assignment/crypto_sign/solution2/.autopilot/db/aes.pp.0.c:736:3: note: FIX-IT applied suggested code changes
/home/shikha/Final_Assignment/crypto_sign/solution2/.autopilot/db/aes.pp.0.c:745:3: warning: Added loop label VITIS_LOOP_169_2:   [xilinx-label-all-loops]
  for (i = 8; i < 4 * (14 + 1); ++i)
  ^~~
  VITIS_LOOP_169_2: 
/home/shikha/Final_Assignment/crypto_sign/solution2/.autopilot/db/aes.pp.0.c:745:3: note: FIX-IT applied suggested code changes
/home/shikha/Final_Assignment/crypto_sign/solution2/.autopilot/db/aes.pp.0.c:907:3: warning: Added loop label VITIS_LOOP_358_1:   [xilinx-label-all-loops]
  for (i = 0; i < 4; ++i)
  ^~~
  VITIS_LOOP_358_1: 
/home/shikha/Final_Assignment/crypto_sign/solution2/.autopilot/db/aes.pp.0.c:907:3: note: FIX-IT applied suggested code changes
/home/shikha/Final_Assignment/crypto_sign/solution2/.autopilot/db/aes.pp.0.c:927:3: warning: Added loop label VITIS_LOOP_378_1:   [xilinx-label-all-loops]
  for (i = 0; i < 4; ++i)
  ^~~
  VITIS_LOOP_378_1: 
/home/shikha/Final_Assignment/crypto_sign/solution2/.autopilot/db/aes.pp.0.c:927:3: note: FIX-IT applied suggested code changes
/home/shikha/Final_Assignment/crypto_sign/solution2/.autopilot/db/aes.pp.0.c:929:5: warning: Added loop label VITIS_LOOP_380_2:   [xilinx-label-all-loops]
    for (j = 0; j < 4; ++j)
    ^~~
    VITIS_LOOP_380_2: 
/home/shikha/Final_Assignment/crypto_sign/solution2/.autopilot/db/aes.pp.0.c:929:5: note: FIX-IT applied suggested code changes
/home/shikha/Final_Assignment/crypto_sign/solution2/.autopilot/db/aes.pp.0.c:1041:3: warning: Added loop label VITIS_LOOP_508_1:   [xilinx-label-all-loops]
  for (round = (14 - 1); round > 0; --round)
  ^~~
  VITIS_LOOP_508_1: 
/home/shikha/Final_Assignment/crypto_sign/solution2/.autopilot/db/aes.pp.0.c:1041:3: note: FIX-IT applied suggested code changes
/home/shikha/Final_Assignment/crypto_sign/solution2/.autopilot/db/aes.pp.0.c:1072:3: warning: Added loop label VITIS_LOOP_556_1:   [xilinx-label-all-loops]
  for (i = 0; i < 16; ++i)
  ^~~
  VITIS_LOOP_556_1: 
/home/shikha/Final_Assignment/crypto_sign/solution2/.autopilot/db/aes.pp.0.c:1072:3: note: FIX-IT applied suggested code changes
/home/shikha/Final_Assignment/crypto_sign/solution2/.autopilot/db/aes.pp.0.c:1082:3: warning: Added loop label VITIS_LOOP_566_1:   [xilinx-label-all-loops]
  for (i = 0; i < length; i += 16)
  ^~~
  VITIS_LOOP_566_1: 
/home/shikha/Final_Assignment/crypto_sign/solution2/.autopilot/db/aes.pp.0.c:1082:3: note: FIX-IT applied suggested code changes
/home/shikha/Final_Assignment/crypto_sign/solution2/.autopilot/db/aes.pp.0.c:1098:3: warning: Added loop label VITIS_LOOP_582_1:   [xilinx-label-all-loops]
  for (i = 0; i < length; i += 16)
  ^~~
  VITIS_LOOP_582_1: 
/home/shikha/Final_Assignment/crypto_sign/solution2/.autopilot/db/aes.pp.0.c:1098:3: note: FIX-IT applied suggested code changes
/home/shikha/Final_Assignment/crypto_sign/solution2/.autopilot/db/aes.pp.0.c:1115:3: warning: Added loop label VITIS_LOOP_606_1:   [xilinx-label-all-loops]
  for (i = 0, bi = 16; i < length; ++i, ++bi)
  ^~~
  VITIS_LOOP_606_1: 
/home/shikha/Final_Assignment/crypto_sign/solution2/.autopilot/db/aes.pp.0.c:1115:3: note: FIX-IT applied suggested code changes
/home/shikha/Final_Assignment/crypto_sign/solution2/.autopilot/db/aes.pp.0.c:1124:7: warning: Added loop label VITIS_LOOP_615_2:   [xilinx-label-all-loops]
      for (bi = (16 - 1); bi >= 0; --bi)
      ^~~
      VITIS_LOOP_615_2: 
/home/shikha/Final_Assignment/crypto_sign/solution2/.autopilot/db/aes.pp.0.c:1124:7: note: FIX-IT applied suggested code changes
