

================================================================
== Vitis HLS Report for 'keccak_absorb_Pipeline_VITIS_LOOP_423_6'
================================================================
* Date:           Fri Mar 10 17:22:11 2023

* Version:        2022.2 (Build 3670227 on Oct 13 2022)
* Project:        crypto_sign
* Solution:       solution2 (Vivado IP Flow Target)
* Product family: artix7
* Target device:  xc7a200t-fbg676-2


================================================================
== Performance Estimates
================================================================
+ Timing: 
    * Summary: 
    +--------+----------+----------+------------+
    |  Clock |  Target  | Estimated| Uncertainty|
    +--------+----------+----------+------------+
    |ap_clk  |  50.00 ns|  2.965 ns|    13.50 ns|
    +--------+----------+----------+------------+

+ Latency: 
    * Summary: 
    +---------+---------+----------+----------+-----+-----+---------+
    |  Latency (cycles) |  Latency (absolute) |  Interval | Pipeline|
    |   min   |   max   |    min   |    max   | min | max |   Type  |
    +---------+---------+----------+----------+-----+-----+---------+
    |       10|       10|  0.500 us|  0.500 us|   10|   10|       no|
    +---------+---------+----------+----------+-----+-----+---------+

    + Detail: 
        * Instance: 
        N/A

        * Loop: 
        +--------------------+---------+---------+----------+-----------+-----------+------+----------+
        |                    |  Latency (cycles) | Iteration|  Initiation Interval  | Trip |          |
        |      Loop Name     |   min   |   max   |  Latency |  achieved |   target  | Count| Pipelined|
        +--------------------+---------+---------+----------+-----------+-----------+------+----------+
        |- VITIS_LOOP_423_6  |        8|        8|         1|          1|          1|     8|       yes|
        +--------------------+---------+---------+----------+-----------+-----------+------+----------+

============================================================
+ Verbose Summary: Synthesis Manager
============================================================
InlineROM: 1
ExposeGlobal: 0
============================================================
+ Verbose Summary: CDFG Model
============================================================
IsTopModel: 0
ResetActiveHigh: 1
IsCombinational: 0
IsDatapathOnly: 0
HasWiredReturn: 1
HasMFsm: 2
HasVarLatency: 1
IsPipeline: 0
IsRtlPipelined: 0
IsInstanceOverlapped: 0
IsDontTouch: 0
HasImplIP: 0
IsGatedGlobalClock: 0

+ Individual pipeline summary: 
  * Pipeline-0: initiation interval (II) = 1, depth = 1


============================================================
+ Verbose Summary: Schedule
============================================================
* Number of FSM states : 1
* Pipeline : 1
  Pipeline-0 : II = 1, D = 1, States = { 1 }
* Dataflow Pipeline: 0

* FSM state transitions: 
1 --> 

* FSM state operations: 

State 1 <SV = 0> <Delay = 2.96>
ST_1 : Operation 4 [1/1] (0.00ns)   --->   "%i = alloca i32 1"   --->   Operation 4 'alloca' 'i' <Predicate = true> <Delay = 0.00>
ST_1 : Operation 5 [1/1] (1.32ns)   --->   "%store_ln0 = store i4 0, i4 %i"   --->   Operation 5 'store' 'store_ln0' <Predicate = true> <Delay = 1.32>
ST_1 : Operation 6 [1/1] (0.00ns)   --->   "%br_ln0 = br void %for.inc82"   --->   Operation 6 'br' 'br_ln0' <Predicate = true> <Delay = 0.00>
ST_1 : Operation 7 [1/1] (0.00ns)   --->   "%i_57 = load i4 %i" [dilithium2/fips202.c:423]   --->   Operation 7 'load' 'i_57' <Predicate = true> <Delay = 0.00>
ST_1 : Operation 8 [1/1] (0.00ns)   --->   "%specpipeline_ln0 = specpipeline void @_ssdm_op_SpecPipeline, i32 4294967295, i32 0, i32 1, i32 0, void @p_str"   --->   Operation 8 'specpipeline' 'specpipeline_ln0' <Predicate = true> <Delay = 0.00>
ST_1 : Operation 9 [1/1] (1.21ns)   --->   "%icmp_ln423 = icmp_eq  i4 %i_57, i4 8" [dilithium2/fips202.c:423]   --->   Operation 9 'icmp' 'icmp_ln423' <Predicate = true> <Delay = 1.21> <CoreInst = "Cmp">   --->   Core 9 'Cmp' <Latency = 0> <II = 1> <Delay = 1.21> <FuncUnit> <Opcode : 'icmp'> <InPorts = 2> <OutPorts = 1>
ST_1 : Operation 10 [1/1] (0.00ns)   --->   "%empty = speclooptripcount i32 @_ssdm_op_SpecLoopTripCount, i64 8, i64 8, i64 8"   --->   Operation 10 'speclooptripcount' 'empty' <Predicate = true> <Delay = 0.00>
ST_1 : Operation 11 [1/1] (1.49ns)   --->   "%add_ln423 = add i4 %i_57, i4 1" [dilithium2/fips202.c:423]   --->   Operation 11 'add' 'add_ln423' <Predicate = true> <Delay = 1.49> <CoreInst = "Adder">   --->   Core 1 'Adder' <Latency = 0> <II = 1> <Delay = 1.49> <FuncUnit> <Opcode : 'add' 'sub'> <InPorts = 2> <OutPorts = 1>
ST_1 : Operation 12 [1/1] (0.00ns)   --->   "%br_ln423 = br i1 %icmp_ln423, void %for.inc82.split, void %for.inc93.preheader.exitStub" [dilithium2/fips202.c:423]   --->   Operation 12 'br' 'br_ln423' <Predicate = true> <Delay = 0.00>
ST_1 : Operation 13 [1/1] (0.00ns)   --->   "%i_95_cast = zext i4 %i_57" [dilithium2/fips202.c:423]   --->   Operation 13 'zext' 'i_95_cast' <Predicate = (!icmp_ln423)> <Delay = 0.00>
ST_1 : Operation 14 [1/1] (0.00ns)   --->   "%specloopname_ln386 = specloopname void @_ssdm_op_SpecLoopName, void @empty_37" [dilithium2/fips202.c:386]   --->   Operation 14 'specloopname' 'specloopname_ln386' <Predicate = (!icmp_ln423)> <Delay = 0.00>
ST_1 : Operation 15 [1/1] (0.00ns)   --->   "%t_addr = getelementptr i8 %t, i64 0, i64 %i_95_cast" [dilithium2/fips202.c:424]   --->   Operation 15 'getelementptr' 't_addr' <Predicate = (!icmp_ln423)> <Delay = 0.00>
ST_1 : Operation 16 [1/1] (1.75ns)   --->   "%store_ln424 = store i8 0, i3 %t_addr" [dilithium2/fips202.c:424]   --->   Operation 16 'store' 'store_ln424' <Predicate = (!icmp_ln423)> <Delay = 1.75> <CoreInst = "RAM">   --->   Core 82 'RAM' <Latency = 1> <II = 1> <Delay = 1.75> <Storage> <Opcode : 'load' 'store'> <Ports = 2> <Width = 8> <Depth = 8> <RAM>
ST_1 : Operation 17 [1/1] (1.32ns)   --->   "%store_ln423 = store i4 %add_ln423, i4 %i" [dilithium2/fips202.c:423]   --->   Operation 17 'store' 'store_ln423' <Predicate = (!icmp_ln423)> <Delay = 1.32>
ST_1 : Operation 18 [1/1] (0.00ns)   --->   "%br_ln423 = br void %for.inc82" [dilithium2/fips202.c:423]   --->   Operation 18 'br' 'br_ln423' <Predicate = (!icmp_ln423)> <Delay = 0.00>
ST_1 : Operation 19 [1/1] (0.00ns)   --->   "%ret_ln0 = ret"   --->   Operation 19 'ret' 'ret_ln0' <Predicate = (icmp_ln423)> <Delay = 0.00>


============================================================
+ Verbose Summary: Timing violations
============================================================
Target clock period: 50ns, clock uncertainty: 13.5ns.

 <State 1>: 2.96ns
The critical path consists of the following:
	'alloca' operation ('i') [2]  (0 ns)
	'load' operation ('i', dilithium2/fips202.c:423) on local variable 'i' [6]  (0 ns)
	'add' operation ('add_ln423', dilithium2/fips202.c:423) [10]  (1.49 ns)
	'store' operation ('store_ln423', dilithium2/fips202.c:423) of variable 'add_ln423', dilithium2/fips202.c:423 on local variable 'i' [17]  (1.32 ns)
	blocking operation 0.15 ns on control path)


============================================================
+ Verbose Summary: Binding
============================================================
N/A
* FSMD analyzer results:
  - Output states:
 - Input state : 
  - Chain level:
	State 1


============================================================
+ Verbose Summary: Datapath Resource usage 
============================================================
N/A
