

================================================================
== Vitis HLS Report for 'keccak_absorb_1_Pipeline_VITIS_LOOP_425_7'
================================================================
* Date:           Fri Mar 10 17:22:08 2023

* Version:        2022.2 (Build 3670227 on Oct 13 2022)
* Project:        crypto_sign
* Solution:       solution2 (Vivado IP Flow Target)
* Product family: artix7
* Target device:  xc7a200t-fbg676-2


================================================================
== Performance Estimates
================================================================
+ Timing: 
    * Summary: 
    +--------+----------+----------+------------+
    |  Clock |  Target  | Estimated| Uncertainty|
    +--------+----------+----------+------------+
    |ap_clk  |  50.00 ns|  5.978 ns|    13.50 ns|
    +--------+----------+----------+------------+

+ Latency: 
    * Summary: 
    +---------+---------+----------+----------+-----+-----+---------+
    |  Latency (cycles) |  Latency (absolute) |  Interval | Pipeline|
    |   min   |   max   |    min   |    max   | min | max |   Type  |
    +---------+---------+----------+----------+-----+-----+---------+
    |        ?|        ?|         ?|         ?|    ?|    ?|       no|
    +---------+---------+----------+----------+-----+-----+---------+

    + Detail: 
        * Instance: 
        N/A

        * Loop: 
        +--------------------+---------+---------+----------+-----------+-----------+------+----------+
        |                    |  Latency (cycles) | Iteration|  Initiation Interval  | Trip |          |
        |      Loop Name     |   min   |   max   |  Latency |  achieved |   target  | Count| Pipelined|
        +--------------------+---------+---------+----------+-----------+-----------+------+----------+
        |- VITIS_LOOP_425_7  |        ?|        ?|         2|          1|          1|     ?|       yes|
        +--------------------+---------+---------+----------+-----------+-----------+------+----------+

============================================================
+ Verbose Summary: Synthesis Manager
============================================================
InlineROM: 1
ExposeGlobal: 0
============================================================
+ Verbose Summary: CDFG Model
============================================================
IsTopModel: 0
ResetActiveHigh: 1
IsCombinational: 0
IsDatapathOnly: 0
HasWiredReturn: 1
HasMFsm: 2
HasVarLatency: 1
IsPipeline: 0
IsRtlPipelined: 0
IsInstanceOverlapped: 0
IsDontTouch: 0
HasImplIP: 0
IsGatedGlobalClock: 0

+ Individual pipeline summary: 
  * Pipeline-0: initiation interval (II) = 1, depth = 2


============================================================
+ Verbose Summary: Schedule
============================================================
* Number of FSM states : 2
* Pipeline : 1
  Pipeline-0 : II = 1, D = 2, States = { 1 2 }
* Dataflow Pipeline: 0

* FSM state transitions: 
1 --> 2 
2 --> 

* FSM state operations: 

State 1 <SV = 0> <Delay = 5.97>
ST_1 : Operation 5 [1/1] (0.00ns)   --->   "%i_53 = alloca i32 1"   --->   Operation 5 'alloca' 'i_53' <Predicate = true> <Delay = 0.00>
ST_1 : Operation 6 [1/1] (0.00ns)   --->   "%add_ln31_3_read = read i13 @_ssdm_op_Read.ap_auto.i13, i13 %add_ln31_3"   --->   Operation 6 'read' 'add_ln31_3_read' <Predicate = true> <Delay = 0.00>
ST_1 : Operation 7 [1/1] (0.00ns)   --->   "%zext_ln419_2_read = read i8 @_ssdm_op_Read.ap_auto.i8, i8 %zext_ln419_2"   --->   Operation 7 'read' 'zext_ln419_2_read' <Predicate = true> <Delay = 0.00>
ST_1 : Operation 8 [1/1] (0.00ns)   --->   "%sext_ln384_read = read i9 @_ssdm_op_Read.ap_auto.i9, i9 %sext_ln384"   --->   Operation 8 'read' 'sext_ln384_read' <Predicate = true> <Delay = 0.00>
ST_1 : Operation 9 [1/1] (0.00ns)   --->   "%zext_ln419_2_cast = zext i8 %zext_ln419_2_read"   --->   Operation 9 'zext' 'zext_ln419_2_cast' <Predicate = true> <Delay = 0.00>
ST_1 : Operation 10 [1/1] (0.00ns)   --->   "%sext_ln384_cast = sext i9 %sext_ln384_read"   --->   Operation 10 'sext' 'sext_ln384_cast' <Predicate = true> <Delay = 0.00>
ST_1 : Operation 11 [1/1] (0.00ns)   --->   "%specinterface_ln0 = specinterface void @_ssdm_op_SpecInterface, i8 %sm, void @empty_11, i32 0, i32 0, void @empty_40, i32 4294967295, i32 0, void @empty_40, void @empty_40, void @empty_40, i32 0, i32 0, i32 0, i32 0, void @empty_40, void @empty_40, i32 4294967295, i32 0"   --->   Operation 11 'specinterface' 'specinterface_ln0' <Predicate = true> <Delay = 0.00>
ST_1 : Operation 12 [1/1] (1.32ns)   --->   "%store_ln0 = store i32 0, i32 %i_53"   --->   Operation 12 'store' 'store_ln0' <Predicate = true> <Delay = 1.32>
ST_1 : Operation 13 [1/1] (0.00ns)   --->   "%br_ln0 = br void %for.inc93"   --->   Operation 13 'br' 'br_ln0' <Predicate = true> <Delay = 0.00>
ST_1 : Operation 14 [1/1] (0.00ns)   --->   "%i = load i32 %i_53" [dilithium2/fips202.c:425]   --->   Operation 14 'load' 'i' <Predicate = true> <Delay = 0.00>
ST_1 : Operation 15 [1/1] (0.00ns)   --->   "%specpipeline_ln0 = specpipeline void @_ssdm_op_SpecPipeline, i32 4294967295, i32 0, i32 1, i32 0, void @p_str"   --->   Operation 15 'specpipeline' 'specpipeline_ln0' <Predicate = true> <Delay = 0.00>
ST_1 : Operation 16 [1/1] (0.00ns)   --->   "%zext_ln425_1 = zext i32 %i" [dilithium2/fips202.c:425]   --->   Operation 16 'zext' 'zext_ln425_1' <Predicate = true> <Delay = 0.00>
ST_1 : Operation 17 [1/1] (2.11ns)   --->   "%icmp_ln425 = icmp_ugt  i33 %sext_ln384_cast, i33 %zext_ln425_1" [dilithium2/fips202.c:425]   --->   Operation 17 'icmp' 'icmp_ln425' <Predicate = true> <Delay = 2.11> <CoreInst = "Cmp">   --->   Core 9 'Cmp' <Latency = 0> <II = 1> <Delay = 2.11> <FuncUnit> <Opcode : 'icmp'> <InPorts = 2> <OutPorts = 1>
ST_1 : Operation 18 [1/1] (2.18ns)   --->   "%i_63 = add i32 %i, i32 1" [dilithium2/fips202.c:425]   --->   Operation 18 'add' 'i_63' <Predicate = true> <Delay = 2.18> <CoreInst = "Adder">   --->   Core 1 'Adder' <Latency = 0> <II = 1> <Delay = 2.18> <FuncUnit> <Opcode : 'add' 'sub'> <InPorts = 2> <OutPorts = 1>
ST_1 : Operation 19 [1/1] (0.00ns)   --->   "%br_ln425 = br i1 %icmp_ln425, void %for.inc.i62.preheader.exitStub, void %for.inc93.split" [dilithium2/fips202.c:425]   --->   Operation 19 'br' 'br_ln425' <Predicate = true> <Delay = 0.00>
ST_1 : Operation 20 [1/1] (0.00ns)   --->   "%trunc_ln425 = trunc i32 %i" [dilithium2/fips202.c:425]   --->   Operation 20 'trunc' 'trunc_ln425' <Predicate = (icmp_ln425)> <Delay = 0.00>
ST_1 : Operation 21 [1/1] (0.00ns) (grouped into TernaryAdder)   --->   "%add_ln426 = add i13 %zext_ln419_2_cast, i13 %trunc_ln425" [dilithium2/fips202.c:426]   --->   Operation 21 'add' 'add_ln426' <Predicate = (icmp_ln425)> <Delay = 0.00> <CoreInst = "TAddSub">   --->   Core 10 'TAddSub' <Latency = 0> <II = 1> <Delay = 1.60> <IPBlock> <Opcode : 'add' 'sub'> <InPorts = 3> <OutPorts = 1> <Sync> <CReg>
ST_1 : Operation 22 [1/1] (3.20ns) (root node of TernaryAdder)   --->   "%add_ln426_1 = add i13 %add_ln426, i13 %add_ln31_3_read" [dilithium2/fips202.c:426]   --->   Operation 22 'add' 'add_ln426_1' <Predicate = (icmp_ln425)> <Delay = 3.20> <CoreInst = "TAddSub">   --->   Core 10 'TAddSub' <Latency = 0> <II = 1> <Delay = 1.60> <IPBlock> <Opcode : 'add' 'sub'> <InPorts = 3> <OutPorts = 1> <Sync> <CReg>
ST_1 : Operation 23 [1/1] (0.00ns)   --->   "%zext_ln426 = zext i13 %add_ln426_1" [dilithium2/fips202.c:426]   --->   Operation 23 'zext' 'zext_ln426' <Predicate = (icmp_ln425)> <Delay = 0.00>
ST_1 : Operation 24 [1/1] (0.00ns)   --->   "%sm_addr = getelementptr i8 %sm, i64 0, i64 %zext_ln426" [dilithium2/fips202.c:426]   --->   Operation 24 'getelementptr' 'sm_addr' <Predicate = (icmp_ln425)> <Delay = 0.00>
ST_1 : Operation 25 [2/2] (2.77ns)   --->   "%sm_load = load i13 %sm_addr" [dilithium2/fips202.c:426]   --->   Operation 25 'load' 'sm_load' <Predicate = (icmp_ln425)> <Delay = 2.77> <CoreInst = "RAM">   --->   Core 82 'RAM' <Latency = 1> <II = 1> <Delay = 2.77> <Storage> <Opcode : 'load' 'store'> <Ports = 2> <Width = 8> <Depth = 5720> <RAM>
ST_1 : Operation 26 [1/1] (1.32ns)   --->   "%store_ln425 = store i32 %i_63, i32 %i_53" [dilithium2/fips202.c:425]   --->   Operation 26 'store' 'store_ln425' <Predicate = (icmp_ln425)> <Delay = 1.32>
ST_1 : Operation 33 [1/1] (0.00ns)   --->   "%ret_ln0 = ret"   --->   Operation 33 'ret' 'ret_ln0' <Predicate = (!icmp_ln425)> <Delay = 0.00>

State 2 <SV = 1> <Delay = 4.52>
ST_2 : Operation 27 [1/1] (0.00ns)   --->   "%zext_ln425 = zext i32 %i" [dilithium2/fips202.c:425]   --->   Operation 27 'zext' 'zext_ln425' <Predicate = true> <Delay = 0.00>
ST_2 : Operation 28 [1/1] (0.00ns)   --->   "%specloopname_ln386 = specloopname void @_ssdm_op_SpecLoopName, void @empty_16" [dilithium2/fips202.c:386]   --->   Operation 28 'specloopname' 'specloopname_ln386' <Predicate = true> <Delay = 0.00>
ST_2 : Operation 29 [1/2] (2.77ns)   --->   "%sm_load = load i13 %sm_addr" [dilithium2/fips202.c:426]   --->   Operation 29 'load' 'sm_load' <Predicate = true> <Delay = 2.77> <CoreInst = "RAM">   --->   Core 82 'RAM' <Latency = 1> <II = 1> <Delay = 2.77> <Storage> <Opcode : 'load' 'store'> <Ports = 2> <Width = 8> <Depth = 5720> <RAM>
ST_2 : Operation 30 [1/1] (0.00ns)   --->   "%t_addr = getelementptr i8 %t, i64 0, i64 %zext_ln425" [dilithium2/fips202.c:426]   --->   Operation 30 'getelementptr' 't_addr' <Predicate = true> <Delay = 0.00>
ST_2 : Operation 31 [1/1] (1.75ns)   --->   "%store_ln426 = store i8 %sm_load, i3 %t_addr" [dilithium2/fips202.c:426]   --->   Operation 31 'store' 'store_ln426' <Predicate = true> <Delay = 1.75> <CoreInst = "RAM">   --->   Core 82 'RAM' <Latency = 1> <II = 1> <Delay = 1.75> <Storage> <Opcode : 'load' 'store'> <Ports = 2> <Width = 8> <Depth = 8> <RAM>
ST_2 : Operation 32 [1/1] (0.00ns)   --->   "%br_ln425 = br void %for.inc93" [dilithium2/fips202.c:425]   --->   Operation 32 'br' 'br_ln425' <Predicate = true> <Delay = 0.00>


============================================================
+ Verbose Summary: Timing violations
============================================================
Target clock period: 50ns, clock uncertainty: 13.5ns.

 <State 1>: 5.98ns
The critical path consists of the following:
	'alloca' operation ('i') [6]  (0 ns)
	'load' operation ('i', dilithium2/fips202.c:425) on local variable 'i' [16]  (0 ns)
	'add' operation ('add_ln426', dilithium2/fips202.c:426) [26]  (0 ns)
	'add' operation ('add_ln426_1', dilithium2/fips202.c:426) [27]  (3.21 ns)
	'getelementptr' operation ('sm_addr', dilithium2/fips202.c:426) [29]  (0 ns)
	'load' operation ('sm_load', dilithium2/fips202.c:426) on array 'sm' [30]  (2.77 ns)

 <State 2>: 4.53ns
The critical path consists of the following:
	'load' operation ('sm_load', dilithium2/fips202.c:426) on array 'sm' [30]  (2.77 ns)
	'store' operation ('store_ln426', dilithium2/fips202.c:426) of variable 'sm_load', dilithium2/fips202.c:426 on array 't' [32]  (1.75 ns)


============================================================
+ Verbose Summary: Binding
============================================================
N/A
* FSMD analyzer results:
  - Output states:
 - Input state : 
  - Chain level:
	State 1
	State 2


============================================================
+ Verbose Summary: Datapath Resource usage 
============================================================
N/A
