

================================================================
== Vitis HLS Report for 'keccak_absorb_Pipeline_VITIS_LOOP_400_2'
================================================================
* Date:           Fri Mar 10 17:22:11 2023

* Version:        2022.2 (Build 3670227 on Oct 13 2022)
* Project:        crypto_sign
* Solution:       solution2 (Vivado IP Flow Target)
* Product family: artix7
* Target device:  xc7a200t-fbg676-2


================================================================
== Performance Estimates
================================================================
+ Timing: 
    * Summary: 
    +--------+----------+----------+------------+
    |  Clock |  Target  | Estimated| Uncertainty|
    +--------+----------+----------+------------+
    |ap_clk  |  50.00 ns|  6.375 ns|    13.50 ns|
    +--------+----------+----------+------------+

+ Latency: 
    * Summary: 
    +---------+---------+----------+----------+-----+-----+---------+
    |  Latency (cycles) |  Latency (absolute) |  Interval | Pipeline|
    |   min   |   max   |    min   |    max   | min | max |   Type  |
    +---------+---------+----------+----------+-----+-----+---------+
    |        2|        2|  0.100 us|  0.100 us|    2|    2|       no|
    +---------+---------+----------+----------+-----+-----+---------+

    + Detail: 
        * Instance: 
        N/A

        * Loop: 
        +--------------------+---------+---------+----------+-----------+-----------+------+----------+
        |                    |  Latency (cycles) | Iteration|  Initiation Interval  | Trip |          |
        |      Loop Name     |   min   |   max   |  Latency |  achieved |   target  | Count| Pipelined|
        +--------------------+---------+---------+----------+-----------+-----------+------+----------+
        |- VITIS_LOOP_400_2  |        0|        0|         2|          1|          1|     0|       yes|
        +--------------------+---------+---------+----------+-----------+-----------+------+----------+

============================================================
+ Verbose Summary: Synthesis Manager
============================================================
InlineROM: 1
ExposeGlobal: 0
============================================================
+ Verbose Summary: CDFG Model
============================================================
IsTopModel: 0
ResetActiveHigh: 1
IsCombinational: 0
IsDatapathOnly: 0
HasWiredReturn: 1
HasMFsm: 2
HasVarLatency: 1
IsPipeline: 0
IsRtlPipelined: 0
IsInstanceOverlapped: 0
IsDontTouch: 0
HasImplIP: 0
IsGatedGlobalClock: 0

+ Individual pipeline summary: 
  * Pipeline-0: initiation interval (II) = 1, depth = 3


============================================================
+ Verbose Summary: Schedule
============================================================
* Number of FSM states : 3
* Pipeline : 1
  Pipeline-0 : II = 1, D = 3, States = { 1 2 3 }
* Dataflow Pipeline: 0

* FSM state transitions: 
1 --> 2 
2 --> 3 
3 --> 

* FSM state operations: 

State 1 <SV = 0> <Delay = 1.32>
ST_1 : Operation 5 [1/1] (0.00ns)   --->   "%reuse_addr_reg = alloca i32 1"   --->   Operation 5 'alloca' 'reuse_addr_reg' <Predicate = true> <Delay = 0.00>
ST_1 : Operation 6 [1/1] (0.00ns)   --->   "%reuse_reg = alloca i32 1"   --->   Operation 6 'alloca' 'reuse_reg' <Predicate = true> <Delay = 0.00>
ST_1 : Operation 7 [1/1] (0.00ns)   --->   "%zext_ln400_read = read i3 @_ssdm_op_Read.ap_auto.i3, i3 %zext_ln400"   --->   Operation 7 'read' 'zext_ln400_read' <Predicate = true> <Delay = 0.00>
ST_1 : Operation 8 [1/1] (0.00ns)   --->   "%select_ln31_read = read i8 @_ssdm_op_Read.ap_auto.i8, i8 %select_ln31"   --->   Operation 8 'read' 'select_ln31_read' <Predicate = true> <Delay = 0.00>
ST_1 : Operation 9 [1/1] (0.00ns)   --->   "%select_ln31_1_read = read i8 @_ssdm_op_Read.ap_auto.i8, i8 %select_ln31_1"   --->   Operation 9 'read' 'select_ln31_1_read' <Predicate = true> <Delay = 0.00>
ST_1 : Operation 10 [1/1] (1.32ns)   --->   "%store_ln0 = store i64 0, i64 %reuse_reg"   --->   Operation 10 'store' 'store_ln0' <Predicate = true> <Delay = 1.32>
ST_1 : Operation 11 [1/1] (1.32ns)   --->   "%store_ln0 = store i64 18446744073709551615, i64 %reuse_addr_reg"   --->   Operation 11 'store' 'store_ln0' <Predicate = true> <Delay = 1.32>
ST_1 : Operation 12 [1/1] (1.32ns)   --->   "%br_ln0 = br void %for.inc"   --->   Operation 12 'br' 'br_ln0' <Predicate = true> <Delay = 1.32>

State 2 <SV = 1> <Delay = 4.11>
ST_2 : Operation 13 [1/1] (0.00ns)   --->   "%i = phi i1 %xor_ln400, void %for.inc.split, i1 0, void %newFuncRoot" [dilithium2/fips202.c:400]   --->   Operation 13 'phi' 'i' <Predicate = true> <Delay = 0.00>
ST_2 : Operation 14 [1/1] (0.00ns)   --->   "%i_89_cast = zext i1 %i" [dilithium2/fips202.c:400]   --->   Operation 14 'zext' 'i_89_cast' <Predicate = true> <Delay = 0.00>
ST_2 : Operation 15 [1/1] (0.00ns)   --->   "%specpipeline_ln0 = specpipeline void @_ssdm_op_SpecPipeline, i32 4294967295, i32 0, i32 1, i32 0, void @p_str"   --->   Operation 15 'specpipeline' 'specpipeline_ln0' <Predicate = true> <Delay = 0.00>
ST_2 : Operation 16 [1/1] (0.00ns)   --->   "%empty = speclooptripcount i32 @_ssdm_op_SpecLoopTripCount, i64 0, i64 0, i64 0"   --->   Operation 16 'speclooptripcount' 'empty' <Predicate = true> <Delay = 0.00>
ST_2 : Operation 17 [1/1] (0.80ns)   --->   "%xor_ln400 = xor i1 %i, i1 1" [dilithium2/fips202.c:400]   --->   Operation 17 'xor' 'xor_ln400' <Predicate = true> <Delay = 0.80> <CoreInst = "LogicGate">   --->   Core 74 'LogicGate' <Latency = 0> <II = 1> <Delay = 0.80> <FuncUnit> <Opcode : 'and' 'or' 'xor'> <InPorts = 2> <OutPorts = 1>
ST_2 : Operation 18 [1/1] (0.00ns)   --->   "%br_ln400 = br i1 %i, void %for.end.loopexit.exitStub, void %for.inc.split" [dilithium2/fips202.c:400]   --->   Operation 18 'br' 'br_ln400' <Predicate = true> <Delay = 0.00>
ST_2 : Operation 19 [1/1] (1.34ns)   --->   "%add_ln401 = add i3 %i_89_cast, i3 %zext_ln400_read" [dilithium2/fips202.c:401]   --->   Operation 19 'add' 'add_ln401' <Predicate = (i)> <Delay = 1.34> <CoreInst = "Adder">   --->   Core 1 'Adder' <Latency = 0> <II = 1> <Delay = 1.34> <FuncUnit> <Opcode : 'add' 'sub'> <InPorts = 2> <OutPorts = 1>
ST_2 : Operation 20 [1/1] (0.00ns)   --->   "%zext_ln401 = zext i3 %add_ln401" [dilithium2/fips202.c:401]   --->   Operation 20 'zext' 'zext_ln401' <Predicate = (i)> <Delay = 0.00>
ST_2 : Operation 21 [1/1] (0.00ns)   --->   "%s_addr = getelementptr i64 %s, i64 0, i64 %zext_ln401" [dilithium2/fips202.c:401]   --->   Operation 21 'getelementptr' 's_addr' <Predicate = (i)> <Delay = 0.00>
ST_2 : Operation 22 [1/1] (0.00ns)   --->   "%reuse_addr_reg_load = load i64 %reuse_addr_reg"   --->   Operation 22 'load' 'reuse_addr_reg_load' <Predicate = (i)> <Delay = 0.00>
ST_2 : Operation 23 [2/2] (2.77ns)   --->   "%s_load = load i5 %s_addr" [dilithium2/fips202.c:401]   --->   Operation 23 'load' 's_load' <Predicate = (i)> <Delay = 2.77> <CoreInst = "RAM">   --->   Core 82 'RAM' <Latency = 1> <II = 1> <Delay = 2.77> <Storage> <Opcode : 'load' 'store'> <Ports = 2> <Width = 64> <Depth = 25> <RAM>
ST_2 : Operation 24 [1/1] (2.34ns)   --->   "%addr_cmp = icmp_eq  i64 %reuse_addr_reg_load, i64 %zext_ln401" [dilithium2/fips202.c:401]   --->   Operation 24 'icmp' 'addr_cmp' <Predicate = (i)> <Delay = 2.34> <CoreInst = "Cmp">   --->   Core 9 'Cmp' <Latency = 0> <II = 1> <Delay = 2.34> <FuncUnit> <Opcode : 'icmp'> <InPorts = 2> <OutPorts = 1>
ST_2 : Operation 25 [1/1] (1.32ns)   --->   "%store_ln401 = store i64 %zext_ln401, i64 %reuse_addr_reg" [dilithium2/fips202.c:401]   --->   Operation 25 'store' 'store_ln401' <Predicate = (i)> <Delay = 1.32>
ST_2 : Operation 35 [1/1] (0.00ns)   --->   "%ret_ln0 = ret"   --->   Operation 35 'ret' 'ret_ln0' <Predicate = (!i)> <Delay = 0.00>

State 3 <SV = 2> <Delay = 6.37>
ST_3 : Operation 26 [1/1] (0.00ns)   --->   "%specloopname_ln386 = specloopname void @_ssdm_op_SpecLoopName, void @empty_9" [dilithium2/fips202.c:386]   --->   Operation 26 'specloopname' 'specloopname_ln386' <Predicate = (i)> <Delay = 0.00>
ST_3 : Operation 27 [1/1] (0.00ns) (grouped into LUT with out node xor_ln401)   --->   "%r_13_7 = bitconcatenate i64 @_ssdm_op_BitConcatenate.i64.i8.i8.i8.i8.i8.i8.i8.i8, i8 %select_ln31_1_read, i8 %select_ln31_read, i8 %select_ln31_1_read, i8 %select_ln31_read, i8 %select_ln31_1_read, i8 %select_ln31_read, i8 %select_ln31_1_read, i8 %select_ln31_read" [dilithium2/fips202.c:31]   --->   Operation 27 'bitconcatenate' 'r_13_7' <Predicate = (i)> <Delay = 0.00>
ST_3 : Operation 28 [1/1] (0.00ns)   --->   "%reuse_reg_load = load i64 %reuse_reg"   --->   Operation 28 'load' 'reuse_reg_load' <Predicate = (i & addr_cmp)> <Delay = 0.00>
ST_3 : Operation 29 [1/2] (2.77ns)   --->   "%s_load = load i5 %s_addr" [dilithium2/fips202.c:401]   --->   Operation 29 'load' 's_load' <Predicate = (i)> <Delay = 2.77> <CoreInst = "RAM">   --->   Core 82 'RAM' <Latency = 1> <II = 1> <Delay = 2.77> <Storage> <Opcode : 'load' 'store'> <Ports = 2> <Width = 64> <Depth = 25> <RAM>
ST_3 : Operation 30 [1/1] (0.00ns) (grouped into LUT with out node xor_ln401)   --->   "%reuse_select = select i1 %addr_cmp, i64 %reuse_reg_load, i64 %s_load" [dilithium2/fips202.c:401]   --->   Operation 30 'select' 'reuse_select' <Predicate = (i)> <Delay = 0.00> <CoreInst = "Sel">   --->   Core 73 'Sel' <Latency = 0> <II = 1> <Delay = 0.83> <FuncUnit> <Opcode : 'select'> <InPorts = 3> <OutPorts = 1>
ST_3 : Operation 31 [1/1] (0.83ns) (out node of the LUT)   --->   "%xor_ln401 = xor i64 %reuse_select, i64 %r_13_7" [dilithium2/fips202.c:401]   --->   Operation 31 'xor' 'xor_ln401' <Predicate = (i)> <Delay = 0.83> <CoreInst = "LogicGate">   --->   Core 74 'LogicGate' <Latency = 0> <II = 1> <Delay = 0.80> <FuncUnit> <Opcode : 'and' 'or' 'xor'> <InPorts = 2> <OutPorts = 1>
ST_3 : Operation 32 [1/1] (2.77ns)   --->   "%store_ln401 = store i64 %xor_ln401, i5 %s_addr" [dilithium2/fips202.c:401]   --->   Operation 32 'store' 'store_ln401' <Predicate = (i)> <Delay = 2.77> <CoreInst = "RAM">   --->   Core 82 'RAM' <Latency = 1> <II = 1> <Delay = 2.77> <Storage> <Opcode : 'load' 'store'> <Ports = 2> <Width = 64> <Depth = 25> <RAM>
ST_3 : Operation 33 [1/1] (1.32ns)   --->   "%store_ln401 = store i64 %xor_ln401, i64 %reuse_reg" [dilithium2/fips202.c:401]   --->   Operation 33 'store' 'store_ln401' <Predicate = (i)> <Delay = 1.32>
ST_3 : Operation 34 [1/1] (0.00ns)   --->   "%br_ln400 = br void %for.inc" [dilithium2/fips202.c:400]   --->   Operation 34 'br' 'br_ln400' <Predicate = (i)> <Delay = 0.00>


============================================================
+ Verbose Summary: Timing violations
============================================================
Target clock period: 50ns, clock uncertainty: 13.5ns.

 <State 1>: 1.32ns
The critical path consists of the following:
	'alloca' operation ('reuse_reg') [6]  (0 ns)
	'store' operation ('store_ln0') of constant 0 on local variable 'reuse_reg' [10]  (1.32 ns)

 <State 2>: 4.12ns
The critical path consists of the following:
	'phi' operation ('i', dilithium2/fips202.c:400) with incoming values : ('xor_ln400', dilithium2/fips202.c:400) [14]  (0 ns)
	'add' operation ('add_ln401', dilithium2/fips202.c:401) [23]  (1.35 ns)
	'getelementptr' operation ('s_addr', dilithium2/fips202.c:401) [25]  (0 ns)
	'load' operation ('s_load', dilithium2/fips202.c:401) on array 's' [28]  (2.77 ns)

 <State 3>: 6.38ns
The critical path consists of the following:
	'load' operation ('s_load', dilithium2/fips202.c:401) on array 's' [28]  (2.77 ns)
	'select' operation ('reuse_select', dilithium2/fips202.c:401) [30]  (0 ns)
	'xor' operation ('xor_ln401', dilithium2/fips202.c:401) [31]  (0.831 ns)
	'store' operation ('store_ln401', dilithium2/fips202.c:401) of variable 'xor_ln401', dilithium2/fips202.c:401 on array 's' [32]  (2.77 ns)


============================================================
+ Verbose Summary: Binding
============================================================
N/A
* FSMD analyzer results:
  - Output states:
 - Input state : 
  - Chain level:
	State 1
	State 2
	State 3


============================================================
+ Verbose Summary: Datapath Resource usage 
============================================================
N/A
