

================================================================
== Vitis HLS Report for 'keccak_absorb_1_Pipeline_VITIS_LOOP_400_2'
================================================================
* Date:           Fri Mar 10 17:23:16 2023

* Version:        2022.2 (Build 3670227 on Oct 13 2022)
* Project:        crypto_sign
* Solution:       solution2 (Vivado IP Flow Target)
* Product family: artix7
* Target device:  xc7a200t-fbg676-2


================================================================
== Performance Estimates
================================================================
+ Timing: 
    * Summary: 
    +--------+----------+----------+------------+
    |  Clock |  Target  | Estimated| Uncertainty|
    +--------+----------+----------+------------+
    |ap_clk  |  50.00 ns|  7.773 ns|    13.50 ns|
    +--------+----------+----------+------------+

+ Latency: 
    * Summary: 
    +---------+---------+----------+----------+-----+-----+---------+
    |  Latency (cycles) |  Latency (absolute) |  Interval | Pipeline|
    |   min   |   max   |    min   |    max   | min | max |   Type  |
    +---------+---------+----------+----------+-----+-----+---------+
    |        ?|        ?|         ?|         ?|    ?|    ?|       no|
    +---------+---------+----------+----------+-----+-----+---------+

    + Detail: 
        * Instance: 
        N/A

        * Loop: 
        +--------------------+---------+---------+----------+-----------+-----------+------+----------+
        |                    |  Latency (cycles) | Iteration|  Initiation Interval  | Trip |          |
        |      Loop Name     |   min   |   max   |  Latency |  achieved |   target  | Count| Pipelined|
        +--------------------+---------+---------+----------+-----------+-----------+------+----------+
        |- VITIS_LOOP_400_2  |        ?|        ?|         5|          4|          1|     ?|       yes|
        +--------------------+---------+---------+----------+-----------+-----------+------+----------+



================================================================
== Utilization Estimates
================================================================
* Summary: 
+-----------------+---------+-----+--------+--------+-----+
|       Name      | BRAM_18K| DSP |   FF   |   LUT  | URAM|
+-----------------+---------+-----+--------+--------+-----+
|DSP              |        -|    -|       -|       -|    -|
|Expression       |        -|    -|       0|     391|    -|
|FIFO             |        -|    -|       -|       -|    -|
|Instance         |        -|    -|       -|       -|    -|
|Memory           |        -|    -|       -|       -|    -|
|Multiplexer      |        -|    -|       -|     126|    -|
|Register         |        -|    -|     308|       -|    -|
+-----------------+---------+-----+--------+--------+-----+
|Total            |        0|    0|     308|     517|    0|
+-----------------+---------+-----+--------+--------+-----+
|Available        |      730|  740|  269200|  134600|    0|
+-----------------+---------+-----+--------+--------+-----+
|Utilization (%)  |        0|    0|      ~0|      ~0|    0|
+-----------------+---------+-----+--------+--------+-----+

+ Detail: 
    * Instance: 
    N/A

    * DSP: 
    N/A

    * Memory: 
    N/A

    * FIFO: 
    N/A

    * Expression: 
    +------------------------+----------+----+---+----+------------+------------+
    |      Variable Name     | Operation| DSP| FF| LUT| Bitwidth P0| Bitwidth P1|
    +------------------------+----------+----+---+----+------------+------------+
    |add_ln31_22_fu_248_p2   |         +|   0|  0|  13|          13|          13|
    |add_ln31_23_fu_258_p2   |         +|   0|  0|  20|          13|           1|
    |add_ln31_24_fu_298_p2   |         +|   0|  0|  20|          13|           2|
    |add_ln31_25_fu_308_p2   |         +|   0|  0|  20|          13|           2|
    |add_ln31_26_fu_318_p2   |         +|   0|  0|  20|          13|           3|
    |add_ln31_27_fu_328_p2   |         +|   0|  0|  20|          13|           3|
    |add_ln31_28_fu_338_p2   |         +|   0|  0|  20|          13|           3|
    |add_ln31_29_fu_348_p2   |         +|   0|  0|  20|          13|           3|
    |add_ln31_fu_243_p2      |         +|   0|  0|  13|          13|          13|
    |add_ln400_fu_221_p2     |         +|   0|  0|  36|          29|           1|
    |add_ln401_fu_269_p2     |         +|   0|  0|  13|           5|           5|
    |addr_cmp_fu_282_p2      |      icmp|   0|  0|  29|          64|          64|
    |icmp_ln400_fu_216_p2    |      icmp|   0|  0|  17|          29|          29|
    |reuse_select_fu_375_p3  |    select|   0|  0|  64|           1|          64|
    |ap_enable_pp0           |       xor|   0|  0|   2|           1|           2|
    |s_d0                    |       xor|   0|  0|  64|          64|          64|
    +------------------------+----------+----+---+----+------------+------------+
    |Total                   |          |   0|  0| 391|         310|         272|
    +------------------------+----------+----+---+----+------------+------------+

    * Multiplexer: 
    +-----------------------------+----+-----------+-----+-----------+
    |             Name            | LUT| Input Size| Bits| Total Bits|
    +-----------------------------+----+-----------+-----+-----------+
    |ap_NS_fsm                    |  21|          5|    1|          5|
    |ap_done_int                  |   9|          2|    1|          2|
    |ap_enable_reg_pp0_iter0      |   9|          2|    1|          2|
    |ap_enable_reg_pp0_iter0_reg  |   9|          2|    1|          2|
    |ap_enable_reg_pp0_iter1      |   9|          2|    1|          2|
    |i_fu_76                      |   9|          2|   29|         58|
    |reuse_addr_reg_fu_68         |   9|          2|   64|        128|
    |reuse_reg_fu_72              |   9|          2|   64|        128|
    |sm_address0                  |  21|          5|   13|         65|
    |sm_address1                  |  21|          5|   13|         65|
    +-----------------------------+----+-----------+-----+-----------+
    |Total                        | 126|         29|  188|        457|
    +-----------------------------+----+-----------+-----+-----------+

    * Register: 
    +-----------------------------+----+----+-----+-----------+
    |             Name            | FF | LUT| Bits| Const Bits|
    +-----------------------------+----+----+-----+-----------+
    |add_ln31_22_reg_438          |  13|   0|   13|          0|
    |addr_cmp_reg_464             |   1|   0|    1|          0|
    |ap_CS_fsm                    |   4|   0|    4|          0|
    |ap_done_reg                  |   1|   0|    1|          0|
    |ap_enable_reg_pp0_iter0_reg  |   1|   0|    1|          0|
    |ap_enable_reg_pp0_iter1      |   1|   0|    1|          0|
    |i_fu_76                      |  29|   0|   29|          0|
    |icmp_ln400_reg_434           |   1|   0|    1|          0|
    |m_offset_cast_cast_reg_429   |  12|   0|   13|          1|
    |reuse_addr_reg_fu_68         |  64|   0|   64|          0|
    |reuse_reg_fu_72              |  64|   0|   64|          0|
    |s_addr_reg_458               |   5|   0|    5|          0|
    |s_load_reg_489               |  64|   0|   64|          0|
    |sm_load_1_reg_469            |   8|   0|    8|          0|
    |sm_load_2_reg_474            |   8|   0|    8|          0|
    |sm_load_3_reg_494            |   8|   0|    8|          0|
    |sm_load_5_reg_499            |   8|   0|    8|          0|
    |sm_load_6_reg_514            |   8|   0|    8|          0|
    |sm_load_7_reg_519            |   8|   0|    8|          0|
    +-----------------------------+----+----+-----+-----------+
    |Total                        | 308|   0|  309|          1|
    +-----------------------------+----+----+-----+-----------+



================================================================
== Interface
================================================================
* Summary: 
+---------------+-----+-----+------------+-------------------------------------------+--------------+
|   RTL Ports   | Dir | Bits|  Protocol  |               Source Object               |    C Type    |
+---------------+-----+-----+------------+-------------------------------------------+--------------+
|ap_clk         |   in|    1|  ap_ctrl_hs|  keccak_absorb.1_Pipeline_VITIS_LOOP_400_2|  return value|
|ap_rst         |   in|    1|  ap_ctrl_hs|  keccak_absorb.1_Pipeline_VITIS_LOOP_400_2|  return value|
|ap_start       |   in|    1|  ap_ctrl_hs|  keccak_absorb.1_Pipeline_VITIS_LOOP_400_2|  return value|
|ap_done        |  out|    1|  ap_ctrl_hs|  keccak_absorb.1_Pipeline_VITIS_LOOP_400_2|  return value|
|ap_idle        |  out|    1|  ap_ctrl_hs|  keccak_absorb.1_Pipeline_VITIS_LOOP_400_2|  return value|
|ap_ready       |  out|    1|  ap_ctrl_hs|  keccak_absorb.1_Pipeline_VITIS_LOOP_400_2|  return value|
|trunc_ln400_1  |   in|   29|     ap_none|                              trunc_ln400_1|        scalar|
|m_offset_cast  |   in|   12|     ap_none|                              m_offset_cast|        scalar|
|m_addr_1_idx   |   in|   13|     ap_none|                               m_addr_1_idx|        scalar|
|sm_address0    |  out|   13|   ap_memory|                                         sm|         array|
|sm_ce0         |  out|    1|   ap_memory|                                         sm|         array|
|sm_q0          |   in|    8|   ap_memory|                                         sm|         array|
|sm_address1    |  out|   13|   ap_memory|                                         sm|         array|
|sm_ce1         |  out|    1|   ap_memory|                                         sm|         array|
|sm_q1          |   in|    8|   ap_memory|                                         sm|         array|
|trunc_ln57     |   in|    5|     ap_none|                                 trunc_ln57|        scalar|
|s_address0     |  out|    5|   ap_memory|                                          s|         array|
|s_ce0          |  out|    1|   ap_memory|                                          s|         array|
|s_we0          |  out|    1|   ap_memory|                                          s|         array|
|s_d0           |  out|   64|   ap_memory|                                          s|         array|
|s_address1     |  out|    5|   ap_memory|                                          s|         array|
|s_ce1          |  out|    1|   ap_memory|                                          s|         array|
|s_q1           |   in|   64|   ap_memory|                                          s|         array|
+---------------+-----+-----+------------+-------------------------------------------+--------------+

============================================================
+ Verbose Summary: Synthesis Manager
============================================================
InlineROM: 1
ExposeGlobal: 0
============================================================
+ Verbose Summary: CDFG Model
============================================================
IsTopModel: 0
ResetActiveHigh: 1
IsCombinational: 2
IsDatapathOnly: 2
HasWiredReturn: 1
HasMFsm: 2
HasVarLatency: 1
IsPipeline: 0
IsRtlPipelined: 0
IsInstanceOverlapped: 0
IsDontTouch: 0
HasImplIP: 0
IsGatedGlobalClock: 0

+ Individual pipeline summary: 
  * Pipeline-0: initiation interval (II) = 4, depth = 6


============================================================
+ Verbose Summary: Schedule
============================================================
* Number of FSM states : 6
* Pipeline : 1
  Pipeline-0 : II = 4, D = 6, States = { 1 2 3 4 5 6 }
* Dataflow Pipeline: 0

* FSM state transitions: 
1 --> 2 
2 --> 3 
3 --> 4 
4 --> 5 
5 --> 6 
6 --> 

* FSM state operations: 

State 1 <SV = 0> <Delay = 1.32>
ST_1 : Operation 8 [1/1] (0.00ns)   --->   "%reuse_addr_reg = alloca i32 1"   --->   Operation 8 'alloca' 'reuse_addr_reg' <Predicate = true> <Delay = 0.00>
ST_1 : Operation 9 [1/1] (0.00ns)   --->   "%reuse_reg = alloca i32 1"   --->   Operation 9 'alloca' 'reuse_reg' <Predicate = true> <Delay = 0.00>
ST_1 : Operation 10 [1/1] (0.00ns)   --->   "%i = alloca i32 1"   --->   Operation 10 'alloca' 'i' <Predicate = true> <Delay = 0.00>
ST_1 : Operation 11 [1/1] (0.00ns)   --->   "%trunc_ln57_read = read i5 @_ssdm_op_Read.ap_auto.i5, i5 %trunc_ln57"   --->   Operation 11 'read' 'trunc_ln57_read' <Predicate = true> <Delay = 0.00>
ST_1 : Operation 12 [1/1] (0.00ns)   --->   "%m_addr_1_idx_read = read i13 @_ssdm_op_Read.ap_auto.i13, i13 %m_addr_1_idx"   --->   Operation 12 'read' 'm_addr_1_idx_read' <Predicate = true> <Delay = 0.00>
ST_1 : Operation 13 [1/1] (0.00ns)   --->   "%m_offset_cast_read = read i12 @_ssdm_op_Read.ap_auto.i12, i12 %m_offset_cast"   --->   Operation 13 'read' 'm_offset_cast_read' <Predicate = true> <Delay = 0.00>
ST_1 : Operation 14 [1/1] (0.00ns)   --->   "%trunc_ln400_1_read = read i29 @_ssdm_op_Read.ap_auto.i29, i29 %trunc_ln400_1"   --->   Operation 14 'read' 'trunc_ln400_1_read' <Predicate = true> <Delay = 0.00>
ST_1 : Operation 15 [1/1] (0.00ns)   --->   "%m_offset_cast_cast = zext i12 %m_offset_cast_read"   --->   Operation 15 'zext' 'm_offset_cast_cast' <Predicate = true> <Delay = 0.00>
ST_1 : Operation 16 [1/1] (0.00ns)   --->   "%specinterface_ln0 = specinterface void @_ssdm_op_SpecInterface, i8 %sm, void @empty_11, i32 0, i32 0, void @empty_40, i32 4294967295, i32 0, void @empty_40, void @empty_40, void @empty_40, i32 0, i32 0, i32 0, i32 0, void @empty_40, void @empty_40, i32 4294967295, i32 0"   --->   Operation 16 'specinterface' 'specinterface_ln0' <Predicate = true> <Delay = 0.00>
ST_1 : Operation 17 [1/1] (1.32ns)   --->   "%store_ln0 = store i29 0, i29 %i"   --->   Operation 17 'store' 'store_ln0' <Predicate = true> <Delay = 1.32>
ST_1 : Operation 18 [1/1] (1.32ns)   --->   "%store_ln0 = store i64 0, i64 %reuse_reg"   --->   Operation 18 'store' 'store_ln0' <Predicate = true> <Delay = 1.32>
ST_1 : Operation 19 [1/1] (1.32ns)   --->   "%store_ln0 = store i64 18446744073709551615, i64 %reuse_addr_reg"   --->   Operation 19 'store' 'store_ln0' <Predicate = true> <Delay = 1.32>
ST_1 : Operation 20 [1/1] (0.00ns)   --->   "%br_ln0 = br void %for.inc"   --->   Operation 20 'br' 'br_ln0' <Predicate = true> <Delay = 0.00>

State 2 <SV = 1> <Delay = 7.77>
ST_2 : Operation 21 [1/1] (0.00ns)   --->   "%i_67 = load i29 %i" [dilithium2/fips202.c:401]   --->   Operation 21 'load' 'i_67' <Predicate = true> <Delay = 0.00>
ST_2 : Operation 22 [1/1] (0.00ns)   --->   "%specpipeline_ln0 = specpipeline void @_ssdm_op_SpecPipeline, i32 4294967295, i32 0, i32 1, i32 0, void @p_str"   --->   Operation 22 'specpipeline' 'specpipeline_ln0' <Predicate = true> <Delay = 0.00>
ST_2 : Operation 23 [1/1] (2.08ns)   --->   "%icmp_ln400 = icmp_eq  i29 %i_67, i29 %trunc_ln400_1_read" [dilithium2/fips202.c:400]   --->   Operation 23 'icmp' 'icmp_ln400' <Predicate = true> <Delay = 2.08> <CoreInst = "Cmp">   --->   Core 9 'Cmp' <Latency = 0> <II = 1> <Delay = 2.08> <FuncUnit> <Opcode : 'icmp'> <InPorts = 2> <OutPorts = 1>
ST_2 : Operation 24 [1/1] (2.11ns)   --->   "%add_ln400 = add i29 %i_67, i29 1" [dilithium2/fips202.c:400]   --->   Operation 24 'add' 'add_ln400' <Predicate = true> <Delay = 2.11> <CoreInst = "Adder">   --->   Core 1 'Adder' <Latency = 0> <II = 1> <Delay = 2.11> <FuncUnit> <Opcode : 'add' 'sub'> <InPorts = 2> <OutPorts = 1>
ST_2 : Operation 25 [1/1] (0.00ns)   --->   "%br_ln400 = br i1 %icmp_ln400, void %for.inc.split, void %for.end.loopexit.exitStub" [dilithium2/fips202.c:400]   --->   Operation 25 'br' 'br_ln400' <Predicate = true> <Delay = 0.00>
ST_2 : Operation 26 [1/1] (0.00ns)   --->   "%empty = trunc i29 %i_67" [dilithium2/fips202.c:401]   --->   Operation 26 'trunc' 'empty' <Predicate = (!icmp_ln400)> <Delay = 0.00>
ST_2 : Operation 27 [1/1] (0.00ns)   --->   "%trunc_ln401 = trunc i29 %i_67" [dilithium2/fips202.c:401]   --->   Operation 27 'trunc' 'trunc_ln401' <Predicate = (!icmp_ln400)> <Delay = 0.00>
ST_2 : Operation 28 [1/1] (0.00ns)   --->   "%shl_ln = bitconcatenate i13 @_ssdm_op_BitConcatenate.i13.i10.i3, i10 %trunc_ln401, i3 0" [dilithium2/fips202.c:401]   --->   Operation 28 'bitconcatenate' 'shl_ln' <Predicate = (!icmp_ln400)> <Delay = 0.00>
ST_2 : Operation 29 [1/1] (0.00ns) (grouped into TernaryAdder)   --->   "%add_ln31 = add i13 %shl_ln, i13 %m_offset_cast_cast" [dilithium2/fips202.c:31]   --->   Operation 29 'add' 'add_ln31' <Predicate = (!icmp_ln400)> <Delay = 0.00> <CoreInst = "TAddSub">   --->   Core 10 'TAddSub' <Latency = 0> <II = 1> <Delay = 1.60> <IPBlock> <Opcode : 'add' 'sub'> <InPorts = 3> <OutPorts = 1> <Sync> <CReg>
ST_2 : Operation 30 [1/1] (3.20ns) (root node of TernaryAdder)   --->   "%add_ln31_22 = add i13 %add_ln31, i13 %m_addr_1_idx_read" [dilithium2/fips202.c:31]   --->   Operation 30 'add' 'add_ln31_22' <Predicate = (!icmp_ln400)> <Delay = 3.20> <CoreInst = "TAddSub">   --->   Core 10 'TAddSub' <Latency = 0> <II = 1> <Delay = 1.60> <IPBlock> <Opcode : 'add' 'sub'> <InPorts = 3> <OutPorts = 1> <Sync> <CReg>
ST_2 : Operation 31 [1/1] (0.00ns)   --->   "%zext_ln31_53 = zext i13 %add_ln31_22" [dilithium2/fips202.c:31]   --->   Operation 31 'zext' 'zext_ln31_53' <Predicate = (!icmp_ln400)> <Delay = 0.00>
ST_2 : Operation 32 [1/1] (0.00ns)   --->   "%sm_addr_21 = getelementptr i8 %sm, i64 0, i64 %zext_ln31_53" [dilithium2/fips202.c:31]   --->   Operation 32 'getelementptr' 'sm_addr_21' <Predicate = (!icmp_ln400)> <Delay = 0.00>
ST_2 : Operation 33 [2/2] (2.77ns)   --->   "%sm_load_1 = load i13 %sm_addr_21" [dilithium2/fips202.c:31]   --->   Operation 33 'load' 'sm_load_1' <Predicate = (!icmp_ln400)> <Delay = 2.77> <CoreInst = "RAM">   --->   Core 82 'RAM' <Latency = 1> <II = 1> <Delay = 2.77> <Storage> <Opcode : 'load' 'store'> <Ports = 2> <Width = 8> <Depth = 5720> <RAM>
ST_2 : Operation 34 [1/1] (1.79ns)   --->   "%add_ln31_23 = add i13 %add_ln31_22, i13 1" [dilithium2/fips202.c:31]   --->   Operation 34 'add' 'add_ln31_23' <Predicate = (!icmp_ln400)> <Delay = 1.79> <CoreInst = "Adder">   --->   Core 1 'Adder' <Latency = 0> <II = 1> <Delay = 1.79> <FuncUnit> <Opcode : 'add' 'sub'> <InPorts = 2> <OutPorts = 1>
ST_2 : Operation 35 [1/1] (0.00ns)   --->   "%zext_ln31_54 = zext i13 %add_ln31_23" [dilithium2/fips202.c:31]   --->   Operation 35 'zext' 'zext_ln31_54' <Predicate = (!icmp_ln400)> <Delay = 0.00>
ST_2 : Operation 36 [1/1] (0.00ns)   --->   "%sm_addr_22 = getelementptr i8 %sm, i64 0, i64 %zext_ln31_54" [dilithium2/fips202.c:31]   --->   Operation 36 'getelementptr' 'sm_addr_22' <Predicate = (!icmp_ln400)> <Delay = 0.00>
ST_2 : Operation 37 [2/2] (2.77ns)   --->   "%sm_load_2 = load i13 %sm_addr_22" [dilithium2/fips202.c:31]   --->   Operation 37 'load' 'sm_load_2' <Predicate = (!icmp_ln400)> <Delay = 2.77> <CoreInst = "RAM">   --->   Core 82 'RAM' <Latency = 1> <II = 1> <Delay = 2.77> <Storage> <Opcode : 'load' 'store'> <Ports = 2> <Width = 8> <Depth = 5720> <RAM>
ST_2 : Operation 38 [1/1] (1.54ns)   --->   "%add_ln401 = add i5 %empty, i5 %trunc_ln57_read" [dilithium2/fips202.c:401]   --->   Operation 38 'add' 'add_ln401' <Predicate = (!icmp_ln400)> <Delay = 1.54> <CoreInst = "Adder">   --->   Core 1 'Adder' <Latency = 0> <II = 1> <Delay = 1.54> <FuncUnit> <Opcode : 'add' 'sub'> <InPorts = 2> <OutPorts = 1>
ST_2 : Operation 39 [1/1] (0.00ns)   --->   "%zext_ln401 = zext i5 %add_ln401" [dilithium2/fips202.c:401]   --->   Operation 39 'zext' 'zext_ln401' <Predicate = (!icmp_ln400)> <Delay = 0.00>
ST_2 : Operation 40 [1/1] (0.00ns)   --->   "%s_addr = getelementptr i64 %s, i64 0, i64 %zext_ln401" [dilithium2/fips202.c:401]   --->   Operation 40 'getelementptr' 's_addr' <Predicate = (!icmp_ln400)> <Delay = 0.00>
ST_2 : Operation 41 [1/1] (0.00ns)   --->   "%reuse_addr_reg_load = load i64 %reuse_addr_reg"   --->   Operation 41 'load' 'reuse_addr_reg_load' <Predicate = (!icmp_ln400)> <Delay = 0.00>
ST_2 : Operation 42 [2/2] (2.77ns)   --->   "%s_load = load i5 %s_addr" [dilithium2/fips202.c:401]   --->   Operation 42 'load' 's_load' <Predicate = (!icmp_ln400)> <Delay = 2.77> <CoreInst = "RAM">   --->   Core 82 'RAM' <Latency = 1> <II = 1> <Delay = 2.77> <Storage> <Opcode : 'load' 'store'> <Ports = 2> <Width = 64> <Depth = 25> <RAM>
ST_2 : Operation 43 [1/1] (2.34ns)   --->   "%addr_cmp = icmp_eq  i64 %reuse_addr_reg_load, i64 %zext_ln401" [dilithium2/fips202.c:401]   --->   Operation 43 'icmp' 'addr_cmp' <Predicate = (!icmp_ln400)> <Delay = 2.34> <CoreInst = "Cmp">   --->   Core 9 'Cmp' <Latency = 0> <II = 1> <Delay = 2.34> <FuncUnit> <Opcode : 'icmp'> <InPorts = 2> <OutPorts = 1>
ST_2 : Operation 44 [1/1] (1.32ns)   --->   "%store_ln401 = store i64 %zext_ln401, i64 %reuse_addr_reg" [dilithium2/fips202.c:401]   --->   Operation 44 'store' 'store_ln401' <Predicate = (!icmp_ln400)> <Delay = 1.32>
ST_2 : Operation 45 [1/1] (1.32ns)   --->   "%store_ln400 = store i29 %add_ln400, i29 %i" [dilithium2/fips202.c:400]   --->   Operation 45 'store' 'store_ln400' <Predicate = (!icmp_ln400)> <Delay = 1.32>
ST_2 : Operation 87 [1/1] (0.00ns)   --->   "%ret_ln0 = ret"   --->   Operation 87 'ret' 'ret_ln0' <Predicate = (icmp_ln400)> <Delay = 0.00>

State 3 <SV = 2> <Delay = 4.56>
ST_3 : Operation 46 [1/2] (2.77ns)   --->   "%sm_load_1 = load i13 %sm_addr_21" [dilithium2/fips202.c:31]   --->   Operation 46 'load' 'sm_load_1' <Predicate = (!icmp_ln400)> <Delay = 2.77> <CoreInst = "RAM">   --->   Core 82 'RAM' <Latency = 1> <II = 1> <Delay = 2.77> <Storage> <Opcode : 'load' 'store'> <Ports = 2> <Width = 8> <Depth = 5720> <RAM>
ST_3 : Operation 47 [1/2] (2.77ns)   --->   "%sm_load_2 = load i13 %sm_addr_22" [dilithium2/fips202.c:31]   --->   Operation 47 'load' 'sm_load_2' <Predicate = (!icmp_ln400)> <Delay = 2.77> <CoreInst = "RAM">   --->   Core 82 'RAM' <Latency = 1> <II = 1> <Delay = 2.77> <Storage> <Opcode : 'load' 'store'> <Ports = 2> <Width = 8> <Depth = 5720> <RAM>
ST_3 : Operation 48 [1/1] (1.79ns)   --->   "%add_ln31_24 = add i13 %add_ln31_22, i13 2" [dilithium2/fips202.c:31]   --->   Operation 48 'add' 'add_ln31_24' <Predicate = (!icmp_ln400)> <Delay = 1.79> <CoreInst = "Adder">   --->   Core 1 'Adder' <Latency = 0> <II = 1> <Delay = 1.79> <FuncUnit> <Opcode : 'add' 'sub'> <InPorts = 2> <OutPorts = 1>
ST_3 : Operation 49 [1/1] (0.00ns)   --->   "%zext_ln31 = zext i13 %add_ln31_24" [dilithium2/fips202.c:31]   --->   Operation 49 'zext' 'zext_ln31' <Predicate = (!icmp_ln400)> <Delay = 0.00>
ST_3 : Operation 50 [1/1] (0.00ns)   --->   "%sm_addr_23 = getelementptr i8 %sm, i64 0, i64 %zext_ln31" [dilithium2/fips202.c:31]   --->   Operation 50 'getelementptr' 'sm_addr_23' <Predicate = (!icmp_ln400)> <Delay = 0.00>
ST_3 : Operation 51 [2/2] (2.77ns)   --->   "%sm_load_3 = load i13 %sm_addr_23" [dilithium2/fips202.c:31]   --->   Operation 51 'load' 'sm_load_3' <Predicate = (!icmp_ln400)> <Delay = 2.77> <CoreInst = "RAM">   --->   Core 82 'RAM' <Latency = 1> <II = 1> <Delay = 2.77> <Storage> <Opcode : 'load' 'store'> <Ports = 2> <Width = 8> <Depth = 5720> <RAM>
ST_3 : Operation 52 [1/1] (1.79ns)   --->   "%add_ln31_25 = add i13 %add_ln31_22, i13 3" [dilithium2/fips202.c:31]   --->   Operation 52 'add' 'add_ln31_25' <Predicate = (!icmp_ln400)> <Delay = 1.79> <CoreInst = "Adder">   --->   Core 1 'Adder' <Latency = 0> <II = 1> <Delay = 1.79> <FuncUnit> <Opcode : 'add' 'sub'> <InPorts = 2> <OutPorts = 1>
ST_3 : Operation 53 [1/1] (0.00ns)   --->   "%zext_ln31_55 = zext i13 %add_ln31_25" [dilithium2/fips202.c:31]   --->   Operation 53 'zext' 'zext_ln31_55' <Predicate = (!icmp_ln400)> <Delay = 0.00>
ST_3 : Operation 54 [1/1] (0.00ns)   --->   "%sm_addr_25 = getelementptr i8 %sm, i64 0, i64 %zext_ln31_55" [dilithium2/fips202.c:31]   --->   Operation 54 'getelementptr' 'sm_addr_25' <Predicate = (!icmp_ln400)> <Delay = 0.00>
ST_3 : Operation 55 [2/2] (2.77ns)   --->   "%sm_load_5 = load i13 %sm_addr_25" [dilithium2/fips202.c:31]   --->   Operation 55 'load' 'sm_load_5' <Predicate = (!icmp_ln400)> <Delay = 2.77> <CoreInst = "RAM">   --->   Core 82 'RAM' <Latency = 1> <II = 1> <Delay = 2.77> <Storage> <Opcode : 'load' 'store'> <Ports = 2> <Width = 8> <Depth = 5720> <RAM>
ST_3 : Operation 56 [1/2] (2.77ns)   --->   "%s_load = load i5 %s_addr" [dilithium2/fips202.c:401]   --->   Operation 56 'load' 's_load' <Predicate = (!icmp_ln400)> <Delay = 2.77> <CoreInst = "RAM">   --->   Core 82 'RAM' <Latency = 1> <II = 1> <Delay = 2.77> <Storage> <Opcode : 'load' 'store'> <Ports = 2> <Width = 64> <Depth = 25> <RAM>

State 4 <SV = 3> <Delay = 4.56>
ST_4 : Operation 57 [1/2] (2.77ns)   --->   "%sm_load_3 = load i13 %sm_addr_23" [dilithium2/fips202.c:31]   --->   Operation 57 'load' 'sm_load_3' <Predicate = (!icmp_ln400)> <Delay = 2.77> <CoreInst = "RAM">   --->   Core 82 'RAM' <Latency = 1> <II = 1> <Delay = 2.77> <Storage> <Opcode : 'load' 'store'> <Ports = 2> <Width = 8> <Depth = 5720> <RAM>
ST_4 : Operation 58 [1/2] (2.77ns)   --->   "%sm_load_5 = load i13 %sm_addr_25" [dilithium2/fips202.c:31]   --->   Operation 58 'load' 'sm_load_5' <Predicate = (!icmp_ln400)> <Delay = 2.77> <CoreInst = "RAM">   --->   Core 82 'RAM' <Latency = 1> <II = 1> <Delay = 2.77> <Storage> <Opcode : 'load' 'store'> <Ports = 2> <Width = 8> <Depth = 5720> <RAM>
ST_4 : Operation 59 [1/1] (1.79ns)   --->   "%add_ln31_26 = add i13 %add_ln31_22, i13 4" [dilithium2/fips202.c:31]   --->   Operation 59 'add' 'add_ln31_26' <Predicate = (!icmp_ln400)> <Delay = 1.79> <CoreInst = "Adder">   --->   Core 1 'Adder' <Latency = 0> <II = 1> <Delay = 1.79> <FuncUnit> <Opcode : 'add' 'sub'> <InPorts = 2> <OutPorts = 1>
ST_4 : Operation 60 [1/1] (0.00ns)   --->   "%zext_ln31_56 = zext i13 %add_ln31_26" [dilithium2/fips202.c:31]   --->   Operation 60 'zext' 'zext_ln31_56' <Predicate = (!icmp_ln400)> <Delay = 0.00>
ST_4 : Operation 61 [1/1] (0.00ns)   --->   "%sm_addr_26 = getelementptr i8 %sm, i64 0, i64 %zext_ln31_56" [dilithium2/fips202.c:31]   --->   Operation 61 'getelementptr' 'sm_addr_26' <Predicate = (!icmp_ln400)> <Delay = 0.00>
ST_4 : Operation 62 [2/2] (2.77ns)   --->   "%sm_load_6 = load i13 %sm_addr_26" [dilithium2/fips202.c:31]   --->   Operation 62 'load' 'sm_load_6' <Predicate = (!icmp_ln400)> <Delay = 2.77> <CoreInst = "RAM">   --->   Core 82 'RAM' <Latency = 1> <II = 1> <Delay = 2.77> <Storage> <Opcode : 'load' 'store'> <Ports = 2> <Width = 8> <Depth = 5720> <RAM>
ST_4 : Operation 63 [1/1] (1.79ns)   --->   "%add_ln31_27 = add i13 %add_ln31_22, i13 5" [dilithium2/fips202.c:31]   --->   Operation 63 'add' 'add_ln31_27' <Predicate = (!icmp_ln400)> <Delay = 1.79> <CoreInst = "Adder">   --->   Core 1 'Adder' <Latency = 0> <II = 1> <Delay = 1.79> <FuncUnit> <Opcode : 'add' 'sub'> <InPorts = 2> <OutPorts = 1>
ST_4 : Operation 64 [1/1] (0.00ns)   --->   "%zext_ln31_57 = zext i13 %add_ln31_27" [dilithium2/fips202.c:31]   --->   Operation 64 'zext' 'zext_ln31_57' <Predicate = (!icmp_ln400)> <Delay = 0.00>
ST_4 : Operation 65 [1/1] (0.00ns)   --->   "%sm_addr_27 = getelementptr i8 %sm, i64 0, i64 %zext_ln31_57" [dilithium2/fips202.c:31]   --->   Operation 65 'getelementptr' 'sm_addr_27' <Predicate = (!icmp_ln400)> <Delay = 0.00>
ST_4 : Operation 66 [2/2] (2.77ns)   --->   "%sm_load_7 = load i13 %sm_addr_27" [dilithium2/fips202.c:31]   --->   Operation 66 'load' 'sm_load_7' <Predicate = (!icmp_ln400)> <Delay = 2.77> <CoreInst = "RAM">   --->   Core 82 'RAM' <Latency = 1> <II = 1> <Delay = 2.77> <Storage> <Opcode : 'load' 'store'> <Ports = 2> <Width = 8> <Depth = 5720> <RAM>

State 5 <SV = 4> <Delay = 4.56>
ST_5 : Operation 67 [1/2] (2.77ns)   --->   "%sm_load_6 = load i13 %sm_addr_26" [dilithium2/fips202.c:31]   --->   Operation 67 'load' 'sm_load_6' <Predicate = (!icmp_ln400)> <Delay = 2.77> <CoreInst = "RAM">   --->   Core 82 'RAM' <Latency = 1> <II = 1> <Delay = 2.77> <Storage> <Opcode : 'load' 'store'> <Ports = 2> <Width = 8> <Depth = 5720> <RAM>
ST_5 : Operation 68 [1/2] (2.77ns)   --->   "%sm_load_7 = load i13 %sm_addr_27" [dilithium2/fips202.c:31]   --->   Operation 68 'load' 'sm_load_7' <Predicate = (!icmp_ln400)> <Delay = 2.77> <CoreInst = "RAM">   --->   Core 82 'RAM' <Latency = 1> <II = 1> <Delay = 2.77> <Storage> <Opcode : 'load' 'store'> <Ports = 2> <Width = 8> <Depth = 5720> <RAM>
ST_5 : Operation 69 [1/1] (1.79ns)   --->   "%add_ln31_28 = add i13 %add_ln31_22, i13 6" [dilithium2/fips202.c:31]   --->   Operation 69 'add' 'add_ln31_28' <Predicate = (!icmp_ln400)> <Delay = 1.79> <CoreInst = "Adder">   --->   Core 1 'Adder' <Latency = 0> <II = 1> <Delay = 1.79> <FuncUnit> <Opcode : 'add' 'sub'> <InPorts = 2> <OutPorts = 1>
ST_5 : Operation 70 [1/1] (0.00ns)   --->   "%zext_ln31_58 = zext i13 %add_ln31_28" [dilithium2/fips202.c:31]   --->   Operation 70 'zext' 'zext_ln31_58' <Predicate = (!icmp_ln400)> <Delay = 0.00>
ST_5 : Operation 71 [1/1] (0.00ns)   --->   "%sm_addr_28 = getelementptr i8 %sm, i64 0, i64 %zext_ln31_58" [dilithium2/fips202.c:31]   --->   Operation 71 'getelementptr' 'sm_addr_28' <Predicate = (!icmp_ln400)> <Delay = 0.00>
ST_5 : Operation 72 [2/2] (2.77ns)   --->   "%sm_load_8 = load i13 %sm_addr_28" [dilithium2/fips202.c:31]   --->   Operation 72 'load' 'sm_load_8' <Predicate = (!icmp_ln400)> <Delay = 2.77> <CoreInst = "RAM">   --->   Core 82 'RAM' <Latency = 1> <II = 1> <Delay = 2.77> <Storage> <Opcode : 'load' 'store'> <Ports = 2> <Width = 8> <Depth = 5720> <RAM>
ST_5 : Operation 73 [1/1] (1.79ns)   --->   "%add_ln31_29 = add i13 %add_ln31_22, i13 7" [dilithium2/fips202.c:31]   --->   Operation 73 'add' 'add_ln31_29' <Predicate = (!icmp_ln400)> <Delay = 1.79> <CoreInst = "Adder">   --->   Core 1 'Adder' <Latency = 0> <II = 1> <Delay = 1.79> <FuncUnit> <Opcode : 'add' 'sub'> <InPorts = 2> <OutPorts = 1>
ST_5 : Operation 74 [1/1] (0.00ns)   --->   "%zext_ln31_59 = zext i13 %add_ln31_29" [dilithium2/fips202.c:31]   --->   Operation 74 'zext' 'zext_ln31_59' <Predicate = (!icmp_ln400)> <Delay = 0.00>
ST_5 : Operation 75 [1/1] (0.00ns)   --->   "%sm_addr_29 = getelementptr i8 %sm, i64 0, i64 %zext_ln31_59" [dilithium2/fips202.c:31]   --->   Operation 75 'getelementptr' 'sm_addr_29' <Predicate = (!icmp_ln400)> <Delay = 0.00>
ST_5 : Operation 76 [2/2] (2.77ns)   --->   "%sm_load_9 = load i13 %sm_addr_29" [dilithium2/fips202.c:31]   --->   Operation 76 'load' 'sm_load_9' <Predicate = (!icmp_ln400)> <Delay = 2.77> <CoreInst = "RAM">   --->   Core 82 'RAM' <Latency = 1> <II = 1> <Delay = 2.77> <Storage> <Opcode : 'load' 'store'> <Ports = 2> <Width = 8> <Depth = 5720> <RAM>

State 6 <SV = 5> <Delay = 6.37>
ST_6 : Operation 77 [1/1] (0.00ns)   --->   "%specloopname_ln386 = specloopname void @_ssdm_op_SpecLoopName, void @empty_9" [dilithium2/fips202.c:386]   --->   Operation 77 'specloopname' 'specloopname_ln386' <Predicate = true> <Delay = 0.00>
ST_6 : Operation 78 [1/2] (2.77ns)   --->   "%sm_load_8 = load i13 %sm_addr_28" [dilithium2/fips202.c:31]   --->   Operation 78 'load' 'sm_load_8' <Predicate = true> <Delay = 2.77> <CoreInst = "RAM">   --->   Core 82 'RAM' <Latency = 1> <II = 1> <Delay = 2.77> <Storage> <Opcode : 'load' 'store'> <Ports = 2> <Width = 8> <Depth = 5720> <RAM>
ST_6 : Operation 79 [1/2] (2.77ns)   --->   "%sm_load_9 = load i13 %sm_addr_29" [dilithium2/fips202.c:31]   --->   Operation 79 'load' 'sm_load_9' <Predicate = true> <Delay = 2.77> <CoreInst = "RAM">   --->   Core 82 'RAM' <Latency = 1> <II = 1> <Delay = 2.77> <Storage> <Opcode : 'load' 'store'> <Ports = 2> <Width = 8> <Depth = 5720> <RAM>
ST_6 : Operation 80 [1/1] (0.00ns) (grouped into LUT with out node xor_ln401)   --->   "%r_3_7 = bitconcatenate i64 @_ssdm_op_BitConcatenate.i64.i8.i8.i8.i8.i8.i8.i8.i8, i8 %sm_load_9, i8 %sm_load_8, i8 %sm_load_7, i8 %sm_load_6, i8 %sm_load_5, i8 %sm_load_3, i8 %sm_load_2, i8 %sm_load_1" [dilithium2/fips202.c:31]   --->   Operation 80 'bitconcatenate' 'r_3_7' <Predicate = true> <Delay = 0.00>
ST_6 : Operation 81 [1/1] (0.00ns)   --->   "%reuse_reg_load = load i64 %reuse_reg"   --->   Operation 81 'load' 'reuse_reg_load' <Predicate = (addr_cmp)> <Delay = 0.00>
ST_6 : Operation 82 [1/1] (0.00ns) (grouped into LUT with out node xor_ln401)   --->   "%reuse_select = select i1 %addr_cmp, i64 %reuse_reg_load, i64 %s_load" [dilithium2/fips202.c:401]   --->   Operation 82 'select' 'reuse_select' <Predicate = true> <Delay = 0.00> <CoreInst = "Sel">   --->   Core 73 'Sel' <Latency = 0> <II = 1> <Delay = 0.83> <FuncUnit> <Opcode : 'select'> <InPorts = 3> <OutPorts = 1>
ST_6 : Operation 83 [1/1] (0.83ns) (out node of the LUT)   --->   "%xor_ln401 = xor i64 %reuse_select, i64 %r_3_7" [dilithium2/fips202.c:401]   --->   Operation 83 'xor' 'xor_ln401' <Predicate = true> <Delay = 0.83> <CoreInst = "LogicGate">   --->   Core 74 'LogicGate' <Latency = 0> <II = 1> <Delay = 0.80> <FuncUnit> <Opcode : 'and' 'or' 'xor'> <InPorts = 2> <OutPorts = 1>
ST_6 : Operation 84 [1/1] (2.77ns)   --->   "%store_ln401 = store i64 %xor_ln401, i5 %s_addr" [dilithium2/fips202.c:401]   --->   Operation 84 'store' 'store_ln401' <Predicate = true> <Delay = 2.77> <CoreInst = "RAM">   --->   Core 82 'RAM' <Latency = 1> <II = 1> <Delay = 2.77> <Storage> <Opcode : 'load' 'store'> <Ports = 2> <Width = 64> <Depth = 25> <RAM>
ST_6 : Operation 85 [1/1] (1.32ns)   --->   "%store_ln401 = store i64 %xor_ln401, i64 %reuse_reg" [dilithium2/fips202.c:401]   --->   Operation 85 'store' 'store_ln401' <Predicate = true> <Delay = 1.32>
ST_6 : Operation 86 [1/1] (0.00ns)   --->   "%br_ln400 = br void %for.inc" [dilithium2/fips202.c:400]   --->   Operation 86 'br' 'br_ln400' <Predicate = true> <Delay = 0.00>


============================================================
+ Verbose Summary: Binding
============================================================
STG Binding: 
---------------- STG Properties BEGIN ----------------
- Is combinational: 0
- Is one-state seq: 0
- Is datapath-only: 0
- Is pipelined: 0
- Is top level: 0
Port [ Return ] is wired: 1; IO mode=ap_ctrl_hs:ce=0
Port [ trunc_ln400_1]:  wired=1; compound=0; hidden=0; nouse=0; global=0; static=0; extern=0; dir=0; type=0; pingpong=0; private_global=0; IO mode=ap_none:ce=0
Port [ m_offset_cast]:  wired=1; compound=0; hidden=0; nouse=0; global=0; static=0; extern=0; dir=0; type=0; pingpong=0; private_global=0; IO mode=ap_none:ce=0
Port [ m_addr_1_idx]:  wired=1; compound=0; hidden=0; nouse=0; global=0; static=0; extern=0; dir=0; type=0; pingpong=0; private_global=0; IO mode=ap_none:ce=0
Port [ sm]:  wired=1; compound=1; hidden=0; nouse=0; global=0; static=0; extern=0; dir=0; type=1; pingpong=0; private_global=0; MemPort=[11]; IO mode=ap_memory:ce=0
Port [ trunc_ln57]:  wired=1; compound=0; hidden=0; nouse=0; global=0; static=0; extern=0; dir=0; type=0; pingpong=0; private_global=0; IO mode=ap_none:ce=0
Port [ s]:  wired=1; compound=1; hidden=0; nouse=0; global=0; static=0; extern=0; dir=2; type=1; pingpong=0; private_global=0; MemPort=[01]; IO mode=ap_memory:ce=0
---------------- STG Properties END ------------------

---------------- Datapath Model BEGIN ----------------

<LifeTime>
<method=bitvector/>
reuse_addr_reg      (alloca        ) [ 0110000]
reuse_reg           (alloca        ) [ 0111111]
i                   (alloca        ) [ 0110000]
trunc_ln57_read     (read          ) [ 0010000]
m_addr_1_idx_read   (read          ) [ 0010000]
m_offset_cast_read  (read          ) [ 0000000]
trunc_ln400_1_read  (read          ) [ 0010000]
m_offset_cast_cast  (zext          ) [ 0010000]
specinterface_ln0   (specinterface ) [ 0000000]
store_ln0           (store         ) [ 0000000]
store_ln0           (store         ) [ 0000000]
store_ln0           (store         ) [ 0000000]
br_ln0              (br            ) [ 0000000]
i_67                (load          ) [ 0000000]
specpipeline_ln0    (specpipeline  ) [ 0000000]
icmp_ln400          (icmp          ) [ 0111110]
add_ln400           (add           ) [ 0000000]
br_ln400            (br            ) [ 0000000]
empty               (trunc         ) [ 0000000]
trunc_ln401         (trunc         ) [ 0000000]
shl_ln              (bitconcatenate) [ 0000000]
add_ln31            (add           ) [ 0000000]
add_ln31_22         (add           ) [ 0101110]
zext_ln31_53        (zext          ) [ 0000000]
sm_addr_21          (getelementptr ) [ 0001000]
add_ln31_23         (add           ) [ 0000000]
zext_ln31_54        (zext          ) [ 0000000]
sm_addr_22          (getelementptr ) [ 0001000]
add_ln401           (add           ) [ 0000000]
zext_ln401          (zext          ) [ 0000000]
s_addr              (getelementptr ) [ 0111111]
reuse_addr_reg_load (load          ) [ 0000000]
addr_cmp            (icmp          ) [ 0111111]
store_ln401         (store         ) [ 0000000]
store_ln400         (store         ) [ 0000000]
sm_load_1           (load          ) [ 0110111]
sm_load_2           (load          ) [ 0110111]
add_ln31_24         (add           ) [ 0000000]
zext_ln31           (zext          ) [ 0000000]
sm_addr_23          (getelementptr ) [ 0000100]
add_ln31_25         (add           ) [ 0000000]
zext_ln31_55        (zext          ) [ 0000000]
sm_addr_25          (getelementptr ) [ 0000100]
s_load              (load          ) [ 0110111]
sm_load_3           (load          ) [ 0110011]
sm_load_5           (load          ) [ 0110011]
add_ln31_26         (add           ) [ 0000000]
zext_ln31_56        (zext          ) [ 0000000]
sm_addr_26          (getelementptr ) [ 0100010]
add_ln31_27         (add           ) [ 0000000]
zext_ln31_57        (zext          ) [ 0000000]
sm_addr_27          (getelementptr ) [ 0100010]
sm_load_6           (load          ) [ 0010001]
sm_load_7           (load          ) [ 0010001]
add_ln31_28         (add           ) [ 0000000]
zext_ln31_58        (zext          ) [ 0000000]
sm_addr_28          (getelementptr ) [ 0010001]
add_ln31_29         (add           ) [ 0000000]
zext_ln31_59        (zext          ) [ 0000000]
sm_addr_29          (getelementptr ) [ 0010001]
specloopname_ln386  (specloopname  ) [ 0000000]
sm_load_8           (load          ) [ 0000000]
sm_load_9           (load          ) [ 0000000]
r_3_7               (bitconcatenate) [ 0000000]
reuse_reg_load      (load          ) [ 0000000]
reuse_select        (select        ) [ 0000000]
xor_ln401           (xor           ) [ 0000000]
store_ln401         (store         ) [ 0000000]
store_ln401         (store         ) [ 0000000]
br_ln400            (br            ) [ 0000000]
ret_ln0             (ret           ) [ 0000000]
</LifeTime>

<model>

<comp_list>
<comp id="0" class="1000" name="trunc_ln400_1">
<pin_list>
<pin id="1" dir="1" index="0" bw="1" slack="0"/>
</pin_list>
<bind>
<StgValue><ssdm name="trunc_ln400_1"/></StgValue>
</bind>
</comp>

<comp id="2" class="1000" name="m_offset_cast">
<pin_list>
<pin id="3" dir="1" index="0" bw="1" slack="0"/>
</pin_list>
<bind>
<StgValue><ssdm name="m_offset_cast"/></StgValue>
</bind>
</comp>

<comp id="4" class="1000" name="m_addr_1_idx">
<pin_list>
<pin id="5" dir="1" index="0" bw="1" slack="0"/>
</pin_list>
<bind>
<StgValue><ssdm name="m_addr_1_idx"/></StgValue>
</bind>
</comp>

<comp id="6" class="1000" name="sm">
<pin_list>
<pin id="7" dir="1" index="0" bw="1" slack="0"/>
</pin_list>
<bind>
<StgValue><ssdm name="sm"/><MemPortTyVec>1 1 </MemPortTyVec>
</StgValue>
</bind>
</comp>

<comp id="8" class="1000" name="trunc_ln57">
<pin_list>
<pin id="9" dir="1" index="0" bw="1" slack="0"/>
</pin_list>
<bind>
<StgValue><ssdm name="trunc_ln57"/></StgValue>
</bind>
</comp>

<comp id="10" class="1000" name="s">
<pin_list>
<pin id="11" dir="1" index="0" bw="1" slack="0"/>
</pin_list>
<bind>
<StgValue><ssdm name="s"/><MemPortTyVec>0 1 </MemPortTyVec>
</StgValue>
</bind>
</comp>

<comp id="12" class="1001" name="const_12">
<pin_list>
<pin id="13" dir="1" index="0" bw="1" slack="0"/>
</pin_list>
<bind>
<StgValue><ssdm name=""/></StgValue>
</bind>
</comp>

<comp id="14" class="1001" name="const_14">
<pin_list>
<pin id="15" dir="1" index="0" bw="1" slack="0"/>
</pin_list>
<bind>
<StgValue><ssdm name="_ssdm_op_Read.ap_auto.i5"/></StgValue>
</bind>
</comp>

<comp id="16" class="1001" name="const_16">
<pin_list>
<pin id="17" dir="1" index="0" bw="1" slack="0"/>
</pin_list>
<bind>
<StgValue><ssdm name="_ssdm_op_Read.ap_auto.i13"/></StgValue>
</bind>
</comp>

<comp id="18" class="1001" name="const_18">
<pin_list>
<pin id="19" dir="1" index="0" bw="1" slack="0"/>
</pin_list>
<bind>
<StgValue><ssdm name="_ssdm_op_Read.ap_auto.i12"/></StgValue>
</bind>
</comp>

<comp id="20" class="1001" name="const_20">
<pin_list>
<pin id="21" dir="1" index="0" bw="1" slack="0"/>
</pin_list>
<bind>
<StgValue><ssdm name="_ssdm_op_Read.ap_auto.i29"/></StgValue>
</bind>
</comp>

<comp id="22" class="1001" name="const_22">
<pin_list>
<pin id="23" dir="1" index="0" bw="1" slack="2147483647"/>
</pin_list>
<bind>
<StgValue><ssdm name="_ssdm_op_SpecInterface"/></StgValue>
</bind>
</comp>

<comp id="24" class="1001" name="const_24">
<pin_list>
<pin id="25" dir="1" index="0" bw="1" slack="2147483647"/>
</pin_list>
<bind>
<StgValue><ssdm name="empty_11"/></StgValue>
</bind>
</comp>

<comp id="26" class="1001" name="const_26">
<pin_list>
<pin id="27" dir="1" index="0" bw="1" slack="2147483647"/>
</pin_list>
<bind>
<StgValue><ssdm name=""/></StgValue>
</bind>
</comp>

<comp id="28" class="1001" name="const_28">
<pin_list>
<pin id="29" dir="1" index="0" bw="1" slack="2147483647"/>
</pin_list>
<bind>
<StgValue><ssdm name="empty_40"/></StgValue>
</bind>
</comp>

<comp id="30" class="1001" name="const_30">
<pin_list>
<pin id="31" dir="1" index="0" bw="1" slack="2147483647"/>
</pin_list>
<bind>
<StgValue><ssdm name=""/></StgValue>
</bind>
</comp>

<comp id="32" class="1001" name="const_32">
<pin_list>
<pin id="33" dir="1" index="0" bw="1" slack="0"/>
</pin_list>
<bind>
<StgValue><ssdm name=""/></StgValue>
</bind>
</comp>

<comp id="34" class="1001" name="const_34">
<pin_list>
<pin id="35" dir="1" index="0" bw="1" slack="0"/>
</pin_list>
<bind>
<StgValue><ssdm name=""/></StgValue>
</bind>
</comp>

<comp id="36" class="1001" name="const_36">
<pin_list>
<pin id="37" dir="1" index="0" bw="1" slack="0"/>
</pin_list>
<bind>
<StgValue><ssdm name=""/></StgValue>
</bind>
</comp>

<comp id="38" class="1001" name="const_38">
<pin_list>
<pin id="39" dir="1" index="0" bw="1" slack="2147483647"/>
</pin_list>
<bind>
<StgValue><ssdm name="_ssdm_op_SpecPipeline"/></StgValue>
</bind>
</comp>

<comp id="40" class="1001" name="const_40">
<pin_list>
<pin id="41" dir="1" index="0" bw="1" slack="2147483647"/>
</pin_list>
<bind>
<StgValue><ssdm name="p_str"/></StgValue>
</bind>
</comp>

<comp id="42" class="1001" name="const_42">
<pin_list>
<pin id="43" dir="1" index="0" bw="1" slack="0"/>
</pin_list>
<bind>
<StgValue><ssdm name=""/></StgValue>
</bind>
</comp>

<comp id="44" class="1001" name="const_44">
<pin_list>
<pin id="45" dir="1" index="0" bw="1" slack="0"/>
</pin_list>
<bind>
<StgValue><ssdm name="_ssdm_op_BitConcatenate.i13.i10.i3"/></StgValue>
</bind>
</comp>

<comp id="46" class="1001" name="const_46">
<pin_list>
<pin id="47" dir="1" index="0" bw="1" slack="0"/>
</pin_list>
<bind>
<StgValue><ssdm name=""/></StgValue>
</bind>
</comp>

<comp id="48" class="1001" name="const_48">
<pin_list>
<pin id="49" dir="1" index="0" bw="1" slack="0"/>
</pin_list>
<bind>
<StgValue><ssdm name=""/></StgValue>
</bind>
</comp>

<comp id="50" class="1001" name="const_50">
<pin_list>
<pin id="51" dir="1" index="0" bw="1" slack="0"/>
</pin_list>
<bind>
<StgValue><ssdm name=""/></StgValue>
</bind>
</comp>

<comp id="52" class="1001" name="const_52">
<pin_list>
<pin id="53" dir="1" index="0" bw="1" slack="0"/>
</pin_list>
<bind>
<StgValue><ssdm name=""/></StgValue>
</bind>
</comp>

<comp id="54" class="1001" name="const_54">
<pin_list>
<pin id="55" dir="1" index="0" bw="1" slack="0"/>
</pin_list>
<bind>
<StgValue><ssdm name=""/></StgValue>
</bind>
</comp>

<comp id="56" class="1001" name="const_56">
<pin_list>
<pin id="57" dir="1" index="0" bw="1" slack="0"/>
</pin_list>
<bind>
<StgValue><ssdm name=""/></StgValue>
</bind>
</comp>

<comp id="58" class="1001" name="const_58">
<pin_list>
<pin id="59" dir="1" index="0" bw="1" slack="0"/>
</pin_list>
<bind>
<StgValue><ssdm name=""/></StgValue>
</bind>
</comp>

<comp id="60" class="1001" name="const_60">
<pin_list>
<pin id="61" dir="1" index="0" bw="1" slack="0"/>
</pin_list>
<bind>
<StgValue><ssdm name=""/></StgValue>
</bind>
</comp>

<comp id="62" class="1001" name="const_62">
<pin_list>
<pin id="63" dir="1" index="0" bw="1" slack="2147483647"/>
</pin_list>
<bind>
<StgValue><ssdm name="_ssdm_op_SpecLoopName"/></StgValue>
</bind>
</comp>

<comp id="64" class="1001" name="const_64">
<pin_list>
<pin id="65" dir="1" index="0" bw="1" slack="2147483647"/>
</pin_list>
<bind>
<StgValue><ssdm name="empty_9"/></StgValue>
</bind>
</comp>

<comp id="66" class="1001" name="const_66">
<pin_list>
<pin id="67" dir="1" index="0" bw="1" slack="0"/>
</pin_list>
<bind>
<StgValue><ssdm name="_ssdm_op_BitConcatenate.i64.i8.i8.i8.i8.i8.i8.i8.i8"/></StgValue>
</bind>
</comp>

<comp id="68" class="1004" name="reuse_addr_reg_fu_68">
<pin_list>
<pin id="69" dir="0" index="0" bw="1" slack="0"/>
<pin id="70" dir="1" index="1" bw="64" slack="0"/>
</pin_list>
<bind>
<opcode="alloca(26) " fcode="alloca"/>
<opset="reuse_addr_reg/1 "/>
</bind>
</comp>

<comp id="72" class="1004" name="reuse_reg_fu_72">
<pin_list>
<pin id="73" dir="0" index="0" bw="1" slack="0"/>
<pin id="74" dir="1" index="1" bw="64" slack="0"/>
</pin_list>
<bind>
<opcode="alloca(26) " fcode="alloca"/>
<opset="reuse_reg/1 "/>
</bind>
</comp>

<comp id="76" class="1004" name="i_fu_76">
<pin_list>
<pin id="77" dir="0" index="0" bw="1" slack="0"/>
<pin id="78" dir="1" index="1" bw="29" slack="0"/>
</pin_list>
<bind>
<opcode="alloca(26) " fcode="alloca"/>
<opset="i/1 "/>
</bind>
</comp>

<comp id="80" class="1004" name="trunc_ln57_read_read_fu_80">
<pin_list>
<pin id="81" dir="0" index="0" bw="5" slack="0"/>
<pin id="82" dir="0" index="1" bw="5" slack="0"/>
<pin id="83" dir="1" index="2" bw="5" slack="1"/>
</pin_list>
<bind>
<opcode="read(1150) " fcode="read"/>
<opset="trunc_ln57_read/1 "/>
</bind>
</comp>

<comp id="86" class="1004" name="m_addr_1_idx_read_read_fu_86">
<pin_list>
<pin id="87" dir="0" index="0" bw="13" slack="0"/>
<pin id="88" dir="0" index="1" bw="13" slack="0"/>
<pin id="89" dir="1" index="2" bw="13" slack="1"/>
</pin_list>
<bind>
<opcode="read(1150) " fcode="read"/>
<opset="m_addr_1_idx_read/1 "/>
</bind>
</comp>

<comp id="92" class="1004" name="m_offset_cast_read_read_fu_92">
<pin_list>
<pin id="93" dir="0" index="0" bw="12" slack="0"/>
<pin id="94" dir="0" index="1" bw="12" slack="0"/>
<pin id="95" dir="1" index="2" bw="12" slack="0"/>
</pin_list>
<bind>
<opcode="read(1150) " fcode="read"/>
<opset="m_offset_cast_read/1 "/>
</bind>
</comp>

<comp id="98" class="1004" name="trunc_ln400_1_read_read_fu_98">
<pin_list>
<pin id="99" dir="0" index="0" bw="29" slack="0"/>
<pin id="100" dir="0" index="1" bw="29" slack="0"/>
<pin id="101" dir="1" index="2" bw="29" slack="1"/>
</pin_list>
<bind>
<opcode="read(1150) " fcode="read"/>
<opset="trunc_ln400_1_read/1 "/>
</bind>
</comp>

<comp id="104" class="1004" name="sm_addr_21_gep_fu_104">
<pin_list>
<pin id="105" dir="0" index="0" bw="8" slack="0"/>
<pin id="106" dir="0" index="1" bw="1" slack="0"/>
<pin id="107" dir="0" index="2" bw="13" slack="0"/>
<pin id="108" dir="1" index="3" bw="13" slack="0"/>
</pin_list>
<bind>
<opcode="getelementptr(29) " fcode="getelementptr"/>
<opset="sm_addr_21/2 "/>
</bind>
</comp>

<comp id="111" class="1004" name="grp_access_fu_111">
<pin_list>
<pin id="112" dir="0" index="0" bw="13" slack="0"/>
<pin id="113" dir="0" index="1" bw="8" slack="2147483647"/>
<pin id="114" dir="0" index="2" bw="0" slack="0"/>
<pin id="116" dir="0" index="4" bw="13" slack="2147483647"/>
<pin id="117" dir="0" index="5" bw="8" slack="2147483647"/>
<pin id="118" dir="0" index="6" bw="0" slack="2147483647"/>
<pin id="115" dir="1" index="3" bw="8" slack="0"/>
<pin id="119" dir="1" index="7" bw="8" slack="0"/>
</pin_list>
<bind>
<opcode="load(27) " fcode="load"/>
<opset="sm_load_1/2 sm_load_2/2 sm_load_3/3 sm_load_5/3 sm_load_6/4 sm_load_7/4 sm_load_8/5 sm_load_9/5 "/>
</bind>
</comp>

<comp id="121" class="1004" name="sm_addr_22_gep_fu_121">
<pin_list>
<pin id="122" dir="0" index="0" bw="8" slack="0"/>
<pin id="123" dir="0" index="1" bw="1" slack="0"/>
<pin id="124" dir="0" index="2" bw="13" slack="0"/>
<pin id="125" dir="1" index="3" bw="13" slack="0"/>
</pin_list>
<bind>
<opcode="getelementptr(29) " fcode="getelementptr"/>
<opset="sm_addr_22/2 "/>
</bind>
</comp>

<comp id="129" class="1004" name="s_addr_gep_fu_129">
<pin_list>
<pin id="130" dir="0" index="0" bw="64" slack="0"/>
<pin id="131" dir="0" index="1" bw="1" slack="0"/>
<pin id="132" dir="0" index="2" bw="5" slack="0"/>
<pin id="133" dir="1" index="3" bw="5" slack="0"/>
</pin_list>
<bind>
<opcode="getelementptr(29) " fcode="getelementptr"/>
<opset="s_addr/2 "/>
</bind>
</comp>

<comp id="136" class="1004" name="grp_access_fu_136">
<pin_list>
<pin id="137" dir="0" index="0" bw="5" slack="4"/>
<pin id="138" dir="0" index="1" bw="64" slack="0"/>
<pin id="139" dir="0" index="2" bw="0" slack="0"/>
<pin id="141" dir="0" index="4" bw="5" slack="2147483647"/>
<pin id="142" dir="0" index="5" bw="64" slack="2147483647"/>
<pin id="143" dir="0" index="6" bw="0" slack="2147483647"/>
<pin id="140" dir="1" index="3" bw="64" slack="2147483647"/>
<pin id="144" dir="1" index="7" bw="64" slack="3"/>
</pin_list>
<bind>
<opcode="load(27) store(28) " fcode="store"/>
<opset="s_load/2 store_ln401/6 "/>
</bind>
</comp>

<comp id="146" class="1004" name="sm_addr_23_gep_fu_146">
<pin_list>
<pin id="147" dir="0" index="0" bw="8" slack="0"/>
<pin id="148" dir="0" index="1" bw="1" slack="0"/>
<pin id="149" dir="0" index="2" bw="13" slack="0"/>
<pin id="150" dir="1" index="3" bw="13" slack="0"/>
</pin_list>
<bind>
<opcode="getelementptr(29) " fcode="getelementptr"/>
<opset="sm_addr_23/3 "/>
</bind>
</comp>

<comp id="154" class="1004" name="sm_addr_25_gep_fu_154">
<pin_list>
<pin id="155" dir="0" index="0" bw="8" slack="0"/>
<pin id="156" dir="0" index="1" bw="1" slack="0"/>
<pin id="157" dir="0" index="2" bw="13" slack="0"/>
<pin id="158" dir="1" index="3" bw="13" slack="0"/>
</pin_list>
<bind>
<opcode="getelementptr(29) " fcode="getelementptr"/>
<opset="sm_addr_25/3 "/>
</bind>
</comp>

<comp id="162" class="1004" name="sm_addr_26_gep_fu_162">
<pin_list>
<pin id="163" dir="0" index="0" bw="8" slack="0"/>
<pin id="164" dir="0" index="1" bw="1" slack="0"/>
<pin id="165" dir="0" index="2" bw="13" slack="0"/>
<pin id="166" dir="1" index="3" bw="13" slack="0"/>
</pin_list>
<bind>
<opcode="getelementptr(29) " fcode="getelementptr"/>
<opset="sm_addr_26/4 "/>
</bind>
</comp>

<comp id="170" class="1004" name="sm_addr_27_gep_fu_170">
<pin_list>
<pin id="171" dir="0" index="0" bw="8" slack="0"/>
<pin id="172" dir="0" index="1" bw="1" slack="0"/>
<pin id="173" dir="0" index="2" bw="13" slack="0"/>
<pin id="174" dir="1" index="3" bw="13" slack="0"/>
</pin_list>
<bind>
<opcode="getelementptr(29) " fcode="getelementptr"/>
<opset="sm_addr_27/4 "/>
</bind>
</comp>

<comp id="178" class="1004" name="sm_addr_28_gep_fu_178">
<pin_list>
<pin id="179" dir="0" index="0" bw="8" slack="0"/>
<pin id="180" dir="0" index="1" bw="1" slack="0"/>
<pin id="181" dir="0" index="2" bw="13" slack="0"/>
<pin id="182" dir="1" index="3" bw="13" slack="0"/>
</pin_list>
<bind>
<opcode="getelementptr(29) " fcode="getelementptr"/>
<opset="sm_addr_28/5 "/>
</bind>
</comp>

<comp id="186" class="1004" name="sm_addr_29_gep_fu_186">
<pin_list>
<pin id="187" dir="0" index="0" bw="8" slack="0"/>
<pin id="188" dir="0" index="1" bw="1" slack="0"/>
<pin id="189" dir="0" index="2" bw="13" slack="0"/>
<pin id="190" dir="1" index="3" bw="13" slack="0"/>
</pin_list>
<bind>
<opcode="getelementptr(29) " fcode="getelementptr"/>
<opset="sm_addr_29/5 "/>
</bind>
</comp>

<comp id="194" class="1004" name="m_offset_cast_cast_fu_194">
<pin_list>
<pin id="195" dir="0" index="0" bw="12" slack="0"/>
<pin id="196" dir="1" index="1" bw="13" slack="1"/>
</pin_list>
<bind>
<opcode="zext(34) " fcode="zext"/>
<opset="m_offset_cast_cast/1 "/>
</bind>
</comp>

<comp id="198" class="1004" name="store_ln0_store_fu_198">
<pin_list>
<pin id="199" dir="0" index="0" bw="1" slack="0"/>
<pin id="200" dir="0" index="1" bw="29" slack="0"/>
<pin id="201" dir="1" index="2" bw="0" slack="2147483647"/>
</pin_list>
<bind>
<opcode="store(28) " fcode="store"/>
<opset="store_ln0/1 "/>
</bind>
</comp>

<comp id="203" class="1004" name="store_ln0_store_fu_203">
<pin_list>
<pin id="204" dir="0" index="0" bw="1" slack="0"/>
<pin id="205" dir="0" index="1" bw="64" slack="0"/>
<pin id="206" dir="1" index="2" bw="0" slack="2147483647"/>
</pin_list>
<bind>
<opcode="store(28) " fcode="store"/>
<opset="store_ln0/1 "/>
</bind>
</comp>

<comp id="208" class="1004" name="store_ln0_store_fu_208">
<pin_list>
<pin id="209" dir="0" index="0" bw="1" slack="0"/>
<pin id="210" dir="0" index="1" bw="64" slack="0"/>
<pin id="211" dir="1" index="2" bw="0" slack="2147483647"/>
</pin_list>
<bind>
<opcode="store(28) " fcode="store"/>
<opset="store_ln0/1 "/>
</bind>
</comp>

<comp id="213" class="1004" name="i_67_load_fu_213">
<pin_list>
<pin id="214" dir="0" index="0" bw="29" slack="1"/>
<pin id="215" dir="1" index="1" bw="29" slack="0"/>
</pin_list>
<bind>
<opcode="load(27) " fcode="load"/>
<opset="i_67/2 "/>
</bind>
</comp>

<comp id="216" class="1004" name="icmp_ln400_fu_216">
<pin_list>
<pin id="217" dir="0" index="0" bw="29" slack="0"/>
<pin id="218" dir="0" index="1" bw="29" slack="1"/>
<pin id="219" dir="1" index="2" bw="1" slack="1"/>
</pin_list>
<bind>
<opcode="icmp(45) " fcode="icmp"/>
<opset="icmp_ln400/2 "/>
</bind>
</comp>

<comp id="221" class="1004" name="add_ln400_fu_221">
<pin_list>
<pin id="222" dir="0" index="0" bw="29" slack="0"/>
<pin id="223" dir="0" index="1" bw="1" slack="0"/>
<pin id="224" dir="1" index="2" bw="29" slack="0"/>
</pin_list>
<bind>
<opcode="add(8) " fcode="add"/>
<opset="add_ln400/2 "/>
</bind>
</comp>

<comp id="227" class="1004" name="empty_fu_227">
<pin_list>
<pin id="228" dir="0" index="0" bw="29" slack="0"/>
<pin id="229" dir="1" index="1" bw="5" slack="0"/>
</pin_list>
<bind>
<opcode="trunc(33) " fcode="trunc"/>
<opset="empty/2 "/>
</bind>
</comp>

<comp id="231" class="1004" name="trunc_ln401_fu_231">
<pin_list>
<pin id="232" dir="0" index="0" bw="29" slack="0"/>
<pin id="233" dir="1" index="1" bw="10" slack="0"/>
</pin_list>
<bind>
<opcode="trunc(33) " fcode="trunc"/>
<opset="trunc_ln401/2 "/>
</bind>
</comp>

<comp id="235" class="1004" name="shl_ln_fu_235">
<pin_list>
<pin id="236" dir="0" index="0" bw="13" slack="0"/>
<pin id="237" dir="0" index="1" bw="10" slack="0"/>
<pin id="238" dir="0" index="2" bw="1" slack="0"/>
<pin id="239" dir="1" index="3" bw="13" slack="0"/>
</pin_list>
<bind>
<opcode="bitconcatenate(1004) " fcode="bitconcatenate"/>
<opset="shl_ln/2 "/>
</bind>
</comp>

<comp id="243" class="1004" name="add_ln31_fu_243">
<pin_list>
<pin id="244" dir="0" index="0" bw="13" slack="0"/>
<pin id="245" dir="0" index="1" bw="12" slack="1"/>
<pin id="246" dir="1" index="2" bw="13" slack="0"/>
</pin_list>
<bind>
<opcode="add(8) " fcode="add"/>
<opset="add_ln31/2 "/>
</bind>
</comp>

<comp id="248" class="1004" name="add_ln31_22_fu_248">
<pin_list>
<pin id="249" dir="0" index="0" bw="13" slack="0"/>
<pin id="250" dir="0" index="1" bw="13" slack="1"/>
<pin id="251" dir="1" index="2" bw="13" slack="0"/>
</pin_list>
<bind>
<opcode="add(8) " fcode="add"/>
<opset="add_ln31_22/2 "/>
</bind>
</comp>

<comp id="253" class="1004" name="zext_ln31_53_fu_253">
<pin_list>
<pin id="254" dir="0" index="0" bw="13" slack="0"/>
<pin id="255" dir="1" index="1" bw="64" slack="0"/>
</pin_list>
<bind>
<opcode="zext(34) " fcode="zext"/>
<opset="zext_ln31_53/2 "/>
</bind>
</comp>

<comp id="258" class="1004" name="add_ln31_23_fu_258">
<pin_list>
<pin id="259" dir="0" index="0" bw="13" slack="0"/>
<pin id="260" dir="0" index="1" bw="1" slack="0"/>
<pin id="261" dir="1" index="2" bw="13" slack="0"/>
</pin_list>
<bind>
<opcode="add(8) " fcode="add"/>
<opset="add_ln31_23/2 "/>
</bind>
</comp>

<comp id="264" class="1004" name="zext_ln31_54_fu_264">
<pin_list>
<pin id="265" dir="0" index="0" bw="13" slack="0"/>
<pin id="266" dir="1" index="1" bw="64" slack="0"/>
</pin_list>
<bind>
<opcode="zext(34) " fcode="zext"/>
<opset="zext_ln31_54/2 "/>
</bind>
</comp>

<comp id="269" class="1004" name="add_ln401_fu_269">
<pin_list>
<pin id="270" dir="0" index="0" bw="5" slack="0"/>
<pin id="271" dir="0" index="1" bw="5" slack="1"/>
<pin id="272" dir="1" index="2" bw="5" slack="0"/>
</pin_list>
<bind>
<opcode="add(8) " fcode="add"/>
<opset="add_ln401/2 "/>
</bind>
</comp>

<comp id="274" class="1004" name="zext_ln401_fu_274">
<pin_list>
<pin id="275" dir="0" index="0" bw="5" slack="0"/>
<pin id="276" dir="1" index="1" bw="64" slack="0"/>
</pin_list>
<bind>
<opcode="zext(34) " fcode="zext"/>
<opset="zext_ln401/2 "/>
</bind>
</comp>

<comp id="279" class="1004" name="reuse_addr_reg_load_load_fu_279">
<pin_list>
<pin id="280" dir="0" index="0" bw="64" slack="1"/>
<pin id="281" dir="1" index="1" bw="64" slack="0"/>
</pin_list>
<bind>
<opcode="load(27) " fcode="load"/>
<opset="reuse_addr_reg_load/2 "/>
</bind>
</comp>

<comp id="282" class="1004" name="addr_cmp_fu_282">
<pin_list>
<pin id="283" dir="0" index="0" bw="64" slack="0"/>
<pin id="284" dir="0" index="1" bw="64" slack="0"/>
<pin id="285" dir="1" index="2" bw="1" slack="4"/>
</pin_list>
<bind>
<opcode="icmp(45) " fcode="icmp"/>
<opset="addr_cmp/2 "/>
</bind>
</comp>

<comp id="288" class="1004" name="store_ln401_store_fu_288">
<pin_list>
<pin id="289" dir="0" index="0" bw="5" slack="0"/>
<pin id="290" dir="0" index="1" bw="64" slack="1"/>
<pin id="291" dir="1" index="2" bw="0" slack="2147483647"/>
</pin_list>
<bind>
<opcode="store(28) " fcode="store"/>
<opset="store_ln401/2 "/>
</bind>
</comp>

<comp id="293" class="1004" name="store_ln400_store_fu_293">
<pin_list>
<pin id="294" dir="0" index="0" bw="29" slack="0"/>
<pin id="295" dir="0" index="1" bw="29" slack="1"/>
<pin id="296" dir="1" index="2" bw="0" slack="2147483647"/>
</pin_list>
<bind>
<opcode="store(28) " fcode="store"/>
<opset="store_ln400/2 "/>
</bind>
</comp>

<comp id="298" class="1004" name="add_ln31_24_fu_298">
<pin_list>
<pin id="299" dir="0" index="0" bw="13" slack="1"/>
<pin id="300" dir="0" index="1" bw="3" slack="0"/>
<pin id="301" dir="1" index="2" bw="13" slack="0"/>
</pin_list>
<bind>
<opcode="add(8) " fcode="add"/>
<opset="add_ln31_24/3 "/>
</bind>
</comp>

<comp id="303" class="1004" name="zext_ln31_fu_303">
<pin_list>
<pin id="304" dir="0" index="0" bw="13" slack="0"/>
<pin id="305" dir="1" index="1" bw="64" slack="0"/>
</pin_list>
<bind>
<opcode="zext(34) " fcode="zext"/>
<opset="zext_ln31/3 "/>
</bind>
</comp>

<comp id="308" class="1004" name="add_ln31_25_fu_308">
<pin_list>
<pin id="309" dir="0" index="0" bw="13" slack="1"/>
<pin id="310" dir="0" index="1" bw="3" slack="0"/>
<pin id="311" dir="1" index="2" bw="13" slack="0"/>
</pin_list>
<bind>
<opcode="add(8) " fcode="add"/>
<opset="add_ln31_25/3 "/>
</bind>
</comp>

<comp id="313" class="1004" name="zext_ln31_55_fu_313">
<pin_list>
<pin id="314" dir="0" index="0" bw="13" slack="0"/>
<pin id="315" dir="1" index="1" bw="64" slack="0"/>
</pin_list>
<bind>
<opcode="zext(34) " fcode="zext"/>
<opset="zext_ln31_55/3 "/>
</bind>
</comp>

<comp id="318" class="1004" name="add_ln31_26_fu_318">
<pin_list>
<pin id="319" dir="0" index="0" bw="13" slack="2"/>
<pin id="320" dir="0" index="1" bw="4" slack="0"/>
<pin id="321" dir="1" index="2" bw="13" slack="0"/>
</pin_list>
<bind>
<opcode="add(8) " fcode="add"/>
<opset="add_ln31_26/4 "/>
</bind>
</comp>

<comp id="323" class="1004" name="zext_ln31_56_fu_323">
<pin_list>
<pin id="324" dir="0" index="0" bw="13" slack="0"/>
<pin id="325" dir="1" index="1" bw="64" slack="0"/>
</pin_list>
<bind>
<opcode="zext(34) " fcode="zext"/>
<opset="zext_ln31_56/4 "/>
</bind>
</comp>

<comp id="328" class="1004" name="add_ln31_27_fu_328">
<pin_list>
<pin id="329" dir="0" index="0" bw="13" slack="2"/>
<pin id="330" dir="0" index="1" bw="4" slack="0"/>
<pin id="331" dir="1" index="2" bw="13" slack="0"/>
</pin_list>
<bind>
<opcode="add(8) " fcode="add"/>
<opset="add_ln31_27/4 "/>
</bind>
</comp>

<comp id="333" class="1004" name="zext_ln31_57_fu_333">
<pin_list>
<pin id="334" dir="0" index="0" bw="13" slack="0"/>
<pin id="335" dir="1" index="1" bw="64" slack="0"/>
</pin_list>
<bind>
<opcode="zext(34) " fcode="zext"/>
<opset="zext_ln31_57/4 "/>
</bind>
</comp>

<comp id="338" class="1004" name="add_ln31_28_fu_338">
<pin_list>
<pin id="339" dir="0" index="0" bw="13" slack="3"/>
<pin id="340" dir="0" index="1" bw="4" slack="0"/>
<pin id="341" dir="1" index="2" bw="13" slack="0"/>
</pin_list>
<bind>
<opcode="add(8) " fcode="add"/>
<opset="add_ln31_28/5 "/>
</bind>
</comp>

<comp id="343" class="1004" name="zext_ln31_58_fu_343">
<pin_list>
<pin id="344" dir="0" index="0" bw="13" slack="0"/>
<pin id="345" dir="1" index="1" bw="64" slack="0"/>
</pin_list>
<bind>
<opcode="zext(34) " fcode="zext"/>
<opset="zext_ln31_58/5 "/>
</bind>
</comp>

<comp id="348" class="1004" name="add_ln31_29_fu_348">
<pin_list>
<pin id="349" dir="0" index="0" bw="13" slack="3"/>
<pin id="350" dir="0" index="1" bw="4" slack="0"/>
<pin id="351" dir="1" index="2" bw="13" slack="0"/>
</pin_list>
<bind>
<opcode="add(8) " fcode="add"/>
<opset="add_ln31_29/5 "/>
</bind>
</comp>

<comp id="353" class="1004" name="zext_ln31_59_fu_353">
<pin_list>
<pin id="354" dir="0" index="0" bw="13" slack="0"/>
<pin id="355" dir="1" index="1" bw="64" slack="0"/>
</pin_list>
<bind>
<opcode="zext(34) " fcode="zext"/>
<opset="zext_ln31_59/5 "/>
</bind>
</comp>

<comp id="358" class="1004" name="r_3_7_fu_358">
<pin_list>
<pin id="359" dir="0" index="0" bw="64" slack="0"/>
<pin id="360" dir="0" index="1" bw="8" slack="0"/>
<pin id="361" dir="0" index="2" bw="8" slack="0"/>
<pin id="362" dir="0" index="3" bw="8" slack="1"/>
<pin id="363" dir="0" index="4" bw="8" slack="1"/>
<pin id="364" dir="0" index="5" bw="8" slack="2"/>
<pin id="365" dir="0" index="6" bw="8" slack="2"/>
<pin id="366" dir="0" index="7" bw="8" slack="3"/>
<pin id="367" dir="0" index="8" bw="8" slack="3"/>
<pin id="368" dir="1" index="9" bw="64" slack="0"/>
</pin_list>
<bind>
<opcode="bitconcatenate(1004) " fcode="bitconcatenate"/>
<opset="r_3_7/6 "/>
</bind>
</comp>

<comp id="372" class="1004" name="reuse_reg_load_load_fu_372">
<pin_list>
<pin id="373" dir="0" index="0" bw="64" slack="5"/>
<pin id="374" dir="1" index="1" bw="64" slack="0"/>
</pin_list>
<bind>
<opcode="load(27) " fcode="load"/>
<opset="reuse_reg_load/6 "/>
</bind>
</comp>

<comp id="375" class="1004" name="reuse_select_fu_375">
<pin_list>
<pin id="376" dir="0" index="0" bw="1" slack="4"/>
<pin id="377" dir="0" index="1" bw="64" slack="0"/>
<pin id="378" dir="0" index="2" bw="64" slack="3"/>
<pin id="379" dir="1" index="3" bw="64" slack="0"/>
</pin_list>
<bind>
<opcode="select(49) " fcode="select"/>
<opset="reuse_select/6 "/>
</bind>
</comp>

<comp id="381" class="1004" name="xor_ln401_fu_381">
<pin_list>
<pin id="382" dir="0" index="0" bw="64" slack="0"/>
<pin id="383" dir="0" index="1" bw="64" slack="0"/>
<pin id="384" dir="1" index="2" bw="64" slack="0"/>
</pin_list>
<bind>
<opcode="xor(25) " fcode="xor"/>
<opset="xor_ln401/6 "/>
</bind>
</comp>

<comp id="388" class="1004" name="store_ln401_store_fu_388">
<pin_list>
<pin id="389" dir="0" index="0" bw="64" slack="0"/>
<pin id="390" dir="0" index="1" bw="64" slack="5"/>
<pin id="391" dir="1" index="2" bw="0" slack="2147483647"/>
</pin_list>
<bind>
<opcode="store(28) " fcode="store"/>
<opset="store_ln401/6 "/>
</bind>
</comp>

<comp id="393" class="1005" name="reuse_addr_reg_reg_393">
<pin_list>
<pin id="394" dir="0" index="0" bw="64" slack="0"/>
<pin id="395" dir="1" index="1" bw="64" slack="0"/>
</pin_list>
<bind>
<opset="reuse_addr_reg "/>
</bind>
</comp>

<comp id="400" class="1005" name="reuse_reg_reg_400">
<pin_list>
<pin id="401" dir="0" index="0" bw="64" slack="0"/>
<pin id="402" dir="1" index="1" bw="64" slack="0"/>
</pin_list>
<bind>
<opset="reuse_reg "/>
</bind>
</comp>

<comp id="407" class="1005" name="i_reg_407">
<pin_list>
<pin id="408" dir="0" index="0" bw="29" slack="0"/>
<pin id="409" dir="1" index="1" bw="29" slack="0"/>
</pin_list>
<bind>
<opset="i "/>
</bind>
</comp>

<comp id="414" class="1005" name="trunc_ln57_read_reg_414">
<pin_list>
<pin id="415" dir="0" index="0" bw="5" slack="1"/>
<pin id="416" dir="1" index="1" bw="5" slack="1"/>
</pin_list>
<bind>
<opset="trunc_ln57_read "/>
</bind>
</comp>

<comp id="419" class="1005" name="m_addr_1_idx_read_reg_419">
<pin_list>
<pin id="420" dir="0" index="0" bw="13" slack="1"/>
<pin id="421" dir="1" index="1" bw="13" slack="1"/>
</pin_list>
<bind>
<opset="m_addr_1_idx_read "/>
</bind>
</comp>

<comp id="424" class="1005" name="trunc_ln400_1_read_reg_424">
<pin_list>
<pin id="425" dir="0" index="0" bw="29" slack="1"/>
<pin id="426" dir="1" index="1" bw="29" slack="1"/>
</pin_list>
<bind>
<opset="trunc_ln400_1_read "/>
</bind>
</comp>

<comp id="429" class="1005" name="m_offset_cast_cast_reg_429">
<pin_list>
<pin id="430" dir="0" index="0" bw="13" slack="1"/>
<pin id="431" dir="1" index="1" bw="13" slack="1"/>
</pin_list>
<bind>
<opset="m_offset_cast_cast "/>
</bind>
</comp>

<comp id="434" class="1005" name="icmp_ln400_reg_434">
<pin_list>
<pin id="435" dir="0" index="0" bw="1" slack="1"/>
<pin id="436" dir="1" index="1" bw="1" slack="2147483647"/>
</pin_list>
<bind>
<opset="icmp_ln400 "/>
</bind>
</comp>

<comp id="438" class="1005" name="add_ln31_22_reg_438">
<pin_list>
<pin id="439" dir="0" index="0" bw="13" slack="1"/>
<pin id="440" dir="1" index="1" bw="13" slack="1"/>
</pin_list>
<bind>
<opset="add_ln31_22 "/>
</bind>
</comp>

<comp id="448" class="1005" name="sm_addr_21_reg_448">
<pin_list>
<pin id="449" dir="0" index="0" bw="13" slack="1"/>
<pin id="450" dir="1" index="1" bw="13" slack="1"/>
</pin_list>
<bind>
<opset="sm_addr_21 "/>
</bind>
</comp>

<comp id="453" class="1005" name="sm_addr_22_reg_453">
<pin_list>
<pin id="454" dir="0" index="0" bw="13" slack="1"/>
<pin id="455" dir="1" index="1" bw="13" slack="1"/>
</pin_list>
<bind>
<opset="sm_addr_22 "/>
</bind>
</comp>

<comp id="458" class="1005" name="s_addr_reg_458">
<pin_list>
<pin id="459" dir="0" index="0" bw="5" slack="1"/>
<pin id="460" dir="1" index="1" bw="5" slack="1"/>
</pin_list>
<bind>
<opset="s_addr "/>
</bind>
</comp>

<comp id="464" class="1005" name="addr_cmp_reg_464">
<pin_list>
<pin id="465" dir="0" index="0" bw="1" slack="4"/>
<pin id="466" dir="1" index="1" bw="1" slack="4"/>
</pin_list>
<bind>
<opset="addr_cmp "/>
</bind>
</comp>

<comp id="469" class="1005" name="sm_load_1_reg_469">
<pin_list>
<pin id="470" dir="0" index="0" bw="8" slack="3"/>
<pin id="471" dir="1" index="1" bw="8" slack="3"/>
</pin_list>
<bind>
<opset="sm_load_1 "/>
</bind>
</comp>

<comp id="474" class="1005" name="sm_load_2_reg_474">
<pin_list>
<pin id="475" dir="0" index="0" bw="8" slack="3"/>
<pin id="476" dir="1" index="1" bw="8" slack="3"/>
</pin_list>
<bind>
<opset="sm_load_2 "/>
</bind>
</comp>

<comp id="479" class="1005" name="sm_addr_23_reg_479">
<pin_list>
<pin id="480" dir="0" index="0" bw="13" slack="1"/>
<pin id="481" dir="1" index="1" bw="13" slack="1"/>
</pin_list>
<bind>
<opset="sm_addr_23 "/>
</bind>
</comp>

<comp id="484" class="1005" name="sm_addr_25_reg_484">
<pin_list>
<pin id="485" dir="0" index="0" bw="13" slack="1"/>
<pin id="486" dir="1" index="1" bw="13" slack="1"/>
</pin_list>
<bind>
<opset="sm_addr_25 "/>
</bind>
</comp>

<comp id="489" class="1005" name="s_load_reg_489">
<pin_list>
<pin id="490" dir="0" index="0" bw="64" slack="3"/>
<pin id="491" dir="1" index="1" bw="64" slack="3"/>
</pin_list>
<bind>
<opset="s_load "/>
</bind>
</comp>

<comp id="494" class="1005" name="sm_load_3_reg_494">
<pin_list>
<pin id="495" dir="0" index="0" bw="8" slack="2"/>
<pin id="496" dir="1" index="1" bw="8" slack="2"/>
</pin_list>
<bind>
<opset="sm_load_3 "/>
</bind>
</comp>

<comp id="499" class="1005" name="sm_load_5_reg_499">
<pin_list>
<pin id="500" dir="0" index="0" bw="8" slack="2"/>
<pin id="501" dir="1" index="1" bw="8" slack="2"/>
</pin_list>
<bind>
<opset="sm_load_5 "/>
</bind>
</comp>

<comp id="504" class="1005" name="sm_addr_26_reg_504">
<pin_list>
<pin id="505" dir="0" index="0" bw="13" slack="1"/>
<pin id="506" dir="1" index="1" bw="13" slack="1"/>
</pin_list>
<bind>
<opset="sm_addr_26 "/>
</bind>
</comp>

<comp id="509" class="1005" name="sm_addr_27_reg_509">
<pin_list>
<pin id="510" dir="0" index="0" bw="13" slack="1"/>
<pin id="511" dir="1" index="1" bw="13" slack="1"/>
</pin_list>
<bind>
<opset="sm_addr_27 "/>
</bind>
</comp>

<comp id="514" class="1005" name="sm_load_6_reg_514">
<pin_list>
<pin id="515" dir="0" index="0" bw="8" slack="1"/>
<pin id="516" dir="1" index="1" bw="8" slack="1"/>
</pin_list>
<bind>
<opset="sm_load_6 "/>
</bind>
</comp>

<comp id="519" class="1005" name="sm_load_7_reg_519">
<pin_list>
<pin id="520" dir="0" index="0" bw="8" slack="1"/>
<pin id="521" dir="1" index="1" bw="8" slack="1"/>
</pin_list>
<bind>
<opset="sm_load_7 "/>
</bind>
</comp>

<comp id="524" class="1005" name="sm_addr_28_reg_524">
<pin_list>
<pin id="525" dir="0" index="0" bw="13" slack="1"/>
<pin id="526" dir="1" index="1" bw="13" slack="1"/>
</pin_list>
<bind>
<opset="sm_addr_28 "/>
</bind>
</comp>

<comp id="529" class="1005" name="sm_addr_29_reg_529">
<pin_list>
<pin id="530" dir="0" index="0" bw="13" slack="1"/>
<pin id="531" dir="1" index="1" bw="13" slack="1"/>
</pin_list>
<bind>
<opset="sm_addr_29 "/>
</bind>
</comp>

</comp_list>

<net_list>
<net id="71"><net_src comp="12" pin="0"/><net_sink comp="68" pin=0"/></net>

<net id="75"><net_src comp="12" pin="0"/><net_sink comp="72" pin=0"/></net>

<net id="79"><net_src comp="12" pin="0"/><net_sink comp="76" pin=0"/></net>

<net id="84"><net_src comp="14" pin="0"/><net_sink comp="80" pin=0"/></net>

<net id="85"><net_src comp="8" pin="0"/><net_sink comp="80" pin=1"/></net>

<net id="90"><net_src comp="16" pin="0"/><net_sink comp="86" pin=0"/></net>

<net id="91"><net_src comp="4" pin="0"/><net_sink comp="86" pin=1"/></net>

<net id="96"><net_src comp="18" pin="0"/><net_sink comp="92" pin=0"/></net>

<net id="97"><net_src comp="2" pin="0"/><net_sink comp="92" pin=1"/></net>

<net id="102"><net_src comp="20" pin="0"/><net_sink comp="98" pin=0"/></net>

<net id="103"><net_src comp="0" pin="0"/><net_sink comp="98" pin=1"/></net>

<net id="109"><net_src comp="6" pin="0"/><net_sink comp="104" pin=0"/></net>

<net id="110"><net_src comp="34" pin="0"/><net_sink comp="104" pin=1"/></net>

<net id="120"><net_src comp="104" pin="3"/><net_sink comp="111" pin=2"/></net>

<net id="126"><net_src comp="6" pin="0"/><net_sink comp="121" pin=0"/></net>

<net id="127"><net_src comp="34" pin="0"/><net_sink comp="121" pin=1"/></net>

<net id="128"><net_src comp="121" pin="3"/><net_sink comp="111" pin=0"/></net>

<net id="134"><net_src comp="10" pin="0"/><net_sink comp="129" pin=0"/></net>

<net id="135"><net_src comp="34" pin="0"/><net_sink comp="129" pin=1"/></net>

<net id="145"><net_src comp="129" pin="3"/><net_sink comp="136" pin=2"/></net>

<net id="151"><net_src comp="6" pin="0"/><net_sink comp="146" pin=0"/></net>

<net id="152"><net_src comp="34" pin="0"/><net_sink comp="146" pin=1"/></net>

<net id="153"><net_src comp="146" pin="3"/><net_sink comp="111" pin=2"/></net>

<net id="159"><net_src comp="6" pin="0"/><net_sink comp="154" pin=0"/></net>

<net id="160"><net_src comp="34" pin="0"/><net_sink comp="154" pin=1"/></net>

<net id="161"><net_src comp="154" pin="3"/><net_sink comp="111" pin=0"/></net>

<net id="167"><net_src comp="6" pin="0"/><net_sink comp="162" pin=0"/></net>

<net id="168"><net_src comp="34" pin="0"/><net_sink comp="162" pin=1"/></net>

<net id="169"><net_src comp="162" pin="3"/><net_sink comp="111" pin=2"/></net>

<net id="175"><net_src comp="6" pin="0"/><net_sink comp="170" pin=0"/></net>

<net id="176"><net_src comp="34" pin="0"/><net_sink comp="170" pin=1"/></net>

<net id="177"><net_src comp="170" pin="3"/><net_sink comp="111" pin=0"/></net>

<net id="183"><net_src comp="6" pin="0"/><net_sink comp="178" pin=0"/></net>

<net id="184"><net_src comp="34" pin="0"/><net_sink comp="178" pin=1"/></net>

<net id="185"><net_src comp="178" pin="3"/><net_sink comp="111" pin=2"/></net>

<net id="191"><net_src comp="6" pin="0"/><net_sink comp="186" pin=0"/></net>

<net id="192"><net_src comp="34" pin="0"/><net_sink comp="186" pin=1"/></net>

<net id="193"><net_src comp="186" pin="3"/><net_sink comp="111" pin=0"/></net>

<net id="197"><net_src comp="92" pin="2"/><net_sink comp="194" pin=0"/></net>

<net id="202"><net_src comp="32" pin="0"/><net_sink comp="198" pin=0"/></net>

<net id="207"><net_src comp="34" pin="0"/><net_sink comp="203" pin=0"/></net>

<net id="212"><net_src comp="36" pin="0"/><net_sink comp="208" pin=0"/></net>

<net id="220"><net_src comp="213" pin="1"/><net_sink comp="216" pin=0"/></net>

<net id="225"><net_src comp="213" pin="1"/><net_sink comp="221" pin=0"/></net>

<net id="226"><net_src comp="42" pin="0"/><net_sink comp="221" pin=1"/></net>

<net id="230"><net_src comp="213" pin="1"/><net_sink comp="227" pin=0"/></net>

<net id="234"><net_src comp="213" pin="1"/><net_sink comp="231" pin=0"/></net>

<net id="240"><net_src comp="44" pin="0"/><net_sink comp="235" pin=0"/></net>

<net id="241"><net_src comp="231" pin="1"/><net_sink comp="235" pin=1"/></net>

<net id="242"><net_src comp="46" pin="0"/><net_sink comp="235" pin=2"/></net>

<net id="247"><net_src comp="235" pin="3"/><net_sink comp="243" pin=0"/></net>

<net id="252"><net_src comp="243" pin="2"/><net_sink comp="248" pin=0"/></net>

<net id="256"><net_src comp="248" pin="2"/><net_sink comp="253" pin=0"/></net>

<net id="257"><net_src comp="253" pin="1"/><net_sink comp="104" pin=2"/></net>

<net id="262"><net_src comp="248" pin="2"/><net_sink comp="258" pin=0"/></net>

<net id="263"><net_src comp="48" pin="0"/><net_sink comp="258" pin=1"/></net>

<net id="267"><net_src comp="258" pin="2"/><net_sink comp="264" pin=0"/></net>

<net id="268"><net_src comp="264" pin="1"/><net_sink comp="121" pin=2"/></net>

<net id="273"><net_src comp="227" pin="1"/><net_sink comp="269" pin=0"/></net>

<net id="277"><net_src comp="269" pin="2"/><net_sink comp="274" pin=0"/></net>

<net id="278"><net_src comp="274" pin="1"/><net_sink comp="129" pin=2"/></net>

<net id="286"><net_src comp="279" pin="1"/><net_sink comp="282" pin=0"/></net>

<net id="287"><net_src comp="274" pin="1"/><net_sink comp="282" pin=1"/></net>

<net id="292"><net_src comp="274" pin="1"/><net_sink comp="288" pin=0"/></net>

<net id="297"><net_src comp="221" pin="2"/><net_sink comp="293" pin=0"/></net>

<net id="302"><net_src comp="50" pin="0"/><net_sink comp="298" pin=1"/></net>

<net id="306"><net_src comp="298" pin="2"/><net_sink comp="303" pin=0"/></net>

<net id="307"><net_src comp="303" pin="1"/><net_sink comp="146" pin=2"/></net>

<net id="312"><net_src comp="52" pin="0"/><net_sink comp="308" pin=1"/></net>

<net id="316"><net_src comp="308" pin="2"/><net_sink comp="313" pin=0"/></net>

<net id="317"><net_src comp="313" pin="1"/><net_sink comp="154" pin=2"/></net>

<net id="322"><net_src comp="54" pin="0"/><net_sink comp="318" pin=1"/></net>

<net id="326"><net_src comp="318" pin="2"/><net_sink comp="323" pin=0"/></net>

<net id="327"><net_src comp="323" pin="1"/><net_sink comp="162" pin=2"/></net>

<net id="332"><net_src comp="56" pin="0"/><net_sink comp="328" pin=1"/></net>

<net id="336"><net_src comp="328" pin="2"/><net_sink comp="333" pin=0"/></net>

<net id="337"><net_src comp="333" pin="1"/><net_sink comp="170" pin=2"/></net>

<net id="342"><net_src comp="58" pin="0"/><net_sink comp="338" pin=1"/></net>

<net id="346"><net_src comp="338" pin="2"/><net_sink comp="343" pin=0"/></net>

<net id="347"><net_src comp="343" pin="1"/><net_sink comp="178" pin=2"/></net>

<net id="352"><net_src comp="60" pin="0"/><net_sink comp="348" pin=1"/></net>

<net id="356"><net_src comp="348" pin="2"/><net_sink comp="353" pin=0"/></net>

<net id="357"><net_src comp="353" pin="1"/><net_sink comp="186" pin=2"/></net>

<net id="369"><net_src comp="66" pin="0"/><net_sink comp="358" pin=0"/></net>

<net id="370"><net_src comp="111" pin="3"/><net_sink comp="358" pin=1"/></net>

<net id="371"><net_src comp="111" pin="7"/><net_sink comp="358" pin=2"/></net>

<net id="380"><net_src comp="372" pin="1"/><net_sink comp="375" pin=1"/></net>

<net id="385"><net_src comp="375" pin="3"/><net_sink comp="381" pin=0"/></net>

<net id="386"><net_src comp="358" pin="9"/><net_sink comp="381" pin=1"/></net>

<net id="387"><net_src comp="381" pin="2"/><net_sink comp="136" pin=1"/></net>

<net id="392"><net_src comp="381" pin="2"/><net_sink comp="388" pin=0"/></net>

<net id="396"><net_src comp="68" pin="1"/><net_sink comp="393" pin=0"/></net>

<net id="397"><net_src comp="393" pin="1"/><net_sink comp="208" pin=1"/></net>

<net id="398"><net_src comp="393" pin="1"/><net_sink comp="279" pin=0"/></net>

<net id="399"><net_src comp="393" pin="1"/><net_sink comp="288" pin=1"/></net>

<net id="403"><net_src comp="72" pin="1"/><net_sink comp="400" pin=0"/></net>

<net id="404"><net_src comp="400" pin="1"/><net_sink comp="203" pin=1"/></net>

<net id="405"><net_src comp="400" pin="1"/><net_sink comp="372" pin=0"/></net>

<net id="406"><net_src comp="400" pin="1"/><net_sink comp="388" pin=1"/></net>

<net id="410"><net_src comp="76" pin="1"/><net_sink comp="407" pin=0"/></net>

<net id="411"><net_src comp="407" pin="1"/><net_sink comp="198" pin=1"/></net>

<net id="412"><net_src comp="407" pin="1"/><net_sink comp="213" pin=0"/></net>

<net id="413"><net_src comp="407" pin="1"/><net_sink comp="293" pin=1"/></net>

<net id="417"><net_src comp="80" pin="2"/><net_sink comp="414" pin=0"/></net>

<net id="418"><net_src comp="414" pin="1"/><net_sink comp="269" pin=1"/></net>

<net id="422"><net_src comp="86" pin="2"/><net_sink comp="419" pin=0"/></net>

<net id="423"><net_src comp="419" pin="1"/><net_sink comp="248" pin=1"/></net>

<net id="427"><net_src comp="98" pin="2"/><net_sink comp="424" pin=0"/></net>

<net id="428"><net_src comp="424" pin="1"/><net_sink comp="216" pin=1"/></net>

<net id="432"><net_src comp="194" pin="1"/><net_sink comp="429" pin=0"/></net>

<net id="433"><net_src comp="429" pin="1"/><net_sink comp="243" pin=1"/></net>

<net id="437"><net_src comp="216" pin="2"/><net_sink comp="434" pin=0"/></net>

<net id="441"><net_src comp="248" pin="2"/><net_sink comp="438" pin=0"/></net>

<net id="442"><net_src comp="438" pin="1"/><net_sink comp="298" pin=0"/></net>

<net id="443"><net_src comp="438" pin="1"/><net_sink comp="308" pin=0"/></net>

<net id="444"><net_src comp="438" pin="1"/><net_sink comp="318" pin=0"/></net>

<net id="445"><net_src comp="438" pin="1"/><net_sink comp="328" pin=0"/></net>

<net id="446"><net_src comp="438" pin="1"/><net_sink comp="338" pin=0"/></net>

<net id="447"><net_src comp="438" pin="1"/><net_sink comp="348" pin=0"/></net>

<net id="451"><net_src comp="104" pin="3"/><net_sink comp="448" pin=0"/></net>

<net id="452"><net_src comp="448" pin="1"/><net_sink comp="111" pin=2"/></net>

<net id="456"><net_src comp="121" pin="3"/><net_sink comp="453" pin=0"/></net>

<net id="457"><net_src comp="453" pin="1"/><net_sink comp="111" pin=0"/></net>

<net id="461"><net_src comp="129" pin="3"/><net_sink comp="458" pin=0"/></net>

<net id="462"><net_src comp="458" pin="1"/><net_sink comp="136" pin=2"/></net>

<net id="463"><net_src comp="458" pin="1"/><net_sink comp="136" pin=0"/></net>

<net id="467"><net_src comp="282" pin="2"/><net_sink comp="464" pin=0"/></net>

<net id="468"><net_src comp="464" pin="1"/><net_sink comp="375" pin=0"/></net>

<net id="472"><net_src comp="111" pin="7"/><net_sink comp="469" pin=0"/></net>

<net id="473"><net_src comp="469" pin="1"/><net_sink comp="358" pin=8"/></net>

<net id="477"><net_src comp="111" pin="3"/><net_sink comp="474" pin=0"/></net>

<net id="478"><net_src comp="474" pin="1"/><net_sink comp="358" pin=7"/></net>

<net id="482"><net_src comp="146" pin="3"/><net_sink comp="479" pin=0"/></net>

<net id="483"><net_src comp="479" pin="1"/><net_sink comp="111" pin=2"/></net>

<net id="487"><net_src comp="154" pin="3"/><net_sink comp="484" pin=0"/></net>

<net id="488"><net_src comp="484" pin="1"/><net_sink comp="111" pin=0"/></net>

<net id="492"><net_src comp="136" pin="7"/><net_sink comp="489" pin=0"/></net>

<net id="493"><net_src comp="489" pin="1"/><net_sink comp="375" pin=2"/></net>

<net id="497"><net_src comp="111" pin="7"/><net_sink comp="494" pin=0"/></net>

<net id="498"><net_src comp="494" pin="1"/><net_sink comp="358" pin=6"/></net>

<net id="502"><net_src comp="111" pin="3"/><net_sink comp="499" pin=0"/></net>

<net id="503"><net_src comp="499" pin="1"/><net_sink comp="358" pin=5"/></net>

<net id="507"><net_src comp="162" pin="3"/><net_sink comp="504" pin=0"/></net>

<net id="508"><net_src comp="504" pin="1"/><net_sink comp="111" pin=2"/></net>

<net id="512"><net_src comp="170" pin="3"/><net_sink comp="509" pin=0"/></net>

<net id="513"><net_src comp="509" pin="1"/><net_sink comp="111" pin=0"/></net>

<net id="517"><net_src comp="111" pin="7"/><net_sink comp="514" pin=0"/></net>

<net id="518"><net_src comp="514" pin="1"/><net_sink comp="358" pin=4"/></net>

<net id="522"><net_src comp="111" pin="3"/><net_sink comp="519" pin=0"/></net>

<net id="523"><net_src comp="519" pin="1"/><net_sink comp="358" pin=3"/></net>

<net id="527"><net_src comp="178" pin="3"/><net_sink comp="524" pin=0"/></net>

<net id="528"><net_src comp="524" pin="1"/><net_sink comp="111" pin=2"/></net>

<net id="532"><net_src comp="186" pin="3"/><net_sink comp="529" pin=0"/></net>

<net id="533"><net_src comp="529" pin="1"/><net_sink comp="111" pin=0"/></net>

</net_list>

</model> 
---------------- Datapath Model END ------------------

* FSMD analyzer results:
  - Output states:
	Port: sm | {}
	Port: s | {6 }
 - Input state : 
	Port: keccak_absorb.1_Pipeline_VITIS_LOOP_400_2 : trunc_ln400_1 | {1 }
	Port: keccak_absorb.1_Pipeline_VITIS_LOOP_400_2 : m_offset_cast | {1 }
	Port: keccak_absorb.1_Pipeline_VITIS_LOOP_400_2 : m_addr_1_idx | {1 }
	Port: keccak_absorb.1_Pipeline_VITIS_LOOP_400_2 : sm | {2 3 4 5 6 }
	Port: keccak_absorb.1_Pipeline_VITIS_LOOP_400_2 : trunc_ln57 | {1 }
	Port: keccak_absorb.1_Pipeline_VITIS_LOOP_400_2 : s | {2 3 }
  - Chain level:
	State 1
		store_ln0 : 1
		store_ln0 : 1
		store_ln0 : 1
	State 2
		icmp_ln400 : 1
		add_ln400 : 1
		br_ln400 : 2
		empty : 1
		trunc_ln401 : 1
		shl_ln : 2
		add_ln31 : 3
		add_ln31_22 : 4
		zext_ln31_53 : 5
		sm_addr_21 : 6
		sm_load_1 : 7
		add_ln31_23 : 5
		zext_ln31_54 : 6
		sm_addr_22 : 7
		sm_load_2 : 8
		add_ln401 : 2
		zext_ln401 : 3
		s_addr : 4
		s_load : 5
		addr_cmp : 4
		store_ln401 : 4
		store_ln400 : 2
	State 3
		zext_ln31 : 1
		sm_addr_23 : 2
		sm_load_3 : 3
		zext_ln31_55 : 1
		sm_addr_25 : 2
		sm_load_5 : 3
	State 4
		zext_ln31_56 : 1
		sm_addr_26 : 2
		sm_load_6 : 3
		zext_ln31_57 : 1
		sm_addr_27 : 2
		sm_load_7 : 3
	State 5
		zext_ln31_58 : 1
		sm_addr_28 : 2
		sm_load_8 : 3
		zext_ln31_59 : 1
		sm_addr_29 : 2
		sm_load_9 : 3
	State 6
		r_3_7 : 1
		reuse_select : 1
		xor_ln401 : 2
		store_ln401 : 2
		store_ln401 : 2


============================================================
+ Verbose Summary: Datapath Resource usage 
============================================================

* Functional unit list:
|----------|-------------------------------|---------|---------|
| Operation|        Functional Unit        |    FF   |   LUT   |
|----------|-------------------------------|---------|---------|
|          |        add_ln400_fu_221       |    0    |    36   |
|          |        add_ln31_fu_243        |    0    |    13   |
|          |       add_ln31_22_fu_248      |    0    |    13   |
|          |       add_ln31_23_fu_258      |    0    |    20   |
|          |        add_ln401_fu_269       |    0    |    13   |
|    add   |       add_ln31_24_fu_298      |    0    |    20   |
|          |       add_ln31_25_fu_308      |    0    |    20   |
|          |       add_ln31_26_fu_318      |    0    |    20   |
|          |       add_ln31_27_fu_328      |    0    |    20   |
|          |       add_ln31_28_fu_338      |    0    |    20   |
|          |       add_ln31_29_fu_348      |    0    |    20   |
|----------|-------------------------------|---------|---------|
|  select  |      reuse_select_fu_375      |    0    |    64   |
|----------|-------------------------------|---------|---------|
|    xor   |        xor_ln401_fu_381       |    0    |    64   |
|----------|-------------------------------|---------|---------|
|   icmp   |       icmp_ln400_fu_216       |    0    |    17   |
|          |        addr_cmp_fu_282        |    0    |    29   |
|----------|-------------------------------|---------|---------|
|          |   trunc_ln57_read_read_fu_80  |    0    |    0    |
|   read   |  m_addr_1_idx_read_read_fu_86 |    0    |    0    |
|          | m_offset_cast_read_read_fu_92 |    0    |    0    |
|          | trunc_ln400_1_read_read_fu_98 |    0    |    0    |
|----------|-------------------------------|---------|---------|
|          |   m_offset_cast_cast_fu_194   |    0    |    0    |
|          |      zext_ln31_53_fu_253      |    0    |    0    |
|          |      zext_ln31_54_fu_264      |    0    |    0    |
|          |       zext_ln401_fu_274       |    0    |    0    |
|   zext   |        zext_ln31_fu_303       |    0    |    0    |
|          |      zext_ln31_55_fu_313      |    0    |    0    |
|          |      zext_ln31_56_fu_323      |    0    |    0    |
|          |      zext_ln31_57_fu_333      |    0    |    0    |
|          |      zext_ln31_58_fu_343      |    0    |    0    |
|          |      zext_ln31_59_fu_353      |    0    |    0    |
|----------|-------------------------------|---------|---------|
|   trunc  |          empty_fu_227         |    0    |    0    |
|          |       trunc_ln401_fu_231      |    0    |    0    |
|----------|-------------------------------|---------|---------|
|bitconcatenate|         shl_ln_fu_235         |    0    |    0    |
|          |          r_3_7_fu_358         |    0    |    0    |
|----------|-------------------------------|---------|---------|
|   Total  |                               |    0    |   389   |
|----------|-------------------------------|---------|---------|

Memories:
N/A

* Register list:
+--------------------------+--------+
|                          |   FF   |
+--------------------------+--------+
|    add_ln31_22_reg_438   |   13   |
|     addr_cmp_reg_464     |    1   |
|         i_reg_407        |   29   |
|    icmp_ln400_reg_434    |    1   |
| m_addr_1_idx_read_reg_419|   13   |
|m_offset_cast_cast_reg_429|   13   |
|  reuse_addr_reg_reg_393  |   64   |
|     reuse_reg_reg_400    |   64   |
|      s_addr_reg_458      |    5   |
|      s_load_reg_489      |   64   |
|    sm_addr_21_reg_448    |   13   |
|    sm_addr_22_reg_453    |   13   |
|    sm_addr_23_reg_479    |   13   |
|    sm_addr_25_reg_484    |   13   |
|    sm_addr_26_reg_504    |   13   |
|    sm_addr_27_reg_509    |   13   |
|    sm_addr_28_reg_524    |   13   |
|    sm_addr_29_reg_529    |   13   |
|     sm_load_1_reg_469    |    8   |
|     sm_load_2_reg_474    |    8   |
|     sm_load_3_reg_494    |    8   |
|     sm_load_5_reg_499    |    8   |
|     sm_load_6_reg_514    |    8   |
|     sm_load_7_reg_519    |    8   |
|trunc_ln400_1_read_reg_424|   29   |
|  trunc_ln57_read_reg_414 |    5   |
+--------------------------+--------+
|           Total          |   453  |
+--------------------------+--------+

* Multiplexer (MUX) list: 
|-------------------|------|------|------|--------||---------||---------|
|        Comp       |  Pin | Size |  BW  | S x BW ||  Delay  ||   LUT   |
|-------------------|------|------|------|--------||---------||---------|
| grp_access_fu_111 |  p0  |   8  |  13  |   104  ||    33   |
| grp_access_fu_111 |  p2  |   8  |   0  |    0   ||    33   |
| grp_access_fu_136 |  p2  |   2  |   0  |    0   ||    9    |
|-------------------|------|------|------|--------||---------||---------|
|       Total       |      |      |      |   104  || 4.27457 ||    75   |
|-------------------|------|------|------|--------||---------||---------|



* Summary:
+-----------+--------+--------+--------+
|           |  Delay |   FF   |   LUT  |
+-----------+--------+--------+--------+
|  Function |    -   |    0   |   389  |
|   Memory  |    -   |    -   |    -   |
|Multiplexer|    4   |    -   |   75   |
|  Register |    -   |   453  |    -   |
+-----------+--------+--------+--------+
|   Total   |    4   |   453  |   464  |
+-----------+--------+--------+--------+
