

================================================================
== Vitis HLS Report for 'pqcrystals_dilithium2_ref_poly_uniform_Pipeline_VITIS_LOOP_379_2'
================================================================
* Date:           Fri Mar 10 17:23:23 2023

* Version:        2022.2 (Build 3670227 on Oct 13 2022)
* Project:        crypto_sign
* Solution:       solution2 (Vivado IP Flow Target)
* Product family: artix7
* Target device:  xc7a200t-fbg676-2


================================================================
== Performance Estimates
================================================================
+ Timing: 
    * Summary: 
    +--------+----------+----------+------------+
    |  Clock |  Target  | Estimated| Uncertainty|
    +--------+----------+----------+------------+
    |ap_clk  |  50.00 ns|  6.620 ns|    13.50 ns|
    +--------+----------+----------+------------+

+ Latency: 
    * Summary: 
    +---------+---------+----------+----------+-----+-----+---------+
    |  Latency (cycles) |  Latency (absolute) |  Interval | Pipeline|
    |   min   |   max   |    min   |    max   | min | max |   Type  |
    +---------+---------+----------+----------+-----+-----+---------+
    |        2|        4|  0.100 us|  0.200 us|    2|    4|       no|
    +---------+---------+----------+----------+-----+-----+---------+

    + Detail: 
        * Instance: 
        N/A

        * Loop: 
        +--------------------+---------+---------+----------+-----------+-----------+-------+----------+
        |                    |  Latency (cycles) | Iteration|  Initiation Interval  |  Trip |          |
        |      Loop Name     |   min   |   max   |  Latency |  achieved |   target  | Count | Pipelined|
        +--------------------+---------+---------+----------+-----------+-----------+-------+----------+
        |- VITIS_LOOP_379_2  |        0|        2|         2|          1|          1|  0 ~ 2|       yes|
        +--------------------+---------+---------+----------+-----------+-----------+-------+----------+



================================================================
== Utilization Estimates
================================================================
* Summary: 
+-----------------+---------+-----+--------+--------+-----+
|       Name      | BRAM_18K| DSP |   FF   |   LUT  | URAM|
+-----------------+---------+-----+--------+--------+-----+
|DSP              |        -|    -|       -|       -|    -|
|Expression       |        -|    -|       0|      74|    -|
|FIFO             |        -|    -|       -|       -|    -|
|Instance         |        -|    -|       -|       -|    -|
|Memory           |        -|    -|       -|       -|    -|
|Multiplexer      |        -|    -|       -|      54|    -|
|Register         |        -|    -|      91|       -|    -|
+-----------------+---------+-----+--------+--------+-----+
|Total            |        0|    0|      91|     128|    0|
+-----------------+---------+-----+--------+--------+-----+
|Available        |      730|  740|  269200|  134600|    0|
+-----------------+---------+-----+--------+--------+-----+
|Utilization (%)  |        0|    0|      ~0|      ~0|    0|
+-----------------+---------+-----+--------+--------+-----+

+ Detail: 
    * Instance: 
    N/A

    * DSP: 
    N/A

    * Memory: 
    N/A

    * FIFO: 
    N/A

    * Expression: 
    +----------------------+----------+----+---+----+------------+------------+
    |     Variable Name    | Operation| DSP| FF| LUT| Bitwidth P0| Bitwidth P1|
    +----------------------+----------+----+---+----+------------+------------+
    |add_ln379_fu_114_p2   |         +|   0|  0|  10|           2|           1|
    |add_ln380_fu_132_p2   |         +|   0|  0|  17|          10|          10|
    |addr_cmp_fu_145_p2    |      icmp|   0|  0|  29|          64|          64|
    |icmp_ln379_fu_109_p2  |      icmp|   0|  0|   8|           2|           2|
    |buf_r_d0              |    select|   0|  0|   8|           1|           8|
    |ap_enable_pp0         |       xor|   0|  0|   2|           1|           2|
    +----------------------+----------+----+---+----+------------+------------+
    |Total                 |          |   0|  0|  74|          80|          87|
    +----------------------+----------+----+---+----+------------+------------+

    * Multiplexer: 
    +-------------------------+----+-----------+-----+-----------+
    |           Name          | LUT| Input Size| Bits| Total Bits|
    +-------------------------+----+-----------+-----+-----------+
    |ap_done_int              |   9|          2|    1|          2|
    |ap_enable_reg_pp0_iter1  |   9|          2|    1|          2|
    |ap_enable_reg_pp0_iter2  |   9|          2|    1|          2|
    |i_fu_46                  |   9|          2|    2|          4|
    |reuse_addr_reg_fu_38     |   9|          2|   64|        128|
    |reuse_reg_fu_42          |   9|          2|    8|         16|
    +-------------------------+----+-----------+-----+-----------+
    |Total                    |  54|         12|   77|        154|
    +-------------------------+----+-----------+-----+-----------+

    * Register: 
    +-------------------------+----+----+-----+-----------+
    |           Name          | FF | LUT| Bits| Const Bits|
    +-------------------------+----+----+-----+-----------+
    |addr_cmp_reg_221         |   1|   0|    1|          0|
    |ap_CS_fsm                |   1|   0|    1|          0|
    |ap_done_reg              |   1|   0|    1|          0|
    |ap_enable_reg_pp0_iter1  |   1|   0|    1|          0|
    |ap_enable_reg_pp0_iter2  |   1|   0|    1|          0|
    |i_66_cast_reg_211        |   2|   0|   64|         62|
    |i_fu_46                  |   2|   0|    2|          0|
    |reuse_addr_reg_fu_38     |  64|   0|   64|          0|
    |reuse_reg_fu_42          |   8|   0|    8|          0|
    |sext_ln379_cast_reg_203  |  10|   0|   10|          0|
    +-------------------------+----+----+-----+-----------+
    |Total                    |  91|   0|  153|         62|
    +-------------------------+----+----+-----+-----------+



================================================================
== Interface
================================================================
* Summary: 
+----------------+-----+-----+------------+------------------------------------------------------------------+--------------+
|    RTL Ports   | Dir | Bits|  Protocol  |                           Source Object                          |    C Type    |
+----------------+-----+-----+------------+------------------------------------------------------------------+--------------+
|ap_clk          |   in|    1|  ap_ctrl_hs|  pqcrystals_dilithium2_ref_poly_uniform_Pipeline_VITIS_LOOP_379_2|  return value|
|ap_rst          |   in|    1|  ap_ctrl_hs|  pqcrystals_dilithium2_ref_poly_uniform_Pipeline_VITIS_LOOP_379_2|  return value|
|ap_start        |   in|    1|  ap_ctrl_hs|  pqcrystals_dilithium2_ref_poly_uniform_Pipeline_VITIS_LOOP_379_2|  return value|
|ap_done         |  out|    1|  ap_ctrl_hs|  pqcrystals_dilithium2_ref_poly_uniform_Pipeline_VITIS_LOOP_379_2|  return value|
|ap_idle         |  out|    1|  ap_ctrl_hs|  pqcrystals_dilithium2_ref_poly_uniform_Pipeline_VITIS_LOOP_379_2|  return value|
|ap_ready        |  out|    1|  ap_ctrl_hs|  pqcrystals_dilithium2_ref_poly_uniform_Pipeline_VITIS_LOOP_379_2|  return value|
|trunc_ln367_1   |   in|    2|     ap_none|                                                     trunc_ln367_1|        scalar|
|sext_ln379      |   in|    9|     ap_none|                                                        sext_ln379|        scalar|
|buf_r_address0  |  out|   10|   ap_memory|                                                             buf_r|         array|
|buf_r_ce0       |  out|    1|   ap_memory|                                                             buf_r|         array|
|buf_r_we0       |  out|    1|   ap_memory|                                                             buf_r|         array|
|buf_r_d0        |  out|    8|   ap_memory|                                                             buf_r|         array|
|buf_r_address1  |  out|   10|   ap_memory|                                                             buf_r|         array|
|buf_r_ce1       |  out|    1|   ap_memory|                                                             buf_r|         array|
|buf_r_q1        |   in|    8|   ap_memory|                                                             buf_r|         array|
+----------------+-----+-----+------------+------------------------------------------------------------------+--------------+

============================================================
+ Verbose Summary: Synthesis Manager
============================================================
InlineROM: 1
ExposeGlobal: 0
============================================================
+ Verbose Summary: CDFG Model
============================================================
IsTopModel: 0
ResetActiveHigh: 1
IsCombinational: 2
IsDatapathOnly: 2
HasWiredReturn: 1
HasMFsm: 2
HasVarLatency: 1
IsPipeline: 0
IsRtlPipelined: 0
IsInstanceOverlapped: 0
IsDontTouch: 0
HasImplIP: 0
IsGatedGlobalClock: 0

+ Individual pipeline summary: 
  * Pipeline-0: initiation interval (II) = 1, depth = 3


============================================================
+ Verbose Summary: Schedule
============================================================
* Number of FSM states : 3
* Pipeline : 1
  Pipeline-0 : II = 1, D = 3, States = { 1 2 3 }
* Dataflow Pipeline: 0

* FSM state transitions: 
1 --> 2 
2 --> 3 
3 --> 

* FSM state operations: 

State 1 <SV = 0> <Delay = 1.32>
ST_1 : Operation 5 [1/1] (0.00ns)   --->   "%reuse_addr_reg = alloca i32 1"   --->   Operation 5 'alloca' 'reuse_addr_reg' <Predicate = true> <Delay = 0.00>
ST_1 : Operation 6 [1/1] (0.00ns)   --->   "%reuse_reg = alloca i32 1"   --->   Operation 6 'alloca' 'reuse_reg' <Predicate = true> <Delay = 0.00>
ST_1 : Operation 7 [1/1] (0.00ns)   --->   "%i = alloca i32 1"   --->   Operation 7 'alloca' 'i' <Predicate = true> <Delay = 0.00>
ST_1 : Operation 8 [1/1] (0.00ns)   --->   "%sext_ln379_read = read i9 @_ssdm_op_Read.ap_auto.i9, i9 %sext_ln379"   --->   Operation 8 'read' 'sext_ln379_read' <Predicate = true> <Delay = 0.00>
ST_1 : Operation 9 [1/1] (0.00ns)   --->   "%trunc_ln367_1_read = read i2 @_ssdm_op_Read.ap_auto.i2, i2 %trunc_ln367_1"   --->   Operation 9 'read' 'trunc_ln367_1_read' <Predicate = true> <Delay = 0.00>
ST_1 : Operation 10 [1/1] (0.00ns)   --->   "%sext_ln379_cast = sext i9 %sext_ln379_read"   --->   Operation 10 'sext' 'sext_ln379_cast' <Predicate = true> <Delay = 0.00>
ST_1 : Operation 11 [1/1] (1.32ns)   --->   "%store_ln0 = store i2 0, i2 %i"   --->   Operation 11 'store' 'store_ln0' <Predicate = true> <Delay = 1.32>
ST_1 : Operation 12 [1/1] (1.32ns)   --->   "%store_ln0 = store i8 0, i8 %reuse_reg"   --->   Operation 12 'store' 'store_ln0' <Predicate = true> <Delay = 1.32>
ST_1 : Operation 13 [1/1] (1.32ns)   --->   "%store_ln0 = store i64 18446744073709551615, i64 %reuse_addr_reg"   --->   Operation 13 'store' 'store_ln0' <Predicate = true> <Delay = 1.32>
ST_1 : Operation 14 [1/1] (0.00ns)   --->   "%br_ln0 = br void %for.inc"   --->   Operation 14 'br' 'br_ln0' <Predicate = true> <Delay = 0.00>

State 2 <SV = 1> <Delay = 4.50>
ST_2 : Operation 15 [1/1] (0.00ns)   --->   "%i_40 = load i2 %i" [dilithium2/poly.c:380]   --->   Operation 15 'load' 'i_40' <Predicate = true> <Delay = 0.00>
ST_2 : Operation 16 [1/1] (0.00ns)   --->   "%specpipeline_ln0 = specpipeline void @_ssdm_op_SpecPipeline, i32 4294967295, i32 0, i32 1, i32 0, void @p_str"   --->   Operation 16 'specpipeline' 'specpipeline_ln0' <Predicate = true> <Delay = 0.00>
ST_2 : Operation 17 [1/1] (0.79ns)   --->   "%icmp_ln379 = icmp_eq  i2 %i_40, i2 %trunc_ln367_1_read" [dilithium2/poly.c:379]   --->   Operation 17 'icmp' 'icmp_ln379' <Predicate = true> <Delay = 0.79> <CoreInst = "Cmp">   --->   Core 9 'Cmp' <Latency = 0> <II = 1> <Delay = 0.79> <FuncUnit> <Opcode : 'icmp'> <InPorts = 2> <OutPorts = 1>
ST_2 : Operation 18 [1/1] (0.00ns)   --->   "%empty = speclooptripcount i32 @_ssdm_op_SpecLoopTripCount, i64 0, i64 2, i64 0"   --->   Operation 18 'speclooptripcount' 'empty' <Predicate = true> <Delay = 0.00>
ST_2 : Operation 19 [1/1] (1.20ns)   --->   "%add_ln379 = add i2 %i_40, i2 1" [dilithium2/poly.c:379]   --->   Operation 19 'add' 'add_ln379' <Predicate = true> <Delay = 1.20> <CoreInst = "Adder">   --->   Core 1 'Adder' <Latency = 0> <II = 1> <Delay = 1.20> <FuncUnit> <Opcode : 'add' 'sub'> <InPorts = 2> <OutPorts = 1>
ST_2 : Operation 20 [1/1] (0.00ns)   --->   "%br_ln379 = br i1 %icmp_ln379, void %for.inc.split, void %VITIS_LOOP_476_2.i.i17.loopexit.exitStub" [dilithium2/poly.c:379]   --->   Operation 20 'br' 'br_ln379' <Predicate = true> <Delay = 0.00>
ST_2 : Operation 21 [1/1] (0.00ns)   --->   "%i_66_cast = zext i2 %i_40" [dilithium2/poly.c:380]   --->   Operation 21 'zext' 'i_66_cast' <Predicate = (!icmp_ln379)> <Delay = 0.00>
ST_2 : Operation 22 [1/1] (0.00ns)   --->   "%trunc_ln380 = trunc i2 %i_40" [dilithium2/poly.c:380]   --->   Operation 22 'trunc' 'trunc_ln380' <Predicate = (!icmp_ln379)> <Delay = 0.00>
ST_2 : Operation 23 [1/1] (0.00ns)   --->   "%zext_ln380_1 = zext i1 %trunc_ln380" [dilithium2/poly.c:380]   --->   Operation 23 'zext' 'zext_ln380_1' <Predicate = (!icmp_ln379)> <Delay = 0.00>
ST_2 : Operation 24 [1/1] (1.73ns)   --->   "%add_ln380 = add i10 %sext_ln379_cast, i10 %zext_ln380_1" [dilithium2/poly.c:380]   --->   Operation 24 'add' 'add_ln380' <Predicate = (!icmp_ln379)> <Delay = 1.73> <CoreInst = "Adder">   --->   Core 1 'Adder' <Latency = 0> <II = 1> <Delay = 1.74> <FuncUnit> <Opcode : 'add' 'sub'> <InPorts = 2> <OutPorts = 1>
ST_2 : Operation 25 [1/1] (0.00ns)   --->   "%zext_ln380 = zext i10 %add_ln380" [dilithium2/poly.c:380]   --->   Operation 25 'zext' 'zext_ln380' <Predicate = (!icmp_ln379)> <Delay = 0.00>
ST_2 : Operation 26 [1/1] (0.00ns)   --->   "%buf_addr = getelementptr i8 %buf_r, i64 0, i64 %zext_ln380" [dilithium2/poly.c:380]   --->   Operation 26 'getelementptr' 'buf_addr' <Predicate = (!icmp_ln379)> <Delay = 0.00>
ST_2 : Operation 27 [1/1] (0.00ns)   --->   "%reuse_addr_reg_load = load i64 %reuse_addr_reg"   --->   Operation 27 'load' 'reuse_addr_reg_load' <Predicate = (!icmp_ln379)> <Delay = 0.00>
ST_2 : Operation 28 [2/2] (2.77ns)   --->   "%buf_load = load i10 %buf_addr" [dilithium2/poly.c:380]   --->   Operation 28 'load' 'buf_load' <Predicate = (!icmp_ln379)> <Delay = 2.77> <CoreInst = "RAM">   --->   Core 82 'RAM' <Latency = 1> <II = 1> <Delay = 2.77> <Storage> <Opcode : 'load' 'store'> <Ports = 2> <Width = 8> <Depth = 842> <RAM>
ST_2 : Operation 29 [1/1] (2.34ns)   --->   "%addr_cmp = icmp_eq  i64 %reuse_addr_reg_load, i64 %zext_ln380" [dilithium2/poly.c:380]   --->   Operation 29 'icmp' 'addr_cmp' <Predicate = (!icmp_ln379)> <Delay = 2.34> <CoreInst = "Cmp">   --->   Core 9 'Cmp' <Latency = 0> <II = 1> <Delay = 2.34> <FuncUnit> <Opcode : 'icmp'> <InPorts = 2> <OutPorts = 1>
ST_2 : Operation 30 [1/1] (1.32ns)   --->   "%store_ln380 = store i64 %i_66_cast, i64 %reuse_addr_reg" [dilithium2/poly.c:380]   --->   Operation 30 'store' 'store_ln380' <Predicate = (!icmp_ln379)> <Delay = 1.32>
ST_2 : Operation 31 [1/1] (1.32ns)   --->   "%store_ln379 = store i2 %add_ln379, i2 %i" [dilithium2/poly.c:379]   --->   Operation 31 'store' 'store_ln379' <Predicate = (!icmp_ln379)> <Delay = 1.32>
ST_2 : Operation 40 [1/1] (0.00ns)   --->   "%ret_ln0 = ret"   --->   Operation 40 'ret' 'ret_ln0' <Predicate = (icmp_ln379)> <Delay = 0.00>

State 3 <SV = 2> <Delay = 6.62>
ST_3 : Operation 32 [1/1] (0.00ns)   --->   "%specloopname_ln367 = specloopname void @_ssdm_op_SpecLoopName, void @empty_1" [dilithium2/poly.c:367]   --->   Operation 32 'specloopname' 'specloopname_ln367' <Predicate = true> <Delay = 0.00>
ST_3 : Operation 33 [1/1] (0.00ns)   --->   "%reuse_reg_load = load i8 %reuse_reg"   --->   Operation 33 'load' 'reuse_reg_load' <Predicate = (addr_cmp)> <Delay = 0.00>
ST_3 : Operation 34 [1/2] (2.77ns)   --->   "%buf_load = load i10 %buf_addr" [dilithium2/poly.c:380]   --->   Operation 34 'load' 'buf_load' <Predicate = true> <Delay = 2.77> <CoreInst = "RAM">   --->   Core 82 'RAM' <Latency = 1> <II = 1> <Delay = 2.77> <Storage> <Opcode : 'load' 'store'> <Ports = 2> <Width = 8> <Depth = 842> <RAM>
ST_3 : Operation 35 [1/1] (1.07ns)   --->   "%reuse_select = select i1 %addr_cmp, i8 %reuse_reg_load, i8 %buf_load" [dilithium2/poly.c:380]   --->   Operation 35 'select' 'reuse_select' <Predicate = true> <Delay = 1.07> <CoreInst = "Sel">   --->   Core 73 'Sel' <Latency = 0> <II = 1> <Delay = 1.07> <FuncUnit> <Opcode : 'select'> <InPorts = 3> <OutPorts = 1>
ST_3 : Operation 36 [1/1] (0.00ns)   --->   "%buf_addr_30 = getelementptr i8 %buf_r, i64 0, i64 %i_66_cast" [dilithium2/poly.c:380]   --->   Operation 36 'getelementptr' 'buf_addr_30' <Predicate = true> <Delay = 0.00>
ST_3 : Operation 37 [1/1] (2.77ns)   --->   "%store_ln380 = store i8 %reuse_select, i10 %buf_addr_30" [dilithium2/poly.c:380]   --->   Operation 37 'store' 'store_ln380' <Predicate = true> <Delay = 2.77> <CoreInst = "RAM">   --->   Core 82 'RAM' <Latency = 1> <II = 1> <Delay = 2.77> <Storage> <Opcode : 'load' 'store'> <Ports = 2> <Width = 8> <Depth = 842> <RAM>
ST_3 : Operation 38 [1/1] (1.32ns)   --->   "%store_ln380 = store i8 %reuse_select, i8 %reuse_reg" [dilithium2/poly.c:380]   --->   Operation 38 'store' 'store_ln380' <Predicate = true> <Delay = 1.32>
ST_3 : Operation 39 [1/1] (0.00ns)   --->   "%br_ln379 = br void %for.inc" [dilithium2/poly.c:379]   --->   Operation 39 'br' 'br_ln379' <Predicate = true> <Delay = 0.00>


============================================================
+ Verbose Summary: Binding
============================================================
STG Binding: 
---------------- STG Properties BEGIN ----------------
- Is combinational: 0
- Is one-state seq: 0
- Is datapath-only: 0
- Is pipelined: 0
- Is top level: 0
Port [ Return ] is wired: 1; IO mode=ap_ctrl_hs:ce=0
Port [ trunc_ln367_1]:  wired=1; compound=0; hidden=0; nouse=0; global=0; static=0; extern=0; dir=0; type=0; pingpong=0; private_global=0; IO mode=ap_none:ce=0
Port [ sext_ln379]:  wired=1; compound=0; hidden=0; nouse=0; global=0; static=0; extern=0; dir=0; type=0; pingpong=0; private_global=0; IO mode=ap_none:ce=0
Port [ buf_r]:  wired=1; compound=1; hidden=0; nouse=0; global=0; static=0; extern=0; dir=2; type=1; pingpong=0; private_global=0; MemPort=[01]; IO mode=ap_memory:ce=0
---------------- STG Properties END ------------------

---------------- Datapath Model BEGIN ----------------

<LifeTime>
<method=bitvector/>
reuse_addr_reg      (alloca           ) [ 0110]
reuse_reg           (alloca           ) [ 0111]
i                   (alloca           ) [ 0110]
sext_ln379_read     (read             ) [ 0000]
trunc_ln367_1_read  (read             ) [ 0110]
sext_ln379_cast     (sext             ) [ 0110]
store_ln0           (store            ) [ 0000]
store_ln0           (store            ) [ 0000]
store_ln0           (store            ) [ 0000]
br_ln0              (br               ) [ 0000]
i_40                (load             ) [ 0000]
specpipeline_ln0    (specpipeline     ) [ 0000]
icmp_ln379          (icmp             ) [ 0110]
empty               (speclooptripcount) [ 0000]
add_ln379           (add              ) [ 0000]
br_ln379            (br               ) [ 0000]
i_66_cast           (zext             ) [ 0101]
trunc_ln380         (trunc            ) [ 0000]
zext_ln380_1        (zext             ) [ 0000]
add_ln380           (add              ) [ 0000]
zext_ln380          (zext             ) [ 0000]
buf_addr            (getelementptr    ) [ 0101]
reuse_addr_reg_load (load             ) [ 0000]
addr_cmp            (icmp             ) [ 0101]
store_ln380         (store            ) [ 0000]
store_ln379         (store            ) [ 0000]
specloopname_ln367  (specloopname     ) [ 0000]
reuse_reg_load      (load             ) [ 0000]
buf_load            (load             ) [ 0000]
reuse_select        (select           ) [ 0000]
buf_addr_30         (getelementptr    ) [ 0000]
store_ln380         (store            ) [ 0000]
store_ln380         (store            ) [ 0000]
br_ln379            (br               ) [ 0000]
ret_ln0             (ret              ) [ 0000]
</LifeTime>

<model>

<comp_list>
<comp id="0" class="1000" name="trunc_ln367_1">
<pin_list>
<pin id="1" dir="1" index="0" bw="1" slack="0"/>
</pin_list>
<bind>
<StgValue><ssdm name="trunc_ln367_1"/></StgValue>
</bind>
</comp>

<comp id="2" class="1000" name="sext_ln379">
<pin_list>
<pin id="3" dir="1" index="0" bw="1" slack="0"/>
</pin_list>
<bind>
<StgValue><ssdm name="sext_ln379"/></StgValue>
</bind>
</comp>

<comp id="4" class="1000" name="buf_r">
<pin_list>
<pin id="5" dir="1" index="0" bw="1" slack="0"/>
</pin_list>
<bind>
<StgValue><ssdm name="buf_r"/><MemPortTyVec>0 1 </MemPortTyVec>
</StgValue>
</bind>
</comp>

<comp id="6" class="1001" name="const_6">
<pin_list>
<pin id="7" dir="1" index="0" bw="1" slack="0"/>
</pin_list>
<bind>
<StgValue><ssdm name=""/></StgValue>
</bind>
</comp>

<comp id="8" class="1001" name="const_8">
<pin_list>
<pin id="9" dir="1" index="0" bw="1" slack="0"/>
</pin_list>
<bind>
<StgValue><ssdm name="_ssdm_op_Read.ap_auto.i9"/></StgValue>
</bind>
</comp>

<comp id="10" class="1001" name="const_10">
<pin_list>
<pin id="11" dir="1" index="0" bw="1" slack="0"/>
</pin_list>
<bind>
<StgValue><ssdm name="_ssdm_op_Read.ap_auto.i2"/></StgValue>
</bind>
</comp>

<comp id="12" class="1001" name="const_12">
<pin_list>
<pin id="13" dir="1" index="0" bw="1" slack="0"/>
</pin_list>
<bind>
<StgValue><ssdm name=""/></StgValue>
</bind>
</comp>

<comp id="14" class="1001" name="const_14">
<pin_list>
<pin id="15" dir="1" index="0" bw="1" slack="0"/>
</pin_list>
<bind>
<StgValue><ssdm name=""/></StgValue>
</bind>
</comp>

<comp id="16" class="1001" name="const_16">
<pin_list>
<pin id="17" dir="1" index="0" bw="1" slack="0"/>
</pin_list>
<bind>
<StgValue><ssdm name=""/></StgValue>
</bind>
</comp>

<comp id="18" class="1001" name="const_18">
<pin_list>
<pin id="19" dir="1" index="0" bw="1" slack="2147483647"/>
</pin_list>
<bind>
<StgValue><ssdm name="_ssdm_op_SpecPipeline"/></StgValue>
</bind>
</comp>

<comp id="20" class="1001" name="const_20">
<pin_list>
<pin id="21" dir="1" index="0" bw="1" slack="2147483647"/>
</pin_list>
<bind>
<StgValue><ssdm name=""/></StgValue>
</bind>
</comp>

<comp id="22" class="1001" name="const_22">
<pin_list>
<pin id="23" dir="1" index="0" bw="1" slack="2147483647"/>
</pin_list>
<bind>
<StgValue><ssdm name=""/></StgValue>
</bind>
</comp>

<comp id="24" class="1001" name="const_24">
<pin_list>
<pin id="25" dir="1" index="0" bw="1" slack="2147483647"/>
</pin_list>
<bind>
<StgValue><ssdm name="p_str"/></StgValue>
</bind>
</comp>

<comp id="26" class="1001" name="const_26">
<pin_list>
<pin id="27" dir="1" index="0" bw="1" slack="2147483647"/>
</pin_list>
<bind>
<StgValue><ssdm name="_ssdm_op_SpecLoopTripCount"/></StgValue>
</bind>
</comp>

<comp id="28" class="1001" name="const_28">
<pin_list>
<pin id="29" dir="1" index="0" bw="1" slack="0"/>
</pin_list>
<bind>
<StgValue><ssdm name=""/></StgValue>
</bind>
</comp>

<comp id="30" class="1001" name="const_30">
<pin_list>
<pin id="31" dir="1" index="0" bw="1" slack="2147483647"/>
</pin_list>
<bind>
<StgValue><ssdm name=""/></StgValue>
</bind>
</comp>

<comp id="32" class="1001" name="const_32">
<pin_list>
<pin id="33" dir="1" index="0" bw="1" slack="0"/>
</pin_list>
<bind>
<StgValue><ssdm name=""/></StgValue>
</bind>
</comp>

<comp id="34" class="1001" name="const_34">
<pin_list>
<pin id="35" dir="1" index="0" bw="1" slack="2147483647"/>
</pin_list>
<bind>
<StgValue><ssdm name="_ssdm_op_SpecLoopName"/></StgValue>
</bind>
</comp>

<comp id="36" class="1001" name="const_36">
<pin_list>
<pin id="37" dir="1" index="0" bw="1" slack="2147483647"/>
</pin_list>
<bind>
<StgValue><ssdm name="empty_1"/></StgValue>
</bind>
</comp>

<comp id="38" class="1004" name="reuse_addr_reg_fu_38">
<pin_list>
<pin id="39" dir="0" index="0" bw="1" slack="0"/>
<pin id="40" dir="1" index="1" bw="64" slack="0"/>
</pin_list>
<bind>
<opcode="alloca(26) " fcode="alloca"/>
<opset="reuse_addr_reg/1 "/>
</bind>
</comp>

<comp id="42" class="1004" name="reuse_reg_fu_42">
<pin_list>
<pin id="43" dir="0" index="0" bw="1" slack="0"/>
<pin id="44" dir="1" index="1" bw="8" slack="0"/>
</pin_list>
<bind>
<opcode="alloca(26) " fcode="alloca"/>
<opset="reuse_reg/1 "/>
</bind>
</comp>

<comp id="46" class="1004" name="i_fu_46">
<pin_list>
<pin id="47" dir="0" index="0" bw="1" slack="0"/>
<pin id="48" dir="1" index="1" bw="2" slack="0"/>
</pin_list>
<bind>
<opcode="alloca(26) " fcode="alloca"/>
<opset="i/1 "/>
</bind>
</comp>

<comp id="50" class="1004" name="sext_ln379_read_read_fu_50">
<pin_list>
<pin id="51" dir="0" index="0" bw="9" slack="0"/>
<pin id="52" dir="0" index="1" bw="9" slack="0"/>
<pin id="53" dir="1" index="2" bw="9" slack="0"/>
</pin_list>
<bind>
<opcode="read(1150) " fcode="read"/>
<opset="sext_ln379_read/1 "/>
</bind>
</comp>

<comp id="56" class="1004" name="trunc_ln367_1_read_read_fu_56">
<pin_list>
<pin id="57" dir="0" index="0" bw="2" slack="0"/>
<pin id="58" dir="0" index="1" bw="2" slack="0"/>
<pin id="59" dir="1" index="2" bw="2" slack="1"/>
</pin_list>
<bind>
<opcode="read(1150) " fcode="read"/>
<opset="trunc_ln367_1_read/1 "/>
</bind>
</comp>

<comp id="62" class="1004" name="buf_addr_gep_fu_62">
<pin_list>
<pin id="63" dir="0" index="0" bw="8" slack="0"/>
<pin id="64" dir="0" index="1" bw="1" slack="0"/>
<pin id="65" dir="0" index="2" bw="10" slack="0"/>
<pin id="66" dir="1" index="3" bw="10" slack="0"/>
</pin_list>
<bind>
<opcode="getelementptr(29) " fcode="getelementptr"/>
<opset="buf_addr/2 "/>
</bind>
</comp>

<comp id="69" class="1004" name="grp_access_fu_69">
<pin_list>
<pin id="70" dir="0" index="0" bw="10" slack="0"/>
<pin id="71" dir="0" index="1" bw="8" slack="0"/>
<pin id="72" dir="0" index="2" bw="0" slack="0"/>
<pin id="74" dir="0" index="4" bw="10" slack="2147483647"/>
<pin id="75" dir="0" index="5" bw="8" slack="2147483647"/>
<pin id="76" dir="0" index="6" bw="0" slack="2147483647"/>
<pin id="73" dir="1" index="3" bw="8" slack="2147483647"/>
<pin id="77" dir="1" index="7" bw="8" slack="0"/>
</pin_list>
<bind>
<opcode="load(27) store(28) " fcode="store"/>
<opset="buf_load/2 store_ln380/3 "/>
</bind>
</comp>

<comp id="79" class="1004" name="buf_addr_30_gep_fu_79">
<pin_list>
<pin id="80" dir="0" index="0" bw="8" slack="0"/>
<pin id="81" dir="0" index="1" bw="1" slack="0"/>
<pin id="82" dir="0" index="2" bw="2" slack="1"/>
<pin id="83" dir="1" index="3" bw="10" slack="0"/>
</pin_list>
<bind>
<opcode="getelementptr(29) " fcode="getelementptr"/>
<opset="buf_addr_30/3 "/>
</bind>
</comp>

<comp id="87" class="1004" name="sext_ln379_cast_fu_87">
<pin_list>
<pin id="88" dir="0" index="0" bw="9" slack="0"/>
<pin id="89" dir="1" index="1" bw="10" slack="1"/>
</pin_list>
<bind>
<opcode="sext(35) " fcode="sext"/>
<opset="sext_ln379_cast/1 "/>
</bind>
</comp>

<comp id="91" class="1004" name="store_ln0_store_fu_91">
<pin_list>
<pin id="92" dir="0" index="0" bw="1" slack="0"/>
<pin id="93" dir="0" index="1" bw="2" slack="0"/>
<pin id="94" dir="1" index="2" bw="0" slack="2147483647"/>
</pin_list>
<bind>
<opcode="store(28) " fcode="store"/>
<opset="store_ln0/1 "/>
</bind>
</comp>

<comp id="96" class="1004" name="store_ln0_store_fu_96">
<pin_list>
<pin id="97" dir="0" index="0" bw="1" slack="0"/>
<pin id="98" dir="0" index="1" bw="8" slack="0"/>
<pin id="99" dir="1" index="2" bw="0" slack="2147483647"/>
</pin_list>
<bind>
<opcode="store(28) " fcode="store"/>
<opset="store_ln0/1 "/>
</bind>
</comp>

<comp id="101" class="1004" name="store_ln0_store_fu_101">
<pin_list>
<pin id="102" dir="0" index="0" bw="1" slack="0"/>
<pin id="103" dir="0" index="1" bw="64" slack="0"/>
<pin id="104" dir="1" index="2" bw="0" slack="2147483647"/>
</pin_list>
<bind>
<opcode="store(28) " fcode="store"/>
<opset="store_ln0/1 "/>
</bind>
</comp>

<comp id="106" class="1004" name="i_40_load_fu_106">
<pin_list>
<pin id="107" dir="0" index="0" bw="2" slack="1"/>
<pin id="108" dir="1" index="1" bw="2" slack="0"/>
</pin_list>
<bind>
<opcode="load(27) " fcode="load"/>
<opset="i_40/2 "/>
</bind>
</comp>

<comp id="109" class="1004" name="icmp_ln379_fu_109">
<pin_list>
<pin id="110" dir="0" index="0" bw="2" slack="0"/>
<pin id="111" dir="0" index="1" bw="2" slack="1"/>
<pin id="112" dir="1" index="2" bw="1" slack="2147483647"/>
</pin_list>
<bind>
<opcode="icmp(45) " fcode="icmp"/>
<opset="icmp_ln379/2 "/>
</bind>
</comp>

<comp id="114" class="1004" name="add_ln379_fu_114">
<pin_list>
<pin id="115" dir="0" index="0" bw="2" slack="0"/>
<pin id="116" dir="0" index="1" bw="1" slack="0"/>
<pin id="117" dir="1" index="2" bw="2" slack="0"/>
</pin_list>
<bind>
<opcode="add(8) " fcode="add"/>
<opset="add_ln379/2 "/>
</bind>
</comp>

<comp id="120" class="1004" name="i_66_cast_fu_120">
<pin_list>
<pin id="121" dir="0" index="0" bw="2" slack="0"/>
<pin id="122" dir="1" index="1" bw="64" slack="0"/>
</pin_list>
<bind>
<opcode="zext(34) " fcode="zext"/>
<opset="i_66_cast/2 "/>
</bind>
</comp>

<comp id="124" class="1004" name="trunc_ln380_fu_124">
<pin_list>
<pin id="125" dir="0" index="0" bw="2" slack="0"/>
<pin id="126" dir="1" index="1" bw="1" slack="0"/>
</pin_list>
<bind>
<opcode="trunc(33) " fcode="trunc"/>
<opset="trunc_ln380/2 "/>
</bind>
</comp>

<comp id="128" class="1004" name="zext_ln380_1_fu_128">
<pin_list>
<pin id="129" dir="0" index="0" bw="1" slack="0"/>
<pin id="130" dir="1" index="1" bw="10" slack="0"/>
</pin_list>
<bind>
<opcode="zext(34) " fcode="zext"/>
<opset="zext_ln380_1/2 "/>
</bind>
</comp>

<comp id="132" class="1004" name="add_ln380_fu_132">
<pin_list>
<pin id="133" dir="0" index="0" bw="9" slack="1"/>
<pin id="134" dir="0" index="1" bw="1" slack="0"/>
<pin id="135" dir="1" index="2" bw="10" slack="0"/>
</pin_list>
<bind>
<opcode="add(8) " fcode="add"/>
<opset="add_ln380/2 "/>
</bind>
</comp>

<comp id="137" class="1004" name="zext_ln380_fu_137">
<pin_list>
<pin id="138" dir="0" index="0" bw="10" slack="0"/>
<pin id="139" dir="1" index="1" bw="64" slack="0"/>
</pin_list>
<bind>
<opcode="zext(34) " fcode="zext"/>
<opset="zext_ln380/2 "/>
</bind>
</comp>

<comp id="142" class="1004" name="reuse_addr_reg_load_load_fu_142">
<pin_list>
<pin id="143" dir="0" index="0" bw="64" slack="1"/>
<pin id="144" dir="1" index="1" bw="64" slack="0"/>
</pin_list>
<bind>
<opcode="load(27) " fcode="load"/>
<opset="reuse_addr_reg_load/2 "/>
</bind>
</comp>

<comp id="145" class="1004" name="addr_cmp_fu_145">
<pin_list>
<pin id="146" dir="0" index="0" bw="64" slack="0"/>
<pin id="147" dir="0" index="1" bw="64" slack="0"/>
<pin id="148" dir="1" index="2" bw="1" slack="1"/>
</pin_list>
<bind>
<opcode="icmp(45) " fcode="icmp"/>
<opset="addr_cmp/2 "/>
</bind>
</comp>

<comp id="151" class="1004" name="store_ln380_store_fu_151">
<pin_list>
<pin id="152" dir="0" index="0" bw="2" slack="0"/>
<pin id="153" dir="0" index="1" bw="64" slack="1"/>
<pin id="154" dir="1" index="2" bw="0" slack="2147483647"/>
</pin_list>
<bind>
<opcode="store(28) " fcode="store"/>
<opset="store_ln380/2 "/>
</bind>
</comp>

<comp id="156" class="1004" name="store_ln379_store_fu_156">
<pin_list>
<pin id="157" dir="0" index="0" bw="2" slack="0"/>
<pin id="158" dir="0" index="1" bw="2" slack="1"/>
<pin id="159" dir="1" index="2" bw="0" slack="2147483647"/>
</pin_list>
<bind>
<opcode="store(28) " fcode="store"/>
<opset="store_ln379/2 "/>
</bind>
</comp>

<comp id="161" class="1004" name="reuse_reg_load_load_fu_161">
<pin_list>
<pin id="162" dir="0" index="0" bw="8" slack="2"/>
<pin id="163" dir="1" index="1" bw="8" slack="0"/>
</pin_list>
<bind>
<opcode="load(27) " fcode="load"/>
<opset="reuse_reg_load/3 "/>
</bind>
</comp>

<comp id="164" class="1004" name="reuse_select_fu_164">
<pin_list>
<pin id="165" dir="0" index="0" bw="1" slack="1"/>
<pin id="166" dir="0" index="1" bw="8" slack="0"/>
<pin id="167" dir="0" index="2" bw="8" slack="0"/>
<pin id="168" dir="1" index="3" bw="8" slack="0"/>
</pin_list>
<bind>
<opcode="select(49) " fcode="select"/>
<opset="reuse_select/3 "/>
</bind>
</comp>

<comp id="172" class="1004" name="store_ln380_store_fu_172">
<pin_list>
<pin id="173" dir="0" index="0" bw="8" slack="0"/>
<pin id="174" dir="0" index="1" bw="8" slack="2"/>
<pin id="175" dir="1" index="2" bw="0" slack="2147483647"/>
</pin_list>
<bind>
<opcode="store(28) " fcode="store"/>
<opset="store_ln380/3 "/>
</bind>
</comp>

<comp id="177" class="1005" name="reuse_addr_reg_reg_177">
<pin_list>
<pin id="178" dir="0" index="0" bw="64" slack="0"/>
<pin id="179" dir="1" index="1" bw="64" slack="0"/>
</pin_list>
<bind>
<opset="reuse_addr_reg "/>
</bind>
</comp>

<comp id="184" class="1005" name="reuse_reg_reg_184">
<pin_list>
<pin id="185" dir="0" index="0" bw="8" slack="0"/>
<pin id="186" dir="1" index="1" bw="8" slack="0"/>
</pin_list>
<bind>
<opset="reuse_reg "/>
</bind>
</comp>

<comp id="191" class="1005" name="i_reg_191">
<pin_list>
<pin id="192" dir="0" index="0" bw="2" slack="0"/>
<pin id="193" dir="1" index="1" bw="2" slack="0"/>
</pin_list>
<bind>
<opset="i "/>
</bind>
</comp>

<comp id="198" class="1005" name="trunc_ln367_1_read_reg_198">
<pin_list>
<pin id="199" dir="0" index="0" bw="2" slack="1"/>
<pin id="200" dir="1" index="1" bw="2" slack="1"/>
</pin_list>
<bind>
<opset="trunc_ln367_1_read "/>
</bind>
</comp>

<comp id="203" class="1005" name="sext_ln379_cast_reg_203">
<pin_list>
<pin id="204" dir="0" index="0" bw="10" slack="1"/>
<pin id="205" dir="1" index="1" bw="10" slack="1"/>
</pin_list>
<bind>
<opset="sext_ln379_cast "/>
</bind>
</comp>

<comp id="211" class="1005" name="i_66_cast_reg_211">
<pin_list>
<pin id="212" dir="0" index="0" bw="64" slack="1"/>
<pin id="213" dir="1" index="1" bw="64" slack="1"/>
</pin_list>
<bind>
<opset="i_66_cast "/>
</bind>
</comp>

<comp id="216" class="1005" name="buf_addr_reg_216">
<pin_list>
<pin id="217" dir="0" index="0" bw="10" slack="1"/>
<pin id="218" dir="1" index="1" bw="10" slack="1"/>
</pin_list>
<bind>
<opset="buf_addr "/>
</bind>
</comp>

<comp id="221" class="1005" name="addr_cmp_reg_221">
<pin_list>
<pin id="222" dir="0" index="0" bw="1" slack="1"/>
<pin id="223" dir="1" index="1" bw="1" slack="1"/>
</pin_list>
<bind>
<opset="addr_cmp "/>
</bind>
</comp>

</comp_list>

<net_list>
<net id="41"><net_src comp="6" pin="0"/><net_sink comp="38" pin=0"/></net>

<net id="45"><net_src comp="6" pin="0"/><net_sink comp="42" pin=0"/></net>

<net id="49"><net_src comp="6" pin="0"/><net_sink comp="46" pin=0"/></net>

<net id="54"><net_src comp="8" pin="0"/><net_sink comp="50" pin=0"/></net>

<net id="55"><net_src comp="2" pin="0"/><net_sink comp="50" pin=1"/></net>

<net id="60"><net_src comp="10" pin="0"/><net_sink comp="56" pin=0"/></net>

<net id="61"><net_src comp="0" pin="0"/><net_sink comp="56" pin=1"/></net>

<net id="67"><net_src comp="4" pin="0"/><net_sink comp="62" pin=0"/></net>

<net id="68"><net_src comp="28" pin="0"/><net_sink comp="62" pin=1"/></net>

<net id="78"><net_src comp="62" pin="3"/><net_sink comp="69" pin=2"/></net>

<net id="84"><net_src comp="4" pin="0"/><net_sink comp="79" pin=0"/></net>

<net id="85"><net_src comp="28" pin="0"/><net_sink comp="79" pin=1"/></net>

<net id="86"><net_src comp="79" pin="3"/><net_sink comp="69" pin=0"/></net>

<net id="90"><net_src comp="50" pin="2"/><net_sink comp="87" pin=0"/></net>

<net id="95"><net_src comp="12" pin="0"/><net_sink comp="91" pin=0"/></net>

<net id="100"><net_src comp="14" pin="0"/><net_sink comp="96" pin=0"/></net>

<net id="105"><net_src comp="16" pin="0"/><net_sink comp="101" pin=0"/></net>

<net id="113"><net_src comp="106" pin="1"/><net_sink comp="109" pin=0"/></net>

<net id="118"><net_src comp="106" pin="1"/><net_sink comp="114" pin=0"/></net>

<net id="119"><net_src comp="32" pin="0"/><net_sink comp="114" pin=1"/></net>

<net id="123"><net_src comp="106" pin="1"/><net_sink comp="120" pin=0"/></net>

<net id="127"><net_src comp="106" pin="1"/><net_sink comp="124" pin=0"/></net>

<net id="131"><net_src comp="124" pin="1"/><net_sink comp="128" pin=0"/></net>

<net id="136"><net_src comp="128" pin="1"/><net_sink comp="132" pin=1"/></net>

<net id="140"><net_src comp="132" pin="2"/><net_sink comp="137" pin=0"/></net>

<net id="141"><net_src comp="137" pin="1"/><net_sink comp="62" pin=2"/></net>

<net id="149"><net_src comp="142" pin="1"/><net_sink comp="145" pin=0"/></net>

<net id="150"><net_src comp="137" pin="1"/><net_sink comp="145" pin=1"/></net>

<net id="155"><net_src comp="120" pin="1"/><net_sink comp="151" pin=0"/></net>

<net id="160"><net_src comp="114" pin="2"/><net_sink comp="156" pin=0"/></net>

<net id="169"><net_src comp="161" pin="1"/><net_sink comp="164" pin=1"/></net>

<net id="170"><net_src comp="69" pin="7"/><net_sink comp="164" pin=2"/></net>

<net id="171"><net_src comp="164" pin="3"/><net_sink comp="69" pin=1"/></net>

<net id="176"><net_src comp="164" pin="3"/><net_sink comp="172" pin=0"/></net>

<net id="180"><net_src comp="38" pin="1"/><net_sink comp="177" pin=0"/></net>

<net id="181"><net_src comp="177" pin="1"/><net_sink comp="101" pin=1"/></net>

<net id="182"><net_src comp="177" pin="1"/><net_sink comp="142" pin=0"/></net>

<net id="183"><net_src comp="177" pin="1"/><net_sink comp="151" pin=1"/></net>

<net id="187"><net_src comp="42" pin="1"/><net_sink comp="184" pin=0"/></net>

<net id="188"><net_src comp="184" pin="1"/><net_sink comp="96" pin=1"/></net>

<net id="189"><net_src comp="184" pin="1"/><net_sink comp="161" pin=0"/></net>

<net id="190"><net_src comp="184" pin="1"/><net_sink comp="172" pin=1"/></net>

<net id="194"><net_src comp="46" pin="1"/><net_sink comp="191" pin=0"/></net>

<net id="195"><net_src comp="191" pin="1"/><net_sink comp="91" pin=1"/></net>

<net id="196"><net_src comp="191" pin="1"/><net_sink comp="106" pin=0"/></net>

<net id="197"><net_src comp="191" pin="1"/><net_sink comp="156" pin=1"/></net>

<net id="201"><net_src comp="56" pin="2"/><net_sink comp="198" pin=0"/></net>

<net id="202"><net_src comp="198" pin="1"/><net_sink comp="109" pin=1"/></net>

<net id="206"><net_src comp="87" pin="1"/><net_sink comp="203" pin=0"/></net>

<net id="207"><net_src comp="203" pin="1"/><net_sink comp="132" pin=0"/></net>

<net id="214"><net_src comp="120" pin="1"/><net_sink comp="211" pin=0"/></net>

<net id="215"><net_src comp="211" pin="1"/><net_sink comp="79" pin=2"/></net>

<net id="219"><net_src comp="62" pin="3"/><net_sink comp="216" pin=0"/></net>

<net id="220"><net_src comp="216" pin="1"/><net_sink comp="69" pin=2"/></net>

<net id="224"><net_src comp="145" pin="2"/><net_sink comp="221" pin=0"/></net>

<net id="225"><net_src comp="221" pin="1"/><net_sink comp="164" pin=0"/></net>

</net_list>

</model> 
---------------- Datapath Model END ------------------

* FSMD analyzer results:
  - Output states:
	Port: buf_r | {3 }
 - Input state : 
	Port: pqcrystals_dilithium2_ref_poly_uniform_Pipeline_VITIS_LOOP_379_2 : trunc_ln367_1 | {1 }
	Port: pqcrystals_dilithium2_ref_poly_uniform_Pipeline_VITIS_LOOP_379_2 : sext_ln379 | {1 }
	Port: pqcrystals_dilithium2_ref_poly_uniform_Pipeline_VITIS_LOOP_379_2 : buf_r | {2 3 }
  - Chain level:
	State 1
		store_ln0 : 1
		store_ln0 : 1
		store_ln0 : 1
	State 2
		icmp_ln379 : 1
		add_ln379 : 1
		br_ln379 : 2
		i_66_cast : 1
		trunc_ln380 : 1
		zext_ln380_1 : 2
		add_ln380 : 3
		zext_ln380 : 4
		buf_addr : 5
		buf_load : 6
		addr_cmp : 5
		store_ln380 : 2
		store_ln379 : 2
	State 3
		reuse_select : 1
		store_ln380 : 2
		store_ln380 : 2


============================================================
+ Verbose Summary: Datapath Resource usage 
============================================================

* Functional unit list:
|----------|-------------------------------|---------|---------|
| Operation|        Functional Unit        |    FF   |   LUT   |
|----------|-------------------------------|---------|---------|
|   icmp   |       icmp_ln379_fu_109       |    0    |    8    |
|          |        addr_cmp_fu_145        |    0    |    29   |
|----------|-------------------------------|---------|---------|
|    add   |        add_ln379_fu_114       |    0    |    10   |
|          |        add_ln380_fu_132       |    0    |    16   |
|----------|-------------------------------|---------|---------|
|  select  |      reuse_select_fu_164      |    0    |    8    |
|----------|-------------------------------|---------|---------|
|   read   |   sext_ln379_read_read_fu_50  |    0    |    0    |
|          | trunc_ln367_1_read_read_fu_56 |    0    |    0    |
|----------|-------------------------------|---------|---------|
|   sext   |     sext_ln379_cast_fu_87     |    0    |    0    |
|----------|-------------------------------|---------|---------|
|          |        i_66_cast_fu_120       |    0    |    0    |
|   zext   |      zext_ln380_1_fu_128      |    0    |    0    |
|          |       zext_ln380_fu_137       |    0    |    0    |
|----------|-------------------------------|---------|---------|
|   trunc  |       trunc_ln380_fu_124      |    0    |    0    |
|----------|-------------------------------|---------|---------|
|   Total  |                               |    0    |    71   |
|----------|-------------------------------|---------|---------|

Memories:
N/A

* Register list:
+--------------------------+--------+
|                          |   FF   |
+--------------------------+--------+
|     addr_cmp_reg_221     |    1   |
|     buf_addr_reg_216     |   10   |
|     i_66_cast_reg_211    |   64   |
|         i_reg_191        |    2   |
|  reuse_addr_reg_reg_177  |   64   |
|     reuse_reg_reg_184    |    8   |
|  sext_ln379_cast_reg_203 |   10   |
|trunc_ln367_1_read_reg_198|    2   |
+--------------------------+--------+
|           Total          |   161  |
+--------------------------+--------+

* Multiplexer (MUX) list: 
|------------------|------|------|------|--------||---------||---------|
|       Comp       |  Pin | Size |  BW  | S x BW ||  Delay  ||   LUT   |
|------------------|------|------|------|--------||---------||---------|
| grp_access_fu_69 |  p2  |   2  |   0  |    0   ||    9    |
|------------------|------|------|------|--------||---------||---------|
|       Total      |      |      |      |    0   ||  1.324  ||    9    |
|------------------|------|------|------|--------||---------||---------|



* Summary:
+-----------+--------+--------+--------+
|           |  Delay |   FF   |   LUT  |
+-----------+--------+--------+--------+
|  Function |    -   |    0   |   71   |
|   Memory  |    -   |    -   |    -   |
|Multiplexer|    1   |    -   |    9   |
|  Register |    -   |   161  |    -   |
+-----------+--------+--------+--------+
|   Total   |    1   |   161  |   80   |
+-----------+--------+--------+--------+
