

================================================================
== Vitis HLS Report for 'pqcrystals_dilithium2_ref_signature_1_Pipeline_VITIS_LOOP_87_1'
================================================================
* Date:           Fri Mar 10 17:22:18 2023

* Version:        2022.2 (Build 3670227 on Oct 13 2022)
* Project:        crypto_sign
* Solution:       solution2 (Vivado IP Flow Target)
* Product family: artix7
* Target device:  xc7a200t-fbg676-2


================================================================
== Performance Estimates
================================================================
+ Timing: 
    * Summary: 
    +--------+----------+----------+------------+
    |  Clock |  Target  | Estimated| Uncertainty|
    +--------+----------+----------+------------+
    |ap_clk  |  50.00 ns|  7.724 ns|    13.50 ns|
    +--------+----------+----------+------------+

+ Latency: 
    * Summary: 
    +---------+---------+-----------+-----------+-----+-----+---------+
    |  Latency (cycles) |   Latency (absolute)  |  Interval | Pipeline|
    |   min   |   max   |    min    |    max    | min | max |   Type  |
    +---------+---------+-----------+-----------+-----+-----+---------+
    |      258|      258|  12.900 us|  12.900 us|  258|  258|       no|
    +---------+---------+-----------+-----------+-----+-----+---------+

    + Detail: 
        * Instance: 
        N/A

        * Loop: 
        +-------------------+---------+---------+----------+-----------+-----------+------+----------+
        |                   |  Latency (cycles) | Iteration|  Initiation Interval  | Trip |          |
        |     Loop Name     |   min   |   max   |  Latency |  achieved |   target  | Count| Pipelined|
        +-------------------+---------+---------+----------+-----------+-----------+------+----------+
        |- VITIS_LOOP_87_1  |      256|      256|         2|          1|          1|   256|       yes|
        +-------------------+---------+---------+----------+-----------+-----------+------+----------+

============================================================
+ Verbose Summary: Synthesis Manager
============================================================
InlineROM: 1
ExposeGlobal: 0
============================================================
+ Verbose Summary: CDFG Model
============================================================
IsTopModel: 0
ResetActiveHigh: 1
IsCombinational: 0
IsDatapathOnly: 0
HasWiredReturn: 1
HasMFsm: 2
HasVarLatency: 1
IsPipeline: 0
IsRtlPipelined: 0
IsInstanceOverlapped: 0
IsDontTouch: 0
HasImplIP: 0
IsGatedGlobalClock: 0

+ Individual pipeline summary: 
  * Pipeline-0: initiation interval (II) = 1, depth = 2


============================================================
+ Verbose Summary: Schedule
============================================================
* Number of FSM states : 2
* Pipeline : 1
  Pipeline-0 : II = 1, D = 2, States = { 1 2 }
* Dataflow Pipeline: 0

* FSM state transitions: 
1 --> 2 
2 --> 

* FSM state operations: 

State 1 <SV = 0> <Delay = 4.52>
ST_1 : Operation 5 [1/1] (0.00ns)   --->   "%i = alloca i32 1"   --->   Operation 5 'alloca' 'i' <Predicate = true> <Delay = 0.00>
ST_1 : Operation 6 [1/1] (0.00ns)   --->   "%zext_ln181_3_read = read i10 @_ssdm_op_Read.ap_auto.i10, i10 %zext_ln181_3"   --->   Operation 6 'read' 'zext_ln181_3_read' <Predicate = true> <Delay = 0.00>
ST_1 : Operation 7 [1/1] (1.32ns)   --->   "%store_ln0 = store i9 0, i9 %i"   --->   Operation 7 'store' 'store_ln0' <Predicate = true> <Delay = 1.32>
ST_1 : Operation 8 [1/1] (0.00ns)   --->   "%br_ln0 = br void %for.inc.i29.i.i"   --->   Operation 8 'br' 'br_ln0' <Predicate = true> <Delay = 0.00>
ST_1 : Operation 9 [1/1] (0.00ns)   --->   "%i_1 = load i9 %i" [dilithium2/poly.c:87]   --->   Operation 9 'load' 'i_1' <Predicate = true> <Delay = 0.00>
ST_1 : Operation 10 [1/1] (0.00ns)   --->   "%specpipeline_ln0 = specpipeline void @_ssdm_op_SpecPipeline, i32 4294967295, i32 0, i32 1, i32 0, void @p_str"   --->   Operation 10 'specpipeline' 'specpipeline_ln0' <Predicate = true> <Delay = 0.00>
ST_1 : Operation 11 [1/1] (1.34ns)   --->   "%icmp_ln87 = icmp_eq  i9 %i_1, i9 256" [dilithium2/poly.c:87]   --->   Operation 11 'icmp' 'icmp_ln87' <Predicate = true> <Delay = 1.34> <CoreInst = "Cmp">   --->   Core 9 'Cmp' <Latency = 0> <II = 1> <Delay = 1.34> <FuncUnit> <Opcode : 'icmp'> <InPorts = 2> <OutPorts = 1>
ST_1 : Operation 12 [1/1] (0.00ns)   --->   "%empty = speclooptripcount i32 @_ssdm_op_SpecLoopTripCount, i64 256, i64 256, i64 256"   --->   Operation 12 'speclooptripcount' 'empty' <Predicate = true> <Delay = 0.00>
ST_1 : Operation 13 [1/1] (1.73ns)   --->   "%add_ln87 = add i9 %i_1, i9 1" [dilithium2/poly.c:87]   --->   Operation 13 'add' 'add_ln87' <Predicate = true> <Delay = 1.73> <CoreInst = "Adder">   --->   Core 1 'Adder' <Latency = 0> <II = 1> <Delay = 1.73> <FuncUnit> <Opcode : 'add' 'sub'> <InPorts = 2> <OutPorts = 1>
ST_1 : Operation 14 [1/1] (0.00ns)   --->   "%br_ln87 = br i1 %icmp_ln87, void %for.inc.i29.i.i.split, void %pqcrystals_dilithium2_ref_poly_add.exit.i.i.exitStub" [dilithium2/poly.c:87]   --->   Operation 14 'br' 'br_ln87' <Predicate = true> <Delay = 0.00>
ST_1 : Operation 15 [1/1] (0.00ns)   --->   "%i_28_cast = zext i9 %i_1" [dilithium2/poly.c:87]   --->   Operation 15 'zext' 'i_28_cast' <Predicate = (!icmp_ln87)> <Delay = 0.00>
ST_1 : Operation 16 [1/1] (0.00ns)   --->   "%zext_ln88 = zext i9 %i_1" [dilithium2/poly.c:88]   --->   Operation 16 'zext' 'zext_ln88' <Predicate = (!icmp_ln87)> <Delay = 0.00>
ST_1 : Operation 17 [1/1] (1.74ns)   --->   "%add_ln88_1 = add i10 %zext_ln181_3_read, i10 %zext_ln88" [dilithium2/poly.c:88]   --->   Operation 17 'add' 'add_ln88_1' <Predicate = (!icmp_ln87)> <Delay = 1.74> <CoreInst = "Adder">   --->   Core 1 'Adder' <Latency = 0> <II = 1> <Delay = 1.74> <FuncUnit> <Opcode : 'add' 'sub'> <InPorts = 2> <OutPorts = 1>
ST_1 : Operation 18 [1/1] (0.00ns)   --->   "%zext_ln88_1 = zext i10 %add_ln88_1" [dilithium2/poly.c:88]   --->   Operation 18 'zext' 'zext_ln88_1' <Predicate = (!icmp_ln87)> <Delay = 0.00>
ST_1 : Operation 19 [1/1] (0.00ns)   --->   "%w1_vec_coeffs_addr = getelementptr i32 %w1_vec_coeffs, i64 0, i64 %zext_ln88_1" [dilithium2/poly.c:88]   --->   Operation 19 'getelementptr' 'w1_vec_coeffs_addr' <Predicate = (!icmp_ln87)> <Delay = 0.00>
ST_1 : Operation 20 [2/2] (2.77ns)   --->   "%w1_vec_coeffs_load = load i10 %w1_vec_coeffs_addr" [dilithium2/poly.c:88]   --->   Operation 20 'load' 'w1_vec_coeffs_load' <Predicate = (!icmp_ln87)> <Delay = 2.77> <CoreInst = "RAM">   --->   Core 82 'RAM' <Latency = 1> <II = 1> <Delay = 2.77> <Storage> <Opcode : 'load' 'store'> <Ports = 2> <Width = 32> <Depth = 1024> <RAM>
ST_1 : Operation 21 [1/1] (0.00ns)   --->   "%t_coeffs_addr = getelementptr i24 %t_coeffs, i64 0, i64 %i_28_cast" [dilithium2/poly.c:88]   --->   Operation 21 'getelementptr' 't_coeffs_addr' <Predicate = (!icmp_ln87)> <Delay = 0.00>
ST_1 : Operation 22 [2/2] (2.77ns)   --->   "%t_coeffs_load = load i8 %t_coeffs_addr" [dilithium2/poly.c:88]   --->   Operation 22 'load' 't_coeffs_load' <Predicate = (!icmp_ln87)> <Delay = 2.77> <CoreInst = "RAM">   --->   Core 82 'RAM' <Latency = 1> <II = 1> <Delay = 2.77> <Storage> <Opcode : 'load' 'store'> <Ports = 2> <Width = 24> <Depth = 256> <RAM>
ST_1 : Operation 23 [1/1] (1.32ns)   --->   "%store_ln87 = store i9 %add_ln87, i9 %i" [dilithium2/poly.c:87]   --->   Operation 23 'store' 'store_ln87' <Predicate = (!icmp_ln87)> <Delay = 1.32>
ST_1 : Operation 31 [1/1] (0.00ns)   --->   "%ret_ln0 = ret"   --->   Operation 31 'ret' 'ret_ln0' <Predicate = (icmp_ln87)> <Delay = 0.00>

State 2 <SV = 1> <Delay = 7.72>
ST_2 : Operation 24 [1/1] (0.00ns)   --->   "%specloopname_ln84 = specloopname void @_ssdm_op_SpecLoopName, void @empty_13" [dilithium2/poly.c:84]   --->   Operation 24 'specloopname' 'specloopname_ln84' <Predicate = true> <Delay = 0.00>
ST_2 : Operation 25 [1/2] (2.77ns)   --->   "%w1_vec_coeffs_load = load i10 %w1_vec_coeffs_addr" [dilithium2/poly.c:88]   --->   Operation 25 'load' 'w1_vec_coeffs_load' <Predicate = true> <Delay = 2.77> <CoreInst = "RAM">   --->   Core 82 'RAM' <Latency = 1> <II = 1> <Delay = 2.77> <Storage> <Opcode : 'load' 'store'> <Ports = 2> <Width = 32> <Depth = 1024> <RAM>
ST_2 : Operation 26 [1/2] (2.77ns)   --->   "%t_coeffs_load = load i8 %t_coeffs_addr" [dilithium2/poly.c:88]   --->   Operation 26 'load' 't_coeffs_load' <Predicate = true> <Delay = 2.77> <CoreInst = "RAM">   --->   Core 82 'RAM' <Latency = 1> <II = 1> <Delay = 2.77> <Storage> <Opcode : 'load' 'store'> <Ports = 2> <Width = 24> <Depth = 256> <RAM>
ST_2 : Operation 27 [1/1] (0.00ns)   --->   "%sext_ln88 = sext i24 %t_coeffs_load" [dilithium2/poly.c:88]   --->   Operation 27 'sext' 'sext_ln88' <Predicate = true> <Delay = 0.00>
ST_2 : Operation 28 [1/1] (2.18ns)   --->   "%add_ln88 = add i32 %sext_ln88, i32 %w1_vec_coeffs_load" [dilithium2/poly.c:88]   --->   Operation 28 'add' 'add_ln88' <Predicate = true> <Delay = 2.18> <CoreInst = "Adder">   --->   Core 1 'Adder' <Latency = 0> <II = 1> <Delay = 2.18> <FuncUnit> <Opcode : 'add' 'sub'> <InPorts = 2> <OutPorts = 1>
ST_2 : Operation 29 [1/1] (2.77ns)   --->   "%store_ln88 = store i32 %add_ln88, i10 %w1_vec_coeffs_addr" [dilithium2/poly.c:88]   --->   Operation 29 'store' 'store_ln88' <Predicate = true> <Delay = 2.77> <CoreInst = "RAM">   --->   Core 82 'RAM' <Latency = 1> <II = 1> <Delay = 2.77> <Storage> <Opcode : 'load' 'store'> <Ports = 2> <Width = 32> <Depth = 1024> <RAM>
ST_2 : Operation 30 [1/1] (0.00ns)   --->   "%br_ln87 = br void %for.inc.i29.i.i" [dilithium2/poly.c:87]   --->   Operation 30 'br' 'br_ln87' <Predicate = true> <Delay = 0.00>


============================================================
+ Verbose Summary: Timing violations
============================================================
Target clock period: 50ns, clock uncertainty: 13.5ns.

 <State 1>: 4.52ns
The critical path consists of the following:
	'alloca' operation ('i') [4]  (0 ns)
	'load' operation ('i', dilithium2/poly.c:87) on local variable 'i' [9]  (0 ns)
	'add' operation ('add_ln88_1', dilithium2/poly.c:88) [18]  (1.75 ns)
	'getelementptr' operation ('w1_vec_coeffs_addr', dilithium2/poly.c:88) [20]  (0 ns)
	'load' operation ('w1_vec_coeffs_load', dilithium2/poly.c:88) on array 'w1_vec_coeffs' [22]  (2.77 ns)

 <State 2>: 7.72ns
The critical path consists of the following:
	'load' operation ('w1_vec_coeffs_load', dilithium2/poly.c:88) on array 'w1_vec_coeffs' [22]  (2.77 ns)
	'add' operation ('add_ln88', dilithium2/poly.c:88) [26]  (2.18 ns)
	'store' operation ('store_ln88', dilithium2/poly.c:88) of variable 'add_ln88', dilithium2/poly.c:88 on array 'w1_vec_coeffs' [27]  (2.77 ns)


============================================================
+ Verbose Summary: Binding
============================================================
N/A
* FSMD analyzer results:
  - Output states:
 - Input state : 
  - Chain level:
	State 1
	State 2


============================================================
+ Verbose Summary: Datapath Resource usage 
============================================================
N/A
