

================================================================
== Vitis HLS Report for 'pqcrystals_dilithium2_ref_signature_1_Pipeline_VITIS_LOOP_138_5'
================================================================
* Date:           Fri Mar 10 17:23:05 2023

* Version:        2022.2 (Build 3670227 on Oct 13 2022)
* Project:        crypto_sign
* Solution:       solution2 (Vivado IP Flow Target)
* Product family: artix7
* Target device:  xc7a200t-fbg676-2


================================================================
== Performance Estimates
================================================================
+ Timing: 
    * Summary: 
    +--------+----------+----------+------------+
    |  Clock |  Target  | Estimated| Uncertainty|
    +--------+----------+----------+------------+
    |ap_clk  |  50.00 ns|  7.617 ns|    13.50 ns|
    +--------+----------+----------+------------+

+ Latency: 
    * Summary: 
    +---------+---------+-----------+-----------+-----+-----+---------+
    |  Latency (cycles) |   Latency (absolute)  |  Interval | Pipeline|
    |   min   |   max   |    min    |    max    | min | max |   Type  |
    +---------+---------+-----------+-----------+-----+-----+---------+
    |      515|      515|  25.750 us|  25.750 us|  515|  515|       no|
    +---------+---------+-----------+-----------+-----+-----+---------+

    + Detail: 
        * Instance: 
        +------------------------------------------------------+--------------------------------------------+---------+---------+----------+----------+-----+-----+---------+
        |                                                      |                                            |  Latency (cycles) |  Latency (absolute) |  Interval | Pipeline|
        |                       Instance                       |                   Module                   |   min   |   max   |    min   |    max   | min | max |   Type  |
        +------------------------------------------------------+--------------------------------------------+---------+---------+----------+----------+-----+-----+---------+
        |grp_pqcrystals_dilithium2_ref_polyeta_unpack_1_fu_50  |pqcrystals_dilithium2_ref_polyeta_unpack_1  |      128|      128|  6.400 us|  6.400 us|  128|  128|      yes|
        +------------------------------------------------------+--------------------------------------------+---------+---------+----------+----------+-----+-----+---------+

        * Loop: 
        +--------------------+---------+---------+----------+-----------+-----------+------+----------+
        |                    |  Latency (cycles) | Iteration|  Initiation Interval  | Trip |          |
        |      Loop Name     |   min   |   max   |  Latency |  achieved |   target  | Count| Pipelined|
        +--------------------+---------+---------+----------+-----------+-----------+------+----------+
        |- VITIS_LOOP_138_5  |      513|      513|       130|        128|          1|     4|       yes|
        +--------------------+---------+---------+----------+-----------+-----------+------+----------+



================================================================
== Utilization Estimates
================================================================
* Summary: 
+-----------------+---------+-----+--------+--------+-----+
|       Name      | BRAM_18K| DSP |   FF   |   LUT  | URAM|
+-----------------+---------+-----+--------+--------+-----+
|DSP              |        -|    -|       -|       -|    -|
|Expression       |        -|    -|       0|      42|    -|
|FIFO             |        -|    -|       -|       -|    -|
|Instance         |        -|    -|     705|   11329|    -|
|Memory           |        -|    -|       -|       -|    -|
|Multiplexer      |        -|    -|       -|     732|    -|
|Register         |        -|    -|     138|       -|    -|
+-----------------+---------+-----+--------+--------+-----+
|Total            |        0|    0|     843|   12103|    0|
+-----------------+---------+-----+--------+--------+-----+
|Available        |      730|  740|  269200|  134600|    0|
+-----------------+---------+-----+--------+--------+-----+
|Utilization (%)  |        0|    0|      ~0|       8|    0|
+-----------------+---------+-----+--------+--------+-----+

+ Detail: 
    * Instance: 
    +------------------------------------------------------+--------------------------------------------+---------+----+-----+-------+-----+
    |                       Instance                       |                   Module                   | BRAM_18K| DSP|  FF |  LUT  | URAM|
    +------------------------------------------------------+--------------------------------------------+---------+----+-----+-------+-----+
    |grp_pqcrystals_dilithium2_ref_polyeta_unpack_1_fu_50  |pqcrystals_dilithium2_ref_polyeta_unpack_1  |        0|   0|  705|  11329|    0|
    +------------------------------------------------------+--------------------------------------------+---------+----+-----+-------+-----+
    |Total                                                 |                                            |        0|   0|  705|  11329|    0|
    +------------------------------------------------------+--------------------------------------------+---------+----+-----+-------+-----+

    * DSP: 
    N/A

    * Memory: 
    N/A

    * FIFO: 
    N/A

    * Expression: 
    +--------------------------------------------------------+----------+----+---+----+------------+------------+
    |                      Variable Name                     | Operation| DSP| FF| LUT| Bitwidth P0| Bitwidth P1|
    +--------------------------------------------------------+----------+----+---+----+------------+------------+
    |add_ln138_fu_74_p2                                      |         +|   0|  0|  11|           3|           1|
    |grp_pqcrystals_dilithium2_ref_polyeta_unpack_1_fu_50_a  |         +|   0|  0|  10|          10|           9|
    |sub_ln139_fu_111_p2                                     |         -|   0|  0|  10|          10|          10|
    |icmp_ln138_fu_68_p2                                     |      icmp|   0|  0|   9|           3|           4|
    |ap_enable_pp0                                           |       xor|   0|  0|   2|           1|           2|
    +--------------------------------------------------------+----------+----+---+----+------------+------------+
    |Total                                                   |          |   0|  0|  42|          27|          26|
    +--------------------------------------------------------+----------+----+---+----+------------+------------+

    * Multiplexer: 
    +-----------------------------+-----+-----------+-----+-----------+
    |             Name            | LUT | Input Size| Bits| Total Bits|
    +-----------------------------+-----+-----------+-----+-----------+
    |ap_NS_fsm                    |  678|        129|    1|        129|
    |ap_done_int                  |    9|          2|    1|          2|
    |ap_enable_reg_pp0_iter0      |    9|          2|    1|          2|
    |ap_enable_reg_pp0_iter0_reg  |    9|          2|    1|          2|
    |ap_enable_reg_pp0_iter1      |    9|          2|    1|          2|
    |ap_sig_allocacmp_i           |    9|          2|    3|          6|
    |i_4_fu_46                    |    9|          2|    3|          6|
    +-----------------------------+-----+-----------+-----+-----------+
    |Total                        |  732|        141|   11|        149|
    +-----------------------------+-----+-----------+-----+-----------+

    * Register: 
    +-------------------------------------------------------------------+-----+----+-----+-----------+
    |                                Name                               |  FF | LUT| Bits| Const Bits|
    +-------------------------------------------------------------------+-----+----+-----+-----------+
    |ap_CS_fsm                                                          |  128|   0|  128|          0|
    |ap_done_reg                                                        |    1|   0|    1|          0|
    |ap_enable_reg_pp0_iter0_reg                                        |    1|   0|    1|          0|
    |ap_enable_reg_pp0_iter1                                            |    1|   0|    1|          0|
    |empty_82_reg_135                                                   |    2|   0|    2|          0|
    |grp_pqcrystals_dilithium2_ref_polyeta_unpack_1_fu_50_ap_start_reg  |    1|   0|    1|          0|
    |i_4_fu_46                                                          |    3|   0|    3|          0|
    |icmp_ln138_reg_131                                                 |    1|   0|    1|          0|
    +-------------------------------------------------------------------+-----+----+-----+-----------+
    |Total                                                              |  138|   0|  138|          0|
    +-------------------------------------------------------------------+-----+----+-----+-----------+



================================================================
== Interface
================================================================
* Summary: 
+------------------------+-----+-----+------------+-----------------------------------------------------------------+--------------+
|        RTL Ports       | Dir | Bits|  Protocol  |                          Source Object                          |    C Type    |
+------------------------+-----+-----+------------+-----------------------------------------------------------------+--------------+
|ap_clk                  |   in|    1|  ap_ctrl_hs|  pqcrystals_dilithium2_ref_signature.1_Pipeline_VITIS_LOOP_138_5|  return value|
|ap_rst                  |   in|    1|  ap_ctrl_hs|  pqcrystals_dilithium2_ref_signature.1_Pipeline_VITIS_LOOP_138_5|  return value|
|ap_start                |   in|    1|  ap_ctrl_hs|  pqcrystals_dilithium2_ref_signature.1_Pipeline_VITIS_LOOP_138_5|  return value|
|ap_done                 |  out|    1|  ap_ctrl_hs|  pqcrystals_dilithium2_ref_signature.1_Pipeline_VITIS_LOOP_138_5|  return value|
|ap_idle                 |  out|    1|  ap_ctrl_hs|  pqcrystals_dilithium2_ref_signature.1_Pipeline_VITIS_LOOP_138_5|  return value|
|ap_ready                |  out|    1|  ap_ctrl_hs|  pqcrystals_dilithium2_ref_signature.1_Pipeline_VITIS_LOOP_138_5|  return value|
|s2_vec_coeffs_address0  |  out|   10|   ap_memory|                                                    s2_vec_coeffs|         array|
|s2_vec_coeffs_ce0       |  out|    1|   ap_memory|                                                    s2_vec_coeffs|         array|
|s2_vec_coeffs_we0       |  out|    1|   ap_memory|                                                    s2_vec_coeffs|         array|
|s2_vec_coeffs_d0        |  out|   32|   ap_memory|                                                    s2_vec_coeffs|         array|
|s2_vec_coeffs_address1  |  out|   10|   ap_memory|                                                    s2_vec_coeffs|         array|
|s2_vec_coeffs_ce1       |  out|    1|   ap_memory|                                                    s2_vec_coeffs|         array|
|s2_vec_coeffs_we1       |  out|    1|   ap_memory|                                                    s2_vec_coeffs|         array|
|s2_vec_coeffs_d1        |  out|   32|   ap_memory|                                                    s2_vec_coeffs|         array|
|sk_address0             |  out|   12|   ap_memory|                                                               sk|         array|
|sk_ce0                  |  out|    1|   ap_memory|                                                               sk|         array|
|sk_q0                   |   in|    8|   ap_memory|                                                               sk|         array|
|sk_address1             |  out|   12|   ap_memory|                                                               sk|         array|
|sk_ce1                  |  out|    1|   ap_memory|                                                               sk|         array|
|sk_q1                   |   in|    8|   ap_memory|                                                               sk|         array|
+------------------------+-----+-----+------------+-----------------------------------------------------------------+--------------+

============================================================
+ Verbose Summary: Synthesis Manager
============================================================
InlineROM: 1
ExposeGlobal: 0
============================================================
+ Verbose Summary: CDFG Model
============================================================
IsTopModel: 0
ResetActiveHigh: 1
IsCombinational: 2
IsDatapathOnly: 2
HasWiredReturn: 1
HasMFsm: 2
HasVarLatency: 1
IsPipeline: 0
IsRtlPipelined: 0
IsInstanceOverlapped: 0
IsDontTouch: 0
HasImplIP: 0
IsGatedGlobalClock: 0

+ Individual pipeline summary: 
  * Pipeline-0: initiation interval (II) = 128, depth = 130


============================================================
+ Verbose Summary: Schedule
============================================================
* Number of FSM states : 130
* Pipeline : 1
  Pipeline-0 : II = 128, D = 130, States = { 1 2 3 4 5 6 7 8 9 10 11 12 13 14 15 16 17 18 19 20 21 22 23 24 25 26 27 28 29 30 31 32 33 34 35 36 37 38 39 40 41 42 43 44 45 46 47 48 49 50 51 52 53 54 55 56 57 58 59 60 61 62 63 64 65 66 67 68 69 70 71 72 73 74 75 76 77 78 79 80 81 82 83 84 85 86 87 88 89 90 91 92 93 94 95 96 97 98 99 100 101 102 103 104 105 106 107 108 109 110 111 112 113 114 115 116 117 118 119 120 121 122 123 124 125 126 127 128 129 130 }
* Dataflow Pipeline: 0

* FSM state transitions: 
1 --> 2 
2 --> 3 
3 --> 4 
4 --> 5 
5 --> 6 
6 --> 7 
7 --> 8 
8 --> 9 
9 --> 10 
10 --> 11 
11 --> 12 
12 --> 13 
13 --> 14 
14 --> 15 
15 --> 16 
16 --> 17 
17 --> 18 
18 --> 19 
19 --> 20 
20 --> 21 
21 --> 22 
22 --> 23 
23 --> 24 
24 --> 25 
25 --> 26 
26 --> 27 
27 --> 28 
28 --> 29 
29 --> 30 
30 --> 31 
31 --> 32 
32 --> 33 
33 --> 34 
34 --> 35 
35 --> 36 
36 --> 37 
37 --> 38 
38 --> 39 
39 --> 40 
40 --> 41 
41 --> 42 
42 --> 43 
43 --> 44 
44 --> 45 
45 --> 46 
46 --> 47 
47 --> 48 
48 --> 49 
49 --> 50 
50 --> 51 
51 --> 52 
52 --> 53 
53 --> 54 
54 --> 55 
55 --> 56 
56 --> 57 
57 --> 58 
58 --> 59 
59 --> 60 
60 --> 61 
61 --> 62 
62 --> 63 
63 --> 64 
64 --> 65 
65 --> 66 
66 --> 67 
67 --> 68 
68 --> 69 
69 --> 70 
70 --> 71 
71 --> 72 
72 --> 73 
73 --> 74 
74 --> 75 
75 --> 76 
76 --> 77 
77 --> 78 
78 --> 79 
79 --> 80 
80 --> 81 
81 --> 82 
82 --> 83 
83 --> 84 
84 --> 85 
85 --> 86 
86 --> 87 
87 --> 88 
88 --> 89 
89 --> 90 
90 --> 91 
91 --> 92 
92 --> 93 
93 --> 94 
94 --> 95 
95 --> 96 
96 --> 97 
97 --> 98 
98 --> 99 
99 --> 100 
100 --> 101 
101 --> 102 
102 --> 103 
103 --> 104 
104 --> 105 
105 --> 106 
106 --> 107 
107 --> 108 
108 --> 109 
109 --> 110 
110 --> 111 
111 --> 112 
112 --> 113 
113 --> 114 
114 --> 115 
115 --> 116 
116 --> 117 
117 --> 118 
118 --> 119 
119 --> 120 
120 --> 121 
121 --> 122 
122 --> 123 
123 --> 124 
124 --> 125 
125 --> 126 
126 --> 127 
127 --> 128 
128 --> 129 
129 --> 130 
130 --> 

* FSM state operations: 

State 1 <SV = 0> <Delay = 2.67>
ST_1 : Operation 133 [1/1] (0.00ns)   --->   "%i_4 = alloca i32 1"   --->   Operation 133 'alloca' 'i_4' <Predicate = true> <Delay = 0.00>
ST_1 : Operation 134 [1/1] (0.00ns)   --->   "%specinterface_ln0 = specinterface void @_ssdm_op_SpecInterface, i8 %sk, void @empty_11, i32 0, i32 0, void @empty_40, i32 4294967295, i32 0, void @empty_40, void @empty_40, void @empty_40, i32 0, i32 0, i32 0, i32 0, void @empty_40, void @empty_40, i32 4294967295, i32 0"   --->   Operation 134 'specinterface' 'specinterface_ln0' <Predicate = true> <Delay = 0.00>
ST_1 : Operation 135 [1/1] (1.32ns)   --->   "%store_ln0 = store i3 0, i3 %i_4"   --->   Operation 135 'store' 'store_ln0' <Predicate = true> <Delay = 1.32>
ST_1 : Operation 136 [1/1] (0.00ns)   --->   "%br_ln0 = br void %for.inc44.i"   --->   Operation 136 'br' 'br_ln0' <Predicate = true> <Delay = 0.00>
ST_1 : Operation 137 [1/1] (0.00ns)   --->   "%i = load i3 %i_4"   --->   Operation 137 'load' 'i' <Predicate = true> <Delay = 0.00>
ST_1 : Operation 138 [1/1] (0.00ns)   --->   "%specpipeline_ln0 = specpipeline void @_ssdm_op_SpecPipeline, i32 4294967295, i32 0, i32 1, i32 0, void @p_str"   --->   Operation 138 'specpipeline' 'specpipeline_ln0' <Predicate = true> <Delay = 0.00>
ST_1 : Operation 139 [1/1] (1.00ns)   --->   "%icmp_ln138 = icmp_eq  i3 %i, i3 4" [dilithium2/packing.c:138]   --->   Operation 139 'icmp' 'icmp_ln138' <Predicate = true> <Delay = 1.00> <CoreInst = "Cmp">   --->   Core 9 'Cmp' <Latency = 0> <II = 1> <Delay = 1.21> <FuncUnit> <Opcode : 'icmp'> <InPorts = 2> <OutPorts = 1>
ST_1 : Operation 140 [1/1] (0.00ns)   --->   "%empty = speclooptripcount i32 @_ssdm_op_SpecLoopTripCount, i64 4, i64 4, i64 4"   --->   Operation 140 'speclooptripcount' 'empty' <Predicate = true> <Delay = 0.00>
ST_1 : Operation 141 [1/1] (1.34ns)   --->   "%add_ln138 = add i3 %i, i3 1" [dilithium2/packing.c:138]   --->   Operation 141 'add' 'add_ln138' <Predicate = true> <Delay = 1.34> <CoreInst = "Adder">   --->   Core 1 'Adder' <Latency = 0> <II = 1> <Delay = 1.34> <FuncUnit> <Opcode : 'add' 'sub'> <InPorts = 2> <OutPorts = 1>
ST_1 : Operation 142 [1/1] (0.00ns)   --->   "%br_ln138 = br i1 %icmp_ln138, void %for.inc44.i.split, void %for.inc57.i.preheader.exitStub" [dilithium2/packing.c:138]   --->   Operation 142 'br' 'br_ln138' <Predicate = true> <Delay = 0.00>
ST_1 : Operation 143 [1/1] (0.00ns)   --->   "%empty_82 = trunc i3 %i"   --->   Operation 143 'trunc' 'empty_82' <Predicate = (!icmp_ln138)> <Delay = 0.00>
ST_1 : Operation 144 [1/1] (1.32ns)   --->   "%store_ln138 = store i3 %add_ln138, i3 %i_4" [dilithium2/packing.c:138]   --->   Operation 144 'store' 'store_ln138' <Predicate = (!icmp_ln138)> <Delay = 1.32>

State 2 <SV = 1> <Delay = 7.61>
ST_2 : Operation 145 [1/1] (0.00ns)   --->   "%shl_ln1 = bitconcatenate i9 @_ssdm_op_BitConcatenate.i9.i2.i7, i2 %empty_82, i7 0" [dilithium2/packing.c:139]   --->   Operation 145 'bitconcatenate' 'shl_ln1' <Predicate = (!icmp_ln138)> <Delay = 0.00>
ST_2 : Operation 146 [1/1] (0.00ns)   --->   "%zext_ln139 = zext i9 %shl_ln1" [dilithium2/packing.c:139]   --->   Operation 146 'zext' 'zext_ln139' <Predicate = (!icmp_ln138)> <Delay = 0.00>
ST_2 : Operation 147 [1/1] (0.00ns)   --->   "%shl_ln139_1 = bitconcatenate i7 @_ssdm_op_BitConcatenate.i7.i2.i5, i2 %empty_82, i5 0" [dilithium2/packing.c:139]   --->   Operation 147 'bitconcatenate' 'shl_ln139_1' <Predicate = (!icmp_ln138)> <Delay = 0.00>
ST_2 : Operation 148 [1/1] (0.00ns)   --->   "%zext_ln139_1 = zext i7 %shl_ln139_1" [dilithium2/packing.c:139]   --->   Operation 148 'zext' 'zext_ln139_1' <Predicate = (!icmp_ln138)> <Delay = 0.00>
ST_2 : Operation 149 [1/1] (0.00ns) (grouped into TernaryAdder)   --->   "%sub_ln139 = sub i10 %zext_ln139, i10 %zext_ln139_1" [dilithium2/packing.c:139]   --->   Operation 149 'sub' 'sub_ln139' <Predicate = (!icmp_ln138)> <Delay = 0.00> <CoreInst = "TAddSub">   --->   Core 10 'TAddSub' <Latency = 0> <II = 1> <Delay = 1.54> <IPBlock> <Opcode : 'add' 'sub'> <InPorts = 3> <OutPorts = 1> <Sync> <CReg>
ST_2 : Operation 150 [1/1] (3.09ns) (root node of TernaryAdder)   --->   "%add_ln139 = add i10 %sub_ln139, i10 496" [dilithium2/packing.c:139]   --->   Operation 150 'add' 'add_ln139' <Predicate = (!icmp_ln138)> <Delay = 3.09> <CoreInst = "TAddSub">   --->   Core 10 'TAddSub' <Latency = 0> <II = 1> <Delay = 1.54> <IPBlock> <Opcode : 'add' 'sub'> <InPorts = 3> <OutPorts = 1> <Sync> <CReg>
ST_2 : Operation 151 [129/129] (4.52ns)   --->   "%call_ln139 = call void @pqcrystals_dilithium2_ref_polyeta_unpack.1, i32 %s2_vec_coeffs, i2 %empty_82, i8 %sk, i10 %add_ln139" [dilithium2/packing.c:139]   --->   Operation 151 'call' 'call_ln139' <Predicate = (!icmp_ln138)> <Delay = 4.52> <CoreType = "Generic">   --->   Core 0 '' <Latency = 0> <II = 1> <Delay = 1.00> <Generic> <Opcode : >
ST_2 : Operation 282 [1/1] (0.00ns)   --->   "%ret_ln0 = ret"   --->   Operation 282 'ret' 'ret_ln0' <Predicate = (icmp_ln138)> <Delay = 0.00>

State 3 <SV = 2> <Delay = 6.89>
ST_3 : Operation 152 [128/129] (6.89ns)   --->   "%call_ln139 = call void @pqcrystals_dilithium2_ref_polyeta_unpack.1, i32 %s2_vec_coeffs, i2 %empty_82, i8 %sk, i10 %add_ln139" [dilithium2/packing.c:139]   --->   Operation 152 'call' 'call_ln139' <Predicate = (!icmp_ln138)> <Delay = 6.89> <CoreType = "Generic">   --->   Core 0 '' <Latency = 0> <II = 1> <Delay = 1.00> <Generic> <Opcode : >

State 4 <SV = 3> <Delay = 6.89>
ST_4 : Operation 153 [127/129] (6.89ns)   --->   "%call_ln139 = call void @pqcrystals_dilithium2_ref_polyeta_unpack.1, i32 %s2_vec_coeffs, i2 %empty_82, i8 %sk, i10 %add_ln139" [dilithium2/packing.c:139]   --->   Operation 153 'call' 'call_ln139' <Predicate = (!icmp_ln138)> <Delay = 6.89> <CoreType = "Generic">   --->   Core 0 '' <Latency = 0> <II = 1> <Delay = 1.00> <Generic> <Opcode : >

State 5 <SV = 4> <Delay = 6.89>
ST_5 : Operation 154 [126/129] (6.89ns)   --->   "%call_ln139 = call void @pqcrystals_dilithium2_ref_polyeta_unpack.1, i32 %s2_vec_coeffs, i2 %empty_82, i8 %sk, i10 %add_ln139" [dilithium2/packing.c:139]   --->   Operation 154 'call' 'call_ln139' <Predicate = (!icmp_ln138)> <Delay = 6.89> <CoreType = "Generic">   --->   Core 0 '' <Latency = 0> <II = 1> <Delay = 1.00> <Generic> <Opcode : >

State 6 <SV = 5> <Delay = 6.89>
ST_6 : Operation 155 [125/129] (6.89ns)   --->   "%call_ln139 = call void @pqcrystals_dilithium2_ref_polyeta_unpack.1, i32 %s2_vec_coeffs, i2 %empty_82, i8 %sk, i10 %add_ln139" [dilithium2/packing.c:139]   --->   Operation 155 'call' 'call_ln139' <Predicate = (!icmp_ln138)> <Delay = 6.89> <CoreType = "Generic">   --->   Core 0 '' <Latency = 0> <II = 1> <Delay = 1.00> <Generic> <Opcode : >

State 7 <SV = 6> <Delay = 6.89>
ST_7 : Operation 156 [124/129] (6.89ns)   --->   "%call_ln139 = call void @pqcrystals_dilithium2_ref_polyeta_unpack.1, i32 %s2_vec_coeffs, i2 %empty_82, i8 %sk, i10 %add_ln139" [dilithium2/packing.c:139]   --->   Operation 156 'call' 'call_ln139' <Predicate = (!icmp_ln138)> <Delay = 6.89> <CoreType = "Generic">   --->   Core 0 '' <Latency = 0> <II = 1> <Delay = 1.00> <Generic> <Opcode : >

State 8 <SV = 7> <Delay = 6.89>
ST_8 : Operation 157 [123/129] (6.89ns)   --->   "%call_ln139 = call void @pqcrystals_dilithium2_ref_polyeta_unpack.1, i32 %s2_vec_coeffs, i2 %empty_82, i8 %sk, i10 %add_ln139" [dilithium2/packing.c:139]   --->   Operation 157 'call' 'call_ln139' <Predicate = (!icmp_ln138)> <Delay = 6.89> <CoreType = "Generic">   --->   Core 0 '' <Latency = 0> <II = 1> <Delay = 1.00> <Generic> <Opcode : >

State 9 <SV = 8> <Delay = 6.89>
ST_9 : Operation 158 [122/129] (6.89ns)   --->   "%call_ln139 = call void @pqcrystals_dilithium2_ref_polyeta_unpack.1, i32 %s2_vec_coeffs, i2 %empty_82, i8 %sk, i10 %add_ln139" [dilithium2/packing.c:139]   --->   Operation 158 'call' 'call_ln139' <Predicate = (!icmp_ln138)> <Delay = 6.89> <CoreType = "Generic">   --->   Core 0 '' <Latency = 0> <II = 1> <Delay = 1.00> <Generic> <Opcode : >

State 10 <SV = 9> <Delay = 6.89>
ST_10 : Operation 159 [121/129] (6.89ns)   --->   "%call_ln139 = call void @pqcrystals_dilithium2_ref_polyeta_unpack.1, i32 %s2_vec_coeffs, i2 %empty_82, i8 %sk, i10 %add_ln139" [dilithium2/packing.c:139]   --->   Operation 159 'call' 'call_ln139' <Predicate = (!icmp_ln138)> <Delay = 6.89> <CoreType = "Generic">   --->   Core 0 '' <Latency = 0> <II = 1> <Delay = 1.00> <Generic> <Opcode : >

State 11 <SV = 10> <Delay = 6.89>
ST_11 : Operation 160 [120/129] (6.89ns)   --->   "%call_ln139 = call void @pqcrystals_dilithium2_ref_polyeta_unpack.1, i32 %s2_vec_coeffs, i2 %empty_82, i8 %sk, i10 %add_ln139" [dilithium2/packing.c:139]   --->   Operation 160 'call' 'call_ln139' <Predicate = (!icmp_ln138)> <Delay = 6.89> <CoreType = "Generic">   --->   Core 0 '' <Latency = 0> <II = 1> <Delay = 1.00> <Generic> <Opcode : >

State 12 <SV = 11> <Delay = 6.89>
ST_12 : Operation 161 [119/129] (6.89ns)   --->   "%call_ln139 = call void @pqcrystals_dilithium2_ref_polyeta_unpack.1, i32 %s2_vec_coeffs, i2 %empty_82, i8 %sk, i10 %add_ln139" [dilithium2/packing.c:139]   --->   Operation 161 'call' 'call_ln139' <Predicate = (!icmp_ln138)> <Delay = 6.89> <CoreType = "Generic">   --->   Core 0 '' <Latency = 0> <II = 1> <Delay = 1.00> <Generic> <Opcode : >

State 13 <SV = 12> <Delay = 6.89>
ST_13 : Operation 162 [118/129] (6.89ns)   --->   "%call_ln139 = call void @pqcrystals_dilithium2_ref_polyeta_unpack.1, i32 %s2_vec_coeffs, i2 %empty_82, i8 %sk, i10 %add_ln139" [dilithium2/packing.c:139]   --->   Operation 162 'call' 'call_ln139' <Predicate = (!icmp_ln138)> <Delay = 6.89> <CoreType = "Generic">   --->   Core 0 '' <Latency = 0> <II = 1> <Delay = 1.00> <Generic> <Opcode : >

State 14 <SV = 13> <Delay = 6.89>
ST_14 : Operation 163 [117/129] (6.89ns)   --->   "%call_ln139 = call void @pqcrystals_dilithium2_ref_polyeta_unpack.1, i32 %s2_vec_coeffs, i2 %empty_82, i8 %sk, i10 %add_ln139" [dilithium2/packing.c:139]   --->   Operation 163 'call' 'call_ln139' <Predicate = (!icmp_ln138)> <Delay = 6.89> <CoreType = "Generic">   --->   Core 0 '' <Latency = 0> <II = 1> <Delay = 1.00> <Generic> <Opcode : >

State 15 <SV = 14> <Delay = 6.89>
ST_15 : Operation 164 [116/129] (6.89ns)   --->   "%call_ln139 = call void @pqcrystals_dilithium2_ref_polyeta_unpack.1, i32 %s2_vec_coeffs, i2 %empty_82, i8 %sk, i10 %add_ln139" [dilithium2/packing.c:139]   --->   Operation 164 'call' 'call_ln139' <Predicate = (!icmp_ln138)> <Delay = 6.89> <CoreType = "Generic">   --->   Core 0 '' <Latency = 0> <II = 1> <Delay = 1.00> <Generic> <Opcode : >

State 16 <SV = 15> <Delay = 6.89>
ST_16 : Operation 165 [115/129] (6.89ns)   --->   "%call_ln139 = call void @pqcrystals_dilithium2_ref_polyeta_unpack.1, i32 %s2_vec_coeffs, i2 %empty_82, i8 %sk, i10 %add_ln139" [dilithium2/packing.c:139]   --->   Operation 165 'call' 'call_ln139' <Predicate = (!icmp_ln138)> <Delay = 6.89> <CoreType = "Generic">   --->   Core 0 '' <Latency = 0> <II = 1> <Delay = 1.00> <Generic> <Opcode : >

State 17 <SV = 16> <Delay = 6.89>
ST_17 : Operation 166 [114/129] (6.89ns)   --->   "%call_ln139 = call void @pqcrystals_dilithium2_ref_polyeta_unpack.1, i32 %s2_vec_coeffs, i2 %empty_82, i8 %sk, i10 %add_ln139" [dilithium2/packing.c:139]   --->   Operation 166 'call' 'call_ln139' <Predicate = (!icmp_ln138)> <Delay = 6.89> <CoreType = "Generic">   --->   Core 0 '' <Latency = 0> <II = 1> <Delay = 1.00> <Generic> <Opcode : >

State 18 <SV = 17> <Delay = 6.89>
ST_18 : Operation 167 [113/129] (6.89ns)   --->   "%call_ln139 = call void @pqcrystals_dilithium2_ref_polyeta_unpack.1, i32 %s2_vec_coeffs, i2 %empty_82, i8 %sk, i10 %add_ln139" [dilithium2/packing.c:139]   --->   Operation 167 'call' 'call_ln139' <Predicate = (!icmp_ln138)> <Delay = 6.89> <CoreType = "Generic">   --->   Core 0 '' <Latency = 0> <II = 1> <Delay = 1.00> <Generic> <Opcode : >

State 19 <SV = 18> <Delay = 6.89>
ST_19 : Operation 168 [112/129] (6.89ns)   --->   "%call_ln139 = call void @pqcrystals_dilithium2_ref_polyeta_unpack.1, i32 %s2_vec_coeffs, i2 %empty_82, i8 %sk, i10 %add_ln139" [dilithium2/packing.c:139]   --->   Operation 168 'call' 'call_ln139' <Predicate = (!icmp_ln138)> <Delay = 6.89> <CoreType = "Generic">   --->   Core 0 '' <Latency = 0> <II = 1> <Delay = 1.00> <Generic> <Opcode : >

State 20 <SV = 19> <Delay = 6.89>
ST_20 : Operation 169 [111/129] (6.89ns)   --->   "%call_ln139 = call void @pqcrystals_dilithium2_ref_polyeta_unpack.1, i32 %s2_vec_coeffs, i2 %empty_82, i8 %sk, i10 %add_ln139" [dilithium2/packing.c:139]   --->   Operation 169 'call' 'call_ln139' <Predicate = (!icmp_ln138)> <Delay = 6.89> <CoreType = "Generic">   --->   Core 0 '' <Latency = 0> <II = 1> <Delay = 1.00> <Generic> <Opcode : >

State 21 <SV = 20> <Delay = 6.89>
ST_21 : Operation 170 [110/129] (6.89ns)   --->   "%call_ln139 = call void @pqcrystals_dilithium2_ref_polyeta_unpack.1, i32 %s2_vec_coeffs, i2 %empty_82, i8 %sk, i10 %add_ln139" [dilithium2/packing.c:139]   --->   Operation 170 'call' 'call_ln139' <Predicate = (!icmp_ln138)> <Delay = 6.89> <CoreType = "Generic">   --->   Core 0 '' <Latency = 0> <II = 1> <Delay = 1.00> <Generic> <Opcode : >

State 22 <SV = 21> <Delay = 6.89>
ST_22 : Operation 171 [109/129] (6.89ns)   --->   "%call_ln139 = call void @pqcrystals_dilithium2_ref_polyeta_unpack.1, i32 %s2_vec_coeffs, i2 %empty_82, i8 %sk, i10 %add_ln139" [dilithium2/packing.c:139]   --->   Operation 171 'call' 'call_ln139' <Predicate = (!icmp_ln138)> <Delay = 6.89> <CoreType = "Generic">   --->   Core 0 '' <Latency = 0> <II = 1> <Delay = 1.00> <Generic> <Opcode : >

State 23 <SV = 22> <Delay = 6.89>
ST_23 : Operation 172 [108/129] (6.89ns)   --->   "%call_ln139 = call void @pqcrystals_dilithium2_ref_polyeta_unpack.1, i32 %s2_vec_coeffs, i2 %empty_82, i8 %sk, i10 %add_ln139" [dilithium2/packing.c:139]   --->   Operation 172 'call' 'call_ln139' <Predicate = (!icmp_ln138)> <Delay = 6.89> <CoreType = "Generic">   --->   Core 0 '' <Latency = 0> <II = 1> <Delay = 1.00> <Generic> <Opcode : >

State 24 <SV = 23> <Delay = 6.89>
ST_24 : Operation 173 [107/129] (6.89ns)   --->   "%call_ln139 = call void @pqcrystals_dilithium2_ref_polyeta_unpack.1, i32 %s2_vec_coeffs, i2 %empty_82, i8 %sk, i10 %add_ln139" [dilithium2/packing.c:139]   --->   Operation 173 'call' 'call_ln139' <Predicate = (!icmp_ln138)> <Delay = 6.89> <CoreType = "Generic">   --->   Core 0 '' <Latency = 0> <II = 1> <Delay = 1.00> <Generic> <Opcode : >

State 25 <SV = 24> <Delay = 6.89>
ST_25 : Operation 174 [106/129] (6.89ns)   --->   "%call_ln139 = call void @pqcrystals_dilithium2_ref_polyeta_unpack.1, i32 %s2_vec_coeffs, i2 %empty_82, i8 %sk, i10 %add_ln139" [dilithium2/packing.c:139]   --->   Operation 174 'call' 'call_ln139' <Predicate = (!icmp_ln138)> <Delay = 6.89> <CoreType = "Generic">   --->   Core 0 '' <Latency = 0> <II = 1> <Delay = 1.00> <Generic> <Opcode : >

State 26 <SV = 25> <Delay = 6.89>
ST_26 : Operation 175 [105/129] (6.89ns)   --->   "%call_ln139 = call void @pqcrystals_dilithium2_ref_polyeta_unpack.1, i32 %s2_vec_coeffs, i2 %empty_82, i8 %sk, i10 %add_ln139" [dilithium2/packing.c:139]   --->   Operation 175 'call' 'call_ln139' <Predicate = (!icmp_ln138)> <Delay = 6.89> <CoreType = "Generic">   --->   Core 0 '' <Latency = 0> <II = 1> <Delay = 1.00> <Generic> <Opcode : >

State 27 <SV = 26> <Delay = 6.89>
ST_27 : Operation 176 [104/129] (6.89ns)   --->   "%call_ln139 = call void @pqcrystals_dilithium2_ref_polyeta_unpack.1, i32 %s2_vec_coeffs, i2 %empty_82, i8 %sk, i10 %add_ln139" [dilithium2/packing.c:139]   --->   Operation 176 'call' 'call_ln139' <Predicate = (!icmp_ln138)> <Delay = 6.89> <CoreType = "Generic">   --->   Core 0 '' <Latency = 0> <II = 1> <Delay = 1.00> <Generic> <Opcode : >

State 28 <SV = 27> <Delay = 6.89>
ST_28 : Operation 177 [103/129] (6.89ns)   --->   "%call_ln139 = call void @pqcrystals_dilithium2_ref_polyeta_unpack.1, i32 %s2_vec_coeffs, i2 %empty_82, i8 %sk, i10 %add_ln139" [dilithium2/packing.c:139]   --->   Operation 177 'call' 'call_ln139' <Predicate = (!icmp_ln138)> <Delay = 6.89> <CoreType = "Generic">   --->   Core 0 '' <Latency = 0> <II = 1> <Delay = 1.00> <Generic> <Opcode : >

State 29 <SV = 28> <Delay = 6.89>
ST_29 : Operation 178 [102/129] (6.89ns)   --->   "%call_ln139 = call void @pqcrystals_dilithium2_ref_polyeta_unpack.1, i32 %s2_vec_coeffs, i2 %empty_82, i8 %sk, i10 %add_ln139" [dilithium2/packing.c:139]   --->   Operation 178 'call' 'call_ln139' <Predicate = (!icmp_ln138)> <Delay = 6.89> <CoreType = "Generic">   --->   Core 0 '' <Latency = 0> <II = 1> <Delay = 1.00> <Generic> <Opcode : >

State 30 <SV = 29> <Delay = 6.89>
ST_30 : Operation 179 [101/129] (6.89ns)   --->   "%call_ln139 = call void @pqcrystals_dilithium2_ref_polyeta_unpack.1, i32 %s2_vec_coeffs, i2 %empty_82, i8 %sk, i10 %add_ln139" [dilithium2/packing.c:139]   --->   Operation 179 'call' 'call_ln139' <Predicate = (!icmp_ln138)> <Delay = 6.89> <CoreType = "Generic">   --->   Core 0 '' <Latency = 0> <II = 1> <Delay = 1.00> <Generic> <Opcode : >

State 31 <SV = 30> <Delay = 6.89>
ST_31 : Operation 180 [100/129] (6.89ns)   --->   "%call_ln139 = call void @pqcrystals_dilithium2_ref_polyeta_unpack.1, i32 %s2_vec_coeffs, i2 %empty_82, i8 %sk, i10 %add_ln139" [dilithium2/packing.c:139]   --->   Operation 180 'call' 'call_ln139' <Predicate = (!icmp_ln138)> <Delay = 6.89> <CoreType = "Generic">   --->   Core 0 '' <Latency = 0> <II = 1> <Delay = 1.00> <Generic> <Opcode : >

State 32 <SV = 31> <Delay = 6.89>
ST_32 : Operation 181 [99/129] (6.89ns)   --->   "%call_ln139 = call void @pqcrystals_dilithium2_ref_polyeta_unpack.1, i32 %s2_vec_coeffs, i2 %empty_82, i8 %sk, i10 %add_ln139" [dilithium2/packing.c:139]   --->   Operation 181 'call' 'call_ln139' <Predicate = (!icmp_ln138)> <Delay = 6.89> <CoreType = "Generic">   --->   Core 0 '' <Latency = 0> <II = 1> <Delay = 1.00> <Generic> <Opcode : >

State 33 <SV = 32> <Delay = 6.89>
ST_33 : Operation 182 [98/129] (6.89ns)   --->   "%call_ln139 = call void @pqcrystals_dilithium2_ref_polyeta_unpack.1, i32 %s2_vec_coeffs, i2 %empty_82, i8 %sk, i10 %add_ln139" [dilithium2/packing.c:139]   --->   Operation 182 'call' 'call_ln139' <Predicate = (!icmp_ln138)> <Delay = 6.89> <CoreType = "Generic">   --->   Core 0 '' <Latency = 0> <II = 1> <Delay = 1.00> <Generic> <Opcode : >

State 34 <SV = 33> <Delay = 6.89>
ST_34 : Operation 183 [97/129] (6.89ns)   --->   "%call_ln139 = call void @pqcrystals_dilithium2_ref_polyeta_unpack.1, i32 %s2_vec_coeffs, i2 %empty_82, i8 %sk, i10 %add_ln139" [dilithium2/packing.c:139]   --->   Operation 183 'call' 'call_ln139' <Predicate = (!icmp_ln138)> <Delay = 6.89> <CoreType = "Generic">   --->   Core 0 '' <Latency = 0> <II = 1> <Delay = 1.00> <Generic> <Opcode : >

State 35 <SV = 34> <Delay = 6.89>
ST_35 : Operation 184 [96/129] (6.89ns)   --->   "%call_ln139 = call void @pqcrystals_dilithium2_ref_polyeta_unpack.1, i32 %s2_vec_coeffs, i2 %empty_82, i8 %sk, i10 %add_ln139" [dilithium2/packing.c:139]   --->   Operation 184 'call' 'call_ln139' <Predicate = (!icmp_ln138)> <Delay = 6.89> <CoreType = "Generic">   --->   Core 0 '' <Latency = 0> <II = 1> <Delay = 1.00> <Generic> <Opcode : >

State 36 <SV = 35> <Delay = 6.89>
ST_36 : Operation 185 [95/129] (6.89ns)   --->   "%call_ln139 = call void @pqcrystals_dilithium2_ref_polyeta_unpack.1, i32 %s2_vec_coeffs, i2 %empty_82, i8 %sk, i10 %add_ln139" [dilithium2/packing.c:139]   --->   Operation 185 'call' 'call_ln139' <Predicate = (!icmp_ln138)> <Delay = 6.89> <CoreType = "Generic">   --->   Core 0 '' <Latency = 0> <II = 1> <Delay = 1.00> <Generic> <Opcode : >

State 37 <SV = 36> <Delay = 6.89>
ST_37 : Operation 186 [94/129] (6.89ns)   --->   "%call_ln139 = call void @pqcrystals_dilithium2_ref_polyeta_unpack.1, i32 %s2_vec_coeffs, i2 %empty_82, i8 %sk, i10 %add_ln139" [dilithium2/packing.c:139]   --->   Operation 186 'call' 'call_ln139' <Predicate = (!icmp_ln138)> <Delay = 6.89> <CoreType = "Generic">   --->   Core 0 '' <Latency = 0> <II = 1> <Delay = 1.00> <Generic> <Opcode : >

State 38 <SV = 37> <Delay = 6.89>
ST_38 : Operation 187 [93/129] (6.89ns)   --->   "%call_ln139 = call void @pqcrystals_dilithium2_ref_polyeta_unpack.1, i32 %s2_vec_coeffs, i2 %empty_82, i8 %sk, i10 %add_ln139" [dilithium2/packing.c:139]   --->   Operation 187 'call' 'call_ln139' <Predicate = (!icmp_ln138)> <Delay = 6.89> <CoreType = "Generic">   --->   Core 0 '' <Latency = 0> <II = 1> <Delay = 1.00> <Generic> <Opcode : >

State 39 <SV = 38> <Delay = 6.89>
ST_39 : Operation 188 [92/129] (6.89ns)   --->   "%call_ln139 = call void @pqcrystals_dilithium2_ref_polyeta_unpack.1, i32 %s2_vec_coeffs, i2 %empty_82, i8 %sk, i10 %add_ln139" [dilithium2/packing.c:139]   --->   Operation 188 'call' 'call_ln139' <Predicate = (!icmp_ln138)> <Delay = 6.89> <CoreType = "Generic">   --->   Core 0 '' <Latency = 0> <II = 1> <Delay = 1.00> <Generic> <Opcode : >

State 40 <SV = 39> <Delay = 6.89>
ST_40 : Operation 189 [91/129] (6.89ns)   --->   "%call_ln139 = call void @pqcrystals_dilithium2_ref_polyeta_unpack.1, i32 %s2_vec_coeffs, i2 %empty_82, i8 %sk, i10 %add_ln139" [dilithium2/packing.c:139]   --->   Operation 189 'call' 'call_ln139' <Predicate = (!icmp_ln138)> <Delay = 6.89> <CoreType = "Generic">   --->   Core 0 '' <Latency = 0> <II = 1> <Delay = 1.00> <Generic> <Opcode : >

State 41 <SV = 40> <Delay = 6.89>
ST_41 : Operation 190 [90/129] (6.89ns)   --->   "%call_ln139 = call void @pqcrystals_dilithium2_ref_polyeta_unpack.1, i32 %s2_vec_coeffs, i2 %empty_82, i8 %sk, i10 %add_ln139" [dilithium2/packing.c:139]   --->   Operation 190 'call' 'call_ln139' <Predicate = (!icmp_ln138)> <Delay = 6.89> <CoreType = "Generic">   --->   Core 0 '' <Latency = 0> <II = 1> <Delay = 1.00> <Generic> <Opcode : >

State 42 <SV = 41> <Delay = 6.89>
ST_42 : Operation 191 [89/129] (6.89ns)   --->   "%call_ln139 = call void @pqcrystals_dilithium2_ref_polyeta_unpack.1, i32 %s2_vec_coeffs, i2 %empty_82, i8 %sk, i10 %add_ln139" [dilithium2/packing.c:139]   --->   Operation 191 'call' 'call_ln139' <Predicate = (!icmp_ln138)> <Delay = 6.89> <CoreType = "Generic">   --->   Core 0 '' <Latency = 0> <II = 1> <Delay = 1.00> <Generic> <Opcode : >

State 43 <SV = 42> <Delay = 6.89>
ST_43 : Operation 192 [88/129] (6.89ns)   --->   "%call_ln139 = call void @pqcrystals_dilithium2_ref_polyeta_unpack.1, i32 %s2_vec_coeffs, i2 %empty_82, i8 %sk, i10 %add_ln139" [dilithium2/packing.c:139]   --->   Operation 192 'call' 'call_ln139' <Predicate = (!icmp_ln138)> <Delay = 6.89> <CoreType = "Generic">   --->   Core 0 '' <Latency = 0> <II = 1> <Delay = 1.00> <Generic> <Opcode : >

State 44 <SV = 43> <Delay = 6.89>
ST_44 : Operation 193 [87/129] (6.89ns)   --->   "%call_ln139 = call void @pqcrystals_dilithium2_ref_polyeta_unpack.1, i32 %s2_vec_coeffs, i2 %empty_82, i8 %sk, i10 %add_ln139" [dilithium2/packing.c:139]   --->   Operation 193 'call' 'call_ln139' <Predicate = (!icmp_ln138)> <Delay = 6.89> <CoreType = "Generic">   --->   Core 0 '' <Latency = 0> <II = 1> <Delay = 1.00> <Generic> <Opcode : >

State 45 <SV = 44> <Delay = 6.89>
ST_45 : Operation 194 [86/129] (6.89ns)   --->   "%call_ln139 = call void @pqcrystals_dilithium2_ref_polyeta_unpack.1, i32 %s2_vec_coeffs, i2 %empty_82, i8 %sk, i10 %add_ln139" [dilithium2/packing.c:139]   --->   Operation 194 'call' 'call_ln139' <Predicate = (!icmp_ln138)> <Delay = 6.89> <CoreType = "Generic">   --->   Core 0 '' <Latency = 0> <II = 1> <Delay = 1.00> <Generic> <Opcode : >

State 46 <SV = 45> <Delay = 6.89>
ST_46 : Operation 195 [85/129] (6.89ns)   --->   "%call_ln139 = call void @pqcrystals_dilithium2_ref_polyeta_unpack.1, i32 %s2_vec_coeffs, i2 %empty_82, i8 %sk, i10 %add_ln139" [dilithium2/packing.c:139]   --->   Operation 195 'call' 'call_ln139' <Predicate = (!icmp_ln138)> <Delay = 6.89> <CoreType = "Generic">   --->   Core 0 '' <Latency = 0> <II = 1> <Delay = 1.00> <Generic> <Opcode : >

State 47 <SV = 46> <Delay = 6.89>
ST_47 : Operation 196 [84/129] (6.89ns)   --->   "%call_ln139 = call void @pqcrystals_dilithium2_ref_polyeta_unpack.1, i32 %s2_vec_coeffs, i2 %empty_82, i8 %sk, i10 %add_ln139" [dilithium2/packing.c:139]   --->   Operation 196 'call' 'call_ln139' <Predicate = (!icmp_ln138)> <Delay = 6.89> <CoreType = "Generic">   --->   Core 0 '' <Latency = 0> <II = 1> <Delay = 1.00> <Generic> <Opcode : >

State 48 <SV = 47> <Delay = 6.89>
ST_48 : Operation 197 [83/129] (6.89ns)   --->   "%call_ln139 = call void @pqcrystals_dilithium2_ref_polyeta_unpack.1, i32 %s2_vec_coeffs, i2 %empty_82, i8 %sk, i10 %add_ln139" [dilithium2/packing.c:139]   --->   Operation 197 'call' 'call_ln139' <Predicate = (!icmp_ln138)> <Delay = 6.89> <CoreType = "Generic">   --->   Core 0 '' <Latency = 0> <II = 1> <Delay = 1.00> <Generic> <Opcode : >

State 49 <SV = 48> <Delay = 6.89>
ST_49 : Operation 198 [82/129] (6.89ns)   --->   "%call_ln139 = call void @pqcrystals_dilithium2_ref_polyeta_unpack.1, i32 %s2_vec_coeffs, i2 %empty_82, i8 %sk, i10 %add_ln139" [dilithium2/packing.c:139]   --->   Operation 198 'call' 'call_ln139' <Predicate = (!icmp_ln138)> <Delay = 6.89> <CoreType = "Generic">   --->   Core 0 '' <Latency = 0> <II = 1> <Delay = 1.00> <Generic> <Opcode : >

State 50 <SV = 49> <Delay = 6.89>
ST_50 : Operation 199 [81/129] (6.89ns)   --->   "%call_ln139 = call void @pqcrystals_dilithium2_ref_polyeta_unpack.1, i32 %s2_vec_coeffs, i2 %empty_82, i8 %sk, i10 %add_ln139" [dilithium2/packing.c:139]   --->   Operation 199 'call' 'call_ln139' <Predicate = (!icmp_ln138)> <Delay = 6.89> <CoreType = "Generic">   --->   Core 0 '' <Latency = 0> <II = 1> <Delay = 1.00> <Generic> <Opcode : >

State 51 <SV = 50> <Delay = 6.89>
ST_51 : Operation 200 [80/129] (6.89ns)   --->   "%call_ln139 = call void @pqcrystals_dilithium2_ref_polyeta_unpack.1, i32 %s2_vec_coeffs, i2 %empty_82, i8 %sk, i10 %add_ln139" [dilithium2/packing.c:139]   --->   Operation 200 'call' 'call_ln139' <Predicate = (!icmp_ln138)> <Delay = 6.89> <CoreType = "Generic">   --->   Core 0 '' <Latency = 0> <II = 1> <Delay = 1.00> <Generic> <Opcode : >

State 52 <SV = 51> <Delay = 6.89>
ST_52 : Operation 201 [79/129] (6.89ns)   --->   "%call_ln139 = call void @pqcrystals_dilithium2_ref_polyeta_unpack.1, i32 %s2_vec_coeffs, i2 %empty_82, i8 %sk, i10 %add_ln139" [dilithium2/packing.c:139]   --->   Operation 201 'call' 'call_ln139' <Predicate = (!icmp_ln138)> <Delay = 6.89> <CoreType = "Generic">   --->   Core 0 '' <Latency = 0> <II = 1> <Delay = 1.00> <Generic> <Opcode : >

State 53 <SV = 52> <Delay = 6.89>
ST_53 : Operation 202 [78/129] (6.89ns)   --->   "%call_ln139 = call void @pqcrystals_dilithium2_ref_polyeta_unpack.1, i32 %s2_vec_coeffs, i2 %empty_82, i8 %sk, i10 %add_ln139" [dilithium2/packing.c:139]   --->   Operation 202 'call' 'call_ln139' <Predicate = (!icmp_ln138)> <Delay = 6.89> <CoreType = "Generic">   --->   Core 0 '' <Latency = 0> <II = 1> <Delay = 1.00> <Generic> <Opcode : >

State 54 <SV = 53> <Delay = 6.89>
ST_54 : Operation 203 [77/129] (6.89ns)   --->   "%call_ln139 = call void @pqcrystals_dilithium2_ref_polyeta_unpack.1, i32 %s2_vec_coeffs, i2 %empty_82, i8 %sk, i10 %add_ln139" [dilithium2/packing.c:139]   --->   Operation 203 'call' 'call_ln139' <Predicate = (!icmp_ln138)> <Delay = 6.89> <CoreType = "Generic">   --->   Core 0 '' <Latency = 0> <II = 1> <Delay = 1.00> <Generic> <Opcode : >

State 55 <SV = 54> <Delay = 6.89>
ST_55 : Operation 204 [76/129] (6.89ns)   --->   "%call_ln139 = call void @pqcrystals_dilithium2_ref_polyeta_unpack.1, i32 %s2_vec_coeffs, i2 %empty_82, i8 %sk, i10 %add_ln139" [dilithium2/packing.c:139]   --->   Operation 204 'call' 'call_ln139' <Predicate = (!icmp_ln138)> <Delay = 6.89> <CoreType = "Generic">   --->   Core 0 '' <Latency = 0> <II = 1> <Delay = 1.00> <Generic> <Opcode : >

State 56 <SV = 55> <Delay = 6.89>
ST_56 : Operation 205 [75/129] (6.89ns)   --->   "%call_ln139 = call void @pqcrystals_dilithium2_ref_polyeta_unpack.1, i32 %s2_vec_coeffs, i2 %empty_82, i8 %sk, i10 %add_ln139" [dilithium2/packing.c:139]   --->   Operation 205 'call' 'call_ln139' <Predicate = (!icmp_ln138)> <Delay = 6.89> <CoreType = "Generic">   --->   Core 0 '' <Latency = 0> <II = 1> <Delay = 1.00> <Generic> <Opcode : >

State 57 <SV = 56> <Delay = 6.89>
ST_57 : Operation 206 [74/129] (6.89ns)   --->   "%call_ln139 = call void @pqcrystals_dilithium2_ref_polyeta_unpack.1, i32 %s2_vec_coeffs, i2 %empty_82, i8 %sk, i10 %add_ln139" [dilithium2/packing.c:139]   --->   Operation 206 'call' 'call_ln139' <Predicate = (!icmp_ln138)> <Delay = 6.89> <CoreType = "Generic">   --->   Core 0 '' <Latency = 0> <II = 1> <Delay = 1.00> <Generic> <Opcode : >

State 58 <SV = 57> <Delay = 6.89>
ST_58 : Operation 207 [73/129] (6.89ns)   --->   "%call_ln139 = call void @pqcrystals_dilithium2_ref_polyeta_unpack.1, i32 %s2_vec_coeffs, i2 %empty_82, i8 %sk, i10 %add_ln139" [dilithium2/packing.c:139]   --->   Operation 207 'call' 'call_ln139' <Predicate = (!icmp_ln138)> <Delay = 6.89> <CoreType = "Generic">   --->   Core 0 '' <Latency = 0> <II = 1> <Delay = 1.00> <Generic> <Opcode : >

State 59 <SV = 58> <Delay = 6.89>
ST_59 : Operation 208 [72/129] (6.89ns)   --->   "%call_ln139 = call void @pqcrystals_dilithium2_ref_polyeta_unpack.1, i32 %s2_vec_coeffs, i2 %empty_82, i8 %sk, i10 %add_ln139" [dilithium2/packing.c:139]   --->   Operation 208 'call' 'call_ln139' <Predicate = (!icmp_ln138)> <Delay = 6.89> <CoreType = "Generic">   --->   Core 0 '' <Latency = 0> <II = 1> <Delay = 1.00> <Generic> <Opcode : >

State 60 <SV = 59> <Delay = 6.89>
ST_60 : Operation 209 [71/129] (6.89ns)   --->   "%call_ln139 = call void @pqcrystals_dilithium2_ref_polyeta_unpack.1, i32 %s2_vec_coeffs, i2 %empty_82, i8 %sk, i10 %add_ln139" [dilithium2/packing.c:139]   --->   Operation 209 'call' 'call_ln139' <Predicate = (!icmp_ln138)> <Delay = 6.89> <CoreType = "Generic">   --->   Core 0 '' <Latency = 0> <II = 1> <Delay = 1.00> <Generic> <Opcode : >

State 61 <SV = 60> <Delay = 6.89>
ST_61 : Operation 210 [70/129] (6.89ns)   --->   "%call_ln139 = call void @pqcrystals_dilithium2_ref_polyeta_unpack.1, i32 %s2_vec_coeffs, i2 %empty_82, i8 %sk, i10 %add_ln139" [dilithium2/packing.c:139]   --->   Operation 210 'call' 'call_ln139' <Predicate = (!icmp_ln138)> <Delay = 6.89> <CoreType = "Generic">   --->   Core 0 '' <Latency = 0> <II = 1> <Delay = 1.00> <Generic> <Opcode : >

State 62 <SV = 61> <Delay = 6.89>
ST_62 : Operation 211 [69/129] (6.89ns)   --->   "%call_ln139 = call void @pqcrystals_dilithium2_ref_polyeta_unpack.1, i32 %s2_vec_coeffs, i2 %empty_82, i8 %sk, i10 %add_ln139" [dilithium2/packing.c:139]   --->   Operation 211 'call' 'call_ln139' <Predicate = (!icmp_ln138)> <Delay = 6.89> <CoreType = "Generic">   --->   Core 0 '' <Latency = 0> <II = 1> <Delay = 1.00> <Generic> <Opcode : >

State 63 <SV = 62> <Delay = 6.89>
ST_63 : Operation 212 [68/129] (6.89ns)   --->   "%call_ln139 = call void @pqcrystals_dilithium2_ref_polyeta_unpack.1, i32 %s2_vec_coeffs, i2 %empty_82, i8 %sk, i10 %add_ln139" [dilithium2/packing.c:139]   --->   Operation 212 'call' 'call_ln139' <Predicate = (!icmp_ln138)> <Delay = 6.89> <CoreType = "Generic">   --->   Core 0 '' <Latency = 0> <II = 1> <Delay = 1.00> <Generic> <Opcode : >

State 64 <SV = 63> <Delay = 6.89>
ST_64 : Operation 213 [67/129] (6.89ns)   --->   "%call_ln139 = call void @pqcrystals_dilithium2_ref_polyeta_unpack.1, i32 %s2_vec_coeffs, i2 %empty_82, i8 %sk, i10 %add_ln139" [dilithium2/packing.c:139]   --->   Operation 213 'call' 'call_ln139' <Predicate = (!icmp_ln138)> <Delay = 6.89> <CoreType = "Generic">   --->   Core 0 '' <Latency = 0> <II = 1> <Delay = 1.00> <Generic> <Opcode : >

State 65 <SV = 64> <Delay = 6.89>
ST_65 : Operation 214 [66/129] (6.89ns)   --->   "%call_ln139 = call void @pqcrystals_dilithium2_ref_polyeta_unpack.1, i32 %s2_vec_coeffs, i2 %empty_82, i8 %sk, i10 %add_ln139" [dilithium2/packing.c:139]   --->   Operation 214 'call' 'call_ln139' <Predicate = (!icmp_ln138)> <Delay = 6.89> <CoreType = "Generic">   --->   Core 0 '' <Latency = 0> <II = 1> <Delay = 1.00> <Generic> <Opcode : >

State 66 <SV = 65> <Delay = 6.89>
ST_66 : Operation 215 [65/129] (6.89ns)   --->   "%call_ln139 = call void @pqcrystals_dilithium2_ref_polyeta_unpack.1, i32 %s2_vec_coeffs, i2 %empty_82, i8 %sk, i10 %add_ln139" [dilithium2/packing.c:139]   --->   Operation 215 'call' 'call_ln139' <Predicate = (!icmp_ln138)> <Delay = 6.89> <CoreType = "Generic">   --->   Core 0 '' <Latency = 0> <II = 1> <Delay = 1.00> <Generic> <Opcode : >

State 67 <SV = 66> <Delay = 6.89>
ST_67 : Operation 216 [64/129] (6.89ns)   --->   "%call_ln139 = call void @pqcrystals_dilithium2_ref_polyeta_unpack.1, i32 %s2_vec_coeffs, i2 %empty_82, i8 %sk, i10 %add_ln139" [dilithium2/packing.c:139]   --->   Operation 216 'call' 'call_ln139' <Predicate = (!icmp_ln138)> <Delay = 6.89> <CoreType = "Generic">   --->   Core 0 '' <Latency = 0> <II = 1> <Delay = 1.00> <Generic> <Opcode : >

State 68 <SV = 67> <Delay = 6.89>
ST_68 : Operation 217 [63/129] (6.89ns)   --->   "%call_ln139 = call void @pqcrystals_dilithium2_ref_polyeta_unpack.1, i32 %s2_vec_coeffs, i2 %empty_82, i8 %sk, i10 %add_ln139" [dilithium2/packing.c:139]   --->   Operation 217 'call' 'call_ln139' <Predicate = (!icmp_ln138)> <Delay = 6.89> <CoreType = "Generic">   --->   Core 0 '' <Latency = 0> <II = 1> <Delay = 1.00> <Generic> <Opcode : >

State 69 <SV = 68> <Delay = 6.89>
ST_69 : Operation 218 [62/129] (6.89ns)   --->   "%call_ln139 = call void @pqcrystals_dilithium2_ref_polyeta_unpack.1, i32 %s2_vec_coeffs, i2 %empty_82, i8 %sk, i10 %add_ln139" [dilithium2/packing.c:139]   --->   Operation 218 'call' 'call_ln139' <Predicate = (!icmp_ln138)> <Delay = 6.89> <CoreType = "Generic">   --->   Core 0 '' <Latency = 0> <II = 1> <Delay = 1.00> <Generic> <Opcode : >

State 70 <SV = 69> <Delay = 6.89>
ST_70 : Operation 219 [61/129] (6.89ns)   --->   "%call_ln139 = call void @pqcrystals_dilithium2_ref_polyeta_unpack.1, i32 %s2_vec_coeffs, i2 %empty_82, i8 %sk, i10 %add_ln139" [dilithium2/packing.c:139]   --->   Operation 219 'call' 'call_ln139' <Predicate = (!icmp_ln138)> <Delay = 6.89> <CoreType = "Generic">   --->   Core 0 '' <Latency = 0> <II = 1> <Delay = 1.00> <Generic> <Opcode : >

State 71 <SV = 70> <Delay = 6.89>
ST_71 : Operation 220 [60/129] (6.89ns)   --->   "%call_ln139 = call void @pqcrystals_dilithium2_ref_polyeta_unpack.1, i32 %s2_vec_coeffs, i2 %empty_82, i8 %sk, i10 %add_ln139" [dilithium2/packing.c:139]   --->   Operation 220 'call' 'call_ln139' <Predicate = (!icmp_ln138)> <Delay = 6.89> <CoreType = "Generic">   --->   Core 0 '' <Latency = 0> <II = 1> <Delay = 1.00> <Generic> <Opcode : >

State 72 <SV = 71> <Delay = 6.89>
ST_72 : Operation 221 [59/129] (6.89ns)   --->   "%call_ln139 = call void @pqcrystals_dilithium2_ref_polyeta_unpack.1, i32 %s2_vec_coeffs, i2 %empty_82, i8 %sk, i10 %add_ln139" [dilithium2/packing.c:139]   --->   Operation 221 'call' 'call_ln139' <Predicate = (!icmp_ln138)> <Delay = 6.89> <CoreType = "Generic">   --->   Core 0 '' <Latency = 0> <II = 1> <Delay = 1.00> <Generic> <Opcode : >

State 73 <SV = 72> <Delay = 6.89>
ST_73 : Operation 222 [58/129] (6.89ns)   --->   "%call_ln139 = call void @pqcrystals_dilithium2_ref_polyeta_unpack.1, i32 %s2_vec_coeffs, i2 %empty_82, i8 %sk, i10 %add_ln139" [dilithium2/packing.c:139]   --->   Operation 222 'call' 'call_ln139' <Predicate = (!icmp_ln138)> <Delay = 6.89> <CoreType = "Generic">   --->   Core 0 '' <Latency = 0> <II = 1> <Delay = 1.00> <Generic> <Opcode : >

State 74 <SV = 73> <Delay = 6.89>
ST_74 : Operation 223 [57/129] (6.89ns)   --->   "%call_ln139 = call void @pqcrystals_dilithium2_ref_polyeta_unpack.1, i32 %s2_vec_coeffs, i2 %empty_82, i8 %sk, i10 %add_ln139" [dilithium2/packing.c:139]   --->   Operation 223 'call' 'call_ln139' <Predicate = (!icmp_ln138)> <Delay = 6.89> <CoreType = "Generic">   --->   Core 0 '' <Latency = 0> <II = 1> <Delay = 1.00> <Generic> <Opcode : >

State 75 <SV = 74> <Delay = 6.89>
ST_75 : Operation 224 [56/129] (6.89ns)   --->   "%call_ln139 = call void @pqcrystals_dilithium2_ref_polyeta_unpack.1, i32 %s2_vec_coeffs, i2 %empty_82, i8 %sk, i10 %add_ln139" [dilithium2/packing.c:139]   --->   Operation 224 'call' 'call_ln139' <Predicate = (!icmp_ln138)> <Delay = 6.89> <CoreType = "Generic">   --->   Core 0 '' <Latency = 0> <II = 1> <Delay = 1.00> <Generic> <Opcode : >

State 76 <SV = 75> <Delay = 6.89>
ST_76 : Operation 225 [55/129] (6.89ns)   --->   "%call_ln139 = call void @pqcrystals_dilithium2_ref_polyeta_unpack.1, i32 %s2_vec_coeffs, i2 %empty_82, i8 %sk, i10 %add_ln139" [dilithium2/packing.c:139]   --->   Operation 225 'call' 'call_ln139' <Predicate = (!icmp_ln138)> <Delay = 6.89> <CoreType = "Generic">   --->   Core 0 '' <Latency = 0> <II = 1> <Delay = 1.00> <Generic> <Opcode : >

State 77 <SV = 76> <Delay = 6.89>
ST_77 : Operation 226 [54/129] (6.89ns)   --->   "%call_ln139 = call void @pqcrystals_dilithium2_ref_polyeta_unpack.1, i32 %s2_vec_coeffs, i2 %empty_82, i8 %sk, i10 %add_ln139" [dilithium2/packing.c:139]   --->   Operation 226 'call' 'call_ln139' <Predicate = (!icmp_ln138)> <Delay = 6.89> <CoreType = "Generic">   --->   Core 0 '' <Latency = 0> <II = 1> <Delay = 1.00> <Generic> <Opcode : >

State 78 <SV = 77> <Delay = 6.89>
ST_78 : Operation 227 [53/129] (6.89ns)   --->   "%call_ln139 = call void @pqcrystals_dilithium2_ref_polyeta_unpack.1, i32 %s2_vec_coeffs, i2 %empty_82, i8 %sk, i10 %add_ln139" [dilithium2/packing.c:139]   --->   Operation 227 'call' 'call_ln139' <Predicate = (!icmp_ln138)> <Delay = 6.89> <CoreType = "Generic">   --->   Core 0 '' <Latency = 0> <II = 1> <Delay = 1.00> <Generic> <Opcode : >

State 79 <SV = 78> <Delay = 6.89>
ST_79 : Operation 228 [52/129] (6.89ns)   --->   "%call_ln139 = call void @pqcrystals_dilithium2_ref_polyeta_unpack.1, i32 %s2_vec_coeffs, i2 %empty_82, i8 %sk, i10 %add_ln139" [dilithium2/packing.c:139]   --->   Operation 228 'call' 'call_ln139' <Predicate = (!icmp_ln138)> <Delay = 6.89> <CoreType = "Generic">   --->   Core 0 '' <Latency = 0> <II = 1> <Delay = 1.00> <Generic> <Opcode : >

State 80 <SV = 79> <Delay = 6.89>
ST_80 : Operation 229 [51/129] (6.89ns)   --->   "%call_ln139 = call void @pqcrystals_dilithium2_ref_polyeta_unpack.1, i32 %s2_vec_coeffs, i2 %empty_82, i8 %sk, i10 %add_ln139" [dilithium2/packing.c:139]   --->   Operation 229 'call' 'call_ln139' <Predicate = (!icmp_ln138)> <Delay = 6.89> <CoreType = "Generic">   --->   Core 0 '' <Latency = 0> <II = 1> <Delay = 1.00> <Generic> <Opcode : >

State 81 <SV = 80> <Delay = 6.89>
ST_81 : Operation 230 [50/129] (6.89ns)   --->   "%call_ln139 = call void @pqcrystals_dilithium2_ref_polyeta_unpack.1, i32 %s2_vec_coeffs, i2 %empty_82, i8 %sk, i10 %add_ln139" [dilithium2/packing.c:139]   --->   Operation 230 'call' 'call_ln139' <Predicate = (!icmp_ln138)> <Delay = 6.89> <CoreType = "Generic">   --->   Core 0 '' <Latency = 0> <II = 1> <Delay = 1.00> <Generic> <Opcode : >

State 82 <SV = 81> <Delay = 6.89>
ST_82 : Operation 231 [49/129] (6.89ns)   --->   "%call_ln139 = call void @pqcrystals_dilithium2_ref_polyeta_unpack.1, i32 %s2_vec_coeffs, i2 %empty_82, i8 %sk, i10 %add_ln139" [dilithium2/packing.c:139]   --->   Operation 231 'call' 'call_ln139' <Predicate = (!icmp_ln138)> <Delay = 6.89> <CoreType = "Generic">   --->   Core 0 '' <Latency = 0> <II = 1> <Delay = 1.00> <Generic> <Opcode : >

State 83 <SV = 82> <Delay = 6.89>
ST_83 : Operation 232 [48/129] (6.89ns)   --->   "%call_ln139 = call void @pqcrystals_dilithium2_ref_polyeta_unpack.1, i32 %s2_vec_coeffs, i2 %empty_82, i8 %sk, i10 %add_ln139" [dilithium2/packing.c:139]   --->   Operation 232 'call' 'call_ln139' <Predicate = (!icmp_ln138)> <Delay = 6.89> <CoreType = "Generic">   --->   Core 0 '' <Latency = 0> <II = 1> <Delay = 1.00> <Generic> <Opcode : >

State 84 <SV = 83> <Delay = 6.89>
ST_84 : Operation 233 [47/129] (6.89ns)   --->   "%call_ln139 = call void @pqcrystals_dilithium2_ref_polyeta_unpack.1, i32 %s2_vec_coeffs, i2 %empty_82, i8 %sk, i10 %add_ln139" [dilithium2/packing.c:139]   --->   Operation 233 'call' 'call_ln139' <Predicate = (!icmp_ln138)> <Delay = 6.89> <CoreType = "Generic">   --->   Core 0 '' <Latency = 0> <II = 1> <Delay = 1.00> <Generic> <Opcode : >

State 85 <SV = 84> <Delay = 6.89>
ST_85 : Operation 234 [46/129] (6.89ns)   --->   "%call_ln139 = call void @pqcrystals_dilithium2_ref_polyeta_unpack.1, i32 %s2_vec_coeffs, i2 %empty_82, i8 %sk, i10 %add_ln139" [dilithium2/packing.c:139]   --->   Operation 234 'call' 'call_ln139' <Predicate = (!icmp_ln138)> <Delay = 6.89> <CoreType = "Generic">   --->   Core 0 '' <Latency = 0> <II = 1> <Delay = 1.00> <Generic> <Opcode : >

State 86 <SV = 85> <Delay = 6.89>
ST_86 : Operation 235 [45/129] (6.89ns)   --->   "%call_ln139 = call void @pqcrystals_dilithium2_ref_polyeta_unpack.1, i32 %s2_vec_coeffs, i2 %empty_82, i8 %sk, i10 %add_ln139" [dilithium2/packing.c:139]   --->   Operation 235 'call' 'call_ln139' <Predicate = (!icmp_ln138)> <Delay = 6.89> <CoreType = "Generic">   --->   Core 0 '' <Latency = 0> <II = 1> <Delay = 1.00> <Generic> <Opcode : >

State 87 <SV = 86> <Delay = 6.89>
ST_87 : Operation 236 [44/129] (6.89ns)   --->   "%call_ln139 = call void @pqcrystals_dilithium2_ref_polyeta_unpack.1, i32 %s2_vec_coeffs, i2 %empty_82, i8 %sk, i10 %add_ln139" [dilithium2/packing.c:139]   --->   Operation 236 'call' 'call_ln139' <Predicate = (!icmp_ln138)> <Delay = 6.89> <CoreType = "Generic">   --->   Core 0 '' <Latency = 0> <II = 1> <Delay = 1.00> <Generic> <Opcode : >

State 88 <SV = 87> <Delay = 6.89>
ST_88 : Operation 237 [43/129] (6.89ns)   --->   "%call_ln139 = call void @pqcrystals_dilithium2_ref_polyeta_unpack.1, i32 %s2_vec_coeffs, i2 %empty_82, i8 %sk, i10 %add_ln139" [dilithium2/packing.c:139]   --->   Operation 237 'call' 'call_ln139' <Predicate = (!icmp_ln138)> <Delay = 6.89> <CoreType = "Generic">   --->   Core 0 '' <Latency = 0> <II = 1> <Delay = 1.00> <Generic> <Opcode : >

State 89 <SV = 88> <Delay = 6.89>
ST_89 : Operation 238 [42/129] (6.89ns)   --->   "%call_ln139 = call void @pqcrystals_dilithium2_ref_polyeta_unpack.1, i32 %s2_vec_coeffs, i2 %empty_82, i8 %sk, i10 %add_ln139" [dilithium2/packing.c:139]   --->   Operation 238 'call' 'call_ln139' <Predicate = (!icmp_ln138)> <Delay = 6.89> <CoreType = "Generic">   --->   Core 0 '' <Latency = 0> <II = 1> <Delay = 1.00> <Generic> <Opcode : >

State 90 <SV = 89> <Delay = 6.89>
ST_90 : Operation 239 [41/129] (6.89ns)   --->   "%call_ln139 = call void @pqcrystals_dilithium2_ref_polyeta_unpack.1, i32 %s2_vec_coeffs, i2 %empty_82, i8 %sk, i10 %add_ln139" [dilithium2/packing.c:139]   --->   Operation 239 'call' 'call_ln139' <Predicate = (!icmp_ln138)> <Delay = 6.89> <CoreType = "Generic">   --->   Core 0 '' <Latency = 0> <II = 1> <Delay = 1.00> <Generic> <Opcode : >

State 91 <SV = 90> <Delay = 6.89>
ST_91 : Operation 240 [40/129] (6.89ns)   --->   "%call_ln139 = call void @pqcrystals_dilithium2_ref_polyeta_unpack.1, i32 %s2_vec_coeffs, i2 %empty_82, i8 %sk, i10 %add_ln139" [dilithium2/packing.c:139]   --->   Operation 240 'call' 'call_ln139' <Predicate = (!icmp_ln138)> <Delay = 6.89> <CoreType = "Generic">   --->   Core 0 '' <Latency = 0> <II = 1> <Delay = 1.00> <Generic> <Opcode : >

State 92 <SV = 91> <Delay = 6.89>
ST_92 : Operation 241 [39/129] (6.89ns)   --->   "%call_ln139 = call void @pqcrystals_dilithium2_ref_polyeta_unpack.1, i32 %s2_vec_coeffs, i2 %empty_82, i8 %sk, i10 %add_ln139" [dilithium2/packing.c:139]   --->   Operation 241 'call' 'call_ln139' <Predicate = (!icmp_ln138)> <Delay = 6.89> <CoreType = "Generic">   --->   Core 0 '' <Latency = 0> <II = 1> <Delay = 1.00> <Generic> <Opcode : >

State 93 <SV = 92> <Delay = 6.89>
ST_93 : Operation 242 [38/129] (6.89ns)   --->   "%call_ln139 = call void @pqcrystals_dilithium2_ref_polyeta_unpack.1, i32 %s2_vec_coeffs, i2 %empty_82, i8 %sk, i10 %add_ln139" [dilithium2/packing.c:139]   --->   Operation 242 'call' 'call_ln139' <Predicate = (!icmp_ln138)> <Delay = 6.89> <CoreType = "Generic">   --->   Core 0 '' <Latency = 0> <II = 1> <Delay = 1.00> <Generic> <Opcode : >

State 94 <SV = 93> <Delay = 6.89>
ST_94 : Operation 243 [37/129] (6.89ns)   --->   "%call_ln139 = call void @pqcrystals_dilithium2_ref_polyeta_unpack.1, i32 %s2_vec_coeffs, i2 %empty_82, i8 %sk, i10 %add_ln139" [dilithium2/packing.c:139]   --->   Operation 243 'call' 'call_ln139' <Predicate = (!icmp_ln138)> <Delay = 6.89> <CoreType = "Generic">   --->   Core 0 '' <Latency = 0> <II = 1> <Delay = 1.00> <Generic> <Opcode : >

State 95 <SV = 94> <Delay = 6.89>
ST_95 : Operation 244 [36/129] (6.89ns)   --->   "%call_ln139 = call void @pqcrystals_dilithium2_ref_polyeta_unpack.1, i32 %s2_vec_coeffs, i2 %empty_82, i8 %sk, i10 %add_ln139" [dilithium2/packing.c:139]   --->   Operation 244 'call' 'call_ln139' <Predicate = (!icmp_ln138)> <Delay = 6.89> <CoreType = "Generic">   --->   Core 0 '' <Latency = 0> <II = 1> <Delay = 1.00> <Generic> <Opcode : >

State 96 <SV = 95> <Delay = 6.89>
ST_96 : Operation 245 [35/129] (6.89ns)   --->   "%call_ln139 = call void @pqcrystals_dilithium2_ref_polyeta_unpack.1, i32 %s2_vec_coeffs, i2 %empty_82, i8 %sk, i10 %add_ln139" [dilithium2/packing.c:139]   --->   Operation 245 'call' 'call_ln139' <Predicate = (!icmp_ln138)> <Delay = 6.89> <CoreType = "Generic">   --->   Core 0 '' <Latency = 0> <II = 1> <Delay = 1.00> <Generic> <Opcode : >

State 97 <SV = 96> <Delay = 6.89>
ST_97 : Operation 246 [34/129] (6.89ns)   --->   "%call_ln139 = call void @pqcrystals_dilithium2_ref_polyeta_unpack.1, i32 %s2_vec_coeffs, i2 %empty_82, i8 %sk, i10 %add_ln139" [dilithium2/packing.c:139]   --->   Operation 246 'call' 'call_ln139' <Predicate = (!icmp_ln138)> <Delay = 6.89> <CoreType = "Generic">   --->   Core 0 '' <Latency = 0> <II = 1> <Delay = 1.00> <Generic> <Opcode : >

State 98 <SV = 97> <Delay = 6.89>
ST_98 : Operation 247 [33/129] (6.89ns)   --->   "%call_ln139 = call void @pqcrystals_dilithium2_ref_polyeta_unpack.1, i32 %s2_vec_coeffs, i2 %empty_82, i8 %sk, i10 %add_ln139" [dilithium2/packing.c:139]   --->   Operation 247 'call' 'call_ln139' <Predicate = (!icmp_ln138)> <Delay = 6.89> <CoreType = "Generic">   --->   Core 0 '' <Latency = 0> <II = 1> <Delay = 1.00> <Generic> <Opcode : >

State 99 <SV = 98> <Delay = 6.89>
ST_99 : Operation 248 [32/129] (6.89ns)   --->   "%call_ln139 = call void @pqcrystals_dilithium2_ref_polyeta_unpack.1, i32 %s2_vec_coeffs, i2 %empty_82, i8 %sk, i10 %add_ln139" [dilithium2/packing.c:139]   --->   Operation 248 'call' 'call_ln139' <Predicate = (!icmp_ln138)> <Delay = 6.89> <CoreType = "Generic">   --->   Core 0 '' <Latency = 0> <II = 1> <Delay = 1.00> <Generic> <Opcode : >

State 100 <SV = 99> <Delay = 6.89>
ST_100 : Operation 249 [31/129] (6.89ns)   --->   "%call_ln139 = call void @pqcrystals_dilithium2_ref_polyeta_unpack.1, i32 %s2_vec_coeffs, i2 %empty_82, i8 %sk, i10 %add_ln139" [dilithium2/packing.c:139]   --->   Operation 249 'call' 'call_ln139' <Predicate = (!icmp_ln138)> <Delay = 6.89> <CoreType = "Generic">   --->   Core 0 '' <Latency = 0> <II = 1> <Delay = 1.00> <Generic> <Opcode : >

State 101 <SV = 100> <Delay = 6.89>
ST_101 : Operation 250 [30/129] (6.89ns)   --->   "%call_ln139 = call void @pqcrystals_dilithium2_ref_polyeta_unpack.1, i32 %s2_vec_coeffs, i2 %empty_82, i8 %sk, i10 %add_ln139" [dilithium2/packing.c:139]   --->   Operation 250 'call' 'call_ln139' <Predicate = (!icmp_ln138)> <Delay = 6.89> <CoreType = "Generic">   --->   Core 0 '' <Latency = 0> <II = 1> <Delay = 1.00> <Generic> <Opcode : >

State 102 <SV = 101> <Delay = 6.89>
ST_102 : Operation 251 [29/129] (6.89ns)   --->   "%call_ln139 = call void @pqcrystals_dilithium2_ref_polyeta_unpack.1, i32 %s2_vec_coeffs, i2 %empty_82, i8 %sk, i10 %add_ln139" [dilithium2/packing.c:139]   --->   Operation 251 'call' 'call_ln139' <Predicate = (!icmp_ln138)> <Delay = 6.89> <CoreType = "Generic">   --->   Core 0 '' <Latency = 0> <II = 1> <Delay = 1.00> <Generic> <Opcode : >

State 103 <SV = 102> <Delay = 6.89>
ST_103 : Operation 252 [28/129] (6.89ns)   --->   "%call_ln139 = call void @pqcrystals_dilithium2_ref_polyeta_unpack.1, i32 %s2_vec_coeffs, i2 %empty_82, i8 %sk, i10 %add_ln139" [dilithium2/packing.c:139]   --->   Operation 252 'call' 'call_ln139' <Predicate = (!icmp_ln138)> <Delay = 6.89> <CoreType = "Generic">   --->   Core 0 '' <Latency = 0> <II = 1> <Delay = 1.00> <Generic> <Opcode : >

State 104 <SV = 103> <Delay = 6.89>
ST_104 : Operation 253 [27/129] (6.89ns)   --->   "%call_ln139 = call void @pqcrystals_dilithium2_ref_polyeta_unpack.1, i32 %s2_vec_coeffs, i2 %empty_82, i8 %sk, i10 %add_ln139" [dilithium2/packing.c:139]   --->   Operation 253 'call' 'call_ln139' <Predicate = (!icmp_ln138)> <Delay = 6.89> <CoreType = "Generic">   --->   Core 0 '' <Latency = 0> <II = 1> <Delay = 1.00> <Generic> <Opcode : >

State 105 <SV = 104> <Delay = 6.89>
ST_105 : Operation 254 [26/129] (6.89ns)   --->   "%call_ln139 = call void @pqcrystals_dilithium2_ref_polyeta_unpack.1, i32 %s2_vec_coeffs, i2 %empty_82, i8 %sk, i10 %add_ln139" [dilithium2/packing.c:139]   --->   Operation 254 'call' 'call_ln139' <Predicate = (!icmp_ln138)> <Delay = 6.89> <CoreType = "Generic">   --->   Core 0 '' <Latency = 0> <II = 1> <Delay = 1.00> <Generic> <Opcode : >

State 106 <SV = 105> <Delay = 6.89>
ST_106 : Operation 255 [25/129] (6.89ns)   --->   "%call_ln139 = call void @pqcrystals_dilithium2_ref_polyeta_unpack.1, i32 %s2_vec_coeffs, i2 %empty_82, i8 %sk, i10 %add_ln139" [dilithium2/packing.c:139]   --->   Operation 255 'call' 'call_ln139' <Predicate = (!icmp_ln138)> <Delay = 6.89> <CoreType = "Generic">   --->   Core 0 '' <Latency = 0> <II = 1> <Delay = 1.00> <Generic> <Opcode : >

State 107 <SV = 106> <Delay = 6.89>
ST_107 : Operation 256 [24/129] (6.89ns)   --->   "%call_ln139 = call void @pqcrystals_dilithium2_ref_polyeta_unpack.1, i32 %s2_vec_coeffs, i2 %empty_82, i8 %sk, i10 %add_ln139" [dilithium2/packing.c:139]   --->   Operation 256 'call' 'call_ln139' <Predicate = (!icmp_ln138)> <Delay = 6.89> <CoreType = "Generic">   --->   Core 0 '' <Latency = 0> <II = 1> <Delay = 1.00> <Generic> <Opcode : >

State 108 <SV = 107> <Delay = 6.89>
ST_108 : Operation 257 [23/129] (6.89ns)   --->   "%call_ln139 = call void @pqcrystals_dilithium2_ref_polyeta_unpack.1, i32 %s2_vec_coeffs, i2 %empty_82, i8 %sk, i10 %add_ln139" [dilithium2/packing.c:139]   --->   Operation 257 'call' 'call_ln139' <Predicate = (!icmp_ln138)> <Delay = 6.89> <CoreType = "Generic">   --->   Core 0 '' <Latency = 0> <II = 1> <Delay = 1.00> <Generic> <Opcode : >

State 109 <SV = 108> <Delay = 6.89>
ST_109 : Operation 258 [22/129] (6.89ns)   --->   "%call_ln139 = call void @pqcrystals_dilithium2_ref_polyeta_unpack.1, i32 %s2_vec_coeffs, i2 %empty_82, i8 %sk, i10 %add_ln139" [dilithium2/packing.c:139]   --->   Operation 258 'call' 'call_ln139' <Predicate = (!icmp_ln138)> <Delay = 6.89> <CoreType = "Generic">   --->   Core 0 '' <Latency = 0> <II = 1> <Delay = 1.00> <Generic> <Opcode : >

State 110 <SV = 109> <Delay = 6.89>
ST_110 : Operation 259 [21/129] (6.89ns)   --->   "%call_ln139 = call void @pqcrystals_dilithium2_ref_polyeta_unpack.1, i32 %s2_vec_coeffs, i2 %empty_82, i8 %sk, i10 %add_ln139" [dilithium2/packing.c:139]   --->   Operation 259 'call' 'call_ln139' <Predicate = (!icmp_ln138)> <Delay = 6.89> <CoreType = "Generic">   --->   Core 0 '' <Latency = 0> <II = 1> <Delay = 1.00> <Generic> <Opcode : >

State 111 <SV = 110> <Delay = 6.89>
ST_111 : Operation 260 [20/129] (6.89ns)   --->   "%call_ln139 = call void @pqcrystals_dilithium2_ref_polyeta_unpack.1, i32 %s2_vec_coeffs, i2 %empty_82, i8 %sk, i10 %add_ln139" [dilithium2/packing.c:139]   --->   Operation 260 'call' 'call_ln139' <Predicate = (!icmp_ln138)> <Delay = 6.89> <CoreType = "Generic">   --->   Core 0 '' <Latency = 0> <II = 1> <Delay = 1.00> <Generic> <Opcode : >

State 112 <SV = 111> <Delay = 6.89>
ST_112 : Operation 261 [19/129] (6.89ns)   --->   "%call_ln139 = call void @pqcrystals_dilithium2_ref_polyeta_unpack.1, i32 %s2_vec_coeffs, i2 %empty_82, i8 %sk, i10 %add_ln139" [dilithium2/packing.c:139]   --->   Operation 261 'call' 'call_ln139' <Predicate = (!icmp_ln138)> <Delay = 6.89> <CoreType = "Generic">   --->   Core 0 '' <Latency = 0> <II = 1> <Delay = 1.00> <Generic> <Opcode : >

State 113 <SV = 112> <Delay = 6.89>
ST_113 : Operation 262 [18/129] (6.89ns)   --->   "%call_ln139 = call void @pqcrystals_dilithium2_ref_polyeta_unpack.1, i32 %s2_vec_coeffs, i2 %empty_82, i8 %sk, i10 %add_ln139" [dilithium2/packing.c:139]   --->   Operation 262 'call' 'call_ln139' <Predicate = (!icmp_ln138)> <Delay = 6.89> <CoreType = "Generic">   --->   Core 0 '' <Latency = 0> <II = 1> <Delay = 1.00> <Generic> <Opcode : >

State 114 <SV = 113> <Delay = 6.89>
ST_114 : Operation 263 [17/129] (6.89ns)   --->   "%call_ln139 = call void @pqcrystals_dilithium2_ref_polyeta_unpack.1, i32 %s2_vec_coeffs, i2 %empty_82, i8 %sk, i10 %add_ln139" [dilithium2/packing.c:139]   --->   Operation 263 'call' 'call_ln139' <Predicate = (!icmp_ln138)> <Delay = 6.89> <CoreType = "Generic">   --->   Core 0 '' <Latency = 0> <II = 1> <Delay = 1.00> <Generic> <Opcode : >

State 115 <SV = 114> <Delay = 6.89>
ST_115 : Operation 264 [16/129] (6.89ns)   --->   "%call_ln139 = call void @pqcrystals_dilithium2_ref_polyeta_unpack.1, i32 %s2_vec_coeffs, i2 %empty_82, i8 %sk, i10 %add_ln139" [dilithium2/packing.c:139]   --->   Operation 264 'call' 'call_ln139' <Predicate = (!icmp_ln138)> <Delay = 6.89> <CoreType = "Generic">   --->   Core 0 '' <Latency = 0> <II = 1> <Delay = 1.00> <Generic> <Opcode : >

State 116 <SV = 115> <Delay = 6.89>
ST_116 : Operation 265 [15/129] (6.89ns)   --->   "%call_ln139 = call void @pqcrystals_dilithium2_ref_polyeta_unpack.1, i32 %s2_vec_coeffs, i2 %empty_82, i8 %sk, i10 %add_ln139" [dilithium2/packing.c:139]   --->   Operation 265 'call' 'call_ln139' <Predicate = (!icmp_ln138)> <Delay = 6.89> <CoreType = "Generic">   --->   Core 0 '' <Latency = 0> <II = 1> <Delay = 1.00> <Generic> <Opcode : >

State 117 <SV = 116> <Delay = 6.89>
ST_117 : Operation 266 [14/129] (6.89ns)   --->   "%call_ln139 = call void @pqcrystals_dilithium2_ref_polyeta_unpack.1, i32 %s2_vec_coeffs, i2 %empty_82, i8 %sk, i10 %add_ln139" [dilithium2/packing.c:139]   --->   Operation 266 'call' 'call_ln139' <Predicate = (!icmp_ln138)> <Delay = 6.89> <CoreType = "Generic">   --->   Core 0 '' <Latency = 0> <II = 1> <Delay = 1.00> <Generic> <Opcode : >

State 118 <SV = 117> <Delay = 6.89>
ST_118 : Operation 267 [13/129] (6.89ns)   --->   "%call_ln139 = call void @pqcrystals_dilithium2_ref_polyeta_unpack.1, i32 %s2_vec_coeffs, i2 %empty_82, i8 %sk, i10 %add_ln139" [dilithium2/packing.c:139]   --->   Operation 267 'call' 'call_ln139' <Predicate = (!icmp_ln138)> <Delay = 6.89> <CoreType = "Generic">   --->   Core 0 '' <Latency = 0> <II = 1> <Delay = 1.00> <Generic> <Opcode : >

State 119 <SV = 118> <Delay = 6.89>
ST_119 : Operation 268 [12/129] (6.89ns)   --->   "%call_ln139 = call void @pqcrystals_dilithium2_ref_polyeta_unpack.1, i32 %s2_vec_coeffs, i2 %empty_82, i8 %sk, i10 %add_ln139" [dilithium2/packing.c:139]   --->   Operation 268 'call' 'call_ln139' <Predicate = (!icmp_ln138)> <Delay = 6.89> <CoreType = "Generic">   --->   Core 0 '' <Latency = 0> <II = 1> <Delay = 1.00> <Generic> <Opcode : >

State 120 <SV = 119> <Delay = 6.89>
ST_120 : Operation 269 [11/129] (6.89ns)   --->   "%call_ln139 = call void @pqcrystals_dilithium2_ref_polyeta_unpack.1, i32 %s2_vec_coeffs, i2 %empty_82, i8 %sk, i10 %add_ln139" [dilithium2/packing.c:139]   --->   Operation 269 'call' 'call_ln139' <Predicate = (!icmp_ln138)> <Delay = 6.89> <CoreType = "Generic">   --->   Core 0 '' <Latency = 0> <II = 1> <Delay = 1.00> <Generic> <Opcode : >

State 121 <SV = 120> <Delay = 6.89>
ST_121 : Operation 270 [10/129] (6.89ns)   --->   "%call_ln139 = call void @pqcrystals_dilithium2_ref_polyeta_unpack.1, i32 %s2_vec_coeffs, i2 %empty_82, i8 %sk, i10 %add_ln139" [dilithium2/packing.c:139]   --->   Operation 270 'call' 'call_ln139' <Predicate = (!icmp_ln138)> <Delay = 6.89> <CoreType = "Generic">   --->   Core 0 '' <Latency = 0> <II = 1> <Delay = 1.00> <Generic> <Opcode : >

State 122 <SV = 121> <Delay = 6.89>
ST_122 : Operation 271 [9/129] (6.89ns)   --->   "%call_ln139 = call void @pqcrystals_dilithium2_ref_polyeta_unpack.1, i32 %s2_vec_coeffs, i2 %empty_82, i8 %sk, i10 %add_ln139" [dilithium2/packing.c:139]   --->   Operation 271 'call' 'call_ln139' <Predicate = (!icmp_ln138)> <Delay = 6.89> <CoreType = "Generic">   --->   Core 0 '' <Latency = 0> <II = 1> <Delay = 1.00> <Generic> <Opcode : >

State 123 <SV = 122> <Delay = 6.89>
ST_123 : Operation 272 [8/129] (6.89ns)   --->   "%call_ln139 = call void @pqcrystals_dilithium2_ref_polyeta_unpack.1, i32 %s2_vec_coeffs, i2 %empty_82, i8 %sk, i10 %add_ln139" [dilithium2/packing.c:139]   --->   Operation 272 'call' 'call_ln139' <Predicate = (!icmp_ln138)> <Delay = 6.89> <CoreType = "Generic">   --->   Core 0 '' <Latency = 0> <II = 1> <Delay = 1.00> <Generic> <Opcode : >

State 124 <SV = 123> <Delay = 6.89>
ST_124 : Operation 273 [7/129] (6.89ns)   --->   "%call_ln139 = call void @pqcrystals_dilithium2_ref_polyeta_unpack.1, i32 %s2_vec_coeffs, i2 %empty_82, i8 %sk, i10 %add_ln139" [dilithium2/packing.c:139]   --->   Operation 273 'call' 'call_ln139' <Predicate = (!icmp_ln138)> <Delay = 6.89> <CoreType = "Generic">   --->   Core 0 '' <Latency = 0> <II = 1> <Delay = 1.00> <Generic> <Opcode : >

State 125 <SV = 124> <Delay = 6.89>
ST_125 : Operation 274 [6/129] (6.89ns)   --->   "%call_ln139 = call void @pqcrystals_dilithium2_ref_polyeta_unpack.1, i32 %s2_vec_coeffs, i2 %empty_82, i8 %sk, i10 %add_ln139" [dilithium2/packing.c:139]   --->   Operation 274 'call' 'call_ln139' <Predicate = (!icmp_ln138)> <Delay = 6.89> <CoreType = "Generic">   --->   Core 0 '' <Latency = 0> <II = 1> <Delay = 1.00> <Generic> <Opcode : >

State 126 <SV = 125> <Delay = 6.89>
ST_126 : Operation 275 [5/129] (6.89ns)   --->   "%call_ln139 = call void @pqcrystals_dilithium2_ref_polyeta_unpack.1, i32 %s2_vec_coeffs, i2 %empty_82, i8 %sk, i10 %add_ln139" [dilithium2/packing.c:139]   --->   Operation 275 'call' 'call_ln139' <Predicate = (!icmp_ln138)> <Delay = 6.89> <CoreType = "Generic">   --->   Core 0 '' <Latency = 0> <II = 1> <Delay = 1.00> <Generic> <Opcode : >

State 127 <SV = 126> <Delay = 6.89>
ST_127 : Operation 276 [4/129] (6.89ns)   --->   "%call_ln139 = call void @pqcrystals_dilithium2_ref_polyeta_unpack.1, i32 %s2_vec_coeffs, i2 %empty_82, i8 %sk, i10 %add_ln139" [dilithium2/packing.c:139]   --->   Operation 276 'call' 'call_ln139' <Predicate = (!icmp_ln138)> <Delay = 6.89> <CoreType = "Generic">   --->   Core 0 '' <Latency = 0> <II = 1> <Delay = 1.00> <Generic> <Opcode : >

State 128 <SV = 127> <Delay = 6.89>
ST_128 : Operation 277 [3/129] (6.89ns)   --->   "%call_ln139 = call void @pqcrystals_dilithium2_ref_polyeta_unpack.1, i32 %s2_vec_coeffs, i2 %empty_82, i8 %sk, i10 %add_ln139" [dilithium2/packing.c:139]   --->   Operation 277 'call' 'call_ln139' <Predicate = (!icmp_ln138)> <Delay = 6.89> <CoreType = "Generic">   --->   Core 0 '' <Latency = 0> <II = 1> <Delay = 1.00> <Generic> <Opcode : >

State 129 <SV = 128> <Delay = 6.89>
ST_129 : Operation 278 [2/129] (6.89ns)   --->   "%call_ln139 = call void @pqcrystals_dilithium2_ref_polyeta_unpack.1, i32 %s2_vec_coeffs, i2 %empty_82, i8 %sk, i10 %add_ln139" [dilithium2/packing.c:139]   --->   Operation 278 'call' 'call_ln139' <Predicate = (!icmp_ln138)> <Delay = 6.89> <CoreType = "Generic">   --->   Core 0 '' <Latency = 0> <II = 1> <Delay = 1.00> <Generic> <Opcode : >

State 130 <SV = 129> <Delay = 0.00>
ST_130 : Operation 279 [1/1] (0.00ns)   --->   "%specloopname_ln120 = specloopname void @_ssdm_op_SpecLoopName, void @empty_21" [dilithium2/packing.c:120]   --->   Operation 279 'specloopname' 'specloopname_ln120' <Predicate = true> <Delay = 0.00>
ST_130 : Operation 280 [1/129] (0.00ns)   --->   "%call_ln139 = call void @pqcrystals_dilithium2_ref_polyeta_unpack.1, i32 %s2_vec_coeffs, i2 %empty_82, i8 %sk, i10 %add_ln139" [dilithium2/packing.c:139]   --->   Operation 280 'call' 'call_ln139' <Predicate = true> <Delay = 0.00> <CoreType = "Generic">   --->   Core 0 '' <Latency = 0> <II = 1> <Delay = 1.00> <Generic> <Opcode : >
ST_130 : Operation 281 [1/1] (0.00ns)   --->   "%br_ln138 = br void %for.inc44.i" [dilithium2/packing.c:138]   --->   Operation 281 'br' 'br_ln138' <Predicate = true> <Delay = 0.00>


============================================================
+ Verbose Summary: Binding
============================================================
STG Binding: 
---------------- STG Properties BEGIN ----------------
- Is combinational: 0
- Is one-state seq: 0
- Is datapath-only: 0
- Is pipelined: 0
- Is top level: 0
Port [ Return ] is wired: 1; IO mode=ap_ctrl_hs:ce=0
Port [ s2_vec_coeffs]:  wired=1; compound=1; hidden=0; nouse=0; global=0; static=0; extern=0; dir=1; type=1; pingpong=0; private_global=0; MemPort=[00]; IO mode=ap_memory:ce=0
Port [ sk]:  wired=1; compound=1; hidden=0; nouse=0; global=0; static=0; extern=0; dir=0; type=1; pingpong=0; private_global=0; MemPort=[11]; IO mode=ap_memory:ce=0
---------------- STG Properties END ------------------

---------------- Datapath Model BEGIN ----------------

<LifeTime>
<method=bitvector/>
i_4                (alloca           ) [ 01000000000000000000000000000000000000000000000000000000000000000000000000000000000000000000000000000000000000000000000000000000000]
specinterface_ln0  (specinterface    ) [ 00000000000000000000000000000000000000000000000000000000000000000000000000000000000000000000000000000000000000000000000000000000000]
store_ln0          (store            ) [ 00000000000000000000000000000000000000000000000000000000000000000000000000000000000000000000000000000000000000000000000000000000000]
br_ln0             (br               ) [ 00000000000000000000000000000000000000000000000000000000000000000000000000000000000000000000000000000000000000000000000000000000000]
i                  (load             ) [ 00000000000000000000000000000000000000000000000000000000000000000000000000000000000000000000000000000000000000000000000000000000000]
specpipeline_ln0   (specpipeline     ) [ 00000000000000000000000000000000000000000000000000000000000000000000000000000000000000000000000000000000000000000000000000000000000]
icmp_ln138         (icmp             ) [ 01111111111111111111111111111111111111111111111111111111111111111111111111111111111111111111111111111111111111111111111111111111110]
empty              (speclooptripcount) [ 00000000000000000000000000000000000000000000000000000000000000000000000000000000000000000000000000000000000000000000000000000000000]
add_ln138          (add              ) [ 00000000000000000000000000000000000000000000000000000000000000000000000000000000000000000000000000000000000000000000000000000000000]
br_ln138           (br               ) [ 00000000000000000000000000000000000000000000000000000000000000000000000000000000000000000000000000000000000000000000000000000000000]
empty_82           (trunc            ) [ 00110000000000000000000000000000000000000000000000000000000000000000000000000000000000000000000000000000000000000000000000000000000]
store_ln138        (store            ) [ 00000000000000000000000000000000000000000000000000000000000000000000000000000000000000000000000000000000000000000000000000000000000]
shl_ln1            (bitconcatenate   ) [ 00000000000000000000000000000000000000000000000000000000000000000000000000000000000000000000000000000000000000000000000000000000000]
zext_ln139         (zext             ) [ 00000000000000000000000000000000000000000000000000000000000000000000000000000000000000000000000000000000000000000000000000000000000]
shl_ln139_1        (bitconcatenate   ) [ 00000000000000000000000000000000000000000000000000000000000000000000000000000000000000000000000000000000000000000000000000000000000]
zext_ln139_1       (zext             ) [ 00000000000000000000000000000000000000000000000000000000000000000000000000000000000000000000000000000000000000000000000000000000000]
sub_ln139          (sub              ) [ 00000000000000000000000000000000000000000000000000000000000000000000000000000000000000000000000000000000000000000000000000000000000]
add_ln139          (add              ) [ 00000000000000000000000000000000000000000000000000000000000000000000000000000000000000000000000000000000000000000000000000000000000]
specloopname_ln120 (specloopname     ) [ 00000000000000000000000000000000000000000000000000000000000000000000000000000000000000000000000000000000000000000000000000000000000]
call_ln139         (call             ) [ 00000000000000000000000000000000000000000000000000000000000000000000000000000000000000000000000000000000000000000000000000000000000]
br_ln138           (br               ) [ 00000000000000000000000000000000000000000000000000000000000000000000000000000000000000000000000000000000000000000000000000000000000]
ret_ln0            (ret              ) [ 00000000000000000000000000000000000000000000000000000000000000000000000000000000000000000000000000000000000000000000000000000000000]
</LifeTime>

<model>

<comp_list>
<comp id="0" class="1000" name="s2_vec_coeffs">
<pin_list>
<pin id="1" dir="1" index="0" bw="1" slack="0"/>
</pin_list>
<bind>
<StgValue><ssdm name="s2_vec_coeffs"/><MemPortTyVec>0 0 </MemPortTyVec>
</StgValue>
</bind>
</comp>

<comp id="2" class="1000" name="sk">
<pin_list>
<pin id="3" dir="1" index="0" bw="1" slack="0"/>
</pin_list>
<bind>
<StgValue><ssdm name="sk"/><MemPortTyVec>1 1 </MemPortTyVec>
</StgValue>
</bind>
</comp>

<comp id="4" class="1001" name="const_4">
<pin_list>
<pin id="5" dir="1" index="0" bw="1" slack="0"/>
</pin_list>
<bind>
<StgValue><ssdm name=""/></StgValue>
</bind>
</comp>

<comp id="6" class="1001" name="const_6">
<pin_list>
<pin id="7" dir="1" index="0" bw="1" slack="2147483647"/>
</pin_list>
<bind>
<StgValue><ssdm name="_ssdm_op_SpecInterface"/></StgValue>
</bind>
</comp>

<comp id="8" class="1001" name="const_8">
<pin_list>
<pin id="9" dir="1" index="0" bw="1" slack="2147483647"/>
</pin_list>
<bind>
<StgValue><ssdm name="empty_11"/></StgValue>
</bind>
</comp>

<comp id="10" class="1001" name="const_10">
<pin_list>
<pin id="11" dir="1" index="0" bw="1" slack="2147483647"/>
</pin_list>
<bind>
<StgValue><ssdm name=""/></StgValue>
</bind>
</comp>

<comp id="12" class="1001" name="const_12">
<pin_list>
<pin id="13" dir="1" index="0" bw="1" slack="2147483647"/>
</pin_list>
<bind>
<StgValue><ssdm name="empty_40"/></StgValue>
</bind>
</comp>

<comp id="14" class="1001" name="const_14">
<pin_list>
<pin id="15" dir="1" index="0" bw="1" slack="2147483647"/>
</pin_list>
<bind>
<StgValue><ssdm name=""/></StgValue>
</bind>
</comp>

<comp id="16" class="1001" name="const_16">
<pin_list>
<pin id="17" dir="1" index="0" bw="1" slack="0"/>
</pin_list>
<bind>
<StgValue><ssdm name=""/></StgValue>
</bind>
</comp>

<comp id="18" class="1001" name="const_18">
<pin_list>
<pin id="19" dir="1" index="0" bw="1" slack="2147483647"/>
</pin_list>
<bind>
<StgValue><ssdm name="_ssdm_op_SpecPipeline"/></StgValue>
</bind>
</comp>

<comp id="20" class="1001" name="const_20">
<pin_list>
<pin id="21" dir="1" index="0" bw="1" slack="2147483647"/>
</pin_list>
<bind>
<StgValue><ssdm name="p_str"/></StgValue>
</bind>
</comp>

<comp id="22" class="1001" name="const_22">
<pin_list>
<pin id="23" dir="1" index="0" bw="1" slack="0"/>
</pin_list>
<bind>
<StgValue><ssdm name=""/></StgValue>
</bind>
</comp>

<comp id="24" class="1001" name="const_24">
<pin_list>
<pin id="25" dir="1" index="0" bw="1" slack="2147483647"/>
</pin_list>
<bind>
<StgValue><ssdm name="_ssdm_op_SpecLoopTripCount"/></StgValue>
</bind>
</comp>

<comp id="26" class="1001" name="const_26">
<pin_list>
<pin id="27" dir="1" index="0" bw="1" slack="2147483647"/>
</pin_list>
<bind>
<StgValue><ssdm name=""/></StgValue>
</bind>
</comp>

<comp id="28" class="1001" name="const_28">
<pin_list>
<pin id="29" dir="1" index="0" bw="1" slack="0"/>
</pin_list>
<bind>
<StgValue><ssdm name=""/></StgValue>
</bind>
</comp>

<comp id="30" class="1001" name="const_30">
<pin_list>
<pin id="31" dir="1" index="0" bw="1" slack="0"/>
</pin_list>
<bind>
<StgValue><ssdm name="_ssdm_op_BitConcatenate.i9.i2.i7"/></StgValue>
</bind>
</comp>

<comp id="32" class="1001" name="const_32">
<pin_list>
<pin id="33" dir="1" index="0" bw="1" slack="0"/>
</pin_list>
<bind>
<StgValue><ssdm name=""/></StgValue>
</bind>
</comp>

<comp id="34" class="1001" name="const_34">
<pin_list>
<pin id="35" dir="1" index="0" bw="1" slack="0"/>
</pin_list>
<bind>
<StgValue><ssdm name="_ssdm_op_BitConcatenate.i7.i2.i5"/></StgValue>
</bind>
</comp>

<comp id="36" class="1001" name="const_36">
<pin_list>
<pin id="37" dir="1" index="0" bw="1" slack="0"/>
</pin_list>
<bind>
<StgValue><ssdm name=""/></StgValue>
</bind>
</comp>

<comp id="38" class="1001" name="const_38">
<pin_list>
<pin id="39" dir="1" index="0" bw="1" slack="0"/>
</pin_list>
<bind>
<StgValue><ssdm name=""/></StgValue>
</bind>
</comp>

<comp id="40" class="1001" name="const_40">
<pin_list>
<pin id="41" dir="1" index="0" bw="1" slack="0"/>
</pin_list>
<bind>
<StgValue><ssdm name="pqcrystals_dilithium2_ref_polyeta_unpack.1"/></StgValue>
</bind>
</comp>

<comp id="42" class="1001" name="const_42">
<pin_list>
<pin id="43" dir="1" index="0" bw="1" slack="2147483647"/>
</pin_list>
<bind>
<StgValue><ssdm name="_ssdm_op_SpecLoopName"/></StgValue>
</bind>
</comp>

<comp id="44" class="1001" name="const_44">
<pin_list>
<pin id="45" dir="1" index="0" bw="1" slack="2147483647"/>
</pin_list>
<bind>
<StgValue><ssdm name="empty_21"/></StgValue>
</bind>
</comp>

<comp id="46" class="1004" name="i_4_fu_46">
<pin_list>
<pin id="47" dir="0" index="0" bw="1" slack="0"/>
<pin id="48" dir="1" index="1" bw="3" slack="0"/>
</pin_list>
<bind>
<opcode="alloca(26) " fcode="alloca"/>
<opset="i_4/1 "/>
</bind>
</comp>

<comp id="50" class="1004" name="grp_pqcrystals_dilithium2_ref_polyeta_unpack_1_fu_50">
<pin_list>
<pin id="51" dir="0" index="0" bw="0" slack="0"/>
<pin id="52" dir="0" index="1" bw="32" slack="0"/>
<pin id="53" dir="0" index="2" bw="2" slack="1"/>
<pin id="54" dir="0" index="3" bw="8" slack="0"/>
<pin id="55" dir="0" index="4" bw="10" slack="0"/>
<pin id="56" dir="1" index="5" bw="0" slack="2147483647"/>
</pin_list>
<bind>
<opcode="call(48) " fcode="call"/>
<opset="call_ln139/2 "/>
</bind>
</comp>

<comp id="60" class="1004" name="store_ln0_store_fu_60">
<pin_list>
<pin id="61" dir="0" index="0" bw="1" slack="0"/>
<pin id="62" dir="0" index="1" bw="3" slack="0"/>
<pin id="63" dir="1" index="2" bw="0" slack="2147483647"/>
</pin_list>
<bind>
<opcode="store(28) " fcode="store"/>
<opset="store_ln0/1 "/>
</bind>
</comp>

<comp id="65" class="1004" name="i_load_fu_65">
<pin_list>
<pin id="66" dir="0" index="0" bw="3" slack="0"/>
<pin id="67" dir="1" index="1" bw="3" slack="0"/>
</pin_list>
<bind>
<opcode="load(27) " fcode="load"/>
<opset="i/1 "/>
</bind>
</comp>

<comp id="68" class="1004" name="icmp_ln138_fu_68">
<pin_list>
<pin id="69" dir="0" index="0" bw="3" slack="0"/>
<pin id="70" dir="0" index="1" bw="3" slack="0"/>
<pin id="71" dir="1" index="2" bw="1" slack="1"/>
</pin_list>
<bind>
<opcode="icmp(45) " fcode="icmp"/>
<opset="icmp_ln138/1 "/>
</bind>
</comp>

<comp id="74" class="1004" name="add_ln138_fu_74">
<pin_list>
<pin id="75" dir="0" index="0" bw="3" slack="0"/>
<pin id="76" dir="0" index="1" bw="1" slack="0"/>
<pin id="77" dir="1" index="2" bw="3" slack="0"/>
</pin_list>
<bind>
<opcode="add(8) " fcode="add"/>
<opset="add_ln138/1 "/>
</bind>
</comp>

<comp id="80" class="1004" name="empty_82_fu_80">
<pin_list>
<pin id="81" dir="0" index="0" bw="3" slack="0"/>
<pin id="82" dir="1" index="1" bw="2" slack="1"/>
</pin_list>
<bind>
<opcode="trunc(33) " fcode="trunc"/>
<opset="empty_82/1 "/>
</bind>
</comp>

<comp id="84" class="1004" name="store_ln138_store_fu_84">
<pin_list>
<pin id="85" dir="0" index="0" bw="3" slack="0"/>
<pin id="86" dir="0" index="1" bw="3" slack="0"/>
<pin id="87" dir="1" index="2" bw="0" slack="2147483647"/>
</pin_list>
<bind>
<opcode="store(28) " fcode="store"/>
<opset="store_ln138/1 "/>
</bind>
</comp>

<comp id="89" class="1004" name="shl_ln1_fu_89">
<pin_list>
<pin id="90" dir="0" index="0" bw="9" slack="0"/>
<pin id="91" dir="0" index="1" bw="2" slack="1"/>
<pin id="92" dir="0" index="2" bw="1" slack="0"/>
<pin id="93" dir="1" index="3" bw="9" slack="0"/>
</pin_list>
<bind>
<opcode="bitconcatenate(1004) " fcode="bitconcatenate"/>
<opset="shl_ln1/2 "/>
</bind>
</comp>

<comp id="96" class="1004" name="zext_ln139_fu_96">
<pin_list>
<pin id="97" dir="0" index="0" bw="9" slack="0"/>
<pin id="98" dir="1" index="1" bw="10" slack="0"/>
</pin_list>
<bind>
<opcode="zext(34) " fcode="zext"/>
<opset="zext_ln139/2 "/>
</bind>
</comp>

<comp id="100" class="1004" name="shl_ln139_1_fu_100">
<pin_list>
<pin id="101" dir="0" index="0" bw="7" slack="0"/>
<pin id="102" dir="0" index="1" bw="2" slack="1"/>
<pin id="103" dir="0" index="2" bw="1" slack="0"/>
<pin id="104" dir="1" index="3" bw="7" slack="0"/>
</pin_list>
<bind>
<opcode="bitconcatenate(1004) " fcode="bitconcatenate"/>
<opset="shl_ln139_1/2 "/>
</bind>
</comp>

<comp id="107" class="1004" name="zext_ln139_1_fu_107">
<pin_list>
<pin id="108" dir="0" index="0" bw="7" slack="0"/>
<pin id="109" dir="1" index="1" bw="10" slack="0"/>
</pin_list>
<bind>
<opcode="zext(34) " fcode="zext"/>
<opset="zext_ln139_1/2 "/>
</bind>
</comp>

<comp id="111" class="1004" name="sub_ln139_fu_111">
<pin_list>
<pin id="112" dir="0" index="0" bw="9" slack="0"/>
<pin id="113" dir="0" index="1" bw="7" slack="0"/>
<pin id="114" dir="1" index="2" bw="10" slack="0"/>
</pin_list>
<bind>
<opcode="sub(10) " fcode="sub"/>
<opset="sub_ln139/2 "/>
</bind>
</comp>

<comp id="117" class="1004" name="add_ln139_fu_117">
<pin_list>
<pin id="118" dir="0" index="0" bw="10" slack="0"/>
<pin id="119" dir="0" index="1" bw="10" slack="0"/>
<pin id="120" dir="1" index="2" bw="10" slack="0"/>
</pin_list>
<bind>
<opcode="add(8) " fcode="add"/>
<opset="add_ln139/2 "/>
</bind>
</comp>

<comp id="124" class="1005" name="i_4_reg_124">
<pin_list>
<pin id="125" dir="0" index="0" bw="3" slack="0"/>
<pin id="126" dir="1" index="1" bw="3" slack="0"/>
</pin_list>
<bind>
<opset="i_4 "/>
</bind>
</comp>

<comp id="131" class="1005" name="icmp_ln138_reg_131">
<pin_list>
<pin id="132" dir="0" index="0" bw="1" slack="1"/>
<pin id="133" dir="1" index="1" bw="1" slack="2147483647"/>
</pin_list>
<bind>
<opset="icmp_ln138 "/>
</bind>
</comp>

<comp id="135" class="1005" name="empty_82_reg_135">
<pin_list>
<pin id="136" dir="0" index="0" bw="2" slack="1"/>
<pin id="137" dir="1" index="1" bw="2" slack="1"/>
</pin_list>
<bind>
<opset="empty_82 "/>
</bind>
</comp>

</comp_list>

<net_list>
<net id="49"><net_src comp="4" pin="0"/><net_sink comp="46" pin=0"/></net>

<net id="57"><net_src comp="40" pin="0"/><net_sink comp="50" pin=0"/></net>

<net id="58"><net_src comp="0" pin="0"/><net_sink comp="50" pin=1"/></net>

<net id="59"><net_src comp="2" pin="0"/><net_sink comp="50" pin=3"/></net>

<net id="64"><net_src comp="16" pin="0"/><net_sink comp="60" pin=0"/></net>

<net id="72"><net_src comp="65" pin="1"/><net_sink comp="68" pin=0"/></net>

<net id="73"><net_src comp="22" pin="0"/><net_sink comp="68" pin=1"/></net>

<net id="78"><net_src comp="65" pin="1"/><net_sink comp="74" pin=0"/></net>

<net id="79"><net_src comp="28" pin="0"/><net_sink comp="74" pin=1"/></net>

<net id="83"><net_src comp="65" pin="1"/><net_sink comp="80" pin=0"/></net>

<net id="88"><net_src comp="74" pin="2"/><net_sink comp="84" pin=0"/></net>

<net id="94"><net_src comp="30" pin="0"/><net_sink comp="89" pin=0"/></net>

<net id="95"><net_src comp="32" pin="0"/><net_sink comp="89" pin=2"/></net>

<net id="99"><net_src comp="89" pin="3"/><net_sink comp="96" pin=0"/></net>

<net id="105"><net_src comp="34" pin="0"/><net_sink comp="100" pin=0"/></net>

<net id="106"><net_src comp="36" pin="0"/><net_sink comp="100" pin=2"/></net>

<net id="110"><net_src comp="100" pin="3"/><net_sink comp="107" pin=0"/></net>

<net id="115"><net_src comp="96" pin="1"/><net_sink comp="111" pin=0"/></net>

<net id="116"><net_src comp="107" pin="1"/><net_sink comp="111" pin=1"/></net>

<net id="121"><net_src comp="111" pin="2"/><net_sink comp="117" pin=0"/></net>

<net id="122"><net_src comp="38" pin="0"/><net_sink comp="117" pin=1"/></net>

<net id="123"><net_src comp="117" pin="2"/><net_sink comp="50" pin=4"/></net>

<net id="127"><net_src comp="46" pin="1"/><net_sink comp="124" pin=0"/></net>

<net id="128"><net_src comp="124" pin="1"/><net_sink comp="60" pin=1"/></net>

<net id="129"><net_src comp="124" pin="1"/><net_sink comp="65" pin=0"/></net>

<net id="130"><net_src comp="124" pin="1"/><net_sink comp="84" pin=1"/></net>

<net id="134"><net_src comp="68" pin="2"/><net_sink comp="131" pin=0"/></net>

<net id="138"><net_src comp="80" pin="1"/><net_sink comp="135" pin=0"/></net>

<net id="139"><net_src comp="135" pin="1"/><net_sink comp="89" pin=1"/></net>

<net id="140"><net_src comp="135" pin="1"/><net_sink comp="100" pin=1"/></net>

<net id="141"><net_src comp="135" pin="1"/><net_sink comp="50" pin=2"/></net>

</net_list>

</model> 
---------------- Datapath Model END ------------------

* FSMD analyzer results:
  - Output states:
	Port: s2_vec_coeffs | {3 4 5 6 7 8 9 10 11 12 13 14 15 16 17 18 19 20 21 22 23 24 25 26 27 28 29 30 31 32 33 34 35 36 37 38 39 40 41 42 43 44 45 46 47 48 49 50 51 52 53 54 55 56 57 58 59 60 61 62 63 64 65 66 67 68 69 70 71 72 73 74 75 76 77 78 79 80 81 82 83 84 85 86 87 88 89 90 91 92 93 94 95 96 97 98 99 100 101 102 103 104 105 106 107 108 109 110 111 112 113 114 115 116 117 118 119 120 121 122 123 124 125 126 127 128 129 130 }
	Port: sk | {}
 - Input state : 
	Port: pqcrystals_dilithium2_ref_signature.1_Pipeline_VITIS_LOOP_138_5 : sk | {2 3 4 5 6 7 8 9 10 11 12 13 14 15 16 17 18 19 20 21 22 23 24 25 26 27 28 29 30 31 32 33 34 35 36 37 38 39 40 41 42 43 44 45 46 47 48 49 50 }
  - Chain level:
	State 1
		store_ln0 : 1
		i : 1
		icmp_ln138 : 2
		add_ln138 : 2
		br_ln138 : 3
		empty_82 : 2
		store_ln138 : 3
	State 2
		zext_ln139 : 1
		zext_ln139_1 : 1
		sub_ln139 : 2
		add_ln139 : 3
		call_ln139 : 4
	State 3
	State 4
	State 5
	State 6
	State 7
	State 8
	State 9
	State 10
	State 11
	State 12
	State 13
	State 14
	State 15
	State 16
	State 17
	State 18
	State 19
	State 20
	State 21
	State 22
	State 23
	State 24
	State 25
	State 26
	State 27
	State 28
	State 29
	State 30
	State 31
	State 32
	State 33
	State 34
	State 35
	State 36
	State 37
	State 38
	State 39
	State 40
	State 41
	State 42
	State 43
	State 44
	State 45
	State 46
	State 47
	State 48
	State 49
	State 50
	State 51
	State 52
	State 53
	State 54
	State 55
	State 56
	State 57
	State 58
	State 59
	State 60
	State 61
	State 62
	State 63
	State 64
	State 65
	State 66
	State 67
	State 68
	State 69
	State 70
	State 71
	State 72
	State 73
	State 74
	State 75
	State 76
	State 77
	State 78
	State 79
	State 80
	State 81
	State 82
	State 83
	State 84
	State 85
	State 86
	State 87
	State 88
	State 89
	State 90
	State 91
	State 92
	State 93
	State 94
	State 95
	State 96
	State 97
	State 98
	State 99
	State 100
	State 101
	State 102
	State 103
	State 104
	State 105
	State 106
	State 107
	State 108
	State 109
	State 110
	State 111
	State 112
	State 113
	State 114
	State 115
	State 116
	State 117
	State 118
	State 119
	State 120
	State 121
	State 122
	State 123
	State 124
	State 125
	State 126
	State 127
	State 128
	State 129
	State 130


============================================================
+ Verbose Summary: Datapath Resource usage 
============================================================

* Functional unit list:
|----------|------------------------------------------------------|---------|---------|---------|
| Operation|                    Functional Unit                   |  Delay  |    FF   |   LUT   |
|----------|------------------------------------------------------|---------|---------|---------|
|   call   | grp_pqcrystals_dilithium2_ref_polyeta_unpack_1_fu_50 |  18.84  |   1733  |   8085  |
|----------|------------------------------------------------------|---------|---------|---------|
|    add   |                    add_ln138_fu_74                   |    0    |    0    |    11   |
|          |                   add_ln139_fu_117                   |    0    |    0    |    10   |
|----------|------------------------------------------------------|---------|---------|---------|
|    sub   |                   sub_ln139_fu_111                   |    0    |    0    |    9    |
|----------|------------------------------------------------------|---------|---------|---------|
|   icmp   |                   icmp_ln138_fu_68                   |    0    |    0    |    8    |
|----------|------------------------------------------------------|---------|---------|---------|
|   trunc  |                    empty_82_fu_80                    |    0    |    0    |    0    |
|----------|------------------------------------------------------|---------|---------|---------|
|bitconcatenate|                     shl_ln1_fu_89                    |    0    |    0    |    0    |
|          |                  shl_ln139_1_fu_100                  |    0    |    0    |    0    |
|----------|------------------------------------------------------|---------|---------|---------|
|   zext   |                   zext_ln139_fu_96                   |    0    |    0    |    0    |
|          |                  zext_ln139_1_fu_107                 |    0    |    0    |    0    |
|----------|------------------------------------------------------|---------|---------|---------|
|   Total  |                                                      |  18.84  |   1733  |   8123  |
|----------|------------------------------------------------------|---------|---------|---------|

Memories:
N/A

* Register list:
+------------------+--------+
|                  |   FF   |
+------------------+--------+
| empty_82_reg_135 |    2   |
|    i_4_reg_124   |    3   |
|icmp_ln138_reg_131|    1   |
+------------------+--------+
|       Total      |    6   |
+------------------+--------+

* Multiplexer (MUX) list: 
|--------|------|------|------|--------|
|  Comp  |  Pin | Size |  BW  | S x BW |
|--------|------|------|------|--------|
|  Total |      |      |      |    0   |
|--------|------|------|------|--------|



* Summary:
+-----------+--------+--------+--------+
|           |  Delay |   FF   |   LUT  |
+-----------+--------+--------+--------+
|  Function |   18   |  1733  |  8123  |
|   Memory  |    -   |    -   |    -   |
|Multiplexer|    -   |    -   |    -   |
|  Register |    -   |    6   |    -   |
+-----------+--------+--------+--------+
|   Total   |   18   |  1739  |  8123  |
+-----------+--------+--------+--------+
