

================================================================
== Vitis HLS Report for 'pqcrystals_dilithium2_ref_pack_sig_1_Pipeline_VITIS_LOOP_176_4_VITIS_LOOP_177_5'
================================================================
* Date:           Fri Mar 10 17:22:26 2023

* Version:        2022.2 (Build 3670227 on Oct 13 2022)
* Project:        crypto_sign
* Solution:       solution2 (Vivado IP Flow Target)
* Product family: artix7
* Target device:  xc7a200t-fbg676-2


================================================================
== Performance Estimates
================================================================
+ Timing: 
    * Summary: 
    +--------+----------+----------+------------+
    |  Clock |  Target  | Estimated| Uncertainty|
    +--------+----------+----------+------------+
    |ap_clk  |  50.00 ns|  7.655 ns|    13.50 ns|
    +--------+----------+----------+------------+

+ Latency: 
    * Summary: 
    +---------+---------+----------+----------+------+------+---------+
    |  Latency (cycles) |  Latency (absolute) |   Interval  | Pipeline|
    |   min   |   max   |    min   |    max   |  min |  max |   Type  |
    +---------+---------+----------+----------+------+------+---------+
    |     2050|     2050|  0.102 ms|  0.102 ms|  2050|  2050|       no|
    +---------+---------+----------+----------+------+------+---------+

    + Detail: 
        * Instance: 
        N/A

        * Loop: 
        +-------------------------------------+---------+---------+----------+-----------+-----------+------+----------+
        |                                     |  Latency (cycles) | Iteration|  Initiation Interval  | Trip |          |
        |              Loop Name              |   min   |   max   |  Latency |  achieved |   target  | Count| Pipelined|
        +-------------------------------------+---------+---------+----------+-----------+-----------+------+----------+
        |- VITIS_LOOP_176_4_VITIS_LOOP_177_5  |     2048|     2048|         3|          2|          1|  1024|       yes|
        +-------------------------------------+---------+---------+----------+-----------+-----------+------+----------+

============================================================
+ Verbose Summary: Synthesis Manager
============================================================
InlineROM: 1
ExposeGlobal: 0
============================================================
+ Verbose Summary: CDFG Model
============================================================
IsTopModel: 0
ResetActiveHigh: 1
IsCombinational: 0
IsDatapathOnly: 0
HasWiredReturn: 1
HasMFsm: 2
HasVarLatency: 1
IsPipeline: 0
IsRtlPipelined: 0
IsInstanceOverlapped: 0
IsDontTouch: 0
HasImplIP: 0
IsGatedGlobalClock: 0

+ Individual pipeline summary: 
  * Pipeline-0: initiation interval (II) = 2, depth = 3


============================================================
+ Verbose Summary: Schedule
============================================================
* Number of FSM states : 3
* Pipeline : 1
  Pipeline-0 : II = 2, D = 3, States = { 1 2 3 }
* Dataflow Pipeline: 0

* FSM state transitions: 
1 --> 2 
2 --> 3 
3 --> 

* FSM state operations: 

State 1 <SV = 0> <Delay = 6.93>
ST_1 : Operation 6 [1/1] (0.00ns)   --->   "%j = alloca i32 1"   --->   Operation 6 'alloca' 'j' <Predicate = true> <Delay = 0.00>
ST_1 : Operation 7 [1/1] (0.00ns)   --->   "%i = alloca i32 1"   --->   Operation 7 'alloca' 'i' <Predicate = true> <Delay = 0.00>
ST_1 : Operation 8 [1/1] (0.00ns)   --->   "%indvar_flatten6 = alloca i32 1"   --->   Operation 8 'alloca' 'indvar_flatten6' <Predicate = true> <Delay = 0.00>
ST_1 : Operation 9 [1/1] (0.00ns)   --->   "%k_13 = alloca i32 1"   --->   Operation 9 'alloca' 'k_13' <Predicate = true> <Delay = 0.00>
ST_1 : Operation 10 [1/1] (0.00ns)   --->   "%specinterface_ln0 = specinterface void @_ssdm_op_SpecInterface, i8 %sm, void @empty_11, i32 0, i32 0, void @empty_40, i32 4294967295, i32 0, void @empty_40, void @empty_40, void @empty_40, i32 0, i32 0, i32 0, i32 0, void @empty_40, void @empty_40, i32 4294967295, i32 0"   --->   Operation 10 'specinterface' 'specinterface_ln0' <Predicate = true> <Delay = 0.00>
ST_1 : Operation 11 [1/1] (1.32ns)   --->   "%store_ln0 = store i32 0, i32 %k_13"   --->   Operation 11 'store' 'store_ln0' <Predicate = true> <Delay = 1.32>
ST_1 : Operation 12 [1/1] (1.32ns)   --->   "%store_ln0 = store i11 0, i11 %indvar_flatten6"   --->   Operation 12 'store' 'store_ln0' <Predicate = true> <Delay = 1.32>
ST_1 : Operation 13 [1/1] (1.32ns)   --->   "%store_ln0 = store i3 0, i3 %i"   --->   Operation 13 'store' 'store_ln0' <Predicate = true> <Delay = 1.32>
ST_1 : Operation 14 [1/1] (1.32ns)   --->   "%store_ln0 = store i9 0, i9 %j"   --->   Operation 14 'store' 'store_ln0' <Predicate = true> <Delay = 1.32>
ST_1 : Operation 15 [1/1] (0.00ns)   --->   "%br_ln0 = br void %for.body26"   --->   Operation 15 'br' 'br_ln0' <Predicate = true> <Delay = 0.00>
ST_1 : Operation 16 [1/1] (0.00ns)   --->   "%indvar_flatten6_load = load i11 %indvar_flatten6" [dilithium2/packing.c:176]   --->   Operation 16 'load' 'indvar_flatten6_load' <Predicate = true> <Delay = 0.00>
ST_1 : Operation 17 [1/1] (0.00ns)   --->   "%specpipeline_ln0 = specpipeline void @_ssdm_op_SpecPipeline, i32 4294967295, i32 0, i32 1, i32 0, void @p_str"   --->   Operation 17 'specpipeline' 'specpipeline_ln0' <Predicate = true> <Delay = 0.00>
ST_1 : Operation 18 [1/1] (1.52ns)   --->   "%icmp_ln176 = icmp_eq  i11 %indvar_flatten6_load, i11 1024" [dilithium2/packing.c:176]   --->   Operation 18 'icmp' 'icmp_ln176' <Predicate = true> <Delay = 1.52> <CoreInst = "Cmp">   --->   Core 9 'Cmp' <Latency = 0> <II = 1> <Delay = 1.52> <FuncUnit> <Opcode : 'icmp'> <InPorts = 2> <OutPorts = 1>
ST_1 : Operation 19 [1/1] (1.76ns)   --->   "%add_ln176_1 = add i11 %indvar_flatten6_load, i11 1" [dilithium2/packing.c:176]   --->   Operation 19 'add' 'add_ln176_1' <Predicate = true> <Delay = 1.76> <CoreInst = "Adder">   --->   Core 1 'Adder' <Latency = 0> <II = 1> <Delay = 1.76> <FuncUnit> <Opcode : 'add' 'sub'> <InPorts = 2> <OutPorts = 1>
ST_1 : Operation 20 [1/1] (0.00ns)   --->   "%br_ln176 = br i1 %icmp_ln176, void %for.inc42, void %for.end44.exitStub" [dilithium2/packing.c:176]   --->   Operation 20 'br' 'br_ln176' <Predicate = true> <Delay = 0.00>
ST_1 : Operation 21 [1/1] (0.00ns)   --->   "%j_load = load i9 %j" [dilithium2/packing.c:177]   --->   Operation 21 'load' 'j_load' <Predicate = (!icmp_ln176)> <Delay = 0.00>
ST_1 : Operation 22 [1/1] (0.00ns)   --->   "%i_load = load i3 %i" [dilithium2/packing.c:176]   --->   Operation 22 'load' 'i_load' <Predicate = (!icmp_ln176)> <Delay = 0.00>
ST_1 : Operation 23 [1/1] (1.34ns)   --->   "%add_ln176 = add i3 %i_load, i3 1" [dilithium2/packing.c:176]   --->   Operation 23 'add' 'add_ln176' <Predicate = (!icmp_ln176)> <Delay = 1.34> <CoreInst = "Adder">   --->   Core 1 'Adder' <Latency = 0> <II = 1> <Delay = 1.34> <FuncUnit> <Opcode : 'add' 'sub'> <InPorts = 2> <OutPorts = 1>
ST_1 : Operation 24 [1/1] (1.34ns)   --->   "%icmp_ln177 = icmp_eq  i9 %j_load, i9 256" [dilithium2/packing.c:177]   --->   Operation 24 'icmp' 'icmp_ln177' <Predicate = (!icmp_ln176)> <Delay = 1.34> <CoreInst = "Cmp">   --->   Core 9 'Cmp' <Latency = 0> <II = 1> <Delay = 1.34> <FuncUnit> <Opcode : 'icmp'> <InPorts = 2> <OutPorts = 1>
ST_1 : Operation 25 [1/1] (1.07ns)   --->   "%select_ln176 = select i1 %icmp_ln177, i9 0, i9 %j_load" [dilithium2/packing.c:176]   --->   Operation 25 'select' 'select_ln176' <Predicate = (!icmp_ln176)> <Delay = 1.07> <CoreInst = "Sel">   --->   Core 73 'Sel' <Latency = 0> <II = 1> <Delay = 1.07> <FuncUnit> <Opcode : 'select'> <InPorts = 3> <OutPorts = 1>
ST_1 : Operation 26 [1/1] (0.79ns)   --->   "%select_ln176_1 = select i1 %icmp_ln177, i3 %add_ln176, i3 %i_load" [dilithium2/packing.c:176]   --->   Operation 26 'select' 'select_ln176_1' <Predicate = (!icmp_ln176)> <Delay = 0.79> <CoreInst = "Sel">   --->   Core 73 'Sel' <Latency = 0> <II = 1> <Delay = 0.79> <FuncUnit> <Opcode : 'select'> <InPorts = 3> <OutPorts = 1>
ST_1 : Operation 27 [1/1] (0.00ns)   --->   "%trunc_ln178 = trunc i3 %select_ln176_1" [dilithium2/packing.c:178]   --->   Operation 27 'trunc' 'trunc_ln178' <Predicate = (!icmp_ln176)> <Delay = 0.00>
ST_1 : Operation 28 [1/1] (0.00ns)   --->   "%tmp_s = bitconcatenate i10 @_ssdm_op_BitConcatenate.i10.i2.i8, i2 %trunc_ln178, i8 0" [dilithium2/packing.c:178]   --->   Operation 28 'bitconcatenate' 'tmp_s' <Predicate = (!icmp_ln176)> <Delay = 0.00>
ST_1 : Operation 29 [1/1] (0.00ns)   --->   "%zext_ln178 = zext i9 %select_ln176" [dilithium2/packing.c:178]   --->   Operation 29 'zext' 'zext_ln178' <Predicate = (!icmp_ln176)> <Delay = 0.00>
ST_1 : Operation 30 [1/1] (1.74ns)   --->   "%add_ln178 = add i10 %tmp_s, i10 %zext_ln178" [dilithium2/packing.c:178]   --->   Operation 30 'add' 'add_ln178' <Predicate = (!icmp_ln176)> <Delay = 1.74> <CoreInst = "Adder">   --->   Core 1 'Adder' <Latency = 0> <II = 1> <Delay = 1.74> <FuncUnit> <Opcode : 'add' 'sub'> <InPorts = 2> <OutPorts = 1>
ST_1 : Operation 31 [1/1] (0.00ns)   --->   "%zext_ln178_1 = zext i10 %add_ln178" [dilithium2/packing.c:178]   --->   Operation 31 'zext' 'zext_ln178_1' <Predicate = (!icmp_ln176)> <Delay = 0.00>
ST_1 : Operation 32 [1/1] (0.00ns)   --->   "%h_addr = getelementptr i32 %h, i64 0, i64 %zext_ln178_1" [dilithium2/packing.c:178]   --->   Operation 32 'getelementptr' 'h_addr' <Predicate = (!icmp_ln176)> <Delay = 0.00>
ST_1 : Operation 33 [2/2] (2.77ns)   --->   "%h_load = load i10 %h_addr" [dilithium2/packing.c:178]   --->   Operation 33 'load' 'h_load' <Predicate = (!icmp_ln176)> <Delay = 2.77> <CoreInst = "RAM">   --->   Core 82 'RAM' <Latency = 1> <II = 1> <Delay = 2.77> <Storage> <Opcode : 'load' 'store'> <Ports = 2> <Width = 32> <Depth = 1024> <RAM>
ST_1 : Operation 34 [1/1] (1.73ns)   --->   "%j_16 = add i9 %select_ln176, i9 1" [dilithium2/packing.c:177]   --->   Operation 34 'add' 'j_16' <Predicate = (!icmp_ln176)> <Delay = 1.73> <CoreInst = "Adder">   --->   Core 1 'Adder' <Latency = 0> <II = 1> <Delay = 1.73> <FuncUnit> <Opcode : 'add' 'sub'> <InPorts = 2> <OutPorts = 1>
ST_1 : Operation 35 [1/1] (1.34ns)   --->   "%ifzero = icmp_eq  i9 %j_16, i9 256" [dilithium2/packing.c:177]   --->   Operation 35 'icmp' 'ifzero' <Predicate = (!icmp_ln176)> <Delay = 1.34> <CoreInst = "Cmp">   --->   Core 9 'Cmp' <Latency = 0> <II = 1> <Delay = 1.34> <FuncUnit> <Opcode : 'icmp'> <InPorts = 2> <OutPorts = 1>
ST_1 : Operation 36 [1/1] (0.00ns)   --->   "%br_ln177 = br i1 %ifzero, void %ifFalse, void %ifTrue" [dilithium2/packing.c:177]   --->   Operation 36 'br' 'br_ln177' <Predicate = (!icmp_ln176)> <Delay = 0.00>
ST_1 : Operation 37 [1/1] (1.32ns)   --->   "%store_ln176 = store i11 %add_ln176_1, i11 %indvar_flatten6" [dilithium2/packing.c:176]   --->   Operation 37 'store' 'store_ln176' <Predicate = (!icmp_ln176)> <Delay = 1.32>
ST_1 : Operation 38 [1/1] (1.32ns)   --->   "%store_ln176 = store i3 %select_ln176_1, i3 %i" [dilithium2/packing.c:176]   --->   Operation 38 'store' 'store_ln176' <Predicate = (!icmp_ln176)> <Delay = 1.32>
ST_1 : Operation 39 [1/1] (1.32ns)   --->   "%store_ln177 = store i9 %j_16, i9 %j" [dilithium2/packing.c:177]   --->   Operation 39 'store' 'store_ln177' <Predicate = (!icmp_ln176)> <Delay = 1.32>
ST_1 : Operation 40 [1/1] (0.00ns)   --->   "%br_ln0 = br void %for.body26"   --->   Operation 40 'br' 'br_ln0' <Predicate = (!icmp_ln176)> <Delay = 0.00>
ST_1 : Operation 65 [1/1] (0.00ns)   --->   "%ret_ln0 = ret"   --->   Operation 65 'ret' 'ret_ln0' <Predicate = (icmp_ln176)> <Delay = 0.00>

State 2 <SV = 1> <Delay = 7.65>
ST_2 : Operation 41 [1/1] (0.00ns)   --->   "%specloopname_ln0 = specloopname void @_ssdm_op_SpecLoopName, void @VITIS_LOOP_176_4_VITIS_LOOP_177_5_str"   --->   Operation 41 'specloopname' 'specloopname_ln0' <Predicate = (!icmp_ln176)> <Delay = 0.00>
ST_2 : Operation 42 [1/1] (0.00ns)   --->   "%empty = speclooptripcount i32 @_ssdm_op_SpecLoopTripCount, i64 1024, i64 1024, i64 1024"   --->   Operation 42 'speclooptripcount' 'empty' <Predicate = (!icmp_ln176)> <Delay = 0.00>
ST_2 : Operation 43 [1/1] (0.00ns)   --->   "%specpipeline_ln0 = specpipeline void @_ssdm_op_SpecPipeline, i32 4294967295, i32 0, i32 1, i32 0, void @p_str"   --->   Operation 43 'specpipeline' 'specpipeline_ln0' <Predicate = (!icmp_ln176)> <Delay = 0.00>
ST_2 : Operation 44 [1/1] (0.00ns)   --->   "%specloopname_ln161 = specloopname void @_ssdm_op_SpecLoopName, void @empty_52" [dilithium2/packing.c:161]   --->   Operation 44 'specloopname' 'specloopname_ln161' <Predicate = (!icmp_ln176)> <Delay = 0.00>
ST_2 : Operation 45 [1/2] (2.77ns)   --->   "%h_load = load i10 %h_addr" [dilithium2/packing.c:178]   --->   Operation 45 'load' 'h_load' <Predicate = (!icmp_ln176)> <Delay = 2.77> <CoreInst = "RAM">   --->   Core 82 'RAM' <Latency = 1> <II = 1> <Delay = 2.77> <Storage> <Opcode : 'load' 'store'> <Ports = 2> <Width = 32> <Depth = 1024> <RAM>
ST_2 : Operation 46 [1/1] (2.11ns)   --->   "%icmp_ln178 = icmp_eq  i32 %h_load, i32 0" [dilithium2/packing.c:178]   --->   Operation 46 'icmp' 'icmp_ln178' <Predicate = (!icmp_ln176)> <Delay = 2.11> <CoreInst = "Cmp">   --->   Core 9 'Cmp' <Latency = 0> <II = 1> <Delay = 2.11> <FuncUnit> <Opcode : 'icmp'> <InPorts = 2> <OutPorts = 1>
ST_2 : Operation 47 [1/1] (0.00ns)   --->   "%br_ln178 = br i1 %icmp_ln178, void %if.then, void %for.inc36" [dilithium2/packing.c:178]   --->   Operation 47 'br' 'br_ln178' <Predicate = (!icmp_ln176)> <Delay = 0.00>
ST_2 : Operation 48 [1/1] (0.00ns)   --->   "%k_13_load = load i32 %k_13" [dilithium2/packing.c:179]   --->   Operation 48 'load' 'k_13_load' <Predicate = (!icmp_ln176 & !icmp_ln178)> <Delay = 0.00>
ST_2 : Operation 49 [1/1] (0.00ns)   --->   "%trunc_ln179 = trunc i9 %select_ln176" [dilithium2/packing.c:179]   --->   Operation 49 'trunc' 'trunc_ln179' <Predicate = (!icmp_ln176 & !icmp_ln178)> <Delay = 0.00>
ST_2 : Operation 50 [1/1] (2.18ns)   --->   "%k = add i32 %k_13_load, i32 1" [dilithium2/packing.c:179]   --->   Operation 50 'add' 'k' <Predicate = (!icmp_ln176 & !icmp_ln178)> <Delay = 2.18> <CoreInst = "Adder">   --->   Core 1 'Adder' <Latency = 0> <II = 1> <Delay = 2.18> <FuncUnit> <Opcode : 'add' 'sub'> <InPorts = 2> <OutPorts = 1>
ST_2 : Operation 51 [1/1] (0.00ns)   --->   "%trunc_ln179_1 = trunc i32 %k_13_load" [dilithium2/packing.c:179]   --->   Operation 51 'trunc' 'trunc_ln179_1' <Predicate = (!icmp_ln176 & !icmp_ln178)> <Delay = 0.00>
ST_2 : Operation 52 [1/1] (1.79ns)   --->   "%add_ln179 = add i13 %trunc_ln179_1, i13 2336" [dilithium2/packing.c:179]   --->   Operation 52 'add' 'add_ln179' <Predicate = (!icmp_ln176 & !icmp_ln178)> <Delay = 1.79> <CoreInst = "Adder">   --->   Core 1 'Adder' <Latency = 0> <II = 1> <Delay = 1.79> <FuncUnit> <Opcode : 'add' 'sub'> <InPorts = 2> <OutPorts = 1>
ST_2 : Operation 53 [1/1] (0.00ns)   --->   "%zext_ln179 = zext i13 %add_ln179" [dilithium2/packing.c:179]   --->   Operation 53 'zext' 'zext_ln179' <Predicate = (!icmp_ln176 & !icmp_ln178)> <Delay = 0.00>
ST_2 : Operation 54 [1/1] (0.00ns)   --->   "%sm_addr = getelementptr i8 %sm, i64 0, i64 %zext_ln179" [dilithium2/packing.c:179]   --->   Operation 54 'getelementptr' 'sm_addr' <Predicate = (!icmp_ln176 & !icmp_ln178)> <Delay = 0.00>
ST_2 : Operation 55 [1/1] (2.77ns)   --->   "%store_ln179 = store i8 %trunc_ln179, i13 %sm_addr" [dilithium2/packing.c:179]   --->   Operation 55 'store' 'store_ln179' <Predicate = (!icmp_ln176 & !icmp_ln178)> <Delay = 2.77> <CoreInst = "RAM">   --->   Core 82 'RAM' <Latency = 1> <II = 1> <Delay = 2.77> <Storage> <Opcode : 'load' 'store'> <Ports = 2> <Width = 8> <Depth = 5720> <RAM>
ST_2 : Operation 56 [1/1] (1.32ns)   --->   "%store_ln179 = store i32 %k, i32 %k_13" [dilithium2/packing.c:179]   --->   Operation 56 'store' 'store_ln179' <Predicate = (!icmp_ln176 & !icmp_ln178)> <Delay = 1.32>
ST_2 : Operation 57 [1/1] (0.00ns)   --->   "%br_ln179 = br void %for.inc36" [dilithium2/packing.c:179]   --->   Operation 57 'br' 'br_ln179' <Predicate = (!icmp_ln176 & !icmp_ln178)> <Delay = 0.00>

State 3 <SV = 2> <Delay = 2.77>
ST_3 : Operation 58 [1/1] (0.00ns)   --->   "%k_13_load_1 = load i32 %k_13" [dilithium2/packing.c:181]   --->   Operation 58 'load' 'k_13_load_1' <Predicate = (ifzero)> <Delay = 0.00>
ST_3 : Operation 59 [1/1] (0.00ns)   --->   "%trunc_ln181 = trunc i32 %k_13_load_1" [dilithium2/packing.c:181]   --->   Operation 59 'trunc' 'trunc_ln181' <Predicate = (ifzero)> <Delay = 0.00>
ST_3 : Operation 60 [1/1] (0.00ns)   --->   "%zext_ln181_cast = bitconcatenate i12 @_ssdm_op_BitConcatenate.i12.i9.i3, i9 302, i3 %select_ln176_1" [dilithium2/packing.c:181]   --->   Operation 60 'bitconcatenate' 'zext_ln181_cast' <Predicate = (ifzero)> <Delay = 0.00>
ST_3 : Operation 61 [1/1] (0.00ns)   --->   "%zext_ln181 = zext i12 %zext_ln181_cast" [dilithium2/packing.c:181]   --->   Operation 61 'zext' 'zext_ln181' <Predicate = (ifzero)> <Delay = 0.00>
ST_3 : Operation 62 [1/1] (0.00ns)   --->   "%sm_addr_3 = getelementptr i8 %sm, i64 0, i64 %zext_ln181" [dilithium2/packing.c:181]   --->   Operation 62 'getelementptr' 'sm_addr_3' <Predicate = (ifzero)> <Delay = 0.00>
ST_3 : Operation 63 [1/1] (2.77ns)   --->   "%store_ln181 = store i8 %trunc_ln181, i13 %sm_addr_3" [dilithium2/packing.c:181]   --->   Operation 63 'store' 'store_ln181' <Predicate = (ifzero)> <Delay = 2.77> <CoreInst = "RAM">   --->   Core 82 'RAM' <Latency = 1> <II = 1> <Delay = 2.77> <Storage> <Opcode : 'load' 'store'> <Ports = 2> <Width = 8> <Depth = 5720> <RAM>
ST_3 : Operation 64 [1/1] (0.00ns)   --->   "%br_ln0 = br void %ifFalse"   --->   Operation 64 'br' 'br_ln0' <Predicate = (ifzero)> <Delay = 0.00>


============================================================
+ Verbose Summary: Binding
============================================================
STG Binding: 
---------------- STG Properties BEGIN ----------------
- Is combinational: 0
- Is one-state seq: 0
- Is datapath-only: 0
- Is pipelined: 0
- Is top level: 0
Port [ Return ] is wired: 1; IO mode=ap_ctrl_hs:ce=0
Port [ h]:  wired=1; compound=1; hidden=0; nouse=0; global=0; static=0; extern=0; dir=0; type=1; pingpong=0; private_global=0; MemPort=[13]; IO mode=ap_memory:ce=0
Port [ sm]:  wired=1; compound=1; hidden=0; nouse=0; global=0; static=0; extern=0; dir=1; type=1; pingpong=0; private_global=0; MemPort=[03]; IO mode=ap_memory:ce=0
---------------- STG Properties END ------------------

---------------- Datapath Model BEGIN ----------------

<LifeTime>
<method=bitvector/>
j                    (alloca           ) [ 0100]
i                    (alloca           ) [ 0100]
indvar_flatten6      (alloca           ) [ 0100]
k_13                 (alloca           ) [ 0111]
specinterface_ln0    (specinterface    ) [ 0000]
store_ln0            (store            ) [ 0000]
store_ln0            (store            ) [ 0000]
store_ln0            (store            ) [ 0000]
store_ln0            (store            ) [ 0000]
br_ln0               (br               ) [ 0000]
indvar_flatten6_load (load             ) [ 0000]
specpipeline_ln0     (specpipeline     ) [ 0000]
icmp_ln176           (icmp             ) [ 0110]
add_ln176_1          (add              ) [ 0000]
br_ln176             (br               ) [ 0000]
j_load               (load             ) [ 0000]
i_load               (load             ) [ 0000]
add_ln176            (add              ) [ 0000]
icmp_ln177           (icmp             ) [ 0000]
select_ln176         (select           ) [ 0010]
select_ln176_1       (select           ) [ 0111]
trunc_ln178          (trunc            ) [ 0000]
tmp_s                (bitconcatenate   ) [ 0000]
zext_ln178           (zext             ) [ 0000]
add_ln178            (add              ) [ 0000]
zext_ln178_1         (zext             ) [ 0000]
h_addr               (getelementptr    ) [ 0010]
j_16                 (add              ) [ 0000]
ifzero               (icmp             ) [ 0111]
br_ln177             (br               ) [ 0000]
store_ln176          (store            ) [ 0000]
store_ln176          (store            ) [ 0000]
store_ln177          (store            ) [ 0000]
br_ln0               (br               ) [ 0000]
specloopname_ln0     (specloopname     ) [ 0000]
empty                (speclooptripcount) [ 0000]
specpipeline_ln0     (specpipeline     ) [ 0000]
specloopname_ln161   (specloopname     ) [ 0000]
h_load               (load             ) [ 0000]
icmp_ln178           (icmp             ) [ 0010]
br_ln178             (br               ) [ 0000]
k_13_load            (load             ) [ 0000]
trunc_ln179          (trunc            ) [ 0000]
k                    (add              ) [ 0000]
trunc_ln179_1        (trunc            ) [ 0000]
add_ln179            (add              ) [ 0000]
zext_ln179           (zext             ) [ 0000]
sm_addr              (getelementptr    ) [ 0000]
store_ln179          (store            ) [ 0000]
store_ln179          (store            ) [ 0000]
br_ln179             (br               ) [ 0000]
k_13_load_1          (load             ) [ 0000]
trunc_ln181          (trunc            ) [ 0000]
zext_ln181_cast      (bitconcatenate   ) [ 0000]
zext_ln181           (zext             ) [ 0000]
sm_addr_3            (getelementptr    ) [ 0000]
store_ln181          (store            ) [ 0000]
br_ln0               (br               ) [ 0000]
ret_ln0              (ret              ) [ 0000]
</LifeTime>

<model>

<comp_list>
<comp id="0" class="1000" name="h">
<pin_list>
<pin id="1" dir="1" index="0" bw="1" slack="0"/>
</pin_list>
<bind>
<StgValue><ssdm name="h"/><MemPortTyVec>1 3 </MemPortTyVec>
</StgValue>
</bind>
</comp>

<comp id="2" class="1000" name="sm">
<pin_list>
<pin id="3" dir="1" index="0" bw="1" slack="0"/>
</pin_list>
<bind>
<StgValue><ssdm name="sm"/><MemPortTyVec>0 3 </MemPortTyVec>
</StgValue>
</bind>
</comp>

<comp id="4" class="1001" name="const_4">
<pin_list>
<pin id="5" dir="1" index="0" bw="1" slack="0"/>
</pin_list>
<bind>
<StgValue><ssdm name=""/></StgValue>
</bind>
</comp>

<comp id="6" class="1001" name="const_6">
<pin_list>
<pin id="7" dir="1" index="0" bw="1" slack="2147483647"/>
</pin_list>
<bind>
<StgValue><ssdm name="_ssdm_op_SpecInterface"/></StgValue>
</bind>
</comp>

<comp id="8" class="1001" name="const_8">
<pin_list>
<pin id="9" dir="1" index="0" bw="1" slack="2147483647"/>
</pin_list>
<bind>
<StgValue><ssdm name="empty_11"/></StgValue>
</bind>
</comp>

<comp id="10" class="1001" name="const_10">
<pin_list>
<pin id="11" dir="1" index="0" bw="1" slack="0"/>
</pin_list>
<bind>
<StgValue><ssdm name=""/></StgValue>
</bind>
</comp>

<comp id="12" class="1001" name="const_12">
<pin_list>
<pin id="13" dir="1" index="0" bw="1" slack="2147483647"/>
</pin_list>
<bind>
<StgValue><ssdm name="empty_40"/></StgValue>
</bind>
</comp>

<comp id="14" class="1001" name="const_14">
<pin_list>
<pin id="15" dir="1" index="0" bw="1" slack="2147483647"/>
</pin_list>
<bind>
<StgValue><ssdm name=""/></StgValue>
</bind>
</comp>

<comp id="16" class="1001" name="const_16">
<pin_list>
<pin id="17" dir="1" index="0" bw="1" slack="0"/>
</pin_list>
<bind>
<StgValue><ssdm name=""/></StgValue>
</bind>
</comp>

<comp id="18" class="1001" name="const_18">
<pin_list>
<pin id="19" dir="1" index="0" bw="1" slack="0"/>
</pin_list>
<bind>
<StgValue><ssdm name=""/></StgValue>
</bind>
</comp>

<comp id="20" class="1001" name="const_20">
<pin_list>
<pin id="21" dir="1" index="0" bw="1" slack="0"/>
</pin_list>
<bind>
<StgValue><ssdm name=""/></StgValue>
</bind>
</comp>

<comp id="22" class="1001" name="const_22">
<pin_list>
<pin id="23" dir="1" index="0" bw="1" slack="2147483647"/>
</pin_list>
<bind>
<StgValue><ssdm name="_ssdm_op_SpecPipeline"/></StgValue>
</bind>
</comp>

<comp id="24" class="1001" name="const_24">
<pin_list>
<pin id="25" dir="1" index="0" bw="1" slack="2147483647"/>
</pin_list>
<bind>
<StgValue><ssdm name="p_str"/></StgValue>
</bind>
</comp>

<comp id="26" class="1001" name="const_26">
<pin_list>
<pin id="27" dir="1" index="0" bw="1" slack="0"/>
</pin_list>
<bind>
<StgValue><ssdm name=""/></StgValue>
</bind>
</comp>

<comp id="28" class="1001" name="const_28">
<pin_list>
<pin id="29" dir="1" index="0" bw="1" slack="0"/>
</pin_list>
<bind>
<StgValue><ssdm name=""/></StgValue>
</bind>
</comp>

<comp id="30" class="1001" name="const_30">
<pin_list>
<pin id="31" dir="1" index="0" bw="1" slack="0"/>
</pin_list>
<bind>
<StgValue><ssdm name=""/></StgValue>
</bind>
</comp>

<comp id="32" class="1001" name="const_32">
<pin_list>
<pin id="33" dir="1" index="0" bw="1" slack="0"/>
</pin_list>
<bind>
<StgValue><ssdm name=""/></StgValue>
</bind>
</comp>

<comp id="34" class="1001" name="const_34">
<pin_list>
<pin id="35" dir="1" index="0" bw="1" slack="0"/>
</pin_list>
<bind>
<StgValue><ssdm name="_ssdm_op_BitConcatenate.i10.i2.i8"/></StgValue>
</bind>
</comp>

<comp id="36" class="1001" name="const_36">
<pin_list>
<pin id="37" dir="1" index="0" bw="1" slack="0"/>
</pin_list>
<bind>
<StgValue><ssdm name=""/></StgValue>
</bind>
</comp>

<comp id="38" class="1001" name="const_38">
<pin_list>
<pin id="39" dir="1" index="0" bw="1" slack="0"/>
</pin_list>
<bind>
<StgValue><ssdm name=""/></StgValue>
</bind>
</comp>

<comp id="40" class="1001" name="const_40">
<pin_list>
<pin id="41" dir="1" index="0" bw="1" slack="0"/>
</pin_list>
<bind>
<StgValue><ssdm name=""/></StgValue>
</bind>
</comp>

<comp id="42" class="1001" name="const_42">
<pin_list>
<pin id="43" dir="1" index="0" bw="1" slack="2147483647"/>
</pin_list>
<bind>
<StgValue><ssdm name="_ssdm_op_SpecLoopName"/></StgValue>
</bind>
</comp>

<comp id="44" class="1001" name="const_44">
<pin_list>
<pin id="45" dir="1" index="0" bw="1" slack="2147483647"/>
</pin_list>
<bind>
<StgValue><ssdm name="VITIS_LOOP_176_4_VITIS_LOOP_177_5_str"/></StgValue>
</bind>
</comp>

<comp id="46" class="1001" name="const_46">
<pin_list>
<pin id="47" dir="1" index="0" bw="1" slack="2147483647"/>
</pin_list>
<bind>
<StgValue><ssdm name="_ssdm_op_SpecLoopTripCount"/></StgValue>
</bind>
</comp>

<comp id="48" class="1001" name="const_48">
<pin_list>
<pin id="49" dir="1" index="0" bw="1" slack="2147483647"/>
</pin_list>
<bind>
<StgValue><ssdm name=""/></StgValue>
</bind>
</comp>

<comp id="50" class="1001" name="const_50">
<pin_list>
<pin id="51" dir="1" index="0" bw="1" slack="2147483647"/>
</pin_list>
<bind>
<StgValue><ssdm name="empty_52"/></StgValue>
</bind>
</comp>

<comp id="52" class="1001" name="const_52">
<pin_list>
<pin id="53" dir="1" index="0" bw="1" slack="0"/>
</pin_list>
<bind>
<StgValue><ssdm name=""/></StgValue>
</bind>
</comp>

<comp id="54" class="1001" name="const_54">
<pin_list>
<pin id="55" dir="1" index="0" bw="1" slack="0"/>
</pin_list>
<bind>
<StgValue><ssdm name="_ssdm_op_BitConcatenate.i12.i9.i3"/></StgValue>
</bind>
</comp>

<comp id="56" class="1001" name="const_56">
<pin_list>
<pin id="57" dir="1" index="0" bw="1" slack="0"/>
</pin_list>
<bind>
<StgValue><ssdm name=""/></StgValue>
</bind>
</comp>

<comp id="58" class="1004" name="j_fu_58">
<pin_list>
<pin id="59" dir="0" index="0" bw="1" slack="0"/>
<pin id="60" dir="1" index="1" bw="9" slack="0"/>
</pin_list>
<bind>
<opcode="alloca(26) " fcode="alloca"/>
<opset="j/1 "/>
</bind>
</comp>

<comp id="62" class="1004" name="i_fu_62">
<pin_list>
<pin id="63" dir="0" index="0" bw="1" slack="0"/>
<pin id="64" dir="1" index="1" bw="3" slack="0"/>
</pin_list>
<bind>
<opcode="alloca(26) " fcode="alloca"/>
<opset="i/1 "/>
</bind>
</comp>

<comp id="66" class="1004" name="indvar_flatten6_fu_66">
<pin_list>
<pin id="67" dir="0" index="0" bw="1" slack="0"/>
<pin id="68" dir="1" index="1" bw="11" slack="0"/>
</pin_list>
<bind>
<opcode="alloca(26) " fcode="alloca"/>
<opset="indvar_flatten6/1 "/>
</bind>
</comp>

<comp id="70" class="1004" name="k_13_fu_70">
<pin_list>
<pin id="71" dir="0" index="0" bw="1" slack="0"/>
<pin id="72" dir="1" index="1" bw="32" slack="0"/>
</pin_list>
<bind>
<opcode="alloca(26) " fcode="alloca"/>
<opset="k_13/1 "/>
</bind>
</comp>

<comp id="74" class="1004" name="h_addr_gep_fu_74">
<pin_list>
<pin id="75" dir="0" index="0" bw="32" slack="0"/>
<pin id="76" dir="0" index="1" bw="1" slack="0"/>
<pin id="77" dir="0" index="2" bw="10" slack="0"/>
<pin id="78" dir="1" index="3" bw="10" slack="0"/>
</pin_list>
<bind>
<opcode="getelementptr(29) " fcode="getelementptr"/>
<opset="h_addr/1 "/>
</bind>
</comp>

<comp id="81" class="1004" name="grp_access_fu_81">
<pin_list>
<pin id="82" dir="0" index="0" bw="10" slack="0"/>
<pin id="83" dir="0" index="1" bw="32" slack="2147483647"/>
<pin id="84" dir="0" index="2" bw="0" slack="2147483647"/>
<pin id="85" dir="1" index="3" bw="32" slack="0"/>
</pin_list>
<bind>
<opcode="load(27) " fcode="load"/>
<opset="h_load/1 "/>
</bind>
</comp>

<comp id="87" class="1004" name="sm_addr_gep_fu_87">
<pin_list>
<pin id="88" dir="0" index="0" bw="8" slack="0"/>
<pin id="89" dir="0" index="1" bw="1" slack="0"/>
<pin id="90" dir="0" index="2" bw="13" slack="0"/>
<pin id="91" dir="1" index="3" bw="13" slack="0"/>
</pin_list>
<bind>
<opcode="getelementptr(29) " fcode="getelementptr"/>
<opset="sm_addr/2 "/>
</bind>
</comp>

<comp id="94" class="1004" name="grp_access_fu_94">
<pin_list>
<pin id="95" dir="0" index="0" bw="13" slack="0"/>
<pin id="96" dir="0" index="1" bw="8" slack="0"/>
<pin id="97" dir="0" index="2" bw="0" slack="2147483647"/>
<pin id="98" dir="1" index="3" bw="8" slack="2147483647"/>
</pin_list>
<bind>
<opcode="store(28) " fcode="store"/>
<opset="store_ln179/2 store_ln181/3 "/>
</bind>
</comp>

<comp id="100" class="1004" name="sm_addr_3_gep_fu_100">
<pin_list>
<pin id="101" dir="0" index="0" bw="8" slack="0"/>
<pin id="102" dir="0" index="1" bw="1" slack="0"/>
<pin id="103" dir="0" index="2" bw="12" slack="0"/>
<pin id="104" dir="1" index="3" bw="13" slack="0"/>
</pin_list>
<bind>
<opcode="getelementptr(29) " fcode="getelementptr"/>
<opset="sm_addr_3/3 "/>
</bind>
</comp>

<comp id="108" class="1004" name="grp_load_fu_108">
<pin_list>
<pin id="109" dir="0" index="0" bw="32" slack="1"/>
<pin id="110" dir="1" index="1" bw="32" slack="0"/>
</pin_list>
<bind>
<opcode="load(27) " fcode="load"/>
<opset="k_13_load/2 k_13_load_1/3 "/>
</bind>
</comp>

<comp id="111" class="1004" name="store_ln0_store_fu_111">
<pin_list>
<pin id="112" dir="0" index="0" bw="1" slack="0"/>
<pin id="113" dir="0" index="1" bw="32" slack="0"/>
<pin id="114" dir="1" index="2" bw="0" slack="2147483647"/>
</pin_list>
<bind>
<opcode="store(28) " fcode="store"/>
<opset="store_ln0/1 "/>
</bind>
</comp>

<comp id="116" class="1004" name="store_ln0_store_fu_116">
<pin_list>
<pin id="117" dir="0" index="0" bw="1" slack="0"/>
<pin id="118" dir="0" index="1" bw="11" slack="0"/>
<pin id="119" dir="1" index="2" bw="0" slack="2147483647"/>
</pin_list>
<bind>
<opcode="store(28) " fcode="store"/>
<opset="store_ln0/1 "/>
</bind>
</comp>

<comp id="121" class="1004" name="store_ln0_store_fu_121">
<pin_list>
<pin id="122" dir="0" index="0" bw="1" slack="0"/>
<pin id="123" dir="0" index="1" bw="3" slack="0"/>
<pin id="124" dir="1" index="2" bw="0" slack="2147483647"/>
</pin_list>
<bind>
<opcode="store(28) " fcode="store"/>
<opset="store_ln0/1 "/>
</bind>
</comp>

<comp id="126" class="1004" name="store_ln0_store_fu_126">
<pin_list>
<pin id="127" dir="0" index="0" bw="1" slack="0"/>
<pin id="128" dir="0" index="1" bw="9" slack="0"/>
<pin id="129" dir="1" index="2" bw="0" slack="2147483647"/>
</pin_list>
<bind>
<opcode="store(28) " fcode="store"/>
<opset="store_ln0/1 "/>
</bind>
</comp>

<comp id="131" class="1004" name="indvar_flatten6_load_load_fu_131">
<pin_list>
<pin id="132" dir="0" index="0" bw="11" slack="0"/>
<pin id="133" dir="1" index="1" bw="11" slack="0"/>
</pin_list>
<bind>
<opcode="load(27) " fcode="load"/>
<opset="indvar_flatten6_load/1 "/>
</bind>
</comp>

<comp id="134" class="1004" name="icmp_ln176_fu_134">
<pin_list>
<pin id="135" dir="0" index="0" bw="11" slack="0"/>
<pin id="136" dir="0" index="1" bw="11" slack="0"/>
<pin id="137" dir="1" index="2" bw="1" slack="1"/>
</pin_list>
<bind>
<opcode="icmp(45) " fcode="icmp"/>
<opset="icmp_ln176/1 "/>
</bind>
</comp>

<comp id="140" class="1004" name="add_ln176_1_fu_140">
<pin_list>
<pin id="141" dir="0" index="0" bw="11" slack="0"/>
<pin id="142" dir="0" index="1" bw="1" slack="0"/>
<pin id="143" dir="1" index="2" bw="11" slack="0"/>
</pin_list>
<bind>
<opcode="add(8) " fcode="add"/>
<opset="add_ln176_1/1 "/>
</bind>
</comp>

<comp id="146" class="1004" name="j_load_load_fu_146">
<pin_list>
<pin id="147" dir="0" index="0" bw="9" slack="0"/>
<pin id="148" dir="1" index="1" bw="9" slack="0"/>
</pin_list>
<bind>
<opcode="load(27) " fcode="load"/>
<opset="j_load/1 "/>
</bind>
</comp>

<comp id="149" class="1004" name="i_load_load_fu_149">
<pin_list>
<pin id="150" dir="0" index="0" bw="3" slack="0"/>
<pin id="151" dir="1" index="1" bw="3" slack="0"/>
</pin_list>
<bind>
<opcode="load(27) " fcode="load"/>
<opset="i_load/1 "/>
</bind>
</comp>

<comp id="152" class="1004" name="add_ln176_fu_152">
<pin_list>
<pin id="153" dir="0" index="0" bw="3" slack="0"/>
<pin id="154" dir="0" index="1" bw="1" slack="0"/>
<pin id="155" dir="1" index="2" bw="3" slack="0"/>
</pin_list>
<bind>
<opcode="add(8) " fcode="add"/>
<opset="add_ln176/1 "/>
</bind>
</comp>

<comp id="158" class="1004" name="icmp_ln177_fu_158">
<pin_list>
<pin id="159" dir="0" index="0" bw="9" slack="0"/>
<pin id="160" dir="0" index="1" bw="9" slack="0"/>
<pin id="161" dir="1" index="2" bw="1" slack="0"/>
</pin_list>
<bind>
<opcode="icmp(45) " fcode="icmp"/>
<opset="icmp_ln177/1 "/>
</bind>
</comp>

<comp id="164" class="1004" name="select_ln176_fu_164">
<pin_list>
<pin id="165" dir="0" index="0" bw="1" slack="0"/>
<pin id="166" dir="0" index="1" bw="1" slack="0"/>
<pin id="167" dir="0" index="2" bw="9" slack="0"/>
<pin id="168" dir="1" index="3" bw="9" slack="0"/>
</pin_list>
<bind>
<opcode="select(49) " fcode="select"/>
<opset="select_ln176/1 "/>
</bind>
</comp>

<comp id="172" class="1004" name="select_ln176_1_fu_172">
<pin_list>
<pin id="173" dir="0" index="0" bw="1" slack="0"/>
<pin id="174" dir="0" index="1" bw="3" slack="0"/>
<pin id="175" dir="0" index="2" bw="3" slack="0"/>
<pin id="176" dir="1" index="3" bw="3" slack="0"/>
</pin_list>
<bind>
<opcode="select(49) " fcode="select"/>
<opset="select_ln176_1/1 "/>
</bind>
</comp>

<comp id="180" class="1004" name="trunc_ln178_fu_180">
<pin_list>
<pin id="181" dir="0" index="0" bw="3" slack="0"/>
<pin id="182" dir="1" index="1" bw="2" slack="0"/>
</pin_list>
<bind>
<opcode="trunc(33) " fcode="trunc"/>
<opset="trunc_ln178/1 "/>
</bind>
</comp>

<comp id="184" class="1004" name="tmp_s_fu_184">
<pin_list>
<pin id="185" dir="0" index="0" bw="10" slack="0"/>
<pin id="186" dir="0" index="1" bw="2" slack="0"/>
<pin id="187" dir="0" index="2" bw="1" slack="0"/>
<pin id="188" dir="1" index="3" bw="10" slack="0"/>
</pin_list>
<bind>
<opcode="bitconcatenate(1004) " fcode="bitconcatenate"/>
<opset="tmp_s/1 "/>
</bind>
</comp>

<comp id="192" class="1004" name="zext_ln178_fu_192">
<pin_list>
<pin id="193" dir="0" index="0" bw="9" slack="0"/>
<pin id="194" dir="1" index="1" bw="10" slack="0"/>
</pin_list>
<bind>
<opcode="zext(34) " fcode="zext"/>
<opset="zext_ln178/1 "/>
</bind>
</comp>

<comp id="196" class="1004" name="add_ln178_fu_196">
<pin_list>
<pin id="197" dir="0" index="0" bw="10" slack="0"/>
<pin id="198" dir="0" index="1" bw="9" slack="0"/>
<pin id="199" dir="1" index="2" bw="10" slack="0"/>
</pin_list>
<bind>
<opcode="add(8) " fcode="add"/>
<opset="add_ln178/1 "/>
</bind>
</comp>

<comp id="202" class="1004" name="zext_ln178_1_fu_202">
<pin_list>
<pin id="203" dir="0" index="0" bw="10" slack="0"/>
<pin id="204" dir="1" index="1" bw="64" slack="0"/>
</pin_list>
<bind>
<opcode="zext(34) " fcode="zext"/>
<opset="zext_ln178_1/1 "/>
</bind>
</comp>

<comp id="207" class="1004" name="j_16_fu_207">
<pin_list>
<pin id="208" dir="0" index="0" bw="9" slack="0"/>
<pin id="209" dir="0" index="1" bw="1" slack="0"/>
<pin id="210" dir="1" index="2" bw="9" slack="0"/>
</pin_list>
<bind>
<opcode="add(8) " fcode="add"/>
<opset="j_16/1 "/>
</bind>
</comp>

<comp id="213" class="1004" name="ifzero_fu_213">
<pin_list>
<pin id="214" dir="0" index="0" bw="9" slack="0"/>
<pin id="215" dir="0" index="1" bw="9" slack="0"/>
<pin id="216" dir="1" index="2" bw="1" slack="2"/>
</pin_list>
<bind>
<opcode="icmp(45) " fcode="icmp"/>
<opset="ifzero/1 "/>
</bind>
</comp>

<comp id="219" class="1004" name="store_ln176_store_fu_219">
<pin_list>
<pin id="220" dir="0" index="0" bw="11" slack="0"/>
<pin id="221" dir="0" index="1" bw="11" slack="0"/>
<pin id="222" dir="1" index="2" bw="0" slack="2147483647"/>
</pin_list>
<bind>
<opcode="store(28) " fcode="store"/>
<opset="store_ln176/1 "/>
</bind>
</comp>

<comp id="224" class="1004" name="store_ln176_store_fu_224">
<pin_list>
<pin id="225" dir="0" index="0" bw="3" slack="0"/>
<pin id="226" dir="0" index="1" bw="3" slack="0"/>
<pin id="227" dir="1" index="2" bw="0" slack="2147483647"/>
</pin_list>
<bind>
<opcode="store(28) " fcode="store"/>
<opset="store_ln176/1 "/>
</bind>
</comp>

<comp id="229" class="1004" name="store_ln177_store_fu_229">
<pin_list>
<pin id="230" dir="0" index="0" bw="9" slack="0"/>
<pin id="231" dir="0" index="1" bw="9" slack="0"/>
<pin id="232" dir="1" index="2" bw="0" slack="2147483647"/>
</pin_list>
<bind>
<opcode="store(28) " fcode="store"/>
<opset="store_ln177/1 "/>
</bind>
</comp>

<comp id="234" class="1004" name="icmp_ln178_fu_234">
<pin_list>
<pin id="235" dir="0" index="0" bw="32" slack="0"/>
<pin id="236" dir="0" index="1" bw="1" slack="0"/>
<pin id="237" dir="1" index="2" bw="1" slack="2147483647"/>
</pin_list>
<bind>
<opcode="icmp(45) " fcode="icmp"/>
<opset="icmp_ln178/2 "/>
</bind>
</comp>

<comp id="240" class="1004" name="trunc_ln179_fu_240">
<pin_list>
<pin id="241" dir="0" index="0" bw="9" slack="1"/>
<pin id="242" dir="1" index="1" bw="8" slack="0"/>
</pin_list>
<bind>
<opcode="trunc(33) " fcode="trunc"/>
<opset="trunc_ln179/2 "/>
</bind>
</comp>

<comp id="244" class="1004" name="k_fu_244">
<pin_list>
<pin id="245" dir="0" index="0" bw="32" slack="0"/>
<pin id="246" dir="0" index="1" bw="1" slack="0"/>
<pin id="247" dir="1" index="2" bw="32" slack="0"/>
</pin_list>
<bind>
<opcode="add(8) " fcode="add"/>
<opset="k/2 "/>
</bind>
</comp>

<comp id="250" class="1004" name="trunc_ln179_1_fu_250">
<pin_list>
<pin id="251" dir="0" index="0" bw="32" slack="0"/>
<pin id="252" dir="1" index="1" bw="13" slack="0"/>
</pin_list>
<bind>
<opcode="trunc(33) " fcode="trunc"/>
<opset="trunc_ln179_1/2 "/>
</bind>
</comp>

<comp id="254" class="1004" name="add_ln179_fu_254">
<pin_list>
<pin id="255" dir="0" index="0" bw="13" slack="0"/>
<pin id="256" dir="0" index="1" bw="13" slack="0"/>
<pin id="257" dir="1" index="2" bw="13" slack="0"/>
</pin_list>
<bind>
<opcode="add(8) " fcode="add"/>
<opset="add_ln179/2 "/>
</bind>
</comp>

<comp id="260" class="1004" name="zext_ln179_fu_260">
<pin_list>
<pin id="261" dir="0" index="0" bw="13" slack="0"/>
<pin id="262" dir="1" index="1" bw="64" slack="0"/>
</pin_list>
<bind>
<opcode="zext(34) " fcode="zext"/>
<opset="zext_ln179/2 "/>
</bind>
</comp>

<comp id="265" class="1004" name="store_ln179_store_fu_265">
<pin_list>
<pin id="266" dir="0" index="0" bw="32" slack="0"/>
<pin id="267" dir="0" index="1" bw="32" slack="1"/>
<pin id="268" dir="1" index="2" bw="0" slack="2147483647"/>
</pin_list>
<bind>
<opcode="store(28) " fcode="store"/>
<opset="store_ln179/2 "/>
</bind>
</comp>

<comp id="270" class="1004" name="trunc_ln181_fu_270">
<pin_list>
<pin id="271" dir="0" index="0" bw="32" slack="0"/>
<pin id="272" dir="1" index="1" bw="8" slack="0"/>
</pin_list>
<bind>
<opcode="trunc(33) " fcode="trunc"/>
<opset="trunc_ln181/3 "/>
</bind>
</comp>

<comp id="275" class="1004" name="zext_ln181_cast_fu_275">
<pin_list>
<pin id="276" dir="0" index="0" bw="12" slack="0"/>
<pin id="277" dir="0" index="1" bw="9" slack="0"/>
<pin id="278" dir="0" index="2" bw="3" slack="2"/>
<pin id="279" dir="1" index="3" bw="12" slack="0"/>
</pin_list>
<bind>
<opcode="bitconcatenate(1004) " fcode="bitconcatenate"/>
<opset="zext_ln181_cast/3 "/>
</bind>
</comp>

<comp id="282" class="1004" name="zext_ln181_fu_282">
<pin_list>
<pin id="283" dir="0" index="0" bw="12" slack="0"/>
<pin id="284" dir="1" index="1" bw="64" slack="0"/>
</pin_list>
<bind>
<opcode="zext(34) " fcode="zext"/>
<opset="zext_ln181/3 "/>
</bind>
</comp>

<comp id="287" class="1005" name="j_reg_287">
<pin_list>
<pin id="288" dir="0" index="0" bw="9" slack="0"/>
<pin id="289" dir="1" index="1" bw="9" slack="0"/>
</pin_list>
<bind>
<opset="j "/>
</bind>
</comp>

<comp id="294" class="1005" name="i_reg_294">
<pin_list>
<pin id="295" dir="0" index="0" bw="3" slack="0"/>
<pin id="296" dir="1" index="1" bw="3" slack="0"/>
</pin_list>
<bind>
<opset="i "/>
</bind>
</comp>

<comp id="301" class="1005" name="indvar_flatten6_reg_301">
<pin_list>
<pin id="302" dir="0" index="0" bw="11" slack="0"/>
<pin id="303" dir="1" index="1" bw="11" slack="0"/>
</pin_list>
<bind>
<opset="indvar_flatten6 "/>
</bind>
</comp>

<comp id="308" class="1005" name="k_13_reg_308">
<pin_list>
<pin id="309" dir="0" index="0" bw="32" slack="0"/>
<pin id="310" dir="1" index="1" bw="32" slack="0"/>
</pin_list>
<bind>
<opset="k_13 "/>
</bind>
</comp>

<comp id="315" class="1005" name="icmp_ln176_reg_315">
<pin_list>
<pin id="316" dir="0" index="0" bw="1" slack="1"/>
<pin id="317" dir="1" index="1" bw="1" slack="2147483647"/>
</pin_list>
<bind>
<opset="icmp_ln176 "/>
</bind>
</comp>

<comp id="319" class="1005" name="select_ln176_reg_319">
<pin_list>
<pin id="320" dir="0" index="0" bw="9" slack="1"/>
<pin id="321" dir="1" index="1" bw="9" slack="1"/>
</pin_list>
<bind>
<opset="select_ln176 "/>
</bind>
</comp>

<comp id="324" class="1005" name="select_ln176_1_reg_324">
<pin_list>
<pin id="325" dir="0" index="0" bw="3" slack="2"/>
<pin id="326" dir="1" index="1" bw="3" slack="2"/>
</pin_list>
<bind>
<opset="select_ln176_1 "/>
</bind>
</comp>

<comp id="329" class="1005" name="h_addr_reg_329">
<pin_list>
<pin id="330" dir="0" index="0" bw="10" slack="1"/>
<pin id="331" dir="1" index="1" bw="10" slack="1"/>
</pin_list>
<bind>
<opset="h_addr "/>
</bind>
</comp>

<comp id="334" class="1005" name="ifzero_reg_334">
<pin_list>
<pin id="335" dir="0" index="0" bw="1" slack="2"/>
<pin id="336" dir="1" index="1" bw="1" slack="2147483647"/>
</pin_list>
<bind>
<opset="ifzero "/>
</bind>
</comp>

</comp_list>

<net_list>
<net id="61"><net_src comp="4" pin="0"/><net_sink comp="58" pin=0"/></net>

<net id="65"><net_src comp="4" pin="0"/><net_sink comp="62" pin=0"/></net>

<net id="69"><net_src comp="4" pin="0"/><net_sink comp="66" pin=0"/></net>

<net id="73"><net_src comp="4" pin="0"/><net_sink comp="70" pin=0"/></net>

<net id="79"><net_src comp="0" pin="0"/><net_sink comp="74" pin=0"/></net>

<net id="80"><net_src comp="38" pin="0"/><net_sink comp="74" pin=1"/></net>

<net id="86"><net_src comp="74" pin="3"/><net_sink comp="81" pin=0"/></net>

<net id="92"><net_src comp="2" pin="0"/><net_sink comp="87" pin=0"/></net>

<net id="93"><net_src comp="38" pin="0"/><net_sink comp="87" pin=1"/></net>

<net id="99"><net_src comp="87" pin="3"/><net_sink comp="94" pin=0"/></net>

<net id="105"><net_src comp="2" pin="0"/><net_sink comp="100" pin=0"/></net>

<net id="106"><net_src comp="38" pin="0"/><net_sink comp="100" pin=1"/></net>

<net id="107"><net_src comp="100" pin="3"/><net_sink comp="94" pin=0"/></net>

<net id="115"><net_src comp="10" pin="0"/><net_sink comp="111" pin=0"/></net>

<net id="120"><net_src comp="16" pin="0"/><net_sink comp="116" pin=0"/></net>

<net id="125"><net_src comp="18" pin="0"/><net_sink comp="121" pin=0"/></net>

<net id="130"><net_src comp="20" pin="0"/><net_sink comp="126" pin=0"/></net>

<net id="138"><net_src comp="131" pin="1"/><net_sink comp="134" pin=0"/></net>

<net id="139"><net_src comp="26" pin="0"/><net_sink comp="134" pin=1"/></net>

<net id="144"><net_src comp="131" pin="1"/><net_sink comp="140" pin=0"/></net>

<net id="145"><net_src comp="28" pin="0"/><net_sink comp="140" pin=1"/></net>

<net id="156"><net_src comp="149" pin="1"/><net_sink comp="152" pin=0"/></net>

<net id="157"><net_src comp="30" pin="0"/><net_sink comp="152" pin=1"/></net>

<net id="162"><net_src comp="146" pin="1"/><net_sink comp="158" pin=0"/></net>

<net id="163"><net_src comp="32" pin="0"/><net_sink comp="158" pin=1"/></net>

<net id="169"><net_src comp="158" pin="2"/><net_sink comp="164" pin=0"/></net>

<net id="170"><net_src comp="20" pin="0"/><net_sink comp="164" pin=1"/></net>

<net id="171"><net_src comp="146" pin="1"/><net_sink comp="164" pin=2"/></net>

<net id="177"><net_src comp="158" pin="2"/><net_sink comp="172" pin=0"/></net>

<net id="178"><net_src comp="152" pin="2"/><net_sink comp="172" pin=1"/></net>

<net id="179"><net_src comp="149" pin="1"/><net_sink comp="172" pin=2"/></net>

<net id="183"><net_src comp="172" pin="3"/><net_sink comp="180" pin=0"/></net>

<net id="189"><net_src comp="34" pin="0"/><net_sink comp="184" pin=0"/></net>

<net id="190"><net_src comp="180" pin="1"/><net_sink comp="184" pin=1"/></net>

<net id="191"><net_src comp="36" pin="0"/><net_sink comp="184" pin=2"/></net>

<net id="195"><net_src comp="164" pin="3"/><net_sink comp="192" pin=0"/></net>

<net id="200"><net_src comp="184" pin="3"/><net_sink comp="196" pin=0"/></net>

<net id="201"><net_src comp="192" pin="1"/><net_sink comp="196" pin=1"/></net>

<net id="205"><net_src comp="196" pin="2"/><net_sink comp="202" pin=0"/></net>

<net id="206"><net_src comp="202" pin="1"/><net_sink comp="74" pin=2"/></net>

<net id="211"><net_src comp="164" pin="3"/><net_sink comp="207" pin=0"/></net>

<net id="212"><net_src comp="40" pin="0"/><net_sink comp="207" pin=1"/></net>

<net id="217"><net_src comp="207" pin="2"/><net_sink comp="213" pin=0"/></net>

<net id="218"><net_src comp="32" pin="0"/><net_sink comp="213" pin=1"/></net>

<net id="223"><net_src comp="140" pin="2"/><net_sink comp="219" pin=0"/></net>

<net id="228"><net_src comp="172" pin="3"/><net_sink comp="224" pin=0"/></net>

<net id="233"><net_src comp="207" pin="2"/><net_sink comp="229" pin=0"/></net>

<net id="238"><net_src comp="81" pin="3"/><net_sink comp="234" pin=0"/></net>

<net id="239"><net_src comp="10" pin="0"/><net_sink comp="234" pin=1"/></net>

<net id="243"><net_src comp="240" pin="1"/><net_sink comp="94" pin=1"/></net>

<net id="248"><net_src comp="108" pin="1"/><net_sink comp="244" pin=0"/></net>

<net id="249"><net_src comp="4" pin="0"/><net_sink comp="244" pin=1"/></net>

<net id="253"><net_src comp="108" pin="1"/><net_sink comp="250" pin=0"/></net>

<net id="258"><net_src comp="250" pin="1"/><net_sink comp="254" pin=0"/></net>

<net id="259"><net_src comp="52" pin="0"/><net_sink comp="254" pin=1"/></net>

<net id="263"><net_src comp="254" pin="2"/><net_sink comp="260" pin=0"/></net>

<net id="264"><net_src comp="260" pin="1"/><net_sink comp="87" pin=2"/></net>

<net id="269"><net_src comp="244" pin="2"/><net_sink comp="265" pin=0"/></net>

<net id="273"><net_src comp="108" pin="1"/><net_sink comp="270" pin=0"/></net>

<net id="274"><net_src comp="270" pin="1"/><net_sink comp="94" pin=1"/></net>

<net id="280"><net_src comp="54" pin="0"/><net_sink comp="275" pin=0"/></net>

<net id="281"><net_src comp="56" pin="0"/><net_sink comp="275" pin=1"/></net>

<net id="285"><net_src comp="275" pin="3"/><net_sink comp="282" pin=0"/></net>

<net id="286"><net_src comp="282" pin="1"/><net_sink comp="100" pin=2"/></net>

<net id="290"><net_src comp="58" pin="1"/><net_sink comp="287" pin=0"/></net>

<net id="291"><net_src comp="287" pin="1"/><net_sink comp="126" pin=1"/></net>

<net id="292"><net_src comp="287" pin="1"/><net_sink comp="146" pin=0"/></net>

<net id="293"><net_src comp="287" pin="1"/><net_sink comp="229" pin=1"/></net>

<net id="297"><net_src comp="62" pin="1"/><net_sink comp="294" pin=0"/></net>

<net id="298"><net_src comp="294" pin="1"/><net_sink comp="121" pin=1"/></net>

<net id="299"><net_src comp="294" pin="1"/><net_sink comp="149" pin=0"/></net>

<net id="300"><net_src comp="294" pin="1"/><net_sink comp="224" pin=1"/></net>

<net id="304"><net_src comp="66" pin="1"/><net_sink comp="301" pin=0"/></net>

<net id="305"><net_src comp="301" pin="1"/><net_sink comp="116" pin=1"/></net>

<net id="306"><net_src comp="301" pin="1"/><net_sink comp="131" pin=0"/></net>

<net id="307"><net_src comp="301" pin="1"/><net_sink comp="219" pin=1"/></net>

<net id="311"><net_src comp="70" pin="1"/><net_sink comp="308" pin=0"/></net>

<net id="312"><net_src comp="308" pin="1"/><net_sink comp="111" pin=1"/></net>

<net id="313"><net_src comp="308" pin="1"/><net_sink comp="108" pin=0"/></net>

<net id="314"><net_src comp="308" pin="1"/><net_sink comp="265" pin=1"/></net>

<net id="318"><net_src comp="134" pin="2"/><net_sink comp="315" pin=0"/></net>

<net id="322"><net_src comp="164" pin="3"/><net_sink comp="319" pin=0"/></net>

<net id="323"><net_src comp="319" pin="1"/><net_sink comp="240" pin=0"/></net>

<net id="327"><net_src comp="172" pin="3"/><net_sink comp="324" pin=0"/></net>

<net id="328"><net_src comp="324" pin="1"/><net_sink comp="275" pin=2"/></net>

<net id="332"><net_src comp="74" pin="3"/><net_sink comp="329" pin=0"/></net>

<net id="333"><net_src comp="329" pin="1"/><net_sink comp="81" pin=0"/></net>

<net id="337"><net_src comp="213" pin="2"/><net_sink comp="334" pin=0"/></net>

</net_list>

</model> 
---------------- Datapath Model END ------------------

* FSMD analyzer results:
  - Output states:
	Port: sm | {2 3 }
 - Input state : 
	Port: pqcrystals_dilithium2_ref_pack_sig.1_Pipeline_VITIS_LOOP_176_4_VITIS_LOOP_177_5 : h | {1 2 }
  - Chain level:
	State 1
		store_ln0 : 1
		store_ln0 : 1
		store_ln0 : 1
		store_ln0 : 1
		indvar_flatten6_load : 1
		icmp_ln176 : 2
		add_ln176_1 : 2
		br_ln176 : 3
		j_load : 1
		i_load : 1
		add_ln176 : 2
		icmp_ln177 : 2
		select_ln176 : 3
		select_ln176_1 : 3
		trunc_ln178 : 4
		tmp_s : 5
		zext_ln178 : 4
		add_ln178 : 6
		zext_ln178_1 : 7
		h_addr : 8
		h_load : 9
		j_16 : 4
		ifzero : 5
		br_ln177 : 6
		store_ln176 : 3
		store_ln176 : 4
		store_ln177 : 5
	State 2
		icmp_ln178 : 1
		br_ln178 : 2
		k : 1
		trunc_ln179_1 : 1
		add_ln179 : 2
		zext_ln179 : 3
		sm_addr : 4
		store_ln179 : 5
		store_ln179 : 2
	State 3
		trunc_ln181 : 1
		zext_ln181 : 1
		sm_addr_3 : 2
		store_ln181 : 3


============================================================
+ Verbose Summary: Datapath Resource usage 
============================================================

* Functional unit list:
|----------|------------------------|---------|---------|
| Operation|     Functional Unit    |    FF   |   LUT   |
|----------|------------------------|---------|---------|
|          |   add_ln176_1_fu_140   |    0    |    18   |
|          |    add_ln176_fu_152    |    0    |    11   |
|    add   |    add_ln178_fu_196    |    0    |    17   |
|          |       j_16_fu_207      |    0    |    16   |
|          |        k_fu_244        |    0    |    39   |
|          |    add_ln179_fu_254    |    0    |    20   |
|----------|------------------------|---------|---------|
|          |    icmp_ln176_fu_134   |    0    |    11   |
|   icmp   |    icmp_ln177_fu_158   |    0    |    11   |
|          |      ifzero_fu_213     |    0    |    11   |
|          |    icmp_ln178_fu_234   |    0    |    18   |
|----------|------------------------|---------|---------|
|  select  |   select_ln176_fu_164  |    0    |    9    |
|          |  select_ln176_1_fu_172 |    0    |    3    |
|----------|------------------------|---------|---------|
|          |   trunc_ln178_fu_180   |    0    |    0    |
|   trunc  |   trunc_ln179_fu_240   |    0    |    0    |
|          |  trunc_ln179_1_fu_250  |    0    |    0    |
|          |   trunc_ln181_fu_270   |    0    |    0    |
|----------|------------------------|---------|---------|
|bitconcatenate|      tmp_s_fu_184      |    0    |    0    |
|          | zext_ln181_cast_fu_275 |    0    |    0    |
|----------|------------------------|---------|---------|
|          |    zext_ln178_fu_192   |    0    |    0    |
|   zext   |   zext_ln178_1_fu_202  |    0    |    0    |
|          |    zext_ln179_fu_260   |    0    |    0    |
|          |    zext_ln181_fu_282   |    0    |    0    |
|----------|------------------------|---------|---------|
|   Total  |                        |    0    |   184   |
|----------|------------------------|---------|---------|

Memories:
N/A

* Register list:
+-----------------------+--------+
|                       |   FF   |
+-----------------------+--------+
|     h_addr_reg_329    |   10   |
|       i_reg_294       |    3   |
|   icmp_ln176_reg_315  |    1   |
|     ifzero_reg_334    |    1   |
|indvar_flatten6_reg_301|   11   |
|       j_reg_287       |    9   |
|      k_13_reg_308     |   32   |
| select_ln176_1_reg_324|    3   |
|  select_ln176_reg_319 |    9   |
+-----------------------+--------+
|         Total         |   79   |
+-----------------------+--------+

* Multiplexer (MUX) list: 
|------------------|------|------|------|--------||---------||---------|
|       Comp       |  Pin | Size |  BW  | S x BW ||  Delay  ||   LUT   |
|------------------|------|------|------|--------||---------||---------|
| grp_access_fu_81 |  p0  |   2  |  10  |   20   ||    9    |
| grp_access_fu_94 |  p0  |   2  |  13  |   26   ||    9    |
| grp_access_fu_94 |  p1  |   2  |   8  |   16   ||    9    |
|------------------|------|------|------|--------||---------||---------|
|       Total      |      |      |      |   62   ||  3.972  ||    27   |
|------------------|------|------|------|--------||---------||---------|



* Summary:
+-----------+--------+--------+--------+
|           |  Delay |   FF   |   LUT  |
+-----------+--------+--------+--------+
|  Function |    -   |    0   |   184  |
|   Memory  |    -   |    -   |    -   |
|Multiplexer|    3   |    -   |   27   |
|  Register |    -   |   79   |    -   |
+-----------+--------+--------+--------+
|   Total   |    3   |   79   |   211  |
+-----------+--------+--------+--------+
