

================================================================
== Vitis HLS Report for 'pqcrystals_dilithium2_ref_signature_1_Pipeline_VITIS_LOOP_392_1_VITIS_LOOP_248_1'
================================================================
* Date:           Fri Mar 10 17:22:25 2023

* Version:        2022.2 (Build 3670227 on Oct 13 2022)
* Project:        crypto_sign
* Solution:       solution2 (Vivado IP Flow Target)
* Product family: artix7
* Target device:  xc7a200t-fbg676-2


================================================================
== Performance Estimates
================================================================
+ Timing: 
    * Summary: 
    +--------+----------+----------+------------+
    |  Clock |  Target  | Estimated| Uncertainty|
    +--------+----------+----------+------------+
    |ap_clk  |  50.00 ns|  8.741 ns|    13.50 ns|
    +--------+----------+----------+------------+

+ Latency: 
    * Summary: 
    +---------+---------+-----------+-----------+------+------+---------+
    |  Latency (cycles) |   Latency (absolute)  |   Interval  | Pipeline|
    |   min   |   max   |    min    |    max    |  min |  max |   Type  |
    +---------+---------+-----------+-----------+------+------+---------+
    |     1027|     1027|  51.350 us|  51.350 us|  1027|  1027|       no|
    +---------+---------+-----------+-----------+------+------+---------+

    + Detail: 
        * Instance: 
        N/A

        * Loop: 
        +-------------------------------------+---------+---------+----------+-----------+-----------+------+----------+
        |                                     |  Latency (cycles) | Iteration|  Initiation Interval  | Trip |          |
        |              Loop Name              |   min   |   max   |  Latency |  achieved |   target  | Count| Pipelined|
        +-------------------------------------+---------+---------+----------+-----------+-----------+------+----------+
        |- VITIS_LOOP_392_1_VITIS_LOOP_248_1  |     1025|     1025|         2|          1|          1|  1024|       yes|
        +-------------------------------------+---------+---------+----------+-----------+-----------+------+----------+

============================================================
+ Verbose Summary: Synthesis Manager
============================================================
InlineROM: 1
ExposeGlobal: 0
============================================================
+ Verbose Summary: CDFG Model
============================================================
IsTopModel: 0
ResetActiveHigh: 1
IsCombinational: 0
IsDatapathOnly: 0
HasWiredReturn: 1
HasMFsm: 2
HasVarLatency: 1
IsPipeline: 0
IsRtlPipelined: 0
IsInstanceOverlapped: 0
IsDontTouch: 0
HasImplIP: 0
IsGatedGlobalClock: 0

+ Individual pipeline summary: 
  * Pipeline-0: initiation interval (II) = 1, depth = 2


============================================================
+ Verbose Summary: Schedule
============================================================
* Number of FSM states : 2
* Pipeline : 1
  Pipeline-0 : II = 1, D = 2, States = { 1 2 }
* Dataflow Pipeline: 0

* FSM state transitions: 
1 --> 2 
2 --> 

* FSM state operations: 

State 1 <SV = 0> <Delay = 6.93>
ST_1 : Operation 5 [1/1] (0.00ns)   --->   "%s_1 = alloca i32 1"   --->   Operation 5 'alloca' 's_1' <Predicate = true> <Delay = 0.00>
ST_1 : Operation 6 [1/1] (0.00ns)   --->   "%i = alloca i32 1"   --->   Operation 6 'alloca' 'i' <Predicate = true> <Delay = 0.00>
ST_1 : Operation 7 [1/1] (0.00ns)   --->   "%s = alloca i32 1"   --->   Operation 7 'alloca' 's' <Predicate = true> <Delay = 0.00>
ST_1 : Operation 8 [1/1] (0.00ns)   --->   "%i_10 = alloca i32 1"   --->   Operation 8 'alloca' 'i_10' <Predicate = true> <Delay = 0.00>
ST_1 : Operation 9 [1/1] (0.00ns)   --->   "%indvar_flatten146 = alloca i32 1"   --->   Operation 9 'alloca' 'indvar_flatten146' <Predicate = true> <Delay = 0.00>
ST_1 : Operation 10 [1/1] (1.32ns)   --->   "%store_ln0 = store i11 0, i11 %indvar_flatten146"   --->   Operation 10 'store' 'store_ln0' <Predicate = true> <Delay = 1.32>
ST_1 : Operation 11 [1/1] (1.32ns)   --->   "%store_ln0 = store i3 0, i3 %i_10"   --->   Operation 11 'store' 'store_ln0' <Predicate = true> <Delay = 1.32>
ST_1 : Operation 12 [1/1] (1.32ns)   --->   "%store_ln0 = store i11 0, i11 %s"   --->   Operation 12 'store' 'store_ln0' <Predicate = true> <Delay = 1.32>
ST_1 : Operation 13 [1/1] (1.32ns)   --->   "%store_ln0 = store i9 0, i9 %i"   --->   Operation 13 'store' 'store_ln0' <Predicate = true> <Delay = 1.32>
ST_1 : Operation 14 [1/1] (1.32ns)   --->   "%store_ln0 = store i9 0, i9 %s_1"   --->   Operation 14 'store' 'store_ln0' <Predicate = true> <Delay = 1.32>
ST_1 : Operation 15 [1/1] (0.00ns)   --->   "%br_ln0 = br void %for.inc.i.i656"   --->   Operation 15 'br' 'br_ln0' <Predicate = true> <Delay = 0.00>
ST_1 : Operation 16 [1/1] (0.00ns)   --->   "%indvar_flatten146_load = load i11 %indvar_flatten146" [dilithium2/polyvec.c:392]   --->   Operation 16 'load' 'indvar_flatten146_load' <Predicate = true> <Delay = 0.00>
ST_1 : Operation 17 [1/1] (1.52ns)   --->   "%icmp_ln392 = icmp_eq  i11 %indvar_flatten146_load, i11 1024" [dilithium2/polyvec.c:392]   --->   Operation 17 'icmp' 'icmp_ln392' <Predicate = true> <Delay = 1.52> <CoreInst = "Cmp">   --->   Core 9 'Cmp' <Latency = 0> <II = 1> <Delay = 1.52> <FuncUnit> <Opcode : 'icmp'> <InPorts = 2> <OutPorts = 1>
ST_1 : Operation 18 [1/1] (1.76ns)   --->   "%add_ln392_1 = add i11 %indvar_flatten146_load, i11 1" [dilithium2/polyvec.c:392]   --->   Operation 18 'add' 'add_ln392_1' <Predicate = true> <Delay = 1.76> <CoreInst = "Adder">   --->   Core 1 'Adder' <Latency = 0> <II = 1> <Delay = 1.76> <FuncUnit> <Opcode : 'add' 'sub'> <InPorts = 2> <OutPorts = 1>
ST_1 : Operation 19 [1/1] (0.00ns)   --->   "%br_ln392 = br i1 %icmp_ln392, void %pqcrystals_dilithium2_ref_poly_make_hint.exit.i, void %pqcrystals_dilithium2_ref_polyveck_make_hint.exit.exitStub" [dilithium2/polyvec.c:392]   --->   Operation 19 'br' 'br_ln392' <Predicate = true> <Delay = 0.00>
ST_1 : Operation 20 [1/1] (0.00ns)   --->   "%i_load = load i9 %i" [dilithium2/poly.c:248]   --->   Operation 20 'load' 'i_load' <Predicate = (!icmp_ln392)> <Delay = 0.00>
ST_1 : Operation 21 [1/1] (0.00ns)   --->   "%i_10_load = load i3 %i_10" [dilithium2/polyvec.c:392]   --->   Operation 21 'load' 'i_10_load' <Predicate = (!icmp_ln392)> <Delay = 0.00>
ST_1 : Operation 22 [1/1] (1.34ns)   --->   "%add_ln392 = add i3 %i_10_load, i3 1" [dilithium2/polyvec.c:392]   --->   Operation 22 'add' 'add_ln392' <Predicate = (!icmp_ln392)> <Delay = 1.34> <CoreInst = "Adder">   --->   Core 1 'Adder' <Latency = 0> <II = 1> <Delay = 1.34> <FuncUnit> <Opcode : 'add' 'sub'> <InPorts = 2> <OutPorts = 1>
ST_1 : Operation 23 [1/1] (1.34ns)   --->   "%icmp_ln248 = icmp_eq  i9 %i_load, i9 256" [dilithium2/poly.c:248]   --->   Operation 23 'icmp' 'icmp_ln248' <Predicate = (!icmp_ln392)> <Delay = 1.34> <CoreInst = "Cmp">   --->   Core 9 'Cmp' <Latency = 0> <II = 1> <Delay = 1.34> <FuncUnit> <Opcode : 'icmp'> <InPorts = 2> <OutPorts = 1>
ST_1 : Operation 24 [1/1] (1.07ns)   --->   "%select_ln392 = select i1 %icmp_ln248, i9 0, i9 %i_load" [dilithium2/polyvec.c:392]   --->   Operation 24 'select' 'select_ln392' <Predicate = (!icmp_ln392)> <Delay = 1.07> <CoreInst = "Sel">   --->   Core 73 'Sel' <Latency = 0> <II = 1> <Delay = 1.07> <FuncUnit> <Opcode : 'select'> <InPorts = 3> <OutPorts = 1>
ST_1 : Operation 25 [1/1] (0.79ns)   --->   "%select_ln392_2 = select i1 %icmp_ln248, i3 %add_ln392, i3 %i_10_load" [dilithium2/polyvec.c:392]   --->   Operation 25 'select' 'select_ln392_2' <Predicate = (!icmp_ln392)> <Delay = 0.79> <CoreInst = "Sel">   --->   Core 73 'Sel' <Latency = 0> <II = 1> <Delay = 0.79> <FuncUnit> <Opcode : 'select'> <InPorts = 3> <OutPorts = 1>
ST_1 : Operation 26 [1/1] (0.00ns)   --->   "%trunc_ln249 = trunc i3 %select_ln392_2" [dilithium2/poly.c:249]   --->   Operation 26 'trunc' 'trunc_ln249' <Predicate = (!icmp_ln392)> <Delay = 0.00>
ST_1 : Operation 27 [1/1] (0.00ns)   --->   "%tmp_s = bitconcatenate i10 @_ssdm_op_BitConcatenate.i10.i2.i8, i2 %trunc_ln249, i8 0" [dilithium2/poly.c:249]   --->   Operation 27 'bitconcatenate' 'tmp_s' <Predicate = (!icmp_ln392)> <Delay = 0.00>
ST_1 : Operation 28 [1/1] (0.00ns)   --->   "%zext_ln249_2 = zext i9 %select_ln392" [dilithium2/poly.c:249]   --->   Operation 28 'zext' 'zext_ln249_2' <Predicate = (!icmp_ln392)> <Delay = 0.00>
ST_1 : Operation 29 [1/1] (1.74ns)   --->   "%add_ln249 = add i10 %tmp_s, i10 %zext_ln249_2" [dilithium2/poly.c:249]   --->   Operation 29 'add' 'add_ln249' <Predicate = (!icmp_ln392)> <Delay = 1.74> <CoreInst = "Adder">   --->   Core 1 'Adder' <Latency = 0> <II = 1> <Delay = 1.74> <FuncUnit> <Opcode : 'add' 'sub'> <InPorts = 2> <OutPorts = 1>
ST_1 : Operation 30 [1/1] (0.00ns)   --->   "%zext_ln249_3 = zext i10 %add_ln249" [dilithium2/poly.c:249]   --->   Operation 30 'zext' 'zext_ln249_3' <Predicate = (!icmp_ln392)> <Delay = 0.00>
ST_1 : Operation 31 [1/1] (0.00ns)   --->   "%w1_vec_coeffs_addr = getelementptr i32 %w1_vec_coeffs, i64 0, i64 %zext_ln249_3" [dilithium2/poly.c:249]   --->   Operation 31 'getelementptr' 'w1_vec_coeffs_addr' <Predicate = (!icmp_ln392)> <Delay = 0.00>
ST_1 : Operation 32 [1/1] (0.00ns)   --->   "%w0_vec_coeffs_addr = getelementptr i32 %w0_vec_coeffs, i64 0, i64 %zext_ln249_3" [dilithium2/poly.c:249]   --->   Operation 32 'getelementptr' 'w0_vec_coeffs_addr' <Predicate = (!icmp_ln392)> <Delay = 0.00>
ST_1 : Operation 33 [2/2] (2.77ns)   --->   "%w0_vec_coeffs_load = load i10 %w0_vec_coeffs_addr" [dilithium2/poly.c:249]   --->   Operation 33 'load' 'w0_vec_coeffs_load' <Predicate = (!icmp_ln392)> <Delay = 2.77> <CoreInst = "RAM">   --->   Core 82 'RAM' <Latency = 1> <II = 1> <Delay = 2.77> <Storage> <Opcode : 'load' 'store'> <Ports = 2> <Width = 32> <Depth = 1024> <RAM>
ST_1 : Operation 34 [2/2] (2.77ns)   --->   "%w1_vec_coeffs_load = load i10 %w1_vec_coeffs_addr" [dilithium2/poly.c:249]   --->   Operation 34 'load' 'w1_vec_coeffs_load' <Predicate = (!icmp_ln392)> <Delay = 2.77> <CoreInst = "RAM">   --->   Core 82 'RAM' <Latency = 1> <II = 1> <Delay = 2.77> <Storage> <Opcode : 'load' 'store'> <Ports = 2> <Width = 32> <Depth = 1024> <RAM>
ST_1 : Operation 35 [1/1] (1.73ns)   --->   "%add_ln248 = add i9 %select_ln392, i9 1" [dilithium2/poly.c:248]   --->   Operation 35 'add' 'add_ln248' <Predicate = (!icmp_ln392)> <Delay = 1.73> <CoreInst = "Adder">   --->   Core 1 'Adder' <Latency = 0> <II = 1> <Delay = 1.73> <FuncUnit> <Opcode : 'add' 'sub'> <InPorts = 2> <OutPorts = 1>
ST_1 : Operation 36 [1/1] (1.32ns)   --->   "%store_ln248 = store i11 %add_ln392_1, i11 %indvar_flatten146" [dilithium2/poly.c:248]   --->   Operation 36 'store' 'store_ln248' <Predicate = (!icmp_ln392)> <Delay = 1.32>
ST_1 : Operation 37 [1/1] (1.32ns)   --->   "%store_ln248 = store i3 %select_ln392_2, i3 %i_10" [dilithium2/poly.c:248]   --->   Operation 37 'store' 'store_ln248' <Predicate = (!icmp_ln392)> <Delay = 1.32>
ST_1 : Operation 38 [1/1] (1.32ns)   --->   "%store_ln248 = store i9 %add_ln248, i9 %i" [dilithium2/poly.c:248]   --->   Operation 38 'store' 'store_ln248' <Predicate = (!icmp_ln392)> <Delay = 1.32>

State 2 <SV = 1> <Delay = 8.74>
ST_2 : Operation 39 [1/1] (0.00ns)   --->   "%s_4 = load i9 %s_1"   --->   Operation 39 'load' 's_4' <Predicate = true> <Delay = 0.00>
ST_2 : Operation 40 [1/1] (0.00ns)   --->   "%s_2 = load i11 %s" [dilithium2/polyvec.c:393]   --->   Operation 40 'load' 's_2' <Predicate = true> <Delay = 0.00>
ST_2 : Operation 41 [1/1] (0.00ns)   --->   "%s_2_cast = zext i9 %s_4"   --->   Operation 41 'zext' 's_2_cast' <Predicate = true> <Delay = 0.00>
ST_2 : Operation 42 [1/1] (0.00ns)   --->   "%specpipeline_ln0 = specpipeline void @_ssdm_op_SpecPipeline, i32 4294967295, i32 0, i32 1, i32 0, void @p_str"   --->   Operation 42 'specpipeline' 'specpipeline_ln0' <Predicate = true> <Delay = 0.00>
ST_2 : Operation 43 [1/1] (1.76ns)   --->   "%s_3 = add i11 %s_2_cast, i11 %s_2" [dilithium2/polyvec.c:393]   --->   Operation 43 'add' 's_3' <Predicate = true> <Delay = 1.76> <CoreInst = "Adder">   --->   Core 1 'Adder' <Latency = 0> <II = 1> <Delay = 1.76> <FuncUnit> <Opcode : 'add' 'sub'> <InPorts = 2> <OutPorts = 1>
ST_2 : Operation 44 [1/1] (0.00ns)   --->   "%specloopname_ln0 = specloopname void @_ssdm_op_SpecLoopName, void @VITIS_LOOP_392_1_VITIS_LOOP_248_1_str"   --->   Operation 44 'specloopname' 'specloopname_ln0' <Predicate = (!icmp_ln392)> <Delay = 0.00>
ST_2 : Operation 45 [1/1] (0.00ns)   --->   "%empty = speclooptripcount i32 @_ssdm_op_SpecLoopTripCount, i64 1024, i64 1024, i64 1024"   --->   Operation 45 'speclooptripcount' 'empty' <Predicate = (!icmp_ln392)> <Delay = 0.00>
ST_2 : Operation 46 [1/1] (0.00ns) (grouped into LUT with out node s_5)   --->   "%select_ln392_1 = select i1 %icmp_ln248, i9 0, i9 %s_4" [dilithium2/polyvec.c:392]   --->   Operation 46 'select' 'select_ln392_1' <Predicate = (!icmp_ln392)> <Delay = 0.00> <CoreInst = "Sel">   --->   Core 73 'Sel' <Latency = 0> <II = 1> <Delay = 1.07> <FuncUnit> <Opcode : 'select'> <InPorts = 3> <OutPorts = 1>
ST_2 : Operation 47 [1/1] (0.00ns)   --->   "%specpipeline_ln0 = specpipeline void @_ssdm_op_SpecPipeline, i32 4294967295, i32 0, i32 1, i32 0, void @p_str"   --->   Operation 47 'specpipeline' 'specpipeline_ln0' <Predicate = (!icmp_ln392)> <Delay = 0.00>
ST_2 : Operation 48 [1/1] (0.83ns)   --->   "%select_ln392_3 = select i1 %icmp_ln248, i11 %s_3, i11 %s_2" [dilithium2/polyvec.c:392]   --->   Operation 48 'select' 'select_ln392_3' <Predicate = (!icmp_ln392)> <Delay = 0.83> <CoreInst = "Sel">   --->   Core 73 'Sel' <Latency = 0> <II = 1> <Delay = 0.83> <FuncUnit> <Opcode : 'select'> <InPorts = 3> <OutPorts = 1>
ST_2 : Operation 49 [1/1] (0.00ns)   --->   "%h_vec_coeffs_addr = getelementptr i32 %h_vec_coeffs, i64 0, i64 %zext_ln249_3" [dilithium2/poly.c:249]   --->   Operation 49 'getelementptr' 'h_vec_coeffs_addr' <Predicate = (!icmp_ln392)> <Delay = 0.00>
ST_2 : Operation 50 [1/1] (0.00ns)   --->   "%specloopname_ln245 = specloopname void @_ssdm_op_SpecLoopName, void @empty_43" [dilithium2/poly.c:245]   --->   Operation 50 'specloopname' 'specloopname_ln245' <Predicate = (!icmp_ln392)> <Delay = 0.00>
ST_2 : Operation 51 [1/2] (2.77ns)   --->   "%w0_vec_coeffs_load = load i10 %w0_vec_coeffs_addr" [dilithium2/poly.c:249]   --->   Operation 51 'load' 'w0_vec_coeffs_load' <Predicate = (!icmp_ln392)> <Delay = 2.77> <CoreInst = "RAM">   --->   Core 82 'RAM' <Latency = 1> <II = 1> <Delay = 2.77> <Storage> <Opcode : 'load' 'store'> <Ports = 2> <Width = 32> <Depth = 1024> <RAM>
ST_2 : Operation 52 [1/2] (2.77ns)   --->   "%w1_vec_coeffs_load = load i10 %w1_vec_coeffs_addr" [dilithium2/poly.c:249]   --->   Operation 52 'load' 'w1_vec_coeffs_load' <Predicate = (!icmp_ln392)> <Delay = 2.77> <CoreInst = "RAM">   --->   Core 82 'RAM' <Latency = 1> <II = 1> <Delay = 2.77> <Storage> <Opcode : 'load' 'store'> <Ports = 2> <Width = 32> <Depth = 1024> <RAM>
ST_2 : Operation 53 [1/1] (2.11ns)   --->   "%icmp_ln69 = icmp_slt  i32 %w0_vec_coeffs_load, i32 95233" [dilithium2/rounding.c:69]   --->   Operation 53 'icmp' 'icmp_ln69' <Predicate = (!icmp_ln392)> <Delay = 2.11> <CoreInst = "Cmp">   --->   Core 9 'Cmp' <Latency = 0> <II = 1> <Delay = 2.11> <FuncUnit> <Opcode : 'icmp'> <InPorts = 2> <OutPorts = 1>
ST_2 : Operation 54 [1/1] (2.11ns)   --->   "%icmp_ln69_1 = icmp_sgt  i32 %w0_vec_coeffs_load, i32 8285185" [dilithium2/rounding.c:69]   --->   Operation 54 'icmp' 'icmp_ln69_1' <Predicate = (!icmp_ln392)> <Delay = 2.11> <CoreInst = "Cmp">   --->   Core 9 'Cmp' <Latency = 0> <II = 1> <Delay = 2.11> <FuncUnit> <Opcode : 'icmp'> <InPorts = 2> <OutPorts = 1>
ST_2 : Operation 55 [1/1] (2.11ns)   --->   "%icmp_ln69_2 = icmp_eq  i32 %w0_vec_coeffs_load, i32 8285185" [dilithium2/rounding.c:69]   --->   Operation 55 'icmp' 'icmp_ln69_2' <Predicate = (!icmp_ln392)> <Delay = 2.11> <CoreInst = "Cmp">   --->   Core 9 'Cmp' <Latency = 0> <II = 1> <Delay = 2.11> <FuncUnit> <Opcode : 'icmp'> <InPorts = 2> <OutPorts = 1>
ST_2 : Operation 56 [1/1] (2.11ns)   --->   "%icmp_ln69_3 = icmp_eq  i32 %w1_vec_coeffs_load, i32 0" [dilithium2/rounding.c:69]   --->   Operation 56 'icmp' 'icmp_ln69_3' <Predicate = (!icmp_ln392)> <Delay = 2.11> <CoreInst = "Cmp">   --->   Core 9 'Cmp' <Latency = 0> <II = 1> <Delay = 2.11> <FuncUnit> <Opcode : 'icmp'> <InPorts = 2> <OutPorts = 1>
ST_2 : Operation 57 [1/1] (0.00ns) (grouped into LUT with out node xor_ln69)   --->   "%and_ln69 = and i1 %icmp_ln69_2, i1 %icmp_ln69_3" [dilithium2/rounding.c:69]   --->   Operation 57 'and' 'and_ln69' <Predicate = (!icmp_ln392)> <Delay = 0.00> <CoreInst = "LogicGate">   --->   Core 74 'LogicGate' <Latency = 0> <II = 1> <Delay = 0.80> <FuncUnit> <Opcode : 'and' 'or' 'xor'> <InPorts = 2> <OutPorts = 1>
ST_2 : Operation 58 [1/1] (0.00ns) (grouped into LUT with out node xor_ln69)   --->   "%or_ln69 = or i1 %icmp_ln69, i1 %icmp_ln69_1" [dilithium2/rounding.c:69]   --->   Operation 58 'or' 'or_ln69' <Predicate = (!icmp_ln392)> <Delay = 0.00> <CoreInst = "LogicGate">   --->   Core 74 'LogicGate' <Latency = 0> <II = 1> <Delay = 0.80> <FuncUnit> <Opcode : 'and' 'or' 'xor'> <InPorts = 2> <OutPorts = 1>
ST_2 : Operation 59 [1/1] (0.00ns) (grouped into LUT with out node xor_ln69)   --->   "%or_ln69_1 = or i1 %or_ln69, i1 %and_ln69" [dilithium2/rounding.c:69]   --->   Operation 59 'or' 'or_ln69_1' <Predicate = (!icmp_ln392)> <Delay = 0.00> <CoreInst = "LogicGate">   --->   Core 74 'LogicGate' <Latency = 0> <II = 1> <Delay = 0.80> <FuncUnit> <Opcode : 'and' 'or' 'xor'> <InPorts = 2> <OutPorts = 1>
ST_2 : Operation 60 [1/1] (0.80ns) (out node of the LUT)   --->   "%xor_ln69 = xor i1 %or_ln69_1, i1 1" [dilithium2/rounding.c:69]   --->   Operation 60 'xor' 'xor_ln69' <Predicate = (!icmp_ln392)> <Delay = 0.80> <CoreInst = "LogicGate">   --->   Core 74 'LogicGate' <Latency = 0> <II = 1> <Delay = 0.80> <FuncUnit> <Opcode : 'and' 'or' 'xor'> <InPorts = 2> <OutPorts = 1>
ST_2 : Operation 61 [1/1] (0.00ns)   --->   "%zext_ln249 = zext i1 %xor_ln69" [dilithium2/poly.c:249]   --->   Operation 61 'zext' 'zext_ln249' <Predicate = (!icmp_ln392)> <Delay = 0.00>
ST_2 : Operation 62 [1/1] (0.00ns) (grouped into LUT with out node s_5)   --->   "%zext_ln249_1 = zext i1 %xor_ln69" [dilithium2/poly.c:249]   --->   Operation 62 'zext' 'zext_ln249_1' <Predicate = (!icmp_ln392)> <Delay = 0.00>
ST_2 : Operation 63 [1/1] (2.77ns)   --->   "%store_ln249 = store i32 %zext_ln249, i10 %h_vec_coeffs_addr" [dilithium2/poly.c:249]   --->   Operation 63 'store' 'store_ln249' <Predicate = (!icmp_ln392)> <Delay = 2.77> <CoreInst = "RAM">   --->   Core 82 'RAM' <Latency = 1> <II = 1> <Delay = 2.77> <Storage> <Opcode : 'load' 'store'> <Ports = 2> <Width = 32> <Depth = 1024> <RAM>
ST_2 : Operation 64 [1/1] (1.73ns) (out node of the LUT)   --->   "%s_5 = add i9 %zext_ln249_1, i9 %select_ln392_1" [dilithium2/poly.c:250]   --->   Operation 64 'add' 's_5' <Predicate = (!icmp_ln392)> <Delay = 1.73> <CoreInst = "Adder">   --->   Core 1 'Adder' <Latency = 0> <II = 1> <Delay = 1.73> <FuncUnit> <Opcode : 'add' 'sub'> <InPorts = 2> <OutPorts = 1>
ST_2 : Operation 65 [1/1] (1.32ns)   --->   "%store_ln248 = store i11 %select_ln392_3, i11 %s" [dilithium2/poly.c:248]   --->   Operation 65 'store' 'store_ln248' <Predicate = (!icmp_ln392)> <Delay = 1.32>
ST_2 : Operation 66 [1/1] (1.32ns)   --->   "%store_ln248 = store i9 %s_5, i9 %s_1" [dilithium2/poly.c:248]   --->   Operation 66 'store' 'store_ln248' <Predicate = (!icmp_ln392)> <Delay = 1.32>
ST_2 : Operation 67 [1/1] (0.00ns)   --->   "%br_ln248 = br void %for.inc.i.i656" [dilithium2/poly.c:248]   --->   Operation 67 'br' 'br_ln248' <Predicate = (!icmp_ln392)> <Delay = 0.00>
ST_2 : Operation 68 [1/1] (0.00ns)   --->   "%write_ln393 = write void @_ssdm_op_Write.ap_auto.i11P0A, i11 %s_4_out, i11 %s_3" [dilithium2/polyvec.c:393]   --->   Operation 68 'write' 'write_ln393' <Predicate = (icmp_ln392)> <Delay = 0.00>
ST_2 : Operation 69 [1/1] (0.00ns)   --->   "%ret_ln0 = ret"   --->   Operation 69 'ret' 'ret_ln0' <Predicate = (icmp_ln392)> <Delay = 0.00>


============================================================
+ Verbose Summary: Binding
============================================================
STG Binding: 
---------------- STG Properties BEGIN ----------------
- Is combinational: 0
- Is one-state seq: 0
- Is datapath-only: 0
- Is pipelined: 0
- Is top level: 0
Port [ Return ] is wired: 1; IO mode=ap_ctrl_hs:ce=0
Port [ w1_vec_coeffs]:  wired=1; compound=1; hidden=0; nouse=0; global=0; static=0; extern=0; dir=0; type=1; pingpong=0; private_global=0; MemPort=[13]; IO mode=ap_memory:ce=0
Port [ w0_vec_coeffs]:  wired=1; compound=1; hidden=0; nouse=0; global=0; static=0; extern=0; dir=0; type=1; pingpong=0; private_global=0; MemPort=[13]; IO mode=ap_memory:ce=0
Port [ h_vec_coeffs]:  wired=1; compound=1; hidden=0; nouse=0; global=0; static=0; extern=0; dir=1; type=1; pingpong=0; private_global=0; MemPort=[03]; IO mode=ap_memory:ce=0
Port [ s_4_out]:  wired=1; compound=0; hidden=0; nouse=0; global=0; static=0; extern=0; dir=1; type=0; pingpong=0; private_global=0; IO mode=ap_vld:ce=0
---------------- STG Properties END ------------------

---------------- Datapath Model BEGIN ----------------

<LifeTime>
<method=bitvector/>
s_1                    (alloca           ) [ 011]
i                      (alloca           ) [ 010]
s                      (alloca           ) [ 011]
i_10                   (alloca           ) [ 010]
indvar_flatten146      (alloca           ) [ 010]
store_ln0              (store            ) [ 000]
store_ln0              (store            ) [ 000]
store_ln0              (store            ) [ 000]
store_ln0              (store            ) [ 000]
store_ln0              (store            ) [ 000]
br_ln0                 (br               ) [ 000]
indvar_flatten146_load (load             ) [ 000]
icmp_ln392             (icmp             ) [ 011]
add_ln392_1            (add              ) [ 000]
br_ln392               (br               ) [ 000]
i_load                 (load             ) [ 000]
i_10_load              (load             ) [ 000]
add_ln392              (add              ) [ 000]
icmp_ln248             (icmp             ) [ 011]
select_ln392           (select           ) [ 000]
select_ln392_2         (select           ) [ 000]
trunc_ln249            (trunc            ) [ 000]
tmp_s                  (bitconcatenate   ) [ 000]
zext_ln249_2           (zext             ) [ 000]
add_ln249              (add              ) [ 000]
zext_ln249_3           (zext             ) [ 011]
w1_vec_coeffs_addr     (getelementptr    ) [ 011]
w0_vec_coeffs_addr     (getelementptr    ) [ 011]
add_ln248              (add              ) [ 000]
store_ln248            (store            ) [ 000]
store_ln248            (store            ) [ 000]
store_ln248            (store            ) [ 000]
s_4                    (load             ) [ 000]
s_2                    (load             ) [ 000]
s_2_cast               (zext             ) [ 000]
specpipeline_ln0       (specpipeline     ) [ 000]
s_3                    (add              ) [ 000]
specloopname_ln0       (specloopname     ) [ 000]
empty                  (speclooptripcount) [ 000]
select_ln392_1         (select           ) [ 000]
specpipeline_ln0       (specpipeline     ) [ 000]
select_ln392_3         (select           ) [ 000]
h_vec_coeffs_addr      (getelementptr    ) [ 000]
specloopname_ln245     (specloopname     ) [ 000]
w0_vec_coeffs_load     (load             ) [ 000]
w1_vec_coeffs_load     (load             ) [ 000]
icmp_ln69              (icmp             ) [ 000]
icmp_ln69_1            (icmp             ) [ 000]
icmp_ln69_2            (icmp             ) [ 000]
icmp_ln69_3            (icmp             ) [ 000]
and_ln69               (and              ) [ 000]
or_ln69                (or               ) [ 000]
or_ln69_1              (or               ) [ 000]
xor_ln69               (xor              ) [ 000]
zext_ln249             (zext             ) [ 000]
zext_ln249_1           (zext             ) [ 000]
store_ln249            (store            ) [ 000]
s_5                    (add              ) [ 000]
store_ln248            (store            ) [ 000]
store_ln248            (store            ) [ 000]
br_ln248               (br               ) [ 000]
write_ln393            (write            ) [ 000]
ret_ln0                (ret              ) [ 000]
</LifeTime>

<model>

<comp_list>
<comp id="0" class="1000" name="w1_vec_coeffs">
<pin_list>
<pin id="1" dir="1" index="0" bw="1" slack="0"/>
</pin_list>
<bind>
<StgValue><ssdm name="w1_vec_coeffs"/><MemPortTyVec>1 3 </MemPortTyVec>
</StgValue>
</bind>
</comp>

<comp id="2" class="1000" name="w0_vec_coeffs">
<pin_list>
<pin id="3" dir="1" index="0" bw="1" slack="0"/>
</pin_list>
<bind>
<StgValue><ssdm name="w0_vec_coeffs"/><MemPortTyVec>1 3 </MemPortTyVec>
</StgValue>
</bind>
</comp>

<comp id="4" class="1000" name="h_vec_coeffs">
<pin_list>
<pin id="5" dir="1" index="0" bw="1" slack="0"/>
</pin_list>
<bind>
<StgValue><ssdm name="h_vec_coeffs"/><MemPortTyVec>0 3 </MemPortTyVec>
</StgValue>
</bind>
</comp>

<comp id="6" class="1000" name="s_4_out">
<pin_list>
<pin id="7" dir="1" index="0" bw="1" slack="0"/>
</pin_list>
<bind>
<StgValue><ssdm name="s_4_out"/></StgValue>
</bind>
</comp>

<comp id="8" class="1001" name="const_8">
<pin_list>
<pin id="9" dir="1" index="0" bw="1" slack="0"/>
</pin_list>
<bind>
<StgValue><ssdm name=""/></StgValue>
</bind>
</comp>

<comp id="10" class="1001" name="const_10">
<pin_list>
<pin id="11" dir="1" index="0" bw="1" slack="0"/>
</pin_list>
<bind>
<StgValue><ssdm name=""/></StgValue>
</bind>
</comp>

<comp id="12" class="1001" name="const_12">
<pin_list>
<pin id="13" dir="1" index="0" bw="1" slack="0"/>
</pin_list>
<bind>
<StgValue><ssdm name=""/></StgValue>
</bind>
</comp>

<comp id="14" class="1001" name="const_14">
<pin_list>
<pin id="15" dir="1" index="0" bw="1" slack="0"/>
</pin_list>
<bind>
<StgValue><ssdm name=""/></StgValue>
</bind>
</comp>

<comp id="16" class="1001" name="const_16">
<pin_list>
<pin id="17" dir="1" index="0" bw="1" slack="0"/>
</pin_list>
<bind>
<StgValue><ssdm name=""/></StgValue>
</bind>
</comp>

<comp id="18" class="1001" name="const_18">
<pin_list>
<pin id="19" dir="1" index="0" bw="1" slack="0"/>
</pin_list>
<bind>
<StgValue><ssdm name=""/></StgValue>
</bind>
</comp>

<comp id="20" class="1001" name="const_20">
<pin_list>
<pin id="21" dir="1" index="0" bw="1" slack="0"/>
</pin_list>
<bind>
<StgValue><ssdm name=""/></StgValue>
</bind>
</comp>

<comp id="22" class="1001" name="const_22">
<pin_list>
<pin id="23" dir="1" index="0" bw="1" slack="0"/>
</pin_list>
<bind>
<StgValue><ssdm name=""/></StgValue>
</bind>
</comp>

<comp id="24" class="1001" name="const_24">
<pin_list>
<pin id="25" dir="1" index="0" bw="1" slack="0"/>
</pin_list>
<bind>
<StgValue><ssdm name="_ssdm_op_BitConcatenate.i10.i2.i8"/></StgValue>
</bind>
</comp>

<comp id="26" class="1001" name="const_26">
<pin_list>
<pin id="27" dir="1" index="0" bw="1" slack="0"/>
</pin_list>
<bind>
<StgValue><ssdm name=""/></StgValue>
</bind>
</comp>

<comp id="28" class="1001" name="const_28">
<pin_list>
<pin id="29" dir="1" index="0" bw="1" slack="0"/>
</pin_list>
<bind>
<StgValue><ssdm name=""/></StgValue>
</bind>
</comp>

<comp id="30" class="1001" name="const_30">
<pin_list>
<pin id="31" dir="1" index="0" bw="1" slack="0"/>
</pin_list>
<bind>
<StgValue><ssdm name=""/></StgValue>
</bind>
</comp>

<comp id="32" class="1001" name="const_32">
<pin_list>
<pin id="33" dir="1" index="0" bw="1" slack="2147483647"/>
</pin_list>
<bind>
<StgValue><ssdm name="_ssdm_op_SpecPipeline"/></StgValue>
</bind>
</comp>

<comp id="34" class="1001" name="const_34">
<pin_list>
<pin id="35" dir="1" index="0" bw="1" slack="2147483647"/>
</pin_list>
<bind>
<StgValue><ssdm name=""/></StgValue>
</bind>
</comp>

<comp id="36" class="1001" name="const_36">
<pin_list>
<pin id="37" dir="1" index="0" bw="1" slack="0"/>
</pin_list>
<bind>
<StgValue><ssdm name=""/></StgValue>
</bind>
</comp>

<comp id="38" class="1001" name="const_38">
<pin_list>
<pin id="39" dir="1" index="0" bw="1" slack="2147483647"/>
</pin_list>
<bind>
<StgValue><ssdm name="p_str"/></StgValue>
</bind>
</comp>

<comp id="40" class="1001" name="const_40">
<pin_list>
<pin id="41" dir="1" index="0" bw="1" slack="2147483647"/>
</pin_list>
<bind>
<StgValue><ssdm name="_ssdm_op_SpecLoopName"/></StgValue>
</bind>
</comp>

<comp id="42" class="1001" name="const_42">
<pin_list>
<pin id="43" dir="1" index="0" bw="1" slack="2147483647"/>
</pin_list>
<bind>
<StgValue><ssdm name="VITIS_LOOP_392_1_VITIS_LOOP_248_1_str"/></StgValue>
</bind>
</comp>

<comp id="44" class="1001" name="const_44">
<pin_list>
<pin id="45" dir="1" index="0" bw="1" slack="2147483647"/>
</pin_list>
<bind>
<StgValue><ssdm name="_ssdm_op_SpecLoopTripCount"/></StgValue>
</bind>
</comp>

<comp id="46" class="1001" name="const_46">
<pin_list>
<pin id="47" dir="1" index="0" bw="1" slack="2147483647"/>
</pin_list>
<bind>
<StgValue><ssdm name=""/></StgValue>
</bind>
</comp>

<comp id="48" class="1001" name="const_48">
<pin_list>
<pin id="49" dir="1" index="0" bw="1" slack="2147483647"/>
</pin_list>
<bind>
<StgValue><ssdm name="empty_43"/></StgValue>
</bind>
</comp>

<comp id="50" class="1001" name="const_50">
<pin_list>
<pin id="51" dir="1" index="0" bw="1" slack="0"/>
</pin_list>
<bind>
<StgValue><ssdm name=""/></StgValue>
</bind>
</comp>

<comp id="52" class="1001" name="const_52">
<pin_list>
<pin id="53" dir="1" index="0" bw="1" slack="0"/>
</pin_list>
<bind>
<StgValue><ssdm name=""/></StgValue>
</bind>
</comp>

<comp id="54" class="1001" name="const_54">
<pin_list>
<pin id="55" dir="1" index="0" bw="1" slack="0"/>
</pin_list>
<bind>
<StgValue><ssdm name=""/></StgValue>
</bind>
</comp>

<comp id="56" class="1001" name="const_56">
<pin_list>
<pin id="57" dir="1" index="0" bw="1" slack="0"/>
</pin_list>
<bind>
<StgValue><ssdm name="_ssdm_op_Write.ap_auto.i11P0A"/></StgValue>
</bind>
</comp>

<comp id="58" class="1004" name="s_1_fu_58">
<pin_list>
<pin id="59" dir="0" index="0" bw="1" slack="0"/>
<pin id="60" dir="1" index="1" bw="9" slack="0"/>
</pin_list>
<bind>
<opcode="alloca(26) " fcode="alloca"/>
<opset="s_1/1 "/>
</bind>
</comp>

<comp id="62" class="1004" name="i_fu_62">
<pin_list>
<pin id="63" dir="0" index="0" bw="1" slack="0"/>
<pin id="64" dir="1" index="1" bw="9" slack="0"/>
</pin_list>
<bind>
<opcode="alloca(26) " fcode="alloca"/>
<opset="i/1 "/>
</bind>
</comp>

<comp id="66" class="1004" name="s_fu_66">
<pin_list>
<pin id="67" dir="0" index="0" bw="1" slack="0"/>
<pin id="68" dir="1" index="1" bw="11" slack="0"/>
</pin_list>
<bind>
<opcode="alloca(26) " fcode="alloca"/>
<opset="s/1 "/>
</bind>
</comp>

<comp id="70" class="1004" name="i_10_fu_70">
<pin_list>
<pin id="71" dir="0" index="0" bw="1" slack="0"/>
<pin id="72" dir="1" index="1" bw="3" slack="0"/>
</pin_list>
<bind>
<opcode="alloca(26) " fcode="alloca"/>
<opset="i_10/1 "/>
</bind>
</comp>

<comp id="74" class="1004" name="indvar_flatten146_fu_74">
<pin_list>
<pin id="75" dir="0" index="0" bw="1" slack="0"/>
<pin id="76" dir="1" index="1" bw="11" slack="0"/>
</pin_list>
<bind>
<opcode="alloca(26) " fcode="alloca"/>
<opset="indvar_flatten146/1 "/>
</bind>
</comp>

<comp id="78" class="1004" name="write_ln393_write_fu_78">
<pin_list>
<pin id="79" dir="0" index="0" bw="0" slack="0"/>
<pin id="80" dir="0" index="1" bw="11" slack="0"/>
<pin id="81" dir="0" index="2" bw="11" slack="0"/>
<pin id="82" dir="1" index="3" bw="0" slack="2147483647"/>
</pin_list>
<bind>
<opcode="write(1151) " fcode="write"/>
<opset="write_ln393/2 "/>
</bind>
</comp>

<comp id="85" class="1004" name="w1_vec_coeffs_addr_gep_fu_85">
<pin_list>
<pin id="86" dir="0" index="0" bw="32" slack="0"/>
<pin id="87" dir="0" index="1" bw="1" slack="0"/>
<pin id="88" dir="0" index="2" bw="10" slack="0"/>
<pin id="89" dir="1" index="3" bw="10" slack="0"/>
</pin_list>
<bind>
<opcode="getelementptr(29) " fcode="getelementptr"/>
<opset="w1_vec_coeffs_addr/1 "/>
</bind>
</comp>

<comp id="92" class="1004" name="w0_vec_coeffs_addr_gep_fu_92">
<pin_list>
<pin id="93" dir="0" index="0" bw="32" slack="0"/>
<pin id="94" dir="0" index="1" bw="1" slack="0"/>
<pin id="95" dir="0" index="2" bw="10" slack="0"/>
<pin id="96" dir="1" index="3" bw="10" slack="0"/>
</pin_list>
<bind>
<opcode="getelementptr(29) " fcode="getelementptr"/>
<opset="w0_vec_coeffs_addr/1 "/>
</bind>
</comp>

<comp id="99" class="1004" name="grp_access_fu_99">
<pin_list>
<pin id="100" dir="0" index="0" bw="10" slack="0"/>
<pin id="101" dir="0" index="1" bw="32" slack="2147483647"/>
<pin id="102" dir="0" index="2" bw="0" slack="2147483647"/>
<pin id="103" dir="1" index="3" bw="32" slack="0"/>
</pin_list>
<bind>
<opcode="load(27) " fcode="load"/>
<opset="w0_vec_coeffs_load/1 "/>
</bind>
</comp>

<comp id="105" class="1004" name="grp_access_fu_105">
<pin_list>
<pin id="106" dir="0" index="0" bw="10" slack="0"/>
<pin id="107" dir="0" index="1" bw="32" slack="2147483647"/>
<pin id="108" dir="0" index="2" bw="0" slack="2147483647"/>
<pin id="109" dir="1" index="3" bw="32" slack="0"/>
</pin_list>
<bind>
<opcode="load(27) " fcode="load"/>
<opset="w1_vec_coeffs_load/1 "/>
</bind>
</comp>

<comp id="111" class="1004" name="h_vec_coeffs_addr_gep_fu_111">
<pin_list>
<pin id="112" dir="0" index="0" bw="32" slack="0"/>
<pin id="113" dir="0" index="1" bw="1" slack="0"/>
<pin id="114" dir="0" index="2" bw="10" slack="1"/>
<pin id="115" dir="1" index="3" bw="10" slack="0"/>
</pin_list>
<bind>
<opcode="getelementptr(29) " fcode="getelementptr"/>
<opset="h_vec_coeffs_addr/2 "/>
</bind>
</comp>

<comp id="118" class="1004" name="store_ln249_access_fu_118">
<pin_list>
<pin id="119" dir="0" index="0" bw="10" slack="0"/>
<pin id="120" dir="0" index="1" bw="32" slack="0"/>
<pin id="121" dir="0" index="2" bw="0" slack="2147483647"/>
<pin id="122" dir="1" index="3" bw="32" slack="2147483647"/>
</pin_list>
<bind>
<opcode="store(28) " fcode="store"/>
<opset="store_ln249/2 "/>
</bind>
</comp>

<comp id="124" class="1004" name="store_ln0_store_fu_124">
<pin_list>
<pin id="125" dir="0" index="0" bw="1" slack="0"/>
<pin id="126" dir="0" index="1" bw="11" slack="0"/>
<pin id="127" dir="1" index="2" bw="0" slack="2147483647"/>
</pin_list>
<bind>
<opcode="store(28) " fcode="store"/>
<opset="store_ln0/1 "/>
</bind>
</comp>

<comp id="129" class="1004" name="store_ln0_store_fu_129">
<pin_list>
<pin id="130" dir="0" index="0" bw="1" slack="0"/>
<pin id="131" dir="0" index="1" bw="3" slack="0"/>
<pin id="132" dir="1" index="2" bw="0" slack="2147483647"/>
</pin_list>
<bind>
<opcode="store(28) " fcode="store"/>
<opset="store_ln0/1 "/>
</bind>
</comp>

<comp id="134" class="1004" name="store_ln0_store_fu_134">
<pin_list>
<pin id="135" dir="0" index="0" bw="1" slack="0"/>
<pin id="136" dir="0" index="1" bw="11" slack="0"/>
<pin id="137" dir="1" index="2" bw="0" slack="2147483647"/>
</pin_list>
<bind>
<opcode="store(28) " fcode="store"/>
<opset="store_ln0/1 "/>
</bind>
</comp>

<comp id="139" class="1004" name="store_ln0_store_fu_139">
<pin_list>
<pin id="140" dir="0" index="0" bw="1" slack="0"/>
<pin id="141" dir="0" index="1" bw="9" slack="0"/>
<pin id="142" dir="1" index="2" bw="0" slack="2147483647"/>
</pin_list>
<bind>
<opcode="store(28) " fcode="store"/>
<opset="store_ln0/1 "/>
</bind>
</comp>

<comp id="144" class="1004" name="store_ln0_store_fu_144">
<pin_list>
<pin id="145" dir="0" index="0" bw="1" slack="0"/>
<pin id="146" dir="0" index="1" bw="9" slack="0"/>
<pin id="147" dir="1" index="2" bw="0" slack="2147483647"/>
</pin_list>
<bind>
<opcode="store(28) " fcode="store"/>
<opset="store_ln0/1 "/>
</bind>
</comp>

<comp id="149" class="1004" name="indvar_flatten146_load_load_fu_149">
<pin_list>
<pin id="150" dir="0" index="0" bw="11" slack="0"/>
<pin id="151" dir="1" index="1" bw="11" slack="0"/>
</pin_list>
<bind>
<opcode="load(27) " fcode="load"/>
<opset="indvar_flatten146_load/1 "/>
</bind>
</comp>

<comp id="152" class="1004" name="icmp_ln392_fu_152">
<pin_list>
<pin id="153" dir="0" index="0" bw="11" slack="0"/>
<pin id="154" dir="0" index="1" bw="11" slack="0"/>
<pin id="155" dir="1" index="2" bw="1" slack="1"/>
</pin_list>
<bind>
<opcode="icmp(45) " fcode="icmp"/>
<opset="icmp_ln392/1 "/>
</bind>
</comp>

<comp id="158" class="1004" name="add_ln392_1_fu_158">
<pin_list>
<pin id="159" dir="0" index="0" bw="11" slack="0"/>
<pin id="160" dir="0" index="1" bw="1" slack="0"/>
<pin id="161" dir="1" index="2" bw="11" slack="0"/>
</pin_list>
<bind>
<opcode="add(8) " fcode="add"/>
<opset="add_ln392_1/1 "/>
</bind>
</comp>

<comp id="164" class="1004" name="i_load_load_fu_164">
<pin_list>
<pin id="165" dir="0" index="0" bw="9" slack="0"/>
<pin id="166" dir="1" index="1" bw="9" slack="0"/>
</pin_list>
<bind>
<opcode="load(27) " fcode="load"/>
<opset="i_load/1 "/>
</bind>
</comp>

<comp id="167" class="1004" name="i_10_load_load_fu_167">
<pin_list>
<pin id="168" dir="0" index="0" bw="3" slack="0"/>
<pin id="169" dir="1" index="1" bw="3" slack="0"/>
</pin_list>
<bind>
<opcode="load(27) " fcode="load"/>
<opset="i_10_load/1 "/>
</bind>
</comp>

<comp id="170" class="1004" name="add_ln392_fu_170">
<pin_list>
<pin id="171" dir="0" index="0" bw="3" slack="0"/>
<pin id="172" dir="0" index="1" bw="1" slack="0"/>
<pin id="173" dir="1" index="2" bw="3" slack="0"/>
</pin_list>
<bind>
<opcode="add(8) " fcode="add"/>
<opset="add_ln392/1 "/>
</bind>
</comp>

<comp id="176" class="1004" name="icmp_ln248_fu_176">
<pin_list>
<pin id="177" dir="0" index="0" bw="9" slack="0"/>
<pin id="178" dir="0" index="1" bw="9" slack="0"/>
<pin id="179" dir="1" index="2" bw="1" slack="0"/>
</pin_list>
<bind>
<opcode="icmp(45) " fcode="icmp"/>
<opset="icmp_ln248/1 "/>
</bind>
</comp>

<comp id="182" class="1004" name="select_ln392_fu_182">
<pin_list>
<pin id="183" dir="0" index="0" bw="1" slack="0"/>
<pin id="184" dir="0" index="1" bw="1" slack="0"/>
<pin id="185" dir="0" index="2" bw="9" slack="0"/>
<pin id="186" dir="1" index="3" bw="9" slack="0"/>
</pin_list>
<bind>
<opcode="select(49) " fcode="select"/>
<opset="select_ln392/1 "/>
</bind>
</comp>

<comp id="190" class="1004" name="select_ln392_2_fu_190">
<pin_list>
<pin id="191" dir="0" index="0" bw="1" slack="0"/>
<pin id="192" dir="0" index="1" bw="3" slack="0"/>
<pin id="193" dir="0" index="2" bw="3" slack="0"/>
<pin id="194" dir="1" index="3" bw="3" slack="0"/>
</pin_list>
<bind>
<opcode="select(49) " fcode="select"/>
<opset="select_ln392_2/1 "/>
</bind>
</comp>

<comp id="198" class="1004" name="trunc_ln249_fu_198">
<pin_list>
<pin id="199" dir="0" index="0" bw="3" slack="0"/>
<pin id="200" dir="1" index="1" bw="2" slack="0"/>
</pin_list>
<bind>
<opcode="trunc(33) " fcode="trunc"/>
<opset="trunc_ln249/1 "/>
</bind>
</comp>

<comp id="202" class="1004" name="tmp_s_fu_202">
<pin_list>
<pin id="203" dir="0" index="0" bw="10" slack="0"/>
<pin id="204" dir="0" index="1" bw="2" slack="0"/>
<pin id="205" dir="0" index="2" bw="1" slack="0"/>
<pin id="206" dir="1" index="3" bw="10" slack="0"/>
</pin_list>
<bind>
<opcode="bitconcatenate(1004) " fcode="bitconcatenate"/>
<opset="tmp_s/1 "/>
</bind>
</comp>

<comp id="210" class="1004" name="zext_ln249_2_fu_210">
<pin_list>
<pin id="211" dir="0" index="0" bw="9" slack="0"/>
<pin id="212" dir="1" index="1" bw="10" slack="0"/>
</pin_list>
<bind>
<opcode="zext(34) " fcode="zext"/>
<opset="zext_ln249_2/1 "/>
</bind>
</comp>

<comp id="214" class="1004" name="add_ln249_fu_214">
<pin_list>
<pin id="215" dir="0" index="0" bw="10" slack="0"/>
<pin id="216" dir="0" index="1" bw="9" slack="0"/>
<pin id="217" dir="1" index="2" bw="10" slack="0"/>
</pin_list>
<bind>
<opcode="add(8) " fcode="add"/>
<opset="add_ln249/1 "/>
</bind>
</comp>

<comp id="220" class="1004" name="zext_ln249_3_fu_220">
<pin_list>
<pin id="221" dir="0" index="0" bw="10" slack="0"/>
<pin id="222" dir="1" index="1" bw="64" slack="0"/>
</pin_list>
<bind>
<opcode="zext(34) " fcode="zext"/>
<opset="zext_ln249_3/1 "/>
</bind>
</comp>

<comp id="226" class="1004" name="add_ln248_fu_226">
<pin_list>
<pin id="227" dir="0" index="0" bw="9" slack="0"/>
<pin id="228" dir="0" index="1" bw="1" slack="0"/>
<pin id="229" dir="1" index="2" bw="9" slack="0"/>
</pin_list>
<bind>
<opcode="add(8) " fcode="add"/>
<opset="add_ln248/1 "/>
</bind>
</comp>

<comp id="232" class="1004" name="store_ln248_store_fu_232">
<pin_list>
<pin id="233" dir="0" index="0" bw="11" slack="0"/>
<pin id="234" dir="0" index="1" bw="11" slack="0"/>
<pin id="235" dir="1" index="2" bw="0" slack="2147483647"/>
</pin_list>
<bind>
<opcode="store(28) " fcode="store"/>
<opset="store_ln248/1 "/>
</bind>
</comp>

<comp id="237" class="1004" name="store_ln248_store_fu_237">
<pin_list>
<pin id="238" dir="0" index="0" bw="3" slack="0"/>
<pin id="239" dir="0" index="1" bw="3" slack="0"/>
<pin id="240" dir="1" index="2" bw="0" slack="2147483647"/>
</pin_list>
<bind>
<opcode="store(28) " fcode="store"/>
<opset="store_ln248/1 "/>
</bind>
</comp>

<comp id="242" class="1004" name="store_ln248_store_fu_242">
<pin_list>
<pin id="243" dir="0" index="0" bw="9" slack="0"/>
<pin id="244" dir="0" index="1" bw="9" slack="0"/>
<pin id="245" dir="1" index="2" bw="0" slack="2147483647"/>
</pin_list>
<bind>
<opcode="store(28) " fcode="store"/>
<opset="store_ln248/1 "/>
</bind>
</comp>

<comp id="247" class="1004" name="s_4_load_fu_247">
<pin_list>
<pin id="248" dir="0" index="0" bw="9" slack="1"/>
<pin id="249" dir="1" index="1" bw="9" slack="0"/>
</pin_list>
<bind>
<opcode="load(27) " fcode="load"/>
<opset="s_4/2 "/>
</bind>
</comp>

<comp id="250" class="1004" name="s_2_load_fu_250">
<pin_list>
<pin id="251" dir="0" index="0" bw="11" slack="1"/>
<pin id="252" dir="1" index="1" bw="11" slack="0"/>
</pin_list>
<bind>
<opcode="load(27) " fcode="load"/>
<opset="s_2/2 "/>
</bind>
</comp>

<comp id="253" class="1004" name="s_2_cast_fu_253">
<pin_list>
<pin id="254" dir="0" index="0" bw="9" slack="0"/>
<pin id="255" dir="1" index="1" bw="11" slack="0"/>
</pin_list>
<bind>
<opcode="zext(34) " fcode="zext"/>
<opset="s_2_cast/2 "/>
</bind>
</comp>

<comp id="257" class="1004" name="s_3_fu_257">
<pin_list>
<pin id="258" dir="0" index="0" bw="9" slack="0"/>
<pin id="259" dir="0" index="1" bw="11" slack="0"/>
<pin id="260" dir="1" index="2" bw="11" slack="0"/>
</pin_list>
<bind>
<opcode="add(8) " fcode="add"/>
<opset="s_3/2 "/>
</bind>
</comp>

<comp id="264" class="1004" name="select_ln392_1_fu_264">
<pin_list>
<pin id="265" dir="0" index="0" bw="1" slack="1"/>
<pin id="266" dir="0" index="1" bw="1" slack="0"/>
<pin id="267" dir="0" index="2" bw="9" slack="0"/>
<pin id="268" dir="1" index="3" bw="9" slack="0"/>
</pin_list>
<bind>
<opcode="select(49) " fcode="select"/>
<opset="select_ln392_1/2 "/>
</bind>
</comp>

<comp id="271" class="1004" name="select_ln392_3_fu_271">
<pin_list>
<pin id="272" dir="0" index="0" bw="1" slack="1"/>
<pin id="273" dir="0" index="1" bw="11" slack="0"/>
<pin id="274" dir="0" index="2" bw="11" slack="0"/>
<pin id="275" dir="1" index="3" bw="11" slack="0"/>
</pin_list>
<bind>
<opcode="select(49) " fcode="select"/>
<opset="select_ln392_3/2 "/>
</bind>
</comp>

<comp id="278" class="1004" name="icmp_ln69_fu_278">
<pin_list>
<pin id="279" dir="0" index="0" bw="32" slack="0"/>
<pin id="280" dir="0" index="1" bw="18" slack="0"/>
<pin id="281" dir="1" index="2" bw="1" slack="0"/>
</pin_list>
<bind>
<opcode="icmp(45) " fcode="icmp"/>
<opset="icmp_ln69/2 "/>
</bind>
</comp>

<comp id="284" class="1004" name="icmp_ln69_1_fu_284">
<pin_list>
<pin id="285" dir="0" index="0" bw="32" slack="0"/>
<pin id="286" dir="0" index="1" bw="24" slack="0"/>
<pin id="287" dir="1" index="2" bw="1" slack="0"/>
</pin_list>
<bind>
<opcode="icmp(45) " fcode="icmp"/>
<opset="icmp_ln69_1/2 "/>
</bind>
</comp>

<comp id="290" class="1004" name="icmp_ln69_2_fu_290">
<pin_list>
<pin id="291" dir="0" index="0" bw="32" slack="0"/>
<pin id="292" dir="0" index="1" bw="24" slack="0"/>
<pin id="293" dir="1" index="2" bw="1" slack="0"/>
</pin_list>
<bind>
<opcode="icmp(45) " fcode="icmp"/>
<opset="icmp_ln69_2/2 "/>
</bind>
</comp>

<comp id="296" class="1004" name="icmp_ln69_3_fu_296">
<pin_list>
<pin id="297" dir="0" index="0" bw="32" slack="0"/>
<pin id="298" dir="0" index="1" bw="1" slack="0"/>
<pin id="299" dir="1" index="2" bw="1" slack="0"/>
</pin_list>
<bind>
<opcode="icmp(45) " fcode="icmp"/>
<opset="icmp_ln69_3/2 "/>
</bind>
</comp>

<comp id="302" class="1004" name="and_ln69_fu_302">
<pin_list>
<pin id="303" dir="0" index="0" bw="1" slack="0"/>
<pin id="304" dir="0" index="1" bw="1" slack="0"/>
<pin id="305" dir="1" index="2" bw="1" slack="0"/>
</pin_list>
<bind>
<opcode="and(23) " fcode="and"/>
<opset="and_ln69/2 "/>
</bind>
</comp>

<comp id="308" class="1004" name="or_ln69_fu_308">
<pin_list>
<pin id="309" dir="0" index="0" bw="1" slack="0"/>
<pin id="310" dir="0" index="1" bw="1" slack="0"/>
<pin id="311" dir="1" index="2" bw="1" slack="0"/>
</pin_list>
<bind>
<opcode="or(24) " fcode="or"/>
<opset="or_ln69/2 "/>
</bind>
</comp>

<comp id="314" class="1004" name="or_ln69_1_fu_314">
<pin_list>
<pin id="315" dir="0" index="0" bw="1" slack="0"/>
<pin id="316" dir="0" index="1" bw="1" slack="0"/>
<pin id="317" dir="1" index="2" bw="1" slack="0"/>
</pin_list>
<bind>
<opcode="or(24) " fcode="or"/>
<opset="or_ln69_1/2 "/>
</bind>
</comp>

<comp id="320" class="1004" name="xor_ln69_fu_320">
<pin_list>
<pin id="321" dir="0" index="0" bw="1" slack="0"/>
<pin id="322" dir="0" index="1" bw="1" slack="0"/>
<pin id="323" dir="1" index="2" bw="1" slack="0"/>
</pin_list>
<bind>
<opcode="xor(25) " fcode="xor"/>
<opset="xor_ln69/2 "/>
</bind>
</comp>

<comp id="326" class="1004" name="zext_ln249_fu_326">
<pin_list>
<pin id="327" dir="0" index="0" bw="1" slack="0"/>
<pin id="328" dir="1" index="1" bw="32" slack="0"/>
</pin_list>
<bind>
<opcode="zext(34) " fcode="zext"/>
<opset="zext_ln249/2 "/>
</bind>
</comp>

<comp id="331" class="1004" name="zext_ln249_1_fu_331">
<pin_list>
<pin id="332" dir="0" index="0" bw="1" slack="0"/>
<pin id="333" dir="1" index="1" bw="9" slack="0"/>
</pin_list>
<bind>
<opcode="zext(34) " fcode="zext"/>
<opset="zext_ln249_1/2 "/>
</bind>
</comp>

<comp id="335" class="1004" name="s_5_fu_335">
<pin_list>
<pin id="336" dir="0" index="0" bw="1" slack="0"/>
<pin id="337" dir="0" index="1" bw="9" slack="0"/>
<pin id="338" dir="1" index="2" bw="9" slack="0"/>
</pin_list>
<bind>
<opcode="add(8) " fcode="add"/>
<opset="s_5/2 "/>
</bind>
</comp>

<comp id="341" class="1004" name="store_ln248_store_fu_341">
<pin_list>
<pin id="342" dir="0" index="0" bw="11" slack="0"/>
<pin id="343" dir="0" index="1" bw="11" slack="1"/>
<pin id="344" dir="1" index="2" bw="0" slack="2147483647"/>
</pin_list>
<bind>
<opcode="store(28) " fcode="store"/>
<opset="store_ln248/2 "/>
</bind>
</comp>

<comp id="346" class="1004" name="store_ln248_store_fu_346">
<pin_list>
<pin id="347" dir="0" index="0" bw="9" slack="0"/>
<pin id="348" dir="0" index="1" bw="9" slack="1"/>
<pin id="349" dir="1" index="2" bw="0" slack="2147483647"/>
</pin_list>
<bind>
<opcode="store(28) " fcode="store"/>
<opset="store_ln248/2 "/>
</bind>
</comp>

<comp id="351" class="1005" name="s_1_reg_351">
<pin_list>
<pin id="352" dir="0" index="0" bw="9" slack="0"/>
<pin id="353" dir="1" index="1" bw="9" slack="0"/>
</pin_list>
<bind>
<opset="s_1 "/>
</bind>
</comp>

<comp id="358" class="1005" name="i_reg_358">
<pin_list>
<pin id="359" dir="0" index="0" bw="9" slack="0"/>
<pin id="360" dir="1" index="1" bw="9" slack="0"/>
</pin_list>
<bind>
<opset="i "/>
</bind>
</comp>

<comp id="365" class="1005" name="s_reg_365">
<pin_list>
<pin id="366" dir="0" index="0" bw="11" slack="0"/>
<pin id="367" dir="1" index="1" bw="11" slack="0"/>
</pin_list>
<bind>
<opset="s "/>
</bind>
</comp>

<comp id="372" class="1005" name="i_10_reg_372">
<pin_list>
<pin id="373" dir="0" index="0" bw="3" slack="0"/>
<pin id="374" dir="1" index="1" bw="3" slack="0"/>
</pin_list>
<bind>
<opset="i_10 "/>
</bind>
</comp>

<comp id="379" class="1005" name="indvar_flatten146_reg_379">
<pin_list>
<pin id="380" dir="0" index="0" bw="11" slack="0"/>
<pin id="381" dir="1" index="1" bw="11" slack="0"/>
</pin_list>
<bind>
<opset="indvar_flatten146 "/>
</bind>
</comp>

<comp id="386" class="1005" name="icmp_ln392_reg_386">
<pin_list>
<pin id="387" dir="0" index="0" bw="1" slack="1"/>
<pin id="388" dir="1" index="1" bw="1" slack="2147483647"/>
</pin_list>
<bind>
<opset="icmp_ln392 "/>
</bind>
</comp>

<comp id="390" class="1005" name="icmp_ln248_reg_390">
<pin_list>
<pin id="391" dir="0" index="0" bw="1" slack="1"/>
<pin id="392" dir="1" index="1" bw="1" slack="1"/>
</pin_list>
<bind>
<opset="icmp_ln248 "/>
</bind>
</comp>

<comp id="396" class="1005" name="zext_ln249_3_reg_396">
<pin_list>
<pin id="397" dir="0" index="0" bw="64" slack="1"/>
<pin id="398" dir="1" index="1" bw="64" slack="1"/>
</pin_list>
<bind>
<opset="zext_ln249_3 "/>
</bind>
</comp>

<comp id="401" class="1005" name="w1_vec_coeffs_addr_reg_401">
<pin_list>
<pin id="402" dir="0" index="0" bw="10" slack="1"/>
<pin id="403" dir="1" index="1" bw="10" slack="1"/>
</pin_list>
<bind>
<opset="w1_vec_coeffs_addr "/>
</bind>
</comp>

<comp id="406" class="1005" name="w0_vec_coeffs_addr_reg_406">
<pin_list>
<pin id="407" dir="0" index="0" bw="10" slack="1"/>
<pin id="408" dir="1" index="1" bw="10" slack="1"/>
</pin_list>
<bind>
<opset="w0_vec_coeffs_addr "/>
</bind>
</comp>

</comp_list>

<net_list>
<net id="61"><net_src comp="8" pin="0"/><net_sink comp="58" pin=0"/></net>

<net id="65"><net_src comp="8" pin="0"/><net_sink comp="62" pin=0"/></net>

<net id="69"><net_src comp="8" pin="0"/><net_sink comp="66" pin=0"/></net>

<net id="73"><net_src comp="8" pin="0"/><net_sink comp="70" pin=0"/></net>

<net id="77"><net_src comp="8" pin="0"/><net_sink comp="74" pin=0"/></net>

<net id="83"><net_src comp="56" pin="0"/><net_sink comp="78" pin=0"/></net>

<net id="84"><net_src comp="6" pin="0"/><net_sink comp="78" pin=1"/></net>

<net id="90"><net_src comp="0" pin="0"/><net_sink comp="85" pin=0"/></net>

<net id="91"><net_src comp="28" pin="0"/><net_sink comp="85" pin=1"/></net>

<net id="97"><net_src comp="2" pin="0"/><net_sink comp="92" pin=0"/></net>

<net id="98"><net_src comp="28" pin="0"/><net_sink comp="92" pin=1"/></net>

<net id="104"><net_src comp="92" pin="3"/><net_sink comp="99" pin=0"/></net>

<net id="110"><net_src comp="85" pin="3"/><net_sink comp="105" pin=0"/></net>

<net id="116"><net_src comp="4" pin="0"/><net_sink comp="111" pin=0"/></net>

<net id="117"><net_src comp="28" pin="0"/><net_sink comp="111" pin=1"/></net>

<net id="123"><net_src comp="111" pin="3"/><net_sink comp="118" pin=0"/></net>

<net id="128"><net_src comp="10" pin="0"/><net_sink comp="124" pin=0"/></net>

<net id="133"><net_src comp="12" pin="0"/><net_sink comp="129" pin=0"/></net>

<net id="138"><net_src comp="10" pin="0"/><net_sink comp="134" pin=0"/></net>

<net id="143"><net_src comp="14" pin="0"/><net_sink comp="139" pin=0"/></net>

<net id="148"><net_src comp="14" pin="0"/><net_sink comp="144" pin=0"/></net>

<net id="156"><net_src comp="149" pin="1"/><net_sink comp="152" pin=0"/></net>

<net id="157"><net_src comp="16" pin="0"/><net_sink comp="152" pin=1"/></net>

<net id="162"><net_src comp="149" pin="1"/><net_sink comp="158" pin=0"/></net>

<net id="163"><net_src comp="18" pin="0"/><net_sink comp="158" pin=1"/></net>

<net id="174"><net_src comp="167" pin="1"/><net_sink comp="170" pin=0"/></net>

<net id="175"><net_src comp="20" pin="0"/><net_sink comp="170" pin=1"/></net>

<net id="180"><net_src comp="164" pin="1"/><net_sink comp="176" pin=0"/></net>

<net id="181"><net_src comp="22" pin="0"/><net_sink comp="176" pin=1"/></net>

<net id="187"><net_src comp="176" pin="2"/><net_sink comp="182" pin=0"/></net>

<net id="188"><net_src comp="14" pin="0"/><net_sink comp="182" pin=1"/></net>

<net id="189"><net_src comp="164" pin="1"/><net_sink comp="182" pin=2"/></net>

<net id="195"><net_src comp="176" pin="2"/><net_sink comp="190" pin=0"/></net>

<net id="196"><net_src comp="170" pin="2"/><net_sink comp="190" pin=1"/></net>

<net id="197"><net_src comp="167" pin="1"/><net_sink comp="190" pin=2"/></net>

<net id="201"><net_src comp="190" pin="3"/><net_sink comp="198" pin=0"/></net>

<net id="207"><net_src comp="24" pin="0"/><net_sink comp="202" pin=0"/></net>

<net id="208"><net_src comp="198" pin="1"/><net_sink comp="202" pin=1"/></net>

<net id="209"><net_src comp="26" pin="0"/><net_sink comp="202" pin=2"/></net>

<net id="213"><net_src comp="182" pin="3"/><net_sink comp="210" pin=0"/></net>

<net id="218"><net_src comp="202" pin="3"/><net_sink comp="214" pin=0"/></net>

<net id="219"><net_src comp="210" pin="1"/><net_sink comp="214" pin=1"/></net>

<net id="223"><net_src comp="214" pin="2"/><net_sink comp="220" pin=0"/></net>

<net id="224"><net_src comp="220" pin="1"/><net_sink comp="85" pin=2"/></net>

<net id="225"><net_src comp="220" pin="1"/><net_sink comp="92" pin=2"/></net>

<net id="230"><net_src comp="182" pin="3"/><net_sink comp="226" pin=0"/></net>

<net id="231"><net_src comp="30" pin="0"/><net_sink comp="226" pin=1"/></net>

<net id="236"><net_src comp="158" pin="2"/><net_sink comp="232" pin=0"/></net>

<net id="241"><net_src comp="190" pin="3"/><net_sink comp="237" pin=0"/></net>

<net id="246"><net_src comp="226" pin="2"/><net_sink comp="242" pin=0"/></net>

<net id="256"><net_src comp="247" pin="1"/><net_sink comp="253" pin=0"/></net>

<net id="261"><net_src comp="253" pin="1"/><net_sink comp="257" pin=0"/></net>

<net id="262"><net_src comp="250" pin="1"/><net_sink comp="257" pin=1"/></net>

<net id="263"><net_src comp="257" pin="2"/><net_sink comp="78" pin=2"/></net>

<net id="269"><net_src comp="14" pin="0"/><net_sink comp="264" pin=1"/></net>

<net id="270"><net_src comp="247" pin="1"/><net_sink comp="264" pin=2"/></net>

<net id="276"><net_src comp="257" pin="2"/><net_sink comp="271" pin=1"/></net>

<net id="277"><net_src comp="250" pin="1"/><net_sink comp="271" pin=2"/></net>

<net id="282"><net_src comp="99" pin="3"/><net_sink comp="278" pin=0"/></net>

<net id="283"><net_src comp="50" pin="0"/><net_sink comp="278" pin=1"/></net>

<net id="288"><net_src comp="99" pin="3"/><net_sink comp="284" pin=0"/></net>

<net id="289"><net_src comp="52" pin="0"/><net_sink comp="284" pin=1"/></net>

<net id="294"><net_src comp="99" pin="3"/><net_sink comp="290" pin=0"/></net>

<net id="295"><net_src comp="52" pin="0"/><net_sink comp="290" pin=1"/></net>

<net id="300"><net_src comp="105" pin="3"/><net_sink comp="296" pin=0"/></net>

<net id="301"><net_src comp="36" pin="0"/><net_sink comp="296" pin=1"/></net>

<net id="306"><net_src comp="290" pin="2"/><net_sink comp="302" pin=0"/></net>

<net id="307"><net_src comp="296" pin="2"/><net_sink comp="302" pin=1"/></net>

<net id="312"><net_src comp="278" pin="2"/><net_sink comp="308" pin=0"/></net>

<net id="313"><net_src comp="284" pin="2"/><net_sink comp="308" pin=1"/></net>

<net id="318"><net_src comp="308" pin="2"/><net_sink comp="314" pin=0"/></net>

<net id="319"><net_src comp="302" pin="2"/><net_sink comp="314" pin=1"/></net>

<net id="324"><net_src comp="314" pin="2"/><net_sink comp="320" pin=0"/></net>

<net id="325"><net_src comp="54" pin="0"/><net_sink comp="320" pin=1"/></net>

<net id="329"><net_src comp="320" pin="2"/><net_sink comp="326" pin=0"/></net>

<net id="330"><net_src comp="326" pin="1"/><net_sink comp="118" pin=1"/></net>

<net id="334"><net_src comp="320" pin="2"/><net_sink comp="331" pin=0"/></net>

<net id="339"><net_src comp="331" pin="1"/><net_sink comp="335" pin=0"/></net>

<net id="340"><net_src comp="264" pin="3"/><net_sink comp="335" pin=1"/></net>

<net id="345"><net_src comp="271" pin="3"/><net_sink comp="341" pin=0"/></net>

<net id="350"><net_src comp="335" pin="2"/><net_sink comp="346" pin=0"/></net>

<net id="354"><net_src comp="58" pin="1"/><net_sink comp="351" pin=0"/></net>

<net id="355"><net_src comp="351" pin="1"/><net_sink comp="144" pin=1"/></net>

<net id="356"><net_src comp="351" pin="1"/><net_sink comp="247" pin=0"/></net>

<net id="357"><net_src comp="351" pin="1"/><net_sink comp="346" pin=1"/></net>

<net id="361"><net_src comp="62" pin="1"/><net_sink comp="358" pin=0"/></net>

<net id="362"><net_src comp="358" pin="1"/><net_sink comp="139" pin=1"/></net>

<net id="363"><net_src comp="358" pin="1"/><net_sink comp="164" pin=0"/></net>

<net id="364"><net_src comp="358" pin="1"/><net_sink comp="242" pin=1"/></net>

<net id="368"><net_src comp="66" pin="1"/><net_sink comp="365" pin=0"/></net>

<net id="369"><net_src comp="365" pin="1"/><net_sink comp="134" pin=1"/></net>

<net id="370"><net_src comp="365" pin="1"/><net_sink comp="250" pin=0"/></net>

<net id="371"><net_src comp="365" pin="1"/><net_sink comp="341" pin=1"/></net>

<net id="375"><net_src comp="70" pin="1"/><net_sink comp="372" pin=0"/></net>

<net id="376"><net_src comp="372" pin="1"/><net_sink comp="129" pin=1"/></net>

<net id="377"><net_src comp="372" pin="1"/><net_sink comp="167" pin=0"/></net>

<net id="378"><net_src comp="372" pin="1"/><net_sink comp="237" pin=1"/></net>

<net id="382"><net_src comp="74" pin="1"/><net_sink comp="379" pin=0"/></net>

<net id="383"><net_src comp="379" pin="1"/><net_sink comp="124" pin=1"/></net>

<net id="384"><net_src comp="379" pin="1"/><net_sink comp="149" pin=0"/></net>

<net id="385"><net_src comp="379" pin="1"/><net_sink comp="232" pin=1"/></net>

<net id="389"><net_src comp="152" pin="2"/><net_sink comp="386" pin=0"/></net>

<net id="393"><net_src comp="176" pin="2"/><net_sink comp="390" pin=0"/></net>

<net id="394"><net_src comp="390" pin="1"/><net_sink comp="264" pin=0"/></net>

<net id="395"><net_src comp="390" pin="1"/><net_sink comp="271" pin=0"/></net>

<net id="399"><net_src comp="220" pin="1"/><net_sink comp="396" pin=0"/></net>

<net id="400"><net_src comp="396" pin="1"/><net_sink comp="111" pin=2"/></net>

<net id="404"><net_src comp="85" pin="3"/><net_sink comp="401" pin=0"/></net>

<net id="405"><net_src comp="401" pin="1"/><net_sink comp="105" pin=0"/></net>

<net id="409"><net_src comp="92" pin="3"/><net_sink comp="406" pin=0"/></net>

<net id="410"><net_src comp="406" pin="1"/><net_sink comp="99" pin=0"/></net>

</net_list>

</model> 
---------------- Datapath Model END ------------------

* FSMD analyzer results:
  - Output states:
	Port: h_vec_coeffs | {2 }
	Port: s_4_out | {2 }
 - Input state : 
	Port: pqcrystals_dilithium2_ref_signature.1_Pipeline_VITIS_LOOP_392_1_VITIS_LOOP_248_1 : w1_vec_coeffs | {1 2 }
	Port: pqcrystals_dilithium2_ref_signature.1_Pipeline_VITIS_LOOP_392_1_VITIS_LOOP_248_1 : w0_vec_coeffs | {1 2 }
  - Chain level:
	State 1
		store_ln0 : 1
		store_ln0 : 1
		store_ln0 : 1
		store_ln0 : 1
		store_ln0 : 1
		indvar_flatten146_load : 1
		icmp_ln392 : 2
		add_ln392_1 : 2
		br_ln392 : 3
		i_load : 1
		i_10_load : 1
		add_ln392 : 2
		icmp_ln248 : 2
		select_ln392 : 3
		select_ln392_2 : 3
		trunc_ln249 : 4
		tmp_s : 5
		zext_ln249_2 : 4
		add_ln249 : 6
		zext_ln249_3 : 7
		w1_vec_coeffs_addr : 8
		w0_vec_coeffs_addr : 8
		w0_vec_coeffs_load : 9
		w1_vec_coeffs_load : 9
		add_ln248 : 4
		store_ln248 : 3
		store_ln248 : 4
		store_ln248 : 5
	State 2
		s_2_cast : 1
		s_3 : 2
		select_ln392_1 : 1
		select_ln392_3 : 3
		icmp_ln69 : 1
		icmp_ln69_1 : 1
		icmp_ln69_2 : 1
		icmp_ln69_3 : 1
		and_ln69 : 2
		or_ln69 : 2
		or_ln69_1 : 2
		xor_ln69 : 2
		zext_ln249 : 2
		zext_ln249_1 : 2
		store_ln249 : 3
		s_5 : 3
		store_ln248 : 4
		store_ln248 : 4
		write_ln393 : 3


============================================================
+ Verbose Summary: Datapath Resource usage 
============================================================

* Functional unit list:
|----------|-------------------------|---------|---------|
| Operation|     Functional Unit     |    FF   |   LUT   |
|----------|-------------------------|---------|---------|
|          |    add_ln392_1_fu_158   |    0    |    18   |
|          |     add_ln392_fu_170    |    0    |    11   |
|    add   |     add_ln249_fu_214    |    0    |    17   |
|          |     add_ln248_fu_226    |    0    |    16   |
|          |        s_3_fu_257       |    0    |    18   |
|          |        s_5_fu_335       |    0    |    16   |
|----------|-------------------------|---------|---------|
|          |    icmp_ln392_fu_152    |    0    |    11   |
|          |    icmp_ln248_fu_176    |    0    |    11   |
|   icmp   |     icmp_ln69_fu_278    |    0    |    18   |
|          |    icmp_ln69_1_fu_284   |    0    |    18   |
|          |    icmp_ln69_2_fu_290   |    0    |    18   |
|          |    icmp_ln69_3_fu_296   |    0    |    18   |
|----------|-------------------------|---------|---------|
|          |   select_ln392_fu_182   |    0    |    9    |
|  select  |  select_ln392_2_fu_190  |    0    |    3    |
|          |  select_ln392_1_fu_264  |    0    |    9    |
|          |  select_ln392_3_fu_271  |    0    |    11   |
|----------|-------------------------|---------|---------|
|    or    |      or_ln69_fu_308     |    0    |    2    |
|          |     or_ln69_1_fu_314    |    0    |    2    |
|----------|-------------------------|---------|---------|
|    and   |     and_ln69_fu_302     |    0    |    2    |
|----------|-------------------------|---------|---------|
|    xor   |     xor_ln69_fu_320     |    0    |    2    |
|----------|-------------------------|---------|---------|
|   write  | write_ln393_write_fu_78 |    0    |    0    |
|----------|-------------------------|---------|---------|
|   trunc  |    trunc_ln249_fu_198   |    0    |    0    |
|----------|-------------------------|---------|---------|
|bitconcatenate|       tmp_s_fu_202      |    0    |    0    |
|----------|-------------------------|---------|---------|
|          |   zext_ln249_2_fu_210   |    0    |    0    |
|          |   zext_ln249_3_fu_220   |    0    |    0    |
|   zext   |     s_2_cast_fu_253     |    0    |    0    |
|          |    zext_ln249_fu_326    |    0    |    0    |
|          |   zext_ln249_1_fu_331   |    0    |    0    |
|----------|-------------------------|---------|---------|
|   Total  |                         |    0    |   230   |
|----------|-------------------------|---------|---------|

Memories:
N/A

* Register list:
+--------------------------+--------+
|                          |   FF   |
+--------------------------+--------+
|       i_10_reg_372       |    3   |
|         i_reg_358        |    9   |
|    icmp_ln248_reg_390    |    1   |
|    icmp_ln392_reg_386    |    1   |
| indvar_flatten146_reg_379|   11   |
|        s_1_reg_351       |    9   |
|         s_reg_365        |   11   |
|w0_vec_coeffs_addr_reg_406|   10   |
|w1_vec_coeffs_addr_reg_401|   10   |
|   zext_ln249_3_reg_396   |   64   |
+--------------------------+--------+
|           Total          |   129  |
+--------------------------+--------+

* Multiplexer (MUX) list: 
|-------------------|------|------|------|--------||---------||---------|
|        Comp       |  Pin | Size |  BW  | S x BW ||  Delay  ||   LUT   |
|-------------------|------|------|------|--------||---------||---------|
|  grp_access_fu_99 |  p0  |   2  |  10  |   20   ||    9    |
| grp_access_fu_105 |  p0  |   2  |  10  |   20   ||    9    |
|-------------------|------|------|------|--------||---------||---------|
|       Total       |      |      |      |   40   ||  2.648  ||    18   |
|-------------------|------|------|------|--------||---------||---------|



* Summary:
+-----------+--------+--------+--------+
|           |  Delay |   FF   |   LUT  |
+-----------+--------+--------+--------+
|  Function |    -   |    0   |   230  |
|   Memory  |    -   |    -   |    -   |
|Multiplexer|    2   |    -   |   18   |
|  Register |    -   |   129  |    -   |
+-----------+--------+--------+--------+
|   Total   |    2   |   129  |   248  |
+-----------+--------+--------+--------+
