

================================================================
== Vivado HLS Report for 'pqcrystals_dilithium_17'
================================================================
* Date:           Wed Apr 12 23:58:25 2023

* Version:        2019.2 (Build 2704478 on Wed Nov 06 22:10:23 MST 2019)
* Project:        Phase2
* Solution:       Area
* Product family: artix7
* Target device:  xc7a200t-fbg676-2


================================================================
== Performance Estimates
================================================================
+ Timing: 
    * Summary: 
    +--------+----------+----------+------------+
    |  Clock |  Target  | Estimated| Uncertainty|
    +--------+----------+----------+------------+
    |ap_clk  | 10.00 ns | 7.731 ns |   1.25 ns  |
    +--------+----------+----------+------------+

+ Latency: 
    * Summary: 
    +---------+---------+----------+----------+-----+-----+---------+
    |  Latency (cycles) |  Latency (absolute) |  Interval | Pipeline|
    |   min   |   max   |    min   |    max   | min | max |   Type  |
    +---------+---------+----------+----------+-----+-----+---------+
    |        ?|        ?|         ?|         ?|    ?|    ?|   none  |
    +---------+---------+----------+----------+-----+-----+---------+

    + Detail: 
        * Instance: 
        N/A

        * Loop: 
        +-----------------+---------+---------+----------+-----------+-----------+------+----------+
        |                 |  Latency (cycles) | Iteration|  Initiation Interval  | Trip |          |
        |    Loop Name    |   min   |   max   |  Latency |  achieved |   target  | Count| Pipelined|
        +-----------------+---------+---------+----------+-----------+-----------+------+----------+
        |- Loop 1         |        ?|        ?|         ?|          -|          -|     8|    no    |
        | + Loop 1.1      |        ?|        ?|         ?|          -|          -|     ?|    no    |
        |  ++ Loop 1.1.1  |        ?|        ?|         8|          -|          -|     ?|    no    |
        +-----------------+---------+---------+----------+-----------+-----------+------+----------+

============================================================
+ Verbose Summary: Synthesis Manager
============================================================
InlineROM: 1
ExposeGlobal: 0
============================================================
+ Verbose Summary: CDFG Model
============================================================
IsTopModel: 0
ResetActiveHigh: 1
IsCombinational: 0
IsDatapathOnly: 0
HasWiredReturn: 1
HasMFsm: 0
HasVarLatency: 1
IsPipeline: 0
IsRtlPipelined: 0
IsInstanceOverlapped: 0
IsDontTouch: 0
HasImplIP: 0
IsGatedGlobalClock: 0


============================================================
+ Verbose Summary: Schedule
============================================================
* Number of FSM states : 12
* Pipeline : 0
* Dataflow Pipeline: 0

* FSM state transitions: 
1 --> 2 
2 --> 3 
3 --> 4 2 
4 --> 5 
5 --> 6 3 
6 --> 7 
7 --> 8 
8 --> 9 
9 --> 10 
10 --> 11 
11 --> 12 
12 --> 5 

* FSM state operations: 

State 1 <SV = 0> <Delay = 1.35>
ST_1 : Operation 13 [1/1] (0.00ns)   --->   "%k_2 = alloca i32"   --->   Operation 13 'alloca' 'k_2' <Predicate = true> <Delay = 0.00>
ST_1 : Operation 14 [1/1] (0.00ns)   --->   "%a_offset_read = call i3 @_ssdm_op_Read.ap_auto.i3(i3 %a_offset)" [dilithium2/ntt.c:58]   --->   Operation 14 'read' 'a_offset_read' <Predicate = true> <Delay = 0.00>
ST_1 : Operation 15 [1/1] (0.00ns)   --->   "%tmp = call i11 @_ssdm_op_BitConcatenate.i11.i3.i8(i3 %a_offset_read, i8 0)" [dilithium2/ntt.c:58]   --->   Operation 15 'bitconcatenate' 'tmp' <Predicate = true> <Delay = 0.00>
ST_1 : Operation 16 [1/1] (0.00ns)   --->   "%zext_ln49 = zext i11 %tmp to i12" [dilithium2/ntt.c:49]   --->   Operation 16 'zext' 'zext_ln49' <Predicate = true> <Delay = 0.00>
ST_1 : Operation 17 [1/1] (1.35ns)   --->   "store i32 0, i32* %k_2" [dilithium2/ntt.c:54]   --->   Operation 17 'store' <Predicate = true> <Delay = 1.35>
ST_1 : Operation 18 [1/1] (1.35ns)   --->   "br label %1" [dilithium2/ntt.c:54]   --->   Operation 18 'br' <Predicate = true> <Delay = 1.35>

State 2 <SV = 1> <Delay = 2.08>
ST_2 : Operation 19 [1/1] (0.00ns)   --->   "%len_0 = phi i29 [ 128, %0 ], [ %zext_ln54_1, %6 ]" [dilithium2/ntt.c:54]   --->   Operation 19 'phi' 'len_0' <Predicate = true> <Delay = 0.00>
ST_2 : Operation 20 [1/1] (0.00ns)   --->   "%zext_ln54 = zext i29 %len_0 to i31" [dilithium2/ntt.c:54]   --->   Operation 20 'zext' 'zext_ln54' <Predicate = true> <Delay = 0.00>
ST_2 : Operation 21 [1/1] (2.08ns)   --->   "%icmp_ln54 = icmp eq i29 %len_0, 0" [dilithium2/ntt.c:54]   --->   Operation 21 'icmp' 'icmp_ln54' <Predicate = true> <Delay = 2.08> <Core = "Cmp">   --->   Core 25 'Cmp' <Latency = 0> <II = 1> <Delay = 2.11> <FuncUnit> <Opcode : 'icmp'> <InPorts = 2> <OutPorts = 1>
ST_2 : Operation 22 [1/1] (0.00ns)   --->   "%empty = call i32 (...)* @_ssdm_op_SpecLoopTripCount(i64 8, i64 8, i64 8)"   --->   Operation 22 'speclooptripcount' 'empty' <Predicate = true> <Delay = 0.00>
ST_2 : Operation 23 [1/1] (0.00ns)   --->   "br i1 %icmp_ln54, label %7, label %.preheader.preheader" [dilithium2/ntt.c:54]   --->   Operation 23 'br' <Predicate = true> <Delay = 0.00>
ST_2 : Operation 24 [1/1] (1.35ns)   --->   "br label %.preheader" [dilithium2/ntt.c:55]   --->   Operation 24 'br' <Predicate = (!icmp_ln54)> <Delay = 1.35>
ST_2 : Operation 25 [1/1] (0.00ns)   --->   "ret void" [dilithium2/ntt.c:64]   --->   Operation 25 'ret' <Predicate = (icmp_ln54)> <Delay = 0.00>

State 3 <SV = 2> <Delay = 4.95>
ST_3 : Operation 26 [1/1] (0.00ns)   --->   "%j = phi i31 [ %add_ln55, %5 ], [ 0, %.preheader.preheader ]" [dilithium2/ntt.c:55]   --->   Operation 26 'phi' 'j' <Predicate = true> <Delay = 0.00>
ST_3 : Operation 27 [1/1] (0.00ns)   --->   "%zext_ln55 = zext i31 %j to i32" [dilithium2/ntt.c:55]   --->   Operation 27 'zext' 'zext_ln55' <Predicate = true> <Delay = 0.00>
ST_3 : Operation 28 [1/1] (0.00ns)   --->   "%tmp_23 = call i23 @_ssdm_op_PartSelect.i23.i31.i32.i32(i31 %j, i32 8, i32 30)" [dilithium2/ntt.c:55]   --->   Operation 28 'partselect' 'tmp_23' <Predicate = true> <Delay = 0.00>
ST_3 : Operation 29 [1/1] (2.03ns)   --->   "%icmp_ln55 = icmp eq i23 %tmp_23, 0" [dilithium2/ntt.c:55]   --->   Operation 29 'icmp' 'icmp_ln55' <Predicate = true> <Delay = 2.03> <Core = "Cmp">   --->   Core 25 'Cmp' <Latency = 0> <II = 1> <Delay = 2.11> <FuncUnit> <Opcode : 'icmp'> <InPorts = 2> <OutPorts = 1>
ST_3 : Operation 30 [1/1] (0.00ns)   --->   "br i1 %icmp_ln55, label %2, label %6" [dilithium2/ntt.c:55]   --->   Operation 30 'br' <Predicate = true> <Delay = 0.00>
ST_3 : Operation 31 [1/1] (0.00ns)   --->   "%k_2_load = load i32* %k_2" [dilithium2/ntt.c:56]   --->   Operation 31 'load' 'k_2_load' <Predicate = (icmp_ln55)> <Delay = 0.00>
ST_3 : Operation 32 [1/1] (2.18ns)   --->   "%k = add i32 1, %k_2_load" [dilithium2/ntt.c:56]   --->   Operation 32 'add' 'k' <Predicate = (icmp_ln55)> <Delay = 2.18> <Core = "AddSub">   --->   Core 14 'AddSub' <Latency = 0> <II = 1> <Delay = 2.18> <FuncUnit> <Opcode : 'add' 'sub'> <InPorts = 2> <OutPorts = 1>
ST_3 : Operation 33 [1/1] (0.00ns)   --->   "%zext_ln56 = zext i32 %k to i64" [dilithium2/ntt.c:56]   --->   Operation 33 'zext' 'zext_ln56' <Predicate = (icmp_ln55)> <Delay = 0.00>
ST_3 : Operation 34 [1/1] (0.00ns)   --->   "%zetas_addr = getelementptr [256 x i23]* @zetas, i64 0, i64 %zext_ln56" [dilithium2/ntt.c:56]   --->   Operation 34 'getelementptr' 'zetas_addr' <Predicate = (icmp_ln55)> <Delay = 0.00>
ST_3 : Operation 35 [2/2] (2.77ns)   --->   "%zeta = load i23* %zetas_addr, align 4" [dilithium2/ntt.c:56]   --->   Operation 35 'load' 'zeta' <Predicate = (icmp_ln55)> <Delay = 2.77> <Core = "ROM_nP">   --->   Core 52 'ROM_nP' <Latency = 1> <II = 1> <Delay = 2.77> <Storage> <Opcode : 'load'> <Ports = 0> <Width = 23> <Depth = 256> <ROM>
ST_3 : Operation 36 [1/1] (0.00ns)   --->   "%tmp_24 = call i28 @_ssdm_op_PartSelect.i28.i29.i32.i32(i29 %len_0, i32 1, i32 28)" [dilithium2/ntt.c:54]   --->   Operation 36 'partselect' 'tmp_24' <Predicate = (!icmp_ln55)> <Delay = 0.00>
ST_3 : Operation 37 [1/1] (0.00ns)   --->   "%zext_ln54_1 = zext i28 %tmp_24 to i29" [dilithium2/ntt.c:54]   --->   Operation 37 'zext' 'zext_ln54_1' <Predicate = (!icmp_ln55)> <Delay = 0.00>
ST_3 : Operation 38 [1/1] (0.00ns)   --->   "br label %1" [dilithium2/ntt.c:54]   --->   Operation 38 'br' <Predicate = (!icmp_ln55)> <Delay = 0.00>

State 4 <SV = 3> <Delay = 5.01>
ST_4 : Operation 39 [1/2] (2.77ns)   --->   "%zeta = load i23* %zetas_addr, align 4" [dilithium2/ntt.c:56]   --->   Operation 39 'load' 'zeta' <Predicate = true> <Delay = 2.77> <Core = "ROM_nP">   --->   Core 52 'ROM_nP' <Latency = 1> <II = 1> <Delay = 2.77> <Storage> <Opcode : 'load'> <Ports = 0> <Width = 23> <Depth = 256> <ROM>
ST_4 : Operation 40 [1/1] (2.15ns)   --->   "%add_ln57 = add i31 %zext_ln54, %j" [dilithium2/ntt.c:57]   --->   Operation 40 'add' 'add_ln57' <Predicate = true> <Delay = 2.15> <Core = "AddSub">   --->   Core 14 'AddSub' <Latency = 0> <II = 1> <Delay = 2.18> <FuncUnit> <Opcode : 'add' 'sub'> <InPorts = 2> <OutPorts = 1>
ST_4 : Operation 41 [1/1] (0.00ns)   --->   "%zext_ln57 = zext i31 %add_ln57 to i32" [dilithium2/ntt.c:57]   --->   Operation 41 'zext' 'zext_ln57' <Predicate = true> <Delay = 0.00>
ST_4 : Operation 42 [1/1] (2.10ns)   --->   "%empty_86 = icmp ugt i31 %j, %add_ln57" [dilithium2/ntt.c:55]   --->   Operation 42 'icmp' 'empty_86' <Predicate = true> <Delay = 2.10> <Core = "Cmp">   --->   Core 25 'Cmp' <Latency = 0> <II = 1> <Delay = 2.11> <FuncUnit> <Opcode : 'icmp'> <InPorts = 2> <OutPorts = 1>
ST_4 : Operation 43 [1/1] (0.00ns)   --->   "%trunc_ln55 = trunc i31 %j to i30" [dilithium2/ntt.c:55]   --->   Operation 43 'trunc' 'trunc_ln55' <Predicate = true> <Delay = 0.00>
ST_4 : Operation 44 [1/1] (0.00ns)   --->   "%trunc_ln55_1 = trunc i31 %add_ln57 to i30" [dilithium2/ntt.c:55]   --->   Operation 44 'trunc' 'trunc_ln55_1' <Predicate = true> <Delay = 0.00>
ST_4 : Operation 45 [1/1] (0.75ns)   --->   "%start = select i1 %empty_86, i30 %trunc_ln55, i30 %trunc_ln55_1" [dilithium2/ntt.c:55]   --->   Operation 45 'select' 'start' <Predicate = true> <Delay = 0.75> <Core = "Sel">   --->   Core 26 'Sel' <Latency = 0> <II = 1> <Delay = 0.75> <FuncUnit> <Opcode : 'select'> <InPorts = 3> <OutPorts = 1>
ST_4 : Operation 46 [1/1] (0.00ns)   --->   "%zext_ln55_1 = zext i30 %start to i31" [dilithium2/ntt.c:55]   --->   Operation 46 'zext' 'zext_ln55_1' <Predicate = true> <Delay = 0.00>
ST_4 : Operation 47 [1/1] (0.00ns)   --->   "%sext_ln57 = sext i23 %zeta to i54" [dilithium2/ntt.c:57]   --->   Operation 47 'sext' 'sext_ln57' <Predicate = true> <Delay = 0.00>
ST_4 : Operation 48 [1/1] (1.35ns)   --->   "br label %3" [dilithium2/ntt.c:57]   --->   Operation 48 'br' <Predicate = true> <Delay = 1.35>

State 5 <SV = 4> <Delay = 5.94>
ST_5 : Operation 49 [1/1] (0.00ns)   --->   "%j_0 = phi i32 [ %zext_ln55, %2 ], [ %j_4, %4 ]"   --->   Operation 49 'phi' 'j_0' <Predicate = true> <Delay = 0.00>
ST_5 : Operation 50 [1/1] (2.11ns)   --->   "%icmp_ln57 = icmp ult i32 %j_0, %zext_ln57" [dilithium2/ntt.c:57]   --->   Operation 50 'icmp' 'icmp_ln57' <Predicate = true> <Delay = 2.11> <Core = "Cmp">   --->   Core 25 'Cmp' <Latency = 0> <II = 1> <Delay = 2.11> <FuncUnit> <Opcode : 'icmp'> <InPorts = 2> <OutPorts = 1>
ST_5 : Operation 51 [1/1] (0.00ns)   --->   "br i1 %icmp_ln57, label %4, label %5" [dilithium2/ntt.c:57]   --->   Operation 51 'br' <Predicate = true> <Delay = 0.00>
ST_5 : Operation 52 [1/1] (0.00ns)   --->   "%trunc_ln58 = trunc i32 %j_0 to i12" [dilithium2/ntt.c:58]   --->   Operation 52 'trunc' 'trunc_ln58' <Predicate = (icmp_ln57)> <Delay = 0.00>
ST_5 : Operation 53 [1/1] (0.00ns)   --->   "%trunc_ln58_1 = trunc i29 %len_0 to i12" [dilithium2/ntt.c:58]   --->   Operation 53 'trunc' 'trunc_ln58_1' <Predicate = (icmp_ln57)> <Delay = 0.00>
ST_5 : Operation 54 [1/1] (0.00ns) (grouped into TernaryAdder)   --->   "%add_ln58 = add i12 %trunc_ln58_1, %trunc_ln58" [dilithium2/ntt.c:58]   --->   Operation 54 'add' 'add_ln58' <Predicate = (icmp_ln57)> <Delay = 0.00> <Core = "TAddSub">   --->   Core 83 'TAddSub' <Latency = 0> <II = 1> <Delay = 1.58> <IPBlock> <Opcode : 'add' 'sub'> <InPorts = 3> <OutPorts = 1> <Sync> <CReg>
ST_5 : Operation 55 [1/1] (3.16ns) (root node of TernaryAdder)   --->   "%add_ln58_1 = add i12 %zext_ln49, %add_ln58" [dilithium2/ntt.c:58]   --->   Operation 55 'add' 'add_ln58_1' <Predicate = (icmp_ln57)> <Delay = 3.16> <Core = "TAddSub">   --->   Core 83 'TAddSub' <Latency = 0> <II = 1> <Delay = 1.58> <IPBlock> <Opcode : 'add' 'sub'> <InPorts = 3> <OutPorts = 1> <Sync> <CReg>
ST_5 : Operation 56 [1/1] (0.00ns)   --->   "%zext_ln58 = zext i12 %add_ln58_1 to i64" [dilithium2/ntt.c:58]   --->   Operation 56 'zext' 'zext_ln58' <Predicate = (icmp_ln57)> <Delay = 0.00>
ST_5 : Operation 57 [1/1] (0.00ns)   --->   "%a_addr11 = getelementptr [1024 x i32]* %a, i64 0, i64 %zext_ln58" [dilithium2/ntt.c:58]   --->   Operation 57 'getelementptr' 'a_addr11' <Predicate = (icmp_ln57)> <Delay = 0.00>
ST_5 : Operation 58 [2/2] (2.77ns)   --->   "%a_load = load i32* %a_addr11, align 4" [dilithium2/ntt.c:58]   --->   Operation 58 'load' 'a_load' <Predicate = (icmp_ln57)> <Delay = 2.77> <Core = "RAM">   --->   Core 37 'RAM' <Latency = 1> <II = 1> <Delay = 2.77> <Storage> <Opcode : 'load' 'store'> <Ports = 2> <Width = 32> <Depth = 1024> <RAM>
ST_5 : Operation 59 [1/1] (0.00ns)   --->   "%trunc_ln59 = trunc i32 %j_0 to i12" [dilithium2/ntt.c:59]   --->   Operation 59 'trunc' 'trunc_ln59' <Predicate = (icmp_ln57)> <Delay = 0.00>
ST_5 : Operation 60 [1/1] (1.77ns)   --->   "%add_ln59 = add i12 %zext_ln49, %trunc_ln59" [dilithium2/ntt.c:59]   --->   Operation 60 'add' 'add_ln59' <Predicate = (icmp_ln57)> <Delay = 1.77> <Core = "AddSub">   --->   Core 14 'AddSub' <Latency = 0> <II = 1> <Delay = 2.18> <FuncUnit> <Opcode : 'add' 'sub'> <InPorts = 2> <OutPorts = 1>
ST_5 : Operation 61 [1/1] (0.00ns)   --->   "%zext_ln59 = zext i12 %add_ln59 to i64" [dilithium2/ntt.c:59]   --->   Operation 61 'zext' 'zext_ln59' <Predicate = (icmp_ln57)> <Delay = 0.00>
ST_5 : Operation 62 [1/1] (0.00ns)   --->   "%a_addr = getelementptr [1024 x i32]* %a, i64 0, i64 %zext_ln59" [dilithium2/ntt.c:59]   --->   Operation 62 'getelementptr' 'a_addr' <Predicate = (icmp_ln57)> <Delay = 0.00>
ST_5 : Operation 63 [1/1] (2.18ns)   --->   "%j_4 = add i32 1, %j_0" [dilithium2/ntt.c:57]   --->   Operation 63 'add' 'j_4' <Predicate = (icmp_ln57)> <Delay = 2.18> <Core = "AddSub">   --->   Core 14 'AddSub' <Latency = 0> <II = 1> <Delay = 2.18> <FuncUnit> <Opcode : 'add' 'sub'> <InPorts = 2> <OutPorts = 1>
ST_5 : Operation 64 [1/1] (2.13ns)   --->   "%add_ln55 = add i31 %zext_ln54, %zext_ln55_1" [dilithium2/ntt.c:55]   --->   Operation 64 'add' 'add_ln55' <Predicate = (!icmp_ln57)> <Delay = 2.13> <Core = "AddSub">   --->   Core 14 'AddSub' <Latency = 0> <II = 1> <Delay = 2.18> <FuncUnit> <Opcode : 'add' 'sub'> <InPorts = 2> <OutPorts = 1>
ST_5 : Operation 65 [1/1] (1.35ns)   --->   "store i32 %k, i32* %k_2" [dilithium2/ntt.c:55]   --->   Operation 65 'store' <Predicate = (!icmp_ln57)> <Delay = 1.35>
ST_5 : Operation 66 [1/1] (0.00ns)   --->   "br label %.preheader" [dilithium2/ntt.c:55]   --->   Operation 66 'br' <Predicate = (!icmp_ln57)> <Delay = 0.00>

State 6 <SV = 5> <Delay = 2.77>
ST_6 : Operation 67 [1/2] (2.77ns)   --->   "%a_load = load i32* %a_addr11, align 4" [dilithium2/ntt.c:58]   --->   Operation 67 'load' 'a_load' <Predicate = true> <Delay = 2.77> <Core = "RAM">   --->   Core 37 'RAM' <Latency = 1> <II = 1> <Delay = 2.77> <Storage> <Opcode : 'load' 'store'> <Ports = 2> <Width = 32> <Depth = 1024> <RAM>

State 7 <SV = 6> <Delay = 6.88>
ST_7 : Operation 68 [1/1] (0.00ns)   --->   "%sext_ln58 = sext i32 %a_load to i54" [dilithium2/ntt.c:58]   --->   Operation 68 'sext' 'sext_ln58' <Predicate = true> <Delay = 0.00>
ST_7 : Operation 69 [1/1] (6.88ns)   --->   "%mul_ln58 = mul i54 %sext_ln57, %sext_ln58" [dilithium2/ntt.c:58]   --->   Operation 69 'mul' 'mul_ln58' <Predicate = true> <Delay = 6.88> <Core = "Mul">   --->   Core 16 'Mul' <Latency = 0> <II = 1> <Delay = 6.88> <FuncUnit> <Opcode : 'mul'> <InPorts = 2> <OutPorts = 1>
ST_7 : Operation 70 [1/1] (0.00ns)   --->   "%trunc_ln18 = trunc i54 %mul_ln58 to i32" [dilithium2/reduce.c:18->dilithium2/ntt.c:58]   --->   Operation 70 'trunc' 'trunc_ln18' <Predicate = true> <Delay = 0.00>

State 8 <SV = 7> <Delay = 6.88>
ST_8 : Operation 71 [1/1] (6.88ns)   --->   "%t = mul nsw i32 58728449, %trunc_ln18" [dilithium2/reduce.c:18->dilithium2/ntt.c:58]   --->   Operation 71 'mul' 't' <Predicate = true> <Delay = 6.88> <Core = "Mul">   --->   Core 16 'Mul' <Latency = 0> <II = 1> <Delay = 6.88> <FuncUnit> <Opcode : 'mul'> <InPorts = 2> <OutPorts = 1>

State 9 <SV = 8> <Delay = 6.88>
ST_9 : Operation 72 [1/1] (0.00ns)   --->   "%sext_ln19 = sext i32 %t to i55" [dilithium2/reduce.c:19->dilithium2/ntt.c:58]   --->   Operation 72 'sext' 'sext_ln19' <Predicate = true> <Delay = 0.00>
ST_9 : Operation 73 [1/1] (6.88ns)   --->   "%mul_ln19 = mul i55 -8380417, %sext_ln19" [dilithium2/reduce.c:19->dilithium2/ntt.c:58]   --->   Operation 73 'mul' 'mul_ln19' <Predicate = true> <Delay = 6.88> <Core = "Mul">   --->   Core 16 'Mul' <Latency = 0> <II = 1> <Delay = 6.88> <FuncUnit> <Opcode : 'mul'> <InPorts = 2> <OutPorts = 1>
ST_9 : Operation 74 [2/2] (2.77ns)   --->   "%a_load_4 = load i32* %a_addr, align 4" [dilithium2/ntt.c:59]   --->   Operation 74 'load' 'a_load_4' <Predicate = true> <Delay = 2.77> <Core = "RAM">   --->   Core 37 'RAM' <Latency = 1> <II = 1> <Delay = 2.77> <Storage> <Opcode : 'load' 'store'> <Ports = 2> <Width = 32> <Depth = 1024> <RAM>

State 10 <SV = 9> <Delay = 7.73>
ST_10 : Operation 75 [1/1] (0.00ns)   --->   "%sext_ln58_1 = sext i54 %mul_ln58 to i56" [dilithium2/ntt.c:58]   --->   Operation 75 'sext' 'sext_ln58_1' <Predicate = true> <Delay = 0.00>
ST_10 : Operation 76 [1/1] (0.00ns)   --->   "%sext_ln19_8 = sext i55 %mul_ln19 to i56" [dilithium2/reduce.c:19->dilithium2/ntt.c:58]   --->   Operation 76 'sext' 'sext_ln19_8' <Predicate = true> <Delay = 0.00>
ST_10 : Operation 77 [1/1] (2.77ns)   --->   "%add_ln19 = add i56 %sext_ln58_1, %sext_ln19_8" [dilithium2/reduce.c:19->dilithium2/ntt.c:58]   --->   Operation 77 'add' 'add_ln19' <Predicate = true> <Delay = 2.77> <Core = "AddSub">   --->   Core 14 'AddSub' <Latency = 0> <II = 1> <Delay = 2.18> <FuncUnit> <Opcode : 'add' 'sub'> <InPorts = 2> <OutPorts = 1>
ST_10 : Operation 78 [1/1] (0.00ns)   --->   "%trunc_ln = call i24 @_ssdm_op_PartSelect.i24.i56.i32.i32(i56 %add_ln19, i32 32, i32 55)" [dilithium2/reduce.c:19->dilithium2/ntt.c:58]   --->   Operation 78 'partselect' 'trunc_ln' <Predicate = true> <Delay = 0.00>
ST_10 : Operation 79 [1/1] (0.00ns)   --->   "%t_15 = sext i24 %trunc_ln to i32" [dilithium2/reduce.c:19->dilithium2/ntt.c:58]   --->   Operation 79 'sext' 't_15' <Predicate = true> <Delay = 0.00>
ST_10 : Operation 80 [1/2] (2.77ns)   --->   "%a_load_4 = load i32* %a_addr, align 4" [dilithium2/ntt.c:59]   --->   Operation 80 'load' 'a_load_4' <Predicate = true> <Delay = 2.77> <Core = "RAM">   --->   Core 37 'RAM' <Latency = 1> <II = 1> <Delay = 2.77> <Storage> <Opcode : 'load' 'store'> <Ports = 2> <Width = 32> <Depth = 1024> <RAM>
ST_10 : Operation 81 [1/1] (2.18ns)   --->   "%sub_ln59 = sub nsw i32 %a_load_4, %t_15" [dilithium2/ntt.c:59]   --->   Operation 81 'sub' 'sub_ln59' <Predicate = true> <Delay = 2.18> <Core = "AddSub">   --->   Core 14 'AddSub' <Latency = 0> <II = 1> <Delay = 2.18> <FuncUnit> <Opcode : 'add' 'sub'> <InPorts = 2> <OutPorts = 1>
ST_10 : Operation 82 [1/1] (2.77ns)   --->   "store i32 %sub_ln59, i32* %a_addr11, align 4" [dilithium2/ntt.c:59]   --->   Operation 82 'store' <Predicate = true> <Delay = 2.77> <Core = "RAM">   --->   Core 37 'RAM' <Latency = 1> <II = 1> <Delay = 2.77> <Storage> <Opcode : 'load' 'store'> <Ports = 2> <Width = 32> <Depth = 1024> <RAM>

State 11 <SV = 10> <Delay = 2.77>
ST_11 : Operation 83 [2/2] (2.77ns)   --->   "%a_load_5 = load i32* %a_addr, align 4" [dilithium2/ntt.c:60]   --->   Operation 83 'load' 'a_load_5' <Predicate = true> <Delay = 2.77> <Core = "RAM">   --->   Core 37 'RAM' <Latency = 1> <II = 1> <Delay = 2.77> <Storage> <Opcode : 'load' 'store'> <Ports = 2> <Width = 32> <Depth = 1024> <RAM>

State 12 <SV = 11> <Delay = 7.72>
ST_12 : Operation 84 [1/2] (2.77ns)   --->   "%a_load_5 = load i32* %a_addr, align 4" [dilithium2/ntt.c:60]   --->   Operation 84 'load' 'a_load_5' <Predicate = true> <Delay = 2.77> <Core = "RAM">   --->   Core 37 'RAM' <Latency = 1> <II = 1> <Delay = 2.77> <Storage> <Opcode : 'load' 'store'> <Ports = 2> <Width = 32> <Depth = 1024> <RAM>
ST_12 : Operation 85 [1/1] (2.18ns)   --->   "%add_ln60 = add nsw i32 %t_15, %a_load_5" [dilithium2/ntt.c:60]   --->   Operation 85 'add' 'add_ln60' <Predicate = true> <Delay = 2.18> <Core = "AddSub">   --->   Core 14 'AddSub' <Latency = 0> <II = 1> <Delay = 2.18> <FuncUnit> <Opcode : 'add' 'sub'> <InPorts = 2> <OutPorts = 1>
ST_12 : Operation 86 [1/1] (2.77ns)   --->   "store i32 %add_ln60, i32* %a_addr, align 4" [dilithium2/ntt.c:60]   --->   Operation 86 'store' <Predicate = true> <Delay = 2.77> <Core = "RAM">   --->   Core 37 'RAM' <Latency = 1> <II = 1> <Delay = 2.77> <Storage> <Opcode : 'load' 'store'> <Ports = 2> <Width = 32> <Depth = 1024> <RAM>
ST_12 : Operation 87 [1/1] (0.00ns)   --->   "br label %3" [dilithium2/ntt.c:57]   --->   Operation 87 'br' <Predicate = true> <Delay = 0.00>


============================================================
+ Verbose Summary: Binding
============================================================
STG Binding: 
---------------- STG Properties BEGIN ----------------
- Is combinational: 0
- Is one-state seq: 0
- Is datapath-only: 0
- Is pipelined: 0
- Is top level: 0
Port [ Return ] is wired: 1; IO mode=ap_ctrl_hs:ce=0
Port [ a]:  wired=1; compound=1; hidden=0; nouse=0; global=0; static=0; extern=0; dir=2; type=1; pingpong=0; private_global=0; MemPort=[23]; IO mode=ap_memory:ce=0
Port [ a_offset]:  wired=1; compound=0; hidden=0; nouse=0; global=0; static=0; extern=0; dir=0; type=0; pingpong=0; private_global=0; IO mode=ap_none:ce=0
Port [ zetas]:  wired=0; compound=1; hidden=1; nouse=0; global=1; static=1; extern=0; dir=0; type=1; pingpong=0; private_global=0; linkage=7; visibility=0; MemPort=[1]; IO mode=ap_memory:ce=0
---------------- STG Properties END ------------------

---------------- Datapath Model BEGIN ----------------

<LifeTime>
<method=bitvector/>
k_2           (alloca           ) [ 0111111111111]
a_offset_read (read             ) [ 0000000000000]
tmp           (bitconcatenate   ) [ 0000000000000]
zext_ln49     (zext             ) [ 0011111111111]
store_ln54    (store            ) [ 0000000000000]
br_ln54       (br               ) [ 0111111111111]
len_0         (phi              ) [ 0011111111111]
zext_ln54     (zext             ) [ 0001111111111]
icmp_ln54     (icmp             ) [ 0011111111111]
empty         (speclooptripcount) [ 0000000000000]
br_ln54       (br               ) [ 0000000000000]
br_ln55       (br               ) [ 0011111111111]
ret_ln64      (ret              ) [ 0000000000000]
j             (phi              ) [ 0001100000000]
zext_ln55     (zext             ) [ 0000111111111]
tmp_23        (partselect       ) [ 0000000000000]
icmp_ln55     (icmp             ) [ 0011111111111]
br_ln55       (br               ) [ 0000000000000]
k_2_load      (load             ) [ 0000000000000]
k             (add              ) [ 0000111111111]
zext_ln56     (zext             ) [ 0000000000000]
zetas_addr    (getelementptr    ) [ 0000100000000]
tmp_24        (partselect       ) [ 0000000000000]
zext_ln54_1   (zext             ) [ 0111111111111]
br_ln54       (br               ) [ 0111111111111]
zeta          (load             ) [ 0000000000000]
add_ln57      (add              ) [ 0000000000000]
zext_ln57     (zext             ) [ 0000011111111]
empty_86      (icmp             ) [ 0000000000000]
trunc_ln55    (trunc            ) [ 0000000000000]
trunc_ln55_1  (trunc            ) [ 0000000000000]
start         (select           ) [ 0000000000000]
zext_ln55_1   (zext             ) [ 0000011111111]
sext_ln57     (sext             ) [ 0000011111111]
br_ln57       (br               ) [ 0011111111111]
j_0           (phi              ) [ 0000010000000]
icmp_ln57     (icmp             ) [ 0011111111111]
br_ln57       (br               ) [ 0000000000000]
trunc_ln58    (trunc            ) [ 0000000000000]
trunc_ln58_1  (trunc            ) [ 0000000000000]
add_ln58      (add              ) [ 0000000000000]
add_ln58_1    (add              ) [ 0000000000000]
zext_ln58     (zext             ) [ 0000000000000]
a_addr11      (getelementptr    ) [ 0000001111100]
trunc_ln59    (trunc            ) [ 0000000000000]
add_ln59      (add              ) [ 0000000000000]
zext_ln59     (zext             ) [ 0000000000000]
a_addr        (getelementptr    ) [ 0000001111111]
j_4           (add              ) [ 0011111111111]
add_ln55      (add              ) [ 0011111111111]
store_ln55    (store            ) [ 0000000000000]
br_ln55       (br               ) [ 0011111111111]
a_load        (load             ) [ 0000000100000]
sext_ln58     (sext             ) [ 0000000000000]
mul_ln58      (mul              ) [ 0000000011100]
trunc_ln18    (trunc            ) [ 0000000010000]
t             (mul              ) [ 0000000001000]
sext_ln19     (sext             ) [ 0000000000000]
mul_ln19      (mul              ) [ 0000000000100]
sext_ln58_1   (sext             ) [ 0000000000000]
sext_ln19_8   (sext             ) [ 0000000000000]
add_ln19      (add              ) [ 0000000000000]
trunc_ln      (partselect       ) [ 0000000000000]
t_15          (sext             ) [ 0000000000011]
a_load_4      (load             ) [ 0000000000000]
sub_ln59      (sub              ) [ 0000000000000]
store_ln59    (store            ) [ 0000000000000]
a_load_5      (load             ) [ 0000000000000]
add_ln60      (add              ) [ 0000000000000]
store_ln60    (store            ) [ 0000000000000]
br_ln57       (br               ) [ 0011111111111]
</LifeTime>

<model>

<comp_list>
<comp id="0" class="1000" name="a">
<pin_list>
<pin id="1" dir="1" index="0" bw="1" slack="0"/>
</pin_list>
<bind>
<StgValue><ssdm name="a"/><MemPortTyVec>2 3 </MemPortTyVec>
</StgValue>
</bind>
</comp>

<comp id="2" class="1000" name="a_offset">
<pin_list>
<pin id="3" dir="1" index="0" bw="1" slack="0"/>
</pin_list>
<bind>
<StgValue><ssdm name="a_offset"/></StgValue>
</bind>
</comp>

<comp id="4" class="1000" name="zetas">
<pin_list>
<pin id="5" dir="1" index="0" bw="1" slack="0"/>
</pin_list>
<bind>
<StgValue><ssdm name="zetas"/><MemPortTyVec>1 </MemPortTyVec>
</StgValue>
</bind>
</comp>

<comp id="6" class="1001" name="const_6">
<pin_list>
<pin id="7" dir="1" index="0" bw="1" slack="0"/>
</pin_list>
<bind>
<StgValue><ssdm name=""/></StgValue>
</bind>
</comp>

<comp id="8" class="1001" name="const_8">
<pin_list>
<pin id="9" dir="1" index="0" bw="1" slack="0"/>
</pin_list>
<bind>
<StgValue><ssdm name="_ssdm_op_Read.ap_auto.i3"/></StgValue>
</bind>
</comp>

<comp id="10" class="1001" name="const_10">
<pin_list>
<pin id="11" dir="1" index="0" bw="1" slack="0"/>
</pin_list>
<bind>
<StgValue><ssdm name="_ssdm_op_BitConcatenate.i11.i3.i8"/></StgValue>
</bind>
</comp>

<comp id="12" class="1001" name="const_12">
<pin_list>
<pin id="13" dir="1" index="0" bw="1" slack="0"/>
</pin_list>
<bind>
<StgValue><ssdm name=""/></StgValue>
</bind>
</comp>

<comp id="14" class="1001" name="const_14">
<pin_list>
<pin id="15" dir="1" index="0" bw="1" slack="0"/>
</pin_list>
<bind>
<StgValue><ssdm name=""/></StgValue>
</bind>
</comp>

<comp id="16" class="1001" name="const_16">
<pin_list>
<pin id="17" dir="1" index="0" bw="1" slack="1"/>
</pin_list>
<bind>
<StgValue><ssdm name=""/></StgValue>
</bind>
</comp>

<comp id="18" class="1001" name="const_18">
<pin_list>
<pin id="19" dir="1" index="0" bw="1" slack="0"/>
</pin_list>
<bind>
<StgValue><ssdm name=""/></StgValue>
</bind>
</comp>

<comp id="20" class="1001" name="const_20">
<pin_list>
<pin id="21" dir="1" index="0" bw="1" slack="2147483647"/>
</pin_list>
<bind>
<StgValue><ssdm name="_ssdm_op_SpecLoopTripCount"/></StgValue>
</bind>
</comp>

<comp id="22" class="1001" name="const_22">
<pin_list>
<pin id="23" dir="1" index="0" bw="1" slack="2147483647"/>
</pin_list>
<bind>
<StgValue><ssdm name=""/></StgValue>
</bind>
</comp>

<comp id="24" class="1001" name="const_24">
<pin_list>
<pin id="25" dir="1" index="0" bw="1" slack="1"/>
</pin_list>
<bind>
<StgValue><ssdm name=""/></StgValue>
</bind>
</comp>

<comp id="26" class="1001" name="const_26">
<pin_list>
<pin id="27" dir="1" index="0" bw="1" slack="0"/>
</pin_list>
<bind>
<StgValue><ssdm name="_ssdm_op_PartSelect.i23.i31.i32.i32"/></StgValue>
</bind>
</comp>

<comp id="28" class="1001" name="const_28">
<pin_list>
<pin id="29" dir="1" index="0" bw="1" slack="0"/>
</pin_list>
<bind>
<StgValue><ssdm name=""/></StgValue>
</bind>
</comp>

<comp id="30" class="1001" name="const_30">
<pin_list>
<pin id="31" dir="1" index="0" bw="1" slack="0"/>
</pin_list>
<bind>
<StgValue><ssdm name=""/></StgValue>
</bind>
</comp>

<comp id="32" class="1001" name="const_32">
<pin_list>
<pin id="33" dir="1" index="0" bw="1" slack="0"/>
</pin_list>
<bind>
<StgValue><ssdm name=""/></StgValue>
</bind>
</comp>

<comp id="34" class="1001" name="const_34">
<pin_list>
<pin id="35" dir="1" index="0" bw="1" slack="0"/>
</pin_list>
<bind>
<StgValue><ssdm name=""/></StgValue>
</bind>
</comp>

<comp id="36" class="1001" name="const_36">
<pin_list>
<pin id="37" dir="1" index="0" bw="1" slack="0"/>
</pin_list>
<bind>
<StgValue><ssdm name="_ssdm_op_PartSelect.i28.i29.i32.i32"/></StgValue>
</bind>
</comp>

<comp id="38" class="1001" name="const_38">
<pin_list>
<pin id="39" dir="1" index="0" bw="1" slack="0"/>
</pin_list>
<bind>
<StgValue><ssdm name=""/></StgValue>
</bind>
</comp>

<comp id="40" class="1001" name="const_40">
<pin_list>
<pin id="41" dir="1" index="0" bw="1" slack="0"/>
</pin_list>
<bind>
<StgValue><ssdm name=""/></StgValue>
</bind>
</comp>

<comp id="42" class="1001" name="const_42">
<pin_list>
<pin id="43" dir="1" index="0" bw="1" slack="0"/>
</pin_list>
<bind>
<StgValue><ssdm name=""/></StgValue>
</bind>
</comp>

<comp id="44" class="1001" name="const_44">
<pin_list>
<pin id="45" dir="1" index="0" bw="1" slack="0"/>
</pin_list>
<bind>
<StgValue><ssdm name="_ssdm_op_PartSelect.i24.i56.i32.i32"/></StgValue>
</bind>
</comp>

<comp id="46" class="1001" name="const_46">
<pin_list>
<pin id="47" dir="1" index="0" bw="1" slack="0"/>
</pin_list>
<bind>
<StgValue><ssdm name=""/></StgValue>
</bind>
</comp>

<comp id="48" class="1001" name="const_48">
<pin_list>
<pin id="49" dir="1" index="0" bw="1" slack="0"/>
</pin_list>
<bind>
<StgValue><ssdm name=""/></StgValue>
</bind>
</comp>

<comp id="50" class="1004" name="k_2_fu_50">
<pin_list>
<pin id="51" dir="0" index="0" bw="1" slack="0"/>
<pin id="52" dir="1" index="1" bw="32" slack="0"/>
</pin_list>
<bind>
<opcode="alloca(26) " fcode="alloca"/>
<opset="k_2/1 "/>
</bind>
</comp>

<comp id="54" class="1004" name="a_offset_read_read_fu_54">
<pin_list>
<pin id="55" dir="0" index="0" bw="3" slack="0"/>
<pin id="56" dir="0" index="1" bw="3" slack="0"/>
<pin id="57" dir="1" index="2" bw="3" slack="0"/>
</pin_list>
<bind>
<opcode="read(1150) " fcode="read"/>
<opset="a_offset_read/1 "/>
</bind>
</comp>

<comp id="60" class="1004" name="zetas_addr_gep_fu_60">
<pin_list>
<pin id="61" dir="0" index="0" bw="23" slack="0"/>
<pin id="62" dir="0" index="1" bw="1" slack="0"/>
<pin id="63" dir="0" index="2" bw="32" slack="0"/>
<pin id="64" dir="1" index="3" bw="8" slack="0"/>
</pin_list>
<bind>
<opcode="getelementptr(29) " fcode="getelementptr"/>
<opset="zetas_addr/3 "/>
</bind>
</comp>

<comp id="67" class="1004" name="grp_access_fu_67">
<pin_list>
<pin id="68" dir="0" index="0" bw="8" slack="0"/>
<pin id="69" dir="0" index="1" bw="23" slack="2147483647"/>
<pin id="70" dir="0" index="2" bw="0" slack="2147483647"/>
<pin id="71" dir="1" index="3" bw="23" slack="0"/>
</pin_list>
<bind>
<opcode="load(27) " fcode="load"/>
<opset="zeta/3 "/>
</bind>
</comp>

<comp id="73" class="1004" name="a_addr11_gep_fu_73">
<pin_list>
<pin id="74" dir="0" index="0" bw="32" slack="0"/>
<pin id="75" dir="0" index="1" bw="1" slack="0"/>
<pin id="76" dir="0" index="2" bw="12" slack="0"/>
<pin id="77" dir="1" index="3" bw="10" slack="0"/>
</pin_list>
<bind>
<opcode="getelementptr(29) " fcode="getelementptr"/>
<opset="a_addr11/5 "/>
</bind>
</comp>

<comp id="80" class="1004" name="grp_access_fu_80">
<pin_list>
<pin id="81" dir="0" index="0" bw="10" slack="0"/>
<pin id="82" dir="0" index="1" bw="32" slack="0"/>
<pin id="83" dir="0" index="2" bw="0" slack="2147483647"/>
<pin id="84" dir="1" index="3" bw="32" slack="0"/>
</pin_list>
<bind>
<opcode="load(27) store(28) " fcode="store"/>
<opset="a_load/5 a_load_4/9 store_ln59/10 a_load_5/11 store_ln60/12 "/>
</bind>
</comp>

<comp id="86" class="1004" name="a_addr_gep_fu_86">
<pin_list>
<pin id="87" dir="0" index="0" bw="32" slack="0"/>
<pin id="88" dir="0" index="1" bw="1" slack="0"/>
<pin id="89" dir="0" index="2" bw="12" slack="0"/>
<pin id="90" dir="1" index="3" bw="10" slack="4"/>
</pin_list>
<bind>
<opcode="getelementptr(29) " fcode="getelementptr"/>
<opset="a_addr/5 "/>
</bind>
</comp>

<comp id="93" class="1005" name="len_0_reg_93">
<pin_list>
<pin id="94" dir="0" index="0" bw="29" slack="1"/>
<pin id="95" dir="1" index="1" bw="29" slack="1"/>
</pin_list>
<bind>
<opset="len_0 (phireg) "/>
</bind>
</comp>

<comp id="97" class="1004" name="len_0_phi_fu_97">
<pin_list>
<pin id="98" dir="0" index="0" bw="9" slack="1"/>
<pin id="99" dir="0" index="1" bw="0" slack="2147483647"/>
<pin id="100" dir="0" index="2" bw="28" slack="1"/>
<pin id="101" dir="0" index="3" bw="0" slack="2147483647"/>
<pin id="102" dir="1" index="4" bw="29" slack="0"/>
</pin_list>
<bind>
<opcode="phi(47) " fcode="phi"/>
<opset="len_0/2 "/>
</bind>
</comp>

<comp id="105" class="1005" name="j_reg_105">
<pin_list>
<pin id="106" dir="0" index="0" bw="31" slack="1"/>
<pin id="107" dir="1" index="1" bw="31" slack="1"/>
</pin_list>
<bind>
<opset="j (phireg) "/>
</bind>
</comp>

<comp id="109" class="1004" name="j_phi_fu_109">
<pin_list>
<pin id="110" dir="0" index="0" bw="31" slack="1"/>
<pin id="111" dir="0" index="1" bw="0" slack="2147483647"/>
<pin id="112" dir="0" index="2" bw="1" slack="1"/>
<pin id="113" dir="0" index="3" bw="0" slack="2147483647"/>
<pin id="114" dir="1" index="4" bw="31" slack="0"/>
</pin_list>
<bind>
<opcode="phi(47) " fcode="phi"/>
<opset="j/3 "/>
</bind>
</comp>

<comp id="117" class="1005" name="j_0_reg_117">
<pin_list>
<pin id="118" dir="0" index="0" bw="32" slack="2147483647"/>
<pin id="119" dir="1" index="1" bw="32" slack="2147483647"/>
</pin_list>
<bind>
<opset="j_0 (phireg) "/>
</bind>
</comp>

<comp id="120" class="1004" name="j_0_phi_fu_120">
<pin_list>
<pin id="121" dir="0" index="0" bw="31" slack="2"/>
<pin id="122" dir="0" index="1" bw="0" slack="2147483647"/>
<pin id="123" dir="0" index="2" bw="32" slack="0"/>
<pin id="124" dir="0" index="3" bw="0" slack="2147483647"/>
<pin id="125" dir="1" index="4" bw="32" slack="0"/>
</pin_list>
<bind>
<opcode="phi(47) " fcode="phi"/>
<opset="j_0/5 "/>
</bind>
</comp>

<comp id="126" class="1004" name="tmp_fu_126">
<pin_list>
<pin id="127" dir="0" index="0" bw="11" slack="0"/>
<pin id="128" dir="0" index="1" bw="3" slack="0"/>
<pin id="129" dir="0" index="2" bw="1" slack="0"/>
<pin id="130" dir="1" index="3" bw="11" slack="0"/>
</pin_list>
<bind>
<opcode="bitconcatenate(1004) " fcode="bitconcatenate"/>
<opset="tmp/1 "/>
</bind>
</comp>

<comp id="134" class="1004" name="zext_ln49_fu_134">
<pin_list>
<pin id="135" dir="0" index="0" bw="11" slack="0"/>
<pin id="136" dir="1" index="1" bw="12" slack="4"/>
</pin_list>
<bind>
<opcode="zext(34) " fcode="zext"/>
<opset="zext_ln49/1 "/>
</bind>
</comp>

<comp id="138" class="1004" name="store_ln54_store_fu_138">
<pin_list>
<pin id="139" dir="0" index="0" bw="1" slack="0"/>
<pin id="140" dir="0" index="1" bw="32" slack="0"/>
<pin id="141" dir="1" index="2" bw="0" slack="2147483647"/>
</pin_list>
<bind>
<opcode="store(28) " fcode="store"/>
<opset="store_ln54/1 "/>
</bind>
</comp>

<comp id="143" class="1004" name="zext_ln54_fu_143">
<pin_list>
<pin id="144" dir="0" index="0" bw="29" slack="0"/>
<pin id="145" dir="1" index="1" bw="31" slack="2"/>
</pin_list>
<bind>
<opcode="zext(34) " fcode="zext"/>
<opset="zext_ln54/2 "/>
</bind>
</comp>

<comp id="147" class="1004" name="icmp_ln54_fu_147">
<pin_list>
<pin id="148" dir="0" index="0" bw="29" slack="0"/>
<pin id="149" dir="0" index="1" bw="1" slack="0"/>
<pin id="150" dir="1" index="2" bw="1" slack="2147483647"/>
</pin_list>
<bind>
<opcode="icmp(45) " fcode="icmp"/>
<opset="icmp_ln54/2 "/>
</bind>
</comp>

<comp id="153" class="1004" name="zext_ln55_fu_153">
<pin_list>
<pin id="154" dir="0" index="0" bw="31" slack="0"/>
<pin id="155" dir="1" index="1" bw="32" slack="2"/>
</pin_list>
<bind>
<opcode="zext(34) " fcode="zext"/>
<opset="zext_ln55/3 "/>
</bind>
</comp>

<comp id="157" class="1004" name="tmp_23_fu_157">
<pin_list>
<pin id="158" dir="0" index="0" bw="23" slack="0"/>
<pin id="159" dir="0" index="1" bw="31" slack="0"/>
<pin id="160" dir="0" index="2" bw="5" slack="0"/>
<pin id="161" dir="0" index="3" bw="6" slack="0"/>
<pin id="162" dir="1" index="4" bw="23" slack="0"/>
</pin_list>
<bind>
<opcode="partselect(1002) " fcode="partselect"/>
<opset="tmp_23/3 "/>
</bind>
</comp>

<comp id="167" class="1004" name="icmp_ln55_fu_167">
<pin_list>
<pin id="168" dir="0" index="0" bw="23" slack="0"/>
<pin id="169" dir="0" index="1" bw="1" slack="0"/>
<pin id="170" dir="1" index="2" bw="1" slack="2147483647"/>
</pin_list>
<bind>
<opcode="icmp(45) " fcode="icmp"/>
<opset="icmp_ln55/3 "/>
</bind>
</comp>

<comp id="173" class="1004" name="k_2_load_load_fu_173">
<pin_list>
<pin id="174" dir="0" index="0" bw="32" slack="2"/>
<pin id="175" dir="1" index="1" bw="32" slack="0"/>
</pin_list>
<bind>
<opcode="load(27) " fcode="load"/>
<opset="k_2_load/3 "/>
</bind>
</comp>

<comp id="176" class="1004" name="k_fu_176">
<pin_list>
<pin id="177" dir="0" index="0" bw="1" slack="0"/>
<pin id="178" dir="0" index="1" bw="32" slack="0"/>
<pin id="179" dir="1" index="2" bw="32" slack="0"/>
</pin_list>
<bind>
<opcode="add(8) " fcode="add"/>
<opset="k/3 "/>
</bind>
</comp>

<comp id="182" class="1004" name="zext_ln56_fu_182">
<pin_list>
<pin id="183" dir="0" index="0" bw="32" slack="0"/>
<pin id="184" dir="1" index="1" bw="64" slack="0"/>
</pin_list>
<bind>
<opcode="zext(34) " fcode="zext"/>
<opset="zext_ln56/3 "/>
</bind>
</comp>

<comp id="187" class="1004" name="tmp_24_fu_187">
<pin_list>
<pin id="188" dir="0" index="0" bw="28" slack="0"/>
<pin id="189" dir="0" index="1" bw="29" slack="1"/>
<pin id="190" dir="0" index="2" bw="1" slack="0"/>
<pin id="191" dir="0" index="3" bw="6" slack="0"/>
<pin id="192" dir="1" index="4" bw="28" slack="0"/>
</pin_list>
<bind>
<opcode="partselect(1002) " fcode="partselect"/>
<opset="tmp_24/3 "/>
</bind>
</comp>

<comp id="197" class="1004" name="zext_ln54_1_fu_197">
<pin_list>
<pin id="198" dir="0" index="0" bw="28" slack="0"/>
<pin id="199" dir="1" index="1" bw="29" slack="1"/>
</pin_list>
<bind>
<opcode="zext(34) " fcode="zext"/>
<opset="zext_ln54_1/3 "/>
</bind>
</comp>

<comp id="201" class="1004" name="add_ln57_fu_201">
<pin_list>
<pin id="202" dir="0" index="0" bw="29" slack="2"/>
<pin id="203" dir="0" index="1" bw="31" slack="1"/>
<pin id="204" dir="1" index="2" bw="31" slack="0"/>
</pin_list>
<bind>
<opcode="add(8) " fcode="add"/>
<opset="add_ln57/4 "/>
</bind>
</comp>

<comp id="206" class="1004" name="zext_ln57_fu_206">
<pin_list>
<pin id="207" dir="0" index="0" bw="31" slack="0"/>
<pin id="208" dir="1" index="1" bw="32" slack="1"/>
</pin_list>
<bind>
<opcode="zext(34) " fcode="zext"/>
<opset="zext_ln57/4 "/>
</bind>
</comp>

<comp id="210" class="1004" name="empty_86_fu_210">
<pin_list>
<pin id="211" dir="0" index="0" bw="31" slack="1"/>
<pin id="212" dir="0" index="1" bw="31" slack="0"/>
<pin id="213" dir="1" index="2" bw="1" slack="0"/>
</pin_list>
<bind>
<opcode="icmp(45) " fcode="icmp"/>
<opset="empty_86/4 "/>
</bind>
</comp>

<comp id="216" class="1004" name="trunc_ln55_fu_216">
<pin_list>
<pin id="217" dir="0" index="0" bw="31" slack="1"/>
<pin id="218" dir="1" index="1" bw="30" slack="0"/>
</pin_list>
<bind>
<opcode="trunc(33) " fcode="trunc"/>
<opset="trunc_ln55/4 "/>
</bind>
</comp>

<comp id="220" class="1004" name="trunc_ln55_1_fu_220">
<pin_list>
<pin id="221" dir="0" index="0" bw="31" slack="0"/>
<pin id="222" dir="1" index="1" bw="30" slack="0"/>
</pin_list>
<bind>
<opcode="trunc(33) " fcode="trunc"/>
<opset="trunc_ln55_1/4 "/>
</bind>
</comp>

<comp id="224" class="1004" name="start_fu_224">
<pin_list>
<pin id="225" dir="0" index="0" bw="1" slack="0"/>
<pin id="226" dir="0" index="1" bw="30" slack="0"/>
<pin id="227" dir="0" index="2" bw="30" slack="0"/>
<pin id="228" dir="1" index="3" bw="30" slack="0"/>
</pin_list>
<bind>
<opcode="select(49) " fcode="select"/>
<opset="start/4 "/>
</bind>
</comp>

<comp id="232" class="1004" name="zext_ln55_1_fu_232">
<pin_list>
<pin id="233" dir="0" index="0" bw="30" slack="0"/>
<pin id="234" dir="1" index="1" bw="31" slack="1"/>
</pin_list>
<bind>
<opcode="zext(34) " fcode="zext"/>
<opset="zext_ln55_1/4 "/>
</bind>
</comp>

<comp id="236" class="1004" name="sext_ln57_fu_236">
<pin_list>
<pin id="237" dir="0" index="0" bw="23" slack="0"/>
<pin id="238" dir="1" index="1" bw="54" slack="3"/>
</pin_list>
<bind>
<opcode="sext(35) " fcode="sext"/>
<opset="sext_ln57/4 "/>
</bind>
</comp>

<comp id="240" class="1004" name="icmp_ln57_fu_240">
<pin_list>
<pin id="241" dir="0" index="0" bw="32" slack="0"/>
<pin id="242" dir="0" index="1" bw="31" slack="1"/>
<pin id="243" dir="1" index="2" bw="1" slack="2147483647"/>
</pin_list>
<bind>
<opcode="icmp(45) " fcode="icmp"/>
<opset="icmp_ln57/5 "/>
</bind>
</comp>

<comp id="245" class="1004" name="trunc_ln58_fu_245">
<pin_list>
<pin id="246" dir="0" index="0" bw="32" slack="0"/>
<pin id="247" dir="1" index="1" bw="12" slack="0"/>
</pin_list>
<bind>
<opcode="trunc(33) " fcode="trunc"/>
<opset="trunc_ln58/5 "/>
</bind>
</comp>

<comp id="249" class="1004" name="trunc_ln58_1_fu_249">
<pin_list>
<pin id="250" dir="0" index="0" bw="29" slack="3"/>
<pin id="251" dir="1" index="1" bw="12" slack="0"/>
</pin_list>
<bind>
<opcode="trunc(33) " fcode="trunc"/>
<opset="trunc_ln58_1/5 "/>
</bind>
</comp>

<comp id="253" class="1004" name="add_ln58_fu_253">
<pin_list>
<pin id="254" dir="0" index="0" bw="12" slack="0"/>
<pin id="255" dir="0" index="1" bw="12" slack="0"/>
<pin id="256" dir="1" index="2" bw="12" slack="0"/>
</pin_list>
<bind>
<opcode="add(8) " fcode="add"/>
<opset="add_ln58/5 "/>
</bind>
</comp>

<comp id="259" class="1004" name="add_ln58_1_fu_259">
<pin_list>
<pin id="260" dir="0" index="0" bw="11" slack="4"/>
<pin id="261" dir="0" index="1" bw="12" slack="0"/>
<pin id="262" dir="1" index="2" bw="12" slack="0"/>
</pin_list>
<bind>
<opcode="add(8) " fcode="add"/>
<opset="add_ln58_1/5 "/>
</bind>
</comp>

<comp id="264" class="1004" name="zext_ln58_fu_264">
<pin_list>
<pin id="265" dir="0" index="0" bw="12" slack="0"/>
<pin id="266" dir="1" index="1" bw="64" slack="0"/>
</pin_list>
<bind>
<opcode="zext(34) " fcode="zext"/>
<opset="zext_ln58/5 "/>
</bind>
</comp>

<comp id="269" class="1004" name="trunc_ln59_fu_269">
<pin_list>
<pin id="270" dir="0" index="0" bw="32" slack="0"/>
<pin id="271" dir="1" index="1" bw="12" slack="0"/>
</pin_list>
<bind>
<opcode="trunc(33) " fcode="trunc"/>
<opset="trunc_ln59/5 "/>
</bind>
</comp>

<comp id="273" class="1004" name="add_ln59_fu_273">
<pin_list>
<pin id="274" dir="0" index="0" bw="11" slack="4"/>
<pin id="275" dir="0" index="1" bw="12" slack="0"/>
<pin id="276" dir="1" index="2" bw="12" slack="0"/>
</pin_list>
<bind>
<opcode="add(8) " fcode="add"/>
<opset="add_ln59/5 "/>
</bind>
</comp>

<comp id="278" class="1004" name="zext_ln59_fu_278">
<pin_list>
<pin id="279" dir="0" index="0" bw="12" slack="0"/>
<pin id="280" dir="1" index="1" bw="64" slack="0"/>
</pin_list>
<bind>
<opcode="zext(34) " fcode="zext"/>
<opset="zext_ln59/5 "/>
</bind>
</comp>

<comp id="283" class="1004" name="j_4_fu_283">
<pin_list>
<pin id="284" dir="0" index="0" bw="1" slack="0"/>
<pin id="285" dir="0" index="1" bw="32" slack="0"/>
<pin id="286" dir="1" index="2" bw="32" slack="0"/>
</pin_list>
<bind>
<opcode="add(8) " fcode="add"/>
<opset="j_4/5 "/>
</bind>
</comp>

<comp id="289" class="1004" name="add_ln55_fu_289">
<pin_list>
<pin id="290" dir="0" index="0" bw="29" slack="3"/>
<pin id="291" dir="0" index="1" bw="30" slack="1"/>
<pin id="292" dir="1" index="2" bw="31" slack="1"/>
</pin_list>
<bind>
<opcode="add(8) " fcode="add"/>
<opset="add_ln55/5 "/>
</bind>
</comp>

<comp id="293" class="1004" name="store_ln55_store_fu_293">
<pin_list>
<pin id="294" dir="0" index="0" bw="32" slack="2"/>
<pin id="295" dir="0" index="1" bw="32" slack="4"/>
<pin id="296" dir="1" index="2" bw="0" slack="2147483647"/>
</pin_list>
<bind>
<opcode="store(28) " fcode="store"/>
<opset="store_ln55/5 "/>
</bind>
</comp>

<comp id="297" class="1004" name="sext_ln58_fu_297">
<pin_list>
<pin id="298" dir="0" index="0" bw="32" slack="1"/>
<pin id="299" dir="1" index="1" bw="54" slack="0"/>
</pin_list>
<bind>
<opcode="sext(35) " fcode="sext"/>
<opset="sext_ln58/7 "/>
</bind>
</comp>

<comp id="300" class="1004" name="mul_ln58_fu_300">
<pin_list>
<pin id="301" dir="0" index="0" bw="23" slack="3"/>
<pin id="302" dir="0" index="1" bw="32" slack="0"/>
<pin id="303" dir="1" index="2" bw="54" slack="0"/>
</pin_list>
<bind>
<opcode="mul(12) " fcode="mul"/>
<opset="mul_ln58/7 "/>
</bind>
</comp>

<comp id="305" class="1004" name="trunc_ln18_fu_305">
<pin_list>
<pin id="306" dir="0" index="0" bw="54" slack="0"/>
<pin id="307" dir="1" index="1" bw="32" slack="1"/>
</pin_list>
<bind>
<opcode="trunc(33) " fcode="trunc"/>
<opset="trunc_ln18/7 "/>
</bind>
</comp>

<comp id="309" class="1004" name="t_fu_309">
<pin_list>
<pin id="310" dir="0" index="0" bw="27" slack="0"/>
<pin id="311" dir="0" index="1" bw="32" slack="1"/>
<pin id="312" dir="1" index="2" bw="32" slack="1"/>
</pin_list>
<bind>
<opcode="mul(12) " fcode="mul"/>
<opset="t/8 "/>
</bind>
</comp>

<comp id="314" class="1004" name="sext_ln19_fu_314">
<pin_list>
<pin id="315" dir="0" index="0" bw="32" slack="1"/>
<pin id="316" dir="1" index="1" bw="55" slack="0"/>
</pin_list>
<bind>
<opcode="sext(35) " fcode="sext"/>
<opset="sext_ln19/9 "/>
</bind>
</comp>

<comp id="317" class="1004" name="mul_ln19_fu_317">
<pin_list>
<pin id="318" dir="0" index="0" bw="24" slack="0"/>
<pin id="319" dir="0" index="1" bw="32" slack="0"/>
<pin id="320" dir="1" index="2" bw="55" slack="1"/>
</pin_list>
<bind>
<opcode="mul(12) " fcode="mul"/>
<opset="mul_ln19/9 "/>
</bind>
</comp>

<comp id="323" class="1004" name="sext_ln58_1_fu_323">
<pin_list>
<pin id="324" dir="0" index="0" bw="54" slack="3"/>
<pin id="325" dir="1" index="1" bw="56" slack="0"/>
</pin_list>
<bind>
<opcode="sext(35) " fcode="sext"/>
<opset="sext_ln58_1/10 "/>
</bind>
</comp>

<comp id="326" class="1004" name="sext_ln19_8_fu_326">
<pin_list>
<pin id="327" dir="0" index="0" bw="55" slack="1"/>
<pin id="328" dir="1" index="1" bw="56" slack="0"/>
</pin_list>
<bind>
<opcode="sext(35) " fcode="sext"/>
<opset="sext_ln19_8/10 "/>
</bind>
</comp>

<comp id="329" class="1004" name="add_ln19_fu_329">
<pin_list>
<pin id="330" dir="0" index="0" bw="54" slack="0"/>
<pin id="331" dir="0" index="1" bw="55" slack="0"/>
<pin id="332" dir="1" index="2" bw="56" slack="0"/>
</pin_list>
<bind>
<opcode="add(8) " fcode="add"/>
<opset="add_ln19/10 "/>
</bind>
</comp>

<comp id="335" class="1004" name="trunc_ln_fu_335">
<pin_list>
<pin id="336" dir="0" index="0" bw="24" slack="0"/>
<pin id="337" dir="0" index="1" bw="56" slack="0"/>
<pin id="338" dir="0" index="2" bw="7" slack="0"/>
<pin id="339" dir="0" index="3" bw="7" slack="0"/>
<pin id="340" dir="1" index="4" bw="24" slack="0"/>
</pin_list>
<bind>
<opcode="partselect(1002) " fcode="partselect"/>
<opset="trunc_ln/10 "/>
</bind>
</comp>

<comp id="345" class="1004" name="t_15_fu_345">
<pin_list>
<pin id="346" dir="0" index="0" bw="24" slack="0"/>
<pin id="347" dir="1" index="1" bw="32" slack="0"/>
</pin_list>
<bind>
<opcode="sext(35) " fcode="sext"/>
<opset="t_15/10 "/>
</bind>
</comp>

<comp id="349" class="1004" name="sub_ln59_fu_349">
<pin_list>
<pin id="350" dir="0" index="0" bw="32" slack="0"/>
<pin id="351" dir="0" index="1" bw="24" slack="0"/>
<pin id="352" dir="1" index="2" bw="32" slack="0"/>
</pin_list>
<bind>
<opcode="sub(10) " fcode="sub"/>
<opset="sub_ln59/10 "/>
</bind>
</comp>

<comp id="356" class="1004" name="add_ln60_fu_356">
<pin_list>
<pin id="357" dir="0" index="0" bw="24" slack="2"/>
<pin id="358" dir="0" index="1" bw="32" slack="0"/>
<pin id="359" dir="1" index="2" bw="32" slack="0"/>
</pin_list>
<bind>
<opcode="add(8) " fcode="add"/>
<opset="add_ln60/12 "/>
</bind>
</comp>

<comp id="362" class="1005" name="k_2_reg_362">
<pin_list>
<pin id="363" dir="0" index="0" bw="32" slack="0"/>
<pin id="364" dir="1" index="1" bw="32" slack="0"/>
</pin_list>
<bind>
<opset="k_2 "/>
</bind>
</comp>

<comp id="369" class="1005" name="zext_ln49_reg_369">
<pin_list>
<pin id="370" dir="0" index="0" bw="12" slack="4"/>
<pin id="371" dir="1" index="1" bw="12" slack="4"/>
</pin_list>
<bind>
<opset="zext_ln49 "/>
</bind>
</comp>

<comp id="375" class="1005" name="zext_ln54_reg_375">
<pin_list>
<pin id="376" dir="0" index="0" bw="31" slack="2"/>
<pin id="377" dir="1" index="1" bw="31" slack="2"/>
</pin_list>
<bind>
<opset="zext_ln54 "/>
</bind>
</comp>

<comp id="384" class="1005" name="zext_ln55_reg_384">
<pin_list>
<pin id="385" dir="0" index="0" bw="32" slack="2"/>
<pin id="386" dir="1" index="1" bw="32" slack="2"/>
</pin_list>
<bind>
<opset="zext_ln55 "/>
</bind>
</comp>

<comp id="392" class="1005" name="k_reg_392">
<pin_list>
<pin id="393" dir="0" index="0" bw="32" slack="2"/>
<pin id="394" dir="1" index="1" bw="32" slack="2"/>
</pin_list>
<bind>
<opset="k "/>
</bind>
</comp>

<comp id="397" class="1005" name="zetas_addr_reg_397">
<pin_list>
<pin id="398" dir="0" index="0" bw="8" slack="1"/>
<pin id="399" dir="1" index="1" bw="8" slack="1"/>
</pin_list>
<bind>
<opset="zetas_addr "/>
</bind>
</comp>

<comp id="402" class="1005" name="zext_ln54_1_reg_402">
<pin_list>
<pin id="403" dir="0" index="0" bw="29" slack="1"/>
<pin id="404" dir="1" index="1" bw="29" slack="1"/>
</pin_list>
<bind>
<opset="zext_ln54_1 "/>
</bind>
</comp>

<comp id="407" class="1005" name="zext_ln57_reg_407">
<pin_list>
<pin id="408" dir="0" index="0" bw="32" slack="1"/>
<pin id="409" dir="1" index="1" bw="32" slack="1"/>
</pin_list>
<bind>
<opset="zext_ln57 "/>
</bind>
</comp>

<comp id="412" class="1005" name="zext_ln55_1_reg_412">
<pin_list>
<pin id="413" dir="0" index="0" bw="31" slack="1"/>
<pin id="414" dir="1" index="1" bw="31" slack="1"/>
</pin_list>
<bind>
<opset="zext_ln55_1 "/>
</bind>
</comp>

<comp id="417" class="1005" name="sext_ln57_reg_417">
<pin_list>
<pin id="418" dir="0" index="0" bw="54" slack="3"/>
<pin id="419" dir="1" index="1" bw="54" slack="3"/>
</pin_list>
<bind>
<opset="sext_ln57 "/>
</bind>
</comp>

<comp id="425" class="1005" name="a_addr11_reg_425">
<pin_list>
<pin id="426" dir="0" index="0" bw="10" slack="1"/>
<pin id="427" dir="1" index="1" bw="10" slack="1"/>
</pin_list>
<bind>
<opset="a_addr11 "/>
</bind>
</comp>

<comp id="430" class="1005" name="a_addr_reg_430">
<pin_list>
<pin id="431" dir="0" index="0" bw="10" slack="4"/>
<pin id="432" dir="1" index="1" bw="10" slack="4"/>
</pin_list>
<bind>
<opset="a_addr "/>
</bind>
</comp>

<comp id="435" class="1005" name="j_4_reg_435">
<pin_list>
<pin id="436" dir="0" index="0" bw="32" slack="0"/>
<pin id="437" dir="1" index="1" bw="32" slack="0"/>
</pin_list>
<bind>
<opset="j_4 "/>
</bind>
</comp>

<comp id="440" class="1005" name="add_ln55_reg_440">
<pin_list>
<pin id="441" dir="0" index="0" bw="31" slack="1"/>
<pin id="442" dir="1" index="1" bw="31" slack="1"/>
</pin_list>
<bind>
<opset="add_ln55 "/>
</bind>
</comp>

<comp id="445" class="1005" name="a_load_reg_445">
<pin_list>
<pin id="446" dir="0" index="0" bw="32" slack="1"/>
<pin id="447" dir="1" index="1" bw="32" slack="1"/>
</pin_list>
<bind>
<opset="a_load "/>
</bind>
</comp>

<comp id="450" class="1005" name="mul_ln58_reg_450">
<pin_list>
<pin id="451" dir="0" index="0" bw="54" slack="3"/>
<pin id="452" dir="1" index="1" bw="54" slack="3"/>
</pin_list>
<bind>
<opset="mul_ln58 "/>
</bind>
</comp>

<comp id="455" class="1005" name="trunc_ln18_reg_455">
<pin_list>
<pin id="456" dir="0" index="0" bw="32" slack="1"/>
<pin id="457" dir="1" index="1" bw="32" slack="1"/>
</pin_list>
<bind>
<opset="trunc_ln18 "/>
</bind>
</comp>

<comp id="460" class="1005" name="t_reg_460">
<pin_list>
<pin id="461" dir="0" index="0" bw="32" slack="1"/>
<pin id="462" dir="1" index="1" bw="32" slack="1"/>
</pin_list>
<bind>
<opset="t "/>
</bind>
</comp>

<comp id="465" class="1005" name="mul_ln19_reg_465">
<pin_list>
<pin id="466" dir="0" index="0" bw="55" slack="1"/>
<pin id="467" dir="1" index="1" bw="55" slack="1"/>
</pin_list>
<bind>
<opset="mul_ln19 "/>
</bind>
</comp>

<comp id="470" class="1005" name="t_15_reg_470">
<pin_list>
<pin id="471" dir="0" index="0" bw="32" slack="2"/>
<pin id="472" dir="1" index="1" bw="32" slack="2"/>
</pin_list>
<bind>
<opset="t_15 "/>
</bind>
</comp>

</comp_list>

<net_list>
<net id="53"><net_src comp="6" pin="0"/><net_sink comp="50" pin=0"/></net>

<net id="58"><net_src comp="8" pin="0"/><net_sink comp="54" pin=0"/></net>

<net id="59"><net_src comp="2" pin="0"/><net_sink comp="54" pin=1"/></net>

<net id="65"><net_src comp="4" pin="0"/><net_sink comp="60" pin=0"/></net>

<net id="66"><net_src comp="34" pin="0"/><net_sink comp="60" pin=1"/></net>

<net id="72"><net_src comp="60" pin="3"/><net_sink comp="67" pin=0"/></net>

<net id="78"><net_src comp="0" pin="0"/><net_sink comp="73" pin=0"/></net>

<net id="79"><net_src comp="34" pin="0"/><net_sink comp="73" pin=1"/></net>

<net id="85"><net_src comp="73" pin="3"/><net_sink comp="80" pin=0"/></net>

<net id="91"><net_src comp="0" pin="0"/><net_sink comp="86" pin=0"/></net>

<net id="92"><net_src comp="34" pin="0"/><net_sink comp="86" pin=1"/></net>

<net id="96"><net_src comp="16" pin="0"/><net_sink comp="93" pin=0"/></net>

<net id="103"><net_src comp="93" pin="1"/><net_sink comp="97" pin=0"/></net>

<net id="104"><net_src comp="97" pin="4"/><net_sink comp="93" pin=0"/></net>

<net id="108"><net_src comp="24" pin="0"/><net_sink comp="105" pin=0"/></net>

<net id="115"><net_src comp="105" pin="1"/><net_sink comp="109" pin=2"/></net>

<net id="116"><net_src comp="109" pin="4"/><net_sink comp="105" pin=0"/></net>

<net id="131"><net_src comp="10" pin="0"/><net_sink comp="126" pin=0"/></net>

<net id="132"><net_src comp="54" pin="2"/><net_sink comp="126" pin=1"/></net>

<net id="133"><net_src comp="12" pin="0"/><net_sink comp="126" pin=2"/></net>

<net id="137"><net_src comp="126" pin="3"/><net_sink comp="134" pin=0"/></net>

<net id="142"><net_src comp="14" pin="0"/><net_sink comp="138" pin=0"/></net>

<net id="146"><net_src comp="97" pin="4"/><net_sink comp="143" pin=0"/></net>

<net id="151"><net_src comp="97" pin="4"/><net_sink comp="147" pin=0"/></net>

<net id="152"><net_src comp="18" pin="0"/><net_sink comp="147" pin=1"/></net>

<net id="156"><net_src comp="109" pin="4"/><net_sink comp="153" pin=0"/></net>

<net id="163"><net_src comp="26" pin="0"/><net_sink comp="157" pin=0"/></net>

<net id="164"><net_src comp="109" pin="4"/><net_sink comp="157" pin=1"/></net>

<net id="165"><net_src comp="28" pin="0"/><net_sink comp="157" pin=2"/></net>

<net id="166"><net_src comp="30" pin="0"/><net_sink comp="157" pin=3"/></net>

<net id="171"><net_src comp="157" pin="4"/><net_sink comp="167" pin=0"/></net>

<net id="172"><net_src comp="32" pin="0"/><net_sink comp="167" pin=1"/></net>

<net id="180"><net_src comp="6" pin="0"/><net_sink comp="176" pin=0"/></net>

<net id="181"><net_src comp="173" pin="1"/><net_sink comp="176" pin=1"/></net>

<net id="185"><net_src comp="176" pin="2"/><net_sink comp="182" pin=0"/></net>

<net id="186"><net_src comp="182" pin="1"/><net_sink comp="60" pin=2"/></net>

<net id="193"><net_src comp="36" pin="0"/><net_sink comp="187" pin=0"/></net>

<net id="194"><net_src comp="93" pin="1"/><net_sink comp="187" pin=1"/></net>

<net id="195"><net_src comp="6" pin="0"/><net_sink comp="187" pin=2"/></net>

<net id="196"><net_src comp="38" pin="0"/><net_sink comp="187" pin=3"/></net>

<net id="200"><net_src comp="187" pin="4"/><net_sink comp="197" pin=0"/></net>

<net id="205"><net_src comp="105" pin="1"/><net_sink comp="201" pin=1"/></net>

<net id="209"><net_src comp="201" pin="2"/><net_sink comp="206" pin=0"/></net>

<net id="214"><net_src comp="105" pin="1"/><net_sink comp="210" pin=0"/></net>

<net id="215"><net_src comp="201" pin="2"/><net_sink comp="210" pin=1"/></net>

<net id="219"><net_src comp="105" pin="1"/><net_sink comp="216" pin=0"/></net>

<net id="223"><net_src comp="201" pin="2"/><net_sink comp="220" pin=0"/></net>

<net id="229"><net_src comp="210" pin="2"/><net_sink comp="224" pin=0"/></net>

<net id="230"><net_src comp="216" pin="1"/><net_sink comp="224" pin=1"/></net>

<net id="231"><net_src comp="220" pin="1"/><net_sink comp="224" pin=2"/></net>

<net id="235"><net_src comp="224" pin="3"/><net_sink comp="232" pin=0"/></net>

<net id="239"><net_src comp="67" pin="3"/><net_sink comp="236" pin=0"/></net>

<net id="244"><net_src comp="120" pin="4"/><net_sink comp="240" pin=0"/></net>

<net id="248"><net_src comp="120" pin="4"/><net_sink comp="245" pin=0"/></net>

<net id="252"><net_src comp="93" pin="1"/><net_sink comp="249" pin=0"/></net>

<net id="257"><net_src comp="249" pin="1"/><net_sink comp="253" pin=0"/></net>

<net id="258"><net_src comp="245" pin="1"/><net_sink comp="253" pin=1"/></net>

<net id="263"><net_src comp="253" pin="2"/><net_sink comp="259" pin=1"/></net>

<net id="267"><net_src comp="259" pin="2"/><net_sink comp="264" pin=0"/></net>

<net id="268"><net_src comp="264" pin="1"/><net_sink comp="73" pin=2"/></net>

<net id="272"><net_src comp="120" pin="4"/><net_sink comp="269" pin=0"/></net>

<net id="277"><net_src comp="269" pin="1"/><net_sink comp="273" pin=1"/></net>

<net id="281"><net_src comp="273" pin="2"/><net_sink comp="278" pin=0"/></net>

<net id="282"><net_src comp="278" pin="1"/><net_sink comp="86" pin=2"/></net>

<net id="287"><net_src comp="6" pin="0"/><net_sink comp="283" pin=0"/></net>

<net id="288"><net_src comp="120" pin="4"/><net_sink comp="283" pin=1"/></net>

<net id="304"><net_src comp="297" pin="1"/><net_sink comp="300" pin=1"/></net>

<net id="308"><net_src comp="300" pin="2"/><net_sink comp="305" pin=0"/></net>

<net id="313"><net_src comp="40" pin="0"/><net_sink comp="309" pin=0"/></net>

<net id="321"><net_src comp="42" pin="0"/><net_sink comp="317" pin=0"/></net>

<net id="322"><net_src comp="314" pin="1"/><net_sink comp="317" pin=1"/></net>

<net id="333"><net_src comp="323" pin="1"/><net_sink comp="329" pin=0"/></net>

<net id="334"><net_src comp="326" pin="1"/><net_sink comp="329" pin=1"/></net>

<net id="341"><net_src comp="44" pin="0"/><net_sink comp="335" pin=0"/></net>

<net id="342"><net_src comp="329" pin="2"/><net_sink comp="335" pin=1"/></net>

<net id="343"><net_src comp="46" pin="0"/><net_sink comp="335" pin=2"/></net>

<net id="344"><net_src comp="48" pin="0"/><net_sink comp="335" pin=3"/></net>

<net id="348"><net_src comp="335" pin="4"/><net_sink comp="345" pin=0"/></net>

<net id="353"><net_src comp="80" pin="3"/><net_sink comp="349" pin=0"/></net>

<net id="354"><net_src comp="345" pin="1"/><net_sink comp="349" pin=1"/></net>

<net id="355"><net_src comp="349" pin="2"/><net_sink comp="80" pin=1"/></net>

<net id="360"><net_src comp="80" pin="3"/><net_sink comp="356" pin=1"/></net>

<net id="361"><net_src comp="356" pin="2"/><net_sink comp="80" pin=1"/></net>

<net id="365"><net_src comp="50" pin="1"/><net_sink comp="362" pin=0"/></net>

<net id="366"><net_src comp="362" pin="1"/><net_sink comp="138" pin=1"/></net>

<net id="367"><net_src comp="362" pin="1"/><net_sink comp="173" pin=0"/></net>

<net id="368"><net_src comp="362" pin="1"/><net_sink comp="293" pin=1"/></net>

<net id="372"><net_src comp="134" pin="1"/><net_sink comp="369" pin=0"/></net>

<net id="373"><net_src comp="369" pin="1"/><net_sink comp="259" pin=0"/></net>

<net id="374"><net_src comp="369" pin="1"/><net_sink comp="273" pin=0"/></net>

<net id="378"><net_src comp="143" pin="1"/><net_sink comp="375" pin=0"/></net>

<net id="379"><net_src comp="375" pin="1"/><net_sink comp="201" pin=0"/></net>

<net id="380"><net_src comp="375" pin="1"/><net_sink comp="289" pin=0"/></net>

<net id="387"><net_src comp="153" pin="1"/><net_sink comp="384" pin=0"/></net>

<net id="388"><net_src comp="384" pin="1"/><net_sink comp="120" pin=0"/></net>

<net id="395"><net_src comp="176" pin="2"/><net_sink comp="392" pin=0"/></net>

<net id="396"><net_src comp="392" pin="1"/><net_sink comp="293" pin=0"/></net>

<net id="400"><net_src comp="60" pin="3"/><net_sink comp="397" pin=0"/></net>

<net id="401"><net_src comp="397" pin="1"/><net_sink comp="67" pin=0"/></net>

<net id="405"><net_src comp="197" pin="1"/><net_sink comp="402" pin=0"/></net>

<net id="406"><net_src comp="402" pin="1"/><net_sink comp="97" pin=2"/></net>

<net id="410"><net_src comp="206" pin="1"/><net_sink comp="407" pin=0"/></net>

<net id="411"><net_src comp="407" pin="1"/><net_sink comp="240" pin=1"/></net>

<net id="415"><net_src comp="232" pin="1"/><net_sink comp="412" pin=0"/></net>

<net id="416"><net_src comp="412" pin="1"/><net_sink comp="289" pin=1"/></net>

<net id="420"><net_src comp="236" pin="1"/><net_sink comp="417" pin=0"/></net>

<net id="421"><net_src comp="417" pin="1"/><net_sink comp="300" pin=0"/></net>

<net id="428"><net_src comp="73" pin="3"/><net_sink comp="425" pin=0"/></net>

<net id="429"><net_src comp="425" pin="1"/><net_sink comp="80" pin=0"/></net>

<net id="433"><net_src comp="86" pin="3"/><net_sink comp="430" pin=0"/></net>

<net id="434"><net_src comp="430" pin="1"/><net_sink comp="80" pin=0"/></net>

<net id="438"><net_src comp="283" pin="2"/><net_sink comp="435" pin=0"/></net>

<net id="439"><net_src comp="435" pin="1"/><net_sink comp="120" pin=2"/></net>

<net id="443"><net_src comp="289" pin="2"/><net_sink comp="440" pin=0"/></net>

<net id="444"><net_src comp="440" pin="1"/><net_sink comp="109" pin=0"/></net>

<net id="448"><net_src comp="80" pin="3"/><net_sink comp="445" pin=0"/></net>

<net id="449"><net_src comp="445" pin="1"/><net_sink comp="297" pin=0"/></net>

<net id="453"><net_src comp="300" pin="2"/><net_sink comp="450" pin=0"/></net>

<net id="454"><net_src comp="450" pin="1"/><net_sink comp="323" pin=0"/></net>

<net id="458"><net_src comp="305" pin="1"/><net_sink comp="455" pin=0"/></net>

<net id="459"><net_src comp="455" pin="1"/><net_sink comp="309" pin=1"/></net>

<net id="463"><net_src comp="309" pin="2"/><net_sink comp="460" pin=0"/></net>

<net id="464"><net_src comp="460" pin="1"/><net_sink comp="314" pin=0"/></net>

<net id="468"><net_src comp="317" pin="2"/><net_sink comp="465" pin=0"/></net>

<net id="469"><net_src comp="465" pin="1"/><net_sink comp="326" pin=0"/></net>

<net id="473"><net_src comp="345" pin="1"/><net_sink comp="470" pin=0"/></net>

<net id="474"><net_src comp="470" pin="1"/><net_sink comp="356" pin=0"/></net>

</net_list>

</model> 
---------------- Datapath Model END ------------------

* FSMD analyzer results:
  - Output states:
	Port: a | {10 12 }
 - Input state : 
	Port: pqcrystals_dilithium.17 : a | {5 6 9 10 11 12 }
	Port: pqcrystals_dilithium.17 : a_offset | {1 }
	Port: pqcrystals_dilithium.17 : zetas | {3 4 }
  - Chain level:
	State 1
		zext_ln49 : 1
		store_ln54 : 1
	State 2
		zext_ln54 : 1
		icmp_ln54 : 1
		br_ln54 : 2
	State 3
		zext_ln55 : 1
		tmp_23 : 1
		icmp_ln55 : 2
		br_ln55 : 3
		k : 1
		zext_ln56 : 2
		zetas_addr : 3
		zeta : 4
		zext_ln54_1 : 1
	State 4
		zext_ln57 : 1
		empty_86 : 1
		trunc_ln55_1 : 1
		start : 2
		zext_ln55_1 : 3
		sext_ln57 : 1
	State 5
		icmp_ln57 : 1
		br_ln57 : 2
		trunc_ln58 : 1
		add_ln58 : 2
		add_ln58_1 : 3
		zext_ln58 : 4
		a_addr11 : 5
		a_load : 6
		trunc_ln59 : 1
		add_ln59 : 2
		zext_ln59 : 3
		a_addr : 4
		j_4 : 1
	State 6
	State 7
		mul_ln58 : 1
		trunc_ln18 : 2
	State 8
	State 9
		mul_ln19 : 1
	State 10
		add_ln19 : 1
		trunc_ln : 2
		t_15 : 3
		sub_ln59 : 4
		store_ln59 : 5
	State 11
	State 12
		add_ln60 : 1
		store_ln60 : 2


============================================================
+ Verbose Summary: Datapath Resource usage 
============================================================

* Functional unit list:
|----------|--------------------------|---------|---------|---------|
| Operation|      Functional Unit     |  DSP48E |    FF   |   LUT   |
|----------|--------------------------|---------|---------|---------|
|          |         k_fu_176         |    0    |    0    |    39   |
|          |      add_ln57_fu_201     |    0    |    0    |    38   |
|          |      add_ln58_fu_253     |    0    |    0    |    12   |
|          |     add_ln58_1_fu_259    |    0    |    0    |    12   |
|    add   |      add_ln59_fu_273     |    0    |    0    |    19   |
|          |        j_4_fu_283        |    0    |    0    |    39   |
|          |      add_ln55_fu_289     |    0    |    0    |    37   |
|          |      add_ln19_fu_329     |    0    |    0    |    62   |
|          |      add_ln60_fu_356     |    0    |    0    |    39   |
|----------|--------------------------|---------|---------|---------|
|          |     icmp_ln54_fu_147     |    0    |    0    |    18   |
|   icmp   |     icmp_ln55_fu_167     |    0    |    0    |    18   |
|          |      empty_86_fu_210     |    0    |    0    |    18   |
|          |     icmp_ln57_fu_240     |    0    |    0    |    18   |
|----------|--------------------------|---------|---------|---------|
|          |      mul_ln58_fu_300     |    2    |    0    |    21   |
|    mul   |         t_fu_309         |    4    |    0    |    21   |
|          |      mul_ln19_fu_317     |    2    |    0    |    21   |
|----------|--------------------------|---------|---------|---------|
|    sub   |      sub_ln59_fu_349     |    0    |    0    |    39   |
|----------|--------------------------|---------|---------|---------|
|  select  |       start_fu_224       |    0    |    0    |    30   |
|----------|--------------------------|---------|---------|---------|
|   read   | a_offset_read_read_fu_54 |    0    |    0    |    0    |
|----------|--------------------------|---------|---------|---------|
|bitconcatenate|        tmp_fu_126        |    0    |    0    |    0    |
|----------|--------------------------|---------|---------|---------|
|          |     zext_ln49_fu_134     |    0    |    0    |    0    |
|          |     zext_ln54_fu_143     |    0    |    0    |    0    |
|          |     zext_ln55_fu_153     |    0    |    0    |    0    |
|          |     zext_ln56_fu_182     |    0    |    0    |    0    |
|   zext   |    zext_ln54_1_fu_197    |    0    |    0    |    0    |
|          |     zext_ln57_fu_206     |    0    |    0    |    0    |
|          |    zext_ln55_1_fu_232    |    0    |    0    |    0    |
|          |     zext_ln58_fu_264     |    0    |    0    |    0    |
|          |     zext_ln59_fu_278     |    0    |    0    |    0    |
|----------|--------------------------|---------|---------|---------|
|          |       tmp_23_fu_157      |    0    |    0    |    0    |
|partselect|       tmp_24_fu_187      |    0    |    0    |    0    |
|          |      trunc_ln_fu_335     |    0    |    0    |    0    |
|----------|--------------------------|---------|---------|---------|
|          |     trunc_ln55_fu_216    |    0    |    0    |    0    |
|          |    trunc_ln55_1_fu_220   |    0    |    0    |    0    |
|   trunc  |     trunc_ln58_fu_245    |    0    |    0    |    0    |
|          |    trunc_ln58_1_fu_249   |    0    |    0    |    0    |
|          |     trunc_ln59_fu_269    |    0    |    0    |    0    |
|          |     trunc_ln18_fu_305    |    0    |    0    |    0    |
|----------|--------------------------|---------|---------|---------|
|          |     sext_ln57_fu_236     |    0    |    0    |    0    |
|          |     sext_ln58_fu_297     |    0    |    0    |    0    |
|   sext   |     sext_ln19_fu_314     |    0    |    0    |    0    |
|          |    sext_ln58_1_fu_323    |    0    |    0    |    0    |
|          |    sext_ln19_8_fu_326    |    0    |    0    |    0    |
|          |        t_15_fu_345       |    0    |    0    |    0    |
|----------|--------------------------|---------|---------|---------|
|   Total  |                          |    8    |    0    |   501   |
|----------|--------------------------|---------|---------|---------|

Memories:
N/A

* Register list:
+-------------------+--------+
|                   |   FF   |
+-------------------+--------+
|  a_addr11_reg_425 |   10   |
|   a_addr_reg_430  |   10   |
|   a_load_reg_445  |   32   |
|  add_ln55_reg_440 |   31   |
|    j_0_reg_117    |   32   |
|    j_4_reg_435    |   32   |
|     j_reg_105     |   31   |
|    k_2_reg_362    |   32   |
|     k_reg_392     |   32   |
|    len_0_reg_93   |   29   |
|  mul_ln19_reg_465 |   55   |
|  mul_ln58_reg_450 |   54   |
| sext_ln57_reg_417 |   54   |
|    t_15_reg_470   |   32   |
|     t_reg_460     |   32   |
| trunc_ln18_reg_455|   32   |
| zetas_addr_reg_397|    8   |
| zext_ln49_reg_369 |   12   |
|zext_ln54_1_reg_402|   29   |
| zext_ln54_reg_375 |   31   |
|zext_ln55_1_reg_412|   31   |
| zext_ln55_reg_384 |   32   |
| zext_ln57_reg_407 |   32   |
+-------------------+--------+
|       Total       |   705  |
+-------------------+--------+

* Multiplexer (MUX) list: 
|------------------|------|------|------|--------||---------||---------|
|       Comp       |  Pin | Size |  BW  | S x BW ||  Delay  ||   LUT   |
|------------------|------|------|------|--------||---------||---------|
| grp_access_fu_67 |  p0  |   2  |   8  |   16   ||    9    |
| grp_access_fu_80 |  p0  |   3  |  10  |   30   ||    15   |
| grp_access_fu_80 |  p1  |   2  |  32  |   64   ||    9    |
|   len_0_reg_93   |  p0  |   2  |  29  |   58   ||    9    |
|     j_reg_105    |  p0  |   2  |  31  |   62   ||    9    |
|------------------|------|------|------|--------||---------||---------|
|       Total      |      |      |      |   230  || 6.85175 ||    51   |
|------------------|------|------|------|--------||---------||---------|



* Summary:
+-----------+--------+--------+--------+--------+
|           | DSP48E |  Delay |   FF   |   LUT  |
+-----------+--------+--------+--------+--------+
|  Function |    8   |    -   |    0   |   501  |
|   Memory  |    -   |    -   |    -   |    -   |
|Multiplexer|    -   |    6   |    -   |   51   |
|  Register |    -   |    -   |   705  |    -   |
+-----------+--------+--------+--------+--------+
|   Total   |    8   |    6   |   705  |   552  |
+-----------+--------+--------+--------+--------+
