

================================================================
== Vivado HLS Report for 'pqcrystals_dilithium_18'
================================================================
* Date:           Wed Apr 12 23:58:41 2023

* Version:        2019.2 (Build 2704478 on Wed Nov 06 22:10:23 MST 2019)
* Project:        Phase2
* Solution:       Area
* Product family: artix7
* Target device:  xc7a200t-fbg676-2


================================================================
== Performance Estimates
================================================================
+ Timing: 
    * Summary: 
    +--------+----------+----------+------------+
    |  Clock |  Target  | Estimated| Uncertainty|
    +--------+----------+----------+------------+
    |ap_clk  | 10.00 ns | 7.724 ns |   1.25 ns  |
    +--------+----------+----------+------------+

+ Latency: 
    * Summary: 
    +---------+---------+----------+----------+-----+-----+---------+
    |  Latency (cycles) |  Latency (absolute) |  Interval | Pipeline|
    |   min   |   max   |    min   |    max   | min | max |   Type  |
    +---------+---------+----------+----------+-----+-----+---------+
    |        ?|        ?|         ?|         ?|    ?|    ?|   none  |
    +---------+---------+----------+----------+-----+-----+---------+

    + Detail: 
        * Instance: 
        N/A

        * Loop: 
        +-----------------+---------+---------+----------+-----------+-----------+------+----------+
        |                 |  Latency (cycles) | Iteration|  Initiation Interval  | Trip |          |
        |    Loop Name    |   min   |   max   |  Latency |  achieved |   target  | Count| Pipelined|
        +-----------------+---------+---------+----------+-----------+-----------+------+----------+
        |- Loop 1         |        ?|        ?|         ?|          -|          -|     8|    no    |
        | + Loop 1.1      |        ?|        ?|         ?|          -|          -|     ?|    no    |
        |  ++ Loop 1.1.1  |        ?|        ?|         8|          -|          -|     ?|    no    |
        |- Loop 2         |     1536|     1536|         6|          -|          -|   256|    no    |
        +-----------------+---------+---------+----------+-----------+-----------+------+----------+

============================================================
+ Verbose Summary: Synthesis Manager
============================================================
InlineROM: 1
ExposeGlobal: 0
============================================================
+ Verbose Summary: CDFG Model
============================================================
IsTopModel: 0
ResetActiveHigh: 1
IsCombinational: 0
IsDatapathOnly: 0
HasWiredReturn: 1
HasMFsm: 0
HasVarLatency: 1
IsPipeline: 0
IsRtlPipelined: 0
IsInstanceOverlapped: 0
IsDontTouch: 0
HasImplIP: 0
IsGatedGlobalClock: 0


============================================================
+ Verbose Summary: Schedule
============================================================
* Number of FSM states : 18
* Pipeline : 0
* Dataflow Pipeline: 0

* FSM state transitions: 
1 --> 2 
2 --> 3 13 
3 --> 4 2 
4 --> 5 
5 --> 6 3 
6 --> 7 
7 --> 8 
8 --> 9 
9 --> 10 
10 --> 11 
11 --> 12 
12 --> 5 
13 --> 14 
14 --> 15 
15 --> 16 
16 --> 17 
17 --> 18 
18 --> 13 

* FSM state operations: 

State 1 <SV = 0> <Delay = 1.35>
ST_1 : Operation 19 [1/1] (0.00ns)   --->   "%k_1 = alloca i32"   --->   Operation 19 'alloca' 'k_1' <Predicate = true> <Delay = 0.00>
ST_1 : Operation 20 [1/1] (0.00ns)   --->   "%a_offset_read = call i3 @_ssdm_op_Read.ap_auto.i3(i3 %a_offset)" [dilithium2/ntt.c:87]   --->   Operation 20 'read' 'a_offset_read' <Predicate = true> <Delay = 0.00>
ST_1 : Operation 21 [1/1] (0.00ns)   --->   "%tmp = call i11 @_ssdm_op_BitConcatenate.i11.i3.i8(i3 %a_offset_read, i8 0)" [dilithium2/ntt.c:87]   --->   Operation 21 'bitconcatenate' 'tmp' <Predicate = true> <Delay = 0.00>
ST_1 : Operation 22 [1/1] (0.00ns)   --->   "%zext_ln77 = zext i11 %tmp to i12" [dilithium2/ntt.c:77]   --->   Operation 22 'zext' 'zext_ln77' <Predicate = true> <Delay = 0.00>
ST_1 : Operation 23 [1/1] (1.35ns)   --->   "store i32 256, i32* %k_1" [dilithium2/ntt.c:83]   --->   Operation 23 'store' <Predicate = true> <Delay = 1.35>
ST_1 : Operation 24 [1/1] (1.35ns)   --->   "br label %1" [dilithium2/ntt.c:83]   --->   Operation 24 'br' <Predicate = true> <Delay = 1.35>

State 2 <SV = 1> <Delay = 1.35>
ST_2 : Operation 25 [1/1] (0.00ns)   --->   "%len_0 = phi i9 [ 1, %0 ], [ %len, %6 ]"   --->   Operation 25 'phi' 'len_0' <Predicate = true> <Delay = 0.00>
ST_2 : Operation 26 [1/1] (0.00ns)   --->   "%zext_ln83_1 = zext i9 %len_0 to i10" [dilithium2/ntt.c:83]   --->   Operation 26 'zext' 'zext_ln83_1' <Predicate = true> <Delay = 0.00>
ST_2 : Operation 27 [1/1] (0.00ns)   --->   "%tmp_21 = call i1 @_ssdm_op_BitSelect.i1.i9.i32(i9 %len_0, i32 8)" [dilithium2/ntt.c:83]   --->   Operation 27 'bitselect' 'tmp_21' <Predicate = true> <Delay = 0.00>
ST_2 : Operation 28 [1/1] (0.00ns)   --->   "%empty = call i32 (...)* @_ssdm_op_SpecLoopTripCount(i64 8, i64 8, i64 8)"   --->   Operation 28 'speclooptripcount' 'empty' <Predicate = true> <Delay = 0.00>
ST_2 : Operation 29 [1/1] (0.00ns)   --->   "br i1 %tmp_21, label %.preheader.preheader, label %.preheader1.preheader" [dilithium2/ntt.c:83]   --->   Operation 29 'br' <Predicate = true> <Delay = 0.00>
ST_2 : Operation 30 [1/1] (1.35ns)   --->   "br label %.preheader1" [dilithium2/ntt.c:84]   --->   Operation 30 'br' <Predicate = (!tmp_21)> <Delay = 1.35>
ST_2 : Operation 31 [1/1] (1.35ns)   --->   "br label %.preheader" [dilithium2/ntt.c:95]   --->   Operation 31 'br' <Predicate = (tmp_21)> <Delay = 1.35>

State 3 <SV = 2> <Delay = 4.95>
ST_3 : Operation 32 [1/1] (0.00ns)   --->   "%j = phi i10 [ %add_ln84, %5 ], [ 0, %.preheader1.preheader ]" [dilithium2/ntt.c:84]   --->   Operation 32 'phi' 'j' <Predicate = true> <Delay = 0.00>
ST_3 : Operation 33 [1/1] (0.00ns)   --->   "%zext_ln84 = zext i10 %j to i32" [dilithium2/ntt.c:84]   --->   Operation 33 'zext' 'zext_ln84' <Predicate = true> <Delay = 0.00>
ST_3 : Operation 34 [1/1] (0.00ns)   --->   "%tmp_22 = call i2 @_ssdm_op_PartSelect.i2.i10.i32.i32(i10 %j, i32 8, i32 9)" [dilithium2/ntt.c:84]   --->   Operation 34 'partselect' 'tmp_22' <Predicate = true> <Delay = 0.00>
ST_3 : Operation 35 [1/1] (0.79ns)   --->   "%icmp_ln84 = icmp eq i2 %tmp_22, 0" [dilithium2/ntt.c:84]   --->   Operation 35 'icmp' 'icmp_ln84' <Predicate = true> <Delay = 0.79> <Core = "Cmp">   --->   Core 25 'Cmp' <Latency = 0> <II = 1> <Delay = 1.34> <FuncUnit> <Opcode : 'icmp'> <InPorts = 2> <OutPorts = 1>
ST_3 : Operation 36 [1/1] (0.00ns)   --->   "br i1 %icmp_ln84, label %2, label %6" [dilithium2/ntt.c:84]   --->   Operation 36 'br' <Predicate = true> <Delay = 0.00>
ST_3 : Operation 37 [1/1] (0.00ns)   --->   "%k_1_load = load i32* %k_1" [dilithium2/ntt.c:85]   --->   Operation 37 'load' 'k_1_load' <Predicate = (icmp_ln84)> <Delay = 0.00>
ST_3 : Operation 38 [1/1] (2.18ns)   --->   "%k = add i32 -1, %k_1_load" [dilithium2/ntt.c:85]   --->   Operation 38 'add' 'k' <Predicate = (icmp_ln84)> <Delay = 2.18> <Core = "AddSub">   --->   Core 14 'AddSub' <Latency = 0> <II = 1> <Delay = 2.77> <FuncUnit> <Opcode : 'add' 'sub'> <InPorts = 2> <OutPorts = 1>
ST_3 : Operation 39 [1/1] (0.00ns)   --->   "%zext_ln85 = zext i32 %k to i64" [dilithium2/ntt.c:85]   --->   Operation 39 'zext' 'zext_ln85' <Predicate = (icmp_ln84)> <Delay = 0.00>
ST_3 : Operation 40 [1/1] (0.00ns)   --->   "%zetas_addr = getelementptr [256 x i23]* @zetas, i64 0, i64 %zext_ln85" [dilithium2/ntt.c:85]   --->   Operation 40 'getelementptr' 'zetas_addr' <Predicate = (icmp_ln84)> <Delay = 0.00>
ST_3 : Operation 41 [2/2] (2.77ns)   --->   "%zetas_load = load i23* %zetas_addr, align 4" [dilithium2/ntt.c:85]   --->   Operation 41 'load' 'zetas_load' <Predicate = (icmp_ln84)> <Delay = 2.77> <Core = "ROM_nP">   --->   Core 52 'ROM_nP' <Latency = 1> <II = 1> <Delay = 2.77> <Storage> <Opcode : 'load'> <Ports = 0> <Width = 23> <Depth = 256> <ROM>
ST_3 : Operation 42 [1/1] (0.00ns)   --->   "%len = shl i9 %len_0, 1" [dilithium2/ntt.c:83]   --->   Operation 42 'shl' 'len' <Predicate = (!icmp_ln84)> <Delay = 0.00>
ST_3 : Operation 43 [1/1] (0.00ns)   --->   "br label %1" [dilithium2/ntt.c:83]   --->   Operation 43 'br' <Predicate = (!icmp_ln84)> <Delay = 0.00>

State 4 <SV = 3> <Delay = 4.76>
ST_4 : Operation 44 [1/2] (2.77ns)   --->   "%zetas_load = load i23* %zetas_addr, align 4" [dilithium2/ntt.c:85]   --->   Operation 44 'load' 'zetas_load' <Predicate = true> <Delay = 2.77> <Core = "ROM_nP">   --->   Core 52 'ROM_nP' <Latency = 1> <II = 1> <Delay = 2.77> <Storage> <Opcode : 'load'> <Ports = 0> <Width = 23> <Depth = 256> <ROM>
ST_4 : Operation 45 [1/1] (1.98ns)   --->   "%zeta = sub i23 0, %zetas_load" [dilithium2/ntt.c:85]   --->   Operation 45 'sub' 'zeta' <Predicate = true> <Delay = 1.98> <Core = "AddSub">   --->   Core 14 'AddSub' <Latency = 0> <II = 1> <Delay = 2.77> <FuncUnit> <Opcode : 'add' 'sub'> <InPorts = 2> <OutPorts = 1>
ST_4 : Operation 46 [1/1] (1.74ns)   --->   "%add_ln86 = add i10 %zext_ln83_1, %j" [dilithium2/ntt.c:86]   --->   Operation 46 'add' 'add_ln86' <Predicate = true> <Delay = 1.74> <Core = "AddSub">   --->   Core 14 'AddSub' <Latency = 0> <II = 1> <Delay = 2.77> <FuncUnit> <Opcode : 'add' 'sub'> <InPorts = 2> <OutPorts = 1>
ST_4 : Operation 47 [1/1] (0.00ns)   --->   "%zext_ln86 = zext i10 %add_ln86 to i32" [dilithium2/ntt.c:86]   --->   Operation 47 'zext' 'zext_ln86' <Predicate = true> <Delay = 0.00>
ST_4 : Operation 48 [1/1] (1.43ns)   --->   "%empty_84 = icmp ugt i10 %j, %add_ln86" [dilithium2/ntt.c:84]   --->   Operation 48 'icmp' 'empty_84' <Predicate = true> <Delay = 1.43> <Core = "Cmp">   --->   Core 25 'Cmp' <Latency = 0> <II = 1> <Delay = 1.34> <FuncUnit> <Opcode : 'icmp'> <InPorts = 2> <OutPorts = 1>
ST_4 : Operation 49 [1/1] (0.00ns)   --->   "%trunc_ln84 = trunc i10 %j to i9" [dilithium2/ntt.c:84]   --->   Operation 49 'trunc' 'trunc_ln84' <Predicate = true> <Delay = 0.00>
ST_4 : Operation 50 [1/1] (1.73ns)   --->   "%add_ln84_1 = add i9 %trunc_ln84, %len_0" [dilithium2/ntt.c:84]   --->   Operation 50 'add' 'add_ln84_1' <Predicate = true> <Delay = 1.73> <Core = "AddSub">   --->   Core 14 'AddSub' <Latency = 0> <II = 1> <Delay = 2.77> <FuncUnit> <Opcode : 'add' 'sub'> <InPorts = 2> <OutPorts = 1>
ST_4 : Operation 51 [1/1] (1.07ns)   --->   "%start = select i1 %empty_84, i9 %trunc_ln84, i9 %add_ln84_1" [dilithium2/ntt.c:84]   --->   Operation 51 'select' 'start' <Predicate = true> <Delay = 1.07> <Core = "Sel">   --->   Core 26 'Sel' <Latency = 0> <II = 1> <Delay = 1.07> <FuncUnit> <Opcode : 'select'> <InPorts = 3> <OutPorts = 1>
ST_4 : Operation 52 [1/1] (0.00ns)   --->   "%zext_ln84_1 = zext i9 %start to i10" [dilithium2/ntt.c:84]   --->   Operation 52 'zext' 'zext_ln84_1' <Predicate = true> <Delay = 0.00>
ST_4 : Operation 53 [1/1] (0.00ns)   --->   "%sext_ln86 = sext i23 %zeta to i54" [dilithium2/ntt.c:86]   --->   Operation 53 'sext' 'sext_ln86' <Predicate = true> <Delay = 0.00>
ST_4 : Operation 54 [1/1] (1.35ns)   --->   "br label %3" [dilithium2/ntt.c:86]   --->   Operation 54 'br' <Predicate = true> <Delay = 1.35>

State 5 <SV = 4> <Delay = 5.94>
ST_5 : Operation 55 [1/1] (0.00ns)   --->   "%j_0 = phi i32 [ %zext_ln84, %2 ], [ %j_3, %4 ]"   --->   Operation 55 'phi' 'j_0' <Predicate = true> <Delay = 0.00>
ST_5 : Operation 56 [1/1] (2.11ns)   --->   "%icmp_ln86 = icmp ult i32 %j_0, %zext_ln86" [dilithium2/ntt.c:86]   --->   Operation 56 'icmp' 'icmp_ln86' <Predicate = true> <Delay = 2.11> <Core = "Cmp">   --->   Core 25 'Cmp' <Latency = 0> <II = 1> <Delay = 1.34> <FuncUnit> <Opcode : 'icmp'> <InPorts = 2> <OutPorts = 1>
ST_5 : Operation 57 [1/1] (0.00ns)   --->   "br i1 %icmp_ln86, label %4, label %5" [dilithium2/ntt.c:86]   --->   Operation 57 'br' <Predicate = true> <Delay = 0.00>
ST_5 : Operation 58 [1/1] (0.00ns)   --->   "%trunc_ln87 = trunc i32 %j_0 to i12" [dilithium2/ntt.c:87]   --->   Operation 58 'trunc' 'trunc_ln87' <Predicate = (icmp_ln86)> <Delay = 0.00>
ST_5 : Operation 59 [1/1] (1.77ns)   --->   "%add_ln87 = add i12 %zext_ln77, %trunc_ln87" [dilithium2/ntt.c:87]   --->   Operation 59 'add' 'add_ln87' <Predicate = (icmp_ln86)> <Delay = 1.77> <Core = "AddSub">   --->   Core 14 'AddSub' <Latency = 0> <II = 1> <Delay = 2.77> <FuncUnit> <Opcode : 'add' 'sub'> <InPorts = 2> <OutPorts = 1>
ST_5 : Operation 60 [1/1] (0.00ns)   --->   "%zext_ln87 = zext i12 %add_ln87 to i64" [dilithium2/ntt.c:87]   --->   Operation 60 'zext' 'zext_ln87' <Predicate = (icmp_ln86)> <Delay = 0.00>
ST_5 : Operation 61 [1/1] (0.00ns)   --->   "%a_addr = getelementptr [1024 x i32]* %a, i64 0, i64 %zext_ln87" [dilithium2/ntt.c:87]   --->   Operation 61 'getelementptr' 'a_addr' <Predicate = (icmp_ln86)> <Delay = 0.00>
ST_5 : Operation 62 [2/2] (2.77ns)   --->   "%t = load i32* %a_addr, align 4" [dilithium2/ntt.c:87]   --->   Operation 62 'load' 't' <Predicate = (icmp_ln86)> <Delay = 2.77> <Core = "RAM">   --->   Core 37 'RAM' <Latency = 1> <II = 1> <Delay = 2.77> <Storage> <Opcode : 'load' 'store'> <Ports = 2> <Width = 32> <Depth = 1024> <RAM>
ST_5 : Operation 63 [1/1] (0.00ns)   --->   "%trunc_ln88 = trunc i32 %j_0 to i12" [dilithium2/ntt.c:88]   --->   Operation 63 'trunc' 'trunc_ln88' <Predicate = (icmp_ln86)> <Delay = 0.00>
ST_5 : Operation 64 [1/1] (0.00ns)   --->   "%zext_ln88 = zext i9 %len_0 to i12" [dilithium2/ntt.c:88]   --->   Operation 64 'zext' 'zext_ln88' <Predicate = (icmp_ln86)> <Delay = 0.00>
ST_5 : Operation 65 [1/1] (0.00ns) (grouped into TernaryAdder)   --->   "%add_ln88 = add i12 %zext_ln88, %trunc_ln88" [dilithium2/ntt.c:88]   --->   Operation 65 'add' 'add_ln88' <Predicate = (icmp_ln86)> <Delay = 0.00> <Core = "TAddSub">   --->   Core 83 'TAddSub' <Latency = 0> <II = 1> <Delay = 1.58> <IPBlock> <Opcode : 'add' 'sub'> <InPorts = 3> <OutPorts = 1> <Sync> <CReg>
ST_5 : Operation 66 [1/1] (3.16ns) (root node of TernaryAdder)   --->   "%add_ln88_2 = add i12 %zext_ln77, %add_ln88" [dilithium2/ntt.c:88]   --->   Operation 66 'add' 'add_ln88_2' <Predicate = (icmp_ln86)> <Delay = 3.16> <Core = "TAddSub">   --->   Core 83 'TAddSub' <Latency = 0> <II = 1> <Delay = 1.58> <IPBlock> <Opcode : 'add' 'sub'> <InPorts = 3> <OutPorts = 1> <Sync> <CReg>
ST_5 : Operation 67 [1/1] (0.00ns)   --->   "%zext_ln88_6 = zext i12 %add_ln88_2 to i64" [dilithium2/ntt.c:88]   --->   Operation 67 'zext' 'zext_ln88_6' <Predicate = (icmp_ln86)> <Delay = 0.00>
ST_5 : Operation 68 [1/1] (0.00ns)   --->   "%a_addr_2 = getelementptr [1024 x i32]* %a, i64 0, i64 %zext_ln88_6" [dilithium2/ntt.c:88]   --->   Operation 68 'getelementptr' 'a_addr_2' <Predicate = (icmp_ln86)> <Delay = 0.00>
ST_5 : Operation 69 [2/2] (2.77ns)   --->   "%a_load_2 = load i32* %a_addr_2, align 4" [dilithium2/ntt.c:88]   --->   Operation 69 'load' 'a_load_2' <Predicate = (icmp_ln86)> <Delay = 2.77> <Core = "RAM">   --->   Core 37 'RAM' <Latency = 1> <II = 1> <Delay = 2.77> <Storage> <Opcode : 'load' 'store'> <Ports = 2> <Width = 32> <Depth = 1024> <RAM>
ST_5 : Operation 70 [1/1] (2.18ns)   --->   "%j_3 = add i32 1, %j_0" [dilithium2/ntt.c:86]   --->   Operation 70 'add' 'j_3' <Predicate = (icmp_ln86)> <Delay = 2.18> <Core = "AddSub">   --->   Core 14 'AddSub' <Latency = 0> <II = 1> <Delay = 2.77> <FuncUnit> <Opcode : 'add' 'sub'> <InPorts = 2> <OutPorts = 1>
ST_5 : Operation 71 [1/1] (1.73ns)   --->   "%add_ln84 = add i10 %zext_ln84_1, %zext_ln83_1" [dilithium2/ntt.c:84]   --->   Operation 71 'add' 'add_ln84' <Predicate = (!icmp_ln86)> <Delay = 1.73> <Core = "AddSub">   --->   Core 14 'AddSub' <Latency = 0> <II = 1> <Delay = 2.77> <FuncUnit> <Opcode : 'add' 'sub'> <InPorts = 2> <OutPorts = 1>
ST_5 : Operation 72 [1/1] (1.35ns)   --->   "store i32 %k, i32* %k_1" [dilithium2/ntt.c:84]   --->   Operation 72 'store' <Predicate = (!icmp_ln86)> <Delay = 1.35>
ST_5 : Operation 73 [1/1] (0.00ns)   --->   "br label %.preheader1" [dilithium2/ntt.c:84]   --->   Operation 73 'br' <Predicate = (!icmp_ln86)> <Delay = 0.00>

State 6 <SV = 5> <Delay = 7.72>
ST_6 : Operation 74 [1/2] (2.77ns)   --->   "%t = load i32* %a_addr, align 4" [dilithium2/ntt.c:87]   --->   Operation 74 'load' 't' <Predicate = true> <Delay = 2.77> <Core = "RAM">   --->   Core 37 'RAM' <Latency = 1> <II = 1> <Delay = 2.77> <Storage> <Opcode : 'load' 'store'> <Ports = 2> <Width = 32> <Depth = 1024> <RAM>
ST_6 : Operation 75 [1/2] (2.77ns)   --->   "%a_load_2 = load i32* %a_addr_2, align 4" [dilithium2/ntt.c:88]   --->   Operation 75 'load' 'a_load_2' <Predicate = true> <Delay = 2.77> <Core = "RAM">   --->   Core 37 'RAM' <Latency = 1> <II = 1> <Delay = 2.77> <Storage> <Opcode : 'load' 'store'> <Ports = 2> <Width = 32> <Depth = 1024> <RAM>
ST_6 : Operation 76 [1/1] (2.18ns)   --->   "%add_ln88_1 = add nsw i32 %t, %a_load_2" [dilithium2/ntt.c:88]   --->   Operation 76 'add' 'add_ln88_1' <Predicate = true> <Delay = 2.18> <Core = "AddSub">   --->   Core 14 'AddSub' <Latency = 0> <II = 1> <Delay = 2.77> <FuncUnit> <Opcode : 'add' 'sub'> <InPorts = 2> <OutPorts = 1>
ST_6 : Operation 77 [1/1] (2.77ns)   --->   "store i32 %add_ln88_1, i32* %a_addr, align 4" [dilithium2/ntt.c:88]   --->   Operation 77 'store' <Predicate = true> <Delay = 2.77> <Core = "RAM">   --->   Core 37 'RAM' <Latency = 1> <II = 1> <Delay = 2.77> <Storage> <Opcode : 'load' 'store'> <Ports = 2> <Width = 32> <Depth = 1024> <RAM>

State 7 <SV = 6> <Delay = 2.77>
ST_7 : Operation 78 [2/2] (2.77ns)   --->   "%a_load_3 = load i32* %a_addr_2, align 4" [dilithium2/ntt.c:89]   --->   Operation 78 'load' 'a_load_3' <Predicate = true> <Delay = 2.77> <Core = "RAM">   --->   Core 37 'RAM' <Latency = 1> <II = 1> <Delay = 2.77> <Storage> <Opcode : 'load' 'store'> <Ports = 2> <Width = 32> <Depth = 1024> <RAM>

State 8 <SV = 7> <Delay = 4.95>
ST_8 : Operation 79 [1/2] (2.77ns)   --->   "%a_load_3 = load i32* %a_addr_2, align 4" [dilithium2/ntt.c:89]   --->   Operation 79 'load' 'a_load_3' <Predicate = true> <Delay = 2.77> <Core = "RAM">   --->   Core 37 'RAM' <Latency = 1> <II = 1> <Delay = 2.77> <Storage> <Opcode : 'load' 'store'> <Ports = 2> <Width = 32> <Depth = 1024> <RAM>
ST_8 : Operation 80 [1/1] (2.18ns)   --->   "%sub_ln89 = sub nsw i32 %t, %a_load_3" [dilithium2/ntt.c:89]   --->   Operation 80 'sub' 'sub_ln89' <Predicate = true> <Delay = 2.18> <Core = "AddSub">   --->   Core 14 'AddSub' <Latency = 0> <II = 1> <Delay = 2.77> <FuncUnit> <Opcode : 'add' 'sub'> <InPorts = 2> <OutPorts = 1>

State 9 <SV = 8> <Delay = 6.88>
ST_9 : Operation 81 [1/1] (0.00ns)   --->   "%sext_ln90 = sext i32 %sub_ln89 to i54" [dilithium2/ntt.c:90]   --->   Operation 81 'sext' 'sext_ln90' <Predicate = true> <Delay = 0.00>
ST_9 : Operation 82 [1/1] (6.88ns)   --->   "%mul_ln90 = mul i54 %sext_ln86, %sext_ln90" [dilithium2/ntt.c:90]   --->   Operation 82 'mul' 'mul_ln90' <Predicate = true> <Delay = 6.88> <Core = "Mul">   --->   Core 16 'Mul' <Latency = 0> <II = 1> <Delay = 6.88> <FuncUnit> <Opcode : 'mul'> <InPorts = 2> <OutPorts = 1>
ST_9 : Operation 83 [1/1] (0.00ns)   --->   "%trunc_ln18_2 = trunc i54 %mul_ln90 to i32" [dilithium2/reduce.c:18->dilithium2/ntt.c:90]   --->   Operation 83 'trunc' 'trunc_ln18_2' <Predicate = true> <Delay = 0.00>

State 10 <SV = 9> <Delay = 6.88>
ST_10 : Operation 84 [1/1] (6.88ns)   --->   "%t_13 = mul nsw i32 58728449, %trunc_ln18_2" [dilithium2/reduce.c:18->dilithium2/ntt.c:90]   --->   Operation 84 'mul' 't_13' <Predicate = true> <Delay = 6.88> <Core = "Mul">   --->   Core 16 'Mul' <Latency = 0> <II = 1> <Delay = 6.88> <FuncUnit> <Opcode : 'mul'> <InPorts = 2> <OutPorts = 1>

State 11 <SV = 10> <Delay = 6.88>
ST_11 : Operation 85 [1/1] (0.00ns)   --->   "%sext_ln19_7 = sext i32 %t_13 to i55" [dilithium2/reduce.c:19->dilithium2/ntt.c:90]   --->   Operation 85 'sext' 'sext_ln19_7' <Predicate = true> <Delay = 0.00>
ST_11 : Operation 86 [1/1] (6.88ns)   --->   "%mul_ln19_2 = mul i55 -8380417, %sext_ln19_7" [dilithium2/reduce.c:19->dilithium2/ntt.c:90]   --->   Operation 86 'mul' 'mul_ln19_2' <Predicate = true> <Delay = 6.88> <Core = "Mul">   --->   Core 16 'Mul' <Latency = 0> <II = 1> <Delay = 6.88> <FuncUnit> <Opcode : 'mul'> <InPorts = 2> <OutPorts = 1>

State 12 <SV = 11> <Delay = 5.55>
ST_12 : Operation 87 [1/1] (0.00ns)   --->   "%sext_ln90_1 = sext i54 %mul_ln90 to i56" [dilithium2/ntt.c:90]   --->   Operation 87 'sext' 'sext_ln90_1' <Predicate = true> <Delay = 0.00>
ST_12 : Operation 88 [1/1] (0.00ns)   --->   "%sext_ln19_8 = sext i55 %mul_ln19_2 to i56" [dilithium2/reduce.c:19->dilithium2/ntt.c:90]   --->   Operation 88 'sext' 'sext_ln19_8' <Predicate = true> <Delay = 0.00>
ST_12 : Operation 89 [1/1] (2.77ns)   --->   "%add_ln19_2 = add i56 %sext_ln90_1, %sext_ln19_8" [dilithium2/reduce.c:19->dilithium2/ntt.c:90]   --->   Operation 89 'add' 'add_ln19_2' <Predicate = true> <Delay = 2.77> <Core = "AddSub">   --->   Core 14 'AddSub' <Latency = 0> <II = 1> <Delay = 2.77> <FuncUnit> <Opcode : 'add' 'sub'> <InPorts = 2> <OutPorts = 1>
ST_12 : Operation 90 [1/1] (0.00ns)   --->   "%trunc_ln19_1 = call i24 @_ssdm_op_PartSelect.i24.i56.i32.i32(i56 %add_ln19_2, i32 32, i32 55)" [dilithium2/reduce.c:19->dilithium2/ntt.c:90]   --->   Operation 90 'partselect' 'trunc_ln19_1' <Predicate = true> <Delay = 0.00>
ST_12 : Operation 91 [1/1] (0.00ns)   --->   "%t_14 = sext i24 %trunc_ln19_1 to i32" [dilithium2/reduce.c:19->dilithium2/ntt.c:90]   --->   Operation 91 'sext' 't_14' <Predicate = true> <Delay = 0.00>
ST_12 : Operation 92 [1/1] (2.77ns)   --->   "store i32 %t_14, i32* %a_addr_2, align 4" [dilithium2/ntt.c:90]   --->   Operation 92 'store' <Predicate = true> <Delay = 2.77> <Core = "RAM">   --->   Core 37 'RAM' <Latency = 1> <II = 1> <Delay = 2.77> <Storage> <Opcode : 'load' 'store'> <Ports = 2> <Width = 32> <Depth = 1024> <RAM>
ST_12 : Operation 93 [1/1] (0.00ns)   --->   "br label %3" [dilithium2/ntt.c:86]   --->   Operation 93 'br' <Predicate = true> <Delay = 0.00>

State 13 <SV = 2> <Delay = 4.53>
ST_13 : Operation 94 [1/1] (0.00ns)   --->   "%j_1 = phi i9 [ %j_2, %7 ], [ 0, %.preheader.preheader ]"   --->   Operation 94 'phi' 'j_1' <Predicate = true> <Delay = 0.00>
ST_13 : Operation 95 [1/1] (1.34ns)   --->   "%icmp_ln95 = icmp eq i9 %j_1, -256" [dilithium2/ntt.c:95]   --->   Operation 95 'icmp' 'icmp_ln95' <Predicate = true> <Delay = 1.34> <Core = "Cmp">   --->   Core 25 'Cmp' <Latency = 0> <II = 1> <Delay = 1.34> <FuncUnit> <Opcode : 'icmp'> <InPorts = 2> <OutPorts = 1>
ST_13 : Operation 96 [1/1] (0.00ns)   --->   "%empty_85 = call i32 (...)* @_ssdm_op_SpecLoopTripCount(i64 256, i64 256, i64 256)"   --->   Operation 96 'speclooptripcount' 'empty_85' <Predicate = true> <Delay = 0.00>
ST_13 : Operation 97 [1/1] (1.73ns)   --->   "%j_2 = add i9 %j_1, 1" [dilithium2/ntt.c:95]   --->   Operation 97 'add' 'j_2' <Predicate = true> <Delay = 1.73> <Core = "AddSub">   --->   Core 14 'AddSub' <Latency = 0> <II = 1> <Delay = 2.77> <FuncUnit> <Opcode : 'add' 'sub'> <InPorts = 2> <OutPorts = 1>
ST_13 : Operation 98 [1/1] (0.00ns)   --->   "br i1 %icmp_ln95, label %8, label %7" [dilithium2/ntt.c:95]   --->   Operation 98 'br' <Predicate = true> <Delay = 0.00>
ST_13 : Operation 99 [1/1] (0.00ns)   --->   "%zext_ln96 = zext i9 %j_1 to i12" [dilithium2/ntt.c:96]   --->   Operation 99 'zext' 'zext_ln96' <Predicate = (!icmp_ln95)> <Delay = 0.00>
ST_13 : Operation 100 [1/1] (1.76ns)   --->   "%add_ln96 = add i12 %zext_ln96, %zext_ln77" [dilithium2/ntt.c:96]   --->   Operation 100 'add' 'add_ln96' <Predicate = (!icmp_ln95)> <Delay = 1.76> <Core = "AddSub">   --->   Core 14 'AddSub' <Latency = 0> <II = 1> <Delay = 2.77> <FuncUnit> <Opcode : 'add' 'sub'> <InPorts = 2> <OutPorts = 1>
ST_13 : Operation 101 [1/1] (0.00ns)   --->   "%zext_ln96_1 = zext i12 %add_ln96 to i64" [dilithium2/ntt.c:96]   --->   Operation 101 'zext' 'zext_ln96_1' <Predicate = (!icmp_ln95)> <Delay = 0.00>
ST_13 : Operation 102 [1/1] (0.00ns)   --->   "%a_addr_1 = getelementptr [1024 x i32]* %a, i64 0, i64 %zext_ln96_1" [dilithium2/ntt.c:96]   --->   Operation 102 'getelementptr' 'a_addr_1' <Predicate = (!icmp_ln95)> <Delay = 0.00>
ST_13 : Operation 103 [2/2] (2.77ns)   --->   "%a_load = load i32* %a_addr_1, align 4" [dilithium2/ntt.c:96]   --->   Operation 103 'load' 'a_load' <Predicate = (!icmp_ln95)> <Delay = 2.77> <Core = "RAM">   --->   Core 37 'RAM' <Latency = 1> <II = 1> <Delay = 2.77> <Storage> <Opcode : 'load' 'store'> <Ports = 2> <Width = 32> <Depth = 1024> <RAM>
ST_13 : Operation 104 [1/1] (0.00ns)   --->   "ret void" [dilithium2/ntt.c:98]   --->   Operation 104 'ret' <Predicate = (icmp_ln95)> <Delay = 0.00>

State 14 <SV = 3> <Delay = 2.77>
ST_14 : Operation 105 [1/2] (2.77ns)   --->   "%a_load = load i32* %a_addr_1, align 4" [dilithium2/ntt.c:96]   --->   Operation 105 'load' 'a_load' <Predicate = true> <Delay = 2.77> <Core = "RAM">   --->   Core 37 'RAM' <Latency = 1> <II = 1> <Delay = 2.77> <Storage> <Opcode : 'load' 'store'> <Ports = 2> <Width = 32> <Depth = 1024> <RAM>

State 15 <SV = 4> <Delay = 6.88>
ST_15 : Operation 106 [1/1] (0.00ns)   --->   "%sext_ln96 = sext i32 %a_load to i49" [dilithium2/ntt.c:96]   --->   Operation 106 'sext' 'sext_ln96' <Predicate = true> <Delay = 0.00>
ST_15 : Operation 107 [1/1] (6.88ns)   --->   "%mul_ln96 = mul i49 41978, %sext_ln96" [dilithium2/ntt.c:96]   --->   Operation 107 'mul' 'mul_ln96' <Predicate = true> <Delay = 6.88> <Core = "Mul">   --->   Core 16 'Mul' <Latency = 0> <II = 1> <Delay = 6.88> <FuncUnit> <Opcode : 'mul'> <InPorts = 2> <OutPorts = 1>
ST_15 : Operation 108 [1/1] (0.00ns)   --->   "%trunc_ln18 = trunc i49 %mul_ln96 to i32" [dilithium2/reduce.c:18->dilithium2/ntt.c:96]   --->   Operation 108 'trunc' 'trunc_ln18' <Predicate = true> <Delay = 0.00>

State 16 <SV = 5> <Delay = 6.88>
ST_16 : Operation 109 [1/1] (6.88ns)   --->   "%t_11 = mul nsw i32 58728449, %trunc_ln18" [dilithium2/reduce.c:18->dilithium2/ntt.c:96]   --->   Operation 109 'mul' 't_11' <Predicate = true> <Delay = 6.88> <Core = "Mul">   --->   Core 16 'Mul' <Latency = 0> <II = 1> <Delay = 6.88> <FuncUnit> <Opcode : 'mul'> <InPorts = 2> <OutPorts = 1>

State 17 <SV = 6> <Delay = 6.88>
ST_17 : Operation 110 [1/1] (0.00ns)   --->   "%sext_ln19 = sext i32 %t_11 to i55" [dilithium2/reduce.c:19->dilithium2/ntt.c:96]   --->   Operation 110 'sext' 'sext_ln19' <Predicate = true> <Delay = 0.00>
ST_17 : Operation 111 [1/1] (6.88ns)   --->   "%mul_ln19 = mul i55 -8380417, %sext_ln19" [dilithium2/reduce.c:19->dilithium2/ntt.c:96]   --->   Operation 111 'mul' 'mul_ln19' <Predicate = true> <Delay = 6.88> <Core = "Mul">   --->   Core 16 'Mul' <Latency = 0> <II = 1> <Delay = 6.88> <FuncUnit> <Opcode : 'mul'> <InPorts = 2> <OutPorts = 1>

State 18 <SV = 7> <Delay = 5.55>
ST_18 : Operation 112 [1/1] (0.00ns)   --->   "%sext_ln96_1 = sext i49 %mul_ln96 to i56" [dilithium2/ntt.c:96]   --->   Operation 112 'sext' 'sext_ln96_1' <Predicate = true> <Delay = 0.00>
ST_18 : Operation 113 [1/1] (0.00ns)   --->   "%sext_ln19_5 = sext i55 %mul_ln19 to i56" [dilithium2/reduce.c:19->dilithium2/ntt.c:96]   --->   Operation 113 'sext' 'sext_ln19_5' <Predicate = true> <Delay = 0.00>
ST_18 : Operation 114 [1/1] (2.77ns)   --->   "%add_ln19 = add i56 %sext_ln19_5, %sext_ln96_1" [dilithium2/reduce.c:19->dilithium2/ntt.c:96]   --->   Operation 114 'add' 'add_ln19' <Predicate = true> <Delay = 2.77> <Core = "AddSub">   --->   Core 14 'AddSub' <Latency = 0> <II = 1> <Delay = 2.77> <FuncUnit> <Opcode : 'add' 'sub'> <InPorts = 2> <OutPorts = 1>
ST_18 : Operation 115 [1/1] (0.00ns)   --->   "%trunc_ln = call i24 @_ssdm_op_PartSelect.i24.i56.i32.i32(i56 %add_ln19, i32 32, i32 55)" [dilithium2/reduce.c:19->dilithium2/ntt.c:96]   --->   Operation 115 'partselect' 'trunc_ln' <Predicate = true> <Delay = 0.00>
ST_18 : Operation 116 [1/1] (0.00ns)   --->   "%t_12 = sext i24 %trunc_ln to i32" [dilithium2/reduce.c:19->dilithium2/ntt.c:96]   --->   Operation 116 'sext' 't_12' <Predicate = true> <Delay = 0.00>
ST_18 : Operation 117 [1/1] (2.77ns)   --->   "store i32 %t_12, i32* %a_addr_1, align 4" [dilithium2/ntt.c:96]   --->   Operation 117 'store' <Predicate = true> <Delay = 2.77> <Core = "RAM">   --->   Core 37 'RAM' <Latency = 1> <II = 1> <Delay = 2.77> <Storage> <Opcode : 'load' 'store'> <Ports = 2> <Width = 32> <Depth = 1024> <RAM>
ST_18 : Operation 118 [1/1] (0.00ns)   --->   "br label %.preheader" [dilithium2/ntt.c:95]   --->   Operation 118 'br' <Predicate = true> <Delay = 0.00>


============================================================
+ Verbose Summary: Binding
============================================================
STG Binding: 
---------------- STG Properties BEGIN ----------------
- Is combinational: 0
- Is one-state seq: 0
- Is datapath-only: 0
- Is pipelined: 0
- Is top level: 0
Port [ Return ] is wired: 1; IO mode=ap_ctrl_hs:ce=0
Port [ a]:  wired=1; compound=1; hidden=0; nouse=0; global=0; static=0; extern=0; dir=2; type=1; pingpong=0; private_global=0; MemPort=[21]; IO mode=ap_memory:ce=0
Port [ a_offset]:  wired=1; compound=0; hidden=0; nouse=0; global=0; static=0; extern=0; dir=0; type=0; pingpong=0; private_global=0; IO mode=ap_none:ce=0
Port [ zetas]:  wired=0; compound=1; hidden=1; nouse=0; global=1; static=1; extern=0; dir=0; type=1; pingpong=0; private_global=0; linkage=7; visibility=0; MemPort=[1]; IO mode=ap_memory:ce=0
---------------- STG Properties END ------------------

---------------- Datapath Model BEGIN ----------------

<LifeTime>
<method=bitvector/>
k_1           (alloca           ) [ 0111111111111000000]
a_offset_read (read             ) [ 0000000000000000000]
tmp           (bitconcatenate   ) [ 0000000000000000000]
zext_ln77     (zext             ) [ 0011111111111111111]
store_ln83    (store            ) [ 0000000000000000000]
br_ln83       (br               ) [ 0111111111111000000]
len_0         (phi              ) [ 0011111111111000000]
zext_ln83_1   (zext             ) [ 0001111111111000000]
tmp_21        (bitselect        ) [ 0011111111111000000]
empty         (speclooptripcount) [ 0000000000000000000]
br_ln83       (br               ) [ 0000000000000000000]
br_ln84       (br               ) [ 0011111111111000000]
br_ln95       (br               ) [ 0011111111111111111]
j             (phi              ) [ 0001100000000000000]
zext_ln84     (zext             ) [ 0000111111111000000]
tmp_22        (partselect       ) [ 0000000000000000000]
icmp_ln84     (icmp             ) [ 0011111111111000000]
br_ln84       (br               ) [ 0000000000000000000]
k_1_load      (load             ) [ 0000000000000000000]
k             (add              ) [ 0000111111111000000]
zext_ln85     (zext             ) [ 0000000000000000000]
zetas_addr    (getelementptr    ) [ 0000100000000000000]
len           (shl              ) [ 0111111111111000000]
br_ln83       (br               ) [ 0111111111111000000]
zetas_load    (load             ) [ 0000000000000000000]
zeta          (sub              ) [ 0000000000000000000]
add_ln86      (add              ) [ 0000000000000000000]
zext_ln86     (zext             ) [ 0000011111111000000]
empty_84      (icmp             ) [ 0000000000000000000]
trunc_ln84    (trunc            ) [ 0000000000000000000]
add_ln84_1    (add              ) [ 0000000000000000000]
start         (select           ) [ 0000000000000000000]
zext_ln84_1   (zext             ) [ 0000011111111000000]
sext_ln86     (sext             ) [ 0000011111111000000]
br_ln86       (br               ) [ 0011111111111000000]
j_0           (phi              ) [ 0000010000000000000]
icmp_ln86     (icmp             ) [ 0011111111111000000]
br_ln86       (br               ) [ 0000000000000000000]
trunc_ln87    (trunc            ) [ 0000000000000000000]
add_ln87      (add              ) [ 0000000000000000000]
zext_ln87     (zext             ) [ 0000000000000000000]
a_addr        (getelementptr    ) [ 0000001000000000000]
trunc_ln88    (trunc            ) [ 0000000000000000000]
zext_ln88     (zext             ) [ 0000000000000000000]
add_ln88      (add              ) [ 0000000000000000000]
add_ln88_2    (add              ) [ 0000000000000000000]
zext_ln88_6   (zext             ) [ 0000000000000000000]
a_addr_2      (getelementptr    ) [ 0000001111111000000]
j_3           (add              ) [ 0011111111111000000]
add_ln84      (add              ) [ 0011111111111000000]
store_ln84    (store            ) [ 0000000000000000000]
br_ln84       (br               ) [ 0011111111111000000]
t             (load             ) [ 0000000110000000000]
a_load_2      (load             ) [ 0000000000000000000]
add_ln88_1    (add              ) [ 0000000000000000000]
store_ln88    (store            ) [ 0000000000000000000]
a_load_3      (load             ) [ 0000000000000000000]
sub_ln89      (sub              ) [ 0000000001000000000]
sext_ln90     (sext             ) [ 0000000000000000000]
mul_ln90      (mul              ) [ 0000000000111000000]
trunc_ln18_2  (trunc            ) [ 0000000000100000000]
t_13          (mul              ) [ 0000000000010000000]
sext_ln19_7   (sext             ) [ 0000000000000000000]
mul_ln19_2    (mul              ) [ 0000000000001000000]
sext_ln90_1   (sext             ) [ 0000000000000000000]
sext_ln19_8   (sext             ) [ 0000000000000000000]
add_ln19_2    (add              ) [ 0000000000000000000]
trunc_ln19_1  (partselect       ) [ 0000000000000000000]
t_14          (sext             ) [ 0000000000000000000]
store_ln90    (store            ) [ 0000000000000000000]
br_ln86       (br               ) [ 0011111111111000000]
j_1           (phi              ) [ 0000000000000100000]
icmp_ln95     (icmp             ) [ 0000000000000111111]
empty_85      (speclooptripcount) [ 0000000000000000000]
j_2           (add              ) [ 0010000000000111111]
br_ln95       (br               ) [ 0000000000000000000]
zext_ln96     (zext             ) [ 0000000000000000000]
add_ln96      (add              ) [ 0000000000000000000]
zext_ln96_1   (zext             ) [ 0000000000000000000]
a_addr_1      (getelementptr    ) [ 0000000000000011111]
ret_ln98      (ret              ) [ 0000000000000000000]
a_load        (load             ) [ 0000000000000001000]
sext_ln96     (sext             ) [ 0000000000000000000]
mul_ln96      (mul              ) [ 0000000000000000111]
trunc_ln18    (trunc            ) [ 0000000000000000100]
t_11          (mul              ) [ 0000000000000000010]
sext_ln19     (sext             ) [ 0000000000000000000]
mul_ln19      (mul              ) [ 0000000000000000001]
sext_ln96_1   (sext             ) [ 0000000000000000000]
sext_ln19_5   (sext             ) [ 0000000000000000000]
add_ln19      (add              ) [ 0000000000000000000]
trunc_ln      (partselect       ) [ 0000000000000000000]
t_12          (sext             ) [ 0000000000000000000]
store_ln96    (store            ) [ 0000000000000000000]
br_ln95       (br               ) [ 0010000000000111111]
</LifeTime>

<model>

<comp_list>
<comp id="0" class="1000" name="a">
<pin_list>
<pin id="1" dir="1" index="0" bw="1" slack="0"/>
</pin_list>
<bind>
<StgValue><ssdm name="a"/><MemPortTyVec>2 1 </MemPortTyVec>
</StgValue>
</bind>
</comp>

<comp id="2" class="1000" name="a_offset">
<pin_list>
<pin id="3" dir="1" index="0" bw="1" slack="0"/>
</pin_list>
<bind>
<StgValue><ssdm name="a_offset"/></StgValue>
</bind>
</comp>

<comp id="4" class="1000" name="zetas">
<pin_list>
<pin id="5" dir="1" index="0" bw="1" slack="0"/>
</pin_list>
<bind>
<StgValue><ssdm name="zetas"/><MemPortTyVec>1 </MemPortTyVec>
</StgValue>
</bind>
</comp>

<comp id="6" class="1001" name="const_6">
<pin_list>
<pin id="7" dir="1" index="0" bw="1" slack="0"/>
</pin_list>
<bind>
<StgValue><ssdm name=""/></StgValue>
</bind>
</comp>

<comp id="8" class="1001" name="const_8">
<pin_list>
<pin id="9" dir="1" index="0" bw="1" slack="0"/>
</pin_list>
<bind>
<StgValue><ssdm name="_ssdm_op_Read.ap_auto.i3"/></StgValue>
</bind>
</comp>

<comp id="10" class="1001" name="const_10">
<pin_list>
<pin id="11" dir="1" index="0" bw="1" slack="0"/>
</pin_list>
<bind>
<StgValue><ssdm name="_ssdm_op_BitConcatenate.i11.i3.i8"/></StgValue>
</bind>
</comp>

<comp id="12" class="1001" name="const_12">
<pin_list>
<pin id="13" dir="1" index="0" bw="1" slack="0"/>
</pin_list>
<bind>
<StgValue><ssdm name=""/></StgValue>
</bind>
</comp>

<comp id="14" class="1001" name="const_14">
<pin_list>
<pin id="15" dir="1" index="0" bw="1" slack="0"/>
</pin_list>
<bind>
<StgValue><ssdm name=""/></StgValue>
</bind>
</comp>

<comp id="16" class="1001" name="const_16">
<pin_list>
<pin id="17" dir="1" index="0" bw="1" slack="0"/>
</pin_list>
<bind>
<StgValue><ssdm name=""/></StgValue>
</bind>
</comp>

<comp id="18" class="1001" name="const_18">
<pin_list>
<pin id="19" dir="1" index="0" bw="1" slack="0"/>
</pin_list>
<bind>
<StgValue><ssdm name="_ssdm_op_BitSelect.i1.i9.i32"/></StgValue>
</bind>
</comp>

<comp id="20" class="1001" name="const_20">
<pin_list>
<pin id="21" dir="1" index="0" bw="1" slack="0"/>
</pin_list>
<bind>
<StgValue><ssdm name=""/></StgValue>
</bind>
</comp>

<comp id="22" class="1001" name="const_22">
<pin_list>
<pin id="23" dir="1" index="0" bw="1" slack="2147483647"/>
</pin_list>
<bind>
<StgValue><ssdm name="_ssdm_op_SpecLoopTripCount"/></StgValue>
</bind>
</comp>

<comp id="24" class="1001" name="const_24">
<pin_list>
<pin id="25" dir="1" index="0" bw="1" slack="2147483647"/>
</pin_list>
<bind>
<StgValue><ssdm name=""/></StgValue>
</bind>
</comp>

<comp id="26" class="1001" name="const_26">
<pin_list>
<pin id="27" dir="1" index="0" bw="1" slack="1"/>
</pin_list>
<bind>
<StgValue><ssdm name=""/></StgValue>
</bind>
</comp>

<comp id="28" class="1001" name="const_28">
<pin_list>
<pin id="29" dir="1" index="0" bw="1" slack="0"/>
</pin_list>
<bind>
<StgValue><ssdm name="_ssdm_op_PartSelect.i2.i10.i32.i32"/></StgValue>
</bind>
</comp>

<comp id="30" class="1001" name="const_30">
<pin_list>
<pin id="31" dir="1" index="0" bw="1" slack="0"/>
</pin_list>
<bind>
<StgValue><ssdm name=""/></StgValue>
</bind>
</comp>

<comp id="32" class="1001" name="const_32">
<pin_list>
<pin id="33" dir="1" index="0" bw="1" slack="0"/>
</pin_list>
<bind>
<StgValue><ssdm name=""/></StgValue>
</bind>
</comp>

<comp id="34" class="1001" name="const_34">
<pin_list>
<pin id="35" dir="1" index="0" bw="1" slack="0"/>
</pin_list>
<bind>
<StgValue><ssdm name=""/></StgValue>
</bind>
</comp>

<comp id="36" class="1001" name="const_36">
<pin_list>
<pin id="37" dir="1" index="0" bw="1" slack="0"/>
</pin_list>
<bind>
<StgValue><ssdm name=""/></StgValue>
</bind>
</comp>

<comp id="38" class="1001" name="const_38">
<pin_list>
<pin id="39" dir="1" index="0" bw="1" slack="0"/>
</pin_list>
<bind>
<StgValue><ssdm name=""/></StgValue>
</bind>
</comp>

<comp id="40" class="1001" name="const_40">
<pin_list>
<pin id="41" dir="1" index="0" bw="1" slack="0"/>
</pin_list>
<bind>
<StgValue><ssdm name=""/></StgValue>
</bind>
</comp>

<comp id="42" class="1001" name="const_42">
<pin_list>
<pin id="43" dir="1" index="0" bw="1" slack="0"/>
</pin_list>
<bind>
<StgValue><ssdm name=""/></StgValue>
</bind>
</comp>

<comp id="44" class="1001" name="const_44">
<pin_list>
<pin id="45" dir="1" index="0" bw="1" slack="0"/>
</pin_list>
<bind>
<StgValue><ssdm name="_ssdm_op_PartSelect.i24.i56.i32.i32"/></StgValue>
</bind>
</comp>

<comp id="46" class="1001" name="const_46">
<pin_list>
<pin id="47" dir="1" index="0" bw="1" slack="0"/>
</pin_list>
<bind>
<StgValue><ssdm name=""/></StgValue>
</bind>
</comp>

<comp id="48" class="1001" name="const_48">
<pin_list>
<pin id="49" dir="1" index="0" bw="1" slack="0"/>
</pin_list>
<bind>
<StgValue><ssdm name=""/></StgValue>
</bind>
</comp>

<comp id="50" class="1001" name="const_50">
<pin_list>
<pin id="51" dir="1" index="0" bw="1" slack="1"/>
</pin_list>
<bind>
<StgValue><ssdm name=""/></StgValue>
</bind>
</comp>

<comp id="52" class="1001" name="const_52">
<pin_list>
<pin id="53" dir="1" index="0" bw="1" slack="0"/>
</pin_list>
<bind>
<StgValue><ssdm name=""/></StgValue>
</bind>
</comp>

<comp id="54" class="1001" name="const_54">
<pin_list>
<pin id="55" dir="1" index="0" bw="1" slack="2147483647"/>
</pin_list>
<bind>
<StgValue><ssdm name=""/></StgValue>
</bind>
</comp>

<comp id="56" class="1001" name="const_56">
<pin_list>
<pin id="57" dir="1" index="0" bw="1" slack="0"/>
</pin_list>
<bind>
<StgValue><ssdm name=""/></StgValue>
</bind>
</comp>

<comp id="58" class="1004" name="k_1_fu_58">
<pin_list>
<pin id="59" dir="0" index="0" bw="1" slack="0"/>
<pin id="60" dir="1" index="1" bw="32" slack="0"/>
</pin_list>
<bind>
<opcode="alloca(26) " fcode="alloca"/>
<opset="k_1/1 "/>
</bind>
</comp>

<comp id="62" class="1004" name="a_offset_read_read_fu_62">
<pin_list>
<pin id="63" dir="0" index="0" bw="3" slack="0"/>
<pin id="64" dir="0" index="1" bw="3" slack="0"/>
<pin id="65" dir="1" index="2" bw="3" slack="0"/>
</pin_list>
<bind>
<opcode="read(1150) " fcode="read"/>
<opset="a_offset_read/1 "/>
</bind>
</comp>

<comp id="68" class="1004" name="zetas_addr_gep_fu_68">
<pin_list>
<pin id="69" dir="0" index="0" bw="23" slack="0"/>
<pin id="70" dir="0" index="1" bw="1" slack="0"/>
<pin id="71" dir="0" index="2" bw="32" slack="0"/>
<pin id="72" dir="1" index="3" bw="8" slack="0"/>
</pin_list>
<bind>
<opcode="getelementptr(29) " fcode="getelementptr"/>
<opset="zetas_addr/3 "/>
</bind>
</comp>

<comp id="75" class="1004" name="grp_access_fu_75">
<pin_list>
<pin id="76" dir="0" index="0" bw="8" slack="0"/>
<pin id="77" dir="0" index="1" bw="23" slack="2147483647"/>
<pin id="78" dir="0" index="2" bw="0" slack="2147483647"/>
<pin id="79" dir="1" index="3" bw="23" slack="0"/>
</pin_list>
<bind>
<opcode="load(27) " fcode="load"/>
<opset="zetas_load/3 "/>
</bind>
</comp>

<comp id="81" class="1004" name="a_addr_gep_fu_81">
<pin_list>
<pin id="82" dir="0" index="0" bw="32" slack="0"/>
<pin id="83" dir="0" index="1" bw="1" slack="0"/>
<pin id="84" dir="0" index="2" bw="12" slack="0"/>
<pin id="85" dir="1" index="3" bw="10" slack="0"/>
</pin_list>
<bind>
<opcode="getelementptr(29) " fcode="getelementptr"/>
<opset="a_addr/5 "/>
</bind>
</comp>

<comp id="88" class="1004" name="grp_access_fu_88">
<pin_list>
<pin id="89" dir="0" index="0" bw="10" slack="0"/>
<pin id="90" dir="0" index="1" bw="32" slack="0"/>
<pin id="91" dir="0" index="2" bw="0" slack="0"/>
<pin id="101" dir="0" index="4" bw="10" slack="2147483647"/>
<pin id="102" dir="0" index="5" bw="32" slack="2147483647"/>
<pin id="103" dir="0" index="6" bw="0" slack="2147483647"/>
<pin id="92" dir="1" index="3" bw="32" slack="0"/>
<pin id="104" dir="1" index="7" bw="32" slack="0"/>
</pin_list>
<bind>
<opcode="load(27) store(28) " fcode="store"/>
<opset="t/5 a_load_2/5 store_ln88/6 a_load_3/7 store_ln90/12 a_load/13 store_ln96/18 "/>
</bind>
</comp>

<comp id="94" class="1004" name="a_addr_2_gep_fu_94">
<pin_list>
<pin id="95" dir="0" index="0" bw="32" slack="0"/>
<pin id="96" dir="0" index="1" bw="1" slack="0"/>
<pin id="97" dir="0" index="2" bw="12" slack="0"/>
<pin id="98" dir="1" index="3" bw="10" slack="0"/>
</pin_list>
<bind>
<opcode="getelementptr(29) " fcode="getelementptr"/>
<opset="a_addr_2/5 "/>
</bind>
</comp>

<comp id="106" class="1004" name="a_addr_1_gep_fu_106">
<pin_list>
<pin id="107" dir="0" index="0" bw="32" slack="0"/>
<pin id="108" dir="0" index="1" bw="1" slack="0"/>
<pin id="109" dir="0" index="2" bw="12" slack="0"/>
<pin id="110" dir="1" index="3" bw="10" slack="0"/>
</pin_list>
<bind>
<opcode="getelementptr(29) " fcode="getelementptr"/>
<opset="a_addr_1/13 "/>
</bind>
</comp>

<comp id="114" class="1005" name="len_0_reg_114">
<pin_list>
<pin id="115" dir="0" index="0" bw="9" slack="1"/>
<pin id="116" dir="1" index="1" bw="9" slack="1"/>
</pin_list>
<bind>
<opset="len_0 (phireg) "/>
</bind>
</comp>

<comp id="118" class="1004" name="len_0_phi_fu_118">
<pin_list>
<pin id="119" dir="0" index="0" bw="1" slack="1"/>
<pin id="120" dir="0" index="1" bw="0" slack="2147483647"/>
<pin id="121" dir="0" index="2" bw="9" slack="1"/>
<pin id="122" dir="0" index="3" bw="0" slack="2147483647"/>
<pin id="123" dir="1" index="4" bw="9" slack="0"/>
</pin_list>
<bind>
<opcode="phi(47) " fcode="phi"/>
<opset="len_0/2 "/>
</bind>
</comp>

<comp id="126" class="1005" name="j_reg_126">
<pin_list>
<pin id="127" dir="0" index="0" bw="10" slack="1"/>
<pin id="128" dir="1" index="1" bw="10" slack="1"/>
</pin_list>
<bind>
<opset="j (phireg) "/>
</bind>
</comp>

<comp id="130" class="1004" name="j_phi_fu_130">
<pin_list>
<pin id="131" dir="0" index="0" bw="10" slack="1"/>
<pin id="132" dir="0" index="1" bw="0" slack="2147483647"/>
<pin id="133" dir="0" index="2" bw="1" slack="1"/>
<pin id="134" dir="0" index="3" bw="0" slack="2147483647"/>
<pin id="135" dir="1" index="4" bw="10" slack="0"/>
</pin_list>
<bind>
<opcode="phi(47) " fcode="phi"/>
<opset="j/3 "/>
</bind>
</comp>

<comp id="138" class="1005" name="j_0_reg_138">
<pin_list>
<pin id="139" dir="0" index="0" bw="32" slack="2147483647"/>
<pin id="140" dir="1" index="1" bw="32" slack="2147483647"/>
</pin_list>
<bind>
<opset="j_0 (phireg) "/>
</bind>
</comp>

<comp id="141" class="1004" name="j_0_phi_fu_141">
<pin_list>
<pin id="142" dir="0" index="0" bw="10" slack="2"/>
<pin id="143" dir="0" index="1" bw="0" slack="2147483647"/>
<pin id="144" dir="0" index="2" bw="32" slack="0"/>
<pin id="145" dir="0" index="3" bw="0" slack="2147483647"/>
<pin id="146" dir="1" index="4" bw="32" slack="0"/>
</pin_list>
<bind>
<opcode="phi(47) " fcode="phi"/>
<opset="j_0/5 "/>
</bind>
</comp>

<comp id="147" class="1005" name="j_1_reg_147">
<pin_list>
<pin id="148" dir="0" index="0" bw="9" slack="1"/>
<pin id="149" dir="1" index="1" bw="9" slack="1"/>
</pin_list>
<bind>
<opset="j_1 (phireg) "/>
</bind>
</comp>

<comp id="151" class="1004" name="j_1_phi_fu_151">
<pin_list>
<pin id="152" dir="0" index="0" bw="9" slack="0"/>
<pin id="153" dir="0" index="1" bw="0" slack="2147483647"/>
<pin id="154" dir="0" index="2" bw="1" slack="1"/>
<pin id="155" dir="0" index="3" bw="0" slack="2147483647"/>
<pin id="156" dir="1" index="4" bw="9" slack="0"/>
</pin_list>
<bind>
<opcode="phi(47) " fcode="phi"/>
<opset="j_1/13 "/>
</bind>
</comp>

<comp id="158" class="1005" name="reg_158">
<pin_list>
<pin id="159" dir="0" index="0" bw="32" slack="1"/>
<pin id="160" dir="1" index="1" bw="32" slack="1"/>
</pin_list>
<bind>
<opset="t a_load "/>
</bind>
</comp>

<comp id="163" class="1004" name="tmp_fu_163">
<pin_list>
<pin id="164" dir="0" index="0" bw="11" slack="0"/>
<pin id="165" dir="0" index="1" bw="3" slack="0"/>
<pin id="166" dir="0" index="2" bw="1" slack="0"/>
<pin id="167" dir="1" index="3" bw="11" slack="0"/>
</pin_list>
<bind>
<opcode="bitconcatenate(1004) " fcode="bitconcatenate"/>
<opset="tmp/1 "/>
</bind>
</comp>

<comp id="171" class="1004" name="zext_ln77_fu_171">
<pin_list>
<pin id="172" dir="0" index="0" bw="11" slack="0"/>
<pin id="173" dir="1" index="1" bw="12" slack="2"/>
</pin_list>
<bind>
<opcode="zext(34) " fcode="zext"/>
<opset="zext_ln77/1 "/>
</bind>
</comp>

<comp id="175" class="1004" name="store_ln83_store_fu_175">
<pin_list>
<pin id="176" dir="0" index="0" bw="10" slack="0"/>
<pin id="177" dir="0" index="1" bw="32" slack="0"/>
<pin id="178" dir="1" index="2" bw="0" slack="2147483647"/>
</pin_list>
<bind>
<opcode="store(28) " fcode="store"/>
<opset="store_ln83/1 "/>
</bind>
</comp>

<comp id="180" class="1004" name="zext_ln83_1_fu_180">
<pin_list>
<pin id="181" dir="0" index="0" bw="9" slack="0"/>
<pin id="182" dir="1" index="1" bw="10" slack="2"/>
</pin_list>
<bind>
<opcode="zext(34) " fcode="zext"/>
<opset="zext_ln83_1/2 "/>
</bind>
</comp>

<comp id="184" class="1004" name="tmp_21_fu_184">
<pin_list>
<pin id="185" dir="0" index="0" bw="1" slack="0"/>
<pin id="186" dir="0" index="1" bw="9" slack="0"/>
<pin id="187" dir="0" index="2" bw="5" slack="0"/>
<pin id="188" dir="1" index="3" bw="1" slack="2147483647"/>
</pin_list>
<bind>
<opcode="bitselect(1000) " fcode="bitselect"/>
<opset="tmp_21/2 "/>
</bind>
</comp>

<comp id="192" class="1004" name="zext_ln84_fu_192">
<pin_list>
<pin id="193" dir="0" index="0" bw="10" slack="0"/>
<pin id="194" dir="1" index="1" bw="32" slack="2"/>
</pin_list>
<bind>
<opcode="zext(34) " fcode="zext"/>
<opset="zext_ln84/3 "/>
</bind>
</comp>

<comp id="196" class="1004" name="tmp_22_fu_196">
<pin_list>
<pin id="197" dir="0" index="0" bw="2" slack="0"/>
<pin id="198" dir="0" index="1" bw="10" slack="0"/>
<pin id="199" dir="0" index="2" bw="5" slack="0"/>
<pin id="200" dir="0" index="3" bw="5" slack="0"/>
<pin id="201" dir="1" index="4" bw="2" slack="0"/>
</pin_list>
<bind>
<opcode="partselect(1002) " fcode="partselect"/>
<opset="tmp_22/3 "/>
</bind>
</comp>

<comp id="206" class="1004" name="icmp_ln84_fu_206">
<pin_list>
<pin id="207" dir="0" index="0" bw="2" slack="0"/>
<pin id="208" dir="0" index="1" bw="1" slack="0"/>
<pin id="209" dir="1" index="2" bw="1" slack="2147483647"/>
</pin_list>
<bind>
<opcode="icmp(45) " fcode="icmp"/>
<opset="icmp_ln84/3 "/>
</bind>
</comp>

<comp id="212" class="1004" name="k_1_load_load_fu_212">
<pin_list>
<pin id="213" dir="0" index="0" bw="32" slack="2"/>
<pin id="214" dir="1" index="1" bw="32" slack="0"/>
</pin_list>
<bind>
<opcode="load(27) " fcode="load"/>
<opset="k_1_load/3 "/>
</bind>
</comp>

<comp id="215" class="1004" name="k_fu_215">
<pin_list>
<pin id="216" dir="0" index="0" bw="1" slack="0"/>
<pin id="217" dir="0" index="1" bw="32" slack="0"/>
<pin id="218" dir="1" index="2" bw="32" slack="0"/>
</pin_list>
<bind>
<opcode="add(8) " fcode="add"/>
<opset="k/3 "/>
</bind>
</comp>

<comp id="221" class="1004" name="zext_ln85_fu_221">
<pin_list>
<pin id="222" dir="0" index="0" bw="32" slack="0"/>
<pin id="223" dir="1" index="1" bw="64" slack="0"/>
</pin_list>
<bind>
<opcode="zext(34) " fcode="zext"/>
<opset="zext_ln85/3 "/>
</bind>
</comp>

<comp id="226" class="1004" name="len_fu_226">
<pin_list>
<pin id="227" dir="0" index="0" bw="9" slack="1"/>
<pin id="228" dir="0" index="1" bw="1" slack="0"/>
<pin id="229" dir="1" index="2" bw="9" slack="1"/>
</pin_list>
<bind>
<opcode="shl(20) " fcode="shl"/>
<opset="len/3 "/>
</bind>
</comp>

<comp id="232" class="1004" name="zeta_fu_232">
<pin_list>
<pin id="233" dir="0" index="0" bw="1" slack="0"/>
<pin id="234" dir="0" index="1" bw="23" slack="0"/>
<pin id="235" dir="1" index="2" bw="23" slack="0"/>
</pin_list>
<bind>
<opcode="sub(10) " fcode="sub"/>
<opset="zeta/4 "/>
</bind>
</comp>

<comp id="238" class="1004" name="add_ln86_fu_238">
<pin_list>
<pin id="239" dir="0" index="0" bw="9" slack="2"/>
<pin id="240" dir="0" index="1" bw="10" slack="1"/>
<pin id="241" dir="1" index="2" bw="10" slack="0"/>
</pin_list>
<bind>
<opcode="add(8) " fcode="add"/>
<opset="add_ln86/4 "/>
</bind>
</comp>

<comp id="243" class="1004" name="zext_ln86_fu_243">
<pin_list>
<pin id="244" dir="0" index="0" bw="10" slack="0"/>
<pin id="245" dir="1" index="1" bw="32" slack="1"/>
</pin_list>
<bind>
<opcode="zext(34) " fcode="zext"/>
<opset="zext_ln86/4 "/>
</bind>
</comp>

<comp id="247" class="1004" name="empty_84_fu_247">
<pin_list>
<pin id="248" dir="0" index="0" bw="10" slack="1"/>
<pin id="249" dir="0" index="1" bw="10" slack="0"/>
<pin id="250" dir="1" index="2" bw="1" slack="0"/>
</pin_list>
<bind>
<opcode="icmp(45) " fcode="icmp"/>
<opset="empty_84/4 "/>
</bind>
</comp>

<comp id="253" class="1004" name="trunc_ln84_fu_253">
<pin_list>
<pin id="254" dir="0" index="0" bw="10" slack="1"/>
<pin id="255" dir="1" index="1" bw="9" slack="0"/>
</pin_list>
<bind>
<opcode="trunc(33) " fcode="trunc"/>
<opset="trunc_ln84/4 "/>
</bind>
</comp>

<comp id="257" class="1004" name="add_ln84_1_fu_257">
<pin_list>
<pin id="258" dir="0" index="0" bw="9" slack="0"/>
<pin id="259" dir="0" index="1" bw="9" slack="2"/>
<pin id="260" dir="1" index="2" bw="9" slack="0"/>
</pin_list>
<bind>
<opcode="add(8) " fcode="add"/>
<opset="add_ln84_1/4 "/>
</bind>
</comp>

<comp id="263" class="1004" name="start_fu_263">
<pin_list>
<pin id="264" dir="0" index="0" bw="1" slack="0"/>
<pin id="265" dir="0" index="1" bw="9" slack="0"/>
<pin id="266" dir="0" index="2" bw="9" slack="0"/>
<pin id="267" dir="1" index="3" bw="9" slack="0"/>
</pin_list>
<bind>
<opcode="select(49) " fcode="select"/>
<opset="start/4 "/>
</bind>
</comp>

<comp id="271" class="1004" name="zext_ln84_1_fu_271">
<pin_list>
<pin id="272" dir="0" index="0" bw="9" slack="0"/>
<pin id="273" dir="1" index="1" bw="10" slack="1"/>
</pin_list>
<bind>
<opcode="zext(34) " fcode="zext"/>
<opset="zext_ln84_1/4 "/>
</bind>
</comp>

<comp id="275" class="1004" name="sext_ln86_fu_275">
<pin_list>
<pin id="276" dir="0" index="0" bw="23" slack="0"/>
<pin id="277" dir="1" index="1" bw="54" slack="5"/>
</pin_list>
<bind>
<opcode="sext(35) " fcode="sext"/>
<opset="sext_ln86/4 "/>
</bind>
</comp>

<comp id="279" class="1004" name="icmp_ln86_fu_279">
<pin_list>
<pin id="280" dir="0" index="0" bw="32" slack="0"/>
<pin id="281" dir="0" index="1" bw="10" slack="1"/>
<pin id="282" dir="1" index="2" bw="1" slack="2147483647"/>
</pin_list>
<bind>
<opcode="icmp(45) " fcode="icmp"/>
<opset="icmp_ln86/5 "/>
</bind>
</comp>

<comp id="284" class="1004" name="trunc_ln87_fu_284">
<pin_list>
<pin id="285" dir="0" index="0" bw="32" slack="0"/>
<pin id="286" dir="1" index="1" bw="12" slack="0"/>
</pin_list>
<bind>
<opcode="trunc(33) " fcode="trunc"/>
<opset="trunc_ln87/5 "/>
</bind>
</comp>

<comp id="288" class="1004" name="add_ln87_fu_288">
<pin_list>
<pin id="289" dir="0" index="0" bw="11" slack="4"/>
<pin id="290" dir="0" index="1" bw="12" slack="0"/>
<pin id="291" dir="1" index="2" bw="12" slack="0"/>
</pin_list>
<bind>
<opcode="add(8) " fcode="add"/>
<opset="add_ln87/5 "/>
</bind>
</comp>

<comp id="293" class="1004" name="zext_ln87_fu_293">
<pin_list>
<pin id="294" dir="0" index="0" bw="12" slack="0"/>
<pin id="295" dir="1" index="1" bw="64" slack="0"/>
</pin_list>
<bind>
<opcode="zext(34) " fcode="zext"/>
<opset="zext_ln87/5 "/>
</bind>
</comp>

<comp id="298" class="1004" name="trunc_ln88_fu_298">
<pin_list>
<pin id="299" dir="0" index="0" bw="32" slack="0"/>
<pin id="300" dir="1" index="1" bw="12" slack="0"/>
</pin_list>
<bind>
<opcode="trunc(33) " fcode="trunc"/>
<opset="trunc_ln88/5 "/>
</bind>
</comp>

<comp id="302" class="1004" name="zext_ln88_fu_302">
<pin_list>
<pin id="303" dir="0" index="0" bw="9" slack="3"/>
<pin id="304" dir="1" index="1" bw="12" slack="0"/>
</pin_list>
<bind>
<opcode="zext(34) " fcode="zext"/>
<opset="zext_ln88/5 "/>
</bind>
</comp>

<comp id="306" class="1004" name="add_ln88_fu_306">
<pin_list>
<pin id="307" dir="0" index="0" bw="9" slack="0"/>
<pin id="308" dir="0" index="1" bw="12" slack="0"/>
<pin id="309" dir="1" index="2" bw="12" slack="0"/>
</pin_list>
<bind>
<opcode="add(8) " fcode="add"/>
<opset="add_ln88/5 "/>
</bind>
</comp>

<comp id="312" class="1004" name="add_ln88_2_fu_312">
<pin_list>
<pin id="313" dir="0" index="0" bw="11" slack="4"/>
<pin id="314" dir="0" index="1" bw="12" slack="0"/>
<pin id="315" dir="1" index="2" bw="12" slack="0"/>
</pin_list>
<bind>
<opcode="add(8) " fcode="add"/>
<opset="add_ln88_2/5 "/>
</bind>
</comp>

<comp id="317" class="1004" name="zext_ln88_6_fu_317">
<pin_list>
<pin id="318" dir="0" index="0" bw="12" slack="0"/>
<pin id="319" dir="1" index="1" bw="64" slack="0"/>
</pin_list>
<bind>
<opcode="zext(34) " fcode="zext"/>
<opset="zext_ln88_6/5 "/>
</bind>
</comp>

<comp id="322" class="1004" name="j_3_fu_322">
<pin_list>
<pin id="323" dir="0" index="0" bw="1" slack="0"/>
<pin id="324" dir="0" index="1" bw="32" slack="0"/>
<pin id="325" dir="1" index="2" bw="32" slack="0"/>
</pin_list>
<bind>
<opcode="add(8) " fcode="add"/>
<opset="j_3/5 "/>
</bind>
</comp>

<comp id="328" class="1004" name="add_ln84_fu_328">
<pin_list>
<pin id="329" dir="0" index="0" bw="9" slack="1"/>
<pin id="330" dir="0" index="1" bw="9" slack="3"/>
<pin id="331" dir="1" index="2" bw="10" slack="1"/>
</pin_list>
<bind>
<opcode="add(8) " fcode="add"/>
<opset="add_ln84/5 "/>
</bind>
</comp>

<comp id="332" class="1004" name="store_ln84_store_fu_332">
<pin_list>
<pin id="333" dir="0" index="0" bw="32" slack="2"/>
<pin id="334" dir="0" index="1" bw="32" slack="4"/>
<pin id="335" dir="1" index="2" bw="0" slack="2147483647"/>
</pin_list>
<bind>
<opcode="store(28) " fcode="store"/>
<opset="store_ln84/5 "/>
</bind>
</comp>

<comp id="336" class="1004" name="add_ln88_1_fu_336">
<pin_list>
<pin id="337" dir="0" index="0" bw="32" slack="0"/>
<pin id="338" dir="0" index="1" bw="32" slack="0"/>
<pin id="339" dir="1" index="2" bw="32" slack="0"/>
</pin_list>
<bind>
<opcode="add(8) " fcode="add"/>
<opset="add_ln88_1/6 "/>
</bind>
</comp>

<comp id="343" class="1004" name="sub_ln89_fu_343">
<pin_list>
<pin id="344" dir="0" index="0" bw="32" slack="2"/>
<pin id="345" dir="0" index="1" bw="32" slack="0"/>
<pin id="346" dir="1" index="2" bw="32" slack="1"/>
</pin_list>
<bind>
<opcode="sub(10) " fcode="sub"/>
<opset="sub_ln89/8 "/>
</bind>
</comp>

<comp id="349" class="1004" name="sext_ln90_fu_349">
<pin_list>
<pin id="350" dir="0" index="0" bw="32" slack="1"/>
<pin id="351" dir="1" index="1" bw="54" slack="0"/>
</pin_list>
<bind>
<opcode="sext(35) " fcode="sext"/>
<opset="sext_ln90/9 "/>
</bind>
</comp>

<comp id="352" class="1004" name="mul_ln90_fu_352">
<pin_list>
<pin id="353" dir="0" index="0" bw="23" slack="5"/>
<pin id="354" dir="0" index="1" bw="32" slack="0"/>
<pin id="355" dir="1" index="2" bw="54" slack="0"/>
</pin_list>
<bind>
<opcode="mul(12) " fcode="mul"/>
<opset="mul_ln90/9 "/>
</bind>
</comp>

<comp id="357" class="1004" name="trunc_ln18_2_fu_357">
<pin_list>
<pin id="358" dir="0" index="0" bw="54" slack="0"/>
<pin id="359" dir="1" index="1" bw="32" slack="1"/>
</pin_list>
<bind>
<opcode="trunc(33) " fcode="trunc"/>
<opset="trunc_ln18_2/9 "/>
</bind>
</comp>

<comp id="361" class="1004" name="t_13_fu_361">
<pin_list>
<pin id="362" dir="0" index="0" bw="27" slack="0"/>
<pin id="363" dir="0" index="1" bw="32" slack="1"/>
<pin id="364" dir="1" index="2" bw="32" slack="1"/>
</pin_list>
<bind>
<opcode="mul(12) " fcode="mul"/>
<opset="t_13/10 "/>
</bind>
</comp>

<comp id="366" class="1004" name="sext_ln19_7_fu_366">
<pin_list>
<pin id="367" dir="0" index="0" bw="32" slack="1"/>
<pin id="368" dir="1" index="1" bw="55" slack="0"/>
</pin_list>
<bind>
<opcode="sext(35) " fcode="sext"/>
<opset="sext_ln19_7/11 "/>
</bind>
</comp>

<comp id="369" class="1004" name="mul_ln19_2_fu_369">
<pin_list>
<pin id="370" dir="0" index="0" bw="24" slack="0"/>
<pin id="371" dir="0" index="1" bw="32" slack="0"/>
<pin id="372" dir="1" index="2" bw="55" slack="1"/>
</pin_list>
<bind>
<opcode="mul(12) " fcode="mul"/>
<opset="mul_ln19_2/11 "/>
</bind>
</comp>

<comp id="375" class="1004" name="sext_ln90_1_fu_375">
<pin_list>
<pin id="376" dir="0" index="0" bw="54" slack="3"/>
<pin id="377" dir="1" index="1" bw="56" slack="0"/>
</pin_list>
<bind>
<opcode="sext(35) " fcode="sext"/>
<opset="sext_ln90_1/12 "/>
</bind>
</comp>

<comp id="378" class="1004" name="sext_ln19_8_fu_378">
<pin_list>
<pin id="379" dir="0" index="0" bw="55" slack="1"/>
<pin id="380" dir="1" index="1" bw="56" slack="0"/>
</pin_list>
<bind>
<opcode="sext(35) " fcode="sext"/>
<opset="sext_ln19_8/12 "/>
</bind>
</comp>

<comp id="381" class="1004" name="add_ln19_2_fu_381">
<pin_list>
<pin id="382" dir="0" index="0" bw="54" slack="0"/>
<pin id="383" dir="0" index="1" bw="55" slack="0"/>
<pin id="384" dir="1" index="2" bw="56" slack="0"/>
</pin_list>
<bind>
<opcode="add(8) " fcode="add"/>
<opset="add_ln19_2/12 "/>
</bind>
</comp>

<comp id="387" class="1004" name="trunc_ln19_1_fu_387">
<pin_list>
<pin id="388" dir="0" index="0" bw="24" slack="0"/>
<pin id="389" dir="0" index="1" bw="56" slack="0"/>
<pin id="390" dir="0" index="2" bw="7" slack="0"/>
<pin id="391" dir="0" index="3" bw="7" slack="0"/>
<pin id="392" dir="1" index="4" bw="24" slack="0"/>
</pin_list>
<bind>
<opcode="partselect(1002) " fcode="partselect"/>
<opset="trunc_ln19_1/12 "/>
</bind>
</comp>

<comp id="397" class="1004" name="t_14_fu_397">
<pin_list>
<pin id="398" dir="0" index="0" bw="24" slack="0"/>
<pin id="399" dir="1" index="1" bw="32" slack="0"/>
</pin_list>
<bind>
<opcode="sext(35) " fcode="sext"/>
<opset="t_14/12 "/>
</bind>
</comp>

<comp id="402" class="1004" name="icmp_ln95_fu_402">
<pin_list>
<pin id="403" dir="0" index="0" bw="9" slack="0"/>
<pin id="404" dir="0" index="1" bw="9" slack="0"/>
<pin id="405" dir="1" index="2" bw="1" slack="2147483647"/>
</pin_list>
<bind>
<opcode="icmp(45) " fcode="icmp"/>
<opset="icmp_ln95/13 "/>
</bind>
</comp>

<comp id="408" class="1004" name="j_2_fu_408">
<pin_list>
<pin id="409" dir="0" index="0" bw="9" slack="0"/>
<pin id="410" dir="0" index="1" bw="1" slack="0"/>
<pin id="411" dir="1" index="2" bw="9" slack="0"/>
</pin_list>
<bind>
<opcode="add(8) " fcode="add"/>
<opset="j_2/13 "/>
</bind>
</comp>

<comp id="414" class="1004" name="zext_ln96_fu_414">
<pin_list>
<pin id="415" dir="0" index="0" bw="9" slack="0"/>
<pin id="416" dir="1" index="1" bw="12" slack="0"/>
</pin_list>
<bind>
<opcode="zext(34) " fcode="zext"/>
<opset="zext_ln96/13 "/>
</bind>
</comp>

<comp id="418" class="1004" name="add_ln96_fu_418">
<pin_list>
<pin id="419" dir="0" index="0" bw="9" slack="0"/>
<pin id="420" dir="0" index="1" bw="11" slack="2"/>
<pin id="421" dir="1" index="2" bw="12" slack="0"/>
</pin_list>
<bind>
<opcode="add(8) " fcode="add"/>
<opset="add_ln96/13 "/>
</bind>
</comp>

<comp id="423" class="1004" name="zext_ln96_1_fu_423">
<pin_list>
<pin id="424" dir="0" index="0" bw="12" slack="0"/>
<pin id="425" dir="1" index="1" bw="64" slack="0"/>
</pin_list>
<bind>
<opcode="zext(34) " fcode="zext"/>
<opset="zext_ln96_1/13 "/>
</bind>
</comp>

<comp id="428" class="1004" name="sext_ln96_fu_428">
<pin_list>
<pin id="429" dir="0" index="0" bw="32" slack="1"/>
<pin id="430" dir="1" index="1" bw="49" slack="0"/>
</pin_list>
<bind>
<opcode="sext(35) " fcode="sext"/>
<opset="sext_ln96/15 "/>
</bind>
</comp>

<comp id="432" class="1004" name="mul_ln96_fu_432">
<pin_list>
<pin id="433" dir="0" index="0" bw="17" slack="0"/>
<pin id="434" dir="0" index="1" bw="32" slack="0"/>
<pin id="435" dir="1" index="2" bw="49" slack="0"/>
</pin_list>
<bind>
<opcode="mul(12) " fcode="mul"/>
<opset="mul_ln96/15 "/>
</bind>
</comp>

<comp id="438" class="1004" name="trunc_ln18_fu_438">
<pin_list>
<pin id="439" dir="0" index="0" bw="49" slack="0"/>
<pin id="440" dir="1" index="1" bw="32" slack="1"/>
</pin_list>
<bind>
<opcode="trunc(33) " fcode="trunc"/>
<opset="trunc_ln18/15 "/>
</bind>
</comp>

<comp id="442" class="1004" name="t_11_fu_442">
<pin_list>
<pin id="443" dir="0" index="0" bw="27" slack="0"/>
<pin id="444" dir="0" index="1" bw="32" slack="1"/>
<pin id="445" dir="1" index="2" bw="32" slack="1"/>
</pin_list>
<bind>
<opcode="mul(12) " fcode="mul"/>
<opset="t_11/16 "/>
</bind>
</comp>

<comp id="447" class="1004" name="sext_ln19_fu_447">
<pin_list>
<pin id="448" dir="0" index="0" bw="32" slack="1"/>
<pin id="449" dir="1" index="1" bw="55" slack="0"/>
</pin_list>
<bind>
<opcode="sext(35) " fcode="sext"/>
<opset="sext_ln19/17 "/>
</bind>
</comp>

<comp id="450" class="1004" name="mul_ln19_fu_450">
<pin_list>
<pin id="451" dir="0" index="0" bw="24" slack="0"/>
<pin id="452" dir="0" index="1" bw="32" slack="0"/>
<pin id="453" dir="1" index="2" bw="55" slack="1"/>
</pin_list>
<bind>
<opcode="mul(12) " fcode="mul"/>
<opset="mul_ln19/17 "/>
</bind>
</comp>

<comp id="456" class="1004" name="sext_ln96_1_fu_456">
<pin_list>
<pin id="457" dir="0" index="0" bw="49" slack="3"/>
<pin id="458" dir="1" index="1" bw="56" slack="0"/>
</pin_list>
<bind>
<opcode="sext(35) " fcode="sext"/>
<opset="sext_ln96_1/18 "/>
</bind>
</comp>

<comp id="459" class="1004" name="sext_ln19_5_fu_459">
<pin_list>
<pin id="460" dir="0" index="0" bw="55" slack="1"/>
<pin id="461" dir="1" index="1" bw="56" slack="0"/>
</pin_list>
<bind>
<opcode="sext(35) " fcode="sext"/>
<opset="sext_ln19_5/18 "/>
</bind>
</comp>

<comp id="462" class="1004" name="add_ln19_fu_462">
<pin_list>
<pin id="463" dir="0" index="0" bw="55" slack="0"/>
<pin id="464" dir="0" index="1" bw="49" slack="0"/>
<pin id="465" dir="1" index="2" bw="56" slack="0"/>
</pin_list>
<bind>
<opcode="add(8) " fcode="add"/>
<opset="add_ln19/18 "/>
</bind>
</comp>

<comp id="468" class="1004" name="trunc_ln_fu_468">
<pin_list>
<pin id="469" dir="0" index="0" bw="24" slack="0"/>
<pin id="470" dir="0" index="1" bw="56" slack="0"/>
<pin id="471" dir="0" index="2" bw="7" slack="0"/>
<pin id="472" dir="0" index="3" bw="7" slack="0"/>
<pin id="473" dir="1" index="4" bw="24" slack="0"/>
</pin_list>
<bind>
<opcode="partselect(1002) " fcode="partselect"/>
<opset="trunc_ln/18 "/>
</bind>
</comp>

<comp id="478" class="1004" name="t_12_fu_478">
<pin_list>
<pin id="479" dir="0" index="0" bw="24" slack="0"/>
<pin id="480" dir="1" index="1" bw="32" slack="0"/>
</pin_list>
<bind>
<opcode="sext(35) " fcode="sext"/>
<opset="t_12/18 "/>
</bind>
</comp>

<comp id="483" class="1005" name="k_1_reg_483">
<pin_list>
<pin id="484" dir="0" index="0" bw="32" slack="0"/>
<pin id="485" dir="1" index="1" bw="32" slack="0"/>
</pin_list>
<bind>
<opset="k_1 "/>
</bind>
</comp>

<comp id="490" class="1005" name="zext_ln77_reg_490">
<pin_list>
<pin id="491" dir="0" index="0" bw="12" slack="2"/>
<pin id="492" dir="1" index="1" bw="12" slack="2"/>
</pin_list>
<bind>
<opset="zext_ln77 "/>
</bind>
</comp>

<comp id="497" class="1005" name="zext_ln83_1_reg_497">
<pin_list>
<pin id="498" dir="0" index="0" bw="10" slack="2"/>
<pin id="499" dir="1" index="1" bw="10" slack="2"/>
</pin_list>
<bind>
<opset="zext_ln83_1 "/>
</bind>
</comp>

<comp id="506" class="1005" name="zext_ln84_reg_506">
<pin_list>
<pin id="507" dir="0" index="0" bw="32" slack="2"/>
<pin id="508" dir="1" index="1" bw="32" slack="2"/>
</pin_list>
<bind>
<opset="zext_ln84 "/>
</bind>
</comp>

<comp id="514" class="1005" name="k_reg_514">
<pin_list>
<pin id="515" dir="0" index="0" bw="32" slack="2"/>
<pin id="516" dir="1" index="1" bw="32" slack="2"/>
</pin_list>
<bind>
<opset="k "/>
</bind>
</comp>

<comp id="519" class="1005" name="zetas_addr_reg_519">
<pin_list>
<pin id="520" dir="0" index="0" bw="8" slack="1"/>
<pin id="521" dir="1" index="1" bw="8" slack="1"/>
</pin_list>
<bind>
<opset="zetas_addr "/>
</bind>
</comp>

<comp id="524" class="1005" name="len_reg_524">
<pin_list>
<pin id="525" dir="0" index="0" bw="9" slack="1"/>
<pin id="526" dir="1" index="1" bw="9" slack="1"/>
</pin_list>
<bind>
<opset="len "/>
</bind>
</comp>

<comp id="529" class="1005" name="zext_ln86_reg_529">
<pin_list>
<pin id="530" dir="0" index="0" bw="32" slack="1"/>
<pin id="531" dir="1" index="1" bw="32" slack="1"/>
</pin_list>
<bind>
<opset="zext_ln86 "/>
</bind>
</comp>

<comp id="534" class="1005" name="zext_ln84_1_reg_534">
<pin_list>
<pin id="535" dir="0" index="0" bw="10" slack="1"/>
<pin id="536" dir="1" index="1" bw="10" slack="1"/>
</pin_list>
<bind>
<opset="zext_ln84_1 "/>
</bind>
</comp>

<comp id="539" class="1005" name="sext_ln86_reg_539">
<pin_list>
<pin id="540" dir="0" index="0" bw="54" slack="5"/>
<pin id="541" dir="1" index="1" bw="54" slack="5"/>
</pin_list>
<bind>
<opset="sext_ln86 "/>
</bind>
</comp>

<comp id="547" class="1005" name="a_addr_reg_547">
<pin_list>
<pin id="548" dir="0" index="0" bw="10" slack="1"/>
<pin id="549" dir="1" index="1" bw="10" slack="1"/>
</pin_list>
<bind>
<opset="a_addr "/>
</bind>
</comp>

<comp id="552" class="1005" name="a_addr_2_reg_552">
<pin_list>
<pin id="553" dir="0" index="0" bw="10" slack="1"/>
<pin id="554" dir="1" index="1" bw="10" slack="1"/>
</pin_list>
<bind>
<opset="a_addr_2 "/>
</bind>
</comp>

<comp id="558" class="1005" name="j_3_reg_558">
<pin_list>
<pin id="559" dir="0" index="0" bw="32" slack="0"/>
<pin id="560" dir="1" index="1" bw="32" slack="0"/>
</pin_list>
<bind>
<opset="j_3 "/>
</bind>
</comp>

<comp id="563" class="1005" name="add_ln84_reg_563">
<pin_list>
<pin id="564" dir="0" index="0" bw="10" slack="1"/>
<pin id="565" dir="1" index="1" bw="10" slack="1"/>
</pin_list>
<bind>
<opset="add_ln84 "/>
</bind>
</comp>

<comp id="568" class="1005" name="sub_ln89_reg_568">
<pin_list>
<pin id="569" dir="0" index="0" bw="32" slack="1"/>
<pin id="570" dir="1" index="1" bw="32" slack="1"/>
</pin_list>
<bind>
<opset="sub_ln89 "/>
</bind>
</comp>

<comp id="573" class="1005" name="mul_ln90_reg_573">
<pin_list>
<pin id="574" dir="0" index="0" bw="54" slack="3"/>
<pin id="575" dir="1" index="1" bw="54" slack="3"/>
</pin_list>
<bind>
<opset="mul_ln90 "/>
</bind>
</comp>

<comp id="578" class="1005" name="trunc_ln18_2_reg_578">
<pin_list>
<pin id="579" dir="0" index="0" bw="32" slack="1"/>
<pin id="580" dir="1" index="1" bw="32" slack="1"/>
</pin_list>
<bind>
<opset="trunc_ln18_2 "/>
</bind>
</comp>

<comp id="583" class="1005" name="t_13_reg_583">
<pin_list>
<pin id="584" dir="0" index="0" bw="32" slack="1"/>
<pin id="585" dir="1" index="1" bw="32" slack="1"/>
</pin_list>
<bind>
<opset="t_13 "/>
</bind>
</comp>

<comp id="588" class="1005" name="mul_ln19_2_reg_588">
<pin_list>
<pin id="589" dir="0" index="0" bw="55" slack="1"/>
<pin id="590" dir="1" index="1" bw="55" slack="1"/>
</pin_list>
<bind>
<opset="mul_ln19_2 "/>
</bind>
</comp>

<comp id="596" class="1005" name="j_2_reg_596">
<pin_list>
<pin id="597" dir="0" index="0" bw="9" slack="0"/>
<pin id="598" dir="1" index="1" bw="9" slack="0"/>
</pin_list>
<bind>
<opset="j_2 "/>
</bind>
</comp>

<comp id="601" class="1005" name="a_addr_1_reg_601">
<pin_list>
<pin id="602" dir="0" index="0" bw="10" slack="1"/>
<pin id="603" dir="1" index="1" bw="10" slack="1"/>
</pin_list>
<bind>
<opset="a_addr_1 "/>
</bind>
</comp>

<comp id="607" class="1005" name="mul_ln96_reg_607">
<pin_list>
<pin id="608" dir="0" index="0" bw="49" slack="3"/>
<pin id="609" dir="1" index="1" bw="49" slack="3"/>
</pin_list>
<bind>
<opset="mul_ln96 "/>
</bind>
</comp>

<comp id="612" class="1005" name="trunc_ln18_reg_612">
<pin_list>
<pin id="613" dir="0" index="0" bw="32" slack="1"/>
<pin id="614" dir="1" index="1" bw="32" slack="1"/>
</pin_list>
<bind>
<opset="trunc_ln18 "/>
</bind>
</comp>

<comp id="617" class="1005" name="t_11_reg_617">
<pin_list>
<pin id="618" dir="0" index="0" bw="32" slack="1"/>
<pin id="619" dir="1" index="1" bw="32" slack="1"/>
</pin_list>
<bind>
<opset="t_11 "/>
</bind>
</comp>

<comp id="622" class="1005" name="mul_ln19_reg_622">
<pin_list>
<pin id="623" dir="0" index="0" bw="55" slack="1"/>
<pin id="624" dir="1" index="1" bw="55" slack="1"/>
</pin_list>
<bind>
<opset="mul_ln19 "/>
</bind>
</comp>

</comp_list>

<net_list>
<net id="61"><net_src comp="6" pin="0"/><net_sink comp="58" pin=0"/></net>

<net id="66"><net_src comp="8" pin="0"/><net_sink comp="62" pin=0"/></net>

<net id="67"><net_src comp="2" pin="0"/><net_sink comp="62" pin=1"/></net>

<net id="73"><net_src comp="4" pin="0"/><net_sink comp="68" pin=0"/></net>

<net id="74"><net_src comp="36" pin="0"/><net_sink comp="68" pin=1"/></net>

<net id="80"><net_src comp="68" pin="3"/><net_sink comp="75" pin=0"/></net>

<net id="86"><net_src comp="0" pin="0"/><net_sink comp="81" pin=0"/></net>

<net id="87"><net_src comp="36" pin="0"/><net_sink comp="81" pin=1"/></net>

<net id="93"><net_src comp="81" pin="3"/><net_sink comp="88" pin=0"/></net>

<net id="99"><net_src comp="0" pin="0"/><net_sink comp="94" pin=0"/></net>

<net id="100"><net_src comp="36" pin="0"/><net_sink comp="94" pin=1"/></net>

<net id="105"><net_src comp="94" pin="3"/><net_sink comp="88" pin=2"/></net>

<net id="111"><net_src comp="0" pin="0"/><net_sink comp="106" pin=0"/></net>

<net id="112"><net_src comp="36" pin="0"/><net_sink comp="106" pin=1"/></net>

<net id="113"><net_src comp="106" pin="3"/><net_sink comp="88" pin=2"/></net>

<net id="117"><net_src comp="16" pin="0"/><net_sink comp="114" pin=0"/></net>

<net id="124"><net_src comp="114" pin="1"/><net_sink comp="118" pin=0"/></net>

<net id="125"><net_src comp="118" pin="4"/><net_sink comp="114" pin=0"/></net>

<net id="129"><net_src comp="26" pin="0"/><net_sink comp="126" pin=0"/></net>

<net id="136"><net_src comp="126" pin="1"/><net_sink comp="130" pin=2"/></net>

<net id="137"><net_src comp="130" pin="4"/><net_sink comp="126" pin=0"/></net>

<net id="150"><net_src comp="50" pin="0"/><net_sink comp="147" pin=0"/></net>

<net id="157"><net_src comp="147" pin="1"/><net_sink comp="151" pin=2"/></net>

<net id="161"><net_src comp="88" pin="3"/><net_sink comp="158" pin=0"/></net>

<net id="162"><net_src comp="88" pin="7"/><net_sink comp="158" pin=0"/></net>

<net id="168"><net_src comp="10" pin="0"/><net_sink comp="163" pin=0"/></net>

<net id="169"><net_src comp="62" pin="2"/><net_sink comp="163" pin=1"/></net>

<net id="170"><net_src comp="12" pin="0"/><net_sink comp="163" pin=2"/></net>

<net id="174"><net_src comp="163" pin="3"/><net_sink comp="171" pin=0"/></net>

<net id="179"><net_src comp="14" pin="0"/><net_sink comp="175" pin=0"/></net>

<net id="183"><net_src comp="118" pin="4"/><net_sink comp="180" pin=0"/></net>

<net id="189"><net_src comp="18" pin="0"/><net_sink comp="184" pin=0"/></net>

<net id="190"><net_src comp="118" pin="4"/><net_sink comp="184" pin=1"/></net>

<net id="191"><net_src comp="20" pin="0"/><net_sink comp="184" pin=2"/></net>

<net id="195"><net_src comp="130" pin="4"/><net_sink comp="192" pin=0"/></net>

<net id="202"><net_src comp="28" pin="0"/><net_sink comp="196" pin=0"/></net>

<net id="203"><net_src comp="130" pin="4"/><net_sink comp="196" pin=1"/></net>

<net id="204"><net_src comp="20" pin="0"/><net_sink comp="196" pin=2"/></net>

<net id="205"><net_src comp="30" pin="0"/><net_sink comp="196" pin=3"/></net>

<net id="210"><net_src comp="196" pin="4"/><net_sink comp="206" pin=0"/></net>

<net id="211"><net_src comp="32" pin="0"/><net_sink comp="206" pin=1"/></net>

<net id="219"><net_src comp="34" pin="0"/><net_sink comp="215" pin=0"/></net>

<net id="220"><net_src comp="212" pin="1"/><net_sink comp="215" pin=1"/></net>

<net id="224"><net_src comp="215" pin="2"/><net_sink comp="221" pin=0"/></net>

<net id="225"><net_src comp="221" pin="1"/><net_sink comp="68" pin=2"/></net>

<net id="230"><net_src comp="114" pin="1"/><net_sink comp="226" pin=0"/></net>

<net id="231"><net_src comp="16" pin="0"/><net_sink comp="226" pin=1"/></net>

<net id="236"><net_src comp="38" pin="0"/><net_sink comp="232" pin=0"/></net>

<net id="237"><net_src comp="75" pin="3"/><net_sink comp="232" pin=1"/></net>

<net id="242"><net_src comp="126" pin="1"/><net_sink comp="238" pin=1"/></net>

<net id="246"><net_src comp="238" pin="2"/><net_sink comp="243" pin=0"/></net>

<net id="251"><net_src comp="126" pin="1"/><net_sink comp="247" pin=0"/></net>

<net id="252"><net_src comp="238" pin="2"/><net_sink comp="247" pin=1"/></net>

<net id="256"><net_src comp="126" pin="1"/><net_sink comp="253" pin=0"/></net>

<net id="261"><net_src comp="253" pin="1"/><net_sink comp="257" pin=0"/></net>

<net id="262"><net_src comp="114" pin="1"/><net_sink comp="257" pin=1"/></net>

<net id="268"><net_src comp="247" pin="2"/><net_sink comp="263" pin=0"/></net>

<net id="269"><net_src comp="253" pin="1"/><net_sink comp="263" pin=1"/></net>

<net id="270"><net_src comp="257" pin="2"/><net_sink comp="263" pin=2"/></net>

<net id="274"><net_src comp="263" pin="3"/><net_sink comp="271" pin=0"/></net>

<net id="278"><net_src comp="232" pin="2"/><net_sink comp="275" pin=0"/></net>

<net id="283"><net_src comp="141" pin="4"/><net_sink comp="279" pin=0"/></net>

<net id="287"><net_src comp="141" pin="4"/><net_sink comp="284" pin=0"/></net>

<net id="292"><net_src comp="284" pin="1"/><net_sink comp="288" pin=1"/></net>

<net id="296"><net_src comp="288" pin="2"/><net_sink comp="293" pin=0"/></net>

<net id="297"><net_src comp="293" pin="1"/><net_sink comp="81" pin=2"/></net>

<net id="301"><net_src comp="141" pin="4"/><net_sink comp="298" pin=0"/></net>

<net id="305"><net_src comp="114" pin="1"/><net_sink comp="302" pin=0"/></net>

<net id="310"><net_src comp="302" pin="1"/><net_sink comp="306" pin=0"/></net>

<net id="311"><net_src comp="298" pin="1"/><net_sink comp="306" pin=1"/></net>

<net id="316"><net_src comp="306" pin="2"/><net_sink comp="312" pin=1"/></net>

<net id="320"><net_src comp="312" pin="2"/><net_sink comp="317" pin=0"/></net>

<net id="321"><net_src comp="317" pin="1"/><net_sink comp="94" pin=2"/></net>

<net id="326"><net_src comp="6" pin="0"/><net_sink comp="322" pin=0"/></net>

<net id="327"><net_src comp="141" pin="4"/><net_sink comp="322" pin=1"/></net>

<net id="340"><net_src comp="88" pin="3"/><net_sink comp="336" pin=0"/></net>

<net id="341"><net_src comp="88" pin="7"/><net_sink comp="336" pin=1"/></net>

<net id="342"><net_src comp="336" pin="2"/><net_sink comp="88" pin=1"/></net>

<net id="347"><net_src comp="158" pin="1"/><net_sink comp="343" pin=0"/></net>

<net id="348"><net_src comp="88" pin="7"/><net_sink comp="343" pin=1"/></net>

<net id="356"><net_src comp="349" pin="1"/><net_sink comp="352" pin=1"/></net>

<net id="360"><net_src comp="352" pin="2"/><net_sink comp="357" pin=0"/></net>

<net id="365"><net_src comp="40" pin="0"/><net_sink comp="361" pin=0"/></net>

<net id="373"><net_src comp="42" pin="0"/><net_sink comp="369" pin=0"/></net>

<net id="374"><net_src comp="366" pin="1"/><net_sink comp="369" pin=1"/></net>

<net id="385"><net_src comp="375" pin="1"/><net_sink comp="381" pin=0"/></net>

<net id="386"><net_src comp="378" pin="1"/><net_sink comp="381" pin=1"/></net>

<net id="393"><net_src comp="44" pin="0"/><net_sink comp="387" pin=0"/></net>

<net id="394"><net_src comp="381" pin="2"/><net_sink comp="387" pin=1"/></net>

<net id="395"><net_src comp="46" pin="0"/><net_sink comp="387" pin=2"/></net>

<net id="396"><net_src comp="48" pin="0"/><net_sink comp="387" pin=3"/></net>

<net id="400"><net_src comp="387" pin="4"/><net_sink comp="397" pin=0"/></net>

<net id="401"><net_src comp="397" pin="1"/><net_sink comp="88" pin=1"/></net>

<net id="406"><net_src comp="151" pin="4"/><net_sink comp="402" pin=0"/></net>

<net id="407"><net_src comp="52" pin="0"/><net_sink comp="402" pin=1"/></net>

<net id="412"><net_src comp="151" pin="4"/><net_sink comp="408" pin=0"/></net>

<net id="413"><net_src comp="16" pin="0"/><net_sink comp="408" pin=1"/></net>

<net id="417"><net_src comp="151" pin="4"/><net_sink comp="414" pin=0"/></net>

<net id="422"><net_src comp="414" pin="1"/><net_sink comp="418" pin=0"/></net>

<net id="426"><net_src comp="418" pin="2"/><net_sink comp="423" pin=0"/></net>

<net id="427"><net_src comp="423" pin="1"/><net_sink comp="106" pin=2"/></net>

<net id="431"><net_src comp="158" pin="1"/><net_sink comp="428" pin=0"/></net>

<net id="436"><net_src comp="56" pin="0"/><net_sink comp="432" pin=0"/></net>

<net id="437"><net_src comp="428" pin="1"/><net_sink comp="432" pin=1"/></net>

<net id="441"><net_src comp="432" pin="2"/><net_sink comp="438" pin=0"/></net>

<net id="446"><net_src comp="40" pin="0"/><net_sink comp="442" pin=0"/></net>

<net id="454"><net_src comp="42" pin="0"/><net_sink comp="450" pin=0"/></net>

<net id="455"><net_src comp="447" pin="1"/><net_sink comp="450" pin=1"/></net>

<net id="466"><net_src comp="459" pin="1"/><net_sink comp="462" pin=0"/></net>

<net id="467"><net_src comp="456" pin="1"/><net_sink comp="462" pin=1"/></net>

<net id="474"><net_src comp="44" pin="0"/><net_sink comp="468" pin=0"/></net>

<net id="475"><net_src comp="462" pin="2"/><net_sink comp="468" pin=1"/></net>

<net id="476"><net_src comp="46" pin="0"/><net_sink comp="468" pin=2"/></net>

<net id="477"><net_src comp="48" pin="0"/><net_sink comp="468" pin=3"/></net>

<net id="481"><net_src comp="468" pin="4"/><net_sink comp="478" pin=0"/></net>

<net id="482"><net_src comp="478" pin="1"/><net_sink comp="88" pin=1"/></net>

<net id="486"><net_src comp="58" pin="1"/><net_sink comp="483" pin=0"/></net>

<net id="487"><net_src comp="483" pin="1"/><net_sink comp="175" pin=1"/></net>

<net id="488"><net_src comp="483" pin="1"/><net_sink comp="212" pin=0"/></net>

<net id="489"><net_src comp="483" pin="1"/><net_sink comp="332" pin=1"/></net>

<net id="493"><net_src comp="171" pin="1"/><net_sink comp="490" pin=0"/></net>

<net id="494"><net_src comp="490" pin="1"/><net_sink comp="288" pin=0"/></net>

<net id="495"><net_src comp="490" pin="1"/><net_sink comp="312" pin=0"/></net>

<net id="496"><net_src comp="490" pin="1"/><net_sink comp="418" pin=1"/></net>

<net id="500"><net_src comp="180" pin="1"/><net_sink comp="497" pin=0"/></net>

<net id="501"><net_src comp="497" pin="1"/><net_sink comp="238" pin=0"/></net>

<net id="502"><net_src comp="497" pin="1"/><net_sink comp="328" pin=1"/></net>

<net id="509"><net_src comp="192" pin="1"/><net_sink comp="506" pin=0"/></net>

<net id="510"><net_src comp="506" pin="1"/><net_sink comp="141" pin=0"/></net>

<net id="517"><net_src comp="215" pin="2"/><net_sink comp="514" pin=0"/></net>

<net id="518"><net_src comp="514" pin="1"/><net_sink comp="332" pin=0"/></net>

<net id="522"><net_src comp="68" pin="3"/><net_sink comp="519" pin=0"/></net>

<net id="523"><net_src comp="519" pin="1"/><net_sink comp="75" pin=0"/></net>

<net id="527"><net_src comp="226" pin="2"/><net_sink comp="524" pin=0"/></net>

<net id="528"><net_src comp="524" pin="1"/><net_sink comp="118" pin=2"/></net>

<net id="532"><net_src comp="243" pin="1"/><net_sink comp="529" pin=0"/></net>

<net id="533"><net_src comp="529" pin="1"/><net_sink comp="279" pin=1"/></net>

<net id="537"><net_src comp="271" pin="1"/><net_sink comp="534" pin=0"/></net>

<net id="538"><net_src comp="534" pin="1"/><net_sink comp="328" pin=0"/></net>

<net id="542"><net_src comp="275" pin="1"/><net_sink comp="539" pin=0"/></net>

<net id="543"><net_src comp="539" pin="1"/><net_sink comp="352" pin=0"/></net>

<net id="550"><net_src comp="81" pin="3"/><net_sink comp="547" pin=0"/></net>

<net id="551"><net_src comp="547" pin="1"/><net_sink comp="88" pin=0"/></net>

<net id="555"><net_src comp="94" pin="3"/><net_sink comp="552" pin=0"/></net>

<net id="556"><net_src comp="552" pin="1"/><net_sink comp="88" pin=2"/></net>

<net id="557"><net_src comp="552" pin="1"/><net_sink comp="88" pin=0"/></net>

<net id="561"><net_src comp="322" pin="2"/><net_sink comp="558" pin=0"/></net>

<net id="562"><net_src comp="558" pin="1"/><net_sink comp="141" pin=2"/></net>

<net id="566"><net_src comp="328" pin="2"/><net_sink comp="563" pin=0"/></net>

<net id="567"><net_src comp="563" pin="1"/><net_sink comp="130" pin=0"/></net>

<net id="571"><net_src comp="343" pin="2"/><net_sink comp="568" pin=0"/></net>

<net id="572"><net_src comp="568" pin="1"/><net_sink comp="349" pin=0"/></net>

<net id="576"><net_src comp="352" pin="2"/><net_sink comp="573" pin=0"/></net>

<net id="577"><net_src comp="573" pin="1"/><net_sink comp="375" pin=0"/></net>

<net id="581"><net_src comp="357" pin="1"/><net_sink comp="578" pin=0"/></net>

<net id="582"><net_src comp="578" pin="1"/><net_sink comp="361" pin=1"/></net>

<net id="586"><net_src comp="361" pin="2"/><net_sink comp="583" pin=0"/></net>

<net id="587"><net_src comp="583" pin="1"/><net_sink comp="366" pin=0"/></net>

<net id="591"><net_src comp="369" pin="2"/><net_sink comp="588" pin=0"/></net>

<net id="592"><net_src comp="588" pin="1"/><net_sink comp="378" pin=0"/></net>

<net id="599"><net_src comp="408" pin="2"/><net_sink comp="596" pin=0"/></net>

<net id="600"><net_src comp="596" pin="1"/><net_sink comp="151" pin=0"/></net>

<net id="604"><net_src comp="106" pin="3"/><net_sink comp="601" pin=0"/></net>

<net id="605"><net_src comp="601" pin="1"/><net_sink comp="88" pin=2"/></net>

<net id="606"><net_src comp="601" pin="1"/><net_sink comp="88" pin=0"/></net>

<net id="610"><net_src comp="432" pin="2"/><net_sink comp="607" pin=0"/></net>

<net id="611"><net_src comp="607" pin="1"/><net_sink comp="456" pin=0"/></net>

<net id="615"><net_src comp="438" pin="1"/><net_sink comp="612" pin=0"/></net>

<net id="616"><net_src comp="612" pin="1"/><net_sink comp="442" pin=1"/></net>

<net id="620"><net_src comp="442" pin="2"/><net_sink comp="617" pin=0"/></net>

<net id="621"><net_src comp="617" pin="1"/><net_sink comp="447" pin=0"/></net>

<net id="625"><net_src comp="450" pin="2"/><net_sink comp="622" pin=0"/></net>

<net id="626"><net_src comp="622" pin="1"/><net_sink comp="459" pin=0"/></net>

</net_list>

</model> 
---------------- Datapath Model END ------------------

* FSMD analyzer results:
  - Output states:
	Port: a | {6 12 18 }
 - Input state : 
	Port: pqcrystals_dilithium.18 : a | {5 6 7 8 13 14 }
	Port: pqcrystals_dilithium.18 : a_offset | {1 }
	Port: pqcrystals_dilithium.18 : zetas | {3 4 }
  - Chain level:
	State 1
		zext_ln77 : 1
		store_ln83 : 1
	State 2
		zext_ln83_1 : 1
		tmp_21 : 1
		br_ln83 : 2
	State 3
		zext_ln84 : 1
		tmp_22 : 1
		icmp_ln84 : 2
		br_ln84 : 3
		k : 1
		zext_ln85 : 2
		zetas_addr : 3
		zetas_load : 4
	State 4
		zeta : 1
		zext_ln86 : 1
		empty_84 : 1
		add_ln84_1 : 1
		start : 2
		zext_ln84_1 : 3
		sext_ln86 : 2
	State 5
		icmp_ln86 : 1
		br_ln86 : 2
		trunc_ln87 : 1
		add_ln87 : 2
		zext_ln87 : 3
		a_addr : 4
		t : 5
		trunc_ln88 : 1
		add_ln88 : 2
		add_ln88_2 : 3
		zext_ln88_6 : 4
		a_addr_2 : 5
		a_load_2 : 6
		j_3 : 1
	State 6
		add_ln88_1 : 1
		store_ln88 : 2
	State 7
	State 8
		sub_ln89 : 1
	State 9
		mul_ln90 : 1
		trunc_ln18_2 : 2
	State 10
	State 11
		mul_ln19_2 : 1
	State 12
		add_ln19_2 : 1
		trunc_ln19_1 : 2
		t_14 : 3
		store_ln90 : 4
	State 13
		icmp_ln95 : 1
		j_2 : 1
		br_ln95 : 2
		zext_ln96 : 1
		add_ln96 : 2
		zext_ln96_1 : 3
		a_addr_1 : 4
		a_load : 5
	State 14
	State 15
		mul_ln96 : 1
		trunc_ln18 : 2
	State 16
	State 17
		mul_ln19 : 1
	State 18
		add_ln19 : 1
		trunc_ln : 2
		t_12 : 3
		store_ln96 : 4


============================================================
+ Verbose Summary: Datapath Resource usage 
============================================================

* Functional unit list:
|----------|--------------------------|---------|---------|---------|
| Operation|      Functional Unit     |  DSP48E |    FF   |   LUT   |
|----------|--------------------------|---------|---------|---------|
|          |         k_fu_215         |    0    |    0    |    39   |
|          |      add_ln86_fu_238     |    0    |    0    |    17   |
|          |     add_ln84_1_fu_257    |    0    |    0    |    16   |
|          |      add_ln87_fu_288     |    0    |    0    |    19   |
|          |      add_ln88_fu_306     |    0    |    0    |    12   |
|          |     add_ln88_2_fu_312    |    0    |    0    |    12   |
|    add   |        j_3_fu_322        |    0    |    0    |    39   |
|          |      add_ln84_fu_328     |    0    |    0    |    16   |
|          |     add_ln88_1_fu_336    |    0    |    0    |    39   |
|          |     add_ln19_2_fu_381    |    0    |    0    |    62   |
|          |        j_2_fu_408        |    0    |    0    |    16   |
|          |      add_ln96_fu_418     |    0    |    0    |    18   |
|          |      add_ln19_fu_462     |    0    |    0    |    62   |
|----------|--------------------------|---------|---------|---------|
|          |      mul_ln90_fu_352     |    2    |    0    |    21   |
|          |        t_13_fu_361       |    4    |    0    |    21   |
|    mul   |     mul_ln19_2_fu_369    |    2    |    0    |    21   |
|          |      mul_ln96_fu_432     |    2    |    0    |    21   |
|          |        t_11_fu_442       |    4    |    0    |    21   |
|          |      mul_ln19_fu_450     |    2    |    0    |    21   |
|----------|--------------------------|---------|---------|---------|
|    sub   |        zeta_fu_232       |    0    |    0    |    30   |
|          |      sub_ln89_fu_343     |    0    |    0    |    39   |
|----------|--------------------------|---------|---------|---------|
|          |     icmp_ln84_fu_206     |    0    |    0    |    8    |
|   icmp   |      empty_84_fu_247     |    0    |    0    |    13   |
|          |     icmp_ln86_fu_279     |    0    |    0    |    18   |
|          |     icmp_ln95_fu_402     |    0    |    0    |    13   |
|----------|--------------------------|---------|---------|---------|
|  select  |       start_fu_263       |    0    |    0    |    9    |
|----------|--------------------------|---------|---------|---------|
|   read   | a_offset_read_read_fu_62 |    0    |    0    |    0    |
|----------|--------------------------|---------|---------|---------|
|bitconcatenate|        tmp_fu_163        |    0    |    0    |    0    |
|----------|--------------------------|---------|---------|---------|
|          |     zext_ln77_fu_171     |    0    |    0    |    0    |
|          |    zext_ln83_1_fu_180    |    0    |    0    |    0    |
|          |     zext_ln84_fu_192     |    0    |    0    |    0    |
|          |     zext_ln85_fu_221     |    0    |    0    |    0    |
|          |     zext_ln86_fu_243     |    0    |    0    |    0    |
|   zext   |    zext_ln84_1_fu_271    |    0    |    0    |    0    |
|          |     zext_ln87_fu_293     |    0    |    0    |    0    |
|          |     zext_ln88_fu_302     |    0    |    0    |    0    |
|          |    zext_ln88_6_fu_317    |    0    |    0    |    0    |
|          |     zext_ln96_fu_414     |    0    |    0    |    0    |
|          |    zext_ln96_1_fu_423    |    0    |    0    |    0    |
|----------|--------------------------|---------|---------|---------|
| bitselect|       tmp_21_fu_184      |    0    |    0    |    0    |
|----------|--------------------------|---------|---------|---------|
|          |       tmp_22_fu_196      |    0    |    0    |    0    |
|partselect|    trunc_ln19_1_fu_387   |    0    |    0    |    0    |
|          |      trunc_ln_fu_468     |    0    |    0    |    0    |
|----------|--------------------------|---------|---------|---------|
|    shl   |        len_fu_226        |    0    |    0    |    0    |
|----------|--------------------------|---------|---------|---------|
|          |     trunc_ln84_fu_253    |    0    |    0    |    0    |
|          |     trunc_ln87_fu_284    |    0    |    0    |    0    |
|   trunc  |     trunc_ln88_fu_298    |    0    |    0    |    0    |
|          |    trunc_ln18_2_fu_357   |    0    |    0    |    0    |
|          |     trunc_ln18_fu_438    |    0    |    0    |    0    |
|----------|--------------------------|---------|---------|---------|
|          |     sext_ln86_fu_275     |    0    |    0    |    0    |
|          |     sext_ln90_fu_349     |    0    |    0    |    0    |
|          |    sext_ln19_7_fu_366    |    0    |    0    |    0    |
|          |    sext_ln90_1_fu_375    |    0    |    0    |    0    |
|          |    sext_ln19_8_fu_378    |    0    |    0    |    0    |
|   sext   |        t_14_fu_397       |    0    |    0    |    0    |
|          |     sext_ln96_fu_428     |    0    |    0    |    0    |
|          |     sext_ln19_fu_447     |    0    |    0    |    0    |
|          |    sext_ln96_1_fu_456    |    0    |    0    |    0    |
|          |    sext_ln19_5_fu_459    |    0    |    0    |    0    |
|          |        t_12_fu_478       |    0    |    0    |    0    |
|----------|--------------------------|---------|---------|---------|
|   Total  |                          |    16   |    0    |   623   |
|----------|--------------------------|---------|---------|---------|

Memories:
N/A

* Register list:
+--------------------+--------+
|                    |   FF   |
+--------------------+--------+
|  a_addr_1_reg_601  |   10   |
|  a_addr_2_reg_552  |   10   |
|   a_addr_reg_547   |   10   |
|  add_ln84_reg_563  |   10   |
|     j_0_reg_138    |   32   |
|     j_1_reg_147    |    9   |
|     j_2_reg_596    |    9   |
|     j_3_reg_558    |   32   |
|      j_reg_126     |   10   |
|     k_1_reg_483    |   32   |
|      k_reg_514     |   32   |
|    len_0_reg_114   |    9   |
|     len_reg_524    |    9   |
| mul_ln19_2_reg_588 |   55   |
|  mul_ln19_reg_622  |   55   |
|  mul_ln90_reg_573  |   54   |
|  mul_ln96_reg_607  |   49   |
|       reg_158      |   32   |
|  sext_ln86_reg_539 |   54   |
|  sub_ln89_reg_568  |   32   |
|    t_11_reg_617    |   32   |
|    t_13_reg_583    |   32   |
|trunc_ln18_2_reg_578|   32   |
| trunc_ln18_reg_612 |   32   |
| zetas_addr_reg_519 |    8   |
|  zext_ln77_reg_490 |   12   |
| zext_ln83_1_reg_497|   10   |
| zext_ln84_1_reg_534|   10   |
|  zext_ln84_reg_506 |   32   |
|  zext_ln86_reg_529 |   32   |
+--------------------+--------+
|        Total       |   777  |
+--------------------+--------+

* Multiplexer (MUX) list: 
|------------------|------|------|------|--------||---------||---------|
|       Comp       |  Pin | Size |  BW  | S x BW ||  Delay  ||   LUT   |
|------------------|------|------|------|--------||---------||---------|
| grp_access_fu_75 |  p0  |   2  |   8  |   16   ||    9    |
| grp_access_fu_88 |  p0  |   4  |  10  |   40   ||    21   |
| grp_access_fu_88 |  p1  |   3  |  32  |   96   ||    15   |
| grp_access_fu_88 |  p2  |   4  |   0  |    0   ||    21   |
|   len_0_reg_114  |  p0  |   2  |   9  |   18   ||    9    |
|     j_reg_126    |  p0  |   2  |  10  |   20   ||    9    |
|      reg_158     |  p0  |   2  |  32  |   64   ||    9    |
|------------------|------|------|------|--------||---------||---------|
|       Total      |      |      |      |   254  || 9.95875 ||    93   |
|------------------|------|------|------|--------||---------||---------|



* Summary:
+-----------+--------+--------+--------+--------+
|           | DSP48E |  Delay |   FF   |   LUT  |
+-----------+--------+--------+--------+--------+
|  Function |   16   |    -   |    0   |   623  |
|   Memory  |    -   |    -   |    -   |    -   |
|Multiplexer|    -   |    9   |    -   |   93   |
|  Register |    -   |    -   |   777  |    -   |
+-----------+--------+--------+--------+--------+
|   Total   |   16   |    9   |   777  |   716  |
+-----------+--------+--------+--------+--------+
