

================================================================
== Vivado HLS Report for 'pqcrystals_dilithium_16'
================================================================
* Date:           Wed Apr 12 23:58:55 2023

* Version:        2019.2 (Build 2704478 on Wed Nov 06 22:10:23 MST 2019)
* Project:        Phase2
* Solution:       Area
* Product family: artix7
* Target device:  xc7a200t-fbg676-2


================================================================
== Performance Estimates
================================================================
+ Timing: 
    * Summary: 
    +--------+----------+----------+------------+
    |  Clock |  Target  | Estimated| Uncertainty|
    +--------+----------+----------+------------+
    |ap_clk  | 10.00 ns | 7.731 ns |   1.25 ns  |
    +--------+----------+----------+------------+

+ Latency: 
    * Summary: 
    +---------+---------+----------+----------+-----+-----+---------+
    |  Latency (cycles) |  Latency (absolute) |  Interval | Pipeline|
    |   min   |   max   |    min   |    max   | min | max |   Type  |
    +---------+---------+----------+----------+-----+-----+---------+
    |        ?|        ?|         ?|         ?|    ?|    ?|   none  |
    +---------+---------+----------+----------+-----+-----+---------+

    + Detail: 
        * Instance: 
        N/A

        * Loop: 
        +-----------------+---------+---------+----------+-----------+-----------+------+----------+
        |                 |  Latency (cycles) | Iteration|  Initiation Interval  | Trip |          |
        |    Loop Name    |   min   |   max   |  Latency |  achieved |   target  | Count| Pipelined|
        +-----------------+---------+---------+----------+-----------+-----------+------+----------+
        |- Loop 1         |        ?|        ?|         ?|          -|          -|     8|    no    |
        | + Loop 1.1      |        ?|        ?|         ?|          -|          -|     ?|    no    |
        |  ++ Loop 1.1.1  |        ?|        ?|         8|          -|          -|     ?|    no    |
        +-----------------+---------+---------+----------+-----------+-----------+------+----------+

============================================================
+ Verbose Summary: Synthesis Manager
============================================================
InlineROM: 1
ExposeGlobal: 0
============================================================
+ Verbose Summary: CDFG Model
============================================================
IsTopModel: 0
ResetActiveHigh: 1
IsCombinational: 0
IsDatapathOnly: 0
HasWiredReturn: 1
HasMFsm: 0
HasVarLatency: 1
IsPipeline: 0
IsRtlPipelined: 0
IsInstanceOverlapped: 0
IsDontTouch: 0
HasImplIP: 0
IsGatedGlobalClock: 0


============================================================
+ Verbose Summary: Schedule
============================================================
* Number of FSM states : 12
* Pipeline : 0
* Dataflow Pipeline: 0

* FSM state transitions: 
1 --> 2 
2 --> 3 
3 --> 4 2 
4 --> 5 
5 --> 6 3 
6 --> 7 
7 --> 8 
8 --> 9 
9 --> 10 
10 --> 11 
11 --> 12 
12 --> 5 

* FSM state operations: 

State 1 <SV = 0> <Delay = 1.35>
ST_1 : Operation 13 [1/1] (0.00ns)   --->   "%k_3 = alloca i32"   --->   Operation 13 'alloca' 'k_3' <Predicate = true> <Delay = 0.00>
ST_1 : Operation 14 [1/1] (1.35ns)   --->   "store i32 0, i32* %k_3" [dilithium2/ntt.c:54]   --->   Operation 14 'store' <Predicate = true> <Delay = 1.35>
ST_1 : Operation 15 [1/1] (1.35ns)   --->   "br label %1" [dilithium2/ntt.c:54]   --->   Operation 15 'br' <Predicate = true> <Delay = 1.35>

State 2 <SV = 1> <Delay = 2.08>
ST_2 : Operation 16 [1/1] (0.00ns)   --->   "%len_0 = phi i29 [ 128, %0 ], [ %zext_ln54_3, %6 ]" [dilithium2/ntt.c:54]   --->   Operation 16 'phi' 'len_0' <Predicate = true> <Delay = 0.00>
ST_2 : Operation 17 [1/1] (0.00ns)   --->   "%zext_ln54 = zext i29 %len_0 to i32" [dilithium2/ntt.c:54]   --->   Operation 17 'zext' 'zext_ln54' <Predicate = true> <Delay = 0.00>
ST_2 : Operation 18 [1/1] (0.00ns)   --->   "%zext_ln54_2 = zext i29 %len_0 to i31" [dilithium2/ntt.c:54]   --->   Operation 18 'zext' 'zext_ln54_2' <Predicate = true> <Delay = 0.00>
ST_2 : Operation 19 [1/1] (2.08ns)   --->   "%icmp_ln54 = icmp eq i29 %len_0, 0" [dilithium2/ntt.c:54]   --->   Operation 19 'icmp' 'icmp_ln54' <Predicate = true> <Delay = 2.08> <Core = "Cmp">   --->   Core 25 'Cmp' <Latency = 0> <II = 1> <Delay = 2.11> <FuncUnit> <Opcode : 'icmp'> <InPorts = 2> <OutPorts = 1>
ST_2 : Operation 20 [1/1] (0.00ns)   --->   "%empty = call i32 (...)* @_ssdm_op_SpecLoopTripCount(i64 8, i64 8, i64 8)"   --->   Operation 20 'speclooptripcount' 'empty' <Predicate = true> <Delay = 0.00>
ST_2 : Operation 21 [1/1] (0.00ns)   --->   "br i1 %icmp_ln54, label %7, label %.preheader.preheader" [dilithium2/ntt.c:54]   --->   Operation 21 'br' <Predicate = true> <Delay = 0.00>
ST_2 : Operation 22 [1/1] (1.35ns)   --->   "br label %.preheader" [dilithium2/ntt.c:55]   --->   Operation 22 'br' <Predicate = (!icmp_ln54)> <Delay = 1.35>
ST_2 : Operation 23 [1/1] (0.00ns)   --->   "ret void" [dilithium2/ntt.c:64]   --->   Operation 23 'ret' <Predicate = (icmp_ln54)> <Delay = 0.00>

State 3 <SV = 2> <Delay = 4.95>
ST_3 : Operation 24 [1/1] (0.00ns)   --->   "%j = phi i31 [ %add_ln55, %5 ], [ 0, %.preheader.preheader ]" [dilithium2/ntt.c:55]   --->   Operation 24 'phi' 'j' <Predicate = true> <Delay = 0.00>
ST_3 : Operation 25 [1/1] (0.00ns)   --->   "%zext_ln55 = zext i31 %j to i32" [dilithium2/ntt.c:55]   --->   Operation 25 'zext' 'zext_ln55' <Predicate = true> <Delay = 0.00>
ST_3 : Operation 26 [1/1] (0.00ns)   --->   "%tmp = call i23 @_ssdm_op_PartSelect.i23.i31.i32.i32(i31 %j, i32 8, i32 30)" [dilithium2/ntt.c:55]   --->   Operation 26 'partselect' 'tmp' <Predicate = true> <Delay = 0.00>
ST_3 : Operation 27 [1/1] (2.03ns)   --->   "%icmp_ln55 = icmp eq i23 %tmp, 0" [dilithium2/ntt.c:55]   --->   Operation 27 'icmp' 'icmp_ln55' <Predicate = true> <Delay = 2.03> <Core = "Cmp">   --->   Core 25 'Cmp' <Latency = 0> <II = 1> <Delay = 2.11> <FuncUnit> <Opcode : 'icmp'> <InPorts = 2> <OutPorts = 1>
ST_3 : Operation 28 [1/1] (0.00ns)   --->   "br i1 %icmp_ln55, label %2, label %6" [dilithium2/ntt.c:55]   --->   Operation 28 'br' <Predicate = true> <Delay = 0.00>
ST_3 : Operation 29 [1/1] (0.00ns)   --->   "%k_3_load = load i32* %k_3" [dilithium2/ntt.c:56]   --->   Operation 29 'load' 'k_3_load' <Predicate = (icmp_ln55)> <Delay = 0.00>
ST_3 : Operation 30 [1/1] (2.18ns)   --->   "%k = add i32 1, %k_3_load" [dilithium2/ntt.c:56]   --->   Operation 30 'add' 'k' <Predicate = (icmp_ln55)> <Delay = 2.18> <Core = "AddSub">   --->   Core 14 'AddSub' <Latency = 0> <II = 1> <Delay = 2.18> <FuncUnit> <Opcode : 'add' 'sub'> <InPorts = 2> <OutPorts = 1>
ST_3 : Operation 31 [1/1] (0.00ns)   --->   "%zext_ln56 = zext i32 %k to i64" [dilithium2/ntt.c:56]   --->   Operation 31 'zext' 'zext_ln56' <Predicate = (icmp_ln55)> <Delay = 0.00>
ST_3 : Operation 32 [1/1] (0.00ns)   --->   "%zetas_addr = getelementptr [256 x i23]* @zetas, i64 0, i64 %zext_ln56" [dilithium2/ntt.c:56]   --->   Operation 32 'getelementptr' 'zetas_addr' <Predicate = (icmp_ln55)> <Delay = 0.00>
ST_3 : Operation 33 [2/2] (2.77ns)   --->   "%zeta = load i23* %zetas_addr, align 4" [dilithium2/ntt.c:56]   --->   Operation 33 'load' 'zeta' <Predicate = (icmp_ln55)> <Delay = 2.77> <Core = "ROM_nP">   --->   Core 52 'ROM_nP' <Latency = 1> <II = 1> <Delay = 2.77> <Storage> <Opcode : 'load'> <Ports = 0> <Width = 23> <Depth = 256> <ROM>
ST_3 : Operation 34 [1/1] (0.00ns)   --->   "%tmp_25 = call i28 @_ssdm_op_PartSelect.i28.i29.i32.i32(i29 %len_0, i32 1, i32 28)" [dilithium2/ntt.c:54]   --->   Operation 34 'partselect' 'tmp_25' <Predicate = (!icmp_ln55)> <Delay = 0.00>
ST_3 : Operation 35 [1/1] (0.00ns)   --->   "%zext_ln54_3 = zext i28 %tmp_25 to i29" [dilithium2/ntt.c:54]   --->   Operation 35 'zext' 'zext_ln54_3' <Predicate = (!icmp_ln55)> <Delay = 0.00>
ST_3 : Operation 36 [1/1] (0.00ns)   --->   "br label %1" [dilithium2/ntt.c:54]   --->   Operation 36 'br' <Predicate = (!icmp_ln55)> <Delay = 0.00>

State 4 <SV = 3> <Delay = 5.01>
ST_4 : Operation 37 [1/2] (2.77ns)   --->   "%zeta = load i23* %zetas_addr, align 4" [dilithium2/ntt.c:56]   --->   Operation 37 'load' 'zeta' <Predicate = true> <Delay = 2.77> <Core = "ROM_nP">   --->   Core 52 'ROM_nP' <Latency = 1> <II = 1> <Delay = 2.77> <Storage> <Opcode : 'load'> <Ports = 0> <Width = 23> <Depth = 256> <ROM>
ST_4 : Operation 38 [1/1] (2.15ns)   --->   "%add_ln57 = add i31 %zext_ln54_2, %j" [dilithium2/ntt.c:57]   --->   Operation 38 'add' 'add_ln57' <Predicate = true> <Delay = 2.15> <Core = "AddSub">   --->   Core 14 'AddSub' <Latency = 0> <II = 1> <Delay = 2.18> <FuncUnit> <Opcode : 'add' 'sub'> <InPorts = 2> <OutPorts = 1>
ST_4 : Operation 39 [1/1] (0.00ns)   --->   "%zext_ln57 = zext i31 %add_ln57 to i32" [dilithium2/ntt.c:57]   --->   Operation 39 'zext' 'zext_ln57' <Predicate = true> <Delay = 0.00>
ST_4 : Operation 40 [1/1] (2.10ns)   --->   "%empty_87 = icmp ugt i31 %j, %add_ln57" [dilithium2/ntt.c:55]   --->   Operation 40 'icmp' 'empty_87' <Predicate = true> <Delay = 2.10> <Core = "Cmp">   --->   Core 25 'Cmp' <Latency = 0> <II = 1> <Delay = 2.11> <FuncUnit> <Opcode : 'icmp'> <InPorts = 2> <OutPorts = 1>
ST_4 : Operation 41 [1/1] (0.00ns)   --->   "%trunc_ln55 = trunc i31 %j to i30" [dilithium2/ntt.c:55]   --->   Operation 41 'trunc' 'trunc_ln55' <Predicate = true> <Delay = 0.00>
ST_4 : Operation 42 [1/1] (0.00ns)   --->   "%trunc_ln55_2 = trunc i31 %add_ln57 to i30" [dilithium2/ntt.c:55]   --->   Operation 42 'trunc' 'trunc_ln55_2' <Predicate = true> <Delay = 0.00>
ST_4 : Operation 43 [1/1] (0.75ns)   --->   "%start = select i1 %empty_87, i30 %trunc_ln55, i30 %trunc_ln55_2" [dilithium2/ntt.c:55]   --->   Operation 43 'select' 'start' <Predicate = true> <Delay = 0.75> <Core = "Sel">   --->   Core 26 'Sel' <Latency = 0> <II = 1> <Delay = 0.75> <FuncUnit> <Opcode : 'select'> <InPorts = 3> <OutPorts = 1>
ST_4 : Operation 44 [1/1] (0.00ns)   --->   "%zext_ln55_2 = zext i30 %start to i31" [dilithium2/ntt.c:55]   --->   Operation 44 'zext' 'zext_ln55_2' <Predicate = true> <Delay = 0.00>
ST_4 : Operation 45 [1/1] (0.00ns)   --->   "%sext_ln57 = sext i23 %zeta to i54" [dilithium2/ntt.c:57]   --->   Operation 45 'sext' 'sext_ln57' <Predicate = true> <Delay = 0.00>
ST_4 : Operation 46 [1/1] (1.35ns)   --->   "br label %3" [dilithium2/ntt.c:57]   --->   Operation 46 'br' <Predicate = true> <Delay = 1.35>

State 5 <SV = 4> <Delay = 4.95>
ST_5 : Operation 47 [1/1] (0.00ns)   --->   "%j_0 = phi i32 [ %zext_ln55, %2 ], [ %j_5, %4 ]"   --->   Operation 47 'phi' 'j_0' <Predicate = true> <Delay = 0.00>
ST_5 : Operation 48 [1/1] (2.11ns)   --->   "%icmp_ln57 = icmp ult i32 %j_0, %zext_ln57" [dilithium2/ntt.c:57]   --->   Operation 48 'icmp' 'icmp_ln57' <Predicate = true> <Delay = 2.11> <Core = "Cmp">   --->   Core 25 'Cmp' <Latency = 0> <II = 1> <Delay = 2.11> <FuncUnit> <Opcode : 'icmp'> <InPorts = 2> <OutPorts = 1>
ST_5 : Operation 49 [1/1] (0.00ns)   --->   "br i1 %icmp_ln57, label %4, label %5" [dilithium2/ntt.c:57]   --->   Operation 49 'br' <Predicate = true> <Delay = 0.00>
ST_5 : Operation 50 [1/1] (2.18ns)   --->   "%add_ln58 = add i32 %zext_ln54, %j_0" [dilithium2/ntt.c:58]   --->   Operation 50 'add' 'add_ln58' <Predicate = (icmp_ln57)> <Delay = 2.18> <Core = "AddSub">   --->   Core 14 'AddSub' <Latency = 0> <II = 1> <Delay = 2.18> <FuncUnit> <Opcode : 'add' 'sub'> <InPorts = 2> <OutPorts = 1>
ST_5 : Operation 51 [1/1] (0.00ns)   --->   "%zext_ln58 = zext i32 %add_ln58 to i64" [dilithium2/ntt.c:58]   --->   Operation 51 'zext' 'zext_ln58' <Predicate = (icmp_ln57)> <Delay = 0.00>
ST_5 : Operation 52 [1/1] (0.00ns)   --->   "%a_addr = getelementptr [256 x i32]* %a, i64 0, i64 %zext_ln58" [dilithium2/ntt.c:58]   --->   Operation 52 'getelementptr' 'a_addr' <Predicate = (icmp_ln57)> <Delay = 0.00>
ST_5 : Operation 53 [2/2] (2.77ns)   --->   "%a_load = load i32* %a_addr, align 4" [dilithium2/ntt.c:58]   --->   Operation 53 'load' 'a_load' <Predicate = (icmp_ln57)> <Delay = 2.77> <Core = "RAM">   --->   Core 37 'RAM' <Latency = 1> <II = 1> <Delay = 2.77> <Storage> <Opcode : 'load' 'store'> <Ports = 2> <Width = 32> <Depth = 256> <RAM>
ST_5 : Operation 54 [1/1] (0.00ns)   --->   "%zext_ln59 = zext i32 %j_0 to i64" [dilithium2/ntt.c:59]   --->   Operation 54 'zext' 'zext_ln59' <Predicate = (icmp_ln57)> <Delay = 0.00>
ST_5 : Operation 55 [1/1] (0.00ns)   --->   "%a_addr_3 = getelementptr [256 x i32]* %a, i64 0, i64 %zext_ln59" [dilithium2/ntt.c:59]   --->   Operation 55 'getelementptr' 'a_addr_3' <Predicate = (icmp_ln57)> <Delay = 0.00>
ST_5 : Operation 56 [1/1] (2.18ns)   --->   "%j_5 = add i32 1, %j_0" [dilithium2/ntt.c:57]   --->   Operation 56 'add' 'j_5' <Predicate = (icmp_ln57)> <Delay = 2.18> <Core = "AddSub">   --->   Core 14 'AddSub' <Latency = 0> <II = 1> <Delay = 2.18> <FuncUnit> <Opcode : 'add' 'sub'> <InPorts = 2> <OutPorts = 1>
ST_5 : Operation 57 [1/1] (2.13ns)   --->   "%add_ln55 = add i31 %zext_ln54_2, %zext_ln55_2" [dilithium2/ntt.c:55]   --->   Operation 57 'add' 'add_ln55' <Predicate = (!icmp_ln57)> <Delay = 2.13> <Core = "AddSub">   --->   Core 14 'AddSub' <Latency = 0> <II = 1> <Delay = 2.18> <FuncUnit> <Opcode : 'add' 'sub'> <InPorts = 2> <OutPorts = 1>
ST_5 : Operation 58 [1/1] (1.35ns)   --->   "store i32 %k, i32* %k_3" [dilithium2/ntt.c:55]   --->   Operation 58 'store' <Predicate = (!icmp_ln57)> <Delay = 1.35>
ST_5 : Operation 59 [1/1] (0.00ns)   --->   "br label %.preheader" [dilithium2/ntt.c:55]   --->   Operation 59 'br' <Predicate = (!icmp_ln57)> <Delay = 0.00>

State 6 <SV = 5> <Delay = 2.77>
ST_6 : Operation 60 [1/2] (2.77ns)   --->   "%a_load = load i32* %a_addr, align 4" [dilithium2/ntt.c:58]   --->   Operation 60 'load' 'a_load' <Predicate = true> <Delay = 2.77> <Core = "RAM">   --->   Core 37 'RAM' <Latency = 1> <II = 1> <Delay = 2.77> <Storage> <Opcode : 'load' 'store'> <Ports = 2> <Width = 32> <Depth = 256> <RAM>

State 7 <SV = 6> <Delay = 6.88>
ST_7 : Operation 61 [1/1] (0.00ns)   --->   "%sext_ln58 = sext i32 %a_load to i54" [dilithium2/ntt.c:58]   --->   Operation 61 'sext' 'sext_ln58' <Predicate = true> <Delay = 0.00>
ST_7 : Operation 62 [1/1] (6.88ns)   --->   "%mul_ln58 = mul i54 %sext_ln57, %sext_ln58" [dilithium2/ntt.c:58]   --->   Operation 62 'mul' 'mul_ln58' <Predicate = true> <Delay = 6.88> <Core = "Mul">   --->   Core 16 'Mul' <Latency = 0> <II = 1> <Delay = 6.88> <FuncUnit> <Opcode : 'mul'> <InPorts = 2> <OutPorts = 1>
ST_7 : Operation 63 [1/1] (0.00ns)   --->   "%trunc_ln18 = trunc i54 %mul_ln58 to i32" [dilithium2/reduce.c:18->dilithium2/ntt.c:58]   --->   Operation 63 'trunc' 'trunc_ln18' <Predicate = true> <Delay = 0.00>

State 8 <SV = 7> <Delay = 6.88>
ST_8 : Operation 64 [1/1] (6.88ns)   --->   "%t = mul nsw i32 58728449, %trunc_ln18" [dilithium2/reduce.c:18->dilithium2/ntt.c:58]   --->   Operation 64 'mul' 't' <Predicate = true> <Delay = 6.88> <Core = "Mul">   --->   Core 16 'Mul' <Latency = 0> <II = 1> <Delay = 6.88> <FuncUnit> <Opcode : 'mul'> <InPorts = 2> <OutPorts = 1>

State 9 <SV = 8> <Delay = 6.88>
ST_9 : Operation 65 [1/1] (0.00ns)   --->   "%sext_ln19 = sext i32 %t to i55" [dilithium2/reduce.c:19->dilithium2/ntt.c:58]   --->   Operation 65 'sext' 'sext_ln19' <Predicate = true> <Delay = 0.00>
ST_9 : Operation 66 [1/1] (6.88ns)   --->   "%mul_ln19 = mul i55 -8380417, %sext_ln19" [dilithium2/reduce.c:19->dilithium2/ntt.c:58]   --->   Operation 66 'mul' 'mul_ln19' <Predicate = true> <Delay = 6.88> <Core = "Mul">   --->   Core 16 'Mul' <Latency = 0> <II = 1> <Delay = 6.88> <FuncUnit> <Opcode : 'mul'> <InPorts = 2> <OutPorts = 1>
ST_9 : Operation 67 [2/2] (2.77ns)   --->   "%a_load_6 = load i32* %a_addr_3, align 4" [dilithium2/ntt.c:59]   --->   Operation 67 'load' 'a_load_6' <Predicate = true> <Delay = 2.77> <Core = "RAM">   --->   Core 37 'RAM' <Latency = 1> <II = 1> <Delay = 2.77> <Storage> <Opcode : 'load' 'store'> <Ports = 2> <Width = 32> <Depth = 256> <RAM>

State 10 <SV = 9> <Delay = 7.73>
ST_10 : Operation 68 [1/1] (0.00ns)   --->   "%sext_ln58_1 = sext i54 %mul_ln58 to i56" [dilithium2/ntt.c:58]   --->   Operation 68 'sext' 'sext_ln58_1' <Predicate = true> <Delay = 0.00>
ST_10 : Operation 69 [1/1] (0.00ns)   --->   "%sext_ln19_6 = sext i55 %mul_ln19 to i56" [dilithium2/reduce.c:19->dilithium2/ntt.c:58]   --->   Operation 69 'sext' 'sext_ln19_6' <Predicate = true> <Delay = 0.00>
ST_10 : Operation 70 [1/1] (2.77ns)   --->   "%add_ln19 = add i56 %sext_ln58_1, %sext_ln19_6" [dilithium2/reduce.c:19->dilithium2/ntt.c:58]   --->   Operation 70 'add' 'add_ln19' <Predicate = true> <Delay = 2.77> <Core = "AddSub">   --->   Core 14 'AddSub' <Latency = 0> <II = 1> <Delay = 2.18> <FuncUnit> <Opcode : 'add' 'sub'> <InPorts = 2> <OutPorts = 1>
ST_10 : Operation 71 [1/1] (0.00ns)   --->   "%trunc_ln = call i24 @_ssdm_op_PartSelect.i24.i56.i32.i32(i56 %add_ln19, i32 32, i32 55)" [dilithium2/reduce.c:19->dilithium2/ntt.c:58]   --->   Operation 71 'partselect' 'trunc_ln' <Predicate = true> <Delay = 0.00>
ST_10 : Operation 72 [1/1] (0.00ns)   --->   "%t_16 = sext i24 %trunc_ln to i32" [dilithium2/reduce.c:19->dilithium2/ntt.c:58]   --->   Operation 72 'sext' 't_16' <Predicate = true> <Delay = 0.00>
ST_10 : Operation 73 [1/2] (2.77ns)   --->   "%a_load_6 = load i32* %a_addr_3, align 4" [dilithium2/ntt.c:59]   --->   Operation 73 'load' 'a_load_6' <Predicate = true> <Delay = 2.77> <Core = "RAM">   --->   Core 37 'RAM' <Latency = 1> <II = 1> <Delay = 2.77> <Storage> <Opcode : 'load' 'store'> <Ports = 2> <Width = 32> <Depth = 256> <RAM>
ST_10 : Operation 74 [1/1] (2.18ns)   --->   "%sub_ln59 = sub nsw i32 %a_load_6, %t_16" [dilithium2/ntt.c:59]   --->   Operation 74 'sub' 'sub_ln59' <Predicate = true> <Delay = 2.18> <Core = "AddSub">   --->   Core 14 'AddSub' <Latency = 0> <II = 1> <Delay = 2.18> <FuncUnit> <Opcode : 'add' 'sub'> <InPorts = 2> <OutPorts = 1>
ST_10 : Operation 75 [1/1] (2.77ns)   --->   "store i32 %sub_ln59, i32* %a_addr, align 4" [dilithium2/ntt.c:59]   --->   Operation 75 'store' <Predicate = true> <Delay = 2.77> <Core = "RAM">   --->   Core 37 'RAM' <Latency = 1> <II = 1> <Delay = 2.77> <Storage> <Opcode : 'load' 'store'> <Ports = 2> <Width = 32> <Depth = 256> <RAM>

State 11 <SV = 10> <Delay = 2.77>
ST_11 : Operation 76 [2/2] (2.77ns)   --->   "%a_load_7 = load i32* %a_addr_3, align 4" [dilithium2/ntt.c:60]   --->   Operation 76 'load' 'a_load_7' <Predicate = true> <Delay = 2.77> <Core = "RAM">   --->   Core 37 'RAM' <Latency = 1> <II = 1> <Delay = 2.77> <Storage> <Opcode : 'load' 'store'> <Ports = 2> <Width = 32> <Depth = 256> <RAM>

State 12 <SV = 11> <Delay = 7.72>
ST_12 : Operation 77 [1/2] (2.77ns)   --->   "%a_load_7 = load i32* %a_addr_3, align 4" [dilithium2/ntt.c:60]   --->   Operation 77 'load' 'a_load_7' <Predicate = true> <Delay = 2.77> <Core = "RAM">   --->   Core 37 'RAM' <Latency = 1> <II = 1> <Delay = 2.77> <Storage> <Opcode : 'load' 'store'> <Ports = 2> <Width = 32> <Depth = 256> <RAM>
ST_12 : Operation 78 [1/1] (2.18ns)   --->   "%add_ln60 = add nsw i32 %t_16, %a_load_7" [dilithium2/ntt.c:60]   --->   Operation 78 'add' 'add_ln60' <Predicate = true> <Delay = 2.18> <Core = "AddSub">   --->   Core 14 'AddSub' <Latency = 0> <II = 1> <Delay = 2.18> <FuncUnit> <Opcode : 'add' 'sub'> <InPorts = 2> <OutPorts = 1>
ST_12 : Operation 79 [1/1] (2.77ns)   --->   "store i32 %add_ln60, i32* %a_addr_3, align 4" [dilithium2/ntt.c:60]   --->   Operation 79 'store' <Predicate = true> <Delay = 2.77> <Core = "RAM">   --->   Core 37 'RAM' <Latency = 1> <II = 1> <Delay = 2.77> <Storage> <Opcode : 'load' 'store'> <Ports = 2> <Width = 32> <Depth = 256> <RAM>
ST_12 : Operation 80 [1/1] (0.00ns)   --->   "br label %3" [dilithium2/ntt.c:57]   --->   Operation 80 'br' <Predicate = true> <Delay = 0.00>


============================================================
+ Verbose Summary: Binding
============================================================
STG Binding: 
---------------- STG Properties BEGIN ----------------
- Is combinational: 0
- Is one-state seq: 0
- Is datapath-only: 0
- Is pipelined: 0
- Is top level: 0
Port [ Return ] is wired: 1; IO mode=ap_ctrl_hs:ce=0
Port [ a]:  wired=1; compound=1; hidden=0; nouse=0; global=0; static=0; extern=0; dir=2; type=1; pingpong=0; private_global=0; MemPort=[23]; IO mode=ap_memory:ce=0
Port [ zetas]:  wired=0; compound=1; hidden=1; nouse=0; global=1; static=1; extern=0; dir=0; type=1; pingpong=0; private_global=0; linkage=7; visibility=0; MemPort=[1]; IO mode=ap_memory:ce=0
---------------- STG Properties END ------------------

---------------- Datapath Model BEGIN ----------------

<LifeTime>
<method=bitvector/>
k_3          (alloca           ) [ 0111111111111]
store_ln54   (store            ) [ 0000000000000]
br_ln54      (br               ) [ 0111111111111]
len_0        (phi              ) [ 0011111111111]
zext_ln54    (zext             ) [ 0001111111111]
zext_ln54_2  (zext             ) [ 0001111111111]
icmp_ln54    (icmp             ) [ 0011111111111]
empty        (speclooptripcount) [ 0000000000000]
br_ln54      (br               ) [ 0000000000000]
br_ln55      (br               ) [ 0011111111111]
ret_ln64     (ret              ) [ 0000000000000]
j            (phi              ) [ 0001100000000]
zext_ln55    (zext             ) [ 0000111111111]
tmp          (partselect       ) [ 0000000000000]
icmp_ln55    (icmp             ) [ 0011111111111]
br_ln55      (br               ) [ 0000000000000]
k_3_load     (load             ) [ 0000000000000]
k            (add              ) [ 0000111111111]
zext_ln56    (zext             ) [ 0000000000000]
zetas_addr   (getelementptr    ) [ 0000100000000]
tmp_25       (partselect       ) [ 0000000000000]
zext_ln54_3  (zext             ) [ 0111111111111]
br_ln54      (br               ) [ 0111111111111]
zeta         (load             ) [ 0000000000000]
add_ln57     (add              ) [ 0000000000000]
zext_ln57    (zext             ) [ 0000011111111]
empty_87     (icmp             ) [ 0000000000000]
trunc_ln55   (trunc            ) [ 0000000000000]
trunc_ln55_2 (trunc            ) [ 0000000000000]
start        (select           ) [ 0000000000000]
zext_ln55_2  (zext             ) [ 0000011111111]
sext_ln57    (sext             ) [ 0000011111111]
br_ln57      (br               ) [ 0011111111111]
j_0          (phi              ) [ 0000010000000]
icmp_ln57    (icmp             ) [ 0011111111111]
br_ln57      (br               ) [ 0000000000000]
add_ln58     (add              ) [ 0000000000000]
zext_ln58    (zext             ) [ 0000000000000]
a_addr       (getelementptr    ) [ 0000001111100]
zext_ln59    (zext             ) [ 0000000000000]
a_addr_3     (getelementptr    ) [ 0000001111111]
j_5          (add              ) [ 0011111111111]
add_ln55     (add              ) [ 0011111111111]
store_ln55   (store            ) [ 0000000000000]
br_ln55      (br               ) [ 0011111111111]
a_load       (load             ) [ 0000000100000]
sext_ln58    (sext             ) [ 0000000000000]
mul_ln58     (mul              ) [ 0000000011100]
trunc_ln18   (trunc            ) [ 0000000010000]
t            (mul              ) [ 0000000001000]
sext_ln19    (sext             ) [ 0000000000000]
mul_ln19     (mul              ) [ 0000000000100]
sext_ln58_1  (sext             ) [ 0000000000000]
sext_ln19_6  (sext             ) [ 0000000000000]
add_ln19     (add              ) [ 0000000000000]
trunc_ln     (partselect       ) [ 0000000000000]
t_16         (sext             ) [ 0000000000011]
a_load_6     (load             ) [ 0000000000000]
sub_ln59     (sub              ) [ 0000000000000]
store_ln59   (store            ) [ 0000000000000]
a_load_7     (load             ) [ 0000000000000]
add_ln60     (add              ) [ 0000000000000]
store_ln60   (store            ) [ 0000000000000]
br_ln57      (br               ) [ 0011111111111]
</LifeTime>

<model>

<comp_list>
<comp id="0" class="1000" name="a">
<pin_list>
<pin id="1" dir="1" index="0" bw="1" slack="0"/>
</pin_list>
<bind>
<StgValue><ssdm name="a"/><MemPortTyVec>2 3 </MemPortTyVec>
</StgValue>
</bind>
</comp>

<comp id="2" class="1000" name="zetas">
<pin_list>
<pin id="3" dir="1" index="0" bw="1" slack="0"/>
</pin_list>
<bind>
<StgValue><ssdm name="zetas"/><MemPortTyVec>1 </MemPortTyVec>
</StgValue>
</bind>
</comp>

<comp id="4" class="1001" name="const_4">
<pin_list>
<pin id="5" dir="1" index="0" bw="1" slack="0"/>
</pin_list>
<bind>
<StgValue><ssdm name=""/></StgValue>
</bind>
</comp>

<comp id="6" class="1001" name="const_6">
<pin_list>
<pin id="7" dir="1" index="0" bw="1" slack="0"/>
</pin_list>
<bind>
<StgValue><ssdm name=""/></StgValue>
</bind>
</comp>

<comp id="8" class="1001" name="const_8">
<pin_list>
<pin id="9" dir="1" index="0" bw="1" slack="1"/>
</pin_list>
<bind>
<StgValue><ssdm name=""/></StgValue>
</bind>
</comp>

<comp id="10" class="1001" name="const_10">
<pin_list>
<pin id="11" dir="1" index="0" bw="1" slack="0"/>
</pin_list>
<bind>
<StgValue><ssdm name=""/></StgValue>
</bind>
</comp>

<comp id="12" class="1001" name="const_12">
<pin_list>
<pin id="13" dir="1" index="0" bw="1" slack="2147483647"/>
</pin_list>
<bind>
<StgValue><ssdm name="_ssdm_op_SpecLoopTripCount"/></StgValue>
</bind>
</comp>

<comp id="14" class="1001" name="const_14">
<pin_list>
<pin id="15" dir="1" index="0" bw="1" slack="2147483647"/>
</pin_list>
<bind>
<StgValue><ssdm name=""/></StgValue>
</bind>
</comp>

<comp id="16" class="1001" name="const_16">
<pin_list>
<pin id="17" dir="1" index="0" bw="1" slack="1"/>
</pin_list>
<bind>
<StgValue><ssdm name=""/></StgValue>
</bind>
</comp>

<comp id="18" class="1001" name="const_18">
<pin_list>
<pin id="19" dir="1" index="0" bw="1" slack="0"/>
</pin_list>
<bind>
<StgValue><ssdm name="_ssdm_op_PartSelect.i23.i31.i32.i32"/></StgValue>
</bind>
</comp>

<comp id="20" class="1001" name="const_20">
<pin_list>
<pin id="21" dir="1" index="0" bw="1" slack="0"/>
</pin_list>
<bind>
<StgValue><ssdm name=""/></StgValue>
</bind>
</comp>

<comp id="22" class="1001" name="const_22">
<pin_list>
<pin id="23" dir="1" index="0" bw="1" slack="0"/>
</pin_list>
<bind>
<StgValue><ssdm name=""/></StgValue>
</bind>
</comp>

<comp id="24" class="1001" name="const_24">
<pin_list>
<pin id="25" dir="1" index="0" bw="1" slack="0"/>
</pin_list>
<bind>
<StgValue><ssdm name=""/></StgValue>
</bind>
</comp>

<comp id="26" class="1001" name="const_26">
<pin_list>
<pin id="27" dir="1" index="0" bw="1" slack="0"/>
</pin_list>
<bind>
<StgValue><ssdm name=""/></StgValue>
</bind>
</comp>

<comp id="28" class="1001" name="const_28">
<pin_list>
<pin id="29" dir="1" index="0" bw="1" slack="0"/>
</pin_list>
<bind>
<StgValue><ssdm name="_ssdm_op_PartSelect.i28.i29.i32.i32"/></StgValue>
</bind>
</comp>

<comp id="30" class="1001" name="const_30">
<pin_list>
<pin id="31" dir="1" index="0" bw="1" slack="0"/>
</pin_list>
<bind>
<StgValue><ssdm name=""/></StgValue>
</bind>
</comp>

<comp id="32" class="1001" name="const_32">
<pin_list>
<pin id="33" dir="1" index="0" bw="1" slack="0"/>
</pin_list>
<bind>
<StgValue><ssdm name=""/></StgValue>
</bind>
</comp>

<comp id="34" class="1001" name="const_34">
<pin_list>
<pin id="35" dir="1" index="0" bw="1" slack="0"/>
</pin_list>
<bind>
<StgValue><ssdm name=""/></StgValue>
</bind>
</comp>

<comp id="36" class="1001" name="const_36">
<pin_list>
<pin id="37" dir="1" index="0" bw="1" slack="0"/>
</pin_list>
<bind>
<StgValue><ssdm name="_ssdm_op_PartSelect.i24.i56.i32.i32"/></StgValue>
</bind>
</comp>

<comp id="38" class="1001" name="const_38">
<pin_list>
<pin id="39" dir="1" index="0" bw="1" slack="0"/>
</pin_list>
<bind>
<StgValue><ssdm name=""/></StgValue>
</bind>
</comp>

<comp id="40" class="1001" name="const_40">
<pin_list>
<pin id="41" dir="1" index="0" bw="1" slack="0"/>
</pin_list>
<bind>
<StgValue><ssdm name=""/></StgValue>
</bind>
</comp>

<comp id="42" class="1004" name="k_3_fu_42">
<pin_list>
<pin id="43" dir="0" index="0" bw="1" slack="0"/>
<pin id="44" dir="1" index="1" bw="32" slack="0"/>
</pin_list>
<bind>
<opcode="alloca(26) " fcode="alloca"/>
<opset="k_3/1 "/>
</bind>
</comp>

<comp id="46" class="1004" name="zetas_addr_gep_fu_46">
<pin_list>
<pin id="47" dir="0" index="0" bw="23" slack="0"/>
<pin id="48" dir="0" index="1" bw="1" slack="0"/>
<pin id="49" dir="0" index="2" bw="32" slack="0"/>
<pin id="50" dir="1" index="3" bw="8" slack="0"/>
</pin_list>
<bind>
<opcode="getelementptr(29) " fcode="getelementptr"/>
<opset="zetas_addr/3 "/>
</bind>
</comp>

<comp id="53" class="1004" name="grp_access_fu_53">
<pin_list>
<pin id="54" dir="0" index="0" bw="8" slack="0"/>
<pin id="55" dir="0" index="1" bw="23" slack="2147483647"/>
<pin id="56" dir="0" index="2" bw="0" slack="2147483647"/>
<pin id="57" dir="1" index="3" bw="23" slack="0"/>
</pin_list>
<bind>
<opcode="load(27) " fcode="load"/>
<opset="zeta/3 "/>
</bind>
</comp>

<comp id="59" class="1004" name="a_addr_gep_fu_59">
<pin_list>
<pin id="60" dir="0" index="0" bw="32" slack="0"/>
<pin id="61" dir="0" index="1" bw="1" slack="0"/>
<pin id="62" dir="0" index="2" bw="32" slack="0"/>
<pin id="63" dir="1" index="3" bw="8" slack="0"/>
</pin_list>
<bind>
<opcode="getelementptr(29) " fcode="getelementptr"/>
<opset="a_addr/5 "/>
</bind>
</comp>

<comp id="66" class="1004" name="grp_access_fu_66">
<pin_list>
<pin id="67" dir="0" index="0" bw="8" slack="0"/>
<pin id="68" dir="0" index="1" bw="32" slack="0"/>
<pin id="69" dir="0" index="2" bw="0" slack="2147483647"/>
<pin id="70" dir="1" index="3" bw="32" slack="0"/>
</pin_list>
<bind>
<opcode="load(27) store(28) " fcode="store"/>
<opset="a_load/5 a_load_6/9 store_ln59/10 a_load_7/11 store_ln60/12 "/>
</bind>
</comp>

<comp id="72" class="1004" name="a_addr_3_gep_fu_72">
<pin_list>
<pin id="73" dir="0" index="0" bw="32" slack="0"/>
<pin id="74" dir="0" index="1" bw="1" slack="0"/>
<pin id="75" dir="0" index="2" bw="32" slack="0"/>
<pin id="76" dir="1" index="3" bw="8" slack="4"/>
</pin_list>
<bind>
<opcode="getelementptr(29) " fcode="getelementptr"/>
<opset="a_addr_3/5 "/>
</bind>
</comp>

<comp id="79" class="1005" name="len_0_reg_79">
<pin_list>
<pin id="80" dir="0" index="0" bw="29" slack="1"/>
<pin id="81" dir="1" index="1" bw="29" slack="1"/>
</pin_list>
<bind>
<opset="len_0 (phireg) "/>
</bind>
</comp>

<comp id="83" class="1004" name="len_0_phi_fu_83">
<pin_list>
<pin id="84" dir="0" index="0" bw="9" slack="1"/>
<pin id="85" dir="0" index="1" bw="0" slack="2147483647"/>
<pin id="86" dir="0" index="2" bw="28" slack="1"/>
<pin id="87" dir="0" index="3" bw="0" slack="2147483647"/>
<pin id="88" dir="1" index="4" bw="29" slack="0"/>
</pin_list>
<bind>
<opcode="phi(47) " fcode="phi"/>
<opset="len_0/2 "/>
</bind>
</comp>

<comp id="91" class="1005" name="j_reg_91">
<pin_list>
<pin id="92" dir="0" index="0" bw="31" slack="1"/>
<pin id="93" dir="1" index="1" bw="31" slack="1"/>
</pin_list>
<bind>
<opset="j (phireg) "/>
</bind>
</comp>

<comp id="95" class="1004" name="j_phi_fu_95">
<pin_list>
<pin id="96" dir="0" index="0" bw="31" slack="1"/>
<pin id="97" dir="0" index="1" bw="0" slack="2147483647"/>
<pin id="98" dir="0" index="2" bw="1" slack="1"/>
<pin id="99" dir="0" index="3" bw="0" slack="2147483647"/>
<pin id="100" dir="1" index="4" bw="31" slack="0"/>
</pin_list>
<bind>
<opcode="phi(47) " fcode="phi"/>
<opset="j/3 "/>
</bind>
</comp>

<comp id="103" class="1005" name="j_0_reg_103">
<pin_list>
<pin id="104" dir="0" index="0" bw="32" slack="2147483647"/>
<pin id="105" dir="1" index="1" bw="32" slack="2147483647"/>
</pin_list>
<bind>
<opset="j_0 (phireg) "/>
</bind>
</comp>

<comp id="106" class="1004" name="j_0_phi_fu_106">
<pin_list>
<pin id="107" dir="0" index="0" bw="31" slack="2"/>
<pin id="108" dir="0" index="1" bw="0" slack="2147483647"/>
<pin id="109" dir="0" index="2" bw="32" slack="0"/>
<pin id="110" dir="0" index="3" bw="0" slack="2147483647"/>
<pin id="111" dir="1" index="4" bw="32" slack="0"/>
</pin_list>
<bind>
<opcode="phi(47) " fcode="phi"/>
<opset="j_0/5 "/>
</bind>
</comp>

<comp id="112" class="1004" name="store_ln54_store_fu_112">
<pin_list>
<pin id="113" dir="0" index="0" bw="1" slack="0"/>
<pin id="114" dir="0" index="1" bw="32" slack="0"/>
<pin id="115" dir="1" index="2" bw="0" slack="2147483647"/>
</pin_list>
<bind>
<opcode="store(28) " fcode="store"/>
<opset="store_ln54/1 "/>
</bind>
</comp>

<comp id="117" class="1004" name="zext_ln54_fu_117">
<pin_list>
<pin id="118" dir="0" index="0" bw="29" slack="0"/>
<pin id="119" dir="1" index="1" bw="32" slack="3"/>
</pin_list>
<bind>
<opcode="zext(34) " fcode="zext"/>
<opset="zext_ln54/2 "/>
</bind>
</comp>

<comp id="121" class="1004" name="zext_ln54_2_fu_121">
<pin_list>
<pin id="122" dir="0" index="0" bw="29" slack="0"/>
<pin id="123" dir="1" index="1" bw="31" slack="2"/>
</pin_list>
<bind>
<opcode="zext(34) " fcode="zext"/>
<opset="zext_ln54_2/2 "/>
</bind>
</comp>

<comp id="125" class="1004" name="icmp_ln54_fu_125">
<pin_list>
<pin id="126" dir="0" index="0" bw="29" slack="0"/>
<pin id="127" dir="0" index="1" bw="1" slack="0"/>
<pin id="128" dir="1" index="2" bw="1" slack="2147483647"/>
</pin_list>
<bind>
<opcode="icmp(45) " fcode="icmp"/>
<opset="icmp_ln54/2 "/>
</bind>
</comp>

<comp id="131" class="1004" name="zext_ln55_fu_131">
<pin_list>
<pin id="132" dir="0" index="0" bw="31" slack="0"/>
<pin id="133" dir="1" index="1" bw="32" slack="2"/>
</pin_list>
<bind>
<opcode="zext(34) " fcode="zext"/>
<opset="zext_ln55/3 "/>
</bind>
</comp>

<comp id="135" class="1004" name="tmp_fu_135">
<pin_list>
<pin id="136" dir="0" index="0" bw="23" slack="0"/>
<pin id="137" dir="0" index="1" bw="31" slack="0"/>
<pin id="138" dir="0" index="2" bw="5" slack="0"/>
<pin id="139" dir="0" index="3" bw="6" slack="0"/>
<pin id="140" dir="1" index="4" bw="23" slack="0"/>
</pin_list>
<bind>
<opcode="partselect(1002) " fcode="partselect"/>
<opset="tmp/3 "/>
</bind>
</comp>

<comp id="145" class="1004" name="icmp_ln55_fu_145">
<pin_list>
<pin id="146" dir="0" index="0" bw="23" slack="0"/>
<pin id="147" dir="0" index="1" bw="1" slack="0"/>
<pin id="148" dir="1" index="2" bw="1" slack="2147483647"/>
</pin_list>
<bind>
<opcode="icmp(45) " fcode="icmp"/>
<opset="icmp_ln55/3 "/>
</bind>
</comp>

<comp id="151" class="1004" name="k_3_load_load_fu_151">
<pin_list>
<pin id="152" dir="0" index="0" bw="32" slack="2"/>
<pin id="153" dir="1" index="1" bw="32" slack="0"/>
</pin_list>
<bind>
<opcode="load(27) " fcode="load"/>
<opset="k_3_load/3 "/>
</bind>
</comp>

<comp id="154" class="1004" name="k_fu_154">
<pin_list>
<pin id="155" dir="0" index="0" bw="1" slack="0"/>
<pin id="156" dir="0" index="1" bw="32" slack="0"/>
<pin id="157" dir="1" index="2" bw="32" slack="0"/>
</pin_list>
<bind>
<opcode="add(8) " fcode="add"/>
<opset="k/3 "/>
</bind>
</comp>

<comp id="160" class="1004" name="zext_ln56_fu_160">
<pin_list>
<pin id="161" dir="0" index="0" bw="32" slack="0"/>
<pin id="162" dir="1" index="1" bw="64" slack="0"/>
</pin_list>
<bind>
<opcode="zext(34) " fcode="zext"/>
<opset="zext_ln56/3 "/>
</bind>
</comp>

<comp id="165" class="1004" name="tmp_25_fu_165">
<pin_list>
<pin id="166" dir="0" index="0" bw="28" slack="0"/>
<pin id="167" dir="0" index="1" bw="29" slack="1"/>
<pin id="168" dir="0" index="2" bw="1" slack="0"/>
<pin id="169" dir="0" index="3" bw="6" slack="0"/>
<pin id="170" dir="1" index="4" bw="28" slack="0"/>
</pin_list>
<bind>
<opcode="partselect(1002) " fcode="partselect"/>
<opset="tmp_25/3 "/>
</bind>
</comp>

<comp id="175" class="1004" name="zext_ln54_3_fu_175">
<pin_list>
<pin id="176" dir="0" index="0" bw="28" slack="0"/>
<pin id="177" dir="1" index="1" bw="29" slack="1"/>
</pin_list>
<bind>
<opcode="zext(34) " fcode="zext"/>
<opset="zext_ln54_3/3 "/>
</bind>
</comp>

<comp id="179" class="1004" name="add_ln57_fu_179">
<pin_list>
<pin id="180" dir="0" index="0" bw="29" slack="2"/>
<pin id="181" dir="0" index="1" bw="31" slack="1"/>
<pin id="182" dir="1" index="2" bw="31" slack="0"/>
</pin_list>
<bind>
<opcode="add(8) " fcode="add"/>
<opset="add_ln57/4 "/>
</bind>
</comp>

<comp id="184" class="1004" name="zext_ln57_fu_184">
<pin_list>
<pin id="185" dir="0" index="0" bw="31" slack="0"/>
<pin id="186" dir="1" index="1" bw="32" slack="1"/>
</pin_list>
<bind>
<opcode="zext(34) " fcode="zext"/>
<opset="zext_ln57/4 "/>
</bind>
</comp>

<comp id="188" class="1004" name="empty_87_fu_188">
<pin_list>
<pin id="189" dir="0" index="0" bw="31" slack="1"/>
<pin id="190" dir="0" index="1" bw="31" slack="0"/>
<pin id="191" dir="1" index="2" bw="1" slack="0"/>
</pin_list>
<bind>
<opcode="icmp(45) " fcode="icmp"/>
<opset="empty_87/4 "/>
</bind>
</comp>

<comp id="194" class="1004" name="trunc_ln55_fu_194">
<pin_list>
<pin id="195" dir="0" index="0" bw="31" slack="1"/>
<pin id="196" dir="1" index="1" bw="30" slack="0"/>
</pin_list>
<bind>
<opcode="trunc(33) " fcode="trunc"/>
<opset="trunc_ln55/4 "/>
</bind>
</comp>

<comp id="198" class="1004" name="trunc_ln55_2_fu_198">
<pin_list>
<pin id="199" dir="0" index="0" bw="31" slack="0"/>
<pin id="200" dir="1" index="1" bw="30" slack="0"/>
</pin_list>
<bind>
<opcode="trunc(33) " fcode="trunc"/>
<opset="trunc_ln55_2/4 "/>
</bind>
</comp>

<comp id="202" class="1004" name="start_fu_202">
<pin_list>
<pin id="203" dir="0" index="0" bw="1" slack="0"/>
<pin id="204" dir="0" index="1" bw="30" slack="0"/>
<pin id="205" dir="0" index="2" bw="30" slack="0"/>
<pin id="206" dir="1" index="3" bw="30" slack="0"/>
</pin_list>
<bind>
<opcode="select(49) " fcode="select"/>
<opset="start/4 "/>
</bind>
</comp>

<comp id="210" class="1004" name="zext_ln55_2_fu_210">
<pin_list>
<pin id="211" dir="0" index="0" bw="30" slack="0"/>
<pin id="212" dir="1" index="1" bw="31" slack="1"/>
</pin_list>
<bind>
<opcode="zext(34) " fcode="zext"/>
<opset="zext_ln55_2/4 "/>
</bind>
</comp>

<comp id="214" class="1004" name="sext_ln57_fu_214">
<pin_list>
<pin id="215" dir="0" index="0" bw="23" slack="0"/>
<pin id="216" dir="1" index="1" bw="54" slack="3"/>
</pin_list>
<bind>
<opcode="sext(35) " fcode="sext"/>
<opset="sext_ln57/4 "/>
</bind>
</comp>

<comp id="218" class="1004" name="icmp_ln57_fu_218">
<pin_list>
<pin id="219" dir="0" index="0" bw="32" slack="0"/>
<pin id="220" dir="0" index="1" bw="31" slack="1"/>
<pin id="221" dir="1" index="2" bw="1" slack="2147483647"/>
</pin_list>
<bind>
<opcode="icmp(45) " fcode="icmp"/>
<opset="icmp_ln57/5 "/>
</bind>
</comp>

<comp id="223" class="1004" name="add_ln58_fu_223">
<pin_list>
<pin id="224" dir="0" index="0" bw="29" slack="3"/>
<pin id="225" dir="0" index="1" bw="32" slack="0"/>
<pin id="226" dir="1" index="2" bw="32" slack="0"/>
</pin_list>
<bind>
<opcode="add(8) " fcode="add"/>
<opset="add_ln58/5 "/>
</bind>
</comp>

<comp id="228" class="1004" name="zext_ln58_fu_228">
<pin_list>
<pin id="229" dir="0" index="0" bw="32" slack="0"/>
<pin id="230" dir="1" index="1" bw="64" slack="0"/>
</pin_list>
<bind>
<opcode="zext(34) " fcode="zext"/>
<opset="zext_ln58/5 "/>
</bind>
</comp>

<comp id="233" class="1004" name="zext_ln59_fu_233">
<pin_list>
<pin id="234" dir="0" index="0" bw="32" slack="0"/>
<pin id="235" dir="1" index="1" bw="64" slack="0"/>
</pin_list>
<bind>
<opcode="zext(34) " fcode="zext"/>
<opset="zext_ln59/5 "/>
</bind>
</comp>

<comp id="238" class="1004" name="j_5_fu_238">
<pin_list>
<pin id="239" dir="0" index="0" bw="1" slack="0"/>
<pin id="240" dir="0" index="1" bw="32" slack="0"/>
<pin id="241" dir="1" index="2" bw="32" slack="0"/>
</pin_list>
<bind>
<opcode="add(8) " fcode="add"/>
<opset="j_5/5 "/>
</bind>
</comp>

<comp id="244" class="1004" name="add_ln55_fu_244">
<pin_list>
<pin id="245" dir="0" index="0" bw="29" slack="3"/>
<pin id="246" dir="0" index="1" bw="30" slack="1"/>
<pin id="247" dir="1" index="2" bw="31" slack="1"/>
</pin_list>
<bind>
<opcode="add(8) " fcode="add"/>
<opset="add_ln55/5 "/>
</bind>
</comp>

<comp id="248" class="1004" name="store_ln55_store_fu_248">
<pin_list>
<pin id="249" dir="0" index="0" bw="32" slack="2"/>
<pin id="250" dir="0" index="1" bw="32" slack="4"/>
<pin id="251" dir="1" index="2" bw="0" slack="2147483647"/>
</pin_list>
<bind>
<opcode="store(28) " fcode="store"/>
<opset="store_ln55/5 "/>
</bind>
</comp>

<comp id="252" class="1004" name="sext_ln58_fu_252">
<pin_list>
<pin id="253" dir="0" index="0" bw="32" slack="1"/>
<pin id="254" dir="1" index="1" bw="54" slack="0"/>
</pin_list>
<bind>
<opcode="sext(35) " fcode="sext"/>
<opset="sext_ln58/7 "/>
</bind>
</comp>

<comp id="255" class="1004" name="mul_ln58_fu_255">
<pin_list>
<pin id="256" dir="0" index="0" bw="23" slack="3"/>
<pin id="257" dir="0" index="1" bw="32" slack="0"/>
<pin id="258" dir="1" index="2" bw="54" slack="0"/>
</pin_list>
<bind>
<opcode="mul(12) " fcode="mul"/>
<opset="mul_ln58/7 "/>
</bind>
</comp>

<comp id="260" class="1004" name="trunc_ln18_fu_260">
<pin_list>
<pin id="261" dir="0" index="0" bw="54" slack="0"/>
<pin id="262" dir="1" index="1" bw="32" slack="1"/>
</pin_list>
<bind>
<opcode="trunc(33) " fcode="trunc"/>
<opset="trunc_ln18/7 "/>
</bind>
</comp>

<comp id="264" class="1004" name="t_fu_264">
<pin_list>
<pin id="265" dir="0" index="0" bw="27" slack="0"/>
<pin id="266" dir="0" index="1" bw="32" slack="1"/>
<pin id="267" dir="1" index="2" bw="32" slack="1"/>
</pin_list>
<bind>
<opcode="mul(12) " fcode="mul"/>
<opset="t/8 "/>
</bind>
</comp>

<comp id="269" class="1004" name="sext_ln19_fu_269">
<pin_list>
<pin id="270" dir="0" index="0" bw="32" slack="1"/>
<pin id="271" dir="1" index="1" bw="55" slack="0"/>
</pin_list>
<bind>
<opcode="sext(35) " fcode="sext"/>
<opset="sext_ln19/9 "/>
</bind>
</comp>

<comp id="272" class="1004" name="mul_ln19_fu_272">
<pin_list>
<pin id="273" dir="0" index="0" bw="24" slack="0"/>
<pin id="274" dir="0" index="1" bw="32" slack="0"/>
<pin id="275" dir="1" index="2" bw="55" slack="1"/>
</pin_list>
<bind>
<opcode="mul(12) " fcode="mul"/>
<opset="mul_ln19/9 "/>
</bind>
</comp>

<comp id="278" class="1004" name="sext_ln58_1_fu_278">
<pin_list>
<pin id="279" dir="0" index="0" bw="54" slack="3"/>
<pin id="280" dir="1" index="1" bw="56" slack="0"/>
</pin_list>
<bind>
<opcode="sext(35) " fcode="sext"/>
<opset="sext_ln58_1/10 "/>
</bind>
</comp>

<comp id="281" class="1004" name="sext_ln19_6_fu_281">
<pin_list>
<pin id="282" dir="0" index="0" bw="55" slack="1"/>
<pin id="283" dir="1" index="1" bw="56" slack="0"/>
</pin_list>
<bind>
<opcode="sext(35) " fcode="sext"/>
<opset="sext_ln19_6/10 "/>
</bind>
</comp>

<comp id="284" class="1004" name="add_ln19_fu_284">
<pin_list>
<pin id="285" dir="0" index="0" bw="54" slack="0"/>
<pin id="286" dir="0" index="1" bw="55" slack="0"/>
<pin id="287" dir="1" index="2" bw="56" slack="0"/>
</pin_list>
<bind>
<opcode="add(8) " fcode="add"/>
<opset="add_ln19/10 "/>
</bind>
</comp>

<comp id="290" class="1004" name="trunc_ln_fu_290">
<pin_list>
<pin id="291" dir="0" index="0" bw="24" slack="0"/>
<pin id="292" dir="0" index="1" bw="56" slack="0"/>
<pin id="293" dir="0" index="2" bw="7" slack="0"/>
<pin id="294" dir="0" index="3" bw="7" slack="0"/>
<pin id="295" dir="1" index="4" bw="24" slack="0"/>
</pin_list>
<bind>
<opcode="partselect(1002) " fcode="partselect"/>
<opset="trunc_ln/10 "/>
</bind>
</comp>

<comp id="300" class="1004" name="t_16_fu_300">
<pin_list>
<pin id="301" dir="0" index="0" bw="24" slack="0"/>
<pin id="302" dir="1" index="1" bw="32" slack="0"/>
</pin_list>
<bind>
<opcode="sext(35) " fcode="sext"/>
<opset="t_16/10 "/>
</bind>
</comp>

<comp id="304" class="1004" name="sub_ln59_fu_304">
<pin_list>
<pin id="305" dir="0" index="0" bw="32" slack="0"/>
<pin id="306" dir="0" index="1" bw="24" slack="0"/>
<pin id="307" dir="1" index="2" bw="32" slack="0"/>
</pin_list>
<bind>
<opcode="sub(10) " fcode="sub"/>
<opset="sub_ln59/10 "/>
</bind>
</comp>

<comp id="311" class="1004" name="add_ln60_fu_311">
<pin_list>
<pin id="312" dir="0" index="0" bw="24" slack="2"/>
<pin id="313" dir="0" index="1" bw="32" slack="0"/>
<pin id="314" dir="1" index="2" bw="32" slack="0"/>
</pin_list>
<bind>
<opcode="add(8) " fcode="add"/>
<opset="add_ln60/12 "/>
</bind>
</comp>

<comp id="317" class="1005" name="k_3_reg_317">
<pin_list>
<pin id="318" dir="0" index="0" bw="32" slack="0"/>
<pin id="319" dir="1" index="1" bw="32" slack="0"/>
</pin_list>
<bind>
<opset="k_3 "/>
</bind>
</comp>

<comp id="324" class="1005" name="zext_ln54_reg_324">
<pin_list>
<pin id="325" dir="0" index="0" bw="32" slack="3"/>
<pin id="326" dir="1" index="1" bw="32" slack="3"/>
</pin_list>
<bind>
<opset="zext_ln54 "/>
</bind>
</comp>

<comp id="329" class="1005" name="zext_ln54_2_reg_329">
<pin_list>
<pin id="330" dir="0" index="0" bw="31" slack="2"/>
<pin id="331" dir="1" index="1" bw="31" slack="2"/>
</pin_list>
<bind>
<opset="zext_ln54_2 "/>
</bind>
</comp>

<comp id="338" class="1005" name="zext_ln55_reg_338">
<pin_list>
<pin id="339" dir="0" index="0" bw="32" slack="2"/>
<pin id="340" dir="1" index="1" bw="32" slack="2"/>
</pin_list>
<bind>
<opset="zext_ln55 "/>
</bind>
</comp>

<comp id="346" class="1005" name="k_reg_346">
<pin_list>
<pin id="347" dir="0" index="0" bw="32" slack="2"/>
<pin id="348" dir="1" index="1" bw="32" slack="2"/>
</pin_list>
<bind>
<opset="k "/>
</bind>
</comp>

<comp id="351" class="1005" name="zetas_addr_reg_351">
<pin_list>
<pin id="352" dir="0" index="0" bw="8" slack="1"/>
<pin id="353" dir="1" index="1" bw="8" slack="1"/>
</pin_list>
<bind>
<opset="zetas_addr "/>
</bind>
</comp>

<comp id="356" class="1005" name="zext_ln54_3_reg_356">
<pin_list>
<pin id="357" dir="0" index="0" bw="29" slack="1"/>
<pin id="358" dir="1" index="1" bw="29" slack="1"/>
</pin_list>
<bind>
<opset="zext_ln54_3 "/>
</bind>
</comp>

<comp id="361" class="1005" name="zext_ln57_reg_361">
<pin_list>
<pin id="362" dir="0" index="0" bw="32" slack="1"/>
<pin id="363" dir="1" index="1" bw="32" slack="1"/>
</pin_list>
<bind>
<opset="zext_ln57 "/>
</bind>
</comp>

<comp id="366" class="1005" name="zext_ln55_2_reg_366">
<pin_list>
<pin id="367" dir="0" index="0" bw="31" slack="1"/>
<pin id="368" dir="1" index="1" bw="31" slack="1"/>
</pin_list>
<bind>
<opset="zext_ln55_2 "/>
</bind>
</comp>

<comp id="371" class="1005" name="sext_ln57_reg_371">
<pin_list>
<pin id="372" dir="0" index="0" bw="54" slack="3"/>
<pin id="373" dir="1" index="1" bw="54" slack="3"/>
</pin_list>
<bind>
<opset="sext_ln57 "/>
</bind>
</comp>

<comp id="379" class="1005" name="a_addr_reg_379">
<pin_list>
<pin id="380" dir="0" index="0" bw="8" slack="1"/>
<pin id="381" dir="1" index="1" bw="8" slack="1"/>
</pin_list>
<bind>
<opset="a_addr "/>
</bind>
</comp>

<comp id="384" class="1005" name="a_addr_3_reg_384">
<pin_list>
<pin id="385" dir="0" index="0" bw="8" slack="4"/>
<pin id="386" dir="1" index="1" bw="8" slack="4"/>
</pin_list>
<bind>
<opset="a_addr_3 "/>
</bind>
</comp>

<comp id="389" class="1005" name="j_5_reg_389">
<pin_list>
<pin id="390" dir="0" index="0" bw="32" slack="0"/>
<pin id="391" dir="1" index="1" bw="32" slack="0"/>
</pin_list>
<bind>
<opset="j_5 "/>
</bind>
</comp>

<comp id="394" class="1005" name="add_ln55_reg_394">
<pin_list>
<pin id="395" dir="0" index="0" bw="31" slack="1"/>
<pin id="396" dir="1" index="1" bw="31" slack="1"/>
</pin_list>
<bind>
<opset="add_ln55 "/>
</bind>
</comp>

<comp id="399" class="1005" name="a_load_reg_399">
<pin_list>
<pin id="400" dir="0" index="0" bw="32" slack="1"/>
<pin id="401" dir="1" index="1" bw="32" slack="1"/>
</pin_list>
<bind>
<opset="a_load "/>
</bind>
</comp>

<comp id="404" class="1005" name="mul_ln58_reg_404">
<pin_list>
<pin id="405" dir="0" index="0" bw="54" slack="3"/>
<pin id="406" dir="1" index="1" bw="54" slack="3"/>
</pin_list>
<bind>
<opset="mul_ln58 "/>
</bind>
</comp>

<comp id="409" class="1005" name="trunc_ln18_reg_409">
<pin_list>
<pin id="410" dir="0" index="0" bw="32" slack="1"/>
<pin id="411" dir="1" index="1" bw="32" slack="1"/>
</pin_list>
<bind>
<opset="trunc_ln18 "/>
</bind>
</comp>

<comp id="414" class="1005" name="t_reg_414">
<pin_list>
<pin id="415" dir="0" index="0" bw="32" slack="1"/>
<pin id="416" dir="1" index="1" bw="32" slack="1"/>
</pin_list>
<bind>
<opset="t "/>
</bind>
</comp>

<comp id="419" class="1005" name="mul_ln19_reg_419">
<pin_list>
<pin id="420" dir="0" index="0" bw="55" slack="1"/>
<pin id="421" dir="1" index="1" bw="55" slack="1"/>
</pin_list>
<bind>
<opset="mul_ln19 "/>
</bind>
</comp>

<comp id="424" class="1005" name="t_16_reg_424">
<pin_list>
<pin id="425" dir="0" index="0" bw="32" slack="2"/>
<pin id="426" dir="1" index="1" bw="32" slack="2"/>
</pin_list>
<bind>
<opset="t_16 "/>
</bind>
</comp>

</comp_list>

<net_list>
<net id="45"><net_src comp="4" pin="0"/><net_sink comp="42" pin=0"/></net>

<net id="51"><net_src comp="2" pin="0"/><net_sink comp="46" pin=0"/></net>

<net id="52"><net_src comp="26" pin="0"/><net_sink comp="46" pin=1"/></net>

<net id="58"><net_src comp="46" pin="3"/><net_sink comp="53" pin=0"/></net>

<net id="64"><net_src comp="0" pin="0"/><net_sink comp="59" pin=0"/></net>

<net id="65"><net_src comp="26" pin="0"/><net_sink comp="59" pin=1"/></net>

<net id="71"><net_src comp="59" pin="3"/><net_sink comp="66" pin=0"/></net>

<net id="77"><net_src comp="0" pin="0"/><net_sink comp="72" pin=0"/></net>

<net id="78"><net_src comp="26" pin="0"/><net_sink comp="72" pin=1"/></net>

<net id="82"><net_src comp="8" pin="0"/><net_sink comp="79" pin=0"/></net>

<net id="89"><net_src comp="79" pin="1"/><net_sink comp="83" pin=0"/></net>

<net id="90"><net_src comp="83" pin="4"/><net_sink comp="79" pin=0"/></net>

<net id="94"><net_src comp="16" pin="0"/><net_sink comp="91" pin=0"/></net>

<net id="101"><net_src comp="91" pin="1"/><net_sink comp="95" pin=2"/></net>

<net id="102"><net_src comp="95" pin="4"/><net_sink comp="91" pin=0"/></net>

<net id="116"><net_src comp="6" pin="0"/><net_sink comp="112" pin=0"/></net>

<net id="120"><net_src comp="83" pin="4"/><net_sink comp="117" pin=0"/></net>

<net id="124"><net_src comp="83" pin="4"/><net_sink comp="121" pin=0"/></net>

<net id="129"><net_src comp="83" pin="4"/><net_sink comp="125" pin=0"/></net>

<net id="130"><net_src comp="10" pin="0"/><net_sink comp="125" pin=1"/></net>

<net id="134"><net_src comp="95" pin="4"/><net_sink comp="131" pin=0"/></net>

<net id="141"><net_src comp="18" pin="0"/><net_sink comp="135" pin=0"/></net>

<net id="142"><net_src comp="95" pin="4"/><net_sink comp="135" pin=1"/></net>

<net id="143"><net_src comp="20" pin="0"/><net_sink comp="135" pin=2"/></net>

<net id="144"><net_src comp="22" pin="0"/><net_sink comp="135" pin=3"/></net>

<net id="149"><net_src comp="135" pin="4"/><net_sink comp="145" pin=0"/></net>

<net id="150"><net_src comp="24" pin="0"/><net_sink comp="145" pin=1"/></net>

<net id="158"><net_src comp="4" pin="0"/><net_sink comp="154" pin=0"/></net>

<net id="159"><net_src comp="151" pin="1"/><net_sink comp="154" pin=1"/></net>

<net id="163"><net_src comp="154" pin="2"/><net_sink comp="160" pin=0"/></net>

<net id="164"><net_src comp="160" pin="1"/><net_sink comp="46" pin=2"/></net>

<net id="171"><net_src comp="28" pin="0"/><net_sink comp="165" pin=0"/></net>

<net id="172"><net_src comp="79" pin="1"/><net_sink comp="165" pin=1"/></net>

<net id="173"><net_src comp="4" pin="0"/><net_sink comp="165" pin=2"/></net>

<net id="174"><net_src comp="30" pin="0"/><net_sink comp="165" pin=3"/></net>

<net id="178"><net_src comp="165" pin="4"/><net_sink comp="175" pin=0"/></net>

<net id="183"><net_src comp="91" pin="1"/><net_sink comp="179" pin=1"/></net>

<net id="187"><net_src comp="179" pin="2"/><net_sink comp="184" pin=0"/></net>

<net id="192"><net_src comp="91" pin="1"/><net_sink comp="188" pin=0"/></net>

<net id="193"><net_src comp="179" pin="2"/><net_sink comp="188" pin=1"/></net>

<net id="197"><net_src comp="91" pin="1"/><net_sink comp="194" pin=0"/></net>

<net id="201"><net_src comp="179" pin="2"/><net_sink comp="198" pin=0"/></net>

<net id="207"><net_src comp="188" pin="2"/><net_sink comp="202" pin=0"/></net>

<net id="208"><net_src comp="194" pin="1"/><net_sink comp="202" pin=1"/></net>

<net id="209"><net_src comp="198" pin="1"/><net_sink comp="202" pin=2"/></net>

<net id="213"><net_src comp="202" pin="3"/><net_sink comp="210" pin=0"/></net>

<net id="217"><net_src comp="53" pin="3"/><net_sink comp="214" pin=0"/></net>

<net id="222"><net_src comp="106" pin="4"/><net_sink comp="218" pin=0"/></net>

<net id="227"><net_src comp="106" pin="4"/><net_sink comp="223" pin=1"/></net>

<net id="231"><net_src comp="223" pin="2"/><net_sink comp="228" pin=0"/></net>

<net id="232"><net_src comp="228" pin="1"/><net_sink comp="59" pin=2"/></net>

<net id="236"><net_src comp="106" pin="4"/><net_sink comp="233" pin=0"/></net>

<net id="237"><net_src comp="233" pin="1"/><net_sink comp="72" pin=2"/></net>

<net id="242"><net_src comp="4" pin="0"/><net_sink comp="238" pin=0"/></net>

<net id="243"><net_src comp="106" pin="4"/><net_sink comp="238" pin=1"/></net>

<net id="259"><net_src comp="252" pin="1"/><net_sink comp="255" pin=1"/></net>

<net id="263"><net_src comp="255" pin="2"/><net_sink comp="260" pin=0"/></net>

<net id="268"><net_src comp="32" pin="0"/><net_sink comp="264" pin=0"/></net>

<net id="276"><net_src comp="34" pin="0"/><net_sink comp="272" pin=0"/></net>

<net id="277"><net_src comp="269" pin="1"/><net_sink comp="272" pin=1"/></net>

<net id="288"><net_src comp="278" pin="1"/><net_sink comp="284" pin=0"/></net>

<net id="289"><net_src comp="281" pin="1"/><net_sink comp="284" pin=1"/></net>

<net id="296"><net_src comp="36" pin="0"/><net_sink comp="290" pin=0"/></net>

<net id="297"><net_src comp="284" pin="2"/><net_sink comp="290" pin=1"/></net>

<net id="298"><net_src comp="38" pin="0"/><net_sink comp="290" pin=2"/></net>

<net id="299"><net_src comp="40" pin="0"/><net_sink comp="290" pin=3"/></net>

<net id="303"><net_src comp="290" pin="4"/><net_sink comp="300" pin=0"/></net>

<net id="308"><net_src comp="66" pin="3"/><net_sink comp="304" pin=0"/></net>

<net id="309"><net_src comp="300" pin="1"/><net_sink comp="304" pin=1"/></net>

<net id="310"><net_src comp="304" pin="2"/><net_sink comp="66" pin=1"/></net>

<net id="315"><net_src comp="66" pin="3"/><net_sink comp="311" pin=1"/></net>

<net id="316"><net_src comp="311" pin="2"/><net_sink comp="66" pin=1"/></net>

<net id="320"><net_src comp="42" pin="1"/><net_sink comp="317" pin=0"/></net>

<net id="321"><net_src comp="317" pin="1"/><net_sink comp="112" pin=1"/></net>

<net id="322"><net_src comp="317" pin="1"/><net_sink comp="151" pin=0"/></net>

<net id="323"><net_src comp="317" pin="1"/><net_sink comp="248" pin=1"/></net>

<net id="327"><net_src comp="117" pin="1"/><net_sink comp="324" pin=0"/></net>

<net id="328"><net_src comp="324" pin="1"/><net_sink comp="223" pin=0"/></net>

<net id="332"><net_src comp="121" pin="1"/><net_sink comp="329" pin=0"/></net>

<net id="333"><net_src comp="329" pin="1"/><net_sink comp="179" pin=0"/></net>

<net id="334"><net_src comp="329" pin="1"/><net_sink comp="244" pin=0"/></net>

<net id="341"><net_src comp="131" pin="1"/><net_sink comp="338" pin=0"/></net>

<net id="342"><net_src comp="338" pin="1"/><net_sink comp="106" pin=0"/></net>

<net id="349"><net_src comp="154" pin="2"/><net_sink comp="346" pin=0"/></net>

<net id="350"><net_src comp="346" pin="1"/><net_sink comp="248" pin=0"/></net>

<net id="354"><net_src comp="46" pin="3"/><net_sink comp="351" pin=0"/></net>

<net id="355"><net_src comp="351" pin="1"/><net_sink comp="53" pin=0"/></net>

<net id="359"><net_src comp="175" pin="1"/><net_sink comp="356" pin=0"/></net>

<net id="360"><net_src comp="356" pin="1"/><net_sink comp="83" pin=2"/></net>

<net id="364"><net_src comp="184" pin="1"/><net_sink comp="361" pin=0"/></net>

<net id="365"><net_src comp="361" pin="1"/><net_sink comp="218" pin=1"/></net>

<net id="369"><net_src comp="210" pin="1"/><net_sink comp="366" pin=0"/></net>

<net id="370"><net_src comp="366" pin="1"/><net_sink comp="244" pin=1"/></net>

<net id="374"><net_src comp="214" pin="1"/><net_sink comp="371" pin=0"/></net>

<net id="375"><net_src comp="371" pin="1"/><net_sink comp="255" pin=0"/></net>

<net id="382"><net_src comp="59" pin="3"/><net_sink comp="379" pin=0"/></net>

<net id="383"><net_src comp="379" pin="1"/><net_sink comp="66" pin=0"/></net>

<net id="387"><net_src comp="72" pin="3"/><net_sink comp="384" pin=0"/></net>

<net id="388"><net_src comp="384" pin="1"/><net_sink comp="66" pin=0"/></net>

<net id="392"><net_src comp="238" pin="2"/><net_sink comp="389" pin=0"/></net>

<net id="393"><net_src comp="389" pin="1"/><net_sink comp="106" pin=2"/></net>

<net id="397"><net_src comp="244" pin="2"/><net_sink comp="394" pin=0"/></net>

<net id="398"><net_src comp="394" pin="1"/><net_sink comp="95" pin=0"/></net>

<net id="402"><net_src comp="66" pin="3"/><net_sink comp="399" pin=0"/></net>

<net id="403"><net_src comp="399" pin="1"/><net_sink comp="252" pin=0"/></net>

<net id="407"><net_src comp="255" pin="2"/><net_sink comp="404" pin=0"/></net>

<net id="408"><net_src comp="404" pin="1"/><net_sink comp="278" pin=0"/></net>

<net id="412"><net_src comp="260" pin="1"/><net_sink comp="409" pin=0"/></net>

<net id="413"><net_src comp="409" pin="1"/><net_sink comp="264" pin=1"/></net>

<net id="417"><net_src comp="264" pin="2"/><net_sink comp="414" pin=0"/></net>

<net id="418"><net_src comp="414" pin="1"/><net_sink comp="269" pin=0"/></net>

<net id="422"><net_src comp="272" pin="2"/><net_sink comp="419" pin=0"/></net>

<net id="423"><net_src comp="419" pin="1"/><net_sink comp="281" pin=0"/></net>

<net id="427"><net_src comp="300" pin="1"/><net_sink comp="424" pin=0"/></net>

<net id="428"><net_src comp="424" pin="1"/><net_sink comp="311" pin=0"/></net>

</net_list>

</model> 
---------------- Datapath Model END ------------------

* FSMD analyzer results:
  - Output states:
	Port: a | {10 12 }
 - Input state : 
	Port: pqcrystals_dilithium.16 : a | {5 6 9 10 11 12 }
	Port: pqcrystals_dilithium.16 : zetas | {3 4 }
  - Chain level:
	State 1
		store_ln54 : 1
	State 2
		zext_ln54 : 1
		zext_ln54_2 : 1
		icmp_ln54 : 1
		br_ln54 : 2
	State 3
		zext_ln55 : 1
		tmp : 1
		icmp_ln55 : 2
		br_ln55 : 3
		k : 1
		zext_ln56 : 2
		zetas_addr : 3
		zeta : 4
		zext_ln54_3 : 1
	State 4
		zext_ln57 : 1
		empty_87 : 1
		trunc_ln55_2 : 1
		start : 2
		zext_ln55_2 : 3
		sext_ln57 : 1
	State 5
		icmp_ln57 : 1
		br_ln57 : 2
		add_ln58 : 1
		zext_ln58 : 2
		a_addr : 3
		a_load : 4
		zext_ln59 : 1
		a_addr_3 : 2
		j_5 : 1
	State 6
	State 7
		mul_ln58 : 1
		trunc_ln18 : 2
	State 8
	State 9
		mul_ln19 : 1
	State 10
		add_ln19 : 1
		trunc_ln : 2
		t_16 : 3
		sub_ln59 : 4
		store_ln59 : 5
	State 11
	State 12
		add_ln60 : 1
		store_ln60 : 2


============================================================
+ Verbose Summary: Datapath Resource usage 
============================================================

* Functional unit list:
|----------|---------------------|---------|---------|---------|
| Operation|   Functional Unit   |  DSP48E |    FF   |   LUT   |
|----------|---------------------|---------|---------|---------|
|          |       k_fu_154      |    0    |    0    |    39   |
|          |   add_ln57_fu_179   |    0    |    0    |    38   |
|          |   add_ln58_fu_223   |    0    |    0    |    39   |
|    add   |      j_5_fu_238     |    0    |    0    |    39   |
|          |   add_ln55_fu_244   |    0    |    0    |    37   |
|          |   add_ln19_fu_284   |    0    |    0    |    62   |
|          |   add_ln60_fu_311   |    0    |    0    |    39   |
|----------|---------------------|---------|---------|---------|
|          |   icmp_ln54_fu_125  |    0    |    0    |    18   |
|   icmp   |   icmp_ln55_fu_145  |    0    |    0    |    18   |
|          |   empty_87_fu_188   |    0    |    0    |    18   |
|          |   icmp_ln57_fu_218  |    0    |    0    |    18   |
|----------|---------------------|---------|---------|---------|
|          |   mul_ln58_fu_255   |    2    |    0    |    21   |
|    mul   |       t_fu_264      |    4    |    0    |    21   |
|          |   mul_ln19_fu_272   |    2    |    0    |    21   |
|----------|---------------------|---------|---------|---------|
|    sub   |   sub_ln59_fu_304   |    0    |    0    |    39   |
|----------|---------------------|---------|---------|---------|
|  select  |     start_fu_202    |    0    |    0    |    30   |
|----------|---------------------|---------|---------|---------|
|          |   zext_ln54_fu_117  |    0    |    0    |    0    |
|          |  zext_ln54_2_fu_121 |    0    |    0    |    0    |
|          |   zext_ln55_fu_131  |    0    |    0    |    0    |
|          |   zext_ln56_fu_160  |    0    |    0    |    0    |
|   zext   |  zext_ln54_3_fu_175 |    0    |    0    |    0    |
|          |   zext_ln57_fu_184  |    0    |    0    |    0    |
|          |  zext_ln55_2_fu_210 |    0    |    0    |    0    |
|          |   zext_ln58_fu_228  |    0    |    0    |    0    |
|          |   zext_ln59_fu_233  |    0    |    0    |    0    |
|----------|---------------------|---------|---------|---------|
|          |      tmp_fu_135     |    0    |    0    |    0    |
|partselect|    tmp_25_fu_165    |    0    |    0    |    0    |
|          |   trunc_ln_fu_290   |    0    |    0    |    0    |
|----------|---------------------|---------|---------|---------|
|          |  trunc_ln55_fu_194  |    0    |    0    |    0    |
|   trunc  | trunc_ln55_2_fu_198 |    0    |    0    |    0    |
|          |  trunc_ln18_fu_260  |    0    |    0    |    0    |
|----------|---------------------|---------|---------|---------|
|          |   sext_ln57_fu_214  |    0    |    0    |    0    |
|          |   sext_ln58_fu_252  |    0    |    0    |    0    |
|   sext   |   sext_ln19_fu_269  |    0    |    0    |    0    |
|          |  sext_ln58_1_fu_278 |    0    |    0    |    0    |
|          |  sext_ln19_6_fu_281 |    0    |    0    |    0    |
|          |     t_16_fu_300     |    0    |    0    |    0    |
|----------|---------------------|---------|---------|---------|
|   Total  |                     |    8    |    0    |   497   |
|----------|---------------------|---------|---------|---------|

Memories:
N/A

* Register list:
+-------------------+--------+
|                   |   FF   |
+-------------------+--------+
|  a_addr_3_reg_384 |    8   |
|   a_addr_reg_379  |    8   |
|   a_load_reg_399  |   32   |
|  add_ln55_reg_394 |   31   |
|    j_0_reg_103    |   32   |
|    j_5_reg_389    |   32   |
|      j_reg_91     |   31   |
|    k_3_reg_317    |   32   |
|     k_reg_346     |   32   |
|    len_0_reg_79   |   29   |
|  mul_ln19_reg_419 |   55   |
|  mul_ln58_reg_404 |   54   |
| sext_ln57_reg_371 |   54   |
|    t_16_reg_424   |   32   |
|     t_reg_414     |   32   |
| trunc_ln18_reg_409|   32   |
| zetas_addr_reg_351|    8   |
|zext_ln54_2_reg_329|   31   |
|zext_ln54_3_reg_356|   29   |
| zext_ln54_reg_324 |   32   |
|zext_ln55_2_reg_366|   31   |
| zext_ln55_reg_338 |   32   |
| zext_ln57_reg_361 |   32   |
+-------------------+--------+
|       Total       |   721  |
+-------------------+--------+

* Multiplexer (MUX) list: 
|------------------|------|------|------|--------||---------||---------|
|       Comp       |  Pin | Size |  BW  | S x BW ||  Delay  ||   LUT   |
|------------------|------|------|------|--------||---------||---------|
| grp_access_fu_53 |  p0  |   2  |   8  |   16   ||    9    |
| grp_access_fu_66 |  p0  |   3  |   8  |   24   ||    15   |
| grp_access_fu_66 |  p1  |   2  |  32  |   64   ||    9    |
|   len_0_reg_79   |  p0  |   2  |  29  |   58   ||    9    |
|     j_reg_91     |  p0  |   2  |  31  |   62   ||    9    |
|------------------|------|------|------|--------||---------||---------|
|       Total      |      |      |      |   224  || 6.85175 ||    51   |
|------------------|------|------|------|--------||---------||---------|



* Summary:
+-----------+--------+--------+--------+--------+
|           | DSP48E |  Delay |   FF   |   LUT  |
+-----------+--------+--------+--------+--------+
|  Function |    8   |    -   |    0   |   497  |
|   Memory  |    -   |    -   |    -   |    -   |
|Multiplexer|    -   |    6   |    -   |   51   |
|  Register |    -   |    -   |   721  |    -   |
+-----------+--------+--------+--------+--------+
|   Total   |    8   |    6   |   721  |   548  |
+-----------+--------+--------+--------+--------+
