

================================================================
== Vitis HLS Report for 'keccak_absorb_1_Pipeline_VITIS_LOOP_416_5'
================================================================
* Date:           Fri Mar 10 17:36:15 2023

* Version:        2022.2 (Build 3670227 on Oct 13 2022)
* Project:        crypto_sign
* Solution:       solution1 (Vivado IP Flow Target)
* Product family: artix7
* Target device:  xc7a200t-fbg676-2


================================================================
== Performance Estimates
================================================================
+ Timing: 
    * Summary: 
    +--------+----------+----------+------------+
    |  Clock |  Target  | Estimated| Uncertainty|
    +--------+----------+----------+------------+
    |ap_clk  |  50.00 ns|  6.375 ns|    13.50 ns|
    +--------+----------+----------+------------+

+ Latency: 
    * Summary: 
    +---------+---------+----------+----------+-----+-----+---------+
    |  Latency (cycles) |  Latency (absolute) |  Interval | Pipeline|
    |   min   |   max   |    min   |    max   | min | max |   Type  |
    +---------+---------+----------+----------+-----+-----+---------+
    |        2|       66|  0.100 us|  3.300 us|    2|   66|       no|
    +---------+---------+----------+----------+-----+-----+---------+

    + Detail: 
        * Instance: 
        N/A

        * Loop: 
        +--------------------+---------+---------+----------+-----------+-----------+--------+----------+
        |                    |  Latency (cycles) | Iteration|  Initiation Interval  |  Trip  |          |
        |      Loop Name     |   min   |   max   |  Latency |  achieved |   target  |  Count | Pipelined|
        +--------------------+---------+---------+----------+-----------+-----------+--------+----------+
        |- VITIS_LOOP_416_5  |        0|       64|         5|          4|          1|  0 ~ 16|       yes|
        +--------------------+---------+---------+----------+-----------+-----------+--------+----------+



================================================================
== Utilization Estimates
================================================================
* Summary: 
+-----------------+---------+-----+--------+--------+-----+
|       Name      | BRAM_18K| DSP |   FF   |   LUT  | URAM|
+-----------------+---------+-----+--------+--------+-----+
|DSP              |        -|    -|       -|       -|    -|
|Expression       |        -|    -|       0|     354|    -|
|FIFO             |        -|    -|       -|       -|    -|
|Instance         |        -|    -|       -|       -|    -|
|Memory           |        -|    -|       -|       -|    -|
|Multiplexer      |        -|    -|       -|     126|    -|
|Register         |        -|    -|     272|       -|    -|
+-----------------+---------+-----+--------+--------+-----+
|Total            |        0|    0|     272|     480|    0|
+-----------------+---------+-----+--------+--------+-----+
|Available        |      730|  740|  269200|  134600|    0|
+-----------------+---------+-----+--------+--------+-----+
|Utilization (%)  |        0|    0|      ~0|      ~0|    0|
+-----------------+---------+-----+--------+--------+-----+

+ Detail: 
    * Instance: 
    N/A

    * DSP: 
    N/A

    * Memory: 
    N/A

    * FIFO: 
    N/A

    * Expression: 
    +------------------------+----------+----+---+----+------------+------------+
    |      Variable Name     | Operation| DSP| FF| LUT| Bitwidth P0| Bitwidth P1|
    +------------------------+----------+----+---+----+------------+------------+
    |add_ln31_15_fu_241_p2   |         +|   0|  0|  20|          13|           1|
    |add_ln31_16_fu_281_p2   |         +|   0|  0|  20|          13|           2|
    |add_ln31_17_fu_291_p2   |         +|   0|  0|  20|          13|           2|
    |add_ln31_18_fu_301_p2   |         +|   0|  0|  20|          13|           3|
    |add_ln31_19_fu_311_p2   |         +|   0|  0|  20|          13|           3|
    |add_ln31_20_fu_321_p2   |         +|   0|  0|  20|          13|           3|
    |add_ln31_21_fu_331_p2   |         +|   0|  0|  20|          13|           3|
    |add_ln31_fu_231_p2      |         +|   0|  0|  20|          13|          13|
    |add_ln417_fu_252_p2     |         +|   0|  0|  13|           5|           5|
    |i_65_fu_209_p2          |         +|   0|  0|  13|           5|           1|
    |addr_cmp_fu_265_p2      |      icmp|   0|  0|  29|          64|          64|
    |icmp_ln416_fu_204_p2    |      icmp|   0|  0|   9|           5|           5|
    |reuse_select_fu_358_p3  |    select|   0|  0|  64|           1|          64|
    |ap_enable_pp0           |       xor|   0|  0|   2|           1|           2|
    |s_d0                    |       xor|   0|  0|  64|          64|          64|
    +------------------------+----------+----+---+----+------------+------------+
    |Total                   |          |   0|  0| 354|         249|         235|
    +------------------------+----------+----+---+----+------------+------------+

    * Multiplexer: 
    +-----------------------------+----+-----------+-----+-----------+
    |             Name            | LUT| Input Size| Bits| Total Bits|
    +-----------------------------+----+-----------+-----+-----------+
    |ap_NS_fsm                    |  21|          5|    1|          5|
    |ap_done_int                  |   9|          2|    1|          2|
    |ap_enable_reg_pp0_iter0      |   9|          2|    1|          2|
    |ap_enable_reg_pp0_iter0_reg  |   9|          2|    1|          2|
    |ap_enable_reg_pp0_iter1      |   9|          2|    1|          2|
    |i_36_fu_74                   |   9|          2|    5|         10|
    |reuse_addr_reg_fu_66         |   9|          2|   64|        128|
    |reuse_reg_fu_70              |   9|          2|   64|        128|
    |sm_address0                  |  21|          5|   13|         65|
    |sm_address1                  |  21|          5|   13|         65|
    +-----------------------------+----+-----------+-----+-----------+
    |Total                        | 126|         29|  164|        409|
    +-----------------------------+----+-----------+-----+-----------+

    * Register: 
    +-----------------------------+----+----+-----+-----------+
    |             Name            | FF | LUT| Bits| Const Bits|
    +-----------------------------+----+----+-----+-----------+
    |add_ln31_reg_416             |  13|   0|   13|          0|
    |addr_cmp_reg_442             |   1|   0|    1|          0|
    |ap_CS_fsm                    |   4|   0|    4|          0|
    |ap_done_reg                  |   1|   0|    1|          0|
    |ap_enable_reg_pp0_iter0_reg  |   1|   0|    1|          0|
    |ap_enable_reg_pp0_iter1      |   1|   0|    1|          0|
    |i_36_fu_74                   |   5|   0|    5|          0|
    |icmp_ln416_reg_412           |   1|   0|    1|          0|
    |reuse_addr_reg_fu_66         |  64|   0|   64|          0|
    |reuse_reg_fu_70              |  64|   0|   64|          0|
    |s_addr_reg_436               |   5|   0|    5|          0|
    |s_load_reg_467               |  64|   0|   64|          0|
    |sm_load_1_reg_452            |   8|   0|    8|          0|
    |sm_load_2_reg_472            |   8|   0|    8|          0|
    |sm_load_3_reg_477            |   8|   0|    8|          0|
    |sm_load_4_reg_492            |   8|   0|    8|          0|
    |sm_load_5_reg_497            |   8|   0|    8|          0|
    |sm_load_reg_447              |   8|   0|    8|          0|
    +-----------------------------+----+----+-----+-----------+
    |Total                        | 272|   0|  272|          0|
    +-----------------------------+----+----+-----+-----------+



================================================================
== Interface
================================================================
* Summary: 
+---------------+-----+-----+------------+-------------------------------------------+--------------+
|   RTL Ports   | Dir | Bits|  Protocol  |               Source Object               |    C Type    |
+---------------+-----+-----+------------+-------------------------------------------+--------------+
|ap_clk         |   in|    1|  ap_ctrl_hs|  keccak_absorb.1_Pipeline_VITIS_LOOP_416_5|  return value|
|ap_rst         |   in|    1|  ap_ctrl_hs|  keccak_absorb.1_Pipeline_VITIS_LOOP_416_5|  return value|
|ap_start       |   in|    1|  ap_ctrl_hs|  keccak_absorb.1_Pipeline_VITIS_LOOP_416_5|  return value|
|ap_done        |  out|    1|  ap_ctrl_hs|  keccak_absorb.1_Pipeline_VITIS_LOOP_416_5|  return value|
|ap_idle        |  out|    1|  ap_ctrl_hs|  keccak_absorb.1_Pipeline_VITIS_LOOP_416_5|  return value|
|ap_ready       |  out|    1|  ap_ctrl_hs|  keccak_absorb.1_Pipeline_VITIS_LOOP_416_5|  return value|
|tmp_921        |   in|    5|     ap_none|                                    tmp_921|        scalar|
|add_ln31_3     |   in|   13|     ap_none|                                 add_ln31_3|        scalar|
|sm_address0    |  out|   13|   ap_memory|                                         sm|         array|
|sm_ce0         |  out|    1|   ap_memory|                                         sm|         array|
|sm_q0          |   in|    8|   ap_memory|                                         sm|         array|
|sm_address1    |  out|   13|   ap_memory|                                         sm|         array|
|sm_ce1         |  out|    1|   ap_memory|                                         sm|         array|
|sm_q1          |   in|    8|   ap_memory|                                         sm|         array|
|trunc_ln418_1  |   in|    5|     ap_none|                              trunc_ln418_1|        scalar|
|s_address0     |  out|    5|   ap_memory|                                          s|         array|
|s_ce0          |  out|    1|   ap_memory|                                          s|         array|
|s_we0          |  out|    1|   ap_memory|                                          s|         array|
|s_d0           |  out|   64|   ap_memory|                                          s|         array|
|s_address1     |  out|    5|   ap_memory|                                          s|         array|
|s_ce1          |  out|    1|   ap_memory|                                          s|         array|
|s_q1           |   in|   64|   ap_memory|                                          s|         array|
+---------------+-----+-----+------------+-------------------------------------------+--------------+

