

================================================================
== Vitis HLS Report for 'keccak_absorb_1_Pipeline_VITIS_LOOP_425_7'
================================================================
* Date:           Fri Mar 10 17:36:15 2023

* Version:        2022.2 (Build 3670227 on Oct 13 2022)
* Project:        crypto_sign
* Solution:       solution1 (Vivado IP Flow Target)
* Product family: artix7
* Target device:  xc7a200t-fbg676-2


================================================================
== Performance Estimates
================================================================
+ Timing: 
    * Summary: 
    +--------+----------+----------+------------+
    |  Clock |  Target  | Estimated| Uncertainty|
    +--------+----------+----------+------------+
    |ap_clk  |  50.00 ns|  5.978 ns|    13.50 ns|
    +--------+----------+----------+------------+

+ Latency: 
    * Summary: 
    +---------+---------+----------+----------+-----+-----+---------+
    |  Latency (cycles) |  Latency (absolute) |  Interval | Pipeline|
    |   min   |   max   |    min   |    max   | min | max |   Type  |
    +---------+---------+----------+----------+-----+-----+---------+
    |        ?|        ?|         ?|         ?|    ?|    ?|       no|
    +---------+---------+----------+----------+-----+-----+---------+

    + Detail: 
        * Instance: 
        N/A

        * Loop: 
        +--------------------+---------+---------+----------+-----------+-----------+------+----------+
        |                    |  Latency (cycles) | Iteration|  Initiation Interval  | Trip |          |
        |      Loop Name     |   min   |   max   |  Latency |  achieved |   target  | Count| Pipelined|
        +--------------------+---------+---------+----------+-----------+-----------+------+----------+
        |- VITIS_LOOP_425_7  |        ?|        ?|         2|          1|          1|     ?|       yes|
        +--------------------+---------+---------+----------+-----------+-----------+------+----------+



================================================================
== Utilization Estimates
================================================================
* Summary: 
+-----------------+---------+-----+--------+--------+-----+
|       Name      | BRAM_18K| DSP |   FF   |   LUT  | URAM|
+-----------------+---------+-----+--------+--------+-----+
|DSP              |        -|    -|       -|       -|    -|
|Expression       |        -|    -|       0|      85|    -|
|FIFO             |        -|    -|       -|       -|    -|
|Instance         |        -|    -|       -|       -|    -|
|Memory           |        -|    -|       -|       -|    -|
|Multiplexer      |        -|    -|       -|      36|    -|
|Register         |        -|    -|      67|       -|    -|
+-----------------+---------+-----+--------+--------+-----+
|Total            |        0|    0|      67|     121|    0|
+-----------------+---------+-----+--------+--------+-----+
|Available        |      730|  740|  269200|  134600|    0|
+-----------------+---------+-----+--------+--------+-----+
|Utilization (%)  |        0|    0|      ~0|      ~0|    0|
+-----------------+---------+-----+--------+--------+-----+

+ Detail: 
    * Instance: 
    N/A

    * DSP: 
    N/A

    * Memory: 
    N/A

    * FIFO: 
    N/A

    * Expression: 
    +-----------------------+----------+----+---+----+------------+------------+
    |     Variable Name     | Operation| DSP| FF| LUT| Bitwidth P0| Bitwidth P1|
    +-----------------------+----------+----+---+----+------------+------------+
    |add_ln426_1_fu_129_p2  |         +|   0|  0|  13|          13|          13|
    |add_ln426_fu_123_p2    |         +|   0|  0|  13|          13|          13|
    |i_63_fu_113_p2         |         +|   0|  0|  39|          32|           1|
    |icmp_ln425_fu_107_p2   |      icmp|   0|  0|  18|          33|          33|
    |ap_enable_pp0          |       xor|   0|  0|   2|           1|           2|
    +-----------------------+----------+----+---+----+------------+------------+
    |Total                  |          |   0|  0|  85|          92|          62|
    +-----------------------+----------+----+---+----+------------+------------+

    * Multiplexer: 
    +-------------------------+----+-----------+-----+-----------+
    |           Name          | LUT| Input Size| Bits| Total Bits|
    +-------------------------+----+-----------+-----+-----------+
    |ap_done_int              |   9|          2|    1|          2|
    |ap_enable_reg_pp0_iter1  |   9|          2|    1|          2|
    |ap_sig_allocacmp_i       |   9|          2|   32|         64|
    |i_53_fu_38               |   9|          2|   32|         64|
    +-------------------------+----+-----------+-----+-----------+
    |Total                    |  36|          8|   66|        132|
    +-------------------------+----+-----------+-----+-----------+

    * Register: 
    +-------------------------+----+----+-----+-----------+
    |           Name          | FF | LUT| Bits| Const Bits|
    +-------------------------+----+----+-----+-----------+
    |ap_CS_fsm                |   1|   0|    1|          0|
    |ap_done_reg              |   1|   0|    1|          0|
    |ap_enable_reg_pp0_iter1  |   1|   0|    1|          0|
    |i_53_fu_38               |  32|   0|   32|          0|
    |i_reg_156                |  32|   0|   32|          0|
    +-------------------------+----+----+-----+-----------+
    |Total                    |  67|   0|   67|          0|
    +-------------------------+----+----+-----+-----------+



================================================================
== Interface
================================================================
* Summary: 
+--------------+-----+-----+------------+-------------------------------------------+--------------+
|   RTL Ports  | Dir | Bits|  Protocol  |               Source Object               |    C Type    |
+--------------+-----+-----+------------+-------------------------------------------+--------------+
|ap_clk        |   in|    1|  ap_ctrl_hs|  keccak_absorb.1_Pipeline_VITIS_LOOP_425_7|  return value|
|ap_rst        |   in|    1|  ap_ctrl_hs|  keccak_absorb.1_Pipeline_VITIS_LOOP_425_7|  return value|
|ap_start      |   in|    1|  ap_ctrl_hs|  keccak_absorb.1_Pipeline_VITIS_LOOP_425_7|  return value|
|ap_done       |  out|    1|  ap_ctrl_hs|  keccak_absorb.1_Pipeline_VITIS_LOOP_425_7|  return value|
|ap_idle       |  out|    1|  ap_ctrl_hs|  keccak_absorb.1_Pipeline_VITIS_LOOP_425_7|  return value|
|ap_ready      |  out|    1|  ap_ctrl_hs|  keccak_absorb.1_Pipeline_VITIS_LOOP_425_7|  return value|
|sext_ln384    |   in|    9|     ap_none|                                 sext_ln384|        scalar|
|zext_ln419_2  |   in|    8|     ap_none|                               zext_ln419_2|        scalar|
|add_ln31_3    |   in|   13|     ap_none|                                 add_ln31_3|        scalar|
|sm_address0   |  out|   13|   ap_memory|                                         sm|         array|
|sm_ce0        |  out|    1|   ap_memory|                                         sm|         array|
|sm_q0         |   in|    8|   ap_memory|                                         sm|         array|
|t_address0    |  out|    3|   ap_memory|                                          t|         array|
|t_ce0         |  out|    1|   ap_memory|                                          t|         array|
|t_we0         |  out|    1|   ap_memory|                                          t|         array|
|t_d0          |  out|    8|   ap_memory|                                          t|         array|
+--------------+-----+-----+------------+-------------------------------------------+--------------+

