

================================================================
== Vitis HLS Report for 'pqcrystals_dilithium2_ref_signature_1_Pipeline_VITIS_LOOP_305_1_VITIS_LOOP_180_1_1_1'
================================================================
* Date:           Fri Mar 10 17:36:29 2023

* Version:        2022.2 (Build 3670227 on Oct 13 2022)
* Project:        crypto_sign
* Solution:       solution1 (Vivado IP Flow Target)
* Product family: artix7
* Target device:  xc7a200t-fbg676-2


================================================================
== Performance Estimates
================================================================
+ Timing: 
    * Summary: 
    +--------+----------+-----------+------------+
    |  Clock |  Target  | Estimated | Uncertainty|
    +--------+----------+-----------+------------+
    |ap_clk  |  50.00 ns|  29.182 ns|    13.50 ns|
    +--------+----------+-----------+------------+

+ Latency: 
    * Summary: 
    +---------+---------+-----------+-----------+------+------+---------+
    |  Latency (cycles) |   Latency (absolute)  |   Interval  | Pipeline|
    |   min   |   max   |    min    |    max    |  min |  max |   Type  |
    +---------+---------+-----------+-----------+------+------+---------+
    |     1026|     1026|  51.300 us|  51.300 us|  1026|  1026|       no|
    +---------+---------+-----------+-----------+------+------+---------+

    + Detail: 
        * Instance: 
        N/A

        * Loop: 
        +-------------------------------------+---------+---------+----------+-----------+-----------+------+----------+
        |                                     |  Latency (cycles) | Iteration|  Initiation Interval  | Trip |          |
        |              Loop Name              |   min   |   max   |  Latency |  achieved |   target  | Count| Pipelined|
        +-------------------------------------+---------+---------+----------+-----------+-----------+------+----------+
        |- VITIS_LOOP_305_1_VITIS_LOOP_180_1  |     1024|     1024|         2|          1|          1|  1024|       yes|
        +-------------------------------------+---------+---------+----------+-----------+-----------+------+----------+



================================================================
== Utilization Estimates
================================================================
* Summary: 
+-----------------+---------+-----+--------+--------+-----+
|       Name      | BRAM_18K| DSP |   FF   |   LUT  | URAM|
+-----------------+---------+-----+--------+--------+-----+
|DSP              |        -|    -|       -|       -|    -|
|Expression       |        -|    -|       0|     170|    -|
|FIFO             |        -|    -|       -|       -|    -|
|Instance         |        -|    8|       0|      63|    -|
|Memory           |        -|    -|       -|       -|    -|
|Multiplexer      |        -|    -|       -|      72|    -|
|Register         |        -|    -|      36|       -|    -|
+-----------------+---------+-----+--------+--------+-----+
|Total            |        0|    8|      36|     305|    0|
+-----------------+---------+-----+--------+--------+-----+
|Available        |      730|  740|  269200|  134600|    0|
+-----------------+---------+-----+--------+--------+-----+
|Utilization (%)  |        0|    1|      ~0|      ~0|    0|
+-----------------+---------+-----+--------+--------+-----+

+ Detail: 
    * Instance: 
    +--------------------------+---------------------+---------+----+---+----+-----+
    |         Instance         |        Module       | BRAM_18K| DSP| FF| LUT| URAM|
    +--------------------------+---------------------+---------+----+---+----+-----+
    |mul_32s_24s_55_1_1_U291   |mul_32s_24s_55_1_1   |        0|   2|  0|  21|    0|
    |mul_32s_27ns_32_1_1_U290  |mul_32s_27ns_32_1_1  |        0|   3|  0|  21|    0|
    |mul_32s_32s_64_1_1_U289   |mul_32s_32s_64_1_1   |        0|   3|  0|  21|    0|
    +--------------------------+---------------------+---------+----+---+----+-----+
    |Total                     |                     |        0|   8|  0|  63|    0|
    +--------------------------+---------------------+---------+----+---+----+-----+

    * DSP: 
    N/A

    * Memory: 
    N/A

    * FIFO: 
    N/A

    * Expression: 
    +--------------------------+----------+----+---+----+------------+------------+
    |       Variable Name      | Operation| DSP| FF| LUT| Bitwidth P0| Bitwidth P1|
    +--------------------------+----------+----+---+----+------------+------------+
    |add_ln180_fu_205_p2       |         +|   0|  0|  16|           9|           1|
    |add_ln181_fu_194_p2       |         +|   0|  0|  17|          10|          10|
    |add_ln19_fu_264_p2        |         +|   0|  0|  71|          64|          64|
    |add_ln305_1_fu_133_p2     |         +|   0|  0|  18|          11|           1|
    |add_ln305_fu_145_p2       |         +|   0|  0|  11|           3|           1|
    |icmp_ln180_fu_151_p2      |      icmp|   0|  0|  11|           9|          10|
    |icmp_ln305_fu_127_p2      |      icmp|   0|  0|  12|          11|          12|
    |select_ln305_1_fu_165_p3  |    select|   0|  0|   3|           1|           3|
    |select_ln305_fu_157_p3    |    select|   0|  0|   9|           1|           1|
    |ap_enable_pp0             |       xor|   0|  0|   2|           1|           2|
    +--------------------------+----------+----+---+----+------------+------------+
    |Total                     |          |   0|  0| 170|         120|         105|
    +--------------------------+----------+----+---+----+------------+------------+

    * Multiplexer: 
    +----------------------------------------+----+-----------+-----+-----------+
    |                  Name                  | LUT| Input Size| Bits| Total Bits|
    +----------------------------------------+----+-----------+-----+-----------+
    |ap_done_int                             |   9|          2|    1|          2|
    |ap_enable_reg_pp0_iter1                 |   9|          2|    1|          2|
    |ap_sig_allocacmp_i_15_load              |   9|          2|    3|          6|
    |ap_sig_allocacmp_i_load                 |   9|          2|    9|         18|
    |ap_sig_allocacmp_indvar_flatten83_load  |   9|          2|   11|         22|
    |i_15_fu_62                              |   9|          2|    3|          6|
    |i_fu_58                                 |   9|          2|    9|         18|
    |indvar_flatten83_fu_66                  |   9|          2|   11|         22|
    +----------------------------------------+----+-----------+-----+-----------+
    |Total                                   |  72|         16|   48|         96|
    +----------------------------------------+----+-----------+-----+-----------+

    * Register: 
    +-------------------------+----+----+-----+-----------+
    |           Name          | FF | LUT| Bits| Const Bits|
    +-------------------------+----+----+-----+-----------+
    |ap_CS_fsm                |   1|   0|    1|          0|
    |ap_done_reg              |   1|   0|    1|          0|
    |ap_enable_reg_pp0_iter1  |   1|   0|    1|          0|
    |i_15_fu_62               |   3|   0|    3|          0|
    |i_fu_58                  |   9|   0|    9|          0|
    |indvar_flatten83_fu_66   |  11|   0|   11|          0|
    |zext_ln181_1_reg_305     |  10|   0|   64|         54|
    +-------------------------+----+----+-----+-----------+
    |Total                    |  36|   0|   90|         54|
    +-------------------------+----+----+-----+-----------+



================================================================
== Interface
================================================================
* Summary: 
+------------------------+-----+-----+------------+--------------------------------------------------------------------------------------+--------------+
|        RTL Ports       | Dir | Bits|  Protocol  |                                     Source Object                                    |    C Type    |
+------------------------+-----+-----+------------+--------------------------------------------------------------------------------------+--------------+
|ap_clk                  |   in|    1|  ap_ctrl_hs|  pqcrystals_dilithium2_ref_signature.1_Pipeline_VITIS_LOOP_305_1_VITIS_LOOP_180_1.1.1|  return value|
|ap_rst                  |   in|    1|  ap_ctrl_hs|  pqcrystals_dilithium2_ref_signature.1_Pipeline_VITIS_LOOP_305_1_VITIS_LOOP_180_1.1.1|  return value|
|ap_start                |   in|    1|  ap_ctrl_hs|  pqcrystals_dilithium2_ref_signature.1_Pipeline_VITIS_LOOP_305_1_VITIS_LOOP_180_1.1.1|  return value|
|ap_done                 |  out|    1|  ap_ctrl_hs|  pqcrystals_dilithium2_ref_signature.1_Pipeline_VITIS_LOOP_305_1_VITIS_LOOP_180_1.1.1|  return value|
|ap_idle                 |  out|    1|  ap_ctrl_hs|  pqcrystals_dilithium2_ref_signature.1_Pipeline_VITIS_LOOP_305_1_VITIS_LOOP_180_1.1.1|  return value|
|ap_ready                |  out|    1|  ap_ctrl_hs|  pqcrystals_dilithium2_ref_signature.1_Pipeline_VITIS_LOOP_305_1_VITIS_LOOP_180_1.1.1|  return value|
|s2_vec_coeffs_address0  |  out|   10|   ap_memory|                                                                         s2_vec_coeffs|         array|
|s2_vec_coeffs_ce0       |  out|    1|   ap_memory|                                                                         s2_vec_coeffs|         array|
|s2_vec_coeffs_q0        |   in|   32|   ap_memory|                                                                         s2_vec_coeffs|         array|
|h_vec_coeffs_address0   |  out|   10|   ap_memory|                                                                          h_vec_coeffs|         array|
|h_vec_coeffs_ce0        |  out|    1|   ap_memory|                                                                          h_vec_coeffs|         array|
|h_vec_coeffs_we0        |  out|    1|   ap_memory|                                                                          h_vec_coeffs|         array|
|h_vec_coeffs_d0         |  out|   32|   ap_memory|                                                                          h_vec_coeffs|         array|
|cp_coeffs_address0      |  out|    8|   ap_memory|                                                                             cp_coeffs|         array|
|cp_coeffs_ce0           |  out|    1|   ap_memory|                                                                             cp_coeffs|         array|
|cp_coeffs_q0            |   in|   32|   ap_memory|                                                                             cp_coeffs|         array|
+------------------------+-----+-----+------------+--------------------------------------------------------------------------------------+--------------+

