

================================================================
== Vitis HLS Report for 'pqcrystals_dilithium2_ref_signature_1_Pipeline_VITIS_LOOP_134_4'
================================================================
* Date:           Fri Mar 10 17:36:01 2023

* Version:        2022.2 (Build 3670227 on Oct 13 2022)
* Project:        crypto_sign
* Solution:       solution1 (Vivado IP Flow Target)
* Product family: artix7
* Target device:  xc7a200t-fbg676-2


================================================================
== Performance Estimates
================================================================
+ Timing: 
    * Summary: 
    +--------+----------+----------+------------+
    |  Clock |  Target  | Estimated| Uncertainty|
    +--------+----------+----------+------------+
    |ap_clk  |  50.00 ns|  7.580 ns|    13.50 ns|
    +--------+----------+----------+------------+

+ Latency: 
    * Summary: 
    +---------+---------+-----------+-----------+-----+-----+---------+
    |  Latency (cycles) |   Latency (absolute)  |  Interval | Pipeline|
    |   min   |   max   |    min    |    max    | min | max |   Type  |
    +---------+---------+-----------+-----------+-----+-----+---------+
    |      515|      515|  25.750 us|  25.750 us|  515|  515|       no|
    +---------+---------+-----------+-----------+-----+-----+---------+

    + Detail: 
        * Instance: 
        +------------------------------------------------------+--------------------------------------------+---------+---------+----------+----------+-----+-----+---------+
        |                                                      |                                            |  Latency (cycles) |  Latency (absolute) |  Interval | Pipeline|
        |                       Instance                       |                   Module                   |   min   |   max   |    min   |    max   | min | max |   Type  |
        +------------------------------------------------------+--------------------------------------------+---------+---------+----------+----------+-----+-----+---------+
        |grp_pqcrystals_dilithium2_ref_polyeta_unpack_1_fu_50  |pqcrystals_dilithium2_ref_polyeta_unpack_1  |      128|      128|  6.400 us|  6.400 us|  128|  128|      yes|
        +------------------------------------------------------+--------------------------------------------+---------+---------+----------+----------+-----+-----+---------+

        * Loop: 
        +--------------------+---------+---------+----------+-----------+-----------+------+----------+
        |                    |  Latency (cycles) | Iteration|  Initiation Interval  | Trip |          |
        |      Loop Name     |   min   |   max   |  Latency |  achieved |   target  | Count| Pipelined|
        +--------------------+---------+---------+----------+-----------+-----------+------+----------+
        |- VITIS_LOOP_134_4  |      513|      513|       130|        128|          1|     4|       yes|
        +--------------------+---------+---------+----------+-----------+-----------+------+----------+



================================================================
== Utilization Estimates
================================================================
* Summary: 
+-----------------+---------+-----+--------+--------+-----+
|       Name      | BRAM_18K| DSP |   FF   |   LUT  | URAM|
+-----------------+---------+-----+--------+--------+-----+
|DSP              |        -|    -|       -|       -|    -|
|Expression       |        -|    -|       0|      40|    -|
|FIFO             |        -|    -|       -|       -|    -|
|Instance         |        -|    -|     705|   11329|    -|
|Memory           |        -|    -|       -|       -|    -|
|Multiplexer      |        -|    -|       -|     732|    -|
|Register         |        -|    -|     138|       -|    -|
+-----------------+---------+-----+--------+--------+-----+
|Total            |        0|    0|     843|   12101|    0|
+-----------------+---------+-----+--------+--------+-----+
|Available        |      730|  740|  269200|  134600|    0|
+-----------------+---------+-----+--------+--------+-----+
|Utilization (%)  |        0|    0|      ~0|       8|    0|
+-----------------+---------+-----+--------+--------+-----+

+ Detail: 
    * Instance: 
    +------------------------------------------------------+--------------------------------------------+---------+----+-----+-------+-----+
    |                       Instance                       |                   Module                   | BRAM_18K| DSP|  FF |  LUT  | URAM|
    +------------------------------------------------------+--------------------------------------------+---------+----+-----+-------+-----+
    |grp_pqcrystals_dilithium2_ref_polyeta_unpack_1_fu_50  |pqcrystals_dilithium2_ref_polyeta_unpack_1  |        0|   0|  705|  11329|    0|
    +------------------------------------------------------+--------------------------------------------+---------+----+-----+-------+-----+
    |Total                                                 |                                            |        0|   0|  705|  11329|    0|
    +------------------------------------------------------+--------------------------------------------+---------+----+-----+-------+-----+

    * DSP: 
    N/A

    * Memory: 
    N/A

    * FIFO: 
    N/A

    * Expression: 
    +---------------------+----------+----+---+----+------------+------------+
    |    Variable Name    | Operation| DSP| FF| LUT| Bitwidth P0| Bitwidth P1|
    +---------------------+----------+----+---+----+------------+------------+
    |add_ln134_fu_74_p2   |         +|   0|  0|  11|           3|           1|
    |add_ln135_fu_113_p2  |         +|   0|  0|   9|           9|           7|
    |sub_ln135_fu_107_p2  |         -|   0|  0|   9|           9|           9|
    |icmp_ln134_fu_68_p2  |      icmp|   0|  0|   9|           3|           4|
    |ap_enable_pp0        |       xor|   0|  0|   2|           1|           2|
    +---------------------+----------+----+---+----+------------+------------+
    |Total                |          |   0|  0|  40|          25|          23|
    +---------------------+----------+----+---+----+------------+------------+

    * Multiplexer: 
    +-----------------------------+-----+-----------+-----+-----------+
    |             Name            | LUT | Input Size| Bits| Total Bits|
    +-----------------------------+-----+-----------+-----+-----------+
    |ap_NS_fsm                    |  678|        129|    1|        129|
    |ap_done_int                  |    9|          2|    1|          2|
    |ap_enable_reg_pp0_iter0      |    9|          2|    1|          2|
    |ap_enable_reg_pp0_iter0_reg  |    9|          2|    1|          2|
    |ap_enable_reg_pp0_iter1      |    9|          2|    1|          2|
    |ap_sig_allocacmp_i           |    9|          2|    3|          6|
    |i_3_fu_46                    |    9|          2|    3|          6|
    +-----------------------------+-----+-----------+-----+-----------+
    |Total                        |  732|        141|   11|        149|
    +-----------------------------+-----+-----------+-----+-----------+

    * Register: 
    +-------------------------------------------------------------------+-----+----+-----+-----------+
    |                                Name                               |  FF | LUT| Bits| Const Bits|
    +-------------------------------------------------------------------+-----+----+-----+-----------+
    |ap_CS_fsm                                                          |  128|   0|  128|          0|
    |ap_done_reg                                                        |    1|   0|    1|          0|
    |ap_enable_reg_pp0_iter0_reg                                        |    1|   0|    1|          0|
    |ap_enable_reg_pp0_iter1                                            |    1|   0|    1|          0|
    |empty_83_reg_135                                                   |    2|   0|    2|          0|
    |grp_pqcrystals_dilithium2_ref_polyeta_unpack_1_fu_50_ap_start_reg  |    1|   0|    1|          0|
    |i_3_fu_46                                                          |    3|   0|    3|          0|
    |icmp_ln134_reg_131                                                 |    1|   0|    1|          0|
    +-------------------------------------------------------------------+-----+----+-----+-----------+
    |Total                                                              |  138|   0|  138|          0|
    +-------------------------------------------------------------------+-----+----+-----+-----------+



================================================================
== Interface
================================================================
* Summary: 
+------------------------+-----+-----+------------+-----------------------------------------------------------------+--------------+
|        RTL Ports       | Dir | Bits|  Protocol  |                          Source Object                          |    C Type    |
+------------------------+-----+-----+------------+-----------------------------------------------------------------+--------------+
|ap_clk                  |   in|    1|  ap_ctrl_hs|  pqcrystals_dilithium2_ref_signature.1_Pipeline_VITIS_LOOP_134_4|  return value|
|ap_rst                  |   in|    1|  ap_ctrl_hs|  pqcrystals_dilithium2_ref_signature.1_Pipeline_VITIS_LOOP_134_4|  return value|
|ap_start                |   in|    1|  ap_ctrl_hs|  pqcrystals_dilithium2_ref_signature.1_Pipeline_VITIS_LOOP_134_4|  return value|
|ap_done                 |  out|    1|  ap_ctrl_hs|  pqcrystals_dilithium2_ref_signature.1_Pipeline_VITIS_LOOP_134_4|  return value|
|ap_idle                 |  out|    1|  ap_ctrl_hs|  pqcrystals_dilithium2_ref_signature.1_Pipeline_VITIS_LOOP_134_4|  return value|
|ap_ready                |  out|    1|  ap_ctrl_hs|  pqcrystals_dilithium2_ref_signature.1_Pipeline_VITIS_LOOP_134_4|  return value|
|s1_vec_coeffs_address0  |  out|   10|   ap_memory|                                                    s1_vec_coeffs|         array|
|s1_vec_coeffs_ce0       |  out|    1|   ap_memory|                                                    s1_vec_coeffs|         array|
|s1_vec_coeffs_we0       |  out|    1|   ap_memory|                                                    s1_vec_coeffs|         array|
|s1_vec_coeffs_d0        |  out|   32|   ap_memory|                                                    s1_vec_coeffs|         array|
|s1_vec_coeffs_address1  |  out|   10|   ap_memory|                                                    s1_vec_coeffs|         array|
|s1_vec_coeffs_ce1       |  out|    1|   ap_memory|                                                    s1_vec_coeffs|         array|
|s1_vec_coeffs_we1       |  out|    1|   ap_memory|                                                    s1_vec_coeffs|         array|
|s1_vec_coeffs_d1        |  out|   32|   ap_memory|                                                    s1_vec_coeffs|         array|
|sk_address0             |  out|   12|   ap_memory|                                                               sk|         array|
|sk_ce0                  |  out|    1|   ap_memory|                                                               sk|         array|
|sk_q0                   |   in|    8|   ap_memory|                                                               sk|         array|
|sk_address1             |  out|   12|   ap_memory|                                                               sk|         array|
|sk_ce1                  |  out|    1|   ap_memory|                                                               sk|         array|
|sk_q1                   |   in|    8|   ap_memory|                                                               sk|         array|
+------------------------+-----+-----+------------+-----------------------------------------------------------------+--------------+

